[2025-05-27T00:13:11.100-0600] {local_task_job_runner.py:123} INFO - ::group::Pre task execution logs
[2025-05-27T00:13:11.149-0600] {taskinstance.py:2614} INFO - Dependencies all met for dep_context=non-requeueable deps ti=<TaskInstance: libertyPr_health_score_1.map_nodes scheduled__2025-05-26T06:00:00+00:00 [queued]>
[2025-05-27T00:13:11.173-0600] {taskinstance.py:2614} INFO - Dependencies all met for dep_context=requeueable deps ti=<TaskInstance: libertyPr_health_score_1.map_nodes scheduled__2025-05-26T06:00:00+00:00 [queued]>
[2025-05-27T00:13:11.173-0600] {taskinstance.py:2867} INFO - Starting attempt 1 of 2
[2025-05-27T00:13:11.199-0600] {taskinstance.py:2890} INFO - Executing <Task(PythonOperator): map_nodes> on 2025-05-26 06:00:00+00:00
[2025-05-27T00:13:11.213-0600] {warnings.py:112} WARNING - /home/***/.local/lib/python3.12/site-packages/***/task/task_runner/standard_task_runner.py:70: DeprecationWarning: This process (pid=62441) is multi-threaded, use of fork() may lead to deadlocks in the child.
  pid = os.fork()

[2025-05-27T00:13:11.216-0600] {standard_task_runner.py:72} INFO - Started process 62443 to run task
[2025-05-27T00:13:11.219-0600] {standard_task_runner.py:104} INFO - Running: ['***', 'tasks', 'run', 'libertyPr_health_score_1', 'map_nodes', 'scheduled__2025-05-26T06:00:00+00:00', '--job-id', '100', '--raw', '--subdir', 'DAGS_FOLDER/health_score_lpr.py', '--cfg-path', '/tmp/tmplcaq7k9c']
[2025-05-27T00:13:11.227-0600] {standard_task_runner.py:105} INFO - Job 100: Subtask map_nodes
[2025-05-27T00:13:11.353-0600] {task_command.py:467} INFO - Running <TaskInstance: libertyPr_health_score_1.map_nodes scheduled__2025-05-26T06:00:00+00:00 [running]> on host 439130e6349d
[2025-05-27T00:13:11.513-0600] {taskinstance.py:3134} INFO - Exporting env vars: AIRFLOW_CTX_DAG_OWNER='***' AIRFLOW_CTX_DAG_ID='libertyPr_health_score_1' AIRFLOW_CTX_TASK_ID='map_nodes' AIRFLOW_CTX_EXECUTION_DATE='2025-05-26T06:00:00+00:00' AIRFLOW_CTX_TRY_NUMBER='1' AIRFLOW_CTX_DAG_RUN_ID='scheduled__2025-05-26T06:00:00+00:00'
[2025-05-27T00:13:11.514-0600] {taskinstance.py:732} INFO - ::endgroup::
[2025-05-27T00:13:11.542-0600] {logging_mixin.py:190} INFO - 📍 Loading classified modems and node map...
[2025-05-27T00:13:13.956-0600] {logging_mixin.py:190} INFO - 📦 Modems before mapping: 477004
[2025-05-27T00:13:14.606-0600] {logging_mixin.py:190} INFO - ⚠️ Modems without node mapping: 17
[2025-05-27T00:13:19.260-0600] {logging_mixin.py:190} INFO - ✅ Saved mapped modem data with node assignment to cm_mapped.csv (478351 rows)
[2025-05-27T00:13:19.337-0600] {python.py:240} INFO - Done. Returned value was: None
[2025-05-27T00:13:19.360-0600] {taskinstance.py:341} INFO - ::group::Post task execution logs
[2025-05-27T00:13:19.360-0600] {taskinstance.py:353} INFO - Marking task as SUCCESS. dag_id=libertyPr_health_score_1, task_id=map_nodes, run_id=scheduled__2025-05-26T06:00:00+00:00, execution_date=20250526T060000, start_date=20250527T061311, end_date=20250527T061319
[2025-05-27T00:13:19.461-0600] {local_task_job_runner.py:266} INFO - Task exited with return code 0
[2025-05-27T00:13:19.513-0600] {taskinstance.py:3901} INFO - 1 downstream tasks scheduled from follow-on schedule check
[2025-05-27T00:13:19.515-0600] {local_task_job_runner.py:245} INFO - ::endgroup::
