[2025-05-31T10:52:41.418-0600] {local_task_job_runner.py:123} INFO - ::group::Pre task execution logs
[2025-05-31T10:52:41.463-0600] {taskinstance.py:2614} INFO - Dependencies all met for dep_context=non-requeueable deps ti=<TaskInstance: libertyPr_health_score_1.map_nodes scheduled__2025-05-27T10:00:00+00:00 [queued]>
[2025-05-31T10:52:41.482-0600] {taskinstance.py:2614} INFO - Dependencies all met for dep_context=requeueable deps ti=<TaskInstance: libertyPr_health_score_1.map_nodes scheduled__2025-05-27T10:00:00+00:00 [queued]>
[2025-05-31T10:52:41.483-0600] {taskinstance.py:2867} INFO - Starting attempt 1 of 2
[2025-05-31T10:52:41.503-0600] {taskinstance.py:2890} INFO - Executing <Task(PythonOperator): map_nodes> on 2025-05-27 10:00:00+00:00
[2025-05-31T10:52:41.515-0600] {warnings.py:112} WARNING - /home/***/.local/lib/python3.12/site-packages/***/task/task_runner/standard_task_runner.py:70: DeprecationWarning: This process (pid=2258) is multi-threaded, use of fork() may lead to deadlocks in the child.
  pid = os.fork()

[2025-05-31T10:52:41.517-0600] {standard_task_runner.py:72} INFO - Started process 2260 to run task
[2025-05-31T10:52:41.519-0600] {standard_task_runner.py:104} INFO - Running: ['***', 'tasks', 'run', 'libertyPr_health_score_1', 'map_nodes', 'scheduled__2025-05-27T10:00:00+00:00', '--job-id', '191', '--raw', '--subdir', 'DAGS_FOLDER/health_score_lpr.py', '--cfg-path', '/tmp/tmpvic7iv0i']
[2025-05-31T10:52:41.523-0600] {standard_task_runner.py:105} INFO - Job 191: Subtask map_nodes
[2025-05-31T10:52:41.610-0600] {task_command.py:467} INFO - Running <TaskInstance: libertyPr_health_score_1.map_nodes scheduled__2025-05-27T10:00:00+00:00 [running]> on host 439130e6349d
[2025-05-31T10:52:41.769-0600] {taskinstance.py:3134} INFO - Exporting env vars: AIRFLOW_CTX_DAG_OWNER='***' AIRFLOW_CTX_DAG_ID='libertyPr_health_score_1' AIRFLOW_CTX_TASK_ID='map_nodes' AIRFLOW_CTX_EXECUTION_DATE='2025-05-27T10:00:00+00:00' AIRFLOW_CTX_TRY_NUMBER='1' AIRFLOW_CTX_DAG_RUN_ID='scheduled__2025-05-27T10:00:00+00:00'
[2025-05-31T10:52:41.771-0600] {taskinstance.py:732} INFO - ::endgroup::
[2025-05-31T10:52:41.802-0600] {logging_mixin.py:190} INFO - 📍 Loading classified modems and node map...
[2025-05-31T10:52:44.181-0600] {logging_mixin.py:190} INFO - 📦 Modems before mapping: 476836
[2025-05-31T10:52:44.629-0600] {logging_mixin.py:190} INFO - ⚠️ Modems without node mapping: 18
[2025-05-31T10:52:49.071-0600] {logging_mixin.py:190} INFO - ✅ Saved mapped modem data with node assignment to cm_mapped.csv (478182 rows)
[2025-05-31T10:52:49.130-0600] {python.py:240} INFO - Done. Returned value was: None
[2025-05-31T10:52:49.148-0600] {taskinstance.py:341} INFO - ::group::Post task execution logs
[2025-05-31T10:52:49.148-0600] {taskinstance.py:353} INFO - Marking task as SUCCESS. dag_id=libertyPr_health_score_1, task_id=map_nodes, run_id=scheduled__2025-05-27T10:00:00+00:00, execution_date=20250527T100000, start_date=20250531T165241, end_date=20250531T165249
[2025-05-31T10:52:49.225-0600] {local_task_job_runner.py:266} INFO - Task exited with return code 0
[2025-05-31T10:52:49.273-0600] {taskinstance.py:3901} INFO - 1 downstream tasks scheduled from follow-on schedule check
[2025-05-31T10:52:49.275-0600] {local_task_job_runner.py:245} INFO - ::endgroup::
[2025-05-31T22:42:13.509-0600] {local_task_job_runner.py:123} INFO - ::group::Pre task execution logs
[2025-05-31T22:42:13.557-0600] {taskinstance.py:2614} INFO - Dependencies all met for dep_context=non-requeueable deps ti=<TaskInstance: libertyPr_health_score_1.map_nodes scheduled__2025-05-27T10:00:00+00:00 [queued]>
[2025-05-31T22:42:13.576-0600] {taskinstance.py:2614} INFO - Dependencies all met for dep_context=requeueable deps ti=<TaskInstance: libertyPr_health_score_1.map_nodes scheduled__2025-05-27T10:00:00+00:00 [queued]>
[2025-05-31T22:42:13.577-0600] {taskinstance.py:2867} INFO - Starting attempt 1 of 2
[2025-05-31T22:42:13.601-0600] {taskinstance.py:2890} INFO - Executing <Task(PythonOperator): map_nodes> on 2025-05-27 10:00:00+00:00
[2025-05-31T22:42:13.616-0600] {warnings.py:112} WARNING - /home/***/.local/lib/python3.12/site-packages/***/task/task_runner/standard_task_runner.py:70: DeprecationWarning: This process (pid=11423) is multi-threaded, use of fork() may lead to deadlocks in the child.
  pid = os.fork()

[2025-05-31T22:42:13.619-0600] {standard_task_runner.py:72} INFO - Started process 11425 to run task
[2025-05-31T22:42:13.620-0600] {standard_task_runner.py:104} INFO - Running: ['***', 'tasks', 'run', 'libertyPr_health_score_1', 'map_nodes', 'scheduled__2025-05-27T10:00:00+00:00', '--job-id', '368', '--raw', '--subdir', 'DAGS_FOLDER/health_score_lpr.py', '--cfg-path', '/tmp/tmp5wz62kvs']
[2025-05-31T22:42:13.624-0600] {standard_task_runner.py:105} INFO - Job 368: Subtask map_nodes
[2025-05-31T22:42:13.725-0600] {task_command.py:467} INFO - Running <TaskInstance: libertyPr_health_score_1.map_nodes scheduled__2025-05-27T10:00:00+00:00 [running]> on host 439130e6349d
[2025-05-31T22:42:13.896-0600] {taskinstance.py:3134} INFO - Exporting env vars: AIRFLOW_CTX_DAG_OWNER='***' AIRFLOW_CTX_DAG_ID='libertyPr_health_score_1' AIRFLOW_CTX_TASK_ID='map_nodes' AIRFLOW_CTX_EXECUTION_DATE='2025-05-27T10:00:00+00:00' AIRFLOW_CTX_TRY_NUMBER='1' AIRFLOW_CTX_DAG_RUN_ID='scheduled__2025-05-27T10:00:00+00:00'
[2025-05-31T22:42:13.899-0600] {taskinstance.py:732} INFO - ::endgroup::
[2025-05-31T22:42:13.909-0600] {logging_mixin.py:190} INFO - 📍 Loading classified modems and node map...
[2025-05-31T22:42:16.486-0600] {logging_mixin.py:190} INFO - 📦 Modems before mapping: 476765
[2025-05-31T22:42:16.918-0600] {logging_mixin.py:190} INFO - ⚠️ Modems without node mapping: 19
[2025-05-31T22:42:22.286-0600] {logging_mixin.py:190} INFO - ✅ Saved mapped modem data with node assignment to cm_mapped.csv (478110 rows)
[2025-05-31T22:42:22.350-0600] {python.py:240} INFO - Done. Returned value was: None
[2025-05-31T22:42:22.369-0600] {taskinstance.py:341} INFO - ::group::Post task execution logs
[2025-05-31T22:42:22.370-0600] {taskinstance.py:353} INFO - Marking task as SUCCESS. dag_id=libertyPr_health_score_1, task_id=map_nodes, run_id=scheduled__2025-05-27T10:00:00+00:00, execution_date=20250527T100000, start_date=20250601T044213, end_date=20250601T044222
[2025-05-31T22:42:22.450-0600] {local_task_job_runner.py:266} INFO - Task exited with return code 0
[2025-05-31T22:42:22.499-0600] {taskinstance.py:3901} INFO - 1 downstream tasks scheduled from follow-on schedule check
[2025-05-31T22:42:22.502-0600] {local_task_job_runner.py:245} INFO - ::endgroup::
