[2025-05-27T00:02:12.894-0600] {local_task_job_runner.py:123} INFO - ::group::Pre task execution logs
[2025-05-27T00:02:12.930-0600] {taskinstance.py:2614} INFO - Dependencies all met for dep_context=non-requeueable deps ti=<TaskInstance: libertyPr_health_score_1.filter_duplicates scheduled__2025-05-26T06:00:00+00:00 [queued]>
[2025-05-27T00:02:12.944-0600] {taskinstance.py:2614} INFO - Dependencies all met for dep_context=requeueable deps ti=<TaskInstance: libertyPr_health_score_1.filter_duplicates scheduled__2025-05-26T06:00:00+00:00 [queued]>
[2025-05-27T00:02:12.944-0600] {taskinstance.py:2867} INFO - Starting attempt 1 of 2
[2025-05-27T00:02:12.962-0600] {taskinstance.py:2890} INFO - Executing <Task(PythonOperator): filter_duplicates> on 2025-05-26 06:00:00+00:00
[2025-05-27T00:02:12.972-0600] {warnings.py:112} WARNING - /home/***/.local/lib/python3.12/site-packages/***/task/task_runner/standard_task_runner.py:70: DeprecationWarning: This process (pid=62290) is multi-threaded, use of fork() may lead to deadlocks in the child.
  pid = os.fork()

[2025-05-27T00:02:12.975-0600] {standard_task_runner.py:72} INFO - Started process 62292 to run task
[2025-05-27T00:02:12.977-0600] {standard_task_runner.py:104} INFO - Running: ['***', 'tasks', 'run', 'libertyPr_health_score_1', 'filter_duplicates', 'scheduled__2025-05-26T06:00:00+00:00', '--job-id', '97', '--raw', '--subdir', 'DAGS_FOLDER/health_score_lpr.py', '--cfg-path', '/tmp/tmpmub3fzdc']
[2025-05-27T00:02:12.981-0600] {standard_task_runner.py:105} INFO - Job 97: Subtask filter_duplicates
[2025-05-27T00:02:13.059-0600] {task_command.py:467} INFO - Running <TaskInstance: libertyPr_health_score_1.filter_duplicates scheduled__2025-05-26T06:00:00+00:00 [running]> on host 439130e6349d
[2025-05-27T00:02:13.205-0600] {taskinstance.py:3134} INFO - Exporting env vars: AIRFLOW_CTX_DAG_OWNER='***' AIRFLOW_CTX_DAG_ID='libertyPr_health_score_1' AIRFLOW_CTX_TASK_ID='filter_duplicates' AIRFLOW_CTX_EXECUTION_DATE='2025-05-26T06:00:00+00:00' AIRFLOW_CTX_TRY_NUMBER='1' AIRFLOW_CTX_DAG_RUN_ID='scheduled__2025-05-26T06:00:00+00:00'
[2025-05-27T00:02:13.209-0600] {taskinstance.py:732} INFO - ::endgroup::
[2025-05-27T00:02:19.065-0600] {logging_mixin.py:190} INFO - 📊 Found 476929 unique cable modems after removing cloned.
[2025-05-27T00:02:33.127-0600] {logging_mixin.py:190} INFO - 🧹 Filtered out 179 CM_MACs that appeared more than 8 times.
[2025-05-27T00:02:33.128-0600] {logging_mixin.py:190} INFO - 📝 Remaining records: 1773892
[2025-05-27T00:02:33.273-0600] {python.py:240} INFO - Done. Returned value was: None
[2025-05-27T00:02:33.291-0600] {taskinstance.py:341} INFO - ::group::Post task execution logs
[2025-05-27T00:02:33.292-0600] {taskinstance.py:353} INFO - Marking task as SUCCESS. dag_id=libertyPr_health_score_1, task_id=filter_duplicates, run_id=scheduled__2025-05-26T06:00:00+00:00, execution_date=20250526T060000, start_date=20250527T060212, end_date=20250527T060233
[2025-05-27T00:02:33.375-0600] {local_task_job_runner.py:266} INFO - Task exited with return code 0
[2025-05-27T00:02:33.423-0600] {taskinstance.py:3901} INFO - 1 downstream tasks scheduled from follow-on schedule check
[2025-05-27T00:02:33.425-0600] {local_task_job_runner.py:245} INFO - ::endgroup::
