[2025-05-31T10:26:30.410-0600] {local_task_job_runner.py:123} INFO - ::group::Pre task execution logs
[2025-05-31T10:26:30.453-0600] {taskinstance.py:2614} INFO - Dependencies all met for dep_context=non-requeueable deps ti=<TaskInstance: libertyPr_health_score_1.filter_duplicates scheduled__2025-05-26T10:00:00+00:00 [queued]>
[2025-05-31T10:26:30.469-0600] {taskinstance.py:2614} INFO - Dependencies all met for dep_context=requeueable deps ti=<TaskInstance: libertyPr_health_score_1.filter_duplicates scheduled__2025-05-26T10:00:00+00:00 [queued]>
[2025-05-31T10:26:30.470-0600] {taskinstance.py:2867} INFO - Starting attempt 1 of 2
[2025-05-31T10:26:30.492-0600] {taskinstance.py:2890} INFO - Executing <Task(PythonOperator): filter_duplicates> on 2025-05-26 10:00:00+00:00
[2025-05-31T10:26:30.505-0600] {warnings.py:112} WARNING - /home/***/.local/lib/python3.12/site-packages/***/task/task_runner/standard_task_runner.py:70: DeprecationWarning: This process (pid=1915) is multi-threaded, use of fork() may lead to deadlocks in the child.
  pid = os.fork()

[2025-05-31T10:26:30.508-0600] {standard_task_runner.py:72} INFO - Started process 1917 to run task
[2025-05-31T10:26:30.508-0600] {standard_task_runner.py:104} INFO - Running: ['***', 'tasks', 'run', 'libertyPr_health_score_1', 'filter_duplicates', 'scheduled__2025-05-26T10:00:00+00:00', '--job-id', '181', '--raw', '--subdir', 'DAGS_FOLDER/health_score_lpr.py', '--cfg-path', '/tmp/tmpk4fsyvd1']
[2025-05-31T10:26:30.515-0600] {standard_task_runner.py:105} INFO - Job 181: Subtask filter_duplicates
[2025-05-31T10:26:30.615-0600] {task_command.py:467} INFO - Running <TaskInstance: libertyPr_health_score_1.filter_duplicates scheduled__2025-05-26T10:00:00+00:00 [running]> on host 439130e6349d
[2025-05-31T10:26:30.812-0600] {taskinstance.py:3134} INFO - Exporting env vars: AIRFLOW_CTX_DAG_OWNER='***' AIRFLOW_CTX_DAG_ID='libertyPr_health_score_1' AIRFLOW_CTX_TASK_ID='filter_duplicates' AIRFLOW_CTX_EXECUTION_DATE='2025-05-26T10:00:00+00:00' AIRFLOW_CTX_TRY_NUMBER='1' AIRFLOW_CTX_DAG_RUN_ID='scheduled__2025-05-26T10:00:00+00:00'
[2025-05-31T10:26:30.817-0600] {taskinstance.py:732} INFO - ::endgroup::
[2025-05-31T10:26:37.449-0600] {logging_mixin.py:190} INFO - 📊 Found 476929 unique cable modems after removing cloned.
[2025-05-31T10:26:52.073-0600] {logging_mixin.py:190} INFO - 🧹 Filtered out 179 CM_MACs that appeared more than 8 times.
[2025-05-31T10:26:52.074-0600] {logging_mixin.py:190} INFO - 📝 Remaining records: 1773892
[2025-05-31T10:26:52.237-0600] {python.py:240} INFO - Done. Returned value was: None
[2025-05-31T10:26:52.270-0600] {taskinstance.py:341} INFO - ::group::Post task execution logs
[2025-05-31T10:26:52.270-0600] {taskinstance.py:353} INFO - Marking task as SUCCESS. dag_id=libertyPr_health_score_1, task_id=filter_duplicates, run_id=scheduled__2025-05-26T10:00:00+00:00, execution_date=20250526T100000, start_date=20250531T162630, end_date=20250531T162652
[2025-05-31T10:26:52.382-0600] {local_task_job_runner.py:266} INFO - Task exited with return code 0
[2025-05-31T10:26:52.436-0600] {taskinstance.py:3901} INFO - 1 downstream tasks scheduled from follow-on schedule check
[2025-05-31T10:26:52.452-0600] {local_task_job_runner.py:245} INFO - ::endgroup::
[2025-05-31T22:15:00.301-0600] {local_task_job_runner.py:123} INFO - ::group::Pre task execution logs
[2025-05-31T22:15:00.350-0600] {taskinstance.py:2614} INFO - Dependencies all met for dep_context=non-requeueable deps ti=<TaskInstance: libertyPr_health_score_1.filter_duplicates scheduled__2025-05-26T10:00:00+00:00 [queued]>
[2025-05-31T22:15:00.371-0600] {taskinstance.py:2614} INFO - Dependencies all met for dep_context=requeueable deps ti=<TaskInstance: libertyPr_health_score_1.filter_duplicates scheduled__2025-05-26T10:00:00+00:00 [queued]>
[2025-05-31T22:15:00.372-0600] {taskinstance.py:2867} INFO - Starting attempt 1 of 2
[2025-05-31T22:15:00.401-0600] {taskinstance.py:2890} INFO - Executing <Task(PythonOperator): filter_duplicates> on 2025-05-26 10:00:00+00:00
[2025-05-31T22:15:00.414-0600] {warnings.py:112} WARNING - /home/***/.local/lib/python3.12/site-packages/***/task/task_runner/standard_task_runner.py:70: DeprecationWarning: This process (pid=11076) is multi-threaded, use of fork() may lead to deadlocks in the child.
  pid = os.fork()

[2025-05-31T22:15:00.417-0600] {standard_task_runner.py:72} INFO - Started process 11078 to run task
[2025-05-31T22:15:00.420-0600] {standard_task_runner.py:104} INFO - Running: ['***', 'tasks', 'run', 'libertyPr_health_score_1', 'filter_duplicates', 'scheduled__2025-05-26T10:00:00+00:00', '--job-id', '357', '--raw', '--subdir', 'DAGS_FOLDER/health_score_lpr.py', '--cfg-path', '/tmp/tmphz4db5tp']
[2025-05-31T22:15:00.427-0600] {standard_task_runner.py:105} INFO - Job 357: Subtask filter_duplicates
[2025-05-31T22:15:00.541-0600] {task_command.py:467} INFO - Running <TaskInstance: libertyPr_health_score_1.filter_duplicates scheduled__2025-05-26T10:00:00+00:00 [running]> on host 439130e6349d
[2025-05-31T22:15:00.752-0600] {taskinstance.py:3134} INFO - Exporting env vars: AIRFLOW_CTX_DAG_OWNER='***' AIRFLOW_CTX_DAG_ID='libertyPr_health_score_1' AIRFLOW_CTX_TASK_ID='filter_duplicates' AIRFLOW_CTX_EXECUTION_DATE='2025-05-26T10:00:00+00:00' AIRFLOW_CTX_TRY_NUMBER='1' AIRFLOW_CTX_DAG_RUN_ID='scheduled__2025-05-26T10:00:00+00:00'
[2025-05-31T22:15:00.754-0600] {taskinstance.py:732} INFO - ::endgroup::
[2025-05-31T22:15:07.301-0600] {logging_mixin.py:190} INFO - 📊 Found 476768 unique cable modems after removing cloned.
[2025-05-31T22:15:20.955-0600] {logging_mixin.py:190} INFO - 🧹 Filtered out 185 CM_MACs that appeared more than 8 times.
[2025-05-31T22:15:20.956-0600] {logging_mixin.py:190} INFO - 📝 Remaining records: 1773111
[2025-05-31T22:15:21.090-0600] {python.py:240} INFO - Done. Returned value was: None
[2025-05-31T22:15:21.110-0600] {taskinstance.py:341} INFO - ::group::Post task execution logs
[2025-05-31T22:15:21.111-0600] {taskinstance.py:353} INFO - Marking task as SUCCESS. dag_id=libertyPr_health_score_1, task_id=filter_duplicates, run_id=scheduled__2025-05-26T10:00:00+00:00, execution_date=20250526T100000, start_date=20250601T041500, end_date=20250601T041521
[2025-05-31T22:15:21.188-0600] {local_task_job_runner.py:266} INFO - Task exited with return code 0
[2025-05-31T22:15:21.234-0600] {taskinstance.py:3901} INFO - 1 downstream tasks scheduled from follow-on schedule check
[2025-05-31T22:15:21.236-0600] {local_task_job_runner.py:245} INFO - ::endgroup::
