[2025-05-28T00:02:08.242-0600] {local_task_job_runner.py:123} INFO - ::group::Pre task execution logs
[2025-05-28T00:02:08.280-0600] {taskinstance.py:2614} INFO - Dependencies all met for dep_context=non-requeueable deps ti=<TaskInstance: libertyPr_health_score_1.filter_duplicates scheduled__2025-05-27T06:00:00+00:00 [queued]>
[2025-05-28T00:02:08.296-0600] {taskinstance.py:2614} INFO - Dependencies all met for dep_context=requeueable deps ti=<TaskInstance: libertyPr_health_score_1.filter_duplicates scheduled__2025-05-27T06:00:00+00:00 [queued]>
[2025-05-28T00:02:08.296-0600] {taskinstance.py:2867} INFO - Starting attempt 1 of 2
[2025-05-28T00:02:08.318-0600] {taskinstance.py:2890} INFO - Executing <Task(PythonOperator): filter_duplicates> on 2025-05-27 06:00:00+00:00
[2025-05-28T00:02:08.331-0600] {warnings.py:112} WARNING - /home/***/.local/lib/python3.12/site-packages/***/task/task_runner/standard_task_runner.py:70: DeprecationWarning: This process (pid=79709) is multi-threaded, use of fork() may lead to deadlocks in the child.
  pid = os.fork()

[2025-05-28T00:02:08.333-0600] {standard_task_runner.py:72} INFO - Started process 79711 to run task
[2025-05-28T00:02:08.335-0600] {standard_task_runner.py:104} INFO - Running: ['***', 'tasks', 'run', 'libertyPr_health_score_1', 'filter_duplicates', 'scheduled__2025-05-27T06:00:00+00:00', '--job-id', '104', '--raw', '--subdir', 'DAGS_FOLDER/health_score_lpr.py', '--cfg-path', '/tmp/tmp8cvg4w3x']
[2025-05-28T00:02:08.340-0600] {standard_task_runner.py:105} INFO - Job 104: Subtask filter_duplicates
[2025-05-28T00:02:08.428-0600] {task_command.py:467} INFO - Running <TaskInstance: libertyPr_health_score_1.filter_duplicates scheduled__2025-05-27T06:00:00+00:00 [running]> on host 439130e6349d
[2025-05-28T00:02:08.594-0600] {taskinstance.py:3134} INFO - Exporting env vars: AIRFLOW_CTX_DAG_OWNER='***' AIRFLOW_CTX_DAG_ID='libertyPr_health_score_1' AIRFLOW_CTX_TASK_ID='filter_duplicates' AIRFLOW_CTX_EXECUTION_DATE='2025-05-27T06:00:00+00:00' AIRFLOW_CTX_TRY_NUMBER='1' AIRFLOW_CTX_DAG_RUN_ID='scheduled__2025-05-27T06:00:00+00:00'
[2025-05-28T00:02:08.598-0600] {taskinstance.py:732} INFO - ::endgroup::
[2025-05-28T00:02:15.166-0600] {logging_mixin.py:190} INFO - 📊 Found 476768 unique cable modems after removing cloned.
[2025-05-28T00:02:28.879-0600] {logging_mixin.py:190} INFO - 🧹 Filtered out 185 CM_MACs that appeared more than 8 times.
[2025-05-28T00:02:28.880-0600] {logging_mixin.py:190} INFO - 📝 Remaining records: 1773111
[2025-05-28T00:02:29.028-0600] {python.py:240} INFO - Done. Returned value was: None
[2025-05-28T00:02:29.050-0600] {taskinstance.py:341} INFO - ::group::Post task execution logs
[2025-05-28T00:02:29.051-0600] {taskinstance.py:353} INFO - Marking task as SUCCESS. dag_id=libertyPr_health_score_1, task_id=filter_duplicates, run_id=scheduled__2025-05-27T06:00:00+00:00, execution_date=20250527T060000, start_date=20250528T060208, end_date=20250528T060229
[2025-05-28T00:02:29.147-0600] {local_task_job_runner.py:266} INFO - Task exited with return code 0
[2025-05-28T00:02:29.202-0600] {taskinstance.py:3901} INFO - 1 downstream tasks scheduled from follow-on schedule check
[2025-05-28T00:02:29.204-0600] {local_task_job_runner.py:245} INFO - ::endgroup::
