[2025-05-31T10:41:47.948-0600] {local_task_job_runner.py:123} INFO - ::group::Pre task execution logs
[2025-05-31T10:41:47.996-0600] {taskinstance.py:2614} INFO - Dependencies all met for dep_context=non-requeueable deps ti=<TaskInstance: libertyPr_health_score_1.classify_modems scheduled__2025-05-27T10:00:00+00:00 [queued]>
[2025-05-31T10:41:48.011-0600] {taskinstance.py:2614} INFO - Dependencies all met for dep_context=requeueable deps ti=<TaskInstance: libertyPr_health_score_1.classify_modems scheduled__2025-05-27T10:00:00+00:00 [queued]>
[2025-05-31T10:41:48.011-0600] {taskinstance.py:2867} INFO - Starting attempt 1 of 2
[2025-05-31T10:41:48.031-0600] {taskinstance.py:2890} INFO - Executing <Task(PythonOperator): classify_modems> on 2025-05-27 10:00:00+00:00
[2025-05-31T10:41:48.045-0600] {warnings.py:112} WARNING - /home/***/.local/lib/python3.12/site-packages/***/task/task_runner/standard_task_runner.py:70: DeprecationWarning: This process (pid=2126) is multi-threaded, use of fork() may lead to deadlocks in the child.
  pid = os.fork()

[2025-05-31T10:41:48.048-0600] {standard_task_runner.py:72} INFO - Started process 2128 to run task
[2025-05-31T10:41:48.050-0600] {standard_task_runner.py:104} INFO - Running: ['***', 'tasks', 'run', 'libertyPr_health_score_1', 'classify_modems', 'scheduled__2025-05-27T10:00:00+00:00', '--job-id', '189', '--raw', '--subdir', 'DAGS_FOLDER/health_score_lpr.py', '--cfg-path', '/tmp/tmp9p3jk8bp']
[2025-05-31T10:41:48.055-0600] {standard_task_runner.py:105} INFO - Job 189: Subtask classify_modems
[2025-05-31T10:41:48.166-0600] {task_command.py:467} INFO - Running <TaskInstance: libertyPr_health_score_1.classify_modems scheduled__2025-05-27T10:00:00+00:00 [running]> on host 439130e6349d
[2025-05-31T10:41:48.332-0600] {taskinstance.py:3134} INFO - Exporting env vars: AIRFLOW_CTX_DAG_OWNER='***' AIRFLOW_CTX_DAG_ID='libertyPr_health_score_1' AIRFLOW_CTX_TASK_ID='classify_modems' AIRFLOW_CTX_EXECUTION_DATE='2025-05-27T10:00:00+00:00' AIRFLOW_CTX_TRY_NUMBER='1' AIRFLOW_CTX_DAG_RUN_ID='scheduled__2025-05-27T10:00:00+00:00'
[2025-05-31T10:41:48.333-0600] {taskinstance.py:732} INFO - ::endgroup::
[2025-05-31T10:41:48.362-0600] {logging_mixin.py:190} INFO - 📥 Loading modem and status data...
[2025-05-31T10:41:54.034-0600] {logging_mixin.py:190} INFO - ✅ Loaded modem data: 1773111 rows from /tmp/modem_data.csv
[2025-05-31T10:41:54.035-0600] {logging_mixin.py:190} INFO - ✅ Loaded status data: 477519 rows from /tmp/modem_status.csv
[2025-05-31T10:41:54.542-0600] {logging_mixin.py:190} INFO - 📊 Unique CM_MACs in modem_df: 476768
[2025-05-31T10:41:54.682-0600] {logging_mixin.py:190} INFO - 📊 Unique CM_MACs in status_df: 476970
[2025-05-31T10:41:54.682-0600] {logging_mixin.py:190} INFO - 🧮 Classifying each channel...
[2025-05-31T10:42:40.235-0600] {logging_mixin.py:190} INFO - ✅ Channel classification complete.
[2025-05-31T10:42:40.311-0600] {logging_mixin.py:190} INFO -          CM_MAC       PTIME Channel_Status
0  ACF8CC13D3DD  2025-05-26           Good
1  1835D1AD1023  2025-05-26           Good
2  ACF8CC13D3DD  2025-05-26           Good
3  ACF8CC13D3DD  2025-05-26           Good
4  ACF8CC13D3DD  2025-05-26           Good
[2025-05-31T10:42:40.333-0600] {logging_mixin.py:190} INFO - 📊 Grouping and summarizing modem data...
[2025-05-31T10:52:27.501-0600] {logging_mixin.py:190} INFO - ✅ Grouped modem data shape: (476768, 4)
[2025-05-31T10:52:27.583-0600] {logging_mixin.py:190} INFO - ✅ Summarized modem data (head):
[2025-05-31T10:52:27.602-0600] {logging_mixin.py:190} INFO -          CM_MAC       PTIME  ...              CHANNEL_NAME TX_MAX
0  00015C6CD846  2025-05-26  ...  cable-upstream 3/10/12.0    NaN
1  000711146ABC  2025-05-26  ...  cable-upstream 3/11/12.0    NaN
2  00071117BB95  2025-05-26  ...   cable-upstream 1/2/14.0    NaN
3  00071117BB9A  2025-05-26  ...   cable-upstream 2/11/0.0    NaN
4  00071117BB9F  2025-05-26  ...   cable-upstream 2/1/13.0    NaN

[5 rows x 6 columns]
[2025-05-31T10:52:27.602-0600] {logging_mixin.py:190} INFO - 🔗 Merging modem-level data with status (LEFT join)...
[2025-05-31T10:52:28.798-0600] {logging_mixin.py:190} INFO - ✅ Merged dataset shape: (476836, 19)
[2025-05-31T10:52:28.800-0600] {logging_mixin.py:190} INFO - 📊 Rows with no ONLINE_COUNT after merge: 0
[2025-05-31T10:52:28.800-0600] {logging_mixin.py:190} INFO - 🛠 Applying final classification rules...
[2025-05-31T10:52:28.852-0600] {logging_mixin.py:190} INFO - 📊 Classification summary after status logic:
[2025-05-31T10:52:28.860-0600] {logging_mixin.py:190} INFO - Category
Good        242260
Warning     135440
Critical     93112
Offline       6024
Name: count, dtype: int64
[2025-05-31T10:52:33.474-0600] {logging_mixin.py:190} INFO - 💾 Saved classified modems to /tmp/classified_modems.csv
[2025-05-31T10:52:33.475-0600] {logging_mixin.py:190} INFO - 🔍 Final modem count: 476836 rows
[2025-05-31T10:52:33.760-0600] {python.py:240} INFO - Done. Returned value was: None
[2025-05-31T10:52:33.780-0600] {taskinstance.py:341} INFO - ::group::Post task execution logs
[2025-05-31T10:52:33.780-0600] {taskinstance.py:353} INFO - Marking task as SUCCESS. dag_id=libertyPr_health_score_1, task_id=classify_modems, run_id=scheduled__2025-05-27T10:00:00+00:00, execution_date=20250527T100000, start_date=20250531T164147, end_date=20250531T165233
[2025-05-31T10:52:33.920-0600] {local_task_job_runner.py:266} INFO - Task exited with return code 0
[2025-05-31T10:52:33.972-0600] {taskinstance.py:3901} INFO - 1 downstream tasks scheduled from follow-on schedule check
[2025-05-31T10:52:33.973-0600] {local_task_job_runner.py:245} INFO - ::endgroup::
[2025-05-31T22:30:57.769-0600] {local_task_job_runner.py:123} INFO - ::group::Pre task execution logs
[2025-05-31T22:30:57.808-0600] {taskinstance.py:2614} INFO - Dependencies all met for dep_context=non-requeueable deps ti=<TaskInstance: libertyPr_health_score_1.classify_modems scheduled__2025-05-27T10:00:00+00:00 [queued]>
[2025-05-31T22:30:57.821-0600] {taskinstance.py:2614} INFO - Dependencies all met for dep_context=requeueable deps ti=<TaskInstance: libertyPr_health_score_1.classify_modems scheduled__2025-05-27T10:00:00+00:00 [queued]>
[2025-05-31T22:30:57.821-0600] {taskinstance.py:2867} INFO - Starting attempt 1 of 2
[2025-05-31T22:30:57.842-0600] {taskinstance.py:2890} INFO - Executing <Task(PythonOperator): classify_modems> on 2025-05-27 10:00:00+00:00
[2025-05-31T22:30:57.854-0600] {warnings.py:112} WARNING - /home/***/.local/lib/python3.12/site-packages/***/task/task_runner/standard_task_runner.py:70: DeprecationWarning: This process (pid=11291) is multi-threaded, use of fork() may lead to deadlocks in the child.
  pid = os.fork()

[2025-05-31T22:30:57.856-0600] {standard_task_runner.py:72} INFO - Started process 11293 to run task
[2025-05-31T22:30:57.860-0600] {standard_task_runner.py:104} INFO - Running: ['***', 'tasks', 'run', 'libertyPr_health_score_1', 'classify_modems', 'scheduled__2025-05-27T10:00:00+00:00', '--job-id', '366', '--raw', '--subdir', 'DAGS_FOLDER/health_score_lpr.py', '--cfg-path', '/tmp/tmp0i7c7d0s']
[2025-05-31T22:30:57.864-0600] {standard_task_runner.py:105} INFO - Job 366: Subtask classify_modems
[2025-05-31T22:30:57.955-0600] {task_command.py:467} INFO - Running <TaskInstance: libertyPr_health_score_1.classify_modems scheduled__2025-05-27T10:00:00+00:00 [running]> on host 439130e6349d
[2025-05-31T22:30:58.137-0600] {taskinstance.py:3134} INFO - Exporting env vars: AIRFLOW_CTX_DAG_OWNER='***' AIRFLOW_CTX_DAG_ID='libertyPr_health_score_1' AIRFLOW_CTX_TASK_ID='classify_modems' AIRFLOW_CTX_EXECUTION_DATE='2025-05-27T10:00:00+00:00' AIRFLOW_CTX_TRY_NUMBER='1' AIRFLOW_CTX_DAG_RUN_ID='scheduled__2025-05-27T10:00:00+00:00'
[2025-05-31T22:30:58.139-0600] {taskinstance.py:732} INFO - ::endgroup::
[2025-05-31T22:30:58.143-0600] {logging_mixin.py:190} INFO - 📥 Loading modem and status data...
[2025-05-31T22:31:03.490-0600] {logging_mixin.py:190} INFO - ✅ Loaded modem data: 1773760 rows from /tmp/modem_data.csv
[2025-05-31T22:31:03.491-0600] {logging_mixin.py:190} INFO - ✅ Loaded status data: 477466 rows from /tmp/modem_status.csv
[2025-05-31T22:31:03.980-0600] {logging_mixin.py:190} INFO - 📊 Unique CM_MACs in modem_df: 476695
[2025-05-31T22:31:04.100-0600] {logging_mixin.py:190} INFO - 📊 Unique CM_MACs in status_df: 476898
[2025-05-31T22:31:04.101-0600] {logging_mixin.py:190} INFO - 🧮 Classifying each channel...
[2025-05-31T22:31:51.650-0600] {logging_mixin.py:190} INFO - ✅ Channel classification complete.
[2025-05-31T22:31:51.728-0600] {logging_mixin.py:190} INFO -          CM_MAC       PTIME Channel_Status
0  50A5DC6B3B62  2025-05-27           Good
1  50A5DC6B3B62  2025-05-27           Good
2  50A5DC6B3B62  2025-05-27           Good
3  400D10069E63  2025-05-27           Good
4  1835D12530EB  2025-05-27           Good
[2025-05-31T22:31:51.751-0600] {logging_mixin.py:190} INFO - 📊 Grouping and summarizing modem data...
[2025-05-31T22:41:58.498-0600] {logging_mixin.py:190} INFO - ✅ Grouped modem data shape: (476695, 4)
[2025-05-31T22:41:58.586-0600] {logging_mixin.py:190} INFO - ✅ Summarized modem data (head):
[2025-05-31T22:41:58.606-0600] {logging_mixin.py:190} INFO -          CM_MAC       PTIME  ...              CHANNEL_NAME TX_MAX
0  00015C6CD846  2025-05-27  ...  cable-upstream 3/10/12.0    NaN
1  00071100F727  2025-05-27  ...    cable-upstream 2/6/6.0    NaN
2  00071117BBAE  2025-05-27  ...    cable-upstream 2/9/2.0    NaN
3  00071117BC0D  2025-05-27  ...  cable-upstream 1/11/13.0    NaN
4  00071117CA62  2025-05-27  ...    cable-upstream 3/6/2.0    NaN

[5 rows x 6 columns]
[2025-05-31T22:41:58.607-0600] {logging_mixin.py:190} INFO - 🔗 Merging modem-level data with status (LEFT join)...
[2025-05-31T22:41:59.892-0600] {logging_mixin.py:190} INFO - ✅ Merged dataset shape: (476765, 19)
[2025-05-31T22:41:59.894-0600] {logging_mixin.py:190} INFO - 📊 Rows with no ONLINE_COUNT after merge: 4
[2025-05-31T22:41:59.895-0600] {logging_mixin.py:190} INFO - 🛠 Applying final classification rules...
[2025-05-31T22:41:59.943-0600] {logging_mixin.py:190} INFO - 📊 Classification summary after status logic:
[2025-05-31T22:41:59.951-0600] {logging_mixin.py:190} INFO - Category
Good        239194
Warning     139115
Critical     92704
Offline       5752
Name: count, dtype: int64
[2025-05-31T22:42:05.212-0600] {logging_mixin.py:190} INFO - 💾 Saved classified modems to /tmp/classified_modems.csv
[2025-05-31T22:42:05.213-0600] {logging_mixin.py:190} INFO - 🔍 Final modem count: 476765 rows
[2025-05-31T22:42:05.494-0600] {python.py:240} INFO - Done. Returned value was: None
[2025-05-31T22:42:05.513-0600] {taskinstance.py:341} INFO - ::group::Post task execution logs
[2025-05-31T22:42:05.514-0600] {taskinstance.py:353} INFO - Marking task as SUCCESS. dag_id=libertyPr_health_score_1, task_id=classify_modems, run_id=scheduled__2025-05-27T10:00:00+00:00, execution_date=20250527T100000, start_date=20250601T043057, end_date=20250601T044205
[2025-05-31T22:42:05.666-0600] {local_task_job_runner.py:266} INFO - Task exited with return code 0
[2025-05-31T22:42:05.707-0600] {taskinstance.py:3901} INFO - 1 downstream tasks scheduled from follow-on schedule check
[2025-05-31T22:42:05.709-0600] {local_task_job_runner.py:245} INFO - ::endgroup::
