[2025-05-28T00:02:31.725-0600] {local_task_job_runner.py:123} INFO - ::group::Pre task execution logs
[2025-05-28T00:02:31.770-0600] {taskinstance.py:2614} INFO - Dependencies all met for dep_context=non-requeueable deps ti=<TaskInstance: libertyPr_health_score_1.classify_modems scheduled__2025-05-27T06:00:00+00:00 [queued]>
[2025-05-28T00:02:31.785-0600] {taskinstance.py:2614} INFO - Dependencies all met for dep_context=requeueable deps ti=<TaskInstance: libertyPr_health_score_1.classify_modems scheduled__2025-05-27T06:00:00+00:00 [queued]>
[2025-05-28T00:02:31.786-0600] {taskinstance.py:2867} INFO - Starting attempt 1 of 2
[2025-05-28T00:02:31.809-0600] {taskinstance.py:2890} INFO - Executing <Task(PythonOperator): classify_modems> on 2025-05-27 06:00:00+00:00
[2025-05-28T00:02:31.822-0600] {warnings.py:112} WARNING - /home/***/.local/lib/python3.12/site-packages/***/task/task_runner/standard_task_runner.py:70: DeprecationWarning: This process (pid=79720) is multi-threaded, use of fork() may lead to deadlocks in the child.
  pid = os.fork()

[2025-05-28T00:02:31.824-0600] {standard_task_runner.py:72} INFO - Started process 79722 to run task
[2025-05-28T00:02:31.828-0600] {standard_task_runner.py:104} INFO - Running: ['***', 'tasks', 'run', 'libertyPr_health_score_1', 'classify_modems', 'scheduled__2025-05-27T06:00:00+00:00', '--job-id', '105', '--raw', '--subdir', 'DAGS_FOLDER/health_score_lpr.py', '--cfg-path', '/tmp/tmp3m_ug7nt']
[2025-05-28T00:02:31.834-0600] {standard_task_runner.py:105} INFO - Job 105: Subtask classify_modems
[2025-05-28T00:02:31.924-0600] {task_command.py:467} INFO - Running <TaskInstance: libertyPr_health_score_1.classify_modems scheduled__2025-05-27T06:00:00+00:00 [running]> on host 439130e6349d
[2025-05-28T00:02:32.095-0600] {taskinstance.py:3134} INFO - Exporting env vars: AIRFLOW_CTX_DAG_OWNER='***' AIRFLOW_CTX_DAG_ID='libertyPr_health_score_1' AIRFLOW_CTX_TASK_ID='classify_modems' AIRFLOW_CTX_EXECUTION_DATE='2025-05-27T06:00:00+00:00' AIRFLOW_CTX_TRY_NUMBER='1' AIRFLOW_CTX_DAG_RUN_ID='scheduled__2025-05-27T06:00:00+00:00'
[2025-05-28T00:02:32.097-0600] {taskinstance.py:732} INFO - ::endgroup::
[2025-05-28T00:02:32.126-0600] {logging_mixin.py:190} INFO - 📥 Loading modem and status data...
[2025-05-28T00:02:37.900-0600] {logging_mixin.py:190} INFO - ✅ Loaded modem data: 1773111 rows from /tmp/modem_data.csv
[2025-05-28T00:02:37.901-0600] {logging_mixin.py:190} INFO - ✅ Loaded status data: 477519 rows from /tmp/modem_status.csv
[2025-05-28T00:02:38.389-0600] {logging_mixin.py:190} INFO - 📊 Unique CM_MACs in modem_df: 476768
[2025-05-28T00:02:38.519-0600] {logging_mixin.py:190} INFO - 📊 Unique CM_MACs in status_df: 476970
[2025-05-28T00:02:38.520-0600] {logging_mixin.py:190} INFO - 🧮 Classifying each channel...
[2025-05-28T00:03:22.859-0600] {logging_mixin.py:190} INFO - ✅ Channel classification complete.
[2025-05-28T00:03:22.962-0600] {logging_mixin.py:190} INFO -          CM_MAC       PTIME Channel_Status
0  ACF8CC45EC63  2025-05-26           Good
1  C005C29DEB0B  2025-05-26        Warning
2  E45740B6131C  2025-05-26           Good
3  ACF8CC413C90  2025-05-26           Good
4  DCA633F31909  2025-05-26           Good
[2025-05-28T00:03:22.985-0600] {logging_mixin.py:190} INFO - 📊 Grouping and summarizing modem data...
[2025-05-28T00:12:47.781-0600] {logging_mixin.py:190} INFO - ✅ Grouped modem data shape: (476768, 4)
[2025-05-28T00:12:47.944-0600] {logging_mixin.py:190} INFO - ✅ Summarized modem data (head):
[2025-05-28T00:12:47.976-0600] {logging_mixin.py:190} INFO -          CM_MAC       PTIME  ...              CHANNEL_NAME TX_MAX
0  00015C6CD846  2025-05-26  ...  cable-upstream 3/10/12.0    NaN
1  000711146ABC  2025-05-26  ...  cable-upstream 3/11/12.0    NaN
2  00071117BB95  2025-05-26  ...   cable-upstream 1/2/14.0    NaN
3  00071117BB9A  2025-05-26  ...   cable-upstream 2/11/0.0    NaN
4  00071117BB9F  2025-05-26  ...   cable-upstream 2/1/13.0    NaN

[5 rows x 6 columns]
[2025-05-28T00:12:47.977-0600] {logging_mixin.py:190} INFO - 🔗 Merging modem-level data with status (LEFT join)...
[2025-05-28T00:12:49.865-0600] {logging_mixin.py:190} INFO - ✅ Merged dataset shape: (476836, 19)
[2025-05-28T00:12:49.868-0600] {logging_mixin.py:190} INFO - 📊 Rows with no ONLINE_COUNT after merge: 0
[2025-05-28T00:12:49.868-0600] {logging_mixin.py:190} INFO - 🛠 Applying final classification rules...
[2025-05-28T00:12:49.937-0600] {logging_mixin.py:190} INFO - 📊 Classification summary after status logic:
[2025-05-28T00:12:49.947-0600] {logging_mixin.py:190} INFO - Category
Good        242260
Warning     135440
Critical     93112
Offline       6024
Name: count, dtype: int64
[2025-05-28T00:12:55.647-0600] {logging_mixin.py:190} INFO - 💾 Saved classified modems to /tmp/classified_modems.csv
[2025-05-28T00:12:55.648-0600] {logging_mixin.py:190} INFO - 🔍 Final modem count: 476836 rows
[2025-05-28T00:12:55.942-0600] {python.py:240} INFO - Done. Returned value was: None
[2025-05-28T00:12:55.963-0600] {taskinstance.py:341} INFO - ::group::Post task execution logs
[2025-05-28T00:12:55.964-0600] {taskinstance.py:353} INFO - Marking task as SUCCESS. dag_id=libertyPr_health_score_1, task_id=classify_modems, run_id=scheduled__2025-05-27T06:00:00+00:00, execution_date=20250527T060000, start_date=20250528T060231, end_date=20250528T061255
[2025-05-28T00:12:56.110-0600] {local_task_job_runner.py:266} INFO - Task exited with return code 0
[2025-05-28T00:12:56.154-0600] {taskinstance.py:3901} INFO - 1 downstream tasks scheduled from follow-on schedule check
[2025-05-28T00:12:56.156-0600] {local_task_job_runner.py:245} INFO - ::endgroup::
