[2025-05-31T21:45:14.386-0600] {local_task_job_runner.py:123} INFO - ::group::Pre task execution logs
[2025-05-31T21:45:14.421-0600] {taskinstance.py:2614} INFO - Dependencies all met for dep_context=non-requeueable deps ti=<TaskInstance: libertyPr_health_score_1.log_dates scheduled__2025-05-24T10:00:00+00:00 [queued]>
[2025-05-31T21:45:14.434-0600] {taskinstance.py:2614} INFO - Dependencies all met for dep_context=requeueable deps ti=<TaskInstance: libertyPr_health_score_1.log_dates scheduled__2025-05-24T10:00:00+00:00 [queued]>
[2025-05-31T21:45:14.434-0600] {taskinstance.py:2867} INFO - Starting attempt 1 of 2
[2025-05-31T21:45:14.453-0600] {taskinstance.py:2890} INFO - Executing <Task(PythonOperator): log_dates> on 2025-05-24 10:00:00+00:00
[2025-05-31T21:45:14.464-0600] {warnings.py:112} WARNING - /home/***/.local/lib/python3.12/site-packages/***/task/task_runner/standard_task_runner.py:70: DeprecationWarning: This process (pid=10645) is multi-threaded, use of fork() may lead to deadlocks in the child.
  pid = os.fork()

[2025-05-31T21:45:14.466-0600] {standard_task_runner.py:72} INFO - Started process 10647 to run task
[2025-05-31T21:45:14.467-0600] {standard_task_runner.py:104} INFO - Running: ['***', 'tasks', 'run', 'libertyPr_health_score_1', 'log_dates', 'scheduled__2025-05-24T10:00:00+00:00', '--job-id', '340', '--raw', '--subdir', 'DAGS_FOLDER/health_score_lpr.py', '--cfg-path', '/tmp/tmpo81ex77_']
[2025-05-31T21:45:14.471-0600] {standard_task_runner.py:105} INFO - Job 340: Subtask log_dates
[2025-05-31T21:45:14.548-0600] {task_command.py:467} INFO - Running <TaskInstance: libertyPr_health_score_1.log_dates scheduled__2025-05-24T10:00:00+00:00 [running]> on host 439130e6349d
[2025-05-31T21:45:14.691-0600] {taskinstance.py:3134} INFO - Exporting env vars: AIRFLOW_CTX_DAG_OWNER='***' AIRFLOW_CTX_DAG_ID='libertyPr_health_score_1' AIRFLOW_CTX_TASK_ID='log_dates' AIRFLOW_CTX_EXECUTION_DATE='2025-05-24T10:00:00+00:00' AIRFLOW_CTX_TRY_NUMBER='1' AIRFLOW_CTX_DAG_RUN_ID='scheduled__2025-05-24T10:00:00+00:00'
[2025-05-31T21:45:14.693-0600] {taskinstance.py:732} INFO - ::endgroup::
[2025-05-31T21:45:14.698-0600] {logging_mixin.py:190} INFO - 🧠 --- Airflow DAG Execution Context ---
[2025-05-31T21:45:14.698-0600] {logging_mixin.py:190} INFO - 🕒 execution_date:      2025-05-24 10:00:00+00:00 (Airflow 'logical' date)
[2025-05-31T21:45:14.699-0600] {logging_mixin.py:190} INFO - 📆 data_interval_start: 2025-05-24 10:00:00+00:00
[2025-05-31T21:45:14.699-0600] {logging_mixin.py:190} INFO - 📆 data_interval_end:   2025-05-25 10:00:00+00:00
[2025-05-31T21:45:14.699-0600] {logging_mixin.py:190} INFO - 🔁 logical_date:        2025-05-24 10:00:00+00:00
[2025-05-31T21:45:14.700-0600] {logging_mixin.py:190} INFO - ⏱  current_time:        2025-05-31 21:45:14.697806
[2025-05-31T21:45:14.700-0600] {logging_mixin.py:190} INFO - 📌 PTIME (used in SQL): 2025-05-24
[2025-05-31T21:45:14.700-0600] {logging_mixin.py:190} INFO - ✅ -------------------------------------
[2025-05-31T21:45:14.701-0600] {python.py:240} INFO - Done. Returned value was: None
[2025-05-31T21:45:14.719-0600] {taskinstance.py:341} INFO - ::group::Post task execution logs
[2025-05-31T21:45:14.719-0600] {taskinstance.py:353} INFO - Marking task as SUCCESS. dag_id=libertyPr_health_score_1, task_id=log_dates, run_id=scheduled__2025-05-24T10:00:00+00:00, execution_date=20250524T100000, start_date=20250601T034514, end_date=20250601T034514
[2025-05-31T21:45:14.802-0600] {local_task_job_runner.py:266} INFO - Task exited with return code 0
[2025-05-31T21:45:14.844-0600] {taskinstance.py:3901} INFO - 1 downstream tasks scheduled from follow-on schedule check
[2025-05-31T21:45:14.846-0600] {local_task_job_runner.py:245} INFO - ::endgroup::
