[2025-05-31T10:52:51.660-0600] {local_task_job_runner.py:123} INFO - ::group::Pre task execution logs
[2025-05-31T10:52:51.696-0600] {taskinstance.py:2614} INFO - Dependencies all met for dep_context=non-requeueable deps ti=<TaskInstance: libertyPr_health_score_1.rank_nodes scheduled__2025-05-27T10:00:00+00:00 [queued]>
[2025-05-31T10:52:51.709-0600] {taskinstance.py:2614} INFO - Dependencies all met for dep_context=requeueable deps ti=<TaskInstance: libertyPr_health_score_1.rank_nodes scheduled__2025-05-27T10:00:00+00:00 [queued]>
[2025-05-31T10:52:51.710-0600] {taskinstance.py:2867} INFO - Starting attempt 1 of 2
[2025-05-31T10:52:51.729-0600] {taskinstance.py:2890} INFO - Executing <Task(PythonOperator): rank_nodes> on 2025-05-27 10:00:00+00:00
[2025-05-31T10:52:51.741-0600] {warnings.py:112} WARNING - /home/***/.local/lib/python3.12/site-packages/***/task/task_runner/standard_task_runner.py:70: DeprecationWarning: This process (pid=2262) is multi-threaded, use of fork() may lead to deadlocks in the child.
  pid = os.fork()

[2025-05-31T10:52:51.743-0600] {standard_task_runner.py:72} INFO - Started process 2271 to run task
[2025-05-31T10:52:51.745-0600] {standard_task_runner.py:104} INFO - Running: ['***', 'tasks', 'run', 'libertyPr_health_score_1', 'rank_nodes', 'scheduled__2025-05-27T10:00:00+00:00', '--job-id', '192', '--raw', '--subdir', 'DAGS_FOLDER/health_score_lpr.py', '--cfg-path', '/tmp/tmpdxo0w9p5']
[2025-05-31T10:52:51.749-0600] {standard_task_runner.py:105} INFO - Job 192: Subtask rank_nodes
[2025-05-31T10:52:51.844-0600] {task_command.py:467} INFO - Running <TaskInstance: libertyPr_health_score_1.rank_nodes scheduled__2025-05-27T10:00:00+00:00 [running]> on host 439130e6349d
[2025-05-31T10:52:51.987-0600] {taskinstance.py:3134} INFO - Exporting env vars: AIRFLOW_CTX_DAG_OWNER='***' AIRFLOW_CTX_DAG_ID='libertyPr_health_score_1' AIRFLOW_CTX_TASK_ID='rank_nodes' AIRFLOW_CTX_EXECUTION_DATE='2025-05-27T10:00:00+00:00' AIRFLOW_CTX_TRY_NUMBER='1' AIRFLOW_CTX_DAG_RUN_ID='scheduled__2025-05-27T10:00:00+00:00'
[2025-05-31T10:52:51.988-0600] {taskinstance.py:732} INFO - ::endgroup::
[2025-05-31T10:53:53.878-0600] {logging_mixin.py:190} INFO - 📊 Ranked 3607 nodes and saved results to node_ranking_results.csv.
[2025-05-31T10:53:53.923-0600] {python.py:240} INFO - Done. Returned value was: None
[2025-05-31T10:53:53.945-0600] {taskinstance.py:341} INFO - ::group::Post task execution logs
[2025-05-31T10:53:53.946-0600] {taskinstance.py:353} INFO - Marking task as SUCCESS. dag_id=libertyPr_health_score_1, task_id=rank_nodes, run_id=scheduled__2025-05-27T10:00:00+00:00, execution_date=20250527T100000, start_date=20250531T165251, end_date=20250531T165353
[2025-05-31T10:53:54.060-0600] {local_task_job_runner.py:266} INFO - Task exited with return code 0
[2025-05-31T10:53:54.100-0600] {taskinstance.py:3901} INFO - 1 downstream tasks scheduled from follow-on schedule check
[2025-05-31T10:53:54.102-0600] {local_task_job_runner.py:245} INFO - ::endgroup::
[2025-05-31T22:42:25.119-0600] {local_task_job_runner.py:123} INFO - ::group::Pre task execution logs
[2025-05-31T22:42:25.160-0600] {taskinstance.py:2614} INFO - Dependencies all met for dep_context=non-requeueable deps ti=<TaskInstance: libertyPr_health_score_1.rank_nodes scheduled__2025-05-27T10:00:00+00:00 [queued]>
[2025-05-31T22:42:25.174-0600] {taskinstance.py:2614} INFO - Dependencies all met for dep_context=requeueable deps ti=<TaskInstance: libertyPr_health_score_1.rank_nodes scheduled__2025-05-27T10:00:00+00:00 [queued]>
[2025-05-31T22:42:25.174-0600] {taskinstance.py:2867} INFO - Starting attempt 1 of 2
[2025-05-31T22:42:25.204-0600] {taskinstance.py:2890} INFO - Executing <Task(PythonOperator): rank_nodes> on 2025-05-27 10:00:00+00:00
[2025-05-31T22:42:25.215-0600] {warnings.py:112} WARNING - /home/***/.local/lib/python3.12/site-packages/***/task/task_runner/standard_task_runner.py:70: DeprecationWarning: This process (pid=11434) is multi-threaded, use of fork() may lead to deadlocks in the child.
  pid = os.fork()

[2025-05-31T22:42:25.219-0600] {standard_task_runner.py:72} INFO - Started process 11436 to run task
[2025-05-31T22:42:25.233-0600] {standard_task_runner.py:104} INFO - Running: ['***', 'tasks', 'run', 'libertyPr_health_score_1', 'rank_nodes', 'scheduled__2025-05-27T10:00:00+00:00', '--job-id', '369', '--raw', '--subdir', 'DAGS_FOLDER/health_score_lpr.py', '--cfg-path', '/tmp/tmptf6tdn46']
[2025-05-31T22:42:25.238-0600] {standard_task_runner.py:105} INFO - Job 369: Subtask rank_nodes
[2025-05-31T22:42:25.337-0600] {task_command.py:467} INFO - Running <TaskInstance: libertyPr_health_score_1.rank_nodes scheduled__2025-05-27T10:00:00+00:00 [running]> on host 439130e6349d
[2025-05-31T22:42:25.508-0600] {taskinstance.py:3134} INFO - Exporting env vars: AIRFLOW_CTX_DAG_OWNER='***' AIRFLOW_CTX_DAG_ID='libertyPr_health_score_1' AIRFLOW_CTX_TASK_ID='rank_nodes' AIRFLOW_CTX_EXECUTION_DATE='2025-05-27T10:00:00+00:00' AIRFLOW_CTX_TRY_NUMBER='1' AIRFLOW_CTX_DAG_RUN_ID='scheduled__2025-05-27T10:00:00+00:00'
[2025-05-31T22:42:25.510-0600] {taskinstance.py:732} INFO - ::endgroup::
[2025-05-31T22:43:28.486-0600] {logging_mixin.py:190} INFO - 📊 Ranked 3608 nodes and saved results to node_ranking_results.csv.
[2025-05-31T22:43:28.524-0600] {python.py:240} INFO - Done. Returned value was: None
[2025-05-31T22:43:28.542-0600] {taskinstance.py:341} INFO - ::group::Post task execution logs
[2025-05-31T22:43:28.542-0600] {taskinstance.py:353} INFO - Marking task as SUCCESS. dag_id=libertyPr_health_score_1, task_id=rank_nodes, run_id=scheduled__2025-05-27T10:00:00+00:00, execution_date=20250527T100000, start_date=20250601T044225, end_date=20250601T044328
[2025-05-31T22:43:28.669-0600] {local_task_job_runner.py:266} INFO - Task exited with return code 0
[2025-05-31T22:43:28.696-0600] {taskinstance.py:3901} INFO - 0 downstream tasks scheduled from follow-on schedule check
[2025-05-31T22:43:28.698-0600] {local_task_job_runner.py:245} INFO - ::endgroup::
