[2025-05-31T10:22:45.142-0600] {local_task_job_runner.py:123} INFO - ::group::Pre task execution logs
[2025-05-31T10:22:45.181-0600] {taskinstance.py:2614} INFO - Dependencies all met for dep_context=non-requeueable deps ti=<TaskInstance: libertyPr_health_score_1.verify_node_consistency scheduled__2025-05-25T10:00:00+00:00 [queued]>
[2025-05-31T10:22:45.194-0600] {taskinstance.py:2614} INFO - Dependencies all met for dep_context=requeueable deps ti=<TaskInstance: libertyPr_health_score_1.verify_node_consistency scheduled__2025-05-25T10:00:00+00:00 [queued]>
[2025-05-31T10:22:45.195-0600] {taskinstance.py:2867} INFO - Starting attempt 1 of 2
[2025-05-31T10:22:45.214-0600] {taskinstance.py:2890} INFO - Executing <Task(PythonOperator): verify_node_consistency> on 2025-05-25 10:00:00+00:00
[2025-05-31T10:22:45.226-0600] {warnings.py:112} WARNING - /home/***/.local/lib/python3.12/site-packages/***/task/task_runner/standard_task_runner.py:70: DeprecationWarning: This process (pid=1851) is multi-threaded, use of fork() may lead to deadlocks in the child.
  pid = os.fork()

[2025-05-31T10:22:45.229-0600] {standard_task_runner.py:72} INFO - Started process 1853 to run task
[2025-05-31T10:22:45.231-0600] {standard_task_runner.py:104} INFO - Running: ['***', 'tasks', 'run', 'libertyPr_health_score_1', 'verify_node_consistency', 'scheduled__2025-05-25T10:00:00+00:00', '--job-id', '176', '--raw', '--subdir', 'DAGS_FOLDER/health_score_lpr.py', '--cfg-path', '/tmp/tmp587u4raw']
[2025-05-31T10:22:45.237-0600] {standard_task_runner.py:105} INFO - Job 176: Subtask verify_node_consistency
[2025-05-31T10:22:45.326-0600] {task_command.py:467} INFO - Running <TaskInstance: libertyPr_health_score_1.verify_node_consistency scheduled__2025-05-25T10:00:00+00:00 [running]> on host 439130e6349d
[2025-05-31T10:22:45.520-0600] {taskinstance.py:3134} INFO - Exporting env vars: AIRFLOW_CTX_DAG_OWNER='***' AIRFLOW_CTX_DAG_ID='libertyPr_health_score_1' AIRFLOW_CTX_TASK_ID='verify_node_consistency' AIRFLOW_CTX_EXECUTION_DATE='2025-05-25T10:00:00+00:00' AIRFLOW_CTX_TRY_NUMBER='1' AIRFLOW_CTX_DAG_RUN_ID='scheduled__2025-05-25T10:00:00+00:00'
[2025-05-31T10:22:45.522-0600] {taskinstance.py:732} INFO - ::endgroup::
[2025-05-31T10:22:46.866-0600] {logging_mixin.py:190} INFO - data set cleaned
[2025-05-31T10:22:47.256-0600] {logging_mixin.py:190} INFO - ❌ Found inconsistent FIBER_NODEs.
[2025-05-31T10:22:47.266-0600] {logging_mixin.py:190} INFO -      FIBER_NODE  Unique_CMTS_IDs  Unique_Channel_Sets
1442     HG3506                2                    2
1446     HG3510                2                    2
2456    LL7002A                2                    2
2457    LL7002B                2                    2
[2025-05-31T10:22:47.286-0600] {python.py:240} INFO - Done. Returned value was: None
[2025-05-31T10:22:47.304-0600] {taskinstance.py:341} INFO - ::group::Post task execution logs
[2025-05-31T10:22:47.305-0600] {taskinstance.py:353} INFO - Marking task as SUCCESS. dag_id=libertyPr_health_score_1, task_id=verify_node_consistency, run_id=scheduled__2025-05-25T10:00:00+00:00, execution_date=20250525T100000, start_date=20250531T162245, end_date=20250531T162247
[2025-05-31T10:22:47.383-0600] {local_task_job_runner.py:266} INFO - Task exited with return code 0
[2025-05-31T10:22:47.430-0600] {taskinstance.py:3901} INFO - 1 downstream tasks scheduled from follow-on schedule check
[2025-05-31T10:22:47.431-0600] {local_task_job_runner.py:245} INFO - ::endgroup::
[2025-05-31T22:11:08.786-0600] {local_task_job_runner.py:123} INFO - ::group::Pre task execution logs
[2025-05-31T22:11:08.824-0600] {taskinstance.py:2614} INFO - Dependencies all met for dep_context=non-requeueable deps ti=<TaskInstance: libertyPr_health_score_1.verify_node_consistency scheduled__2025-05-25T10:00:00+00:00 [queued]>
[2025-05-31T22:11:08.838-0600] {taskinstance.py:2614} INFO - Dependencies all met for dep_context=requeueable deps ti=<TaskInstance: libertyPr_health_score_1.verify_node_consistency scheduled__2025-05-25T10:00:00+00:00 [queued]>
[2025-05-31T22:11:08.838-0600] {taskinstance.py:2867} INFO - Starting attempt 1 of 2
[2025-05-31T22:11:08.858-0600] {taskinstance.py:2890} INFO - Executing <Task(PythonOperator): verify_node_consistency> on 2025-05-25 10:00:00+00:00
[2025-05-31T22:11:08.871-0600] {warnings.py:112} WARNING - /home/***/.local/lib/python3.12/site-packages/***/task/task_runner/standard_task_runner.py:70: DeprecationWarning: This process (pid=11002) is multi-threaded, use of fork() may lead to deadlocks in the child.
  pid = os.fork()

[2025-05-31T22:11:08.873-0600] {standard_task_runner.py:72} INFO - Started process 11004 to run task
[2025-05-31T22:11:08.874-0600] {standard_task_runner.py:104} INFO - Running: ['***', 'tasks', 'run', 'libertyPr_health_score_1', 'verify_node_consistency', 'scheduled__2025-05-25T10:00:00+00:00', '--job-id', '351', '--raw', '--subdir', 'DAGS_FOLDER/health_score_lpr.py', '--cfg-path', '/tmp/tmph49qo8hz']
[2025-05-31T22:11:08.878-0600] {standard_task_runner.py:105} INFO - Job 351: Subtask verify_node_consistency
[2025-05-31T22:11:08.954-0600] {task_command.py:467} INFO - Running <TaskInstance: libertyPr_health_score_1.verify_node_consistency scheduled__2025-05-25T10:00:00+00:00 [running]> on host 439130e6349d
[2025-05-31T22:11:09.101-0600] {taskinstance.py:3134} INFO - Exporting env vars: AIRFLOW_CTX_DAG_OWNER='***' AIRFLOW_CTX_DAG_ID='libertyPr_health_score_1' AIRFLOW_CTX_TASK_ID='verify_node_consistency' AIRFLOW_CTX_EXECUTION_DATE='2025-05-25T10:00:00+00:00' AIRFLOW_CTX_TRY_NUMBER='1' AIRFLOW_CTX_DAG_RUN_ID='scheduled__2025-05-25T10:00:00+00:00'
[2025-05-31T22:11:09.103-0600] {taskinstance.py:732} INFO - ::endgroup::
[2025-05-31T22:11:10.338-0600] {logging_mixin.py:190} INFO - data set cleaned
[2025-05-31T22:11:10.728-0600] {logging_mixin.py:190} INFO - ❌ Found inconsistent FIBER_NODEs.
[2025-05-31T22:11:10.739-0600] {logging_mixin.py:190} INFO -      FIBER_NODE  Unique_CMTS_IDs  Unique_Channel_Sets
1442     HG3506                2                    2
1446     HG3510                2                    2
2456    LL7002A                2                    2
2457    LL7002B                2                    2
[2025-05-31T22:11:10.757-0600] {python.py:240} INFO - Done. Returned value was: None
[2025-05-31T22:11:10.778-0600] {taskinstance.py:341} INFO - ::group::Post task execution logs
[2025-05-31T22:11:10.778-0600] {taskinstance.py:353} INFO - Marking task as SUCCESS. dag_id=libertyPr_health_score_1, task_id=verify_node_consistency, run_id=scheduled__2025-05-25T10:00:00+00:00, execution_date=20250525T100000, start_date=20250601T041108, end_date=20250601T041110
[2025-05-31T22:11:10.859-0600] {local_task_job_runner.py:266} INFO - Task exited with return code 0
[2025-05-31T22:11:10.911-0600] {taskinstance.py:3901} INFO - 0 downstream tasks scheduled from follow-on schedule check
[2025-05-31T22:11:10.915-0600] {local_task_job_runner.py:245} INFO - ::endgroup::
