[2025-05-31T10:56:36.508-0600] {local_task_job_runner.py:123} INFO - ::group::Pre task execution logs
[2025-05-31T10:56:36.553-0600] {taskinstance.py:2614} INFO - Dependencies all met for dep_context=non-requeueable deps ti=<TaskInstance: libertyPr_health_score_1.classify_modems scheduled__2025-05-28T10:00:00+00:00 [queued]>
[2025-05-31T10:56:36.568-0600] {taskinstance.py:2614} INFO - Dependencies all met for dep_context=requeueable deps ti=<TaskInstance: libertyPr_health_score_1.classify_modems scheduled__2025-05-28T10:00:00+00:00 [queued]>
[2025-05-31T10:56:36.569-0600] {taskinstance.py:2867} INFO - Starting attempt 1 of 2
[2025-05-31T10:56:36.598-0600] {taskinstance.py:2890} INFO - Executing <Task(PythonOperator): classify_modems> on 2025-05-28 10:00:00+00:00
[2025-05-31T10:56:36.613-0600] {warnings.py:112} WARNING - /home/***/.local/lib/python3.12/site-packages/***/task/task_runner/standard_task_runner.py:70: DeprecationWarning: This process (pid=2327) is multi-threaded, use of fork() may lead to deadlocks in the child.
  pid = os.fork()

[2025-05-31T10:56:36.616-0600] {standard_task_runner.py:72} INFO - Started process 2329 to run task
[2025-05-31T10:56:36.617-0600] {standard_task_runner.py:104} INFO - Running: ['***', 'tasks', 'run', 'libertyPr_health_score_1', 'classify_modems', 'scheduled__2025-05-28T10:00:00+00:00', '--job-id', '196', '--raw', '--subdir', 'DAGS_FOLDER/health_score_lpr.py', '--cfg-path', '/tmp/tmpfbyiuemi']
[2025-05-31T10:56:36.622-0600] {standard_task_runner.py:105} INFO - Job 196: Subtask classify_modems
[2025-05-31T10:56:36.714-0600] {task_command.py:467} INFO - Running <TaskInstance: libertyPr_health_score_1.classify_modems scheduled__2025-05-28T10:00:00+00:00 [running]> on host 439130e6349d
[2025-05-31T10:56:36.905-0600] {taskinstance.py:3134} INFO - Exporting env vars: AIRFLOW_CTX_DAG_OWNER='***' AIRFLOW_CTX_DAG_ID='libertyPr_health_score_1' AIRFLOW_CTX_TASK_ID='classify_modems' AIRFLOW_CTX_EXECUTION_DATE='2025-05-28T10:00:00+00:00' AIRFLOW_CTX_TRY_NUMBER='1' AIRFLOW_CTX_DAG_RUN_ID='scheduled__2025-05-28T10:00:00+00:00'
[2025-05-31T10:56:36.907-0600] {taskinstance.py:732} INFO - ::endgroup::
[2025-05-31T10:56:36.933-0600] {logging_mixin.py:190} INFO - 📥 Loading modem and status data...
[2025-05-31T10:56:42.780-0600] {logging_mixin.py:190} INFO - ✅ Loaded modem data: 1773760 rows from /tmp/modem_data.csv
[2025-05-31T10:56:42.781-0600] {logging_mixin.py:190} INFO - ✅ Loaded status data: 477466 rows from /tmp/modem_status.csv
[2025-05-31T10:56:43.260-0600] {logging_mixin.py:190} INFO - 📊 Unique CM_MACs in modem_df: 476695
[2025-05-31T10:56:43.383-0600] {logging_mixin.py:190} INFO - 📊 Unique CM_MACs in status_df: 476898
[2025-05-31T10:56:43.384-0600] {logging_mixin.py:190} INFO - 🧮 Classifying each channel...
[2025-05-31T10:57:26.446-0600] {logging_mixin.py:190} INFO - ✅ Channel classification complete.
[2025-05-31T10:57:26.528-0600] {logging_mixin.py:190} INFO -          CM_MAC       PTIME Channel_Status
0  001DD3222982  2025-05-27           Good
1  F0F2499FBCF0  2025-05-27           Good
2  001DD3222982  2025-05-27           Good
3  001DD3222982  2025-05-27           Good
4  F0F2499FBCF0  2025-05-27           Good
[2025-05-31T10:57:26.553-0600] {logging_mixin.py:190} INFO - 📊 Grouping and summarizing modem data...
[2025-05-31T11:07:19.140-0600] {logging_mixin.py:190} INFO - ✅ Grouped modem data shape: (476695, 4)
[2025-05-31T11:07:19.242-0600] {logging_mixin.py:190} INFO - ✅ Summarized modem data (head):
[2025-05-31T11:07:19.281-0600] {logging_mixin.py:190} INFO -          CM_MAC       PTIME  ...              CHANNEL_NAME TX_MAX
0  00015C6CD846  2025-05-27  ...  cable-upstream 3/10/12.0    NaN
1  00071100F727  2025-05-27  ...    cable-upstream 2/6/6.0    NaN
2  00071117BBAE  2025-05-27  ...    cable-upstream 2/9/2.0    NaN
3  00071117BC0D  2025-05-27  ...  cable-upstream 1/11/13.0    NaN
4  00071117CA62  2025-05-27  ...    cable-upstream 3/6/2.0    NaN

[5 rows x 6 columns]
[2025-05-31T11:07:19.281-0600] {logging_mixin.py:190} INFO - 🔗 Merging modem-level data with status (LEFT join)...
[2025-05-31T11:07:20.996-0600] {logging_mixin.py:190} INFO - ✅ Merged dataset shape: (476765, 19)
[2025-05-31T11:07:20.999-0600] {logging_mixin.py:190} INFO - 📊 Rows with no ONLINE_COUNT after merge: 4
[2025-05-31T11:07:21.000-0600] {logging_mixin.py:190} INFO - 🛠 Applying final classification rules...
[2025-05-31T11:07:21.085-0600] {logging_mixin.py:190} INFO - 📊 Classification summary after status logic:
[2025-05-31T11:07:21.096-0600] {logging_mixin.py:190} INFO - Category
Good        239194
Warning     139115
Critical     92704
Offline       5752
Name: count, dtype: int64
[2025-05-31T11:07:26.973-0600] {logging_mixin.py:190} INFO - 💾 Saved classified modems to /tmp/classified_modems.csv
[2025-05-31T11:07:26.974-0600] {logging_mixin.py:190} INFO - 🔍 Final modem count: 476765 rows
[2025-05-31T11:07:27.254-0600] {python.py:240} INFO - Done. Returned value was: None
[2025-05-31T11:07:27.272-0600] {taskinstance.py:341} INFO - ::group::Post task execution logs
[2025-05-31T11:07:27.272-0600] {taskinstance.py:353} INFO - Marking task as SUCCESS. dag_id=libertyPr_health_score_1, task_id=classify_modems, run_id=scheduled__2025-05-28T10:00:00+00:00, execution_date=20250528T100000, start_date=20250531T165636, end_date=20250531T170727
[2025-05-31T11:07:27.372-0600] {local_task_job_runner.py:266} INFO - Task exited with return code 0
[2025-05-31T11:07:27.414-0600] {taskinstance.py:3901} INFO - 1 downstream tasks scheduled from follow-on schedule check
[2025-05-31T11:07:27.416-0600] {local_task_job_runner.py:245} INFO - ::endgroup::
[2025-05-31T22:46:26.569-0600] {local_task_job_runner.py:123} INFO - ::group::Pre task execution logs
[2025-05-31T22:46:26.606-0600] {taskinstance.py:2614} INFO - Dependencies all met for dep_context=non-requeueable deps ti=<TaskInstance: libertyPr_health_score_1.classify_modems scheduled__2025-05-28T10:00:00+00:00 [queued]>
[2025-05-31T22:46:26.620-0600] {taskinstance.py:2614} INFO - Dependencies all met for dep_context=requeueable deps ti=<TaskInstance: libertyPr_health_score_1.classify_modems scheduled__2025-05-28T10:00:00+00:00 [queued]>
[2025-05-31T22:46:26.620-0600] {taskinstance.py:2867} INFO - Starting attempt 1 of 2
[2025-05-31T22:46:26.647-0600] {taskinstance.py:2890} INFO - Executing <Task(PythonOperator): classify_modems> on 2025-05-28 10:00:00+00:00
[2025-05-31T22:46:26.658-0600] {warnings.py:112} WARNING - /home/***/.local/lib/python3.12/site-packages/***/task/task_runner/standard_task_runner.py:70: DeprecationWarning: This process (pid=11497) is multi-threaded, use of fork() may lead to deadlocks in the child.
  pid = os.fork()

[2025-05-31T22:46:26.661-0600] {standard_task_runner.py:72} INFO - Started process 11499 to run task
[2025-05-31T22:46:26.662-0600] {standard_task_runner.py:104} INFO - Running: ['***', 'tasks', 'run', 'libertyPr_health_score_1', 'classify_modems', 'scheduled__2025-05-28T10:00:00+00:00', '--job-id', '374', '--raw', '--subdir', 'DAGS_FOLDER/health_score_lpr.py', '--cfg-path', '/tmp/tmplmyv9_v8']
[2025-05-31T22:46:26.666-0600] {standard_task_runner.py:105} INFO - Job 374: Subtask classify_modems
[2025-05-31T22:46:26.753-0600] {task_command.py:467} INFO - Running <TaskInstance: libertyPr_health_score_1.classify_modems scheduled__2025-05-28T10:00:00+00:00 [running]> on host 439130e6349d
[2025-05-31T22:46:26.898-0600] {taskinstance.py:3134} INFO - Exporting env vars: AIRFLOW_CTX_DAG_OWNER='***' AIRFLOW_CTX_DAG_ID='libertyPr_health_score_1' AIRFLOW_CTX_TASK_ID='classify_modems' AIRFLOW_CTX_EXECUTION_DATE='2025-05-28T10:00:00+00:00' AIRFLOW_CTX_TRY_NUMBER='1' AIRFLOW_CTX_DAG_RUN_ID='scheduled__2025-05-28T10:00:00+00:00'
[2025-05-31T22:46:26.900-0600] {taskinstance.py:732} INFO - ::endgroup::
[2025-05-31T22:46:26.904-0600] {logging_mixin.py:190} INFO - 📥 Loading modem and status data...
[2025-05-31T22:46:32.517-0600] {logging_mixin.py:190} INFO - ✅ Loaded modem data: 1771895 rows from /tmp/modem_data.csv
[2025-05-31T22:46:32.518-0600] {logging_mixin.py:190} INFO - ✅ Loaded status data: 477325 rows from /tmp/modem_status.csv
[2025-05-31T22:46:33.078-0600] {logging_mixin.py:190} INFO - 📊 Unique CM_MACs in modem_df: 476576
[2025-05-31T22:46:33.247-0600] {logging_mixin.py:190} INFO - 📊 Unique CM_MACs in status_df: 476770
[2025-05-31T22:46:33.248-0600] {logging_mixin.py:190} INFO - 🧮 Classifying each channel...
[2025-05-31T22:47:19.536-0600] {logging_mixin.py:190} INFO - ✅ Channel classification complete.
[2025-05-31T22:47:19.651-0600] {logging_mixin.py:190} INFO -          CM_MAC       PTIME Channel_Status
0  B05DD444A1B7  2025-05-28           Good
1  B05DD444A1B7  2025-05-28           Good
2  B05DD444A1B7  2025-05-28           Good
3  B05DD444A1B7  2025-05-28           Good
4  ACF8CC3A4D65  2025-05-28           Good
[2025-05-31T22:47:19.676-0600] {logging_mixin.py:190} INFO - 📊 Grouping and summarizing modem data...
[2025-05-31T22:57:25.148-0600] {logging_mixin.py:190} INFO - ✅ Grouped modem data shape: (476576, 4)
[2025-05-31T22:57:25.242-0600] {logging_mixin.py:190} INFO - ✅ Summarized modem data (head):
[2025-05-31T22:57:25.266-0600] {logging_mixin.py:190} INFO -          CM_MAC       PTIME  ...              CHANNEL_NAME TX_MAX
0  00015C6CD846  2025-05-28  ...  cable-upstream 3/10/12.0    NaN
1  00071100F727  2025-05-28  ...    cable-upstream 2/6/7.0    NaN
2  00071117BB9F  2025-05-28  ...   cable-upstream 2/1/13.0    NaN
3  00071117BBAE  2025-05-28  ...    cable-upstream 2/9/2.0    NaN
4  00071117BC0D  2025-05-28  ...  cable-upstream 1/11/13.0    NaN

[5 rows x 6 columns]
[2025-05-31T22:57:25.266-0600] {logging_mixin.py:190} INFO - 🔗 Merging modem-level data with status (LEFT join)...
[2025-05-31T22:57:26.669-0600] {logging_mixin.py:190} INFO - ✅ Merged dataset shape: (476651, 19)
[2025-05-31T22:57:26.675-0600] {logging_mixin.py:190} INFO - 📊 Rows with no ONLINE_COUNT after merge: 19
[2025-05-31T22:57:26.676-0600] {logging_mixin.py:190} INFO - 🛠 Applying final classification rules...
[2025-05-31T22:57:26.741-0600] {logging_mixin.py:190} INFO - 📊 Classification summary after status logic:
[2025-05-31T22:57:26.753-0600] {logging_mixin.py:190} INFO - Category
Good        253192
Warning     132456
Critical     85069
Offline       5934
Name: count, dtype: int64
[2025-05-31T22:57:32.990-0600] {logging_mixin.py:190} INFO - 💾 Saved classified modems to /tmp/classified_modems.csv
[2025-05-31T22:57:32.991-0600] {logging_mixin.py:190} INFO - 🔍 Final modem count: 476651 rows
[2025-05-31T22:57:33.305-0600] {python.py:240} INFO - Done. Returned value was: None
[2025-05-31T22:57:33.327-0600] {taskinstance.py:341} INFO - ::group::Post task execution logs
[2025-05-31T22:57:33.328-0600] {taskinstance.py:353} INFO - Marking task as SUCCESS. dag_id=libertyPr_health_score_1, task_id=classify_modems, run_id=scheduled__2025-05-28T10:00:00+00:00, execution_date=20250528T100000, start_date=20250601T044626, end_date=20250601T045733
[2025-05-31T22:57:33.481-0600] {local_task_job_runner.py:266} INFO - Task exited with return code 0
[2025-05-31T22:57:33.655-0600] {taskinstance.py:3901} INFO - 1 downstream tasks scheduled from follow-on schedule check
[2025-05-31T22:57:33.658-0600] {local_task_job_runner.py:245} INFO - ::endgroup::
