[2025-05-27T00:02:36.377-0600] {local_task_job_runner.py:123} INFO - ::group::Pre task execution logs
[2025-05-27T00:02:36.416-0600] {taskinstance.py:2614} INFO - Dependencies all met for dep_context=non-requeueable deps ti=<TaskInstance: libertyPr_health_score_1.classify_modems scheduled__2025-05-26T06:00:00+00:00 [queued]>
[2025-05-27T00:02:36.432-0600] {taskinstance.py:2614} INFO - Dependencies all met for dep_context=requeueable deps ti=<TaskInstance: libertyPr_health_score_1.classify_modems scheduled__2025-05-26T06:00:00+00:00 [queued]>
[2025-05-27T00:02:36.433-0600] {taskinstance.py:2867} INFO - Starting attempt 1 of 2
[2025-05-27T00:02:36.456-0600] {taskinstance.py:2890} INFO - Executing <Task(PythonOperator): classify_modems> on 2025-05-26 06:00:00+00:00
[2025-05-27T00:02:36.469-0600] {warnings.py:112} WARNING - /home/***/.local/lib/python3.12/site-packages/***/task/task_runner/standard_task_runner.py:70: DeprecationWarning: This process (pid=62301) is multi-threaded, use of fork() may lead to deadlocks in the child.
  pid = os.fork()

[2025-05-27T00:02:36.473-0600] {standard_task_runner.py:72} INFO - Started process 62303 to run task
[2025-05-27T00:02:36.473-0600] {standard_task_runner.py:104} INFO - Running: ['***', 'tasks', 'run', 'libertyPr_health_score_1', 'classify_modems', 'scheduled__2025-05-26T06:00:00+00:00', '--job-id', '98', '--raw', '--subdir', 'DAGS_FOLDER/health_score_lpr.py', '--cfg-path', '/tmp/tmpqyuwca7j']
[2025-05-27T00:02:36.478-0600] {standard_task_runner.py:105} INFO - Job 98: Subtask classify_modems
[2025-05-27T00:02:36.577-0600] {task_command.py:467} INFO - Running <TaskInstance: libertyPr_health_score_1.classify_modems scheduled__2025-05-26T06:00:00+00:00 [running]> on host 439130e6349d
[2025-05-27T00:02:36.761-0600] {taskinstance.py:3134} INFO - Exporting env vars: AIRFLOW_CTX_DAG_OWNER='***' AIRFLOW_CTX_DAG_ID='libertyPr_health_score_1' AIRFLOW_CTX_TASK_ID='classify_modems' AIRFLOW_CTX_EXECUTION_DATE='2025-05-26T06:00:00+00:00' AIRFLOW_CTX_TRY_NUMBER='1' AIRFLOW_CTX_DAG_RUN_ID='scheduled__2025-05-26T06:00:00+00:00'
[2025-05-27T00:02:36.764-0600] {taskinstance.py:732} INFO - ::endgroup::
[2025-05-27T00:02:36.804-0600] {logging_mixin.py:190} INFO - 📥 Loading modem and status data...
[2025-05-27T00:02:42.540-0600] {logging_mixin.py:190} INFO - ✅ Loaded modem data: 1773892 rows from /tmp/modem_data.csv
[2025-05-27T00:02:42.541-0600] {logging_mixin.py:190} INFO - ✅ Loaded status data: 477683 rows from /tmp/modem_status.csv
[2025-05-27T00:02:43.065-0600] {logging_mixin.py:190} INFO - 📊 Unique CM_MACs in modem_df: 476929
[2025-05-27T00:02:43.194-0600] {logging_mixin.py:190} INFO - 📊 Unique CM_MACs in status_df: 477124
[2025-05-27T00:02:43.195-0600] {logging_mixin.py:190} INFO - 🧮 Classifying each channel...
[2025-05-27T00:03:23.504-0600] {logging_mixin.py:190} INFO - ✅ Channel classification complete.
[2025-05-27T00:03:23.581-0600] {logging_mixin.py:190} INFO -          CM_MAC       PTIME Channel_Status
0  C005C2A532BB  2025-05-25           Good
1  1835D1258AFB  2025-05-25           Good
2  DCA633AC11BA  2025-05-25           Good
3  DCA633AC11BA  2025-05-25           Good
4  DCA633AC11BA  2025-05-25           Good
[2025-05-27T00:03:23.604-0600] {logging_mixin.py:190} INFO - 📊 Grouping and summarizing modem data...
[2025-05-27T00:12:56.407-0600] {logging_mixin.py:190} INFO - ✅ Grouped modem data shape: (476929, 4)
[2025-05-27T00:12:56.489-0600] {logging_mixin.py:190} INFO - ✅ Summarized modem data (head):
[2025-05-27T00:12:56.510-0600] {logging_mixin.py:190} INFO -          CM_MAC       PTIME  ...              CHANNEL_NAME TX_MAX
0  00015C6CD846  2025-05-25  ...  cable-upstream 3/10/12.0    NaN
1  000711146ABC  2025-05-25  ...  cable-upstream 3/11/15.0    NaN
2  00071117BB9A  2025-05-25  ...   cable-upstream 2/11/0.0    NaN
3  00071117BBAE  2025-05-25  ...    cable-upstream 2/9/2.0    NaN
4  00071117BC0D  2025-05-25  ...  cable-upstream 1/11/13.0    NaN

[5 rows x 6 columns]
[2025-05-27T00:12:56.511-0600] {logging_mixin.py:190} INFO - 🔗 Merging modem-level data with status (LEFT join)...
[2025-05-27T00:12:57.633-0600] {logging_mixin.py:190} INFO - ✅ Merged dataset shape: (477004, 19)
[2025-05-27T00:12:57.636-0600] {logging_mixin.py:190} INFO - 📊 Rows with no ONLINE_COUNT after merge: 0
[2025-05-27T00:12:57.636-0600] {logging_mixin.py:190} INFO - 🛠 Applying final classification rules...
[2025-05-27T00:12:57.718-0600] {logging_mixin.py:190} INFO - 📊 Classification summary after status logic:
[2025-05-27T00:12:57.732-0600] {logging_mixin.py:190} INFO - Category
Good        224962
Warning     142992
Critical    102381
Offline       6669
Name: count, dtype: int64
[2025-05-27T00:13:02.508-0600] {logging_mixin.py:190} INFO - 💾 Saved classified modems to /tmp/classified_modems.csv
[2025-05-27T00:13:02.508-0600] {logging_mixin.py:190} INFO - 🔍 Final modem count: 477004 rows
[2025-05-27T00:13:02.799-0600] {python.py:240} INFO - Done. Returned value was: None
[2025-05-27T00:13:02.817-0600] {taskinstance.py:341} INFO - ::group::Post task execution logs
[2025-05-27T00:13:02.818-0600] {taskinstance.py:353} INFO - Marking task as SUCCESS. dag_id=libertyPr_health_score_1, task_id=classify_modems, run_id=scheduled__2025-05-26T06:00:00+00:00, execution_date=20250526T060000, start_date=20250527T060236, end_date=20250527T061302
[2025-05-27T00:13:02.943-0600] {local_task_job_runner.py:266} INFO - Task exited with return code 0
[2025-05-27T00:13:02.985-0600] {taskinstance.py:3901} INFO - 1 downstream tasks scheduled from follow-on schedule check
[2025-05-27T00:13:02.988-0600] {local_task_job_runner.py:245} INFO - ::endgroup::
