[2025-05-31T08:40:07.739-0600] {local_task_job_runner.py:123} INFO - ::group::Pre task execution logs
[2025-05-31T08:40:07.785-0600] {taskinstance.py:2614} INFO - Dependencies all met for dep_context=non-requeueable deps ti=<TaskInstance: libertyPr_health_score_1.load_data scheduled__2025-05-25T10:00:00+00:00 [queued]>
[2025-05-31T08:40:07.800-0600] {taskinstance.py:2614} INFO - Dependencies all met for dep_context=requeueable deps ti=<TaskInstance: libertyPr_health_score_1.load_data scheduled__2025-05-25T10:00:00+00:00 [queued]>
[2025-05-31T08:40:07.800-0600] {taskinstance.py:2867} INFO - Starting attempt 1 of 2
[2025-05-31T08:40:07.828-0600] {taskinstance.py:2890} INFO - Executing <Task(PythonOperator): load_data> on 2025-05-25 10:00:00+00:00
[2025-05-31T08:40:07.844-0600] {warnings.py:112} WARNING - /home/***/.local/lib/python3.12/site-packages/***/task/task_runner/standard_task_runner.py:70: DeprecationWarning: This process (pid=513) is multi-threaded, use of fork() may lead to deadlocks in the child.
  pid = os.fork()

[2025-05-31T08:40:07.847-0600] {standard_task_runner.py:72} INFO - Started process 515 to run task
[2025-05-31T08:40:07.851-0600] {standard_task_runner.py:104} INFO - Running: ['***', 'tasks', 'run', 'libertyPr_health_score_1', 'load_data', 'scheduled__2025-05-25T10:00:00+00:00', '--job-id', '153', '--raw', '--subdir', 'DAGS_FOLDER/health_score_lpr.py', '--cfg-path', '/tmp/tmp81lxk_ii']
[2025-05-31T08:40:07.857-0600] {standard_task_runner.py:105} INFO - Job 153: Subtask load_data
[2025-05-31T08:40:07.979-0600] {task_command.py:467} INFO - Running <TaskInstance: libertyPr_health_score_1.load_data scheduled__2025-05-25T10:00:00+00:00 [running]> on host 439130e6349d
[2025-05-31T08:40:08.153-0600] {taskinstance.py:3134} INFO - Exporting env vars: AIRFLOW_CTX_DAG_OWNER='***' AIRFLOW_CTX_DAG_ID='libertyPr_health_score_1' AIRFLOW_CTX_TASK_ID='load_data' AIRFLOW_CTX_EXECUTION_DATE='2025-05-25T10:00:00+00:00' AIRFLOW_CTX_TRY_NUMBER='1' AIRFLOW_CTX_DAG_RUN_ID='scheduled__2025-05-25T10:00:00+00:00'
[2025-05-31T08:40:08.155-0600] {taskinstance.py:732} INFO - ::endgroup::
[2025-05-31T08:42:23.122-0600] {python.py:240} INFO - Done. Returned value was: None
[2025-05-31T08:42:23.146-0600] {taskinstance.py:341} INFO - ::group::Post task execution logs
[2025-05-31T08:42:23.147-0600] {taskinstance.py:353} INFO - Marking task as SUCCESS. dag_id=libertyPr_health_score_1, task_id=load_data, run_id=scheduled__2025-05-25T10:00:00+00:00, execution_date=20250525T100000, start_date=20250531T144007, end_date=20250531T144223
[2025-05-31T08:42:23.276-0600] {local_task_job_runner.py:266} INFO - Task exited with return code 0
[2025-05-31T08:42:23.328-0600] {taskinstance.py:3901} INFO - 1 downstream tasks scheduled from follow-on schedule check
[2025-05-31T08:42:23.331-0600] {local_task_job_runner.py:245} INFO - ::endgroup::
[2025-05-31T10:09:17.968-0600] {local_task_job_runner.py:123} INFO - ::group::Pre task execution logs
[2025-05-31T10:09:18.019-0600] {taskinstance.py:2614} INFO - Dependencies all met for dep_context=non-requeueable deps ti=<TaskInstance: libertyPr_health_score_1.load_data scheduled__2025-05-25T10:00:00+00:00 [queued]>
[2025-05-31T10:09:18.042-0600] {taskinstance.py:2614} INFO - Dependencies all met for dep_context=requeueable deps ti=<TaskInstance: libertyPr_health_score_1.load_data scheduled__2025-05-25T10:00:00+00:00 [queued]>
[2025-05-31T10:09:18.043-0600] {taskinstance.py:2867} INFO - Starting attempt 1 of 2
[2025-05-31T10:09:18.072-0600] {taskinstance.py:2890} INFO - Executing <Task(PythonOperator): load_data> on 2025-05-25 10:00:00+00:00
[2025-05-31T10:09:18.089-0600] {warnings.py:112} WARNING - /home/***/.local/lib/python3.12/site-packages/***/task/task_runner/standard_task_runner.py:70: DeprecationWarning: This process (pid=1680) is multi-threaded, use of fork() may lead to deadlocks in the child.
  pid = os.fork()

[2025-05-31T10:09:18.092-0600] {standard_task_runner.py:72} INFO - Started process 1682 to run task
[2025-05-31T10:09:18.093-0600] {standard_task_runner.py:104} INFO - Running: ['***', 'tasks', 'run', 'libertyPr_health_score_1', 'load_data', 'scheduled__2025-05-25T10:00:00+00:00', '--job-id', '173', '--raw', '--subdir', 'DAGS_FOLDER/health_score_lpr.py', '--cfg-path', '/tmp/tmp6nrqbszv']
[2025-05-31T10:09:18.100-0600] {standard_task_runner.py:105} INFO - Job 173: Subtask load_data
[2025-05-31T10:09:18.254-0600] {task_command.py:467} INFO - Running <TaskInstance: libertyPr_health_score_1.load_data scheduled__2025-05-25T10:00:00+00:00 [running]> on host 439130e6349d
[2025-05-31T10:09:18.488-0600] {taskinstance.py:3134} INFO - Exporting env vars: AIRFLOW_CTX_DAG_OWNER='***' AIRFLOW_CTX_DAG_ID='libertyPr_health_score_1' AIRFLOW_CTX_TASK_ID='load_data' AIRFLOW_CTX_EXECUTION_DATE='2025-05-25T10:00:00+00:00' AIRFLOW_CTX_TRY_NUMBER='1' AIRFLOW_CTX_DAG_RUN_ID='scheduled__2025-05-25T10:00:00+00:00'
[2025-05-31T10:09:18.490-0600] {taskinstance.py:732} INFO - ::endgroup::
[2025-05-31T10:11:28.283-0600] {python.py:240} INFO - Done. Returned value was: None
[2025-05-31T10:11:28.304-0600] {taskinstance.py:341} INFO - ::group::Post task execution logs
[2025-05-31T10:11:28.304-0600] {taskinstance.py:353} INFO - Marking task as SUCCESS. dag_id=libertyPr_health_score_1, task_id=load_data, run_id=scheduled__2025-05-25T10:00:00+00:00, execution_date=20250525T100000, start_date=20250531T160918, end_date=20250531T161128
[2025-05-31T10:11:28.458-0600] {local_task_job_runner.py:266} INFO - Task exited with return code 0
[2025-05-31T10:11:28.500-0600] {taskinstance.py:3901} INFO - 0 downstream tasks scheduled from follow-on schedule check
[2025-05-31T10:11:28.506-0600] {local_task_job_runner.py:245} INFO - ::endgroup::
[2025-05-31T21:57:50.437-0600] {local_task_job_runner.py:123} INFO - ::group::Pre task execution logs
[2025-05-31T21:57:50.467-0600] {taskinstance.py:2614} INFO - Dependencies all met for dep_context=non-requeueable deps ti=<TaskInstance: libertyPr_health_score_1.load_data scheduled__2025-05-25T10:00:00+00:00 [queued]>
[2025-05-31T21:57:50.478-0600] {taskinstance.py:2614} INFO - Dependencies all met for dep_context=requeueable deps ti=<TaskInstance: libertyPr_health_score_1.load_data scheduled__2025-05-25T10:00:00+00:00 [queued]>
[2025-05-31T21:57:50.479-0600] {taskinstance.py:2867} INFO - Starting attempt 1 of 2
[2025-05-31T21:57:50.499-0600] {taskinstance.py:2890} INFO - Executing <Task(PythonOperator): load_data> on 2025-05-25 10:00:00+00:00
[2025-05-31T21:57:50.513-0600] {warnings.py:112} WARNING - /home/***/.local/lib/python3.12/site-packages/***/task/task_runner/standard_task_runner.py:70: DeprecationWarning: This process (pid=10829) is multi-threaded, use of fork() may lead to deadlocks in the child.
  pid = os.fork()

[2025-05-31T21:57:50.515-0600] {standard_task_runner.py:72} INFO - Started process 10831 to run task
[2025-05-31T21:57:50.517-0600] {standard_task_runner.py:104} INFO - Running: ['***', 'tasks', 'run', 'libertyPr_health_score_1', 'load_data', 'scheduled__2025-05-25T10:00:00+00:00', '--job-id', '347', '--raw', '--subdir', 'DAGS_FOLDER/health_score_lpr.py', '--cfg-path', '/tmp/tmpt5pjzhzd']
[2025-05-31T21:57:50.522-0600] {standard_task_runner.py:105} INFO - Job 347: Subtask load_data
[2025-05-31T21:57:50.613-0600] {task_command.py:467} INFO - Running <TaskInstance: libertyPr_health_score_1.load_data scheduled__2025-05-25T10:00:00+00:00 [running]> on host 439130e6349d
[2025-05-31T21:57:50.778-0600] {taskinstance.py:3134} INFO - Exporting env vars: AIRFLOW_CTX_DAG_OWNER='***' AIRFLOW_CTX_DAG_ID='libertyPr_health_score_1' AIRFLOW_CTX_TASK_ID='load_data' AIRFLOW_CTX_EXECUTION_DATE='2025-05-25T10:00:00+00:00' AIRFLOW_CTX_TRY_NUMBER='1' AIRFLOW_CTX_DAG_RUN_ID='scheduled__2025-05-25T10:00:00+00:00'
[2025-05-31T21:57:50.781-0600] {taskinstance.py:732} INFO - ::endgroup::
[2025-05-31T21:57:50.811-0600] {logging_mixin.py:190} INFO - target date
[2025-05-31T21:57:50.812-0600] {logging_mixin.py:190} INFO - 2025-05-25
[2025-05-31T21:59:59.485-0600] {python.py:240} INFO - Done. Returned value was: None
[2025-05-31T21:59:59.511-0600] {taskinstance.py:341} INFO - ::group::Post task execution logs
[2025-05-31T21:59:59.512-0600] {taskinstance.py:353} INFO - Marking task as SUCCESS. dag_id=libertyPr_health_score_1, task_id=load_data, run_id=scheduled__2025-05-25T10:00:00+00:00, execution_date=20250525T100000, start_date=20250601T035750, end_date=20250601T035959
[2025-05-31T21:59:59.674-0600] {local_task_job_runner.py:266} INFO - Task exited with return code 0
[2025-05-31T21:59:59.730-0600] {taskinstance.py:3901} INFO - 1 downstream tasks scheduled from follow-on schedule check
[2025-05-31T21:59:59.733-0600] {local_task_job_runner.py:245} INFO - ::endgroup::
