[2025-05-31T13:52:14.617-0600] {local_task_job_runner.py:123} INFO - ::group::Pre task execution logs
[2025-05-31T13:52:14.657-0600] {taskinstance.py:2614} INFO - Dependencies all met for dep_context=non-requeueable deps ti=<TaskInstance: libertyPr_health_score_1.filter_duplicates manual__2025-05-31T00:00:00+00:00 [queued]>
[2025-05-31T13:52:14.673-0600] {taskinstance.py:2614} INFO - Dependencies all met for dep_context=requeueable deps ti=<TaskInstance: libertyPr_health_score_1.filter_duplicates manual__2025-05-31T00:00:00+00:00 [queued]>
[2025-05-31T13:52:14.673-0600] {taskinstance.py:2867} INFO - Starting attempt 1 of 2
[2025-05-31T13:52:14.698-0600] {taskinstance.py:2890} INFO - Executing <Task(PythonOperator): filter_duplicates> on 2025-05-31 00:00:00+00:00
[2025-05-31T13:52:14.710-0600] {warnings.py:112} WARNING - /home/***/.local/lib/python3.12/site-packages/***/task/task_runner/standard_task_runner.py:70: DeprecationWarning: This process (pid=4538) is multi-threaded, use of fork() may lead to deadlocks in the child.
  pid = os.fork()

[2025-05-31T13:52:14.713-0600] {standard_task_runner.py:72} INFO - Started process 4540 to run task
[2025-05-31T13:52:14.715-0600] {standard_task_runner.py:104} INFO - Running: ['***', 'tasks', 'run', 'libertyPr_health_score_1', 'filter_duplicates', 'manual__2025-05-31T00:00:00+00:00', '--job-id', '216', '--raw', '--subdir', 'DAGS_FOLDER/health_score_lpr.py', '--cfg-path', '/tmp/tmpu5qds162']
[2025-05-31T13:52:14.720-0600] {standard_task_runner.py:105} INFO - Job 216: Subtask filter_duplicates
[2025-05-31T13:52:14.804-0600] {task_command.py:467} INFO - Running <TaskInstance: libertyPr_health_score_1.filter_duplicates manual__2025-05-31T00:00:00+00:00 [running]> on host 439130e6349d
[2025-05-31T13:52:14.991-0600] {taskinstance.py:3134} INFO - Exporting env vars: AIRFLOW_CTX_DAG_OWNER='***' AIRFLOW_CTX_DAG_ID='libertyPr_health_score_1' AIRFLOW_CTX_TASK_ID='filter_duplicates' AIRFLOW_CTX_EXECUTION_DATE='2025-05-31T00:00:00+00:00' AIRFLOW_CTX_TRY_NUMBER='1' AIRFLOW_CTX_DAG_RUN_ID='manual__2025-05-31T00:00:00+00:00'
[2025-05-31T13:52:14.994-0600] {taskinstance.py:732} INFO - ::endgroup::
[2025-05-31T13:52:21.396-0600] {logging_mixin.py:190} INFO - 📊 Found 476288 unique cable modems after removing cloned.
[2025-05-31T13:52:34.266-0600] {logging_mixin.py:190} INFO - 🧹 Filtered out 204 CM_MACs that appeared more than 8 times.
[2025-05-31T13:52:34.267-0600] {logging_mixin.py:190} INFO - 📝 Remaining records: 1770208
[2025-05-31T13:52:34.503-0600] {python.py:240} INFO - Done. Returned value was: None
[2025-05-31T13:52:34.534-0600] {taskinstance.py:341} INFO - ::group::Post task execution logs
[2025-05-31T13:52:34.535-0600] {taskinstance.py:353} INFO - Marking task as SUCCESS. dag_id=libertyPr_health_score_1, task_id=filter_duplicates, run_id=manual__2025-05-31T00:00:00+00:00, execution_date=20250531T000000, start_date=20250531T195214, end_date=20250531T195234
[2025-05-31T13:52:34.650-0600] {local_task_job_runner.py:266} INFO - Task exited with return code 0
[2025-05-31T13:52:34.700-0600] {taskinstance.py:3901} INFO - 1 downstream tasks scheduled from follow-on schedule check
[2025-05-31T13:52:34.703-0600] {local_task_job_runner.py:245} INFO - ::endgroup::
[2025-05-31T13:52:34.720-0600] {standard_task_runner.py:217} INFO - Process not found (most likely exited), stop collecting metrics
