[2025-05-23T10:29:22.133-0600] {processor.py:186} INFO - Started process (PID=69) to work on /home/airflow/.local/lib/python3.12/site-packages/airflow/example_dags/example_branch_day_of_week_operator.py
[2025-05-23T10:29:22.136-0600] {processor.py:914} INFO - Processing file /home/airflow/.local/lib/python3.12/site-packages/airflow/example_dags/example_branch_day_of_week_operator.py for tasks to queue
[2025-05-23T10:29:22.150-0600] {logging_mixin.py:190} INFO - [2025-05-23T10:29:22.149-0600] {dagbag.py:588} INFO - Filling up the DagBag from /home/airflow/.local/lib/python3.12/site-packages/airflow/example_dags/example_branch_day_of_week_operator.py
[2025-05-23T10:29:22.216-0600] {processor.py:925} INFO - DAG(s) 'example_weekday_branch_operator' retrieved from /home/airflow/.local/lib/python3.12/site-packages/airflow/example_dags/example_branch_day_of_week_operator.py
[2025-05-23T10:29:22.815-0600] {logging_mixin.py:190} INFO - [2025-05-23T10:29:22.814-0600] {override.py:1912} INFO - Created Permission View: can delete on DAG:example_weekday_branch_operator
[2025-05-23T10:29:22.827-0600] {logging_mixin.py:190} INFO - [2025-05-23T10:29:22.827-0600] {override.py:1912} INFO - Created Permission View: can edit on DAG:example_weekday_branch_operator
[2025-05-23T10:29:22.834-0600] {logging_mixin.py:190} INFO - [2025-05-23T10:29:22.834-0600] {override.py:1912} INFO - Created Permission View: can read on DAG:example_weekday_branch_operator
[2025-05-23T10:29:22.842-0600] {logging_mixin.py:190} INFO - [2025-05-23T10:29:22.842-0600] {override.py:1912} INFO - Created Permission View: can delete on DAG Run:example_weekday_branch_operator
[2025-05-23T10:29:22.850-0600] {logging_mixin.py:190} INFO - [2025-05-23T10:29:22.849-0600] {override.py:1912} INFO - Created Permission View: can create on DAG Run:example_weekday_branch_operator
[2025-05-23T10:29:22.857-0600] {logging_mixin.py:190} INFO - [2025-05-23T10:29:22.857-0600] {override.py:1912} INFO - Created Permission View: menu access on DAG Run:example_weekday_branch_operator
[2025-05-23T10:29:22.864-0600] {logging_mixin.py:190} INFO - [2025-05-23T10:29:22.864-0600] {override.py:1912} INFO - Created Permission View: can read on DAG Run:example_weekday_branch_operator
[2025-05-23T10:29:22.865-0600] {logging_mixin.py:190} INFO - [2025-05-23T10:29:22.865-0600] {dag.py:3239} INFO - Sync 1 DAGs
[2025-05-23T10:29:22.887-0600] {logging_mixin.py:190} INFO - [2025-05-23T10:29:22.887-0600] {dag.py:3262} INFO - Creating ORM DAG for example_weekday_branch_operator
[2025-05-23T10:29:22.904-0600] {logging_mixin.py:190} INFO - [2025-05-23T10:29:22.904-0600] {dag.py:4180} INFO - Setting next_dagrun for example_weekday_branch_operator to 2025-05-22 00:00:00+00:00, run_after=2025-05-23 00:00:00+00:00
[2025-05-23T10:29:22.927-0600] {processor.py:208} INFO - Processing /home/airflow/.local/lib/python3.12/site-packages/airflow/example_dags/example_branch_day_of_week_operator.py took 0.832 seconds
[2025-05-23T10:29:53.730-0600] {processor.py:186} INFO - Started process (PID=132) to work on /home/airflow/.local/lib/python3.12/site-packages/airflow/example_dags/example_branch_day_of_week_operator.py
[2025-05-23T10:29:53.731-0600] {processor.py:914} INFO - Processing file /home/airflow/.local/lib/python3.12/site-packages/airflow/example_dags/example_branch_day_of_week_operator.py for tasks to queue
[2025-05-23T10:29:53.735-0600] {logging_mixin.py:190} INFO - [2025-05-23T10:29:53.735-0600] {dagbag.py:588} INFO - Filling up the DagBag from /home/airflow/.local/lib/python3.12/site-packages/airflow/example_dags/example_branch_day_of_week_operator.py
[2025-05-23T10:29:53.757-0600] {processor.py:925} INFO - DAG(s) 'example_weekday_branch_operator' retrieved from /home/airflow/.local/lib/python3.12/site-packages/airflow/example_dags/example_branch_day_of_week_operator.py
[2025-05-23T10:29:53.798-0600] {logging_mixin.py:190} INFO - [2025-05-23T10:29:53.797-0600] {dag.py:3239} INFO - Sync 1 DAGs
[2025-05-23T10:29:53.846-0600] {logging_mixin.py:190} INFO - [2025-05-23T10:29:53.846-0600] {dag.py:4180} INFO - Setting next_dagrun for example_weekday_branch_operator to 2025-05-22 00:00:00+00:00, run_after=2025-05-23 00:00:00+00:00
[2025-05-23T10:29:53.873-0600] {processor.py:208} INFO - Processing /home/airflow/.local/lib/python3.12/site-packages/airflow/example_dags/example_branch_day_of_week_operator.py took 0.158 seconds
[2025-05-23T10:30:24.308-0600] {processor.py:186} INFO - Started process (PID=195) to work on /home/airflow/.local/lib/python3.12/site-packages/airflow/example_dags/example_branch_day_of_week_operator.py
[2025-05-23T10:30:24.310-0600] {processor.py:914} INFO - Processing file /home/airflow/.local/lib/python3.12/site-packages/airflow/example_dags/example_branch_day_of_week_operator.py for tasks to queue
[2025-05-23T10:30:24.313-0600] {logging_mixin.py:190} INFO - [2025-05-23T10:30:24.313-0600] {dagbag.py:588} INFO - Filling up the DagBag from /home/airflow/.local/lib/python3.12/site-packages/airflow/example_dags/example_branch_day_of_week_operator.py
[2025-05-23T10:30:24.333-0600] {processor.py:925} INFO - DAG(s) 'example_weekday_branch_operator' retrieved from /home/airflow/.local/lib/python3.12/site-packages/airflow/example_dags/example_branch_day_of_week_operator.py
[2025-05-23T10:30:24.376-0600] {logging_mixin.py:190} INFO - [2025-05-23T10:30:24.376-0600] {dag.py:3239} INFO - Sync 1 DAGs
[2025-05-23T10:30:24.435-0600] {logging_mixin.py:190} INFO - [2025-05-23T10:30:24.434-0600] {dag.py:4180} INFO - Setting next_dagrun for example_weekday_branch_operator to 2025-05-22 00:00:00+00:00, run_after=2025-05-23 00:00:00+00:00
[2025-05-23T10:30:24.462-0600] {processor.py:208} INFO - Processing /home/airflow/.local/lib/python3.12/site-packages/airflow/example_dags/example_branch_day_of_week_operator.py took 0.165 seconds
[2025-05-23T10:30:54.694-0600] {processor.py:186} INFO - Started process (PID=258) to work on /home/airflow/.local/lib/python3.12/site-packages/airflow/example_dags/example_branch_day_of_week_operator.py
[2025-05-23T10:30:54.696-0600] {processor.py:914} INFO - Processing file /home/airflow/.local/lib/python3.12/site-packages/airflow/example_dags/example_branch_day_of_week_operator.py for tasks to queue
[2025-05-23T10:30:54.700-0600] {logging_mixin.py:190} INFO - [2025-05-23T10:30:54.700-0600] {dagbag.py:588} INFO - Filling up the DagBag from /home/airflow/.local/lib/python3.12/site-packages/airflow/example_dags/example_branch_day_of_week_operator.py
[2025-05-23T10:30:54.717-0600] {processor.py:925} INFO - DAG(s) 'example_weekday_branch_operator' retrieved from /home/airflow/.local/lib/python3.12/site-packages/airflow/example_dags/example_branch_day_of_week_operator.py
[2025-05-23T10:30:54.751-0600] {logging_mixin.py:190} INFO - [2025-05-23T10:30:54.751-0600] {dag.py:3239} INFO - Sync 1 DAGs
[2025-05-23T10:30:54.789-0600] {logging_mixin.py:190} INFO - [2025-05-23T10:30:54.789-0600] {dag.py:4180} INFO - Setting next_dagrun for example_weekday_branch_operator to 2025-05-22 00:00:00+00:00, run_after=2025-05-23 00:00:00+00:00
[2025-05-23T10:30:54.813-0600] {processor.py:208} INFO - Processing /home/airflow/.local/lib/python3.12/site-packages/airflow/example_dags/example_branch_day_of_week_operator.py took 0.128 seconds
[2025-05-23T10:31:25.010-0600] {processor.py:186} INFO - Started process (PID=321) to work on /home/airflow/.local/lib/python3.12/site-packages/airflow/example_dags/example_branch_day_of_week_operator.py
[2025-05-23T10:31:25.012-0600] {processor.py:914} INFO - Processing file /home/airflow/.local/lib/python3.12/site-packages/airflow/example_dags/example_branch_day_of_week_operator.py for tasks to queue
[2025-05-23T10:31:25.016-0600] {logging_mixin.py:190} INFO - [2025-05-23T10:31:25.016-0600] {dagbag.py:588} INFO - Filling up the DagBag from /home/airflow/.local/lib/python3.12/site-packages/airflow/example_dags/example_branch_day_of_week_operator.py
[2025-05-23T10:31:25.035-0600] {processor.py:925} INFO - DAG(s) 'example_weekday_branch_operator' retrieved from /home/airflow/.local/lib/python3.12/site-packages/airflow/example_dags/example_branch_day_of_week_operator.py
[2025-05-23T10:31:25.075-0600] {logging_mixin.py:190} INFO - [2025-05-23T10:31:25.075-0600] {dag.py:3239} INFO - Sync 1 DAGs
[2025-05-23T10:31:25.122-0600] {logging_mixin.py:190} INFO - [2025-05-23T10:31:25.122-0600] {dag.py:4180} INFO - Setting next_dagrun for example_weekday_branch_operator to 2025-05-22 00:00:00+00:00, run_after=2025-05-23 00:00:00+00:00
[2025-05-23T10:31:25.154-0600] {processor.py:208} INFO - Processing /home/airflow/.local/lib/python3.12/site-packages/airflow/example_dags/example_branch_day_of_week_operator.py took 0.154 seconds
[2025-05-23T10:31:55.231-0600] {processor.py:186} INFO - Started process (PID=385) to work on /home/airflow/.local/lib/python3.12/site-packages/airflow/example_dags/example_branch_day_of_week_operator.py
[2025-05-23T10:31:55.233-0600] {processor.py:914} INFO - Processing file /home/airflow/.local/lib/python3.12/site-packages/airflow/example_dags/example_branch_day_of_week_operator.py for tasks to queue
[2025-05-23T10:31:55.238-0600] {logging_mixin.py:190} INFO - [2025-05-23T10:31:55.237-0600] {dagbag.py:588} INFO - Filling up the DagBag from /home/airflow/.local/lib/python3.12/site-packages/airflow/example_dags/example_branch_day_of_week_operator.py
[2025-05-23T10:31:55.256-0600] {processor.py:925} INFO - DAG(s) 'example_weekday_branch_operator' retrieved from /home/airflow/.local/lib/python3.12/site-packages/airflow/example_dags/example_branch_day_of_week_operator.py
[2025-05-23T10:31:55.297-0600] {logging_mixin.py:190} INFO - [2025-05-23T10:31:55.296-0600] {dag.py:3239} INFO - Sync 1 DAGs
[2025-05-23T10:31:55.339-0600] {logging_mixin.py:190} INFO - [2025-05-23T10:31:55.338-0600] {dag.py:4180} INFO - Setting next_dagrun for example_weekday_branch_operator to 2025-05-22 00:00:00+00:00, run_after=2025-05-23 00:00:00+00:00
[2025-05-23T10:31:55.370-0600] {processor.py:208} INFO - Processing /home/airflow/.local/lib/python3.12/site-packages/airflow/example_dags/example_branch_day_of_week_operator.py took 0.150 seconds
[2025-05-23T10:32:26.117-0600] {processor.py:186} INFO - Started process (PID=448) to work on /home/airflow/.local/lib/python3.12/site-packages/airflow/example_dags/example_branch_day_of_week_operator.py
[2025-05-23T10:32:26.119-0600] {processor.py:914} INFO - Processing file /home/airflow/.local/lib/python3.12/site-packages/airflow/example_dags/example_branch_day_of_week_operator.py for tasks to queue
[2025-05-23T10:32:26.127-0600] {logging_mixin.py:190} INFO - [2025-05-23T10:32:26.126-0600] {dagbag.py:588} INFO - Filling up the DagBag from /home/airflow/.local/lib/python3.12/site-packages/airflow/example_dags/example_branch_day_of_week_operator.py
[2025-05-23T10:32:26.158-0600] {processor.py:925} INFO - DAG(s) 'example_weekday_branch_operator' retrieved from /home/airflow/.local/lib/python3.12/site-packages/airflow/example_dags/example_branch_day_of_week_operator.py
[2025-05-23T10:32:26.221-0600] {logging_mixin.py:190} INFO - [2025-05-23T10:32:26.220-0600] {dag.py:3239} INFO - Sync 1 DAGs
[2025-05-23T10:32:26.300-0600] {logging_mixin.py:190} INFO - [2025-05-23T10:32:26.299-0600] {dag.py:4180} INFO - Setting next_dagrun for example_weekday_branch_operator to 2025-05-22 00:00:00+00:00, run_after=2025-05-23 00:00:00+00:00
[2025-05-23T10:32:26.346-0600] {processor.py:208} INFO - Processing /home/airflow/.local/lib/python3.12/site-packages/airflow/example_dags/example_branch_day_of_week_operator.py took 0.246 seconds
[2025-05-23T10:32:56.643-0600] {processor.py:186} INFO - Started process (PID=510) to work on /home/airflow/.local/lib/python3.12/site-packages/airflow/example_dags/example_branch_day_of_week_operator.py
[2025-05-23T10:32:56.644-0600] {processor.py:914} INFO - Processing file /home/airflow/.local/lib/python3.12/site-packages/airflow/example_dags/example_branch_day_of_week_operator.py for tasks to queue
[2025-05-23T10:32:56.649-0600] {logging_mixin.py:190} INFO - [2025-05-23T10:32:56.648-0600] {dagbag.py:588} INFO - Filling up the DagBag from /home/airflow/.local/lib/python3.12/site-packages/airflow/example_dags/example_branch_day_of_week_operator.py
[2025-05-23T10:32:56.669-0600] {processor.py:925} INFO - DAG(s) 'example_weekday_branch_operator' retrieved from /home/airflow/.local/lib/python3.12/site-packages/airflow/example_dags/example_branch_day_of_week_operator.py
[2025-05-23T10:32:56.703-0600] {logging_mixin.py:190} INFO - [2025-05-23T10:32:56.702-0600] {dag.py:3239} INFO - Sync 1 DAGs
[2025-05-23T10:32:56.748-0600] {logging_mixin.py:190} INFO - [2025-05-23T10:32:56.747-0600] {dag.py:4180} INFO - Setting next_dagrun for example_weekday_branch_operator to 2025-05-22 00:00:00+00:00, run_after=2025-05-23 00:00:00+00:00
[2025-05-23T10:32:56.780-0600] {processor.py:208} INFO - Processing /home/airflow/.local/lib/python3.12/site-packages/airflow/example_dags/example_branch_day_of_week_operator.py took 0.148 seconds
[2025-05-23T10:33:27.094-0600] {processor.py:186} INFO - Started process (PID=573) to work on /home/airflow/.local/lib/python3.12/site-packages/airflow/example_dags/example_branch_day_of_week_operator.py
[2025-05-23T10:33:27.096-0600] {processor.py:914} INFO - Processing file /home/airflow/.local/lib/python3.12/site-packages/airflow/example_dags/example_branch_day_of_week_operator.py for tasks to queue
[2025-05-23T10:33:27.100-0600] {logging_mixin.py:190} INFO - [2025-05-23T10:33:27.099-0600] {dagbag.py:588} INFO - Filling up the DagBag from /home/airflow/.local/lib/python3.12/site-packages/airflow/example_dags/example_branch_day_of_week_operator.py
[2025-05-23T10:33:27.119-0600] {processor.py:925} INFO - DAG(s) 'example_weekday_branch_operator' retrieved from /home/airflow/.local/lib/python3.12/site-packages/airflow/example_dags/example_branch_day_of_week_operator.py
[2025-05-23T10:33:27.167-0600] {logging_mixin.py:190} INFO - [2025-05-23T10:33:27.167-0600] {dag.py:3239} INFO - Sync 1 DAGs
[2025-05-23T10:33:27.225-0600] {logging_mixin.py:190} INFO - [2025-05-23T10:33:27.225-0600] {dag.py:4180} INFO - Setting next_dagrun for example_weekday_branch_operator to 2025-05-22 00:00:00+00:00, run_after=2025-05-23 00:00:00+00:00
[2025-05-23T10:33:27.258-0600] {processor.py:208} INFO - Processing /home/airflow/.local/lib/python3.12/site-packages/airflow/example_dags/example_branch_day_of_week_operator.py took 0.176 seconds
[2025-05-23T10:33:58.011-0600] {processor.py:186} INFO - Started process (PID=636) to work on /home/airflow/.local/lib/python3.12/site-packages/airflow/example_dags/example_branch_day_of_week_operator.py
[2025-05-23T10:33:58.013-0600] {processor.py:914} INFO - Processing file /home/airflow/.local/lib/python3.12/site-packages/airflow/example_dags/example_branch_day_of_week_operator.py for tasks to queue
[2025-05-23T10:33:58.017-0600] {logging_mixin.py:190} INFO - [2025-05-23T10:33:58.016-0600] {dagbag.py:588} INFO - Filling up the DagBag from /home/airflow/.local/lib/python3.12/site-packages/airflow/example_dags/example_branch_day_of_week_operator.py
[2025-05-23T10:33:58.039-0600] {processor.py:925} INFO - DAG(s) 'example_weekday_branch_operator' retrieved from /home/airflow/.local/lib/python3.12/site-packages/airflow/example_dags/example_branch_day_of_week_operator.py
[2025-05-23T10:33:58.074-0600] {logging_mixin.py:190} INFO - [2025-05-23T10:33:58.073-0600] {dag.py:3239} INFO - Sync 1 DAGs
[2025-05-23T10:33:58.115-0600] {logging_mixin.py:190} INFO - [2025-05-23T10:33:58.115-0600] {dag.py:4180} INFO - Setting next_dagrun for example_weekday_branch_operator to 2025-05-22 00:00:00+00:00, run_after=2025-05-23 00:00:00+00:00
[2025-05-23T10:33:58.144-0600] {processor.py:208} INFO - Processing /home/airflow/.local/lib/python3.12/site-packages/airflow/example_dags/example_branch_day_of_week_operator.py took 0.156 seconds
[2025-05-23T10:34:29.506-0600] {processor.py:186} INFO - Started process (PID=700) to work on /home/airflow/.local/lib/python3.12/site-packages/airflow/example_dags/example_branch_day_of_week_operator.py
[2025-05-23T10:34:29.508-0600] {processor.py:914} INFO - Processing file /home/airflow/.local/lib/python3.12/site-packages/airflow/example_dags/example_branch_day_of_week_operator.py for tasks to queue
[2025-05-23T10:34:29.513-0600] {logging_mixin.py:190} INFO - [2025-05-23T10:34:29.512-0600] {dagbag.py:588} INFO - Filling up the DagBag from /home/airflow/.local/lib/python3.12/site-packages/airflow/example_dags/example_branch_day_of_week_operator.py
[2025-05-23T10:34:29.536-0600] {processor.py:925} INFO - DAG(s) 'example_weekday_branch_operator' retrieved from /home/airflow/.local/lib/python3.12/site-packages/airflow/example_dags/example_branch_day_of_week_operator.py
[2025-05-23T10:34:29.592-0600] {logging_mixin.py:190} INFO - [2025-05-23T10:34:29.592-0600] {dag.py:3239} INFO - Sync 1 DAGs
[2025-05-23T10:34:29.664-0600] {logging_mixin.py:190} INFO - [2025-05-23T10:34:29.664-0600] {dag.py:4180} INFO - Setting next_dagrun for example_weekday_branch_operator to 2025-05-22 00:00:00+00:00, run_after=2025-05-23 00:00:00+00:00
[2025-05-23T10:34:29.717-0600] {processor.py:208} INFO - Processing /home/airflow/.local/lib/python3.12/site-packages/airflow/example_dags/example_branch_day_of_week_operator.py took 0.227 seconds
