[2025-05-23T10:29:46.718-0600] {processor.py:186} INFO - Started process (PID=113) to work on /home/airflow/.local/lib/python3.12/site-packages/airflow/example_dags/example_trigger_controller_dag.py
[2025-05-23T10:29:46.719-0600] {processor.py:914} INFO - Processing file /home/airflow/.local/lib/python3.12/site-packages/airflow/example_dags/example_trigger_controller_dag.py for tasks to queue
[2025-05-23T10:29:46.723-0600] {logging_mixin.py:190} INFO - [2025-05-23T10:29:46.723-0600] {dagbag.py:588} INFO - Filling up the DagBag from /home/airflow/.local/lib/python3.12/site-packages/airflow/example_dags/example_trigger_controller_dag.py
[2025-05-23T10:29:46.739-0600] {processor.py:925} INFO - DAG(s) 'example_trigger_controller_dag' retrieved from /home/airflow/.local/lib/python3.12/site-packages/airflow/example_dags/example_trigger_controller_dag.py
[2025-05-23T10:29:46.958-0600] {logging_mixin.py:190} INFO - [2025-05-23T10:29:46.958-0600] {override.py:1912} INFO - Created Permission View: can delete on DAG:example_trigger_controller_dag
[2025-05-23T10:29:46.972-0600] {logging_mixin.py:190} INFO - [2025-05-23T10:29:46.972-0600] {override.py:1912} INFO - Created Permission View: can edit on DAG:example_trigger_controller_dag
[2025-05-23T10:29:46.981-0600] {logging_mixin.py:190} INFO - [2025-05-23T10:29:46.980-0600] {override.py:1912} INFO - Created Permission View: can read on DAG:example_trigger_controller_dag
[2025-05-23T10:29:46.990-0600] {logging_mixin.py:190} INFO - [2025-05-23T10:29:46.989-0600] {override.py:1912} INFO - Created Permission View: can delete on DAG Run:example_trigger_controller_dag
[2025-05-23T10:29:46.998-0600] {logging_mixin.py:190} INFO - [2025-05-23T10:29:46.997-0600] {override.py:1912} INFO - Created Permission View: can create on DAG Run:example_trigger_controller_dag
[2025-05-23T10:29:47.006-0600] {logging_mixin.py:190} INFO - [2025-05-23T10:29:47.006-0600] {override.py:1912} INFO - Created Permission View: menu access on DAG Run:example_trigger_controller_dag
[2025-05-23T10:29:47.015-0600] {logging_mixin.py:190} INFO - [2025-05-23T10:29:47.014-0600] {override.py:1912} INFO - Created Permission View: can read on DAG Run:example_trigger_controller_dag
[2025-05-23T10:29:47.015-0600] {logging_mixin.py:190} INFO - [2025-05-23T10:29:47.015-0600] {dag.py:3239} INFO - Sync 1 DAGs
[2025-05-23T10:29:47.039-0600] {logging_mixin.py:190} INFO - [2025-05-23T10:29:47.038-0600] {dag.py:3262} INFO - Creating ORM DAG for example_trigger_controller_dag
[2025-05-23T10:29:47.054-0600] {logging_mixin.py:190} INFO - [2025-05-23T10:29:47.054-0600] {dag.py:4180} INFO - Setting next_dagrun for example_trigger_controller_dag to 2021-01-01 00:00:00+00:00, run_after=2021-01-01 00:00:00+00:00
[2025-05-23T10:29:47.089-0600] {processor.py:208} INFO - Processing /home/airflow/.local/lib/python3.12/site-packages/airflow/example_dags/example_trigger_controller_dag.py took 0.385 seconds
[2025-05-23T10:30:17.704-0600] {processor.py:186} INFO - Started process (PID=176) to work on /home/airflow/.local/lib/python3.12/site-packages/airflow/example_dags/example_trigger_controller_dag.py
[2025-05-23T10:30:17.706-0600] {processor.py:914} INFO - Processing file /home/airflow/.local/lib/python3.12/site-packages/airflow/example_dags/example_trigger_controller_dag.py for tasks to queue
[2025-05-23T10:30:17.710-0600] {logging_mixin.py:190} INFO - [2025-05-23T10:30:17.710-0600] {dagbag.py:588} INFO - Filling up the DagBag from /home/airflow/.local/lib/python3.12/site-packages/airflow/example_dags/example_trigger_controller_dag.py
[2025-05-23T10:30:17.722-0600] {processor.py:925} INFO - DAG(s) 'example_trigger_controller_dag' retrieved from /home/airflow/.local/lib/python3.12/site-packages/airflow/example_dags/example_trigger_controller_dag.py
[2025-05-23T10:30:17.761-0600] {logging_mixin.py:190} INFO - [2025-05-23T10:30:17.761-0600] {dag.py:3239} INFO - Sync 1 DAGs
[2025-05-23T10:30:17.800-0600] {logging_mixin.py:190} INFO - [2025-05-23T10:30:17.800-0600] {dag.py:4180} INFO - Setting next_dagrun for example_trigger_controller_dag to 2021-01-01 00:00:00+00:00, run_after=2021-01-01 00:00:00+00:00
[2025-05-23T10:30:17.826-0600] {processor.py:208} INFO - Processing /home/airflow/.local/lib/python3.12/site-packages/airflow/example_dags/example_trigger_controller_dag.py took 0.132 seconds
[2025-05-23T10:30:48.131-0600] {processor.py:186} INFO - Started process (PID=239) to work on /home/airflow/.local/lib/python3.12/site-packages/airflow/example_dags/example_trigger_controller_dag.py
[2025-05-23T10:30:48.133-0600] {processor.py:914} INFO - Processing file /home/airflow/.local/lib/python3.12/site-packages/airflow/example_dags/example_trigger_controller_dag.py for tasks to queue
[2025-05-23T10:30:48.139-0600] {logging_mixin.py:190} INFO - [2025-05-23T10:30:48.138-0600] {dagbag.py:588} INFO - Filling up the DagBag from /home/airflow/.local/lib/python3.12/site-packages/airflow/example_dags/example_trigger_controller_dag.py
[2025-05-23T10:30:48.159-0600] {processor.py:925} INFO - DAG(s) 'example_trigger_controller_dag' retrieved from /home/airflow/.local/lib/python3.12/site-packages/airflow/example_dags/example_trigger_controller_dag.py
[2025-05-23T10:30:48.216-0600] {logging_mixin.py:190} INFO - [2025-05-23T10:30:48.216-0600] {dag.py:3239} INFO - Sync 1 DAGs
[2025-05-23T10:30:48.291-0600] {logging_mixin.py:190} INFO - [2025-05-23T10:30:48.290-0600] {dag.py:4180} INFO - Setting next_dagrun for example_trigger_controller_dag to 2021-01-01 00:00:00+00:00, run_after=2021-01-01 00:00:00+00:00
[2025-05-23T10:30:48.342-0600] {processor.py:208} INFO - Processing /home/airflow/.local/lib/python3.12/site-packages/airflow/example_dags/example_trigger_controller_dag.py took 0.224 seconds
[2025-05-23T10:31:18.661-0600] {processor.py:186} INFO - Started process (PID=302) to work on /home/airflow/.local/lib/python3.12/site-packages/airflow/example_dags/example_trigger_controller_dag.py
[2025-05-23T10:31:18.664-0600] {processor.py:914} INFO - Processing file /home/airflow/.local/lib/python3.12/site-packages/airflow/example_dags/example_trigger_controller_dag.py for tasks to queue
[2025-05-23T10:31:18.671-0600] {logging_mixin.py:190} INFO - [2025-05-23T10:31:18.670-0600] {dagbag.py:588} INFO - Filling up the DagBag from /home/airflow/.local/lib/python3.12/site-packages/airflow/example_dags/example_trigger_controller_dag.py
[2025-05-23T10:31:18.689-0600] {processor.py:925} INFO - DAG(s) 'example_trigger_controller_dag' retrieved from /home/airflow/.local/lib/python3.12/site-packages/airflow/example_dags/example_trigger_controller_dag.py
[2025-05-23T10:31:18.740-0600] {logging_mixin.py:190} INFO - [2025-05-23T10:31:18.740-0600] {dag.py:3239} INFO - Sync 1 DAGs
[2025-05-23T10:31:18.798-0600] {logging_mixin.py:190} INFO - [2025-05-23T10:31:18.798-0600] {dag.py:4180} INFO - Setting next_dagrun for example_trigger_controller_dag to 2021-01-01 00:00:00+00:00, run_after=2021-01-01 00:00:00+00:00
[2025-05-23T10:31:18.846-0600] {processor.py:208} INFO - Processing /home/airflow/.local/lib/python3.12/site-packages/airflow/example_dags/example_trigger_controller_dag.py took 0.204 seconds
[2025-05-23T10:31:49.476-0600] {processor.py:186} INFO - Started process (PID=366) to work on /home/airflow/.local/lib/python3.12/site-packages/airflow/example_dags/example_trigger_controller_dag.py
[2025-05-23T10:31:49.478-0600] {processor.py:914} INFO - Processing file /home/airflow/.local/lib/python3.12/site-packages/airflow/example_dags/example_trigger_controller_dag.py for tasks to queue
[2025-05-23T10:31:49.484-0600] {logging_mixin.py:190} INFO - [2025-05-23T10:31:49.483-0600] {dagbag.py:588} INFO - Filling up the DagBag from /home/airflow/.local/lib/python3.12/site-packages/airflow/example_dags/example_trigger_controller_dag.py
[2025-05-23T10:31:49.506-0600] {processor.py:925} INFO - DAG(s) 'example_trigger_controller_dag' retrieved from /home/airflow/.local/lib/python3.12/site-packages/airflow/example_dags/example_trigger_controller_dag.py
[2025-05-23T10:31:49.552-0600] {logging_mixin.py:190} INFO - [2025-05-23T10:31:49.551-0600] {dag.py:3239} INFO - Sync 1 DAGs
[2025-05-23T10:31:49.594-0600] {logging_mixin.py:190} INFO - [2025-05-23T10:31:49.593-0600] {dag.py:4180} INFO - Setting next_dagrun for example_trigger_controller_dag to 2021-01-01 00:00:00+00:00, run_after=2021-01-01 00:00:00+00:00
[2025-05-23T10:31:49.621-0600] {processor.py:208} INFO - Processing /home/airflow/.local/lib/python3.12/site-packages/airflow/example_dags/example_trigger_controller_dag.py took 0.160 seconds
[2025-05-23T10:32:20.172-0600] {processor.py:186} INFO - Started process (PID=429) to work on /home/airflow/.local/lib/python3.12/site-packages/airflow/example_dags/example_trigger_controller_dag.py
[2025-05-23T10:32:20.173-0600] {processor.py:914} INFO - Processing file /home/airflow/.local/lib/python3.12/site-packages/airflow/example_dags/example_trigger_controller_dag.py for tasks to queue
[2025-05-23T10:32:20.178-0600] {logging_mixin.py:190} INFO - [2025-05-23T10:32:20.177-0600] {dagbag.py:588} INFO - Filling up the DagBag from /home/airflow/.local/lib/python3.12/site-packages/airflow/example_dags/example_trigger_controller_dag.py
[2025-05-23T10:32:20.190-0600] {processor.py:925} INFO - DAG(s) 'example_trigger_controller_dag' retrieved from /home/airflow/.local/lib/python3.12/site-packages/airflow/example_dags/example_trigger_controller_dag.py
[2025-05-23T10:32:20.231-0600] {logging_mixin.py:190} INFO - [2025-05-23T10:32:20.231-0600] {dag.py:3239} INFO - Sync 1 DAGs
[2025-05-23T10:32:20.287-0600] {logging_mixin.py:190} INFO - [2025-05-23T10:32:20.286-0600] {dag.py:4180} INFO - Setting next_dagrun for example_trigger_controller_dag to 2021-01-01 00:00:00+00:00, run_after=2021-01-01 00:00:00+00:00
[2025-05-23T10:32:20.319-0600] {processor.py:208} INFO - Processing /home/airflow/.local/lib/python3.12/site-packages/airflow/example_dags/example_trigger_controller_dag.py took 0.158 seconds
[2025-05-23T10:32:50.977-0600] {processor.py:186} INFO - Started process (PID=490) to work on /home/airflow/.local/lib/python3.12/site-packages/airflow/example_dags/example_trigger_controller_dag.py
[2025-05-23T10:32:50.979-0600] {processor.py:914} INFO - Processing file /home/airflow/.local/lib/python3.12/site-packages/airflow/example_dags/example_trigger_controller_dag.py for tasks to queue
[2025-05-23T10:32:50.983-0600] {logging_mixin.py:190} INFO - [2025-05-23T10:32:50.983-0600] {dagbag.py:588} INFO - Filling up the DagBag from /home/airflow/.local/lib/python3.12/site-packages/airflow/example_dags/example_trigger_controller_dag.py
[2025-05-23T10:32:50.997-0600] {processor.py:925} INFO - DAG(s) 'example_trigger_controller_dag' retrieved from /home/airflow/.local/lib/python3.12/site-packages/airflow/example_dags/example_trigger_controller_dag.py
[2025-05-23T10:32:51.049-0600] {logging_mixin.py:190} INFO - [2025-05-23T10:32:51.048-0600] {dag.py:3239} INFO - Sync 1 DAGs
[2025-05-23T10:32:51.092-0600] {logging_mixin.py:190} INFO - [2025-05-23T10:32:51.091-0600] {dag.py:4180} INFO - Setting next_dagrun for example_trigger_controller_dag to 2021-01-01 00:00:00+00:00, run_after=2021-01-01 00:00:00+00:00
[2025-05-23T10:32:51.117-0600] {processor.py:208} INFO - Processing /home/airflow/.local/lib/python3.12/site-packages/airflow/example_dags/example_trigger_controller_dag.py took 0.151 seconds
[2025-05-23T10:33:22.891-0600] {processor.py:186} INFO - Started process (PID=553) to work on /home/airflow/.local/lib/python3.12/site-packages/airflow/example_dags/example_trigger_controller_dag.py
[2025-05-23T10:33:22.893-0600] {processor.py:914} INFO - Processing file /home/airflow/.local/lib/python3.12/site-packages/airflow/example_dags/example_trigger_controller_dag.py for tasks to queue
[2025-05-23T10:33:22.897-0600] {logging_mixin.py:190} INFO - [2025-05-23T10:33:22.897-0600] {dagbag.py:588} INFO - Filling up the DagBag from /home/airflow/.local/lib/python3.12/site-packages/airflow/example_dags/example_trigger_controller_dag.py
[2025-05-23T10:33:22.911-0600] {processor.py:925} INFO - DAG(s) 'example_trigger_controller_dag' retrieved from /home/airflow/.local/lib/python3.12/site-packages/airflow/example_dags/example_trigger_controller_dag.py
[2025-05-23T10:33:22.947-0600] {logging_mixin.py:190} INFO - [2025-05-23T10:33:22.947-0600] {dag.py:3239} INFO - Sync 1 DAGs
[2025-05-23T10:33:22.992-0600] {logging_mixin.py:190} INFO - [2025-05-23T10:33:22.992-0600] {dag.py:4180} INFO - Setting next_dagrun for example_trigger_controller_dag to 2021-01-01 00:00:00+00:00, run_after=2021-01-01 00:00:00+00:00
[2025-05-23T10:33:23.027-0600] {processor.py:208} INFO - Processing /home/airflow/.local/lib/python3.12/site-packages/airflow/example_dags/example_trigger_controller_dag.py took 0.148 seconds
[2025-05-23T10:33:54.388-0600] {processor.py:186} INFO - Started process (PID=616) to work on /home/airflow/.local/lib/python3.12/site-packages/airflow/example_dags/example_trigger_controller_dag.py
[2025-05-23T10:33:54.391-0600] {processor.py:914} INFO - Processing file /home/airflow/.local/lib/python3.12/site-packages/airflow/example_dags/example_trigger_controller_dag.py for tasks to queue
[2025-05-23T10:33:54.397-0600] {logging_mixin.py:190} INFO - [2025-05-23T10:33:54.396-0600] {dagbag.py:588} INFO - Filling up the DagBag from /home/airflow/.local/lib/python3.12/site-packages/airflow/example_dags/example_trigger_controller_dag.py
[2025-05-23T10:33:54.415-0600] {processor.py:925} INFO - DAG(s) 'example_trigger_controller_dag' retrieved from /home/airflow/.local/lib/python3.12/site-packages/airflow/example_dags/example_trigger_controller_dag.py
[2025-05-23T10:33:54.479-0600] {logging_mixin.py:190} INFO - [2025-05-23T10:33:54.478-0600] {dag.py:3239} INFO - Sync 1 DAGs
[2025-05-23T10:33:54.545-0600] {logging_mixin.py:190} INFO - [2025-05-23T10:33:54.544-0600] {dag.py:4180} INFO - Setting next_dagrun for example_trigger_controller_dag to 2021-01-01 00:00:00+00:00, run_after=2021-01-01 00:00:00+00:00
[2025-05-23T10:33:54.581-0600] {processor.py:208} INFO - Processing /home/airflow/.local/lib/python3.12/site-packages/airflow/example_dags/example_trigger_controller_dag.py took 0.208 seconds
[2025-05-23T10:34:26.574-0600] {processor.py:186} INFO - Started process (PID=680) to work on /home/airflow/.local/lib/python3.12/site-packages/airflow/example_dags/example_trigger_controller_dag.py
[2025-05-23T10:34:26.577-0600] {processor.py:914} INFO - Processing file /home/airflow/.local/lib/python3.12/site-packages/airflow/example_dags/example_trigger_controller_dag.py for tasks to queue
[2025-05-23T10:34:26.583-0600] {logging_mixin.py:190} INFO - [2025-05-23T10:34:26.582-0600] {dagbag.py:588} INFO - Filling up the DagBag from /home/airflow/.local/lib/python3.12/site-packages/airflow/example_dags/example_trigger_controller_dag.py
[2025-05-23T10:34:26.598-0600] {processor.py:925} INFO - DAG(s) 'example_trigger_controller_dag' retrieved from /home/airflow/.local/lib/python3.12/site-packages/airflow/example_dags/example_trigger_controller_dag.py
[2025-05-23T10:34:26.652-0600] {logging_mixin.py:190} INFO - [2025-05-23T10:34:26.651-0600] {dag.py:3239} INFO - Sync 1 DAGs
[2025-05-23T10:34:26.732-0600] {logging_mixin.py:190} INFO - [2025-05-23T10:34:26.731-0600] {dag.py:4180} INFO - Setting next_dagrun for example_trigger_controller_dag to 2021-01-01 00:00:00+00:00, run_after=2021-01-01 00:00:00+00:00
[2025-05-23T10:34:26.792-0600] {processor.py:208} INFO - Processing /home/airflow/.local/lib/python3.12/site-packages/airflow/example_dags/example_trigger_controller_dag.py took 0.237 seconds
