[2025-05-23T10:29:46.907-0600] {processor.py:186} INFO - Started process (PID=114) to work on /home/airflow/.local/lib/python3.12/site-packages/airflow/example_dags/example_trigger_target_dag.py
[2025-05-23T10:29:46.908-0600] {processor.py:914} INFO - Processing file /home/airflow/.local/lib/python3.12/site-packages/airflow/example_dags/example_trigger_target_dag.py for tasks to queue
[2025-05-23T10:29:46.912-0600] {logging_mixin.py:190} INFO - [2025-05-23T10:29:46.911-0600] {dagbag.py:588} INFO - Filling up the DagBag from /home/airflow/.local/lib/python3.12/site-packages/airflow/example_dags/example_trigger_target_dag.py
[2025-05-23T10:29:46.926-0600] {processor.py:925} INFO - DAG(s) 'example_trigger_target_dag' retrieved from /home/airflow/.local/lib/python3.12/site-packages/airflow/example_dags/example_trigger_target_dag.py
[2025-05-23T10:29:47.149-0600] {logging_mixin.py:190} INFO - [2025-05-23T10:29:47.148-0600] {override.py:1912} INFO - Created Permission View: can delete on DAG:example_trigger_target_dag
[2025-05-23T10:29:47.167-0600] {logging_mixin.py:190} INFO - [2025-05-23T10:29:47.164-0600] {override.py:1912} INFO - Created Permission View: can edit on DAG:example_trigger_target_dag
[2025-05-23T10:29:47.178-0600] {logging_mixin.py:190} INFO - [2025-05-23T10:29:47.178-0600] {override.py:1912} INFO - Created Permission View: can read on DAG:example_trigger_target_dag
[2025-05-23T10:29:47.198-0600] {logging_mixin.py:190} INFO - [2025-05-23T10:29:47.198-0600] {override.py:1912} INFO - Created Permission View: can delete on DAG Run:example_trigger_target_dag
[2025-05-23T10:29:47.208-0600] {logging_mixin.py:190} INFO - [2025-05-23T10:29:47.208-0600] {override.py:1912} INFO - Created Permission View: can create on DAG Run:example_trigger_target_dag
[2025-05-23T10:29:47.217-0600] {logging_mixin.py:190} INFO - [2025-05-23T10:29:47.217-0600] {override.py:1912} INFO - Created Permission View: menu access on DAG Run:example_trigger_target_dag
[2025-05-23T10:29:47.226-0600] {logging_mixin.py:190} INFO - [2025-05-23T10:29:47.225-0600] {override.py:1912} INFO - Created Permission View: can read on DAG Run:example_trigger_target_dag
[2025-05-23T10:29:47.226-0600] {logging_mixin.py:190} INFO - [2025-05-23T10:29:47.226-0600] {dag.py:3239} INFO - Sync 1 DAGs
[2025-05-23T10:29:47.249-0600] {logging_mixin.py:190} INFO - [2025-05-23T10:29:47.249-0600] {dag.py:3262} INFO - Creating ORM DAG for example_trigger_target_dag
[2025-05-23T10:29:47.250-0600] {logging_mixin.py:190} INFO - [2025-05-23T10:29:47.250-0600] {dag.py:4180} INFO - Setting next_dagrun for example_trigger_target_dag to None, run_after=None
[2025-05-23T10:29:47.274-0600] {processor.py:208} INFO - Processing /home/airflow/.local/lib/python3.12/site-packages/airflow/example_dags/example_trigger_target_dag.py took 0.380 seconds
[2025-05-23T10:30:17.877-0600] {processor.py:186} INFO - Started process (PID=177) to work on /home/airflow/.local/lib/python3.12/site-packages/airflow/example_dags/example_trigger_target_dag.py
[2025-05-23T10:30:17.878-0600] {processor.py:914} INFO - Processing file /home/airflow/.local/lib/python3.12/site-packages/airflow/example_dags/example_trigger_target_dag.py for tasks to queue
[2025-05-23T10:30:17.883-0600] {logging_mixin.py:190} INFO - [2025-05-23T10:30:17.882-0600] {dagbag.py:588} INFO - Filling up the DagBag from /home/airflow/.local/lib/python3.12/site-packages/airflow/example_dags/example_trigger_target_dag.py
[2025-05-23T10:30:17.896-0600] {processor.py:925} INFO - DAG(s) 'example_trigger_target_dag' retrieved from /home/airflow/.local/lib/python3.12/site-packages/airflow/example_dags/example_trigger_target_dag.py
[2025-05-23T10:30:17.938-0600] {logging_mixin.py:190} INFO - [2025-05-23T10:30:17.937-0600] {dag.py:3239} INFO - Sync 1 DAGs
[2025-05-23T10:30:17.962-0600] {logging_mixin.py:190} INFO - [2025-05-23T10:30:17.962-0600] {dag.py:4180} INFO - Setting next_dagrun for example_trigger_target_dag to None, run_after=None
[2025-05-23T10:30:17.988-0600] {processor.py:208} INFO - Processing /home/airflow/.local/lib/python3.12/site-packages/airflow/example_dags/example_trigger_target_dag.py took 0.122 seconds
[2025-05-23T10:30:48.216-0600] {processor.py:186} INFO - Started process (PID=240) to work on /home/airflow/.local/lib/python3.12/site-packages/airflow/example_dags/example_trigger_target_dag.py
[2025-05-23T10:30:48.219-0600] {processor.py:914} INFO - Processing file /home/airflow/.local/lib/python3.12/site-packages/airflow/example_dags/example_trigger_target_dag.py for tasks to queue
[2025-05-23T10:30:48.227-0600] {logging_mixin.py:190} INFO - [2025-05-23T10:30:48.226-0600] {dagbag.py:588} INFO - Filling up the DagBag from /home/airflow/.local/lib/python3.12/site-packages/airflow/example_dags/example_trigger_target_dag.py
[2025-05-23T10:30:48.245-0600] {processor.py:925} INFO - DAG(s) 'example_trigger_target_dag' retrieved from /home/airflow/.local/lib/python3.12/site-packages/airflow/example_dags/example_trigger_target_dag.py
[2025-05-23T10:30:48.300-0600] {logging_mixin.py:190} INFO - [2025-05-23T10:30:48.299-0600] {dag.py:3239} INFO - Sync 1 DAGs
[2025-05-23T10:30:48.327-0600] {logging_mixin.py:190} INFO - [2025-05-23T10:30:48.327-0600] {dag.py:4180} INFO - Setting next_dagrun for example_trigger_target_dag to None, run_after=None
[2025-05-23T10:30:48.357-0600] {processor.py:208} INFO - Processing /home/airflow/.local/lib/python3.12/site-packages/airflow/example_dags/example_trigger_target_dag.py took 0.164 seconds
[2025-05-23T10:31:18.671-0600] {processor.py:186} INFO - Started process (PID=303) to work on /home/airflow/.local/lib/python3.12/site-packages/airflow/example_dags/example_trigger_target_dag.py
[2025-05-23T10:31:18.673-0600] {processor.py:914} INFO - Processing file /home/airflow/.local/lib/python3.12/site-packages/airflow/example_dags/example_trigger_target_dag.py for tasks to queue
[2025-05-23T10:31:18.680-0600] {logging_mixin.py:190} INFO - [2025-05-23T10:31:18.679-0600] {dagbag.py:588} INFO - Filling up the DagBag from /home/airflow/.local/lib/python3.12/site-packages/airflow/example_dags/example_trigger_target_dag.py
[2025-05-23T10:31:18.703-0600] {processor.py:925} INFO - DAG(s) 'example_trigger_target_dag' retrieved from /home/airflow/.local/lib/python3.12/site-packages/airflow/example_dags/example_trigger_target_dag.py
[2025-05-23T10:31:18.760-0600] {logging_mixin.py:190} INFO - [2025-05-23T10:31:18.760-0600] {dag.py:3239} INFO - Sync 1 DAGs
[2025-05-23T10:31:18.805-0600] {logging_mixin.py:190} INFO - [2025-05-23T10:31:18.804-0600] {dag.py:4180} INFO - Setting next_dagrun for example_trigger_target_dag to None, run_after=None
[2025-05-23T10:31:18.844-0600] {processor.py:208} INFO - Processing /home/airflow/.local/lib/python3.12/site-packages/airflow/example_dags/example_trigger_target_dag.py took 0.187 seconds
[2025-05-23T10:31:49.588-0600] {processor.py:186} INFO - Started process (PID=367) to work on /home/airflow/.local/lib/python3.12/site-packages/airflow/example_dags/example_trigger_target_dag.py
[2025-05-23T10:31:49.589-0600] {processor.py:914} INFO - Processing file /home/airflow/.local/lib/python3.12/site-packages/airflow/example_dags/example_trigger_target_dag.py for tasks to queue
[2025-05-23T10:31:49.594-0600] {logging_mixin.py:190} INFO - [2025-05-23T10:31:49.594-0600] {dagbag.py:588} INFO - Filling up the DagBag from /home/airflow/.local/lib/python3.12/site-packages/airflow/example_dags/example_trigger_target_dag.py
[2025-05-23T10:31:49.610-0600] {processor.py:925} INFO - DAG(s) 'example_trigger_target_dag' retrieved from /home/airflow/.local/lib/python3.12/site-packages/airflow/example_dags/example_trigger_target_dag.py
[2025-05-23T10:31:49.656-0600] {logging_mixin.py:190} INFO - [2025-05-23T10:31:49.655-0600] {dag.py:3239} INFO - Sync 1 DAGs
[2025-05-23T10:31:49.684-0600] {logging_mixin.py:190} INFO - [2025-05-23T10:31:49.684-0600] {dag.py:4180} INFO - Setting next_dagrun for example_trigger_target_dag to None, run_after=None
[2025-05-23T10:31:49.719-0600] {processor.py:208} INFO - Processing /home/airflow/.local/lib/python3.12/site-packages/airflow/example_dags/example_trigger_target_dag.py took 0.143 seconds
[2025-05-23T10:32:20.372-0600] {processor.py:186} INFO - Started process (PID=430) to work on /home/airflow/.local/lib/python3.12/site-packages/airflow/example_dags/example_trigger_target_dag.py
[2025-05-23T10:32:20.373-0600] {processor.py:914} INFO - Processing file /home/airflow/.local/lib/python3.12/site-packages/airflow/example_dags/example_trigger_target_dag.py for tasks to queue
[2025-05-23T10:32:20.378-0600] {logging_mixin.py:190} INFO - [2025-05-23T10:32:20.377-0600] {dagbag.py:588} INFO - Filling up the DagBag from /home/airflow/.local/lib/python3.12/site-packages/airflow/example_dags/example_trigger_target_dag.py
[2025-05-23T10:32:20.394-0600] {processor.py:925} INFO - DAG(s) 'example_trigger_target_dag' retrieved from /home/airflow/.local/lib/python3.12/site-packages/airflow/example_dags/example_trigger_target_dag.py
[2025-05-23T10:32:20.439-0600] {logging_mixin.py:190} INFO - [2025-05-23T10:32:20.438-0600] {dag.py:3239} INFO - Sync 1 DAGs
[2025-05-23T10:32:20.470-0600] {logging_mixin.py:190} INFO - [2025-05-23T10:32:20.469-0600] {dag.py:4180} INFO - Setting next_dagrun for example_trigger_target_dag to None, run_after=None
[2025-05-23T10:32:20.506-0600] {processor.py:208} INFO - Processing /home/airflow/.local/lib/python3.12/site-packages/airflow/example_dags/example_trigger_target_dag.py took 0.145 seconds
[2025-05-23T10:32:51.182-0600] {processor.py:186} INFO - Started process (PID=492) to work on /home/airflow/.local/lib/python3.12/site-packages/airflow/example_dags/example_trigger_target_dag.py
[2025-05-23T10:32:51.184-0600] {processor.py:914} INFO - Processing file /home/airflow/.local/lib/python3.12/site-packages/airflow/example_dags/example_trigger_target_dag.py for tasks to queue
[2025-05-23T10:32:51.188-0600] {logging_mixin.py:190} INFO - [2025-05-23T10:32:51.188-0600] {dagbag.py:588} INFO - Filling up the DagBag from /home/airflow/.local/lib/python3.12/site-packages/airflow/example_dags/example_trigger_target_dag.py
[2025-05-23T10:32:51.204-0600] {processor.py:925} INFO - DAG(s) 'example_trigger_target_dag' retrieved from /home/airflow/.local/lib/python3.12/site-packages/airflow/example_dags/example_trigger_target_dag.py
[2025-05-23T10:32:51.243-0600] {logging_mixin.py:190} INFO - [2025-05-23T10:32:51.242-0600] {dag.py:3239} INFO - Sync 1 DAGs
[2025-05-23T10:32:51.268-0600] {logging_mixin.py:190} INFO - [2025-05-23T10:32:51.268-0600] {dag.py:4180} INFO - Setting next_dagrun for example_trigger_target_dag to None, run_after=None
[2025-05-23T10:32:51.300-0600] {processor.py:208} INFO - Processing /home/airflow/.local/lib/python3.12/site-packages/airflow/example_dags/example_trigger_target_dag.py took 0.130 seconds
[2025-05-23T10:33:23.085-0600] {processor.py:186} INFO - Started process (PID=555) to work on /home/airflow/.local/lib/python3.12/site-packages/airflow/example_dags/example_trigger_target_dag.py
[2025-05-23T10:33:23.087-0600] {processor.py:914} INFO - Processing file /home/airflow/.local/lib/python3.12/site-packages/airflow/example_dags/example_trigger_target_dag.py for tasks to queue
[2025-05-23T10:33:23.092-0600] {logging_mixin.py:190} INFO - [2025-05-23T10:33:23.091-0600] {dagbag.py:588} INFO - Filling up the DagBag from /home/airflow/.local/lib/python3.12/site-packages/airflow/example_dags/example_trigger_target_dag.py
[2025-05-23T10:33:23.107-0600] {processor.py:925} INFO - DAG(s) 'example_trigger_target_dag' retrieved from /home/airflow/.local/lib/python3.12/site-packages/airflow/example_dags/example_trigger_target_dag.py
[2025-05-23T10:33:23.142-0600] {logging_mixin.py:190} INFO - [2025-05-23T10:33:23.142-0600] {dag.py:3239} INFO - Sync 1 DAGs
[2025-05-23T10:33:23.170-0600] {logging_mixin.py:190} INFO - [2025-05-23T10:33:23.169-0600] {dag.py:4180} INFO - Setting next_dagrun for example_trigger_target_dag to None, run_after=None
[2025-05-23T10:33:23.197-0600] {processor.py:208} INFO - Processing /home/airflow/.local/lib/python3.12/site-packages/airflow/example_dags/example_trigger_target_dag.py took 0.125 seconds
[2025-05-23T10:33:54.424-0600] {processor.py:186} INFO - Started process (PID=617) to work on /home/airflow/.local/lib/python3.12/site-packages/airflow/example_dags/example_trigger_target_dag.py
[2025-05-23T10:33:54.426-0600] {processor.py:914} INFO - Processing file /home/airflow/.local/lib/python3.12/site-packages/airflow/example_dags/example_trigger_target_dag.py for tasks to queue
[2025-05-23T10:33:54.432-0600] {logging_mixin.py:190} INFO - [2025-05-23T10:33:54.430-0600] {dagbag.py:588} INFO - Filling up the DagBag from /home/airflow/.local/lib/python3.12/site-packages/airflow/example_dags/example_trigger_target_dag.py
[2025-05-23T10:33:54.453-0600] {processor.py:925} INFO - DAG(s) 'example_trigger_target_dag' retrieved from /home/airflow/.local/lib/python3.12/site-packages/airflow/example_dags/example_trigger_target_dag.py
[2025-05-23T10:33:54.508-0600] {logging_mixin.py:190} INFO - [2025-05-23T10:33:54.507-0600] {dag.py:3239} INFO - Sync 1 DAGs
[2025-05-23T10:33:54.550-0600] {logging_mixin.py:190} INFO - [2025-05-23T10:33:54.549-0600] {dag.py:4180} INFO - Setting next_dagrun for example_trigger_target_dag to None, run_after=None
[2025-05-23T10:33:54.594-0600] {processor.py:208} INFO - Processing /home/airflow/.local/lib/python3.12/site-packages/airflow/example_dags/example_trigger_target_dag.py took 0.185 seconds
[2025-05-23T10:34:26.806-0600] {processor.py:186} INFO - Started process (PID=681) to work on /home/airflow/.local/lib/python3.12/site-packages/airflow/example_dags/example_trigger_target_dag.py
[2025-05-23T10:34:26.808-0600] {processor.py:914} INFO - Processing file /home/airflow/.local/lib/python3.12/site-packages/airflow/example_dags/example_trigger_target_dag.py for tasks to queue
[2025-05-23T10:34:26.813-0600] {logging_mixin.py:190} INFO - [2025-05-23T10:34:26.812-0600] {dagbag.py:588} INFO - Filling up the DagBag from /home/airflow/.local/lib/python3.12/site-packages/airflow/example_dags/example_trigger_target_dag.py
[2025-05-23T10:34:26.833-0600] {processor.py:925} INFO - DAG(s) 'example_trigger_target_dag' retrieved from /home/airflow/.local/lib/python3.12/site-packages/airflow/example_dags/example_trigger_target_dag.py
[2025-05-23T10:34:26.879-0600] {logging_mixin.py:190} INFO - [2025-05-23T10:34:26.879-0600] {dag.py:3239} INFO - Sync 1 DAGs
[2025-05-23T10:34:26.917-0600] {logging_mixin.py:190} INFO - [2025-05-23T10:34:26.917-0600] {dag.py:4180} INFO - Setting next_dagrun for example_trigger_target_dag to None, run_after=None
[2025-05-23T10:34:26.949-0600] {processor.py:208} INFO - Processing /home/airflow/.local/lib/python3.12/site-packages/airflow/example_dags/example_trigger_target_dag.py took 0.164 seconds
