[2025-05-23T10:29:37.189-0600] {processor.py:186} INFO - Started process (PID=90) to work on /home/airflow/.local/lib/python3.12/site-packages/airflow/example_dags/example_kubernetes_executor.py
[2025-05-23T10:29:37.192-0600] {processor.py:914} INFO - Processing file /home/airflow/.local/lib/python3.12/site-packages/airflow/example_dags/example_kubernetes_executor.py for tasks to queue
[2025-05-23T10:29:37.200-0600] {logging_mixin.py:190} INFO - [2025-05-23T10:29:37.198-0600] {dagbag.py:588} INFO - Filling up the DagBag from /home/airflow/.local/lib/python3.12/site-packages/airflow/example_dags/example_kubernetes_executor.py
[2025-05-23T10:29:37.326-0600] {processor.py:925} INFO - DAG(s) 'example_kubernetes_executor' retrieved from /home/airflow/.local/lib/python3.12/site-packages/airflow/example_dags/example_kubernetes_executor.py
[2025-05-23T10:29:37.811-0600] {logging_mixin.py:190} INFO - [2025-05-23T10:29:37.810-0600] {override.py:1912} INFO - Created Permission View: can delete on DAG:example_kubernetes_executor
[2025-05-23T10:29:37.850-0600] {logging_mixin.py:190} INFO - [2025-05-23T10:29:37.850-0600] {override.py:1912} INFO - Created Permission View: can edit on DAG:example_kubernetes_executor
[2025-05-23T10:29:37.862-0600] {logging_mixin.py:190} INFO - [2025-05-23T10:29:37.862-0600] {override.py:1912} INFO - Created Permission View: can read on DAG:example_kubernetes_executor
[2025-05-23T10:29:37.873-0600] {logging_mixin.py:190} INFO - [2025-05-23T10:29:37.873-0600] {override.py:1912} INFO - Created Permission View: can delete on DAG Run:example_kubernetes_executor
[2025-05-23T10:29:37.883-0600] {logging_mixin.py:190} INFO - [2025-05-23T10:29:37.883-0600] {override.py:1912} INFO - Created Permission View: can create on DAG Run:example_kubernetes_executor
[2025-05-23T10:29:37.894-0600] {logging_mixin.py:190} INFO - [2025-05-23T10:29:37.893-0600] {override.py:1912} INFO - Created Permission View: menu access on DAG Run:example_kubernetes_executor
[2025-05-23T10:29:37.906-0600] {logging_mixin.py:190} INFO - [2025-05-23T10:29:37.905-0600] {override.py:1912} INFO - Created Permission View: can read on DAG Run:example_kubernetes_executor
[2025-05-23T10:29:37.906-0600] {logging_mixin.py:190} INFO - [2025-05-23T10:29:37.906-0600] {dag.py:3239} INFO - Sync 1 DAGs
[2025-05-23T10:29:37.947-0600] {logging_mixin.py:190} INFO - [2025-05-23T10:29:37.946-0600] {dag.py:3262} INFO - Creating ORM DAG for example_kubernetes_executor
[2025-05-23T10:29:37.949-0600] {logging_mixin.py:190} INFO - [2025-05-23T10:29:37.948-0600] {dag.py:4180} INFO - Setting next_dagrun for example_kubernetes_executor to None, run_after=None
[2025-05-23T10:29:38.037-0600] {processor.py:208} INFO - Processing /home/airflow/.local/lib/python3.12/site-packages/airflow/example_dags/example_kubernetes_executor.py took 0.867 seconds
[2025-05-23T10:30:08.651-0600] {processor.py:186} INFO - Started process (PID=152) to work on /home/airflow/.local/lib/python3.12/site-packages/airflow/example_dags/example_kubernetes_executor.py
[2025-05-23T10:30:08.653-0600] {processor.py:914} INFO - Processing file /home/airflow/.local/lib/python3.12/site-packages/airflow/example_dags/example_kubernetes_executor.py for tasks to queue
[2025-05-23T10:30:08.657-0600] {logging_mixin.py:190} INFO - [2025-05-23T10:30:08.657-0600] {dagbag.py:588} INFO - Filling up the DagBag from /home/airflow/.local/lib/python3.12/site-packages/airflow/example_dags/example_kubernetes_executor.py
[2025-05-23T10:30:08.684-0600] {processor.py:925} INFO - DAG(s) 'example_kubernetes_executor' retrieved from /home/airflow/.local/lib/python3.12/site-packages/airflow/example_dags/example_kubernetes_executor.py
[2025-05-23T10:30:08.725-0600] {logging_mixin.py:190} INFO - [2025-05-23T10:30:08.725-0600] {dag.py:3239} INFO - Sync 1 DAGs
[2025-05-23T10:30:08.755-0600] {logging_mixin.py:190} INFO - [2025-05-23T10:30:08.755-0600] {dag.py:4180} INFO - Setting next_dagrun for example_kubernetes_executor to None, run_after=None
[2025-05-23T10:30:08.784-0600] {processor.py:208} INFO - Processing /home/airflow/.local/lib/python3.12/site-packages/airflow/example_dags/example_kubernetes_executor.py took 0.143 seconds
[2025-05-23T10:30:39.398-0600] {processor.py:186} INFO - Started process (PID=215) to work on /home/airflow/.local/lib/python3.12/site-packages/airflow/example_dags/example_kubernetes_executor.py
[2025-05-23T10:30:39.400-0600] {processor.py:914} INFO - Processing file /home/airflow/.local/lib/python3.12/site-packages/airflow/example_dags/example_kubernetes_executor.py for tasks to queue
[2025-05-23T10:30:39.404-0600] {logging_mixin.py:190} INFO - [2025-05-23T10:30:39.404-0600] {dagbag.py:588} INFO - Filling up the DagBag from /home/airflow/.local/lib/python3.12/site-packages/airflow/example_dags/example_kubernetes_executor.py
[2025-05-23T10:30:39.433-0600] {processor.py:925} INFO - DAG(s) 'example_kubernetes_executor' retrieved from /home/airflow/.local/lib/python3.12/site-packages/airflow/example_dags/example_kubernetes_executor.py
[2025-05-23T10:30:39.499-0600] {logging_mixin.py:190} INFO - [2025-05-23T10:30:39.499-0600] {dag.py:3239} INFO - Sync 1 DAGs
[2025-05-23T10:30:39.548-0600] {logging_mixin.py:190} INFO - [2025-05-23T10:30:39.547-0600] {dag.py:4180} INFO - Setting next_dagrun for example_kubernetes_executor to None, run_after=None
[2025-05-23T10:30:39.592-0600] {processor.py:208} INFO - Processing /home/airflow/.local/lib/python3.12/site-packages/airflow/example_dags/example_kubernetes_executor.py took 0.214 seconds
[2025-05-23T10:31:10.203-0600] {processor.py:186} INFO - Started process (PID=277) to work on /home/airflow/.local/lib/python3.12/site-packages/airflow/example_dags/example_kubernetes_executor.py
[2025-05-23T10:31:10.204-0600] {processor.py:914} INFO - Processing file /home/airflow/.local/lib/python3.12/site-packages/airflow/example_dags/example_kubernetes_executor.py for tasks to queue
[2025-05-23T10:31:10.209-0600] {logging_mixin.py:190} INFO - [2025-05-23T10:31:10.208-0600] {dagbag.py:588} INFO - Filling up the DagBag from /home/airflow/.local/lib/python3.12/site-packages/airflow/example_dags/example_kubernetes_executor.py
[2025-05-23T10:31:10.237-0600] {processor.py:925} INFO - DAG(s) 'example_kubernetes_executor' retrieved from /home/airflow/.local/lib/python3.12/site-packages/airflow/example_dags/example_kubernetes_executor.py
[2025-05-23T10:31:10.283-0600] {logging_mixin.py:190} INFO - [2025-05-23T10:31:10.282-0600] {dag.py:3239} INFO - Sync 1 DAGs
[2025-05-23T10:31:10.311-0600] {logging_mixin.py:190} INFO - [2025-05-23T10:31:10.311-0600] {dag.py:4180} INFO - Setting next_dagrun for example_kubernetes_executor to None, run_after=None
[2025-05-23T10:31:10.341-0600] {processor.py:208} INFO - Processing /home/airflow/.local/lib/python3.12/site-packages/airflow/example_dags/example_kubernetes_executor.py took 0.151 seconds
[2025-05-23T10:31:40.737-0600] {processor.py:186} INFO - Started process (PID=341) to work on /home/airflow/.local/lib/python3.12/site-packages/airflow/example_dags/example_kubernetes_executor.py
[2025-05-23T10:31:40.739-0600] {processor.py:914} INFO - Processing file /home/airflow/.local/lib/python3.12/site-packages/airflow/example_dags/example_kubernetes_executor.py for tasks to queue
[2025-05-23T10:31:40.742-0600] {logging_mixin.py:190} INFO - [2025-05-23T10:31:40.742-0600] {dagbag.py:588} INFO - Filling up the DagBag from /home/airflow/.local/lib/python3.12/site-packages/airflow/example_dags/example_kubernetes_executor.py
[2025-05-23T10:31:40.767-0600] {processor.py:925} INFO - DAG(s) 'example_kubernetes_executor' retrieved from /home/airflow/.local/lib/python3.12/site-packages/airflow/example_dags/example_kubernetes_executor.py
[2025-05-23T10:31:40.824-0600] {logging_mixin.py:190} INFO - [2025-05-23T10:31:40.824-0600] {dag.py:3239} INFO - Sync 1 DAGs
[2025-05-23T10:31:40.853-0600] {logging_mixin.py:190} INFO - [2025-05-23T10:31:40.852-0600] {dag.py:4180} INFO - Setting next_dagrun for example_kubernetes_executor to None, run_after=None
[2025-05-23T10:31:40.881-0600] {processor.py:208} INFO - Processing /home/airflow/.local/lib/python3.12/site-packages/airflow/example_dags/example_kubernetes_executor.py took 0.158 seconds
[2025-05-23T10:32:11.557-0600] {processor.py:186} INFO - Started process (PID=404) to work on /home/airflow/.local/lib/python3.12/site-packages/airflow/example_dags/example_kubernetes_executor.py
[2025-05-23T10:32:11.559-0600] {processor.py:914} INFO - Processing file /home/airflow/.local/lib/python3.12/site-packages/airflow/example_dags/example_kubernetes_executor.py for tasks to queue
[2025-05-23T10:32:11.564-0600] {logging_mixin.py:190} INFO - [2025-05-23T10:32:11.563-0600] {dagbag.py:588} INFO - Filling up the DagBag from /home/airflow/.local/lib/python3.12/site-packages/airflow/example_dags/example_kubernetes_executor.py
[2025-05-23T10:32:11.600-0600] {processor.py:925} INFO - DAG(s) 'example_kubernetes_executor' retrieved from /home/airflow/.local/lib/python3.12/site-packages/airflow/example_dags/example_kubernetes_executor.py
[2025-05-23T10:32:11.649-0600] {logging_mixin.py:190} INFO - [2025-05-23T10:32:11.649-0600] {dag.py:3239} INFO - Sync 1 DAGs
[2025-05-23T10:32:11.679-0600] {logging_mixin.py:190} INFO - [2025-05-23T10:32:11.679-0600] {dag.py:4180} INFO - Setting next_dagrun for example_kubernetes_executor to None, run_after=None
[2025-05-23T10:32:11.716-0600] {processor.py:208} INFO - Processing /home/airflow/.local/lib/python3.12/site-packages/airflow/example_dags/example_kubernetes_executor.py took 0.173 seconds
[2025-05-23T10:32:42.290-0600] {processor.py:186} INFO - Started process (PID=466) to work on /home/airflow/.local/lib/python3.12/site-packages/airflow/example_dags/example_kubernetes_executor.py
[2025-05-23T10:32:42.292-0600] {processor.py:914} INFO - Processing file /home/airflow/.local/lib/python3.12/site-packages/airflow/example_dags/example_kubernetes_executor.py for tasks to queue
[2025-05-23T10:32:42.301-0600] {logging_mixin.py:190} INFO - [2025-05-23T10:32:42.300-0600] {dagbag.py:588} INFO - Filling up the DagBag from /home/airflow/.local/lib/python3.12/site-packages/airflow/example_dags/example_kubernetes_executor.py
[2025-05-23T10:32:42.334-0600] {processor.py:925} INFO - DAG(s) 'example_kubernetes_executor' retrieved from /home/airflow/.local/lib/python3.12/site-packages/airflow/example_dags/example_kubernetes_executor.py
[2025-05-23T10:32:42.393-0600] {logging_mixin.py:190} INFO - [2025-05-23T10:32:42.392-0600] {dag.py:3239} INFO - Sync 1 DAGs
[2025-05-23T10:32:42.424-0600] {logging_mixin.py:190} INFO - [2025-05-23T10:32:42.424-0600] {dag.py:4180} INFO - Setting next_dagrun for example_kubernetes_executor to None, run_after=None
[2025-05-23T10:32:42.456-0600] {processor.py:208} INFO - Processing /home/airflow/.local/lib/python3.12/site-packages/airflow/example_dags/example_kubernetes_executor.py took 0.178 seconds
[2025-05-23T10:33:13.924-0600] {processor.py:186} INFO - Started process (PID=529) to work on /home/airflow/.local/lib/python3.12/site-packages/airflow/example_dags/example_kubernetes_executor.py
[2025-05-23T10:33:13.928-0600] {processor.py:914} INFO - Processing file /home/airflow/.local/lib/python3.12/site-packages/airflow/example_dags/example_kubernetes_executor.py for tasks to queue
[2025-05-23T10:33:13.939-0600] {logging_mixin.py:190} INFO - [2025-05-23T10:33:13.938-0600] {dagbag.py:588} INFO - Filling up the DagBag from /home/airflow/.local/lib/python3.12/site-packages/airflow/example_dags/example_kubernetes_executor.py
[2025-05-23T10:33:14.010-0600] {processor.py:925} INFO - DAG(s) 'example_kubernetes_executor' retrieved from /home/airflow/.local/lib/python3.12/site-packages/airflow/example_dags/example_kubernetes_executor.py
[2025-05-23T10:33:14.128-0600] {logging_mixin.py:190} INFO - [2025-05-23T10:33:14.128-0600] {dag.py:3239} INFO - Sync 1 DAGs
[2025-05-23T10:33:14.194-0600] {logging_mixin.py:190} INFO - [2025-05-23T10:33:14.192-0600] {dag.py:4180} INFO - Setting next_dagrun for example_kubernetes_executor to None, run_after=None
[2025-05-23T10:33:14.226-0600] {processor.py:208} INFO - Processing /home/airflow/.local/lib/python3.12/site-packages/airflow/example_dags/example_kubernetes_executor.py took 0.317 seconds
[2025-05-23T10:33:44.927-0600] {processor.py:186} INFO - Started process (PID=592) to work on /home/airflow/.local/lib/python3.12/site-packages/airflow/example_dags/example_kubernetes_executor.py
[2025-05-23T10:33:44.929-0600] {processor.py:914} INFO - Processing file /home/airflow/.local/lib/python3.12/site-packages/airflow/example_dags/example_kubernetes_executor.py for tasks to queue
[2025-05-23T10:33:44.933-0600] {logging_mixin.py:190} INFO - [2025-05-23T10:33:44.933-0600] {dagbag.py:588} INFO - Filling up the DagBag from /home/airflow/.local/lib/python3.12/site-packages/airflow/example_dags/example_kubernetes_executor.py
[2025-05-23T10:33:44.962-0600] {processor.py:925} INFO - DAG(s) 'example_kubernetes_executor' retrieved from /home/airflow/.local/lib/python3.12/site-packages/airflow/example_dags/example_kubernetes_executor.py
[2025-05-23T10:33:45.007-0600] {logging_mixin.py:190} INFO - [2025-05-23T10:33:45.007-0600] {dag.py:3239} INFO - Sync 1 DAGs
[2025-05-23T10:33:45.040-0600] {logging_mixin.py:190} INFO - [2025-05-23T10:33:45.039-0600] {dag.py:4180} INFO - Setting next_dagrun for example_kubernetes_executor to None, run_after=None
[2025-05-23T10:33:45.070-0600] {processor.py:208} INFO - Processing /home/airflow/.local/lib/python3.12/site-packages/airflow/example_dags/example_kubernetes_executor.py took 0.155 seconds
[2025-05-23T10:34:16.745-0600] {processor.py:186} INFO - Started process (PID=656) to work on /home/airflow/.local/lib/python3.12/site-packages/airflow/example_dags/example_kubernetes_executor.py
[2025-05-23T10:34:16.747-0600] {processor.py:914} INFO - Processing file /home/airflow/.local/lib/python3.12/site-packages/airflow/example_dags/example_kubernetes_executor.py for tasks to queue
[2025-05-23T10:34:16.750-0600] {logging_mixin.py:190} INFO - [2025-05-23T10:34:16.750-0600] {dagbag.py:588} INFO - Filling up the DagBag from /home/airflow/.local/lib/python3.12/site-packages/airflow/example_dags/example_kubernetes_executor.py
[2025-05-23T10:34:16.779-0600] {processor.py:925} INFO - DAG(s) 'example_kubernetes_executor' retrieved from /home/airflow/.local/lib/python3.12/site-packages/airflow/example_dags/example_kubernetes_executor.py
[2025-05-23T10:34:16.848-0600] {logging_mixin.py:190} INFO - [2025-05-23T10:34:16.848-0600] {dag.py:3239} INFO - Sync 1 DAGs
[2025-05-23T10:34:16.876-0600] {logging_mixin.py:190} INFO - [2025-05-23T10:34:16.876-0600] {dag.py:4180} INFO - Setting next_dagrun for example_kubernetes_executor to None, run_after=None
[2025-05-23T10:34:16.903-0600] {processor.py:208} INFO - Processing /home/airflow/.local/lib/python3.12/site-packages/airflow/example_dags/example_kubernetes_executor.py took 0.169 seconds
[2025-05-23T10:34:48.815-0600] {processor.py:186} INFO - Started process (PID=719) to work on /home/airflow/.local/lib/python3.12/site-packages/airflow/example_dags/example_kubernetes_executor.py
[2025-05-23T10:34:48.817-0600] {processor.py:914} INFO - Processing file /home/airflow/.local/lib/python3.12/site-packages/airflow/example_dags/example_kubernetes_executor.py for tasks to queue
[2025-05-23T10:34:48.821-0600] {logging_mixin.py:190} INFO - [2025-05-23T10:34:48.821-0600] {dagbag.py:588} INFO - Filling up the DagBag from /home/airflow/.local/lib/python3.12/site-packages/airflow/example_dags/example_kubernetes_executor.py
[2025-05-23T10:34:48.853-0600] {processor.py:925} INFO - DAG(s) 'example_kubernetes_executor' retrieved from /home/airflow/.local/lib/python3.12/site-packages/airflow/example_dags/example_kubernetes_executor.py
[2025-05-23T10:34:48.902-0600] {logging_mixin.py:190} INFO - [2025-05-23T10:34:48.902-0600] {dag.py:3239} INFO - Sync 1 DAGs
[2025-05-23T10:34:48.933-0600] {logging_mixin.py:190} INFO - [2025-05-23T10:34:48.933-0600] {dag.py:4180} INFO - Setting next_dagrun for example_kubernetes_executor to None, run_after=None
[2025-05-23T10:34:48.967-0600] {processor.py:208} INFO - Processing /home/airflow/.local/lib/python3.12/site-packages/airflow/example_dags/example_kubernetes_executor.py took 0.166 seconds
