[2025-05-23T10:29:21.880-0600] {processor.py:186} INFO - Started process (PID=68) to work on /home/airflow/.local/lib/python3.12/site-packages/airflow/example_dags/example_branch_datetime_operator.py
[2025-05-23T10:29:21.892-0600] {processor.py:914} INFO - Processing file /home/airflow/.local/lib/python3.12/site-packages/airflow/example_dags/example_branch_datetime_operator.py for tasks to queue
[2025-05-23T10:29:21.896-0600] {logging_mixin.py:190} INFO - [2025-05-23T10:29:21.895-0600] {dagbag.py:588} INFO - Filling up the DagBag from /home/airflow/.local/lib/python3.12/site-packages/airflow/example_dags/example_branch_datetime_operator.py
[2025-05-23T10:29:21.977-0600] {processor.py:925} INFO - DAG(s) 'example_branch_datetime_operator_2', 'example_branch_datetime_operator_3', 'example_branch_datetime_operator' retrieved from /home/airflow/.local/lib/python3.12/site-packages/airflow/example_dags/example_branch_datetime_operator.py
[2025-05-23T10:29:22.557-0600] {logging_mixin.py:190} INFO - [2025-05-23T10:29:22.556-0600] {override.py:1912} INFO - Created Permission View: can delete on DAG:example_branch_datetime_operator_2
[2025-05-23T10:29:22.575-0600] {logging_mixin.py:190} INFO - [2025-05-23T10:29:22.574-0600] {override.py:1912} INFO - Created Permission View: can edit on DAG:example_branch_datetime_operator_2
[2025-05-23T10:29:22.585-0600] {logging_mixin.py:190} INFO - [2025-05-23T10:29:22.585-0600] {override.py:1912} INFO - Created Permission View: can read on DAG:example_branch_datetime_operator_2
[2025-05-23T10:29:22.595-0600] {logging_mixin.py:190} INFO - [2025-05-23T10:29:22.594-0600] {override.py:1912} INFO - Created Permission View: can delete on DAG Run:example_branch_datetime_operator_2
[2025-05-23T10:29:22.603-0600] {logging_mixin.py:190} INFO - [2025-05-23T10:29:22.603-0600] {override.py:1912} INFO - Created Permission View: can create on DAG Run:example_branch_datetime_operator_2
[2025-05-23T10:29:22.613-0600] {logging_mixin.py:190} INFO - [2025-05-23T10:29:22.612-0600] {override.py:1912} INFO - Created Permission View: menu access on DAG Run:example_branch_datetime_operator_2
[2025-05-23T10:29:22.623-0600] {logging_mixin.py:190} INFO - [2025-05-23T10:29:22.622-0600] {override.py:1912} INFO - Created Permission View: can read on DAG Run:example_branch_datetime_operator_2
[2025-05-23T10:29:22.643-0600] {logging_mixin.py:190} INFO - [2025-05-23T10:29:22.642-0600] {override.py:1912} INFO - Created Permission View: can delete on DAG:example_branch_datetime_operator_3
[2025-05-23T10:29:22.653-0600] {logging_mixin.py:190} INFO - [2025-05-23T10:29:22.651-0600] {override.py:1912} INFO - Created Permission View: can edit on DAG:example_branch_datetime_operator_3
[2025-05-23T10:29:22.661-0600] {logging_mixin.py:190} INFO - [2025-05-23T10:29:22.661-0600] {override.py:1912} INFO - Created Permission View: can read on DAG:example_branch_datetime_operator_3
[2025-05-23T10:29:22.671-0600] {logging_mixin.py:190} INFO - [2025-05-23T10:29:22.670-0600] {override.py:1912} INFO - Created Permission View: can delete on DAG Run:example_branch_datetime_operator_3
[2025-05-23T10:29:22.679-0600] {logging_mixin.py:190} INFO - [2025-05-23T10:29:22.679-0600] {override.py:1912} INFO - Created Permission View: can create on DAG Run:example_branch_datetime_operator_3
[2025-05-23T10:29:22.688-0600] {logging_mixin.py:190} INFO - [2025-05-23T10:29:22.688-0600] {override.py:1912} INFO - Created Permission View: menu access on DAG Run:example_branch_datetime_operator_3
[2025-05-23T10:29:22.697-0600] {logging_mixin.py:190} INFO - [2025-05-23T10:29:22.696-0600] {override.py:1912} INFO - Created Permission View: can read on DAG Run:example_branch_datetime_operator_3
[2025-05-23T10:29:22.715-0600] {logging_mixin.py:190} INFO - [2025-05-23T10:29:22.715-0600] {override.py:1912} INFO - Created Permission View: can delete on DAG:example_branch_datetime_operator
[2025-05-23T10:29:22.723-0600] {logging_mixin.py:190} INFO - [2025-05-23T10:29:22.722-0600] {override.py:1912} INFO - Created Permission View: can edit on DAG:example_branch_datetime_operator
[2025-05-23T10:29:22.734-0600] {logging_mixin.py:190} INFO - [2025-05-23T10:29:22.733-0600] {override.py:1912} INFO - Created Permission View: can read on DAG:example_branch_datetime_operator
[2025-05-23T10:29:22.746-0600] {logging_mixin.py:190} INFO - [2025-05-23T10:29:22.745-0600] {override.py:1912} INFO - Created Permission View: can delete on DAG Run:example_branch_datetime_operator
[2025-05-23T10:29:22.775-0600] {logging_mixin.py:190} INFO - [2025-05-23T10:29:22.769-0600] {override.py:1912} INFO - Created Permission View: can create on DAG Run:example_branch_datetime_operator
[2025-05-23T10:29:22.790-0600] {logging_mixin.py:190} INFO - [2025-05-23T10:29:22.789-0600] {override.py:1912} INFO - Created Permission View: menu access on DAG Run:example_branch_datetime_operator
[2025-05-23T10:29:22.799-0600] {logging_mixin.py:190} INFO - [2025-05-23T10:29:22.798-0600] {override.py:1912} INFO - Created Permission View: can read on DAG Run:example_branch_datetime_operator
[2025-05-23T10:29:22.800-0600] {logging_mixin.py:190} INFO - [2025-05-23T10:29:22.799-0600] {dag.py:3239} INFO - Sync 3 DAGs
[2025-05-23T10:29:22.822-0600] {logging_mixin.py:190} INFO - [2025-05-23T10:29:22.821-0600] {dag.py:3262} INFO - Creating ORM DAG for example_branch_datetime_operator
[2025-05-23T10:29:22.822-0600] {logging_mixin.py:190} INFO - [2025-05-23T10:29:22.822-0600] {dag.py:3262} INFO - Creating ORM DAG for example_branch_datetime_operator_2
[2025-05-23T10:29:22.823-0600] {logging_mixin.py:190} INFO - [2025-05-23T10:29:22.823-0600] {dag.py:3262} INFO - Creating ORM DAG for example_branch_datetime_operator_3
[2025-05-23T10:29:22.849-0600] {logging_mixin.py:190} INFO - [2025-05-23T10:29:22.849-0600] {dag.py:4180} INFO - Setting next_dagrun for example_branch_datetime_operator to 2025-05-22 00:00:00+00:00, run_after=2025-05-23 00:00:00+00:00
[2025-05-23T10:29:22.855-0600] {logging_mixin.py:190} INFO - [2025-05-23T10:29:22.854-0600] {dag.py:4180} INFO - Setting next_dagrun for example_branch_datetime_operator_2 to 2025-05-22 00:00:00+00:00, run_after=2025-05-23 00:00:00+00:00
[2025-05-23T10:29:22.859-0600] {logging_mixin.py:190} INFO - [2025-05-23T10:29:22.858-0600] {dag.py:4180} INFO - Setting next_dagrun for example_branch_datetime_operator_3 to 2025-05-22 00:00:00+00:00, run_after=2025-05-23 00:00:00+00:00
[2025-05-23T10:29:22.887-0600] {processor.py:208} INFO - Processing /home/airflow/.local/lib/python3.12/site-packages/airflow/example_dags/example_branch_datetime_operator.py took 1.046 seconds
[2025-05-23T10:29:53.715-0600] {processor.py:186} INFO - Started process (PID=131) to work on /home/airflow/.local/lib/python3.12/site-packages/airflow/example_dags/example_branch_datetime_operator.py
[2025-05-23T10:29:53.716-0600] {processor.py:914} INFO - Processing file /home/airflow/.local/lib/python3.12/site-packages/airflow/example_dags/example_branch_datetime_operator.py for tasks to queue
[2025-05-23T10:29:53.721-0600] {logging_mixin.py:190} INFO - [2025-05-23T10:29:53.721-0600] {dagbag.py:588} INFO - Filling up the DagBag from /home/airflow/.local/lib/python3.12/site-packages/airflow/example_dags/example_branch_datetime_operator.py
[2025-05-23T10:29:53.748-0600] {processor.py:925} INFO - DAG(s) 'example_branch_datetime_operator_2', 'example_branch_datetime_operator_3', 'example_branch_datetime_operator' retrieved from /home/airflow/.local/lib/python3.12/site-packages/airflow/example_dags/example_branch_datetime_operator.py
[2025-05-23T10:29:53.808-0600] {logging_mixin.py:190} INFO - [2025-05-23T10:29:53.807-0600] {dag.py:3239} INFO - Sync 3 DAGs
[2025-05-23T10:29:53.865-0600] {logging_mixin.py:190} INFO - [2025-05-23T10:29:53.865-0600] {dag.py:4180} INFO - Setting next_dagrun for example_branch_datetime_operator to 2025-05-22 00:00:00+00:00, run_after=2025-05-23 00:00:00+00:00
[2025-05-23T10:29:53.880-0600] {logging_mixin.py:190} INFO - [2025-05-23T10:29:53.877-0600] {dag.py:4180} INFO - Setting next_dagrun for example_branch_datetime_operator_2 to 2025-05-22 00:00:00+00:00, run_after=2025-05-23 00:00:00+00:00
[2025-05-23T10:29:53.885-0600] {logging_mixin.py:190} INFO - [2025-05-23T10:29:53.884-0600] {dag.py:4180} INFO - Setting next_dagrun for example_branch_datetime_operator_3 to 2025-05-22 00:00:00+00:00, run_after=2025-05-23 00:00:00+00:00
[2025-05-23T10:29:53.911-0600] {processor.py:208} INFO - Processing /home/airflow/.local/lib/python3.12/site-packages/airflow/example_dags/example_branch_datetime_operator.py took 0.212 seconds
[2025-05-23T10:30:24.296-0600] {processor.py:186} INFO - Started process (PID=194) to work on /home/airflow/.local/lib/python3.12/site-packages/airflow/example_dags/example_branch_datetime_operator.py
[2025-05-23T10:30:24.297-0600] {processor.py:914} INFO - Processing file /home/airflow/.local/lib/python3.12/site-packages/airflow/example_dags/example_branch_datetime_operator.py for tasks to queue
[2025-05-23T10:30:24.302-0600] {logging_mixin.py:190} INFO - [2025-05-23T10:30:24.301-0600] {dagbag.py:588} INFO - Filling up the DagBag from /home/airflow/.local/lib/python3.12/site-packages/airflow/example_dags/example_branch_datetime_operator.py
[2025-05-23T10:30:24.325-0600] {processor.py:925} INFO - DAG(s) 'example_branch_datetime_operator', 'example_branch_datetime_operator_3', 'example_branch_datetime_operator_2' retrieved from /home/airflow/.local/lib/python3.12/site-packages/airflow/example_dags/example_branch_datetime_operator.py
[2025-05-23T10:30:24.371-0600] {logging_mixin.py:190} INFO - [2025-05-23T10:30:24.371-0600] {dag.py:3239} INFO - Sync 3 DAGs
[2025-05-23T10:30:24.417-0600] {logging_mixin.py:190} INFO - [2025-05-23T10:30:24.416-0600] {dag.py:4180} INFO - Setting next_dagrun for example_branch_datetime_operator to 2025-05-22 00:00:00+00:00, run_after=2025-05-23 00:00:00+00:00
[2025-05-23T10:30:24.425-0600] {logging_mixin.py:190} INFO - [2025-05-23T10:30:24.425-0600] {dag.py:4180} INFO - Setting next_dagrun for example_branch_datetime_operator_2 to 2025-05-22 00:00:00+00:00, run_after=2025-05-23 00:00:00+00:00
[2025-05-23T10:30:24.430-0600] {logging_mixin.py:190} INFO - [2025-05-23T10:30:24.429-0600] {dag.py:4180} INFO - Setting next_dagrun for example_branch_datetime_operator_3 to 2025-05-22 00:00:00+00:00, run_after=2025-05-23 00:00:00+00:00
[2025-05-23T10:30:24.453-0600] {processor.py:208} INFO - Processing /home/airflow/.local/lib/python3.12/site-packages/airflow/example_dags/example_branch_datetime_operator.py took 0.169 seconds
[2025-05-23T10:30:54.513-0600] {processor.py:186} INFO - Started process (PID=257) to work on /home/airflow/.local/lib/python3.12/site-packages/airflow/example_dags/example_branch_datetime_operator.py
[2025-05-23T10:30:54.515-0600] {processor.py:914} INFO - Processing file /home/airflow/.local/lib/python3.12/site-packages/airflow/example_dags/example_branch_datetime_operator.py for tasks to queue
[2025-05-23T10:30:54.519-0600] {logging_mixin.py:190} INFO - [2025-05-23T10:30:54.519-0600] {dagbag.py:588} INFO - Filling up the DagBag from /home/airflow/.local/lib/python3.12/site-packages/airflow/example_dags/example_branch_datetime_operator.py
[2025-05-23T10:30:54.540-0600] {processor.py:925} INFO - DAG(s) 'example_branch_datetime_operator_3', 'example_branch_datetime_operator_2', 'example_branch_datetime_operator' retrieved from /home/airflow/.local/lib/python3.12/site-packages/airflow/example_dags/example_branch_datetime_operator.py
[2025-05-23T10:30:54.580-0600] {logging_mixin.py:190} INFO - [2025-05-23T10:30:54.580-0600] {dag.py:3239} INFO - Sync 3 DAGs
[2025-05-23T10:30:54.620-0600] {logging_mixin.py:190} INFO - [2025-05-23T10:30:54.619-0600] {dag.py:4180} INFO - Setting next_dagrun for example_branch_datetime_operator to 2025-05-22 00:00:00+00:00, run_after=2025-05-23 00:00:00+00:00
[2025-05-23T10:30:54.627-0600] {logging_mixin.py:190} INFO - [2025-05-23T10:30:54.627-0600] {dag.py:4180} INFO - Setting next_dagrun for example_branch_datetime_operator_2 to 2025-05-22 00:00:00+00:00, run_after=2025-05-23 00:00:00+00:00
[2025-05-23T10:30:54.631-0600] {logging_mixin.py:190} INFO - [2025-05-23T10:30:54.631-0600] {dag.py:4180} INFO - Setting next_dagrun for example_branch_datetime_operator_3 to 2025-05-22 00:00:00+00:00, run_after=2025-05-23 00:00:00+00:00
[2025-05-23T10:30:54.652-0600] {processor.py:208} INFO - Processing /home/airflow/.local/lib/python3.12/site-packages/airflow/example_dags/example_branch_datetime_operator.py took 0.150 seconds
[2025-05-23T10:31:24.806-0600] {processor.py:186} INFO - Started process (PID=320) to work on /home/airflow/.local/lib/python3.12/site-packages/airflow/example_dags/example_branch_datetime_operator.py
[2025-05-23T10:31:24.808-0600] {processor.py:914} INFO - Processing file /home/airflow/.local/lib/python3.12/site-packages/airflow/example_dags/example_branch_datetime_operator.py for tasks to queue
[2025-05-23T10:31:24.812-0600] {logging_mixin.py:190} INFO - [2025-05-23T10:31:24.811-0600] {dagbag.py:588} INFO - Filling up the DagBag from /home/airflow/.local/lib/python3.12/site-packages/airflow/example_dags/example_branch_datetime_operator.py
[2025-05-23T10:31:24.832-0600] {processor.py:925} INFO - DAG(s) 'example_branch_datetime_operator_2', 'example_branch_datetime_operator', 'example_branch_datetime_operator_3' retrieved from /home/airflow/.local/lib/python3.12/site-packages/airflow/example_dags/example_branch_datetime_operator.py
[2025-05-23T10:31:24.879-0600] {logging_mixin.py:190} INFO - [2025-05-23T10:31:24.879-0600] {dag.py:3239} INFO - Sync 3 DAGs
[2025-05-23T10:31:24.922-0600] {logging_mixin.py:190} INFO - [2025-05-23T10:31:24.921-0600] {dag.py:4180} INFO - Setting next_dagrun for example_branch_datetime_operator to 2025-05-22 00:00:00+00:00, run_after=2025-05-23 00:00:00+00:00
[2025-05-23T10:31:24.929-0600] {logging_mixin.py:190} INFO - [2025-05-23T10:31:24.929-0600] {dag.py:4180} INFO - Setting next_dagrun for example_branch_datetime_operator_2 to 2025-05-22 00:00:00+00:00, run_after=2025-05-23 00:00:00+00:00
[2025-05-23T10:31:24.933-0600] {logging_mixin.py:190} INFO - [2025-05-23T10:31:24.933-0600] {dag.py:4180} INFO - Setting next_dagrun for example_branch_datetime_operator_3 to 2025-05-22 00:00:00+00:00, run_after=2025-05-23 00:00:00+00:00
[2025-05-23T10:31:24.956-0600] {processor.py:208} INFO - Processing /home/airflow/.local/lib/python3.12/site-packages/airflow/example_dags/example_branch_datetime_operator.py took 0.160 seconds
[2025-05-23T10:31:55.220-0600] {processor.py:186} INFO - Started process (PID=384) to work on /home/airflow/.local/lib/python3.12/site-packages/airflow/example_dags/example_branch_datetime_operator.py
[2025-05-23T10:31:55.222-0600] {processor.py:914} INFO - Processing file /home/airflow/.local/lib/python3.12/site-packages/airflow/example_dags/example_branch_datetime_operator.py for tasks to queue
[2025-05-23T10:31:55.228-0600] {logging_mixin.py:190} INFO - [2025-05-23T10:31:55.227-0600] {dagbag.py:588} INFO - Filling up the DagBag from /home/airflow/.local/lib/python3.12/site-packages/airflow/example_dags/example_branch_datetime_operator.py
[2025-05-23T10:31:55.255-0600] {processor.py:925} INFO - DAG(s) 'example_branch_datetime_operator', 'example_branch_datetime_operator_2', 'example_branch_datetime_operator_3' retrieved from /home/airflow/.local/lib/python3.12/site-packages/airflow/example_dags/example_branch_datetime_operator.py
[2025-05-23T10:31:55.305-0600] {logging_mixin.py:190} INFO - [2025-05-23T10:31:55.305-0600] {dag.py:3239} INFO - Sync 3 DAGs
[2025-05-23T10:31:55.355-0600] {logging_mixin.py:190} INFO - [2025-05-23T10:31:55.355-0600] {dag.py:4180} INFO - Setting next_dagrun for example_branch_datetime_operator to 2025-05-22 00:00:00+00:00, run_after=2025-05-23 00:00:00+00:00
[2025-05-23T10:31:55.364-0600] {logging_mixin.py:190} INFO - [2025-05-23T10:31:55.363-0600] {dag.py:4180} INFO - Setting next_dagrun for example_branch_datetime_operator_2 to 2025-05-22 00:00:00+00:00, run_after=2025-05-23 00:00:00+00:00
[2025-05-23T10:31:55.368-0600] {logging_mixin.py:190} INFO - [2025-05-23T10:31:55.367-0600] {dag.py:4180} INFO - Setting next_dagrun for example_branch_datetime_operator_3 to 2025-05-22 00:00:00+00:00, run_after=2025-05-23 00:00:00+00:00
[2025-05-23T10:31:55.393-0600] {processor.py:208} INFO - Processing /home/airflow/.local/lib/python3.12/site-packages/airflow/example_dags/example_branch_datetime_operator.py took 0.190 seconds
[2025-05-23T10:32:26.093-0600] {processor.py:186} INFO - Started process (PID=447) to work on /home/airflow/.local/lib/python3.12/site-packages/airflow/example_dags/example_branch_datetime_operator.py
[2025-05-23T10:32:26.096-0600] {processor.py:914} INFO - Processing file /home/airflow/.local/lib/python3.12/site-packages/airflow/example_dags/example_branch_datetime_operator.py for tasks to queue
[2025-05-23T10:32:26.103-0600] {logging_mixin.py:190} INFO - [2025-05-23T10:32:26.101-0600] {dagbag.py:588} INFO - Filling up the DagBag from /home/airflow/.local/lib/python3.12/site-packages/airflow/example_dags/example_branch_datetime_operator.py
[2025-05-23T10:32:26.137-0600] {processor.py:925} INFO - DAG(s) 'example_branch_datetime_operator', 'example_branch_datetime_operator_2', 'example_branch_datetime_operator_3' retrieved from /home/airflow/.local/lib/python3.12/site-packages/airflow/example_dags/example_branch_datetime_operator.py
[2025-05-23T10:32:26.216-0600] {logging_mixin.py:190} INFO - [2025-05-23T10:32:26.215-0600] {dag.py:3239} INFO - Sync 3 DAGs
[2025-05-23T10:32:26.282-0600] {logging_mixin.py:190} INFO - [2025-05-23T10:32:26.282-0600] {dag.py:4180} INFO - Setting next_dagrun for example_branch_datetime_operator to 2025-05-22 00:00:00+00:00, run_after=2025-05-23 00:00:00+00:00
[2025-05-23T10:32:26.297-0600] {logging_mixin.py:190} INFO - [2025-05-23T10:32:26.296-0600] {dag.py:4180} INFO - Setting next_dagrun for example_branch_datetime_operator_2 to 2025-05-22 00:00:00+00:00, run_after=2025-05-23 00:00:00+00:00
[2025-05-23T10:32:26.306-0600] {logging_mixin.py:190} INFO - [2025-05-23T10:32:26.305-0600] {dag.py:4180} INFO - Setting next_dagrun for example_branch_datetime_operator_3 to 2025-05-22 00:00:00+00:00, run_after=2025-05-23 00:00:00+00:00
[2025-05-23T10:32:26.342-0600] {processor.py:208} INFO - Processing /home/airflow/.local/lib/python3.12/site-packages/airflow/example_dags/example_branch_datetime_operator.py took 0.264 seconds
[2025-05-23T10:32:56.631-0600] {processor.py:186} INFO - Started process (PID=509) to work on /home/airflow/.local/lib/python3.12/site-packages/airflow/example_dags/example_branch_datetime_operator.py
[2025-05-23T10:32:56.632-0600] {processor.py:914} INFO - Processing file /home/airflow/.local/lib/python3.12/site-packages/airflow/example_dags/example_branch_datetime_operator.py for tasks to queue
[2025-05-23T10:32:56.637-0600] {logging_mixin.py:190} INFO - [2025-05-23T10:32:56.637-0600] {dagbag.py:588} INFO - Filling up the DagBag from /home/airflow/.local/lib/python3.12/site-packages/airflow/example_dags/example_branch_datetime_operator.py
[2025-05-23T10:32:56.660-0600] {processor.py:925} INFO - DAG(s) 'example_branch_datetime_operator', 'example_branch_datetime_operator_3', 'example_branch_datetime_operator_2' retrieved from /home/airflow/.local/lib/python3.12/site-packages/airflow/example_dags/example_branch_datetime_operator.py
[2025-05-23T10:32:56.713-0600] {logging_mixin.py:190} INFO - [2025-05-23T10:32:56.713-0600] {dag.py:3239} INFO - Sync 3 DAGs
[2025-05-23T10:32:56.762-0600] {logging_mixin.py:190} INFO - [2025-05-23T10:32:56.761-0600] {dag.py:4180} INFO - Setting next_dagrun for example_branch_datetime_operator to 2025-05-22 00:00:00+00:00, run_after=2025-05-23 00:00:00+00:00
[2025-05-23T10:32:56.770-0600] {logging_mixin.py:190} INFO - [2025-05-23T10:32:56.769-0600] {dag.py:4180} INFO - Setting next_dagrun for example_branch_datetime_operator_2 to 2025-05-22 00:00:00+00:00, run_after=2025-05-23 00:00:00+00:00
[2025-05-23T10:32:56.774-0600] {logging_mixin.py:190} INFO - [2025-05-23T10:32:56.773-0600] {dag.py:4180} INFO - Setting next_dagrun for example_branch_datetime_operator_3 to 2025-05-22 00:00:00+00:00, run_after=2025-05-23 00:00:00+00:00
[2025-05-23T10:32:56.804-0600] {processor.py:208} INFO - Processing /home/airflow/.local/lib/python3.12/site-packages/airflow/example_dags/example_branch_datetime_operator.py took 0.184 seconds
[2025-05-23T10:33:27.083-0600] {processor.py:186} INFO - Started process (PID=572) to work on /home/airflow/.local/lib/python3.12/site-packages/airflow/example_dags/example_branch_datetime_operator.py
[2025-05-23T10:33:27.085-0600] {processor.py:914} INFO - Processing file /home/airflow/.local/lib/python3.12/site-packages/airflow/example_dags/example_branch_datetime_operator.py for tasks to queue
[2025-05-23T10:33:27.089-0600] {logging_mixin.py:190} INFO - [2025-05-23T10:33:27.088-0600] {dagbag.py:588} INFO - Filling up the DagBag from /home/airflow/.local/lib/python3.12/site-packages/airflow/example_dags/example_branch_datetime_operator.py
[2025-05-23T10:33:27.118-0600] {processor.py:925} INFO - DAG(s) 'example_branch_datetime_operator', 'example_branch_datetime_operator_2', 'example_branch_datetime_operator_3' retrieved from /home/airflow/.local/lib/python3.12/site-packages/airflow/example_dags/example_branch_datetime_operator.py
[2025-05-23T10:33:27.175-0600] {logging_mixin.py:190} INFO - [2025-05-23T10:33:27.174-0600] {dag.py:3239} INFO - Sync 3 DAGs
[2025-05-23T10:33:27.233-0600] {logging_mixin.py:190} INFO - [2025-05-23T10:33:27.233-0600] {dag.py:4180} INFO - Setting next_dagrun for example_branch_datetime_operator to 2025-05-22 00:00:00+00:00, run_after=2025-05-23 00:00:00+00:00
[2025-05-23T10:33:27.243-0600] {logging_mixin.py:190} INFO - [2025-05-23T10:33:27.242-0600] {dag.py:4180} INFO - Setting next_dagrun for example_branch_datetime_operator_2 to 2025-05-22 00:00:00+00:00, run_after=2025-05-23 00:00:00+00:00
[2025-05-23T10:33:27.246-0600] {logging_mixin.py:190} INFO - [2025-05-23T10:33:27.246-0600] {dag.py:4180} INFO - Setting next_dagrun for example_branch_datetime_operator_3 to 2025-05-22 00:00:00+00:00, run_after=2025-05-23 00:00:00+00:00
[2025-05-23T10:33:27.277-0600] {processor.py:208} INFO - Processing /home/airflow/.local/lib/python3.12/site-packages/airflow/example_dags/example_branch_datetime_operator.py took 0.206 seconds
[2025-05-23T10:33:57.988-0600] {processor.py:186} INFO - Started process (PID=635) to work on /home/airflow/.local/lib/python3.12/site-packages/airflow/example_dags/example_branch_datetime_operator.py
[2025-05-23T10:33:57.991-0600] {processor.py:914} INFO - Processing file /home/airflow/.local/lib/python3.12/site-packages/airflow/example_dags/example_branch_datetime_operator.py for tasks to queue
[2025-05-23T10:33:57.995-0600] {logging_mixin.py:190} INFO - [2025-05-23T10:33:57.994-0600] {dagbag.py:588} INFO - Filling up the DagBag from /home/airflow/.local/lib/python3.12/site-packages/airflow/example_dags/example_branch_datetime_operator.py
[2025-05-23T10:33:58.021-0600] {processor.py:925} INFO - DAG(s) 'example_branch_datetime_operator_2', 'example_branch_datetime_operator_3', 'example_branch_datetime_operator' retrieved from /home/airflow/.local/lib/python3.12/site-packages/airflow/example_dags/example_branch_datetime_operator.py
[2025-05-23T10:33:58.066-0600] {logging_mixin.py:190} INFO - [2025-05-23T10:33:58.066-0600] {dag.py:3239} INFO - Sync 3 DAGs
[2025-05-23T10:33:58.119-0600] {logging_mixin.py:190} INFO - [2025-05-23T10:33:58.118-0600] {dag.py:4180} INFO - Setting next_dagrun for example_branch_datetime_operator to 2025-05-22 00:00:00+00:00, run_after=2025-05-23 00:00:00+00:00
[2025-05-23T10:33:58.126-0600] {logging_mixin.py:190} INFO - [2025-05-23T10:33:58.126-0600] {dag.py:4180} INFO - Setting next_dagrun for example_branch_datetime_operator_2 to 2025-05-22 00:00:00+00:00, run_after=2025-05-23 00:00:00+00:00
[2025-05-23T10:33:58.131-0600] {logging_mixin.py:190} INFO - [2025-05-23T10:33:58.130-0600] {dag.py:4180} INFO - Setting next_dagrun for example_branch_datetime_operator_3 to 2025-05-22 00:00:00+00:00, run_after=2025-05-23 00:00:00+00:00
[2025-05-23T10:33:58.155-0600] {processor.py:208} INFO - Processing /home/airflow/.local/lib/python3.12/site-packages/airflow/example_dags/example_branch_datetime_operator.py took 0.183 seconds
[2025-05-23T10:34:29.154-0600] {processor.py:186} INFO - Started process (PID=699) to work on /home/airflow/.local/lib/python3.12/site-packages/airflow/example_dags/example_branch_datetime_operator.py
[2025-05-23T10:34:29.156-0600] {processor.py:914} INFO - Processing file /home/airflow/.local/lib/python3.12/site-packages/airflow/example_dags/example_branch_datetime_operator.py for tasks to queue
[2025-05-23T10:34:29.162-0600] {logging_mixin.py:190} INFO - [2025-05-23T10:34:29.161-0600] {dagbag.py:588} INFO - Filling up the DagBag from /home/airflow/.local/lib/python3.12/site-packages/airflow/example_dags/example_branch_datetime_operator.py
[2025-05-23T10:34:29.186-0600] {processor.py:925} INFO - DAG(s) 'example_branch_datetime_operator_3', 'example_branch_datetime_operator_2', 'example_branch_datetime_operator' retrieved from /home/airflow/.local/lib/python3.12/site-packages/airflow/example_dags/example_branch_datetime_operator.py
[2025-05-23T10:34:29.252-0600] {logging_mixin.py:190} INFO - [2025-05-23T10:34:29.252-0600] {dag.py:3239} INFO - Sync 3 DAGs
[2025-05-23T10:34:29.326-0600] {logging_mixin.py:190} INFO - [2025-05-23T10:34:29.325-0600] {dag.py:4180} INFO - Setting next_dagrun for example_branch_datetime_operator to 2025-05-22 00:00:00+00:00, run_after=2025-05-23 00:00:00+00:00
[2025-05-23T10:34:29.343-0600] {logging_mixin.py:190} INFO - [2025-05-23T10:34:29.342-0600] {dag.py:4180} INFO - Setting next_dagrun for example_branch_datetime_operator_2 to 2025-05-22 00:00:00+00:00, run_after=2025-05-23 00:00:00+00:00
[2025-05-23T10:34:29.351-0600] {logging_mixin.py:190} INFO - [2025-05-23T10:34:29.350-0600] {dag.py:4180} INFO - Setting next_dagrun for example_branch_datetime_operator_3 to 2025-05-22 00:00:00+00:00, run_after=2025-05-23 00:00:00+00:00
[2025-05-23T10:34:29.420-0600] {processor.py:208} INFO - Processing /home/airflow/.local/lib/python3.12/site-packages/airflow/example_dags/example_branch_datetime_operator.py took 0.283 seconds
