[2025-05-23T10:29:34.818-0600] {processor.py:186} INFO - Started process (PID=88) to work on /home/airflow/.local/lib/python3.12/site-packages/airflow/example_dags/example_external_task_marker_dag.py
[2025-05-23T10:29:34.824-0600] {processor.py:914} INFO - Processing file /home/airflow/.local/lib/python3.12/site-packages/airflow/example_dags/example_external_task_marker_dag.py for tasks to queue
[2025-05-23T10:29:34.836-0600] {logging_mixin.py:190} INFO - [2025-05-23T10:29:34.828-0600] {dagbag.py:588} INFO - Filling up the DagBag from /home/airflow/.local/lib/python3.12/site-packages/airflow/example_dags/example_external_task_marker_dag.py
[2025-05-23T10:29:34.885-0600] {processor.py:925} INFO - DAG(s) 'example_external_task_marker_child', 'example_external_task_marker_parent' retrieved from /home/airflow/.local/lib/python3.12/site-packages/airflow/example_dags/example_external_task_marker_dag.py
[2025-05-23T10:29:35.515-0600] {logging_mixin.py:190} INFO - [2025-05-23T10:29:35.513-0600] {override.py:1912} INFO - Created Permission View: can delete on DAG:example_external_task_marker_child
[2025-05-23T10:29:35.545-0600] {logging_mixin.py:190} INFO - [2025-05-23T10:29:35.545-0600] {override.py:1912} INFO - Created Permission View: can edit on DAG:example_external_task_marker_child
[2025-05-23T10:29:35.559-0600] {logging_mixin.py:190} INFO - [2025-05-23T10:29:35.558-0600] {override.py:1912} INFO - Created Permission View: can read on DAG:example_external_task_marker_child
[2025-05-23T10:29:35.581-0600] {logging_mixin.py:190} INFO - [2025-05-23T10:29:35.581-0600] {override.py:1912} INFO - Created Permission View: can delete on DAG Run:example_external_task_marker_child
[2025-05-23T10:29:35.601-0600] {logging_mixin.py:190} INFO - [2025-05-23T10:29:35.601-0600] {override.py:1912} INFO - Created Permission View: can create on DAG Run:example_external_task_marker_child
[2025-05-23T10:29:35.615-0600] {logging_mixin.py:190} INFO - [2025-05-23T10:29:35.614-0600] {override.py:1912} INFO - Created Permission View: menu access on DAG Run:example_external_task_marker_child
[2025-05-23T10:29:35.634-0600] {logging_mixin.py:190} INFO - [2025-05-23T10:29:35.633-0600] {override.py:1912} INFO - Created Permission View: can read on DAG Run:example_external_task_marker_child
[2025-05-23T10:29:35.689-0600] {logging_mixin.py:190} INFO - [2025-05-23T10:29:35.688-0600] {override.py:1912} INFO - Created Permission View: can delete on DAG:example_external_task_marker_parent
[2025-05-23T10:29:35.712-0600] {logging_mixin.py:190} INFO - [2025-05-23T10:29:35.711-0600] {override.py:1912} INFO - Created Permission View: can edit on DAG:example_external_task_marker_parent
[2025-05-23T10:29:35.728-0600] {logging_mixin.py:190} INFO - [2025-05-23T10:29:35.727-0600] {override.py:1912} INFO - Created Permission View: can read on DAG:example_external_task_marker_parent
[2025-05-23T10:29:35.791-0600] {logging_mixin.py:190} INFO - [2025-05-23T10:29:35.790-0600] {override.py:1912} INFO - Created Permission View: can delete on DAG Run:example_external_task_marker_parent
[2025-05-23T10:29:35.834-0600] {logging_mixin.py:190} INFO - [2025-05-23T10:29:35.834-0600] {override.py:1912} INFO - Created Permission View: can create on DAG Run:example_external_task_marker_parent
[2025-05-23T10:29:35.858-0600] {logging_mixin.py:190} INFO - [2025-05-23T10:29:35.857-0600] {override.py:1912} INFO - Created Permission View: menu access on DAG Run:example_external_task_marker_parent
[2025-05-23T10:29:35.924-0600] {logging_mixin.py:190} INFO - [2025-05-23T10:29:35.923-0600] {override.py:1912} INFO - Created Permission View: can read on DAG Run:example_external_task_marker_parent
[2025-05-23T10:29:35.925-0600] {logging_mixin.py:190} INFO - [2025-05-23T10:29:35.924-0600] {dag.py:3239} INFO - Sync 2 DAGs
[2025-05-23T10:29:36.012-0600] {logging_mixin.py:190} INFO - [2025-05-23T10:29:36.012-0600] {dag.py:3262} INFO - Creating ORM DAG for example_external_task_marker_parent
[2025-05-23T10:29:36.014-0600] {logging_mixin.py:190} INFO - [2025-05-23T10:29:36.014-0600] {dag.py:3262} INFO - Creating ORM DAG for example_external_task_marker_child
[2025-05-23T10:29:36.015-0600] {logging_mixin.py:190} INFO - [2025-05-23T10:29:36.015-0600] {dag.py:4180} INFO - Setting next_dagrun for example_external_task_marker_child to None, run_after=None
[2025-05-23T10:29:36.017-0600] {logging_mixin.py:190} INFO - [2025-05-23T10:29:36.016-0600] {dag.py:4180} INFO - Setting next_dagrun for example_external_task_marker_parent to None, run_after=None
[2025-05-23T10:29:36.106-0600] {processor.py:208} INFO - Processing /home/airflow/.local/lib/python3.12/site-packages/airflow/example_dags/example_external_task_marker_dag.py took 1.312 seconds
[2025-05-23T10:30:06.536-0600] {processor.py:186} INFO - Started process (PID=150) to work on /home/airflow/.local/lib/python3.12/site-packages/airflow/example_dags/example_external_task_marker_dag.py
[2025-05-23T10:30:06.538-0600] {processor.py:914} INFO - Processing file /home/airflow/.local/lib/python3.12/site-packages/airflow/example_dags/example_external_task_marker_dag.py for tasks to queue
[2025-05-23T10:30:06.542-0600] {logging_mixin.py:190} INFO - [2025-05-23T10:30:06.541-0600] {dagbag.py:588} INFO - Filling up the DagBag from /home/airflow/.local/lib/python3.12/site-packages/airflow/example_dags/example_external_task_marker_dag.py
[2025-05-23T10:30:06.557-0600] {processor.py:925} INFO - DAG(s) 'example_external_task_marker_child', 'example_external_task_marker_parent' retrieved from /home/airflow/.local/lib/python3.12/site-packages/airflow/example_dags/example_external_task_marker_dag.py
[2025-05-23T10:30:06.601-0600] {logging_mixin.py:190} INFO - [2025-05-23T10:30:06.600-0600] {dag.py:3239} INFO - Sync 2 DAGs
[2025-05-23T10:30:06.626-0600] {logging_mixin.py:190} INFO - [2025-05-23T10:30:06.625-0600] {dag.py:4180} INFO - Setting next_dagrun for example_external_task_marker_child to None, run_after=None
[2025-05-23T10:30:06.631-0600] {logging_mixin.py:190} INFO - [2025-05-23T10:30:06.631-0600] {dag.py:4180} INFO - Setting next_dagrun for example_external_task_marker_parent to None, run_after=None
[2025-05-23T10:30:06.652-0600] {processor.py:208} INFO - Processing /home/airflow/.local/lib/python3.12/site-packages/airflow/example_dags/example_external_task_marker_dag.py took 0.133 seconds
[2025-05-23T10:30:37.235-0600] {processor.py:186} INFO - Started process (PID=213) to work on /home/airflow/.local/lib/python3.12/site-packages/airflow/example_dags/example_external_task_marker_dag.py
[2025-05-23T10:30:37.237-0600] {processor.py:914} INFO - Processing file /home/airflow/.local/lib/python3.12/site-packages/airflow/example_dags/example_external_task_marker_dag.py for tasks to queue
[2025-05-23T10:30:37.240-0600] {logging_mixin.py:190} INFO - [2025-05-23T10:30:37.240-0600] {dagbag.py:588} INFO - Filling up the DagBag from /home/airflow/.local/lib/python3.12/site-packages/airflow/example_dags/example_external_task_marker_dag.py
[2025-05-23T10:30:37.255-0600] {processor.py:925} INFO - DAG(s) 'example_external_task_marker_child', 'example_external_task_marker_parent' retrieved from /home/airflow/.local/lib/python3.12/site-packages/airflow/example_dags/example_external_task_marker_dag.py
[2025-05-23T10:30:37.295-0600] {logging_mixin.py:190} INFO - [2025-05-23T10:30:37.295-0600] {dag.py:3239} INFO - Sync 2 DAGs
[2025-05-23T10:30:37.321-0600] {logging_mixin.py:190} INFO - [2025-05-23T10:30:37.321-0600] {dag.py:4180} INFO - Setting next_dagrun for example_external_task_marker_child to None, run_after=None
[2025-05-23T10:30:37.327-0600] {logging_mixin.py:190} INFO - [2025-05-23T10:30:37.326-0600] {dag.py:4180} INFO - Setting next_dagrun for example_external_task_marker_parent to None, run_after=None
[2025-05-23T10:30:37.349-0600] {processor.py:208} INFO - Processing /home/airflow/.local/lib/python3.12/site-packages/airflow/example_dags/example_external_task_marker_dag.py took 0.125 seconds
[2025-05-23T10:31:08.059-0600] {processor.py:186} INFO - Started process (PID=276) to work on /home/airflow/.local/lib/python3.12/site-packages/airflow/example_dags/example_external_task_marker_dag.py
[2025-05-23T10:31:08.061-0600] {processor.py:914} INFO - Processing file /home/airflow/.local/lib/python3.12/site-packages/airflow/example_dags/example_external_task_marker_dag.py for tasks to queue
[2025-05-23T10:31:08.065-0600] {logging_mixin.py:190} INFO - [2025-05-23T10:31:08.064-0600] {dagbag.py:588} INFO - Filling up the DagBag from /home/airflow/.local/lib/python3.12/site-packages/airflow/example_dags/example_external_task_marker_dag.py
[2025-05-23T10:31:08.078-0600] {processor.py:925} INFO - DAG(s) 'example_external_task_marker_parent', 'example_external_task_marker_child' retrieved from /home/airflow/.local/lib/python3.12/site-packages/airflow/example_dags/example_external_task_marker_dag.py
[2025-05-23T10:31:08.118-0600] {logging_mixin.py:190} INFO - [2025-05-23T10:31:08.117-0600] {dag.py:3239} INFO - Sync 2 DAGs
[2025-05-23T10:31:08.145-0600] {logging_mixin.py:190} INFO - [2025-05-23T10:31:08.144-0600] {dag.py:4180} INFO - Setting next_dagrun for example_external_task_marker_child to None, run_after=None
[2025-05-23T10:31:08.151-0600] {logging_mixin.py:190} INFO - [2025-05-23T10:31:08.150-0600] {dag.py:4180} INFO - Setting next_dagrun for example_external_task_marker_parent to None, run_after=None
[2025-05-23T10:31:08.177-0600] {processor.py:208} INFO - Processing /home/airflow/.local/lib/python3.12/site-packages/airflow/example_dags/example_external_task_marker_dag.py took 0.129 seconds
[2025-05-23T10:31:38.617-0600] {processor.py:186} INFO - Started process (PID=340) to work on /home/airflow/.local/lib/python3.12/site-packages/airflow/example_dags/example_external_task_marker_dag.py
[2025-05-23T10:31:38.619-0600] {processor.py:914} INFO - Processing file /home/airflow/.local/lib/python3.12/site-packages/airflow/example_dags/example_external_task_marker_dag.py for tasks to queue
[2025-05-23T10:31:38.623-0600] {logging_mixin.py:190} INFO - [2025-05-23T10:31:38.623-0600] {dagbag.py:588} INFO - Filling up the DagBag from /home/airflow/.local/lib/python3.12/site-packages/airflow/example_dags/example_external_task_marker_dag.py
[2025-05-23T10:31:38.639-0600] {processor.py:925} INFO - DAG(s) 'example_external_task_marker_parent', 'example_external_task_marker_child' retrieved from /home/airflow/.local/lib/python3.12/site-packages/airflow/example_dags/example_external_task_marker_dag.py
[2025-05-23T10:31:38.686-0600] {logging_mixin.py:190} INFO - [2025-05-23T10:31:38.685-0600] {dag.py:3239} INFO - Sync 2 DAGs
[2025-05-23T10:31:38.717-0600] {logging_mixin.py:190} INFO - [2025-05-23T10:31:38.716-0600] {dag.py:4180} INFO - Setting next_dagrun for example_external_task_marker_child to None, run_after=None
[2025-05-23T10:31:38.723-0600] {logging_mixin.py:190} INFO - [2025-05-23T10:31:38.722-0600] {dag.py:4180} INFO - Setting next_dagrun for example_external_task_marker_parent to None, run_after=None
[2025-05-23T10:31:38.748-0600] {processor.py:208} INFO - Processing /home/airflow/.local/lib/python3.12/site-packages/airflow/example_dags/example_external_task_marker_dag.py took 0.143 seconds
[2025-05-23T10:32:09.401-0600] {processor.py:186} INFO - Started process (PID=403) to work on /home/airflow/.local/lib/python3.12/site-packages/airflow/example_dags/example_external_task_marker_dag.py
[2025-05-23T10:32:09.403-0600] {processor.py:914} INFO - Processing file /home/airflow/.local/lib/python3.12/site-packages/airflow/example_dags/example_external_task_marker_dag.py for tasks to queue
[2025-05-23T10:32:09.407-0600] {logging_mixin.py:190} INFO - [2025-05-23T10:32:09.406-0600] {dagbag.py:588} INFO - Filling up the DagBag from /home/airflow/.local/lib/python3.12/site-packages/airflow/example_dags/example_external_task_marker_dag.py
[2025-05-23T10:32:09.422-0600] {processor.py:925} INFO - DAG(s) 'example_external_task_marker_child', 'example_external_task_marker_parent' retrieved from /home/airflow/.local/lib/python3.12/site-packages/airflow/example_dags/example_external_task_marker_dag.py
[2025-05-23T10:32:09.463-0600] {logging_mixin.py:190} INFO - [2025-05-23T10:32:09.463-0600] {dag.py:3239} INFO - Sync 2 DAGs
[2025-05-23T10:32:09.491-0600] {logging_mixin.py:190} INFO - [2025-05-23T10:32:09.491-0600] {dag.py:4180} INFO - Setting next_dagrun for example_external_task_marker_child to None, run_after=None
[2025-05-23T10:32:09.497-0600] {logging_mixin.py:190} INFO - [2025-05-23T10:32:09.496-0600] {dag.py:4180} INFO - Setting next_dagrun for example_external_task_marker_parent to None, run_after=None
[2025-05-23T10:32:09.520-0600] {processor.py:208} INFO - Processing /home/airflow/.local/lib/python3.12/site-packages/airflow/example_dags/example_external_task_marker_dag.py took 0.135 seconds
[2025-05-23T10:32:41.099-0600] {processor.py:186} INFO - Started process (PID=465) to work on /home/airflow/.local/lib/python3.12/site-packages/airflow/example_dags/example_external_task_marker_dag.py
[2025-05-23T10:32:41.101-0600] {processor.py:914} INFO - Processing file /home/airflow/.local/lib/python3.12/site-packages/airflow/example_dags/example_external_task_marker_dag.py for tasks to queue
[2025-05-23T10:32:41.105-0600] {logging_mixin.py:190} INFO - [2025-05-23T10:32:41.104-0600] {dagbag.py:588} INFO - Filling up the DagBag from /home/airflow/.local/lib/python3.12/site-packages/airflow/example_dags/example_external_task_marker_dag.py
[2025-05-23T10:32:41.121-0600] {processor.py:925} INFO - DAG(s) 'example_external_task_marker_child', 'example_external_task_marker_parent' retrieved from /home/airflow/.local/lib/python3.12/site-packages/airflow/example_dags/example_external_task_marker_dag.py
[2025-05-23T10:32:41.173-0600] {logging_mixin.py:190} INFO - [2025-05-23T10:32:41.173-0600] {dag.py:3239} INFO - Sync 2 DAGs
[2025-05-23T10:32:41.204-0600] {logging_mixin.py:190} INFO - [2025-05-23T10:32:41.204-0600] {dag.py:4180} INFO - Setting next_dagrun for example_external_task_marker_child to None, run_after=None
[2025-05-23T10:32:41.214-0600] {logging_mixin.py:190} INFO - [2025-05-23T10:32:41.214-0600] {dag.py:4180} INFO - Setting next_dagrun for example_external_task_marker_parent to None, run_after=None
[2025-05-23T10:32:41.255-0600] {processor.py:208} INFO - Processing /home/airflow/.local/lib/python3.12/site-packages/airflow/example_dags/example_external_task_marker_dag.py took 0.168 seconds
[2025-05-23T10:33:13.688-0600] {processor.py:186} INFO - Started process (PID=528) to work on /home/airflow/.local/lib/python3.12/site-packages/airflow/example_dags/example_external_task_marker_dag.py
[2025-05-23T10:33:13.690-0600] {processor.py:914} INFO - Processing file /home/airflow/.local/lib/python3.12/site-packages/airflow/example_dags/example_external_task_marker_dag.py for tasks to queue
[2025-05-23T10:33:13.698-0600] {logging_mixin.py:190} INFO - [2025-05-23T10:33:13.697-0600] {dagbag.py:588} INFO - Filling up the DagBag from /home/airflow/.local/lib/python3.12/site-packages/airflow/example_dags/example_external_task_marker_dag.py
[2025-05-23T10:33:13.725-0600] {processor.py:925} INFO - DAG(s) 'example_external_task_marker_parent', 'example_external_task_marker_child' retrieved from /home/airflow/.local/lib/python3.12/site-packages/airflow/example_dags/example_external_task_marker_dag.py
[2025-05-23T10:33:13.800-0600] {logging_mixin.py:190} INFO - [2025-05-23T10:33:13.800-0600] {dag.py:3239} INFO - Sync 2 DAGs
[2025-05-23T10:33:13.841-0600] {logging_mixin.py:190} INFO - [2025-05-23T10:33:13.840-0600] {dag.py:4180} INFO - Setting next_dagrun for example_external_task_marker_child to None, run_after=None
[2025-05-23T10:33:13.847-0600] {logging_mixin.py:190} INFO - [2025-05-23T10:33:13.847-0600] {dag.py:4180} INFO - Setting next_dagrun for example_external_task_marker_parent to None, run_after=None
[2025-05-23T10:33:13.880-0600] {processor.py:208} INFO - Processing /home/airflow/.local/lib/python3.12/site-packages/airflow/example_dags/example_external_task_marker_dag.py took 0.214 seconds
[2025-05-23T10:33:44.692-0600] {processor.py:186} INFO - Started process (PID=591) to work on /home/airflow/.local/lib/python3.12/site-packages/airflow/example_dags/example_external_task_marker_dag.py
[2025-05-23T10:33:44.693-0600] {processor.py:914} INFO - Processing file /home/airflow/.local/lib/python3.12/site-packages/airflow/example_dags/example_external_task_marker_dag.py for tasks to queue
[2025-05-23T10:33:44.697-0600] {logging_mixin.py:190} INFO - [2025-05-23T10:33:44.697-0600] {dagbag.py:588} INFO - Filling up the DagBag from /home/airflow/.local/lib/python3.12/site-packages/airflow/example_dags/example_external_task_marker_dag.py
[2025-05-23T10:33:44.719-0600] {processor.py:925} INFO - DAG(s) 'example_external_task_marker_parent', 'example_external_task_marker_child' retrieved from /home/airflow/.local/lib/python3.12/site-packages/airflow/example_dags/example_external_task_marker_dag.py
[2025-05-23T10:33:44.781-0600] {logging_mixin.py:190} INFO - [2025-05-23T10:33:44.781-0600] {dag.py:3239} INFO - Sync 2 DAGs
[2025-05-23T10:33:44.824-0600] {logging_mixin.py:190} INFO - [2025-05-23T10:33:44.823-0600] {dag.py:4180} INFO - Setting next_dagrun for example_external_task_marker_child to None, run_after=None
[2025-05-23T10:33:44.834-0600] {logging_mixin.py:190} INFO - [2025-05-23T10:33:44.833-0600] {dag.py:4180} INFO - Setting next_dagrun for example_external_task_marker_parent to None, run_after=None
[2025-05-23T10:33:44.866-0600] {processor.py:208} INFO - Processing /home/airflow/.local/lib/python3.12/site-packages/airflow/example_dags/example_external_task_marker_dag.py took 0.188 seconds
[2025-05-23T10:34:15.324-0600] {processor.py:186} INFO - Started process (PID=654) to work on /home/airflow/.local/lib/python3.12/site-packages/airflow/example_dags/example_external_task_marker_dag.py
[2025-05-23T10:34:15.326-0600] {processor.py:914} INFO - Processing file /home/airflow/.local/lib/python3.12/site-packages/airflow/example_dags/example_external_task_marker_dag.py for tasks to queue
[2025-05-23T10:34:15.331-0600] {logging_mixin.py:190} INFO - [2025-05-23T10:34:15.330-0600] {dagbag.py:588} INFO - Filling up the DagBag from /home/airflow/.local/lib/python3.12/site-packages/airflow/example_dags/example_external_task_marker_dag.py
[2025-05-23T10:34:15.350-0600] {processor.py:925} INFO - DAG(s) 'example_external_task_marker_child', 'example_external_task_marker_parent' retrieved from /home/airflow/.local/lib/python3.12/site-packages/airflow/example_dags/example_external_task_marker_dag.py
[2025-05-23T10:34:15.412-0600] {logging_mixin.py:190} INFO - [2025-05-23T10:34:15.412-0600] {dag.py:3239} INFO - Sync 2 DAGs
[2025-05-23T10:34:15.454-0600] {logging_mixin.py:190} INFO - [2025-05-23T10:34:15.454-0600] {dag.py:4180} INFO - Setting next_dagrun for example_external_task_marker_child to None, run_after=None
[2025-05-23T10:34:15.465-0600] {logging_mixin.py:190} INFO - [2025-05-23T10:34:15.464-0600] {dag.py:4180} INFO - Setting next_dagrun for example_external_task_marker_parent to None, run_after=None
[2025-05-23T10:34:15.496-0600] {processor.py:208} INFO - Processing /home/airflow/.local/lib/python3.12/site-packages/airflow/example_dags/example_external_task_marker_dag.py took 0.185 seconds
[2025-05-23T10:34:45.728-0600] {processor.py:186} INFO - Started process (PID=716) to work on /home/airflow/.local/lib/python3.12/site-packages/airflow/example_dags/example_external_task_marker_dag.py
[2025-05-23T10:34:45.730-0600] {processor.py:914} INFO - Processing file /home/airflow/.local/lib/python3.12/site-packages/airflow/example_dags/example_external_task_marker_dag.py for tasks to queue
[2025-05-23T10:34:45.735-0600] {logging_mixin.py:190} INFO - [2025-05-23T10:34:45.734-0600] {dagbag.py:588} INFO - Filling up the DagBag from /home/airflow/.local/lib/python3.12/site-packages/airflow/example_dags/example_external_task_marker_dag.py
[2025-05-23T10:34:45.757-0600] {processor.py:925} INFO - DAG(s) 'example_external_task_marker_parent', 'example_external_task_marker_child' retrieved from /home/airflow/.local/lib/python3.12/site-packages/airflow/example_dags/example_external_task_marker_dag.py
[2025-05-23T10:34:45.803-0600] {logging_mixin.py:190} INFO - [2025-05-23T10:34:45.802-0600] {dag.py:3239} INFO - Sync 2 DAGs
[2025-05-23T10:34:45.833-0600] {logging_mixin.py:190} INFO - [2025-05-23T10:34:45.832-0600] {dag.py:4180} INFO - Setting next_dagrun for example_external_task_marker_child to None, run_after=None
[2025-05-23T10:34:45.839-0600] {logging_mixin.py:190} INFO - [2025-05-23T10:34:45.839-0600] {dag.py:4180} INFO - Setting next_dagrun for example_external_task_marker_parent to None, run_after=None
[2025-05-23T10:34:45.868-0600] {processor.py:208} INFO - Processing /home/airflow/.local/lib/python3.12/site-packages/airflow/example_dags/example_external_task_marker_dag.py took 0.152 seconds
