[2025-05-23T10:29:30.733-0600] {processor.py:186} INFO - Started process (PID=78) to work on /home/airflow/.local/lib/python3.12/site-packages/airflow/example_dags/example_datasets.py
[2025-05-23T10:29:30.739-0600] {processor.py:914} INFO - Processing file /home/airflow/.local/lib/python3.12/site-packages/airflow/example_dags/example_datasets.py for tasks to queue
[2025-05-23T10:29:30.757-0600] {logging_mixin.py:190} INFO - [2025-05-23T10:29:30.756-0600] {dagbag.py:588} INFO - Filling up the DagBag from /home/airflow/.local/lib/python3.12/site-packages/airflow/example_dags/example_datasets.py
[2025-05-23T10:29:34.207-0600] {processor.py:925} INFO - DAG(s) 'dataset_consumes_1_never_scheduled', 'dataset_consumes_1', 'dataset_produces_1', 'consume_1_and_2_with_dataset_expressions', 'consume_1_or_2_with_dataset_expressions', 'conditional_dataset_and_time_based_timetable', 'dataset_consumes_1_and_2', 'consume_1_or_both_2_and_3_with_dataset_expressions', 'dataset_produces_2', 'dataset_consumes_unknown_never_scheduled' retrieved from /home/airflow/.local/lib/python3.12/site-packages/airflow/example_dags/example_datasets.py
[2025-05-23T10:29:35.080-0600] {logging_mixin.py:190} INFO - [2025-05-23T10:29:35.078-0600] {override.py:1912} INFO - Created Permission View: can delete on DAG:dataset_consumes_1_never_scheduled
[2025-05-23T10:29:35.125-0600] {logging_mixin.py:190} INFO - [2025-05-23T10:29:35.124-0600] {override.py:1912} INFO - Created Permission View: can edit on DAG:dataset_consumes_1_never_scheduled
[2025-05-23T10:29:35.152-0600] {logging_mixin.py:190} INFO - [2025-05-23T10:29:35.151-0600] {override.py:1912} INFO - Created Permission View: can read on DAG:dataset_consumes_1_never_scheduled
[2025-05-23T10:29:35.176-0600] {logging_mixin.py:190} INFO - [2025-05-23T10:29:35.175-0600] {override.py:1912} INFO - Created Permission View: can delete on DAG Run:dataset_consumes_1_never_scheduled
[2025-05-23T10:29:35.209-0600] {logging_mixin.py:190} INFO - [2025-05-23T10:29:35.208-0600] {override.py:1912} INFO - Created Permission View: can create on DAG Run:dataset_consumes_1_never_scheduled
[2025-05-23T10:29:35.249-0600] {logging_mixin.py:190} INFO - [2025-05-23T10:29:35.248-0600] {override.py:1912} INFO - Created Permission View: menu access on DAG Run:dataset_consumes_1_never_scheduled
[2025-05-23T10:29:35.286-0600] {logging_mixin.py:190} INFO - [2025-05-23T10:29:35.285-0600] {override.py:1912} INFO - Created Permission View: can read on DAG Run:dataset_consumes_1_never_scheduled
[2025-05-23T10:29:35.358-0600] {logging_mixin.py:190} INFO - [2025-05-23T10:29:35.357-0600] {override.py:1912} INFO - Created Permission View: can delete on DAG:dataset_consumes_1
[2025-05-23T10:29:35.387-0600] {logging_mixin.py:190} INFO - [2025-05-23T10:29:35.386-0600] {override.py:1912} INFO - Created Permission View: can edit on DAG:dataset_consumes_1
[2025-05-23T10:29:35.415-0600] {logging_mixin.py:190} INFO - [2025-05-23T10:29:35.414-0600] {override.py:1912} INFO - Created Permission View: can read on DAG:dataset_consumes_1
[2025-05-23T10:29:35.436-0600] {logging_mixin.py:190} INFO - [2025-05-23T10:29:35.435-0600] {override.py:1912} INFO - Created Permission View: can delete on DAG Run:dataset_consumes_1
[2025-05-23T10:29:35.457-0600] {logging_mixin.py:190} INFO - [2025-05-23T10:29:35.457-0600] {override.py:1912} INFO - Created Permission View: can create on DAG Run:dataset_consumes_1
[2025-05-23T10:29:35.478-0600] {logging_mixin.py:190} INFO - [2025-05-23T10:29:35.477-0600] {override.py:1912} INFO - Created Permission View: menu access on DAG Run:dataset_consumes_1
[2025-05-23T10:29:35.495-0600] {logging_mixin.py:190} INFO - [2025-05-23T10:29:35.494-0600] {override.py:1912} INFO - Created Permission View: can read on DAG Run:dataset_consumes_1
[2025-05-23T10:29:35.529-0600] {logging_mixin.py:190} INFO - [2025-05-23T10:29:35.528-0600] {override.py:1912} INFO - Created Permission View: can delete on DAG:dataset_produces_1
[2025-05-23T10:29:35.544-0600] {logging_mixin.py:190} INFO - [2025-05-23T10:29:35.543-0600] {override.py:1912} INFO - Created Permission View: can edit on DAG:dataset_produces_1
[2025-05-23T10:29:35.561-0600] {logging_mixin.py:190} INFO - [2025-05-23T10:29:35.561-0600] {override.py:1912} INFO - Created Permission View: can read on DAG:dataset_produces_1
[2025-05-23T10:29:35.589-0600] {logging_mixin.py:190} INFO - [2025-05-23T10:29:35.586-0600] {override.py:1912} INFO - Created Permission View: can delete on DAG Run:dataset_produces_1
[2025-05-23T10:29:35.604-0600] {logging_mixin.py:190} INFO - [2025-05-23T10:29:35.603-0600] {override.py:1912} INFO - Created Permission View: can create on DAG Run:dataset_produces_1
[2025-05-23T10:29:35.623-0600] {logging_mixin.py:190} INFO - [2025-05-23T10:29:35.622-0600] {override.py:1912} INFO - Created Permission View: menu access on DAG Run:dataset_produces_1
[2025-05-23T10:29:35.642-0600] {logging_mixin.py:190} INFO - [2025-05-23T10:29:35.642-0600] {override.py:1912} INFO - Created Permission View: can read on DAG Run:dataset_produces_1
[2025-05-23T10:29:35.688-0600] {logging_mixin.py:190} INFO - [2025-05-23T10:29:35.687-0600] {override.py:1912} INFO - Created Permission View: can delete on DAG:consume_1_and_2_with_dataset_expressions
[2025-05-23T10:29:35.722-0600] {logging_mixin.py:190} INFO - [2025-05-23T10:29:35.717-0600] {override.py:1912} INFO - Created Permission View: can edit on DAG:consume_1_and_2_with_dataset_expressions
[2025-05-23T10:29:35.782-0600] {logging_mixin.py:190} INFO - [2025-05-23T10:29:35.781-0600] {override.py:1912} INFO - Created Permission View: can read on DAG:consume_1_and_2_with_dataset_expressions
[2025-05-23T10:29:35.850-0600] {logging_mixin.py:190} INFO - [2025-05-23T10:29:35.849-0600] {override.py:1912} INFO - Created Permission View: can delete on DAG Run:consume_1_and_2_with_dataset_expressions
[2025-05-23T10:29:35.864-0600] {logging_mixin.py:190} INFO - [2025-05-23T10:29:35.864-0600] {override.py:1912} INFO - Created Permission View: can create on DAG Run:consume_1_and_2_with_dataset_expressions
[2025-05-23T10:29:35.878-0600] {logging_mixin.py:190} INFO - [2025-05-23T10:29:35.878-0600] {override.py:1912} INFO - Created Permission View: menu access on DAG Run:consume_1_and_2_with_dataset_expressions
[2025-05-23T10:29:35.928-0600] {logging_mixin.py:190} INFO - [2025-05-23T10:29:35.927-0600] {override.py:1912} INFO - Created Permission View: can read on DAG Run:consume_1_and_2_with_dataset_expressions
[2025-05-23T10:29:35.995-0600] {logging_mixin.py:190} INFO - [2025-05-23T10:29:35.994-0600] {override.py:1912} INFO - Created Permission View: can delete on DAG:consume_1_or_2_with_dataset_expressions
[2025-05-23T10:29:36.024-0600] {logging_mixin.py:190} INFO - [2025-05-23T10:29:36.024-0600] {override.py:1912} INFO - Created Permission View: can edit on DAG:consume_1_or_2_with_dataset_expressions
[2025-05-23T10:29:36.051-0600] {logging_mixin.py:190} INFO - [2025-05-23T10:29:36.051-0600] {override.py:1912} INFO - Created Permission View: can read on DAG:consume_1_or_2_with_dataset_expressions
[2025-05-23T10:29:36.069-0600] {logging_mixin.py:190} INFO - [2025-05-23T10:29:36.069-0600] {override.py:1912} INFO - Created Permission View: can delete on DAG Run:consume_1_or_2_with_dataset_expressions
[2025-05-23T10:29:36.098-0600] {logging_mixin.py:190} INFO - [2025-05-23T10:29:36.097-0600] {override.py:1912} INFO - Created Permission View: can create on DAG Run:consume_1_or_2_with_dataset_expressions
[2025-05-23T10:29:36.122-0600] {logging_mixin.py:190} INFO - [2025-05-23T10:29:36.121-0600] {override.py:1912} INFO - Created Permission View: menu access on DAG Run:consume_1_or_2_with_dataset_expressions
[2025-05-23T10:29:36.151-0600] {logging_mixin.py:190} INFO - [2025-05-23T10:29:36.151-0600] {override.py:1912} INFO - Created Permission View: can read on DAG Run:consume_1_or_2_with_dataset_expressions
[2025-05-23T10:29:36.242-0600] {logging_mixin.py:190} INFO - [2025-05-23T10:29:36.241-0600] {override.py:1912} INFO - Created Permission View: can delete on DAG:conditional_dataset_and_time_based_timetable
[2025-05-23T10:29:36.261-0600] {logging_mixin.py:190} INFO - [2025-05-23T10:29:36.260-0600] {override.py:1912} INFO - Created Permission View: can edit on DAG:conditional_dataset_and_time_based_timetable
[2025-05-23T10:29:36.274-0600] {logging_mixin.py:190} INFO - [2025-05-23T10:29:36.273-0600] {override.py:1912} INFO - Created Permission View: can read on DAG:conditional_dataset_and_time_based_timetable
[2025-05-23T10:29:36.287-0600] {logging_mixin.py:190} INFO - [2025-05-23T10:29:36.286-0600] {override.py:1912} INFO - Created Permission View: can delete on DAG Run:conditional_dataset_and_time_based_timetable
[2025-05-23T10:29:36.300-0600] {logging_mixin.py:190} INFO - [2025-05-23T10:29:36.299-0600] {override.py:1912} INFO - Created Permission View: can create on DAG Run:conditional_dataset_and_time_based_timetable
[2025-05-23T10:29:36.318-0600] {logging_mixin.py:190} INFO - [2025-05-23T10:29:36.317-0600] {override.py:1912} INFO - Created Permission View: menu access on DAG Run:conditional_dataset_and_time_based_timetable
[2025-05-23T10:29:36.335-0600] {logging_mixin.py:190} INFO - [2025-05-23T10:29:36.334-0600] {override.py:1912} INFO - Created Permission View: can read on DAG Run:conditional_dataset_and_time_based_timetable
[2025-05-23T10:29:36.373-0600] {logging_mixin.py:190} INFO - [2025-05-23T10:29:36.372-0600] {override.py:1912} INFO - Created Permission View: can delete on DAG:dataset_consumes_1_and_2
[2025-05-23T10:29:36.389-0600] {logging_mixin.py:190} INFO - [2025-05-23T10:29:36.389-0600] {override.py:1912} INFO - Created Permission View: can edit on DAG:dataset_consumes_1_and_2
[2025-05-23T10:29:36.403-0600] {logging_mixin.py:190} INFO - [2025-05-23T10:29:36.402-0600] {override.py:1912} INFO - Created Permission View: can read on DAG:dataset_consumes_1_and_2
[2025-05-23T10:29:36.417-0600] {logging_mixin.py:190} INFO - [2025-05-23T10:29:36.416-0600] {override.py:1912} INFO - Created Permission View: can delete on DAG Run:dataset_consumes_1_and_2
[2025-05-23T10:29:36.429-0600] {logging_mixin.py:190} INFO - [2025-05-23T10:29:36.428-0600] {override.py:1912} INFO - Created Permission View: can create on DAG Run:dataset_consumes_1_and_2
[2025-05-23T10:29:36.445-0600] {logging_mixin.py:190} INFO - [2025-05-23T10:29:36.444-0600] {override.py:1912} INFO - Created Permission View: menu access on DAG Run:dataset_consumes_1_and_2
[2025-05-23T10:29:36.459-0600] {logging_mixin.py:190} INFO - [2025-05-23T10:29:36.458-0600] {override.py:1912} INFO - Created Permission View: can read on DAG Run:dataset_consumes_1_and_2
[2025-05-23T10:29:36.483-0600] {logging_mixin.py:190} INFO - [2025-05-23T10:29:36.483-0600] {override.py:1912} INFO - Created Permission View: can delete on DAG:consume_1_or_both_2_and_3_with_dataset_expressions
[2025-05-23T10:29:36.495-0600] {logging_mixin.py:190} INFO - [2025-05-23T10:29:36.495-0600] {override.py:1912} INFO - Created Permission View: can edit on DAG:consume_1_or_both_2_and_3_with_dataset_expressions
[2025-05-23T10:29:36.506-0600] {logging_mixin.py:190} INFO - [2025-05-23T10:29:36.506-0600] {override.py:1912} INFO - Created Permission View: can read on DAG:consume_1_or_both_2_and_3_with_dataset_expressions
[2025-05-23T10:29:36.519-0600] {logging_mixin.py:190} INFO - [2025-05-23T10:29:36.518-0600] {override.py:1912} INFO - Created Permission View: can delete on DAG Run:consume_1_or_both_2_and_3_with_dataset_expressions
[2025-05-23T10:29:36.532-0600] {logging_mixin.py:190} INFO - [2025-05-23T10:29:36.531-0600] {override.py:1912} INFO - Created Permission View: can create on DAG Run:consume_1_or_both_2_and_3_with_dataset_expressions
[2025-05-23T10:29:36.544-0600] {logging_mixin.py:190} INFO - [2025-05-23T10:29:36.543-0600] {override.py:1912} INFO - Created Permission View: menu access on DAG Run:consume_1_or_both_2_and_3_with_dataset_expressions
[2025-05-23T10:29:36.559-0600] {logging_mixin.py:190} INFO - [2025-05-23T10:29:36.559-0600] {override.py:1912} INFO - Created Permission View: can read on DAG Run:consume_1_or_both_2_and_3_with_dataset_expressions
[2025-05-23T10:29:36.586-0600] {logging_mixin.py:190} INFO - [2025-05-23T10:29:36.585-0600] {override.py:1912} INFO - Created Permission View: can delete on DAG:dataset_produces_2
[2025-05-23T10:29:36.607-0600] {logging_mixin.py:190} INFO - [2025-05-23T10:29:36.606-0600] {override.py:1912} INFO - Created Permission View: can edit on DAG:dataset_produces_2
[2025-05-23T10:29:36.623-0600] {logging_mixin.py:190} INFO - [2025-05-23T10:29:36.622-0600] {override.py:1912} INFO - Created Permission View: can read on DAG:dataset_produces_2
[2025-05-23T10:29:36.633-0600] {logging_mixin.py:190} INFO - [2025-05-23T10:29:36.633-0600] {override.py:1912} INFO - Created Permission View: can delete on DAG Run:dataset_produces_2
[2025-05-23T10:29:36.644-0600] {logging_mixin.py:190} INFO - [2025-05-23T10:29:36.643-0600] {override.py:1912} INFO - Created Permission View: can create on DAG Run:dataset_produces_2
[2025-05-23T10:29:36.655-0600] {logging_mixin.py:190} INFO - [2025-05-23T10:29:36.654-0600] {override.py:1912} INFO - Created Permission View: menu access on DAG Run:dataset_produces_2
[2025-05-23T10:29:36.664-0600] {logging_mixin.py:190} INFO - [2025-05-23T10:29:36.663-0600] {override.py:1912} INFO - Created Permission View: can read on DAG Run:dataset_produces_2
[2025-05-23T10:29:36.682-0600] {logging_mixin.py:190} INFO - [2025-05-23T10:29:36.681-0600] {override.py:1912} INFO - Created Permission View: can delete on DAG:dataset_consumes_unknown_never_scheduled
[2025-05-23T10:29:36.692-0600] {logging_mixin.py:190} INFO - [2025-05-23T10:29:36.691-0600] {override.py:1912} INFO - Created Permission View: can edit on DAG:dataset_consumes_unknown_never_scheduled
[2025-05-23T10:29:36.706-0600] {logging_mixin.py:190} INFO - [2025-05-23T10:29:36.705-0600] {override.py:1912} INFO - Created Permission View: can read on DAG:dataset_consumes_unknown_never_scheduled
[2025-05-23T10:29:36.718-0600] {logging_mixin.py:190} INFO - [2025-05-23T10:29:36.717-0600] {override.py:1912} INFO - Created Permission View: can delete on DAG Run:dataset_consumes_unknown_never_scheduled
[2025-05-23T10:29:36.728-0600] {logging_mixin.py:190} INFO - [2025-05-23T10:29:36.727-0600] {override.py:1912} INFO - Created Permission View: can create on DAG Run:dataset_consumes_unknown_never_scheduled
[2025-05-23T10:29:36.740-0600] {logging_mixin.py:190} INFO - [2025-05-23T10:29:36.739-0600] {override.py:1912} INFO - Created Permission View: menu access on DAG Run:dataset_consumes_unknown_never_scheduled
[2025-05-23T10:29:36.753-0600] {logging_mixin.py:190} INFO - [2025-05-23T10:29:36.753-0600] {override.py:1912} INFO - Created Permission View: can read on DAG Run:dataset_consumes_unknown_never_scheduled
[2025-05-23T10:29:36.754-0600] {logging_mixin.py:190} INFO - [2025-05-23T10:29:36.754-0600] {dag.py:3239} INFO - Sync 10 DAGs
[2025-05-23T10:29:36.789-0600] {logging_mixin.py:190} INFO - [2025-05-23T10:29:36.788-0600] {dag.py:3262} INFO - Creating ORM DAG for consume_1_or_2_with_dataset_expressions
[2025-05-23T10:29:36.790-0600] {logging_mixin.py:190} INFO - [2025-05-23T10:29:36.790-0600] {dag.py:3262} INFO - Creating ORM DAG for dataset_consumes_1_and_2
[2025-05-23T10:29:36.791-0600] {logging_mixin.py:190} INFO - [2025-05-23T10:29:36.791-0600] {dag.py:3262} INFO - Creating ORM DAG for dataset_produces_2
[2025-05-23T10:29:36.792-0600] {logging_mixin.py:190} INFO - [2025-05-23T10:29:36.792-0600] {dag.py:3262} INFO - Creating ORM DAG for dataset_consumes_unknown_never_scheduled
[2025-05-23T10:29:36.793-0600] {logging_mixin.py:190} INFO - [2025-05-23T10:29:36.792-0600] {dag.py:3262} INFO - Creating ORM DAG for dataset_consumes_1
[2025-05-23T10:29:36.794-0600] {logging_mixin.py:190} INFO - [2025-05-23T10:29:36.794-0600] {dag.py:3262} INFO - Creating ORM DAG for dataset_consumes_1_never_scheduled
[2025-05-23T10:29:36.795-0600] {logging_mixin.py:190} INFO - [2025-05-23T10:29:36.795-0600] {dag.py:3262} INFO - Creating ORM DAG for consume_1_and_2_with_dataset_expressions
[2025-05-23T10:29:36.796-0600] {logging_mixin.py:190} INFO - [2025-05-23T10:29:36.796-0600] {dag.py:3262} INFO - Creating ORM DAG for dataset_produces_1
[2025-05-23T10:29:36.798-0600] {logging_mixin.py:190} INFO - [2025-05-23T10:29:36.797-0600] {dag.py:3262} INFO - Creating ORM DAG for conditional_dataset_and_time_based_timetable
[2025-05-23T10:29:36.799-0600] {logging_mixin.py:190} INFO - [2025-05-23T10:29:36.799-0600] {dag.py:3262} INFO - Creating ORM DAG for consume_1_or_both_2_and_3_with_dataset_expressions
[2025-05-23T10:29:36.853-0600] {logging_mixin.py:190} INFO - [2025-05-23T10:29:36.853-0600] {dag.py:4180} INFO - Setting next_dagrun for conditional_dataset_and_time_based_timetable to 2025-05-21 01:00:00+00:00, run_after=2025-05-21 01:00:00+00:00
[2025-05-23T10:29:36.858-0600] {logging_mixin.py:190} INFO - [2025-05-23T10:29:36.854-0600] {dag.py:4180} INFO - Setting next_dagrun for consume_1_and_2_with_dataset_expressions to None, run_after=None
[2025-05-23T10:29:36.861-0600] {logging_mixin.py:190} INFO - [2025-05-23T10:29:36.860-0600] {dag.py:4180} INFO - Setting next_dagrun for consume_1_or_2_with_dataset_expressions to None, run_after=None
[2025-05-23T10:29:36.861-0600] {logging_mixin.py:190} INFO - [2025-05-23T10:29:36.861-0600] {dag.py:4180} INFO - Setting next_dagrun for consume_1_or_both_2_and_3_with_dataset_expressions to None, run_after=None
[2025-05-23T10:29:36.862-0600] {logging_mixin.py:190} INFO - [2025-05-23T10:29:36.862-0600] {dag.py:4180} INFO - Setting next_dagrun for dataset_consumes_1 to None, run_after=None
[2025-05-23T10:29:36.869-0600] {logging_mixin.py:190} INFO - [2025-05-23T10:29:36.866-0600] {dag.py:4180} INFO - Setting next_dagrun for dataset_consumes_1_and_2 to None, run_after=None
[2025-05-23T10:29:36.870-0600] {logging_mixin.py:190} INFO - [2025-05-23T10:29:36.870-0600] {dag.py:4180} INFO - Setting next_dagrun for dataset_consumes_1_never_scheduled to None, run_after=None
[2025-05-23T10:29:36.871-0600] {logging_mixin.py:190} INFO - [2025-05-23T10:29:36.871-0600] {dag.py:4180} INFO - Setting next_dagrun for dataset_consumes_unknown_never_scheduled to None, run_after=None
[2025-05-23T10:29:36.874-0600] {logging_mixin.py:190} INFO - [2025-05-23T10:29:36.874-0600] {dag.py:4180} INFO - Setting next_dagrun for dataset_produces_1 to 2025-05-22 00:00:00+00:00, run_after=2025-05-23 00:00:00+00:00
[2025-05-23T10:29:36.880-0600] {logging_mixin.py:190} INFO - [2025-05-23T10:29:36.880-0600] {dag.py:4180} INFO - Setting next_dagrun for dataset_produces_2 to None, run_after=None
[2025-05-23T10:29:37.034-0600] {processor.py:208} INFO - Processing /home/airflow/.local/lib/python3.12/site-packages/airflow/example_dags/example_datasets.py took 6.339 seconds
[2025-05-23T10:30:07.630-0600] {processor.py:186} INFO - Started process (PID=151) to work on /home/airflow/.local/lib/python3.12/site-packages/airflow/example_dags/example_datasets.py
[2025-05-23T10:30:07.632-0600] {processor.py:914} INFO - Processing file /home/airflow/.local/lib/python3.12/site-packages/airflow/example_dags/example_datasets.py for tasks to queue
[2025-05-23T10:30:07.638-0600] {logging_mixin.py:190} INFO - [2025-05-23T10:30:07.637-0600] {dagbag.py:588} INFO - Filling up the DagBag from /home/airflow/.local/lib/python3.12/site-packages/airflow/example_dags/example_datasets.py
[2025-05-23T10:30:08.711-0600] {processor.py:925} INFO - DAG(s) 'dataset_consumes_1_never_scheduled', 'dataset_consumes_unknown_never_scheduled', 'consume_1_or_both_2_and_3_with_dataset_expressions', 'consume_1_and_2_with_dataset_expressions', 'dataset_consumes_1', 'consume_1_or_2_with_dataset_expressions', 'dataset_produces_1', 'dataset_consumes_1_and_2', 'conditional_dataset_and_time_based_timetable', 'dataset_produces_2' retrieved from /home/airflow/.local/lib/python3.12/site-packages/airflow/example_dags/example_datasets.py
[2025-05-23T10:30:08.786-0600] {logging_mixin.py:190} INFO - [2025-05-23T10:30:08.786-0600] {dag.py:3239} INFO - Sync 10 DAGs
[2025-05-23T10:30:08.835-0600] {logging_mixin.py:190} INFO - [2025-05-23T10:30:08.835-0600] {dag.py:4180} INFO - Setting next_dagrun for conditional_dataset_and_time_based_timetable to 2025-05-21 01:00:00+00:00, run_after=2025-05-21 01:00:00+00:00
[2025-05-23T10:30:08.843-0600] {logging_mixin.py:190} INFO - [2025-05-23T10:30:08.842-0600] {dag.py:4180} INFO - Setting next_dagrun for consume_1_and_2_with_dataset_expressions to None, run_after=None
[2025-05-23T10:30:08.845-0600] {logging_mixin.py:190} INFO - [2025-05-23T10:30:08.845-0600] {dag.py:4180} INFO - Setting next_dagrun for consume_1_or_2_with_dataset_expressions to None, run_after=None
[2025-05-23T10:30:08.847-0600] {logging_mixin.py:190} INFO - [2025-05-23T10:30:08.846-0600] {dag.py:4180} INFO - Setting next_dagrun for consume_1_or_both_2_and_3_with_dataset_expressions to None, run_after=None
[2025-05-23T10:30:08.848-0600] {logging_mixin.py:190} INFO - [2025-05-23T10:30:08.848-0600] {dag.py:4180} INFO - Setting next_dagrun for dataset_consumes_1 to None, run_after=None
[2025-05-23T10:30:08.850-0600] {logging_mixin.py:190} INFO - [2025-05-23T10:30:08.850-0600] {dag.py:4180} INFO - Setting next_dagrun for dataset_consumes_1_and_2 to None, run_after=None
[2025-05-23T10:30:08.852-0600] {logging_mixin.py:190} INFO - [2025-05-23T10:30:08.852-0600] {dag.py:4180} INFO - Setting next_dagrun for dataset_consumes_1_never_scheduled to None, run_after=None
[2025-05-23T10:30:08.854-0600] {logging_mixin.py:190} INFO - [2025-05-23T10:30:08.853-0600] {dag.py:4180} INFO - Setting next_dagrun for dataset_consumes_unknown_never_scheduled to None, run_after=None
[2025-05-23T10:30:08.858-0600] {logging_mixin.py:190} INFO - [2025-05-23T10:30:08.857-0600] {dag.py:4180} INFO - Setting next_dagrun for dataset_produces_1 to 2025-05-22 00:00:00+00:00, run_after=2025-05-23 00:00:00+00:00
[2025-05-23T10:30:08.860-0600] {logging_mixin.py:190} INFO - [2025-05-23T10:30:08.859-0600] {dag.py:4180} INFO - Setting next_dagrun for dataset_produces_2 to None, run_after=None
[2025-05-23T10:30:08.918-0600] {processor.py:208} INFO - Processing /home/airflow/.local/lib/python3.12/site-packages/airflow/example_dags/example_datasets.py took 1.300 seconds
[2025-05-23T10:30:39.372-0600] {processor.py:186} INFO - Started process (PID=214) to work on /home/airflow/.local/lib/python3.12/site-packages/airflow/example_dags/example_datasets.py
[2025-05-23T10:30:39.373-0600] {processor.py:914} INFO - Processing file /home/airflow/.local/lib/python3.12/site-packages/airflow/example_dags/example_datasets.py for tasks to queue
[2025-05-23T10:30:39.377-0600] {logging_mixin.py:190} INFO - [2025-05-23T10:30:39.377-0600] {dagbag.py:588} INFO - Filling up the DagBag from /home/airflow/.local/lib/python3.12/site-packages/airflow/example_dags/example_datasets.py
[2025-05-23T10:30:40.410-0600] {processor.py:925} INFO - DAG(s) 'dataset_consumes_1', 'consume_1_or_2_with_dataset_expressions', 'dataset_consumes_unknown_never_scheduled', 'conditional_dataset_and_time_based_timetable', 'dataset_consumes_1_never_scheduled', 'consume_1_or_both_2_and_3_with_dataset_expressions', 'dataset_produces_2', 'dataset_produces_1', 'dataset_consumes_1_and_2', 'consume_1_and_2_with_dataset_expressions' retrieved from /home/airflow/.local/lib/python3.12/site-packages/airflow/example_dags/example_datasets.py
[2025-05-23T10:30:40.481-0600] {logging_mixin.py:190} INFO - [2025-05-23T10:30:40.481-0600] {dag.py:3239} INFO - Sync 10 DAGs
[2025-05-23T10:30:40.528-0600] {logging_mixin.py:190} INFO - [2025-05-23T10:30:40.527-0600] {dag.py:4180} INFO - Setting next_dagrun for conditional_dataset_and_time_based_timetable to 2025-05-21 01:00:00+00:00, run_after=2025-05-21 01:00:00+00:00
[2025-05-23T10:30:40.534-0600] {logging_mixin.py:190} INFO - [2025-05-23T10:30:40.534-0600] {dag.py:4180} INFO - Setting next_dagrun for consume_1_and_2_with_dataset_expressions to None, run_after=None
[2025-05-23T10:30:40.537-0600] {logging_mixin.py:190} INFO - [2025-05-23T10:30:40.537-0600] {dag.py:4180} INFO - Setting next_dagrun for consume_1_or_2_with_dataset_expressions to None, run_after=None
[2025-05-23T10:30:40.539-0600] {logging_mixin.py:190} INFO - [2025-05-23T10:30:40.538-0600] {dag.py:4180} INFO - Setting next_dagrun for consume_1_or_both_2_and_3_with_dataset_expressions to None, run_after=None
[2025-05-23T10:30:40.541-0600] {logging_mixin.py:190} INFO - [2025-05-23T10:30:40.540-0600] {dag.py:4180} INFO - Setting next_dagrun for dataset_consumes_1 to None, run_after=None
[2025-05-23T10:30:40.543-0600] {logging_mixin.py:190} INFO - [2025-05-23T10:30:40.542-0600] {dag.py:4180} INFO - Setting next_dagrun for dataset_consumes_1_and_2 to None, run_after=None
[2025-05-23T10:30:40.544-0600] {logging_mixin.py:190} INFO - [2025-05-23T10:30:40.544-0600] {dag.py:4180} INFO - Setting next_dagrun for dataset_consumes_1_never_scheduled to None, run_after=None
[2025-05-23T10:30:40.546-0600] {logging_mixin.py:190} INFO - [2025-05-23T10:30:40.546-0600] {dag.py:4180} INFO - Setting next_dagrun for dataset_consumes_unknown_never_scheduled to None, run_after=None
[2025-05-23T10:30:40.551-0600] {logging_mixin.py:190} INFO - [2025-05-23T10:30:40.550-0600] {dag.py:4180} INFO - Setting next_dagrun for dataset_produces_1 to 2025-05-22 00:00:00+00:00, run_after=2025-05-23 00:00:00+00:00
[2025-05-23T10:30:40.552-0600] {logging_mixin.py:190} INFO - [2025-05-23T10:30:40.552-0600] {dag.py:4180} INFO - Setting next_dagrun for dataset_produces_2 to None, run_after=None
[2025-05-23T10:30:40.600-0600] {processor.py:208} INFO - Processing /home/airflow/.local/lib/python3.12/site-packages/airflow/example_dags/example_datasets.py took 1.239 seconds
[2025-05-23T10:31:11.410-0600] {processor.py:186} INFO - Started process (PID=279) to work on /home/airflow/.local/lib/python3.12/site-packages/airflow/example_dags/example_datasets.py
[2025-05-23T10:31:11.412-0600] {processor.py:914} INFO - Processing file /home/airflow/.local/lib/python3.12/site-packages/airflow/example_dags/example_datasets.py for tasks to queue
[2025-05-23T10:31:11.416-0600] {logging_mixin.py:190} INFO - [2025-05-23T10:31:11.415-0600] {dagbag.py:588} INFO - Filling up the DagBag from /home/airflow/.local/lib/python3.12/site-packages/airflow/example_dags/example_datasets.py
[2025-05-23T10:31:12.577-0600] {processor.py:925} INFO - DAG(s) 'consume_1_and_2_with_dataset_expressions', 'consume_1_or_both_2_and_3_with_dataset_expressions', 'dataset_consumes_unknown_never_scheduled', 'consume_1_or_2_with_dataset_expressions', 'dataset_consumes_1_never_scheduled', 'dataset_produces_2', 'conditional_dataset_and_time_based_timetable', 'dataset_consumes_1', 'dataset_consumes_1_and_2', 'dataset_produces_1' retrieved from /home/airflow/.local/lib/python3.12/site-packages/airflow/example_dags/example_datasets.py
[2025-05-23T10:31:12.647-0600] {logging_mixin.py:190} INFO - [2025-05-23T10:31:12.646-0600] {dag.py:3239} INFO - Sync 10 DAGs
[2025-05-23T10:31:12.691-0600] {logging_mixin.py:190} INFO - [2025-05-23T10:31:12.690-0600] {dag.py:4180} INFO - Setting next_dagrun for conditional_dataset_and_time_based_timetable to 2025-05-21 01:00:00+00:00, run_after=2025-05-21 01:00:00+00:00
[2025-05-23T10:31:12.698-0600] {logging_mixin.py:190} INFO - [2025-05-23T10:31:12.697-0600] {dag.py:4180} INFO - Setting next_dagrun for consume_1_and_2_with_dataset_expressions to None, run_after=None
[2025-05-23T10:31:12.700-0600] {logging_mixin.py:190} INFO - [2025-05-23T10:31:12.699-0600] {dag.py:4180} INFO - Setting next_dagrun for consume_1_or_2_with_dataset_expressions to None, run_after=None
[2025-05-23T10:31:12.702-0600] {logging_mixin.py:190} INFO - [2025-05-23T10:31:12.702-0600] {dag.py:4180} INFO - Setting next_dagrun for consume_1_or_both_2_and_3_with_dataset_expressions to None, run_after=None
[2025-05-23T10:31:12.704-0600] {logging_mixin.py:190} INFO - [2025-05-23T10:31:12.703-0600] {dag.py:4180} INFO - Setting next_dagrun for dataset_consumes_1 to None, run_after=None
[2025-05-23T10:31:12.706-0600] {logging_mixin.py:190} INFO - [2025-05-23T10:31:12.705-0600] {dag.py:4180} INFO - Setting next_dagrun for dataset_consumes_1_and_2 to None, run_after=None
[2025-05-23T10:31:12.708-0600] {logging_mixin.py:190} INFO - [2025-05-23T10:31:12.707-0600] {dag.py:4180} INFO - Setting next_dagrun for dataset_consumes_1_never_scheduled to None, run_after=None
[2025-05-23T10:31:12.709-0600] {logging_mixin.py:190} INFO - [2025-05-23T10:31:12.709-0600] {dag.py:4180} INFO - Setting next_dagrun for dataset_consumes_unknown_never_scheduled to None, run_after=None
[2025-05-23T10:31:12.714-0600] {logging_mixin.py:190} INFO - [2025-05-23T10:31:12.714-0600] {dag.py:4180} INFO - Setting next_dagrun for dataset_produces_1 to 2025-05-22 00:00:00+00:00, run_after=2025-05-23 00:00:00+00:00
[2025-05-23T10:31:12.716-0600] {logging_mixin.py:190} INFO - [2025-05-23T10:31:12.716-0600] {dag.py:4180} INFO - Setting next_dagrun for dataset_produces_2 to None, run_after=None
[2025-05-23T10:31:12.783-0600] {processor.py:208} INFO - Processing /home/airflow/.local/lib/python3.12/site-packages/airflow/example_dags/example_datasets.py took 1.383 seconds
[2025-05-23T10:31:43.130-0600] {processor.py:186} INFO - Started process (PID=346) to work on /home/airflow/.local/lib/python3.12/site-packages/airflow/example_dags/example_datasets.py
[2025-05-23T10:31:43.132-0600] {processor.py:914} INFO - Processing file /home/airflow/.local/lib/python3.12/site-packages/airflow/example_dags/example_datasets.py for tasks to queue
[2025-05-23T10:31:43.136-0600] {logging_mixin.py:190} INFO - [2025-05-23T10:31:43.136-0600] {dagbag.py:588} INFO - Filling up the DagBag from /home/airflow/.local/lib/python3.12/site-packages/airflow/example_dags/example_datasets.py
[2025-05-23T10:31:44.172-0600] {processor.py:925} INFO - DAG(s) 'dataset_consumes_unknown_never_scheduled', 'consume_1_or_both_2_and_3_with_dataset_expressions', 'dataset_produces_1', 'conditional_dataset_and_time_based_timetable', 'dataset_consumes_1_and_2', 'dataset_consumes_1_never_scheduled', 'dataset_consumes_1', 'consume_1_or_2_with_dataset_expressions', 'dataset_produces_2', 'consume_1_and_2_with_dataset_expressions' retrieved from /home/airflow/.local/lib/python3.12/site-packages/airflow/example_dags/example_datasets.py
[2025-05-23T10:31:44.256-0600] {logging_mixin.py:190} INFO - [2025-05-23T10:31:44.256-0600] {dag.py:3239} INFO - Sync 10 DAGs
[2025-05-23T10:31:44.314-0600] {logging_mixin.py:190} INFO - [2025-05-23T10:31:44.313-0600] {dag.py:4180} INFO - Setting next_dagrun for conditional_dataset_and_time_based_timetable to 2025-05-21 01:00:00+00:00, run_after=2025-05-21 01:00:00+00:00
[2025-05-23T10:31:44.320-0600] {logging_mixin.py:190} INFO - [2025-05-23T10:31:44.320-0600] {dag.py:4180} INFO - Setting next_dagrun for consume_1_and_2_with_dataset_expressions to None, run_after=None
[2025-05-23T10:31:44.328-0600] {logging_mixin.py:190} INFO - [2025-05-23T10:31:44.328-0600] {dag.py:4180} INFO - Setting next_dagrun for consume_1_or_2_with_dataset_expressions to None, run_after=None
[2025-05-23T10:31:44.334-0600] {logging_mixin.py:190} INFO - [2025-05-23T10:31:44.332-0600] {dag.py:4180} INFO - Setting next_dagrun for consume_1_or_both_2_and_3_with_dataset_expressions to None, run_after=None
[2025-05-23T10:31:44.344-0600] {logging_mixin.py:190} INFO - [2025-05-23T10:31:44.343-0600] {dag.py:4180} INFO - Setting next_dagrun for dataset_consumes_1 to None, run_after=None
[2025-05-23T10:31:44.348-0600] {logging_mixin.py:190} INFO - [2025-05-23T10:31:44.347-0600] {dag.py:4180} INFO - Setting next_dagrun for dataset_consumes_1_and_2 to None, run_after=None
[2025-05-23T10:31:44.354-0600] {logging_mixin.py:190} INFO - [2025-05-23T10:31:44.352-0600] {dag.py:4180} INFO - Setting next_dagrun for dataset_consumes_1_never_scheduled to None, run_after=None
[2025-05-23T10:31:44.357-0600] {logging_mixin.py:190} INFO - [2025-05-23T10:31:44.357-0600] {dag.py:4180} INFO - Setting next_dagrun for dataset_consumes_unknown_never_scheduled to None, run_after=None
[2025-05-23T10:31:44.366-0600] {logging_mixin.py:190} INFO - [2025-05-23T10:31:44.365-0600] {dag.py:4180} INFO - Setting next_dagrun for dataset_produces_1 to 2025-05-22 00:00:00+00:00, run_after=2025-05-23 00:00:00+00:00
[2025-05-23T10:31:44.376-0600] {logging_mixin.py:190} INFO - [2025-05-23T10:31:44.373-0600] {dag.py:4180} INFO - Setting next_dagrun for dataset_produces_2 to None, run_after=None
[2025-05-23T10:31:44.437-0600] {processor.py:208} INFO - Processing /home/airflow/.local/lib/python3.12/site-packages/airflow/example_dags/example_datasets.py took 1.319 seconds
[2025-05-23T10:32:15.157-0600] {processor.py:186} INFO - Started process (PID=410) to work on /home/airflow/.local/lib/python3.12/site-packages/airflow/example_dags/example_datasets.py
[2025-05-23T10:32:15.158-0600] {processor.py:914} INFO - Processing file /home/airflow/.local/lib/python3.12/site-packages/airflow/example_dags/example_datasets.py for tasks to queue
[2025-05-23T10:32:15.162-0600] {logging_mixin.py:190} INFO - [2025-05-23T10:32:15.161-0600] {dagbag.py:588} INFO - Filling up the DagBag from /home/airflow/.local/lib/python3.12/site-packages/airflow/example_dags/example_datasets.py
[2025-05-23T10:32:16.158-0600] {processor.py:925} INFO - DAG(s) 'dataset_consumes_1_never_scheduled', 'consume_1_or_2_with_dataset_expressions', 'conditional_dataset_and_time_based_timetable', 'consume_1_and_2_with_dataset_expressions', 'dataset_consumes_unknown_never_scheduled', 'dataset_produces_1', 'dataset_consumes_1_and_2', 'consume_1_or_both_2_and_3_with_dataset_expressions', 'dataset_produces_2', 'dataset_consumes_1' retrieved from /home/airflow/.local/lib/python3.12/site-packages/airflow/example_dags/example_datasets.py
[2025-05-23T10:32:16.219-0600] {logging_mixin.py:190} INFO - [2025-05-23T10:32:16.219-0600] {dag.py:3239} INFO - Sync 10 DAGs
[2025-05-23T10:32:16.263-0600] {logging_mixin.py:190} INFO - [2025-05-23T10:32:16.263-0600] {dag.py:4180} INFO - Setting next_dagrun for conditional_dataset_and_time_based_timetable to 2025-05-21 01:00:00+00:00, run_after=2025-05-21 01:00:00+00:00
[2025-05-23T10:32:16.269-0600] {logging_mixin.py:190} INFO - [2025-05-23T10:32:16.268-0600] {dag.py:4180} INFO - Setting next_dagrun for consume_1_and_2_with_dataset_expressions to None, run_after=None
[2025-05-23T10:32:16.271-0600] {logging_mixin.py:190} INFO - [2025-05-23T10:32:16.271-0600] {dag.py:4180} INFO - Setting next_dagrun for consume_1_or_2_with_dataset_expressions to None, run_after=None
[2025-05-23T10:32:16.273-0600] {logging_mixin.py:190} INFO - [2025-05-23T10:32:16.272-0600] {dag.py:4180} INFO - Setting next_dagrun for consume_1_or_both_2_and_3_with_dataset_expressions to None, run_after=None
[2025-05-23T10:32:16.274-0600] {logging_mixin.py:190} INFO - [2025-05-23T10:32:16.274-0600] {dag.py:4180} INFO - Setting next_dagrun for dataset_consumes_1 to None, run_after=None
[2025-05-23T10:32:16.276-0600] {logging_mixin.py:190} INFO - [2025-05-23T10:32:16.276-0600] {dag.py:4180} INFO - Setting next_dagrun for dataset_consumes_1_and_2 to None, run_after=None
[2025-05-23T10:32:16.277-0600] {logging_mixin.py:190} INFO - [2025-05-23T10:32:16.277-0600] {dag.py:4180} INFO - Setting next_dagrun for dataset_consumes_1_never_scheduled to None, run_after=None
[2025-05-23T10:32:16.279-0600] {logging_mixin.py:190} INFO - [2025-05-23T10:32:16.278-0600] {dag.py:4180} INFO - Setting next_dagrun for dataset_consumes_unknown_never_scheduled to None, run_after=None
[2025-05-23T10:32:16.283-0600] {logging_mixin.py:190} INFO - [2025-05-23T10:32:16.282-0600] {dag.py:4180} INFO - Setting next_dagrun for dataset_produces_1 to 2025-05-22 00:00:00+00:00, run_after=2025-05-23 00:00:00+00:00
[2025-05-23T10:32:16.285-0600] {logging_mixin.py:190} INFO - [2025-05-23T10:32:16.285-0600] {dag.py:4180} INFO - Setting next_dagrun for dataset_produces_2 to None, run_after=None
[2025-05-23T10:32:16.334-0600] {processor.py:208} INFO - Processing /home/airflow/.local/lib/python3.12/site-packages/airflow/example_dags/example_datasets.py took 1.187 seconds
[2025-05-23T10:32:47.178-0600] {processor.py:186} INFO - Started process (PID=474) to work on /home/airflow/.local/lib/python3.12/site-packages/airflow/example_dags/example_datasets.py
[2025-05-23T10:32:47.180-0600] {processor.py:914} INFO - Processing file /home/airflow/.local/lib/python3.12/site-packages/airflow/example_dags/example_datasets.py for tasks to queue
[2025-05-23T10:32:47.185-0600] {logging_mixin.py:190} INFO - [2025-05-23T10:32:47.184-0600] {dagbag.py:588} INFO - Filling up the DagBag from /home/airflow/.local/lib/python3.12/site-packages/airflow/example_dags/example_datasets.py
[2025-05-23T10:32:48.825-0600] {processor.py:925} INFO - DAG(s) 'conditional_dataset_and_time_based_timetable', 'dataset_consumes_1_and_2', 'dataset_produces_2', 'consume_1_or_both_2_and_3_with_dataset_expressions', 'dataset_consumes_unknown_never_scheduled', 'dataset_consumes_1_never_scheduled', 'consume_1_and_2_with_dataset_expressions', 'dataset_consumes_1', 'consume_1_or_2_with_dataset_expressions', 'dataset_produces_1' retrieved from /home/airflow/.local/lib/python3.12/site-packages/airflow/example_dags/example_datasets.py
[2025-05-23T10:32:49.132-0600] {logging_mixin.py:190} INFO - [2025-05-23T10:32:49.131-0600] {dag.py:3239} INFO - Sync 10 DAGs
[2025-05-23T10:32:49.165-0600] {logging_mixin.py:190} INFO - [2025-05-23T10:32:49.164-0600] {dag.py:3262} INFO - Creating ORM DAG for consume_1_or_2_with_dataset_expressions
[2025-05-23T10:32:49.167-0600] {logging_mixin.py:190} INFO - [2025-05-23T10:32:49.166-0600] {dag.py:3262} INFO - Creating ORM DAG for consume_1_and_2_with_dataset_expressions
[2025-05-23T10:32:49.168-0600] {logging_mixin.py:190} INFO - [2025-05-23T10:32:49.168-0600] {dag.py:3262} INFO - Creating ORM DAG for consume_1_or_both_2_and_3_with_dataset_expressions
[2025-05-23T10:32:49.170-0600] {logging_mixin.py:190} INFO - [2025-05-23T10:32:49.169-0600] {dag.py:3262} INFO - Creating ORM DAG for conditional_dataset_and_time_based_timetable
[2025-05-23T10:32:49.195-0600] {logging_mixin.py:190} INFO - [2025-05-23T10:32:49.194-0600] {dag.py:4180} INFO - Setting next_dagrun for conditional_dataset_and_time_based_timetable to 2025-05-21 01:00:00+00:00, run_after=2025-05-21 01:00:00+00:00
[2025-05-23T10:32:49.196-0600] {logging_mixin.py:190} INFO - [2025-05-23T10:32:49.196-0600] {dag.py:4180} INFO - Setting next_dagrun for consume_1_and_2_with_dataset_expressions to None, run_after=None
[2025-05-23T10:32:49.197-0600] {logging_mixin.py:190} INFO - [2025-05-23T10:32:49.197-0600] {dag.py:4180} INFO - Setting next_dagrun for consume_1_or_2_with_dataset_expressions to None, run_after=None
[2025-05-23T10:32:49.197-0600] {logging_mixin.py:190} INFO - [2025-05-23T10:32:49.197-0600] {dag.py:4180} INFO - Setting next_dagrun for consume_1_or_both_2_and_3_with_dataset_expressions to None, run_after=None
[2025-05-23T10:32:49.198-0600] {logging_mixin.py:190} INFO - [2025-05-23T10:32:49.198-0600] {dag.py:4180} INFO - Setting next_dagrun for dataset_consumes_1 to None, run_after=None
[2025-05-23T10:32:49.203-0600] {logging_mixin.py:190} INFO - [2025-05-23T10:32:49.202-0600] {dag.py:4180} INFO - Setting next_dagrun for dataset_consumes_1_and_2 to None, run_after=None
[2025-05-23T10:32:49.205-0600] {logging_mixin.py:190} INFO - [2025-05-23T10:32:49.205-0600] {dag.py:4180} INFO - Setting next_dagrun for dataset_consumes_1_never_scheduled to None, run_after=None
[2025-05-23T10:32:49.206-0600] {logging_mixin.py:190} INFO - [2025-05-23T10:32:49.206-0600] {dag.py:4180} INFO - Setting next_dagrun for dataset_consumes_unknown_never_scheduled to None, run_after=None
[2025-05-23T10:32:49.212-0600] {logging_mixin.py:190} INFO - [2025-05-23T10:32:49.211-0600] {dag.py:4180} INFO - Setting next_dagrun for dataset_produces_1 to 2025-05-22 00:00:00+00:00, run_after=2025-05-23 00:00:00+00:00
[2025-05-23T10:32:49.215-0600] {logging_mixin.py:190} INFO - [2025-05-23T10:32:49.214-0600] {dag.py:4180} INFO - Setting next_dagrun for dataset_produces_2 to None, run_after=None
[2025-05-23T10:32:49.301-0600] {processor.py:208} INFO - Processing /home/airflow/.local/lib/python3.12/site-packages/airflow/example_dags/example_datasets.py took 2.134 seconds
[2025-05-23T10:33:20.251-0600] {processor.py:186} INFO - Started process (PID=542) to work on /home/airflow/.local/lib/python3.12/site-packages/airflow/example_dags/example_datasets.py
[2025-05-23T10:33:20.253-0600] {processor.py:914} INFO - Processing file /home/airflow/.local/lib/python3.12/site-packages/airflow/example_dags/example_datasets.py for tasks to queue
[2025-05-23T10:33:20.258-0600] {logging_mixin.py:190} INFO - [2025-05-23T10:33:20.258-0600] {dagbag.py:588} INFO - Filling up the DagBag from /home/airflow/.local/lib/python3.12/site-packages/airflow/example_dags/example_datasets.py
[2025-05-23T10:33:21.475-0600] {processor.py:925} INFO - DAG(s) 'conditional_dataset_and_time_based_timetable', 'dataset_consumes_1_never_scheduled', 'consume_1_or_both_2_and_3_with_dataset_expressions', 'dataset_consumes_1_and_2', 'dataset_produces_2', 'consume_1_or_2_with_dataset_expressions', 'dataset_produces_1', 'dataset_consumes_1', 'consume_1_and_2_with_dataset_expressions', 'dataset_consumes_unknown_never_scheduled' retrieved from /home/airflow/.local/lib/python3.12/site-packages/airflow/example_dags/example_datasets.py
[2025-05-23T10:33:21.827-0600] {logging_mixin.py:190} INFO - [2025-05-23T10:33:21.826-0600] {dag.py:3239} INFO - Sync 10 DAGs
[2025-05-23T10:33:21.853-0600] {logging_mixin.py:190} INFO - [2025-05-23T10:33:21.852-0600] {dag.py:3262} INFO - Creating ORM DAG for consume_1_and_2_with_dataset_expressions
[2025-05-23T10:33:21.854-0600] {logging_mixin.py:190} INFO - [2025-05-23T10:33:21.854-0600] {dag.py:3262} INFO - Creating ORM DAG for conditional_dataset_and_time_based_timetable
[2025-05-23T10:33:21.876-0600] {logging_mixin.py:190} INFO - [2025-05-23T10:33:21.875-0600] {dag.py:4180} INFO - Setting next_dagrun for conditional_dataset_and_time_based_timetable to 2025-05-21 01:00:00+00:00, run_after=2025-05-21 01:00:00+00:00
[2025-05-23T10:33:21.877-0600] {logging_mixin.py:190} INFO - [2025-05-23T10:33:21.877-0600] {dag.py:4180} INFO - Setting next_dagrun for consume_1_and_2_with_dataset_expressions to None, run_after=None
[2025-05-23T10:33:21.878-0600] {logging_mixin.py:190} INFO - [2025-05-23T10:33:21.878-0600] {dag.py:4180} INFO - Setting next_dagrun for consume_1_or_2_with_dataset_expressions to None, run_after=None
[2025-05-23T10:33:21.883-0600] {logging_mixin.py:190} INFO - [2025-05-23T10:33:21.883-0600] {dag.py:4180} INFO - Setting next_dagrun for consume_1_or_both_2_and_3_with_dataset_expressions to None, run_after=None
[2025-05-23T10:33:21.885-0600] {logging_mixin.py:190} INFO - [2025-05-23T10:33:21.885-0600] {dag.py:4180} INFO - Setting next_dagrun for dataset_consumes_1 to None, run_after=None
[2025-05-23T10:33:21.890-0600] {logging_mixin.py:190} INFO - [2025-05-23T10:33:21.890-0600] {dag.py:4180} INFO - Setting next_dagrun for dataset_consumes_1_and_2 to None, run_after=None
[2025-05-23T10:33:21.892-0600] {logging_mixin.py:190} INFO - [2025-05-23T10:33:21.892-0600] {dag.py:4180} INFO - Setting next_dagrun for dataset_consumes_1_never_scheduled to None, run_after=None
[2025-05-23T10:33:21.894-0600] {logging_mixin.py:190} INFO - [2025-05-23T10:33:21.894-0600] {dag.py:4180} INFO - Setting next_dagrun for dataset_consumes_unknown_never_scheduled to None, run_after=None
[2025-05-23T10:33:21.899-0600] {logging_mixin.py:190} INFO - [2025-05-23T10:33:21.898-0600] {dag.py:4180} INFO - Setting next_dagrun for dataset_produces_1 to 2025-05-22 00:00:00+00:00, run_after=2025-05-23 00:00:00+00:00
[2025-05-23T10:33:21.902-0600] {logging_mixin.py:190} INFO - [2025-05-23T10:33:21.901-0600] {dag.py:4180} INFO - Setting next_dagrun for dataset_produces_2 to None, run_after=None
[2025-05-23T10:33:21.981-0600] {processor.py:208} INFO - Processing /home/airflow/.local/lib/python3.12/site-packages/airflow/example_dags/example_datasets.py took 1.747 seconds
[2025-05-23T10:33:52.198-0600] {processor.py:186} INFO - Started process (PID=609) to work on /home/airflow/.local/lib/python3.12/site-packages/airflow/example_dags/example_datasets.py
[2025-05-23T10:33:52.199-0600] {processor.py:914} INFO - Processing file /home/airflow/.local/lib/python3.12/site-packages/airflow/example_dags/example_datasets.py for tasks to queue
[2025-05-23T10:33:52.203-0600] {logging_mixin.py:190} INFO - [2025-05-23T10:33:52.202-0600] {dagbag.py:588} INFO - Filling up the DagBag from /home/airflow/.local/lib/python3.12/site-packages/airflow/example_dags/example_datasets.py
[2025-05-23T10:33:53.313-0600] {processor.py:925} INFO - DAG(s) 'conditional_dataset_and_time_based_timetable', 'consume_1_or_2_with_dataset_expressions', 'consume_1_or_both_2_and_3_with_dataset_expressions', 'dataset_produces_2', 'dataset_consumes_unknown_never_scheduled', 'dataset_consumes_1_never_scheduled', 'consume_1_and_2_with_dataset_expressions', 'dataset_consumes_1', 'dataset_consumes_1_and_2', 'dataset_produces_1' retrieved from /home/airflow/.local/lib/python3.12/site-packages/airflow/example_dags/example_datasets.py
[2025-05-23T10:33:53.727-0600] {logging_mixin.py:190} INFO - [2025-05-23T10:33:53.726-0600] {dag.py:3239} INFO - Sync 10 DAGs
[2025-05-23T10:33:53.769-0600] {logging_mixin.py:190} INFO - [2025-05-23T10:33:53.765-0600] {dag.py:3262} INFO - Creating ORM DAG for consume_1_or_2_with_dataset_expressions
[2025-05-23T10:33:53.772-0600] {logging_mixin.py:190} INFO - [2025-05-23T10:33:53.771-0600] {dag.py:3262} INFO - Creating ORM DAG for consume_1_and_2_with_dataset_expressions
[2025-05-23T10:33:53.773-0600] {logging_mixin.py:190} INFO - [2025-05-23T10:33:53.773-0600] {dag.py:3262} INFO - Creating ORM DAG for consume_1_or_both_2_and_3_with_dataset_expressions
[2025-05-23T10:33:53.775-0600] {logging_mixin.py:190} INFO - [2025-05-23T10:33:53.775-0600] {dag.py:3262} INFO - Creating ORM DAG for conditional_dataset_and_time_based_timetable
[2025-05-23T10:33:53.805-0600] {logging_mixin.py:190} INFO - [2025-05-23T10:33:53.805-0600] {dag.py:4180} INFO - Setting next_dagrun for conditional_dataset_and_time_based_timetable to 2025-05-21 01:00:00+00:00, run_after=2025-05-21 01:00:00+00:00
[2025-05-23T10:33:53.807-0600] {logging_mixin.py:190} INFO - [2025-05-23T10:33:53.806-0600] {dag.py:4180} INFO - Setting next_dagrun for consume_1_and_2_with_dataset_expressions to None, run_after=None
[2025-05-23T10:33:53.808-0600] {logging_mixin.py:190} INFO - [2025-05-23T10:33:53.807-0600] {dag.py:4180} INFO - Setting next_dagrun for consume_1_or_2_with_dataset_expressions to None, run_after=None
[2025-05-23T10:33:53.808-0600] {logging_mixin.py:190} INFO - [2025-05-23T10:33:53.808-0600] {dag.py:4180} INFO - Setting next_dagrun for consume_1_or_both_2_and_3_with_dataset_expressions to None, run_after=None
[2025-05-23T10:33:53.809-0600] {logging_mixin.py:190} INFO - [2025-05-23T10:33:53.809-0600] {dag.py:4180} INFO - Setting next_dagrun for dataset_consumes_1 to None, run_after=None
[2025-05-23T10:33:53.814-0600] {logging_mixin.py:190} INFO - [2025-05-23T10:33:53.814-0600] {dag.py:4180} INFO - Setting next_dagrun for dataset_consumes_1_and_2 to None, run_after=None
[2025-05-23T10:33:53.817-0600] {logging_mixin.py:190} INFO - [2025-05-23T10:33:53.816-0600] {dag.py:4180} INFO - Setting next_dagrun for dataset_consumes_1_never_scheduled to None, run_after=None
[2025-05-23T10:33:53.819-0600] {logging_mixin.py:190} INFO - [2025-05-23T10:33:53.819-0600] {dag.py:4180} INFO - Setting next_dagrun for dataset_consumes_unknown_never_scheduled to None, run_after=None
[2025-05-23T10:33:53.825-0600] {logging_mixin.py:190} INFO - [2025-05-23T10:33:53.825-0600] {dag.py:4180} INFO - Setting next_dagrun for dataset_produces_1 to 2025-05-22 00:00:00+00:00, run_after=2025-05-23 00:00:00+00:00
[2025-05-23T10:33:53.827-0600] {logging_mixin.py:190} INFO - [2025-05-23T10:33:53.827-0600] {dag.py:4180} INFO - Setting next_dagrun for dataset_produces_2 to None, run_after=None
[2025-05-23T10:33:53.893-0600] {processor.py:208} INFO - Processing /home/airflow/.local/lib/python3.12/site-packages/airflow/example_dags/example_datasets.py took 1.705 seconds
[2025-05-23T10:34:24.127-0600] {processor.py:186} INFO - Started process (PID=675) to work on /home/airflow/.local/lib/python3.12/site-packages/airflow/example_dags/example_datasets.py
[2025-05-23T10:34:24.133-0600] {processor.py:914} INFO - Processing file /home/airflow/.local/lib/python3.12/site-packages/airflow/example_dags/example_datasets.py for tasks to queue
[2025-05-23T10:34:24.144-0600] {logging_mixin.py:190} INFO - [2025-05-23T10:34:24.143-0600] {dagbag.py:588} INFO - Filling up the DagBag from /home/airflow/.local/lib/python3.12/site-packages/airflow/example_dags/example_datasets.py
[2025-05-23T10:34:25.761-0600] {processor.py:925} INFO - DAG(s) 'consume_1_or_2_with_dataset_expressions', 'conditional_dataset_and_time_based_timetable', 'dataset_consumes_1', 'dataset_produces_2', 'dataset_consumes_1_never_scheduled', 'dataset_produces_1', 'dataset_consumes_1_and_2', 'consume_1_or_both_2_and_3_with_dataset_expressions', 'consume_1_and_2_with_dataset_expressions', 'dataset_consumes_unknown_never_scheduled' retrieved from /home/airflow/.local/lib/python3.12/site-packages/airflow/example_dags/example_datasets.py
[2025-05-23T10:34:26.493-0600] {logging_mixin.py:190} INFO - [2025-05-23T10:34:26.492-0600] {dag.py:3239} INFO - Sync 10 DAGs
[2025-05-23T10:34:26.537-0600] {logging_mixin.py:190} INFO - [2025-05-23T10:34:26.536-0600] {dag.py:3262} INFO - Creating ORM DAG for consume_1_or_2_with_dataset_expressions
[2025-05-23T10:34:26.539-0600] {logging_mixin.py:190} INFO - [2025-05-23T10:34:26.539-0600] {dag.py:3262} INFO - Creating ORM DAG for consume_1_and_2_with_dataset_expressions
[2025-05-23T10:34:26.541-0600] {logging_mixin.py:190} INFO - [2025-05-23T10:34:26.541-0600] {dag.py:3262} INFO - Creating ORM DAG for dataset_consumes_1
[2025-05-23T10:34:26.543-0600] {logging_mixin.py:190} INFO - [2025-05-23T10:34:26.543-0600] {dag.py:3262} INFO - Creating ORM DAG for consume_1_or_both_2_and_3_with_dataset_expressions
[2025-05-23T10:34:26.545-0600] {logging_mixin.py:190} INFO - [2025-05-23T10:34:26.544-0600] {dag.py:3262} INFO - Creating ORM DAG for conditional_dataset_and_time_based_timetable
[2025-05-23T10:34:26.576-0600] {logging_mixin.py:190} INFO - [2025-05-23T10:34:26.576-0600] {dag.py:4180} INFO - Setting next_dagrun for conditional_dataset_and_time_based_timetable to 2025-05-21 01:00:00+00:00, run_after=2025-05-21 01:00:00+00:00
[2025-05-23T10:34:26.578-0600] {logging_mixin.py:190} INFO - [2025-05-23T10:34:26.577-0600] {dag.py:4180} INFO - Setting next_dagrun for consume_1_and_2_with_dataset_expressions to None, run_after=None
[2025-05-23T10:34:26.579-0600] {logging_mixin.py:190} INFO - [2025-05-23T10:34:26.578-0600] {dag.py:4180} INFO - Setting next_dagrun for consume_1_or_2_with_dataset_expressions to None, run_after=None
[2025-05-23T10:34:26.580-0600] {logging_mixin.py:190} INFO - [2025-05-23T10:34:26.579-0600] {dag.py:4180} INFO - Setting next_dagrun for consume_1_or_both_2_and_3_with_dataset_expressions to None, run_after=None
[2025-05-23T10:34:26.581-0600] {logging_mixin.py:190} INFO - [2025-05-23T10:34:26.580-0600] {dag.py:4180} INFO - Setting next_dagrun for dataset_consumes_1 to None, run_after=None
[2025-05-23T10:34:26.582-0600] {logging_mixin.py:190} INFO - [2025-05-23T10:34:26.582-0600] {dag.py:4180} INFO - Setting next_dagrun for dataset_consumes_1_and_2 to None, run_after=None
[2025-05-23T10:34:26.594-0600] {logging_mixin.py:190} INFO - [2025-05-23T10:34:26.593-0600] {dag.py:4180} INFO - Setting next_dagrun for dataset_consumes_1_never_scheduled to None, run_after=None
[2025-05-23T10:34:26.598-0600] {logging_mixin.py:190} INFO - [2025-05-23T10:34:26.597-0600] {dag.py:4180} INFO - Setting next_dagrun for dataset_consumes_unknown_never_scheduled to None, run_after=None
[2025-05-23T10:34:26.611-0600] {logging_mixin.py:190} INFO - [2025-05-23T10:34:26.610-0600] {dag.py:4180} INFO - Setting next_dagrun for dataset_produces_1 to 2025-05-22 00:00:00+00:00, run_after=2025-05-23 00:00:00+00:00
[2025-05-23T10:34:26.615-0600] {logging_mixin.py:190} INFO - [2025-05-23T10:34:26.614-0600] {dag.py:4180} INFO - Setting next_dagrun for dataset_produces_2 to None, run_after=None
[2025-05-23T10:34:26.703-0600] {processor.py:208} INFO - Processing /home/airflow/.local/lib/python3.12/site-packages/airflow/example_dags/example_datasets.py took 2.593 seconds
[2025-05-23T10:34:57.113-0600] {processor.py:186} INFO - Started process (PID=742) to work on /home/airflow/.local/lib/python3.12/site-packages/airflow/example_dags/example_datasets.py
[2025-05-23T10:34:57.114-0600] {processor.py:914} INFO - Processing file /home/airflow/.local/lib/python3.12/site-packages/airflow/example_dags/example_datasets.py for tasks to queue
[2025-05-23T10:34:57.119-0600] {logging_mixin.py:190} INFO - [2025-05-23T10:34:57.118-0600] {dagbag.py:588} INFO - Filling up the DagBag from /home/airflow/.local/lib/python3.12/site-packages/airflow/example_dags/example_datasets.py
[2025-05-23T10:35:04.827-0600] {logging_mixin.py:190} INFO - [2025-05-23T10:35:04.827-0600] {process_utils.py:266} INFO - Waiting up to 5 seconds for processes to exit...
