[2025-05-23T10:29:25.146-0600] {processor.py:186} INFO - Started process (PID=76) to work on /home/airflow/.local/lib/python3.12/site-packages/airflow/example_dags/example_dataset_alias.py
[2025-05-23T10:29:25.149-0600] {processor.py:914} INFO - Processing file /home/airflow/.local/lib/python3.12/site-packages/airflow/example_dags/example_dataset_alias.py for tasks to queue
[2025-05-23T10:29:25.156-0600] {logging_mixin.py:190} INFO - [2025-05-23T10:29:25.155-0600] {dagbag.py:588} INFO - Filling up the DagBag from /home/airflow/.local/lib/python3.12/site-packages/airflow/example_dags/example_dataset_alias.py
[2025-05-23T10:29:29.601-0600] {processor.py:925} INFO - DAG(s) 'dataset_s3_bucket_producer', 'dataset_alias_example_alias_producer', 'dataset_s3_bucket_consumer', 'dataset_alias_example_alias_consumer' retrieved from /home/airflow/.local/lib/python3.12/site-packages/airflow/example_dags/example_dataset_alias.py
[2025-05-23T10:29:29.980-0600] {logging_mixin.py:190} INFO - [2025-05-23T10:29:29.979-0600] {override.py:1912} INFO - Created Permission View: can delete on DAG:dataset_s3_bucket_producer
[2025-05-23T10:29:29.996-0600] {logging_mixin.py:190} INFO - [2025-05-23T10:29:29.995-0600] {override.py:1912} INFO - Created Permission View: can edit on DAG:dataset_s3_bucket_producer
[2025-05-23T10:29:30.009-0600] {logging_mixin.py:190} INFO - [2025-05-23T10:29:30.008-0600] {override.py:1912} INFO - Created Permission View: can read on DAG:dataset_s3_bucket_producer
[2025-05-23T10:29:30.029-0600] {logging_mixin.py:190} INFO - [2025-05-23T10:29:30.028-0600] {override.py:1912} INFO - Created Permission View: can delete on DAG Run:dataset_s3_bucket_producer
[2025-05-23T10:29:30.053-0600] {logging_mixin.py:190} INFO - [2025-05-23T10:29:30.052-0600] {override.py:1912} INFO - Created Permission View: can create on DAG Run:dataset_s3_bucket_producer
[2025-05-23T10:29:30.072-0600] {logging_mixin.py:190} INFO - [2025-05-23T10:29:30.071-0600] {override.py:1912} INFO - Created Permission View: menu access on DAG Run:dataset_s3_bucket_producer
[2025-05-23T10:29:30.086-0600] {logging_mixin.py:190} INFO - [2025-05-23T10:29:30.085-0600] {override.py:1912} INFO - Created Permission View: can read on DAG Run:dataset_s3_bucket_producer
[2025-05-23T10:29:30.113-0600] {logging_mixin.py:190} INFO - [2025-05-23T10:29:30.112-0600] {override.py:1912} INFO - Created Permission View: can delete on DAG:dataset_alias_example_alias_producer
[2025-05-23T10:29:30.124-0600] {logging_mixin.py:190} INFO - [2025-05-23T10:29:30.123-0600] {override.py:1912} INFO - Created Permission View: can edit on DAG:dataset_alias_example_alias_producer
[2025-05-23T10:29:30.133-0600] {logging_mixin.py:190} INFO - [2025-05-23T10:29:30.133-0600] {override.py:1912} INFO - Created Permission View: can read on DAG:dataset_alias_example_alias_producer
[2025-05-23T10:29:30.147-0600] {logging_mixin.py:190} INFO - [2025-05-23T10:29:30.145-0600] {override.py:1912} INFO - Created Permission View: can delete on DAG Run:dataset_alias_example_alias_producer
[2025-05-23T10:29:30.156-0600] {logging_mixin.py:190} INFO - [2025-05-23T10:29:30.156-0600] {override.py:1912} INFO - Created Permission View: can create on DAG Run:dataset_alias_example_alias_producer
[2025-05-23T10:29:30.165-0600] {logging_mixin.py:190} INFO - [2025-05-23T10:29:30.164-0600] {override.py:1912} INFO - Created Permission View: menu access on DAG Run:dataset_alias_example_alias_producer
[2025-05-23T10:29:30.175-0600] {logging_mixin.py:190} INFO - [2025-05-23T10:29:30.174-0600] {override.py:1912} INFO - Created Permission View: can read on DAG Run:dataset_alias_example_alias_producer
[2025-05-23T10:29:30.212-0600] {logging_mixin.py:190} INFO - [2025-05-23T10:29:30.207-0600] {override.py:1912} INFO - Created Permission View: can delete on DAG:dataset_s3_bucket_consumer
[2025-05-23T10:29:30.227-0600] {logging_mixin.py:190} INFO - [2025-05-23T10:29:30.226-0600] {override.py:1912} INFO - Created Permission View: can edit on DAG:dataset_s3_bucket_consumer
[2025-05-23T10:29:30.239-0600] {logging_mixin.py:190} INFO - [2025-05-23T10:29:30.238-0600] {override.py:1912} INFO - Created Permission View: can read on DAG:dataset_s3_bucket_consumer
[2025-05-23T10:29:30.269-0600] {logging_mixin.py:190} INFO - [2025-05-23T10:29:30.266-0600] {override.py:1912} INFO - Created Permission View: can delete on DAG Run:dataset_s3_bucket_consumer
[2025-05-23T10:29:30.284-0600] {logging_mixin.py:190} INFO - [2025-05-23T10:29:30.283-0600] {override.py:1912} INFO - Created Permission View: can create on DAG Run:dataset_s3_bucket_consumer
[2025-05-23T10:29:30.302-0600] {logging_mixin.py:190} INFO - [2025-05-23T10:29:30.301-0600] {override.py:1912} INFO - Created Permission View: menu access on DAG Run:dataset_s3_bucket_consumer
[2025-05-23T10:29:30.328-0600] {logging_mixin.py:190} INFO - [2025-05-23T10:29:30.328-0600] {override.py:1912} INFO - Created Permission View: can read on DAG Run:dataset_s3_bucket_consumer
[2025-05-23T10:29:30.361-0600] {logging_mixin.py:190} INFO - [2025-05-23T10:29:30.361-0600] {override.py:1912} INFO - Created Permission View: can delete on DAG:dataset_alias_example_alias_consumer
[2025-05-23T10:29:30.392-0600] {logging_mixin.py:190} INFO - [2025-05-23T10:29:30.391-0600] {override.py:1912} INFO - Created Permission View: can edit on DAG:dataset_alias_example_alias_consumer
[2025-05-23T10:29:30.408-0600] {logging_mixin.py:190} INFO - [2025-05-23T10:29:30.408-0600] {override.py:1912} INFO - Created Permission View: can read on DAG:dataset_alias_example_alias_consumer
[2025-05-23T10:29:30.426-0600] {logging_mixin.py:190} INFO - [2025-05-23T10:29:30.426-0600] {override.py:1912} INFO - Created Permission View: can delete on DAG Run:dataset_alias_example_alias_consumer
[2025-05-23T10:29:30.442-0600] {logging_mixin.py:190} INFO - [2025-05-23T10:29:30.441-0600] {override.py:1912} INFO - Created Permission View: can create on DAG Run:dataset_alias_example_alias_consumer
[2025-05-23T10:29:30.458-0600] {logging_mixin.py:190} INFO - [2025-05-23T10:29:30.457-0600] {override.py:1912} INFO - Created Permission View: menu access on DAG Run:dataset_alias_example_alias_consumer
[2025-05-23T10:29:30.476-0600] {logging_mixin.py:190} INFO - [2025-05-23T10:29:30.475-0600] {override.py:1912} INFO - Created Permission View: can read on DAG Run:dataset_alias_example_alias_consumer
[2025-05-23T10:29:30.477-0600] {logging_mixin.py:190} INFO - [2025-05-23T10:29:30.476-0600] {dag.py:3239} INFO - Sync 4 DAGs
[2025-05-23T10:29:30.541-0600] {logging_mixin.py:190} INFO - [2025-05-23T10:29:30.538-0600] {dag.py:3262} INFO - Creating ORM DAG for dataset_alias_example_alias_consumer
[2025-05-23T10:29:30.542-0600] {logging_mixin.py:190} INFO - [2025-05-23T10:29:30.542-0600] {dag.py:3262} INFO - Creating ORM DAG for dataset_alias_example_alias_producer
[2025-05-23T10:29:30.548-0600] {logging_mixin.py:190} INFO - [2025-05-23T10:29:30.547-0600] {dag.py:3262} INFO - Creating ORM DAG for dataset_s3_bucket_consumer
[2025-05-23T10:29:30.552-0600] {logging_mixin.py:190} INFO - [2025-05-23T10:29:30.549-0600] {dag.py:3262} INFO - Creating ORM DAG for dataset_s3_bucket_producer
[2025-05-23T10:29:30.615-0600] {logging_mixin.py:190} INFO - [2025-05-23T10:29:30.612-0600] {dag.py:4180} INFO - Setting next_dagrun for dataset_alias_example_alias_consumer to None, run_after=None
[2025-05-23T10:29:30.617-0600] {logging_mixin.py:190} INFO - [2025-05-23T10:29:30.616-0600] {dag.py:4180} INFO - Setting next_dagrun for dataset_alias_example_alias_producer to None, run_after=None
[2025-05-23T10:29:30.623-0600] {logging_mixin.py:190} INFO - [2025-05-23T10:29:30.618-0600] {dag.py:4180} INFO - Setting next_dagrun for dataset_s3_bucket_consumer to None, run_after=None
[2025-05-23T10:29:30.624-0600] {logging_mixin.py:190} INFO - [2025-05-23T10:29:30.624-0600] {dag.py:4180} INFO - Setting next_dagrun for dataset_s3_bucket_producer to None, run_after=None
[2025-05-23T10:29:30.757-0600] {processor.py:208} INFO - Processing /home/airflow/.local/lib/python3.12/site-packages/airflow/example_dags/example_dataset_alias.py took 5.628 seconds
[2025-05-23T10:30:00.911-0600] {processor.py:186} INFO - Started process (PID=139) to work on /home/airflow/.local/lib/python3.12/site-packages/airflow/example_dags/example_dataset_alias.py
[2025-05-23T10:30:00.913-0600] {processor.py:914} INFO - Processing file /home/airflow/.local/lib/python3.12/site-packages/airflow/example_dags/example_dataset_alias.py for tasks to queue
[2025-05-23T10:30:00.917-0600] {logging_mixin.py:190} INFO - [2025-05-23T10:30:00.917-0600] {dagbag.py:588} INFO - Filling up the DagBag from /home/airflow/.local/lib/python3.12/site-packages/airflow/example_dags/example_dataset_alias.py
[2025-05-23T10:30:02.007-0600] {processor.py:925} INFO - DAG(s) 'dataset_alias_example_alias_consumer', 'dataset_alias_example_alias_producer', 'dataset_s3_bucket_consumer', 'dataset_s3_bucket_producer' retrieved from /home/airflow/.local/lib/python3.12/site-packages/airflow/example_dags/example_dataset_alias.py
[2025-05-23T10:30:02.065-0600] {logging_mixin.py:190} INFO - [2025-05-23T10:30:02.064-0600] {dag.py:3239} INFO - Sync 4 DAGs
[2025-05-23T10:30:02.119-0600] {logging_mixin.py:190} INFO - [2025-05-23T10:30:02.119-0600] {dag.py:4180} INFO - Setting next_dagrun for dataset_alias_example_alias_consumer to None, run_after=None
[2025-05-23T10:30:02.125-0600] {logging_mixin.py:190} INFO - [2025-05-23T10:30:02.125-0600] {dag.py:4180} INFO - Setting next_dagrun for dataset_alias_example_alias_producer to None, run_after=None
[2025-05-23T10:30:02.129-0600] {logging_mixin.py:190} INFO - [2025-05-23T10:30:02.129-0600] {dag.py:4180} INFO - Setting next_dagrun for dataset_s3_bucket_consumer to None, run_after=None
[2025-05-23T10:30:02.134-0600] {logging_mixin.py:190} INFO - [2025-05-23T10:30:02.133-0600] {dag.py:4180} INFO - Setting next_dagrun for dataset_s3_bucket_producer to None, run_after=None
[2025-05-23T10:30:02.178-0600] {processor.py:208} INFO - Processing /home/airflow/.local/lib/python3.12/site-packages/airflow/example_dags/example_dataset_alias.py took 1.278 seconds
[2025-05-23T10:30:32.701-0600] {processor.py:186} INFO - Started process (PID=202) to work on /home/airflow/.local/lib/python3.12/site-packages/airflow/example_dags/example_dataset_alias.py
[2025-05-23T10:30:32.702-0600] {processor.py:914} INFO - Processing file /home/airflow/.local/lib/python3.12/site-packages/airflow/example_dags/example_dataset_alias.py for tasks to queue
[2025-05-23T10:30:32.707-0600] {logging_mixin.py:190} INFO - [2025-05-23T10:30:32.706-0600] {dagbag.py:588} INFO - Filling up the DagBag from /home/airflow/.local/lib/python3.12/site-packages/airflow/example_dags/example_dataset_alias.py
[2025-05-23T10:30:33.854-0600] {processor.py:925} INFO - DAG(s) 'dataset_alias_example_alias_consumer', 'dataset_s3_bucket_producer', 'dataset_alias_example_alias_producer', 'dataset_s3_bucket_consumer' retrieved from /home/airflow/.local/lib/python3.12/site-packages/airflow/example_dags/example_dataset_alias.py
[2025-05-23T10:30:33.881-0600] {logging_mixin.py:190} INFO - [2025-05-23T10:30:33.881-0600] {dag.py:3239} INFO - Sync 4 DAGs
[2025-05-23T10:30:33.915-0600] {logging_mixin.py:190} INFO - [2025-05-23T10:30:33.914-0600] {dag.py:4180} INFO - Setting next_dagrun for dataset_alias_example_alias_consumer to None, run_after=None
[2025-05-23T10:30:33.918-0600] {logging_mixin.py:190} INFO - [2025-05-23T10:30:33.917-0600] {dag.py:4180} INFO - Setting next_dagrun for dataset_alias_example_alias_producer to None, run_after=None
[2025-05-23T10:30:33.921-0600] {logging_mixin.py:190} INFO - [2025-05-23T10:30:33.921-0600] {dag.py:4180} INFO - Setting next_dagrun for dataset_s3_bucket_consumer to None, run_after=None
[2025-05-23T10:30:33.923-0600] {logging_mixin.py:190} INFO - [2025-05-23T10:30:33.922-0600] {dag.py:4180} INFO - Setting next_dagrun for dataset_s3_bucket_producer to None, run_after=None
[2025-05-23T10:30:33.950-0600] {processor.py:208} INFO - Processing /home/airflow/.local/lib/python3.12/site-packages/airflow/example_dags/example_dataset_alias.py took 1.261 seconds
[2025-05-23T10:31:04.538-0600] {processor.py:186} INFO - Started process (PID=271) to work on /home/airflow/.local/lib/python3.12/site-packages/airflow/example_dags/example_dataset_alias.py
[2025-05-23T10:31:04.540-0600] {processor.py:914} INFO - Processing file /home/airflow/.local/lib/python3.12/site-packages/airflow/example_dags/example_dataset_alias.py for tasks to queue
[2025-05-23T10:31:04.545-0600] {logging_mixin.py:190} INFO - [2025-05-23T10:31:04.545-0600] {dagbag.py:588} INFO - Filling up the DagBag from /home/airflow/.local/lib/python3.12/site-packages/airflow/example_dags/example_dataset_alias.py
[2025-05-23T10:31:05.631-0600] {processor.py:925} INFO - DAG(s) 'dataset_s3_bucket_producer', 'dataset_alias_example_alias_producer', 'dataset_alias_example_alias_consumer', 'dataset_s3_bucket_consumer' retrieved from /home/airflow/.local/lib/python3.12/site-packages/airflow/example_dags/example_dataset_alias.py
[2025-05-23T10:31:05.678-0600] {logging_mixin.py:190} INFO - [2025-05-23T10:31:05.677-0600] {dag.py:3239} INFO - Sync 4 DAGs
[2025-05-23T10:31:05.718-0600] {logging_mixin.py:190} INFO - [2025-05-23T10:31:05.718-0600] {dag.py:4180} INFO - Setting next_dagrun for dataset_alias_example_alias_consumer to None, run_after=None
[2025-05-23T10:31:05.722-0600] {logging_mixin.py:190} INFO - [2025-05-23T10:31:05.722-0600] {dag.py:4180} INFO - Setting next_dagrun for dataset_alias_example_alias_producer to None, run_after=None
[2025-05-23T10:31:05.726-0600] {logging_mixin.py:190} INFO - [2025-05-23T10:31:05.726-0600] {dag.py:4180} INFO - Setting next_dagrun for dataset_s3_bucket_consumer to None, run_after=None
[2025-05-23T10:31:05.728-0600] {logging_mixin.py:190} INFO - [2025-05-23T10:31:05.728-0600] {dag.py:4180} INFO - Setting next_dagrun for dataset_s3_bucket_producer to None, run_after=None
[2025-05-23T10:31:05.774-0600] {processor.py:208} INFO - Processing /home/airflow/.local/lib/python3.12/site-packages/airflow/example_dags/example_dataset_alias.py took 1.247 seconds
[2025-05-23T10:31:36.031-0600] {processor.py:186} INFO - Started process (PID=335) to work on /home/airflow/.local/lib/python3.12/site-packages/airflow/example_dags/example_dataset_alias.py
[2025-05-23T10:31:36.035-0600] {processor.py:914} INFO - Processing file /home/airflow/.local/lib/python3.12/site-packages/airflow/example_dags/example_dataset_alias.py for tasks to queue
[2025-05-23T10:31:36.041-0600] {logging_mixin.py:190} INFO - [2025-05-23T10:31:36.040-0600] {dagbag.py:588} INFO - Filling up the DagBag from /home/airflow/.local/lib/python3.12/site-packages/airflow/example_dags/example_dataset_alias.py
[2025-05-23T10:31:37.134-0600] {processor.py:925} INFO - DAG(s) 'dataset_s3_bucket_producer', 'dataset_alias_example_alias_producer', 'dataset_s3_bucket_consumer', 'dataset_alias_example_alias_consumer' retrieved from /home/airflow/.local/lib/python3.12/site-packages/airflow/example_dags/example_dataset_alias.py
[2025-05-23T10:31:37.167-0600] {logging_mixin.py:190} INFO - [2025-05-23T10:31:37.166-0600] {dag.py:3239} INFO - Sync 4 DAGs
[2025-05-23T10:31:37.207-0600] {logging_mixin.py:190} INFO - [2025-05-23T10:31:37.206-0600] {dag.py:4180} INFO - Setting next_dagrun for dataset_alias_example_alias_consumer to None, run_after=None
[2025-05-23T10:31:37.211-0600] {logging_mixin.py:190} INFO - [2025-05-23T10:31:37.210-0600] {dag.py:4180} INFO - Setting next_dagrun for dataset_alias_example_alias_producer to None, run_after=None
[2025-05-23T10:31:37.213-0600] {logging_mixin.py:190} INFO - [2025-05-23T10:31:37.212-0600] {dag.py:4180} INFO - Setting next_dagrun for dataset_s3_bucket_consumer to None, run_after=None
[2025-05-23T10:31:37.215-0600] {logging_mixin.py:190} INFO - [2025-05-23T10:31:37.214-0600] {dag.py:4180} INFO - Setting next_dagrun for dataset_s3_bucket_producer to None, run_after=None
[2025-05-23T10:31:37.252-0600] {processor.py:208} INFO - Processing /home/airflow/.local/lib/python3.12/site-packages/airflow/example_dags/example_dataset_alias.py took 1.235 seconds
[2025-05-23T10:32:07.650-0600] {processor.py:186} INFO - Started process (PID=398) to work on /home/airflow/.local/lib/python3.12/site-packages/airflow/example_dags/example_dataset_alias.py
[2025-05-23T10:32:07.652-0600] {processor.py:914} INFO - Processing file /home/airflow/.local/lib/python3.12/site-packages/airflow/example_dags/example_dataset_alias.py for tasks to queue
[2025-05-23T10:32:07.656-0600] {logging_mixin.py:190} INFO - [2025-05-23T10:32:07.655-0600] {dagbag.py:588} INFO - Filling up the DagBag from /home/airflow/.local/lib/python3.12/site-packages/airflow/example_dags/example_dataset_alias.py
[2025-05-23T10:32:08.998-0600] {processor.py:925} INFO - DAG(s) 'dataset_s3_bucket_consumer', 'dataset_alias_example_alias_consumer', 'dataset_s3_bucket_producer', 'dataset_alias_example_alias_producer' retrieved from /home/airflow/.local/lib/python3.12/site-packages/airflow/example_dags/example_dataset_alias.py
[2025-05-23T10:32:09.040-0600] {logging_mixin.py:190} INFO - [2025-05-23T10:32:09.039-0600] {dag.py:3239} INFO - Sync 4 DAGs
[2025-05-23T10:32:09.078-0600] {logging_mixin.py:190} INFO - [2025-05-23T10:32:09.078-0600] {dag.py:4180} INFO - Setting next_dagrun for dataset_alias_example_alias_consumer to None, run_after=None
[2025-05-23T10:32:09.082-0600] {logging_mixin.py:190} INFO - [2025-05-23T10:32:09.082-0600] {dag.py:4180} INFO - Setting next_dagrun for dataset_alias_example_alias_producer to None, run_after=None
[2025-05-23T10:32:09.084-0600] {logging_mixin.py:190} INFO - [2025-05-23T10:32:09.084-0600] {dag.py:4180} INFO - Setting next_dagrun for dataset_s3_bucket_consumer to None, run_after=None
[2025-05-23T10:32:09.086-0600] {logging_mixin.py:190} INFO - [2025-05-23T10:32:09.086-0600] {dag.py:4180} INFO - Setting next_dagrun for dataset_s3_bucket_producer to None, run_after=None
[2025-05-23T10:32:09.117-0600] {processor.py:208} INFO - Processing /home/airflow/.local/lib/python3.12/site-packages/airflow/example_dags/example_dataset_alias.py took 1.478 seconds
[2025-05-23T10:32:39.443-0600] {processor.py:186} INFO - Started process (PID=460) to work on /home/airflow/.local/lib/python3.12/site-packages/airflow/example_dags/example_dataset_alias.py
[2025-05-23T10:32:39.444-0600] {processor.py:914} INFO - Processing file /home/airflow/.local/lib/python3.12/site-packages/airflow/example_dags/example_dataset_alias.py for tasks to queue
[2025-05-23T10:32:39.448-0600] {logging_mixin.py:190} INFO - [2025-05-23T10:32:39.448-0600] {dagbag.py:588} INFO - Filling up the DagBag from /home/airflow/.local/lib/python3.12/site-packages/airflow/example_dags/example_dataset_alias.py
[2025-05-23T10:32:40.546-0600] {processor.py:925} INFO - DAG(s) 'dataset_s3_bucket_consumer', 'dataset_s3_bucket_producer', 'dataset_alias_example_alias_producer', 'dataset_alias_example_alias_consumer' retrieved from /home/airflow/.local/lib/python3.12/site-packages/airflow/example_dags/example_dataset_alias.py
[2025-05-23T10:32:40.606-0600] {logging_mixin.py:190} INFO - [2025-05-23T10:32:40.605-0600] {dag.py:3239} INFO - Sync 4 DAGs
[2025-05-23T10:32:40.649-0600] {logging_mixin.py:190} INFO - [2025-05-23T10:32:40.649-0600] {dag.py:4180} INFO - Setting next_dagrun for dataset_alias_example_alias_consumer to None, run_after=None
[2025-05-23T10:32:40.653-0600] {logging_mixin.py:190} INFO - [2025-05-23T10:32:40.653-0600] {dag.py:4180} INFO - Setting next_dagrun for dataset_alias_example_alias_producer to None, run_after=None
[2025-05-23T10:32:40.655-0600] {logging_mixin.py:190} INFO - [2025-05-23T10:32:40.655-0600] {dag.py:4180} INFO - Setting next_dagrun for dataset_s3_bucket_consumer to None, run_after=None
[2025-05-23T10:32:40.657-0600] {logging_mixin.py:190} INFO - [2025-05-23T10:32:40.656-0600] {dag.py:4180} INFO - Setting next_dagrun for dataset_s3_bucket_producer to None, run_after=None
[2025-05-23T10:32:40.687-0600] {processor.py:208} INFO - Processing /home/airflow/.local/lib/python3.12/site-packages/airflow/example_dags/example_dataset_alias.py took 1.256 seconds
[2025-05-23T10:33:11.289-0600] {processor.py:186} INFO - Started process (PID=523) to work on /home/airflow/.local/lib/python3.12/site-packages/airflow/example_dags/example_dataset_alias.py
[2025-05-23T10:33:11.292-0600] {processor.py:914} INFO - Processing file /home/airflow/.local/lib/python3.12/site-packages/airflow/example_dags/example_dataset_alias.py for tasks to queue
[2025-05-23T10:33:11.296-0600] {logging_mixin.py:190} INFO - [2025-05-23T10:33:11.295-0600] {dagbag.py:588} INFO - Filling up the DagBag from /home/airflow/.local/lib/python3.12/site-packages/airflow/example_dags/example_dataset_alias.py
[2025-05-23T10:33:13.031-0600] {processor.py:925} INFO - DAG(s) 'dataset_alias_example_alias_producer', 'dataset_s3_bucket_consumer', 'dataset_alias_example_alias_consumer', 'dataset_s3_bucket_producer' retrieved from /home/airflow/.local/lib/python3.12/site-packages/airflow/example_dags/example_dataset_alias.py
[2025-05-23T10:33:13.423-0600] {logging_mixin.py:190} INFO - [2025-05-23T10:33:13.422-0600] {dag.py:3239} INFO - Sync 4 DAGs
[2025-05-23T10:33:13.453-0600] {logging_mixin.py:190} INFO - [2025-05-23T10:33:13.452-0600] {dag.py:3262} INFO - Creating ORM DAG for dataset_alias_example_alias_consumer
[2025-05-23T10:33:13.478-0600] {logging_mixin.py:190} INFO - [2025-05-23T10:33:13.478-0600] {dag.py:4180} INFO - Setting next_dagrun for dataset_alias_example_alias_consumer to None, run_after=None
[2025-05-23T10:33:13.481-0600] {logging_mixin.py:190} INFO - [2025-05-23T10:33:13.480-0600] {dag.py:4180} INFO - Setting next_dagrun for dataset_alias_example_alias_producer to None, run_after=None
[2025-05-23T10:33:13.487-0600] {logging_mixin.py:190} INFO - [2025-05-23T10:33:13.487-0600] {dag.py:4180} INFO - Setting next_dagrun for dataset_s3_bucket_consumer to None, run_after=None
[2025-05-23T10:33:13.491-0600] {logging_mixin.py:190} INFO - [2025-05-23T10:33:13.491-0600] {dag.py:4180} INFO - Setting next_dagrun for dataset_s3_bucket_producer to None, run_after=None
[2025-05-23T10:33:13.555-0600] {processor.py:208} INFO - Processing /home/airflow/.local/lib/python3.12/site-packages/airflow/example_dags/example_dataset_alias.py took 2.283 seconds
[2025-05-23T10:33:43.977-0600] {processor.py:186} INFO - Started process (PID=589) to work on /home/airflow/.local/lib/python3.12/site-packages/airflow/example_dags/example_dataset_alias.py
[2025-05-23T10:33:43.979-0600] {processor.py:914} INFO - Processing file /home/airflow/.local/lib/python3.12/site-packages/airflow/example_dags/example_dataset_alias.py for tasks to queue
[2025-05-23T10:33:43.985-0600] {logging_mixin.py:190} INFO - [2025-05-23T10:33:43.984-0600] {dagbag.py:588} INFO - Filling up the DagBag from /home/airflow/.local/lib/python3.12/site-packages/airflow/example_dags/example_dataset_alias.py
[2025-05-23T10:33:45.194-0600] {processor.py:925} INFO - DAG(s) 'dataset_s3_bucket_consumer', 'dataset_alias_example_alias_consumer', 'dataset_alias_example_alias_producer', 'dataset_s3_bucket_producer' retrieved from /home/airflow/.local/lib/python3.12/site-packages/airflow/example_dags/example_dataset_alias.py
[2025-05-23T10:33:45.224-0600] {logging_mixin.py:190} INFO - [2025-05-23T10:33:45.224-0600] {dag.py:3239} INFO - Sync 4 DAGs
[2025-05-23T10:33:45.264-0600] {logging_mixin.py:190} INFO - [2025-05-23T10:33:45.263-0600] {dag.py:4180} INFO - Setting next_dagrun for dataset_alias_example_alias_consumer to None, run_after=None
[2025-05-23T10:33:45.268-0600] {logging_mixin.py:190} INFO - [2025-05-23T10:33:45.267-0600] {dag.py:4180} INFO - Setting next_dagrun for dataset_alias_example_alias_producer to None, run_after=None
[2025-05-23T10:33:45.270-0600] {logging_mixin.py:190} INFO - [2025-05-23T10:33:45.270-0600] {dag.py:4180} INFO - Setting next_dagrun for dataset_s3_bucket_consumer to None, run_after=None
[2025-05-23T10:33:45.271-0600] {logging_mixin.py:190} INFO - [2025-05-23T10:33:45.271-0600] {dag.py:4180} INFO - Setting next_dagrun for dataset_s3_bucket_producer to None, run_after=None
[2025-05-23T10:33:45.305-0600] {processor.py:208} INFO - Processing /home/airflow/.local/lib/python3.12/site-packages/airflow/example_dags/example_dataset_alias.py took 1.344 seconds
[2025-05-23T10:34:15.556-0600] {processor.py:186} INFO - Started process (PID=655) to work on /home/airflow/.local/lib/python3.12/site-packages/airflow/example_dags/example_dataset_alias.py
[2025-05-23T10:34:15.559-0600] {processor.py:914} INFO - Processing file /home/airflow/.local/lib/python3.12/site-packages/airflow/example_dags/example_dataset_alias.py for tasks to queue
[2025-05-23T10:34:15.564-0600] {logging_mixin.py:190} INFO - [2025-05-23T10:34:15.564-0600] {dagbag.py:588} INFO - Filling up the DagBag from /home/airflow/.local/lib/python3.12/site-packages/airflow/example_dags/example_dataset_alias.py
[2025-05-23T10:34:16.839-0600] {processor.py:925} INFO - DAG(s) 'dataset_alias_example_alias_consumer', 'dataset_s3_bucket_producer', 'dataset_s3_bucket_consumer', 'dataset_alias_example_alias_producer' retrieved from /home/airflow/.local/lib/python3.12/site-packages/airflow/example_dags/example_dataset_alias.py
[2025-05-23T10:34:17.079-0600] {logging_mixin.py:190} INFO - [2025-05-23T10:34:17.078-0600] {dag.py:3239} INFO - Sync 4 DAGs
[2025-05-23T10:34:17.105-0600] {logging_mixin.py:190} INFO - [2025-05-23T10:34:17.105-0600] {dag.py:3262} INFO - Creating ORM DAG for dataset_alias_example_alias_producer
[2025-05-23T10:34:17.107-0600] {logging_mixin.py:190} INFO - [2025-05-23T10:34:17.106-0600] {dag.py:3262} INFO - Creating ORM DAG for dataset_alias_example_alias_consumer
[2025-05-23T10:34:17.123-0600] {logging_mixin.py:190} INFO - [2025-05-23T10:34:17.122-0600] {dag.py:4180} INFO - Setting next_dagrun for dataset_alias_example_alias_consumer to None, run_after=None
[2025-05-23T10:34:17.124-0600] {logging_mixin.py:190} INFO - [2025-05-23T10:34:17.123-0600] {dag.py:4180} INFO - Setting next_dagrun for dataset_alias_example_alias_producer to None, run_after=None
[2025-05-23T10:34:17.125-0600] {logging_mixin.py:190} INFO - [2025-05-23T10:34:17.124-0600] {dag.py:4180} INFO - Setting next_dagrun for dataset_s3_bucket_consumer to None, run_after=None
[2025-05-23T10:34:17.129-0600] {logging_mixin.py:190} INFO - [2025-05-23T10:34:17.128-0600] {dag.py:4180} INFO - Setting next_dagrun for dataset_s3_bucket_producer to None, run_after=None
[2025-05-23T10:34:17.173-0600] {processor.py:208} INFO - Processing /home/airflow/.local/lib/python3.12/site-packages/airflow/example_dags/example_dataset_alias.py took 1.630 seconds
[2025-05-23T10:34:47.952-0600] {processor.py:186} INFO - Started process (PID=718) to work on /home/airflow/.local/lib/python3.12/site-packages/airflow/example_dags/example_dataset_alias.py
[2025-05-23T10:34:47.954-0600] {processor.py:914} INFO - Processing file /home/airflow/.local/lib/python3.12/site-packages/airflow/example_dags/example_dataset_alias.py for tasks to queue
[2025-05-23T10:34:47.960-0600] {logging_mixin.py:190} INFO - [2025-05-23T10:34:47.959-0600] {dagbag.py:588} INFO - Filling up the DagBag from /home/airflow/.local/lib/python3.12/site-packages/airflow/example_dags/example_dataset_alias.py
[2025-05-23T10:34:49.036-0600] {processor.py:925} INFO - DAG(s) 'dataset_s3_bucket_producer', 'dataset_alias_example_alias_producer', 'dataset_s3_bucket_consumer', 'dataset_alias_example_alias_consumer' retrieved from /home/airflow/.local/lib/python3.12/site-packages/airflow/example_dags/example_dataset_alias.py
[2025-05-23T10:34:49.254-0600] {logging_mixin.py:190} INFO - [2025-05-23T10:34:49.254-0600] {dag.py:3239} INFO - Sync 4 DAGs
[2025-05-23T10:34:49.284-0600] {logging_mixin.py:190} INFO - [2025-05-23T10:34:49.283-0600] {dag.py:3262} INFO - Creating ORM DAG for dataset_alias_example_alias_consumer
[2025-05-23T10:34:49.299-0600] {logging_mixin.py:190} INFO - [2025-05-23T10:34:49.299-0600] {dag.py:4180} INFO - Setting next_dagrun for dataset_alias_example_alias_consumer to None, run_after=None
[2025-05-23T10:34:49.301-0600] {logging_mixin.py:190} INFO - [2025-05-23T10:34:49.300-0600] {dag.py:4180} INFO - Setting next_dagrun for dataset_alias_example_alias_producer to None, run_after=None
[2025-05-23T10:34:49.305-0600] {logging_mixin.py:190} INFO - [2025-05-23T10:34:49.305-0600] {dag.py:4180} INFO - Setting next_dagrun for dataset_s3_bucket_consumer to None, run_after=None
[2025-05-23T10:34:49.307-0600] {logging_mixin.py:190} INFO - [2025-05-23T10:34:49.307-0600] {dag.py:4180} INFO - Setting next_dagrun for dataset_s3_bucket_producer to None, run_after=None
[2025-05-23T10:34:49.353-0600] {processor.py:208} INFO - Processing /home/airflow/.local/lib/python3.12/site-packages/airflow/example_dags/example_dataset_alias.py took 1.414 seconds
