[2025-05-23T10:29:32.131-0600] {processor.py:186} INFO - Started process (PID=80) to work on /home/airflow/.local/lib/python3.12/site-packages/airflow/example_dags/example_dynamic_task_mapping.py
[2025-05-23T10:29:32.133-0600] {processor.py:914} INFO - Processing file /home/airflow/.local/lib/python3.12/site-packages/airflow/example_dags/example_dynamic_task_mapping.py for tasks to queue
[2025-05-23T10:29:32.149-0600] {logging_mixin.py:190} INFO - [2025-05-23T10:29:32.149-0600] {dagbag.py:588} INFO - Filling up the DagBag from /home/airflow/.local/lib/python3.12/site-packages/airflow/example_dags/example_dynamic_task_mapping.py
[2025-05-23T10:29:32.203-0600] {processor.py:925} INFO - DAG(s) 'example_dynamic_task_mapping' retrieved from /home/airflow/.local/lib/python3.12/site-packages/airflow/example_dags/example_dynamic_task_mapping.py
[2025-05-23T10:29:32.940-0600] {logging_mixin.py:190} INFO - [2025-05-23T10:29:32.938-0600] {override.py:1912} INFO - Created Permission View: can delete on DAG:example_dynamic_task_mapping
[2025-05-23T10:29:33.040-0600] {logging_mixin.py:190} INFO - [2025-05-23T10:29:33.038-0600] {override.py:1912} INFO - Created Permission View: can edit on DAG:example_dynamic_task_mapping
[2025-05-23T10:29:33.109-0600] {logging_mixin.py:190} INFO - [2025-05-23T10:29:33.108-0600] {override.py:1912} INFO - Created Permission View: can read on DAG:example_dynamic_task_mapping
[2025-05-23T10:29:33.134-0600] {logging_mixin.py:190} INFO - [2025-05-23T10:29:33.133-0600] {override.py:1912} INFO - Created Permission View: can delete on DAG Run:example_dynamic_task_mapping
[2025-05-23T10:29:33.199-0600] {logging_mixin.py:190} INFO - [2025-05-23T10:29:33.198-0600] {override.py:1912} INFO - Created Permission View: can create on DAG Run:example_dynamic_task_mapping
[2025-05-23T10:29:33.266-0600] {logging_mixin.py:190} INFO - [2025-05-23T10:29:33.265-0600] {override.py:1912} INFO - Created Permission View: menu access on DAG Run:example_dynamic_task_mapping
[2025-05-23T10:29:33.299-0600] {logging_mixin.py:190} INFO - [2025-05-23T10:29:33.298-0600] {override.py:1912} INFO - Created Permission View: can read on DAG Run:example_dynamic_task_mapping
[2025-05-23T10:29:33.300-0600] {logging_mixin.py:190} INFO - [2025-05-23T10:29:33.299-0600] {dag.py:3239} INFO - Sync 1 DAGs
[2025-05-23T10:29:33.371-0600] {logging_mixin.py:190} INFO - [2025-05-23T10:29:33.371-0600] {dag.py:3262} INFO - Creating ORM DAG for example_dynamic_task_mapping
[2025-05-23T10:29:33.372-0600] {logging_mixin.py:190} INFO - [2025-05-23T10:29:33.372-0600] {dag.py:4180} INFO - Setting next_dagrun for example_dynamic_task_mapping to None, run_after=None
[2025-05-23T10:29:33.452-0600] {processor.py:208} INFO - Processing /home/airflow/.local/lib/python3.12/site-packages/airflow/example_dags/example_dynamic_task_mapping.py took 1.366 seconds
[2025-05-23T10:30:04.338-0600] {processor.py:186} INFO - Started process (PID=148) to work on /home/airflow/.local/lib/python3.12/site-packages/airflow/example_dags/example_dynamic_task_mapping.py
[2025-05-23T10:30:04.340-0600] {processor.py:914} INFO - Processing file /home/airflow/.local/lib/python3.12/site-packages/airflow/example_dags/example_dynamic_task_mapping.py for tasks to queue
[2025-05-23T10:30:04.344-0600] {logging_mixin.py:190} INFO - [2025-05-23T10:30:04.343-0600] {dagbag.py:588} INFO - Filling up the DagBag from /home/airflow/.local/lib/python3.12/site-packages/airflow/example_dags/example_dynamic_task_mapping.py
[2025-05-23T10:30:04.360-0600] {processor.py:925} INFO - DAG(s) 'example_dynamic_task_mapping' retrieved from /home/airflow/.local/lib/python3.12/site-packages/airflow/example_dags/example_dynamic_task_mapping.py
[2025-05-23T10:30:04.398-0600] {logging_mixin.py:190} INFO - [2025-05-23T10:30:04.398-0600] {dag.py:3239} INFO - Sync 1 DAGs
[2025-05-23T10:30:04.426-0600] {logging_mixin.py:190} INFO - [2025-05-23T10:30:04.425-0600] {dag.py:4180} INFO - Setting next_dagrun for example_dynamic_task_mapping to None, run_after=None
[2025-05-23T10:30:04.460-0600] {processor.py:208} INFO - Processing /home/airflow/.local/lib/python3.12/site-packages/airflow/example_dags/example_dynamic_task_mapping.py took 0.134 seconds
[2025-05-23T10:30:35.059-0600] {processor.py:186} INFO - Started process (PID=211) to work on /home/airflow/.local/lib/python3.12/site-packages/airflow/example_dags/example_dynamic_task_mapping.py
[2025-05-23T10:30:35.061-0600] {processor.py:914} INFO - Processing file /home/airflow/.local/lib/python3.12/site-packages/airflow/example_dags/example_dynamic_task_mapping.py for tasks to queue
[2025-05-23T10:30:35.065-0600] {logging_mixin.py:190} INFO - [2025-05-23T10:30:35.064-0600] {dagbag.py:588} INFO - Filling up the DagBag from /home/airflow/.local/lib/python3.12/site-packages/airflow/example_dags/example_dynamic_task_mapping.py
[2025-05-23T10:30:35.080-0600] {processor.py:925} INFO - DAG(s) 'example_dynamic_task_mapping' retrieved from /home/airflow/.local/lib/python3.12/site-packages/airflow/example_dags/example_dynamic_task_mapping.py
[2025-05-23T10:30:35.116-0600] {logging_mixin.py:190} INFO - [2025-05-23T10:30:35.115-0600] {dag.py:3239} INFO - Sync 1 DAGs
[2025-05-23T10:30:35.141-0600] {logging_mixin.py:190} INFO - [2025-05-23T10:30:35.140-0600] {dag.py:4180} INFO - Setting next_dagrun for example_dynamic_task_mapping to None, run_after=None
[2025-05-23T10:30:35.170-0600] {processor.py:208} INFO - Processing /home/airflow/.local/lib/python3.12/site-packages/airflow/example_dags/example_dynamic_task_mapping.py took 0.122 seconds
[2025-05-23T10:31:05.856-0600] {processor.py:186} INFO - Started process (PID=274) to work on /home/airflow/.local/lib/python3.12/site-packages/airflow/example_dags/example_dynamic_task_mapping.py
[2025-05-23T10:31:05.857-0600] {processor.py:914} INFO - Processing file /home/airflow/.local/lib/python3.12/site-packages/airflow/example_dags/example_dynamic_task_mapping.py for tasks to queue
[2025-05-23T10:31:05.861-0600] {logging_mixin.py:190} INFO - [2025-05-23T10:31:05.860-0600] {dagbag.py:588} INFO - Filling up the DagBag from /home/airflow/.local/lib/python3.12/site-packages/airflow/example_dags/example_dynamic_task_mapping.py
[2025-05-23T10:31:05.879-0600] {processor.py:925} INFO - DAG(s) 'example_dynamic_task_mapping' retrieved from /home/airflow/.local/lib/python3.12/site-packages/airflow/example_dags/example_dynamic_task_mapping.py
[2025-05-23T10:31:05.935-0600] {logging_mixin.py:190} INFO - [2025-05-23T10:31:05.935-0600] {dag.py:3239} INFO - Sync 1 DAGs
[2025-05-23T10:31:05.960-0600] {logging_mixin.py:190} INFO - [2025-05-23T10:31:05.960-0600] {dag.py:4180} INFO - Setting next_dagrun for example_dynamic_task_mapping to None, run_after=None
[2025-05-23T10:31:05.989-0600] {processor.py:208} INFO - Processing /home/airflow/.local/lib/python3.12/site-packages/airflow/example_dags/example_dynamic_task_mapping.py took 0.144 seconds
[2025-05-23T10:31:37.405-0600] {processor.py:186} INFO - Started process (PID=338) to work on /home/airflow/.local/lib/python3.12/site-packages/airflow/example_dags/example_dynamic_task_mapping.py
[2025-05-23T10:31:37.412-0600] {processor.py:914} INFO - Processing file /home/airflow/.local/lib/python3.12/site-packages/airflow/example_dags/example_dynamic_task_mapping.py for tasks to queue
[2025-05-23T10:31:37.416-0600] {logging_mixin.py:190} INFO - [2025-05-23T10:31:37.415-0600] {dagbag.py:588} INFO - Filling up the DagBag from /home/airflow/.local/lib/python3.12/site-packages/airflow/example_dags/example_dynamic_task_mapping.py
[2025-05-23T10:31:37.432-0600] {processor.py:925} INFO - DAG(s) 'example_dynamic_task_mapping' retrieved from /home/airflow/.local/lib/python3.12/site-packages/airflow/example_dags/example_dynamic_task_mapping.py
[2025-05-23T10:31:37.473-0600] {logging_mixin.py:190} INFO - [2025-05-23T10:31:37.473-0600] {dag.py:3239} INFO - Sync 1 DAGs
[2025-05-23T10:31:37.509-0600] {logging_mixin.py:190} INFO - [2025-05-23T10:31:37.508-0600] {dag.py:4180} INFO - Setting next_dagrun for example_dynamic_task_mapping to None, run_after=None
[2025-05-23T10:31:37.536-0600] {processor.py:208} INFO - Processing /home/airflow/.local/lib/python3.12/site-packages/airflow/example_dags/example_dynamic_task_mapping.py took 0.142 seconds
[2025-05-23T10:32:09.213-0600] {processor.py:186} INFO - Started process (PID=401) to work on /home/airflow/.local/lib/python3.12/site-packages/airflow/example_dags/example_dynamic_task_mapping.py
[2025-05-23T10:32:09.215-0600] {processor.py:914} INFO - Processing file /home/airflow/.local/lib/python3.12/site-packages/airflow/example_dags/example_dynamic_task_mapping.py for tasks to queue
[2025-05-23T10:32:09.219-0600] {logging_mixin.py:190} INFO - [2025-05-23T10:32:09.218-0600] {dagbag.py:588} INFO - Filling up the DagBag from /home/airflow/.local/lib/python3.12/site-packages/airflow/example_dags/example_dynamic_task_mapping.py
[2025-05-23T10:32:09.236-0600] {processor.py:925} INFO - DAG(s) 'example_dynamic_task_mapping' retrieved from /home/airflow/.local/lib/python3.12/site-packages/airflow/example_dags/example_dynamic_task_mapping.py
[2025-05-23T10:32:09.275-0600] {logging_mixin.py:190} INFO - [2025-05-23T10:32:09.275-0600] {dag.py:3239} INFO - Sync 1 DAGs
[2025-05-23T10:32:09.309-0600] {logging_mixin.py:190} INFO - [2025-05-23T10:32:09.309-0600] {dag.py:4180} INFO - Setting next_dagrun for example_dynamic_task_mapping to None, run_after=None
[2025-05-23T10:32:09.339-0600] {processor.py:208} INFO - Processing /home/airflow/.local/lib/python3.12/site-packages/airflow/example_dags/example_dynamic_task_mapping.py took 0.138 seconds
[2025-05-23T10:32:40.923-0600] {processor.py:186} INFO - Started process (PID=463) to work on /home/airflow/.local/lib/python3.12/site-packages/airflow/example_dags/example_dynamic_task_mapping.py
[2025-05-23T10:32:40.925-0600] {processor.py:914} INFO - Processing file /home/airflow/.local/lib/python3.12/site-packages/airflow/example_dags/example_dynamic_task_mapping.py for tasks to queue
[2025-05-23T10:32:40.928-0600] {logging_mixin.py:190} INFO - [2025-05-23T10:32:40.928-0600] {dagbag.py:588} INFO - Filling up the DagBag from /home/airflow/.local/lib/python3.12/site-packages/airflow/example_dags/example_dynamic_task_mapping.py
[2025-05-23T10:32:40.944-0600] {processor.py:925} INFO - DAG(s) 'example_dynamic_task_mapping' retrieved from /home/airflow/.local/lib/python3.12/site-packages/airflow/example_dags/example_dynamic_task_mapping.py
[2025-05-23T10:32:40.981-0600] {logging_mixin.py:190} INFO - [2025-05-23T10:32:40.981-0600] {dag.py:3239} INFO - Sync 1 DAGs
[2025-05-23T10:32:41.007-0600] {logging_mixin.py:190} INFO - [2025-05-23T10:32:41.007-0600] {dag.py:4180} INFO - Setting next_dagrun for example_dynamic_task_mapping to None, run_after=None
[2025-05-23T10:32:41.032-0600] {processor.py:208} INFO - Processing /home/airflow/.local/lib/python3.12/site-packages/airflow/example_dags/example_dynamic_task_mapping.py took 0.125 seconds
[2025-05-23T10:33:13.367-0600] {processor.py:186} INFO - Started process (PID=526) to work on /home/airflow/.local/lib/python3.12/site-packages/airflow/example_dags/example_dynamic_task_mapping.py
[2025-05-23T10:33:13.369-0600] {processor.py:914} INFO - Processing file /home/airflow/.local/lib/python3.12/site-packages/airflow/example_dags/example_dynamic_task_mapping.py for tasks to queue
[2025-05-23T10:33:13.373-0600] {logging_mixin.py:190} INFO - [2025-05-23T10:33:13.373-0600] {dagbag.py:588} INFO - Filling up the DagBag from /home/airflow/.local/lib/python3.12/site-packages/airflow/example_dags/example_dynamic_task_mapping.py
[2025-05-23T10:33:13.390-0600] {processor.py:925} INFO - DAG(s) 'example_dynamic_task_mapping' retrieved from /home/airflow/.local/lib/python3.12/site-packages/airflow/example_dags/example_dynamic_task_mapping.py
[2025-05-23T10:33:13.468-0600] {logging_mixin.py:190} INFO - [2025-05-23T10:33:13.467-0600] {dag.py:3239} INFO - Sync 1 DAGs
[2025-05-23T10:33:13.507-0600] {logging_mixin.py:190} INFO - [2025-05-23T10:33:13.506-0600] {dag.py:4180} INFO - Setting next_dagrun for example_dynamic_task_mapping to None, run_after=None
[2025-05-23T10:33:13.544-0600] {processor.py:208} INFO - Processing /home/airflow/.local/lib/python3.12/site-packages/airflow/example_dags/example_dynamic_task_mapping.py took 0.188 seconds
[2025-05-23T10:33:43.785-0600] {processor.py:186} INFO - Started process (PID=588) to work on /home/airflow/.local/lib/python3.12/site-packages/airflow/example_dags/example_dynamic_task_mapping.py
[2025-05-23T10:33:43.786-0600] {processor.py:914} INFO - Processing file /home/airflow/.local/lib/python3.12/site-packages/airflow/example_dags/example_dynamic_task_mapping.py for tasks to queue
[2025-05-23T10:33:43.790-0600] {logging_mixin.py:190} INFO - [2025-05-23T10:33:43.790-0600] {dagbag.py:588} INFO - Filling up the DagBag from /home/airflow/.local/lib/python3.12/site-packages/airflow/example_dags/example_dynamic_task_mapping.py
[2025-05-23T10:33:43.811-0600] {processor.py:925} INFO - DAG(s) 'example_dynamic_task_mapping' retrieved from /home/airflow/.local/lib/python3.12/site-packages/airflow/example_dags/example_dynamic_task_mapping.py
[2025-05-23T10:33:43.853-0600] {logging_mixin.py:190} INFO - [2025-05-23T10:33:43.852-0600] {dag.py:3239} INFO - Sync 1 DAGs
[2025-05-23T10:33:43.883-0600] {logging_mixin.py:190} INFO - [2025-05-23T10:33:43.882-0600] {dag.py:4180} INFO - Setting next_dagrun for example_dynamic_task_mapping to None, run_after=None
[2025-05-23T10:33:43.916-0600] {processor.py:208} INFO - Processing /home/airflow/.local/lib/python3.12/site-packages/airflow/example_dags/example_dynamic_task_mapping.py took 0.142 seconds
[2025-05-23T10:34:14.056-0600] {processor.py:186} INFO - Started process (PID=651) to work on /home/airflow/.local/lib/python3.12/site-packages/airflow/example_dags/example_dynamic_task_mapping.py
[2025-05-23T10:34:14.058-0600] {processor.py:914} INFO - Processing file /home/airflow/.local/lib/python3.12/site-packages/airflow/example_dags/example_dynamic_task_mapping.py for tasks to queue
[2025-05-23T10:34:14.062-0600] {logging_mixin.py:190} INFO - [2025-05-23T10:34:14.061-0600] {dagbag.py:588} INFO - Filling up the DagBag from /home/airflow/.local/lib/python3.12/site-packages/airflow/example_dags/example_dynamic_task_mapping.py
[2025-05-23T10:34:14.077-0600] {processor.py:925} INFO - DAG(s) 'example_dynamic_task_mapping' retrieved from /home/airflow/.local/lib/python3.12/site-packages/airflow/example_dags/example_dynamic_task_mapping.py
[2025-05-23T10:34:14.111-0600] {logging_mixin.py:190} INFO - [2025-05-23T10:34:14.110-0600] {dag.py:3239} INFO - Sync 1 DAGs
[2025-05-23T10:34:14.136-0600] {logging_mixin.py:190} INFO - [2025-05-23T10:34:14.135-0600] {dag.py:4180} INFO - Setting next_dagrun for example_dynamic_task_mapping to None, run_after=None
[2025-05-23T10:34:14.162-0600] {processor.py:208} INFO - Processing /home/airflow/.local/lib/python3.12/site-packages/airflow/example_dags/example_dynamic_task_mapping.py took 0.116 seconds
[2025-05-23T10:34:44.694-0600] {processor.py:186} INFO - Started process (PID=714) to work on /home/airflow/.local/lib/python3.12/site-packages/airflow/example_dags/example_dynamic_task_mapping.py
[2025-05-23T10:34:44.696-0600] {processor.py:914} INFO - Processing file /home/airflow/.local/lib/python3.12/site-packages/airflow/example_dags/example_dynamic_task_mapping.py for tasks to queue
[2025-05-23T10:34:44.701-0600] {logging_mixin.py:190} INFO - [2025-05-23T10:34:44.701-0600] {dagbag.py:588} INFO - Filling up the DagBag from /home/airflow/.local/lib/python3.12/site-packages/airflow/example_dags/example_dynamic_task_mapping.py
[2025-05-23T10:34:44.724-0600] {processor.py:925} INFO - DAG(s) 'example_dynamic_task_mapping' retrieved from /home/airflow/.local/lib/python3.12/site-packages/airflow/example_dags/example_dynamic_task_mapping.py
[2025-05-23T10:34:44.773-0600] {logging_mixin.py:190} INFO - [2025-05-23T10:34:44.773-0600] {dag.py:3239} INFO - Sync 1 DAGs
[2025-05-23T10:34:44.805-0600] {logging_mixin.py:190} INFO - [2025-05-23T10:34:44.805-0600] {dag.py:4180} INFO - Setting next_dagrun for example_dynamic_task_mapping to None, run_after=None
[2025-05-23T10:34:44.838-0600] {processor.py:208} INFO - Processing /home/airflow/.local/lib/python3.12/site-packages/airflow/example_dags/example_dynamic_task_mapping.py took 0.163 seconds
