[2025-05-23T10:29:39.644-0600] {processor.py:186} INFO - Started process (PID=93) to work on /home/airflow/.local/lib/python3.12/site-packages/airflow/example_dags/example_local_kubernetes_executor.py
[2025-05-23T10:29:39.645-0600] {processor.py:914} INFO - Processing file /home/airflow/.local/lib/python3.12/site-packages/airflow/example_dags/example_local_kubernetes_executor.py for tasks to queue
[2025-05-23T10:29:39.651-0600] {logging_mixin.py:190} INFO - [2025-05-23T10:29:39.650-0600] {dagbag.py:588} INFO - Filling up the DagBag from /home/airflow/.local/lib/python3.12/site-packages/airflow/example_dags/example_local_kubernetes_executor.py
[2025-05-23T10:29:39.675-0600] {processor.py:925} INFO - DAG(s) 'example_local_kubernetes_executor' retrieved from /home/airflow/.local/lib/python3.12/site-packages/airflow/example_dags/example_local_kubernetes_executor.py
[2025-05-23T10:29:40.025-0600] {logging_mixin.py:190} INFO - [2025-05-23T10:29:40.024-0600] {override.py:1912} INFO - Created Permission View: can delete on DAG:example_local_kubernetes_executor
[2025-05-23T10:29:40.040-0600] {logging_mixin.py:190} INFO - [2025-05-23T10:29:40.039-0600] {override.py:1912} INFO - Created Permission View: can edit on DAG:example_local_kubernetes_executor
[2025-05-23T10:29:40.048-0600] {logging_mixin.py:190} INFO - [2025-05-23T10:29:40.048-0600] {override.py:1912} INFO - Created Permission View: can read on DAG:example_local_kubernetes_executor
[2025-05-23T10:29:40.057-0600] {logging_mixin.py:190} INFO - [2025-05-23T10:29:40.056-0600] {override.py:1912} INFO - Created Permission View: can delete on DAG Run:example_local_kubernetes_executor
[2025-05-23T10:29:40.066-0600] {logging_mixin.py:190} INFO - [2025-05-23T10:29:40.066-0600] {override.py:1912} INFO - Created Permission View: can create on DAG Run:example_local_kubernetes_executor
[2025-05-23T10:29:40.077-0600] {logging_mixin.py:190} INFO - [2025-05-23T10:29:40.076-0600] {override.py:1912} INFO - Created Permission View: menu access on DAG Run:example_local_kubernetes_executor
[2025-05-23T10:29:40.087-0600] {logging_mixin.py:190} INFO - [2025-05-23T10:29:40.086-0600] {override.py:1912} INFO - Created Permission View: can read on DAG Run:example_local_kubernetes_executor
[2025-05-23T10:29:40.088-0600] {logging_mixin.py:190} INFO - [2025-05-23T10:29:40.087-0600] {dag.py:3239} INFO - Sync 1 DAGs
[2025-05-23T10:29:40.119-0600] {logging_mixin.py:190} INFO - [2025-05-23T10:29:40.118-0600] {dag.py:3262} INFO - Creating ORM DAG for example_local_kubernetes_executor
[2025-05-23T10:29:40.120-0600] {logging_mixin.py:190} INFO - [2025-05-23T10:29:40.120-0600] {dag.py:4180} INFO - Setting next_dagrun for example_local_kubernetes_executor to None, run_after=None
[2025-05-23T10:29:40.145-0600] {processor.py:208} INFO - Processing /home/airflow/.local/lib/python3.12/site-packages/airflow/example_dags/example_local_kubernetes_executor.py took 0.535 seconds
[2025-05-23T10:30:10.318-0600] {processor.py:186} INFO - Started process (PID=156) to work on /home/airflow/.local/lib/python3.12/site-packages/airflow/example_dags/example_local_kubernetes_executor.py
[2025-05-23T10:30:10.321-0600] {processor.py:914} INFO - Processing file /home/airflow/.local/lib/python3.12/site-packages/airflow/example_dags/example_local_kubernetes_executor.py for tasks to queue
[2025-05-23T10:30:10.326-0600] {logging_mixin.py:190} INFO - [2025-05-23T10:30:10.325-0600] {dagbag.py:588} INFO - Filling up the DagBag from /home/airflow/.local/lib/python3.12/site-packages/airflow/example_dags/example_local_kubernetes_executor.py
[2025-05-23T10:30:10.348-0600] {processor.py:925} INFO - DAG(s) 'example_local_kubernetes_executor' retrieved from /home/airflow/.local/lib/python3.12/site-packages/airflow/example_dags/example_local_kubernetes_executor.py
[2025-05-23T10:30:10.392-0600] {logging_mixin.py:190} INFO - [2025-05-23T10:30:10.391-0600] {dag.py:3239} INFO - Sync 1 DAGs
[2025-05-23T10:30:10.425-0600] {logging_mixin.py:190} INFO - [2025-05-23T10:30:10.423-0600] {dag.py:4180} INFO - Setting next_dagrun for example_local_kubernetes_executor to None, run_after=None
[2025-05-23T10:30:10.463-0600] {processor.py:208} INFO - Processing /home/airflow/.local/lib/python3.12/site-packages/airflow/example_dags/example_local_kubernetes_executor.py took 0.158 seconds
[2025-05-23T10:30:40.677-0600] {processor.py:186} INFO - Started process (PID=218) to work on /home/airflow/.local/lib/python3.12/site-packages/airflow/example_dags/example_local_kubernetes_executor.py
[2025-05-23T10:30:40.680-0600] {processor.py:914} INFO - Processing file /home/airflow/.local/lib/python3.12/site-packages/airflow/example_dags/example_local_kubernetes_executor.py for tasks to queue
[2025-05-23T10:30:40.685-0600] {logging_mixin.py:190} INFO - [2025-05-23T10:30:40.684-0600] {dagbag.py:588} INFO - Filling up the DagBag from /home/airflow/.local/lib/python3.12/site-packages/airflow/example_dags/example_local_kubernetes_executor.py
[2025-05-23T10:30:40.704-0600] {processor.py:925} INFO - DAG(s) 'example_local_kubernetes_executor' retrieved from /home/airflow/.local/lib/python3.12/site-packages/airflow/example_dags/example_local_kubernetes_executor.py
[2025-05-23T10:30:40.751-0600] {logging_mixin.py:190} INFO - [2025-05-23T10:30:40.751-0600] {dag.py:3239} INFO - Sync 1 DAGs
[2025-05-23T10:30:40.782-0600] {logging_mixin.py:190} INFO - [2025-05-23T10:30:40.781-0600] {dag.py:4180} INFO - Setting next_dagrun for example_local_kubernetes_executor to None, run_after=None
[2025-05-23T10:30:40.809-0600] {processor.py:208} INFO - Processing /home/airflow/.local/lib/python3.12/site-packages/airflow/example_dags/example_local_kubernetes_executor.py took 0.144 seconds
[2025-05-23T10:31:11.599-0600] {processor.py:186} INFO - Started process (PID=281) to work on /home/airflow/.local/lib/python3.12/site-packages/airflow/example_dags/example_local_kubernetes_executor.py
[2025-05-23T10:31:11.600-0600] {processor.py:914} INFO - Processing file /home/airflow/.local/lib/python3.12/site-packages/airflow/example_dags/example_local_kubernetes_executor.py for tasks to queue
[2025-05-23T10:31:11.604-0600] {logging_mixin.py:190} INFO - [2025-05-23T10:31:11.604-0600] {dagbag.py:588} INFO - Filling up the DagBag from /home/airflow/.local/lib/python3.12/site-packages/airflow/example_dags/example_local_kubernetes_executor.py
[2025-05-23T10:31:11.622-0600] {processor.py:925} INFO - DAG(s) 'example_local_kubernetes_executor' retrieved from /home/airflow/.local/lib/python3.12/site-packages/airflow/example_dags/example_local_kubernetes_executor.py
[2025-05-23T10:31:11.666-0600] {logging_mixin.py:190} INFO - [2025-05-23T10:31:11.666-0600] {dag.py:3239} INFO - Sync 1 DAGs
[2025-05-23T10:31:11.695-0600] {logging_mixin.py:190} INFO - [2025-05-23T10:31:11.695-0600] {dag.py:4180} INFO - Setting next_dagrun for example_local_kubernetes_executor to None, run_after=None
[2025-05-23T10:31:11.721-0600] {processor.py:208} INFO - Processing /home/airflow/.local/lib/python3.12/site-packages/airflow/example_dags/example_local_kubernetes_executor.py took 0.132 seconds
[2025-05-23T10:31:41.938-0600] {processor.py:186} INFO - Started process (PID=344) to work on /home/airflow/.local/lib/python3.12/site-packages/airflow/example_dags/example_local_kubernetes_executor.py
[2025-05-23T10:31:41.939-0600] {processor.py:914} INFO - Processing file /home/airflow/.local/lib/python3.12/site-packages/airflow/example_dags/example_local_kubernetes_executor.py for tasks to queue
[2025-05-23T10:31:41.943-0600] {logging_mixin.py:190} INFO - [2025-05-23T10:31:41.942-0600] {dagbag.py:588} INFO - Filling up the DagBag from /home/airflow/.local/lib/python3.12/site-packages/airflow/example_dags/example_local_kubernetes_executor.py
[2025-05-23T10:31:41.961-0600] {processor.py:925} INFO - DAG(s) 'example_local_kubernetes_executor' retrieved from /home/airflow/.local/lib/python3.12/site-packages/airflow/example_dags/example_local_kubernetes_executor.py
[2025-05-23T10:31:41.995-0600] {logging_mixin.py:190} INFO - [2025-05-23T10:31:41.995-0600] {dag.py:3239} INFO - Sync 1 DAGs
[2025-05-23T10:31:42.020-0600] {logging_mixin.py:190} INFO - [2025-05-23T10:31:42.020-0600] {dag.py:4180} INFO - Setting next_dagrun for example_local_kubernetes_executor to None, run_after=None
[2025-05-23T10:31:42.058-0600] {processor.py:208} INFO - Processing /home/airflow/.local/lib/python3.12/site-packages/airflow/example_dags/example_local_kubernetes_executor.py took 0.132 seconds
[2025-05-23T10:32:12.780-0600] {processor.py:186} INFO - Started process (PID=407) to work on /home/airflow/.local/lib/python3.12/site-packages/airflow/example_dags/example_local_kubernetes_executor.py
[2025-05-23T10:32:12.782-0600] {processor.py:914} INFO - Processing file /home/airflow/.local/lib/python3.12/site-packages/airflow/example_dags/example_local_kubernetes_executor.py for tasks to queue
[2025-05-23T10:32:12.787-0600] {logging_mixin.py:190} INFO - [2025-05-23T10:32:12.786-0600] {dagbag.py:588} INFO - Filling up the DagBag from /home/airflow/.local/lib/python3.12/site-packages/airflow/example_dags/example_local_kubernetes_executor.py
[2025-05-23T10:32:12.807-0600] {processor.py:925} INFO - DAG(s) 'example_local_kubernetes_executor' retrieved from /home/airflow/.local/lib/python3.12/site-packages/airflow/example_dags/example_local_kubernetes_executor.py
[2025-05-23T10:32:12.845-0600] {logging_mixin.py:190} INFO - [2025-05-23T10:32:12.845-0600] {dag.py:3239} INFO - Sync 1 DAGs
[2025-05-23T10:32:12.870-0600] {logging_mixin.py:190} INFO - [2025-05-23T10:32:12.869-0600] {dag.py:4180} INFO - Setting next_dagrun for example_local_kubernetes_executor to None, run_after=None
[2025-05-23T10:32:12.896-0600] {processor.py:208} INFO - Processing /home/airflow/.local/lib/python3.12/site-packages/airflow/example_dags/example_local_kubernetes_executor.py took 0.128 seconds
[2025-05-23T10:32:43.552-0600] {processor.py:186} INFO - Started process (PID=469) to work on /home/airflow/.local/lib/python3.12/site-packages/airflow/example_dags/example_local_kubernetes_executor.py
[2025-05-23T10:32:43.556-0600] {processor.py:914} INFO - Processing file /home/airflow/.local/lib/python3.12/site-packages/airflow/example_dags/example_local_kubernetes_executor.py for tasks to queue
[2025-05-23T10:32:43.563-0600] {logging_mixin.py:190} INFO - [2025-05-23T10:32:43.561-0600] {dagbag.py:588} INFO - Filling up the DagBag from /home/airflow/.local/lib/python3.12/site-packages/airflow/example_dags/example_local_kubernetes_executor.py
[2025-05-23T10:32:43.597-0600] {processor.py:925} INFO - DAG(s) 'example_local_kubernetes_executor' retrieved from /home/airflow/.local/lib/python3.12/site-packages/airflow/example_dags/example_local_kubernetes_executor.py
[2025-05-23T10:32:43.717-0600] {logging_mixin.py:190} INFO - [2025-05-23T10:32:43.716-0600] {dag.py:3239} INFO - Sync 1 DAGs
[2025-05-23T10:32:43.770-0600] {logging_mixin.py:190} INFO - [2025-05-23T10:32:43.770-0600] {dag.py:4180} INFO - Setting next_dagrun for example_local_kubernetes_executor to None, run_after=None
[2025-05-23T10:32:43.808-0600] {processor.py:208} INFO - Processing /home/airflow/.local/lib/python3.12/site-packages/airflow/example_dags/example_local_kubernetes_executor.py took 0.277 seconds
[2025-05-23T10:33:14.294-0600] {processor.py:186} INFO - Started process (PID=532) to work on /home/airflow/.local/lib/python3.12/site-packages/airflow/example_dags/example_local_kubernetes_executor.py
[2025-05-23T10:33:14.296-0600] {processor.py:914} INFO - Processing file /home/airflow/.local/lib/python3.12/site-packages/airflow/example_dags/example_local_kubernetes_executor.py for tasks to queue
[2025-05-23T10:33:14.301-0600] {logging_mixin.py:190} INFO - [2025-05-23T10:33:14.300-0600] {dagbag.py:588} INFO - Filling up the DagBag from /home/airflow/.local/lib/python3.12/site-packages/airflow/example_dags/example_local_kubernetes_executor.py
[2025-05-23T10:33:14.321-0600] {processor.py:925} INFO - DAG(s) 'example_local_kubernetes_executor' retrieved from /home/airflow/.local/lib/python3.12/site-packages/airflow/example_dags/example_local_kubernetes_executor.py
[2025-05-23T10:33:14.362-0600] {logging_mixin.py:190} INFO - [2025-05-23T10:33:14.362-0600] {dag.py:3239} INFO - Sync 1 DAGs
[2025-05-23T10:33:14.393-0600] {logging_mixin.py:190} INFO - [2025-05-23T10:33:14.392-0600] {dag.py:4180} INFO - Setting next_dagrun for example_local_kubernetes_executor to None, run_after=None
[2025-05-23T10:33:14.453-0600] {processor.py:208} INFO - Processing /home/airflow/.local/lib/python3.12/site-packages/airflow/example_dags/example_local_kubernetes_executor.py took 0.170 seconds
[2025-05-23T10:33:45.387-0600] {processor.py:186} INFO - Started process (PID=595) to work on /home/airflow/.local/lib/python3.12/site-packages/airflow/example_dags/example_local_kubernetes_executor.py
[2025-05-23T10:33:45.389-0600] {processor.py:914} INFO - Processing file /home/airflow/.local/lib/python3.12/site-packages/airflow/example_dags/example_local_kubernetes_executor.py for tasks to queue
[2025-05-23T10:33:45.392-0600] {logging_mixin.py:190} INFO - [2025-05-23T10:33:45.392-0600] {dagbag.py:588} INFO - Filling up the DagBag from /home/airflow/.local/lib/python3.12/site-packages/airflow/example_dags/example_local_kubernetes_executor.py
[2025-05-23T10:33:45.413-0600] {processor.py:925} INFO - DAG(s) 'example_local_kubernetes_executor' retrieved from /home/airflow/.local/lib/python3.12/site-packages/airflow/example_dags/example_local_kubernetes_executor.py
[2025-05-23T10:33:45.451-0600] {logging_mixin.py:190} INFO - [2025-05-23T10:33:45.450-0600] {dag.py:3239} INFO - Sync 1 DAGs
[2025-05-23T10:33:45.485-0600] {logging_mixin.py:190} INFO - [2025-05-23T10:33:45.484-0600] {dag.py:4180} INFO - Setting next_dagrun for example_local_kubernetes_executor to None, run_after=None
[2025-05-23T10:33:45.527-0600] {processor.py:208} INFO - Processing /home/airflow/.local/lib/python3.12/site-packages/airflow/example_dags/example_local_kubernetes_executor.py took 0.151 seconds
[2025-05-23T10:34:17.247-0600] {processor.py:186} INFO - Started process (PID=659) to work on /home/airflow/.local/lib/python3.12/site-packages/airflow/example_dags/example_local_kubernetes_executor.py
[2025-05-23T10:34:17.248-0600] {processor.py:914} INFO - Processing file /home/airflow/.local/lib/python3.12/site-packages/airflow/example_dags/example_local_kubernetes_executor.py for tasks to queue
[2025-05-23T10:34:17.252-0600] {logging_mixin.py:190} INFO - [2025-05-23T10:34:17.251-0600] {dagbag.py:588} INFO - Filling up the DagBag from /home/airflow/.local/lib/python3.12/site-packages/airflow/example_dags/example_local_kubernetes_executor.py
[2025-05-23T10:34:17.269-0600] {processor.py:925} INFO - DAG(s) 'example_local_kubernetes_executor' retrieved from /home/airflow/.local/lib/python3.12/site-packages/airflow/example_dags/example_local_kubernetes_executor.py
[2025-05-23T10:34:17.307-0600] {logging_mixin.py:190} INFO - [2025-05-23T10:34:17.306-0600] {dag.py:3239} INFO - Sync 1 DAGs
[2025-05-23T10:34:17.332-0600] {logging_mixin.py:190} INFO - [2025-05-23T10:34:17.332-0600] {dag.py:4180} INFO - Setting next_dagrun for example_local_kubernetes_executor to None, run_after=None
[2025-05-23T10:34:17.361-0600] {processor.py:208} INFO - Processing /home/airflow/.local/lib/python3.12/site-packages/airflow/example_dags/example_local_kubernetes_executor.py took 0.126 seconds
[2025-05-23T10:34:49.437-0600] {processor.py:186} INFO - Started process (PID=722) to work on /home/airflow/.local/lib/python3.12/site-packages/airflow/example_dags/example_local_kubernetes_executor.py
[2025-05-23T10:34:49.439-0600] {processor.py:914} INFO - Processing file /home/airflow/.local/lib/python3.12/site-packages/airflow/example_dags/example_local_kubernetes_executor.py for tasks to queue
[2025-05-23T10:34:49.442-0600] {logging_mixin.py:190} INFO - [2025-05-23T10:34:49.442-0600] {dagbag.py:588} INFO - Filling up the DagBag from /home/airflow/.local/lib/python3.12/site-packages/airflow/example_dags/example_local_kubernetes_executor.py
[2025-05-23T10:34:49.459-0600] {processor.py:925} INFO - DAG(s) 'example_local_kubernetes_executor' retrieved from /home/airflow/.local/lib/python3.12/site-packages/airflow/example_dags/example_local_kubernetes_executor.py
[2025-05-23T10:34:49.505-0600] {logging_mixin.py:190} INFO - [2025-05-23T10:34:49.504-0600] {dag.py:3239} INFO - Sync 1 DAGs
[2025-05-23T10:34:49.541-0600] {logging_mixin.py:190} INFO - [2025-05-23T10:34:49.541-0600] {dag.py:4180} INFO - Setting next_dagrun for example_local_kubernetes_executor to None, run_after=None
[2025-05-23T10:34:49.574-0600] {processor.py:208} INFO - Processing /home/airflow/.local/lib/python3.12/site-packages/airflow/example_dags/example_local_kubernetes_executor.py took 0.147 seconds
