[2025-05-23T10:29:40.279-0600] {processor.py:186} INFO - Started process (PID=95) to work on /home/airflow/.local/lib/python3.12/site-packages/airflow/example_dags/example_outlet_event_extra.py
[2025-05-23T10:29:40.280-0600] {processor.py:914} INFO - Processing file /home/airflow/.local/lib/python3.12/site-packages/airflow/example_dags/example_outlet_event_extra.py for tasks to queue
[2025-05-23T10:29:40.284-0600] {logging_mixin.py:190} INFO - [2025-05-23T10:29:40.284-0600] {dagbag.py:588} INFO - Filling up the DagBag from /home/airflow/.local/lib/python3.12/site-packages/airflow/example_dags/example_outlet_event_extra.py
[2025-05-23T10:29:41.994-0600] {processor.py:925} INFO - DAG(s) 'dataset_with_extra_by_context', 'dataset_with_extra_from_classic_operator', 'dataset_with_extra_by_yield' retrieved from /home/airflow/.local/lib/python3.12/site-packages/airflow/example_dags/example_outlet_event_extra.py
[2025-05-23T10:29:42.188-0600] {logging_mixin.py:190} INFO - [2025-05-23T10:29:42.187-0600] {override.py:1912} INFO - Created Permission View: can delete on DAG:dataset_with_extra_by_context
[2025-05-23T10:29:42.210-0600] {logging_mixin.py:190} INFO - [2025-05-23T10:29:42.209-0600] {override.py:1912} INFO - Created Permission View: can edit on DAG:dataset_with_extra_by_context
[2025-05-23T10:29:42.222-0600] {logging_mixin.py:190} INFO - [2025-05-23T10:29:42.221-0600] {override.py:1912} INFO - Created Permission View: can read on DAG:dataset_with_extra_by_context
[2025-05-23T10:29:42.234-0600] {logging_mixin.py:190} INFO - [2025-05-23T10:29:42.234-0600] {override.py:1912} INFO - Created Permission View: can delete on DAG Run:dataset_with_extra_by_context
[2025-05-23T10:29:42.249-0600] {logging_mixin.py:190} INFO - [2025-05-23T10:29:42.249-0600] {override.py:1912} INFO - Created Permission View: can create on DAG Run:dataset_with_extra_by_context
[2025-05-23T10:29:42.262-0600] {logging_mixin.py:190} INFO - [2025-05-23T10:29:42.261-0600] {override.py:1912} INFO - Created Permission View: menu access on DAG Run:dataset_with_extra_by_context
[2025-05-23T10:29:42.277-0600] {logging_mixin.py:190} INFO - [2025-05-23T10:29:42.276-0600] {override.py:1912} INFO - Created Permission View: can read on DAG Run:dataset_with_extra_by_context
[2025-05-23T10:29:42.303-0600] {logging_mixin.py:190} INFO - [2025-05-23T10:29:42.303-0600] {override.py:1912} INFO - Created Permission View: can delete on DAG:dataset_with_extra_from_classic_operator
[2025-05-23T10:29:42.317-0600] {logging_mixin.py:190} INFO - [2025-05-23T10:29:42.316-0600] {override.py:1912} INFO - Created Permission View: can edit on DAG:dataset_with_extra_from_classic_operator
[2025-05-23T10:29:42.327-0600] {logging_mixin.py:190} INFO - [2025-05-23T10:29:42.327-0600] {override.py:1912} INFO - Created Permission View: can read on DAG:dataset_with_extra_from_classic_operator
[2025-05-23T10:29:42.342-0600] {logging_mixin.py:190} INFO - [2025-05-23T10:29:42.341-0600] {override.py:1912} INFO - Created Permission View: can delete on DAG Run:dataset_with_extra_from_classic_operator
[2025-05-23T10:29:42.356-0600] {logging_mixin.py:190} INFO - [2025-05-23T10:29:42.356-0600] {override.py:1912} INFO - Created Permission View: can create on DAG Run:dataset_with_extra_from_classic_operator
[2025-05-23T10:29:42.376-0600] {logging_mixin.py:190} INFO - [2025-05-23T10:29:42.376-0600] {override.py:1912} INFO - Created Permission View: menu access on DAG Run:dataset_with_extra_from_classic_operator
[2025-05-23T10:29:42.390-0600] {logging_mixin.py:190} INFO - [2025-05-23T10:29:42.389-0600] {override.py:1912} INFO - Created Permission View: can read on DAG Run:dataset_with_extra_from_classic_operator
[2025-05-23T10:29:42.415-0600] {logging_mixin.py:190} INFO - [2025-05-23T10:29:42.414-0600] {override.py:1912} INFO - Created Permission View: can delete on DAG:dataset_with_extra_by_yield
[2025-05-23T10:29:42.426-0600] {logging_mixin.py:190} INFO - [2025-05-23T10:29:42.426-0600] {override.py:1912} INFO - Created Permission View: can edit on DAG:dataset_with_extra_by_yield
[2025-05-23T10:29:42.464-0600] {logging_mixin.py:190} INFO - [2025-05-23T10:29:42.463-0600] {override.py:1912} INFO - Created Permission View: can read on DAG:dataset_with_extra_by_yield
[2025-05-23T10:29:42.475-0600] {logging_mixin.py:190} INFO - [2025-05-23T10:29:42.475-0600] {override.py:1912} INFO - Created Permission View: can delete on DAG Run:dataset_with_extra_by_yield
[2025-05-23T10:29:42.487-0600] {logging_mixin.py:190} INFO - [2025-05-23T10:29:42.486-0600] {override.py:1912} INFO - Created Permission View: can create on DAG Run:dataset_with_extra_by_yield
[2025-05-23T10:29:42.498-0600] {logging_mixin.py:190} INFO - [2025-05-23T10:29:42.498-0600] {override.py:1912} INFO - Created Permission View: menu access on DAG Run:dataset_with_extra_by_yield
[2025-05-23T10:29:42.510-0600] {logging_mixin.py:190} INFO - [2025-05-23T10:29:42.509-0600] {override.py:1912} INFO - Created Permission View: can read on DAG Run:dataset_with_extra_by_yield
[2025-05-23T10:29:42.510-0600] {logging_mixin.py:190} INFO - [2025-05-23T10:29:42.510-0600] {dag.py:3239} INFO - Sync 3 DAGs
[2025-05-23T10:29:42.550-0600] {logging_mixin.py:190} INFO - [2025-05-23T10:29:42.547-0600] {dag.py:3262} INFO - Creating ORM DAG for dataset_with_extra_by_context
[2025-05-23T10:29:42.551-0600] {logging_mixin.py:190} INFO - [2025-05-23T10:29:42.551-0600] {dag.py:3262} INFO - Creating ORM DAG for dataset_with_extra_from_classic_operator
[2025-05-23T10:29:42.554-0600] {logging_mixin.py:190} INFO - [2025-05-23T10:29:42.552-0600] {dag.py:3262} INFO - Creating ORM DAG for dataset_with_extra_by_yield
[2025-05-23T10:29:42.592-0600] {logging_mixin.py:190} INFO - [2025-05-23T10:29:42.589-0600] {dag.py:4180} INFO - Setting next_dagrun for dataset_with_extra_by_context to 2025-05-22 00:00:00+00:00, run_after=2025-05-23 00:00:00+00:00
[2025-05-23T10:29:42.596-0600] {logging_mixin.py:190} INFO - [2025-05-23T10:29:42.595-0600] {dag.py:4180} INFO - Setting next_dagrun for dataset_with_extra_by_yield to 2025-05-22 00:00:00+00:00, run_after=2025-05-23 00:00:00+00:00
[2025-05-23T10:29:42.606-0600] {logging_mixin.py:190} INFO - [2025-05-23T10:29:42.605-0600] {dag.py:4180} INFO - Setting next_dagrun for dataset_with_extra_from_classic_operator to 2025-05-22 00:00:00+00:00, run_after=2025-05-23 00:00:00+00:00
[2025-05-23T10:29:42.686-0600] {processor.py:208} INFO - Processing /home/airflow/.local/lib/python3.12/site-packages/airflow/example_dags/example_outlet_event_extra.py took 2.432 seconds
[2025-05-23T10:30:12.961-0600] {processor.py:186} INFO - Started process (PID=161) to work on /home/airflow/.local/lib/python3.12/site-packages/airflow/example_dags/example_outlet_event_extra.py
[2025-05-23T10:30:12.963-0600] {processor.py:914} INFO - Processing file /home/airflow/.local/lib/python3.12/site-packages/airflow/example_dags/example_outlet_event_extra.py for tasks to queue
[2025-05-23T10:30:12.967-0600] {logging_mixin.py:190} INFO - [2025-05-23T10:30:12.967-0600] {dagbag.py:588} INFO - Filling up the DagBag from /home/airflow/.local/lib/python3.12/site-packages/airflow/example_dags/example_outlet_event_extra.py
[2025-05-23T10:30:14.123-0600] {processor.py:925} INFO - DAG(s) 'dataset_with_extra_by_context', 'dataset_with_extra_from_classic_operator', 'dataset_with_extra_by_yield' retrieved from /home/airflow/.local/lib/python3.12/site-packages/airflow/example_dags/example_outlet_event_extra.py
[2025-05-23T10:30:14.165-0600] {logging_mixin.py:190} INFO - [2025-05-23T10:30:14.165-0600] {dag.py:3239} INFO - Sync 3 DAGs
[2025-05-23T10:30:14.212-0600] {logging_mixin.py:190} INFO - [2025-05-23T10:30:14.211-0600] {dag.py:4180} INFO - Setting next_dagrun for dataset_with_extra_by_context to 2025-05-22 00:00:00+00:00, run_after=2025-05-23 00:00:00+00:00
[2025-05-23T10:30:14.221-0600] {logging_mixin.py:190} INFO - [2025-05-23T10:30:14.220-0600] {dag.py:4180} INFO - Setting next_dagrun for dataset_with_extra_by_yield to 2025-05-22 00:00:00+00:00, run_after=2025-05-23 00:00:00+00:00
[2025-05-23T10:30:14.226-0600] {logging_mixin.py:190} INFO - [2025-05-23T10:30:14.226-0600] {dag.py:4180} INFO - Setting next_dagrun for dataset_with_extra_from_classic_operator to 2025-05-22 00:00:00+00:00, run_after=2025-05-23 00:00:00+00:00
[2025-05-23T10:30:14.271-0600] {processor.py:208} INFO - Processing /home/airflow/.local/lib/python3.12/site-packages/airflow/example_dags/example_outlet_event_extra.py took 1.323 seconds
[2025-05-23T10:30:44.559-0600] {processor.py:186} INFO - Started process (PID=226) to work on /home/airflow/.local/lib/python3.12/site-packages/airflow/example_dags/example_outlet_event_extra.py
[2025-05-23T10:30:44.560-0600] {processor.py:914} INFO - Processing file /home/airflow/.local/lib/python3.12/site-packages/airflow/example_dags/example_outlet_event_extra.py for tasks to queue
[2025-05-23T10:30:44.564-0600] {logging_mixin.py:190} INFO - [2025-05-23T10:30:44.563-0600] {dagbag.py:588} INFO - Filling up the DagBag from /home/airflow/.local/lib/python3.12/site-packages/airflow/example_dags/example_outlet_event_extra.py
[2025-05-23T10:30:45.697-0600] {processor.py:925} INFO - DAG(s) 'dataset_with_extra_by_yield', 'dataset_with_extra_from_classic_operator', 'dataset_with_extra_by_context' retrieved from /home/airflow/.local/lib/python3.12/site-packages/airflow/example_dags/example_outlet_event_extra.py
[2025-05-23T10:30:45.739-0600] {logging_mixin.py:190} INFO - [2025-05-23T10:30:45.738-0600] {dag.py:3239} INFO - Sync 3 DAGs
[2025-05-23T10:30:45.786-0600] {logging_mixin.py:190} INFO - [2025-05-23T10:30:45.786-0600] {dag.py:4180} INFO - Setting next_dagrun for dataset_with_extra_by_context to 2025-05-22 00:00:00+00:00, run_after=2025-05-23 00:00:00+00:00
[2025-05-23T10:30:45.794-0600] {logging_mixin.py:190} INFO - [2025-05-23T10:30:45.794-0600] {dag.py:4180} INFO - Setting next_dagrun for dataset_with_extra_by_yield to 2025-05-22 00:00:00+00:00, run_after=2025-05-23 00:00:00+00:00
[2025-05-23T10:30:45.799-0600] {logging_mixin.py:190} INFO - [2025-05-23T10:30:45.799-0600] {dag.py:4180} INFO - Setting next_dagrun for dataset_with_extra_from_classic_operator to 2025-05-22 00:00:00+00:00, run_after=2025-05-23 00:00:00+00:00
[2025-05-23T10:30:45.829-0600] {processor.py:208} INFO - Processing /home/airflow/.local/lib/python3.12/site-packages/airflow/example_dags/example_outlet_event_extra.py took 1.280 seconds
[2025-05-23T10:31:16.417-0600] {processor.py:186} INFO - Started process (PID=289) to work on /home/airflow/.local/lib/python3.12/site-packages/airflow/example_dags/example_outlet_event_extra.py
[2025-05-23T10:31:16.418-0600] {processor.py:914} INFO - Processing file /home/airflow/.local/lib/python3.12/site-packages/airflow/example_dags/example_outlet_event_extra.py for tasks to queue
[2025-05-23T10:31:16.422-0600] {logging_mixin.py:190} INFO - [2025-05-23T10:31:16.421-0600] {dagbag.py:588} INFO - Filling up the DagBag from /home/airflow/.local/lib/python3.12/site-packages/airflow/example_dags/example_outlet_event_extra.py
[2025-05-23T10:31:17.555-0600] {processor.py:925} INFO - DAG(s) 'dataset_with_extra_by_context', 'dataset_with_extra_from_classic_operator', 'dataset_with_extra_by_yield' retrieved from /home/airflow/.local/lib/python3.12/site-packages/airflow/example_dags/example_outlet_event_extra.py
[2025-05-23T10:31:17.596-0600] {logging_mixin.py:190} INFO - [2025-05-23T10:31:17.596-0600] {dag.py:3239} INFO - Sync 3 DAGs
[2025-05-23T10:31:17.640-0600] {logging_mixin.py:190} INFO - [2025-05-23T10:31:17.640-0600] {dag.py:4180} INFO - Setting next_dagrun for dataset_with_extra_by_context to 2025-05-22 00:00:00+00:00, run_after=2025-05-23 00:00:00+00:00
[2025-05-23T10:31:17.651-0600] {logging_mixin.py:190} INFO - [2025-05-23T10:31:17.650-0600] {dag.py:4180} INFO - Setting next_dagrun for dataset_with_extra_by_yield to 2025-05-22 00:00:00+00:00, run_after=2025-05-23 00:00:00+00:00
[2025-05-23T10:31:17.656-0600] {logging_mixin.py:190} INFO - [2025-05-23T10:31:17.656-0600] {dag.py:4180} INFO - Setting next_dagrun for dataset_with_extra_from_classic_operator to 2025-05-22 00:00:00+00:00, run_after=2025-05-23 00:00:00+00:00
[2025-05-23T10:31:17.685-0600] {processor.py:208} INFO - Processing /home/airflow/.local/lib/python3.12/site-packages/airflow/example_dags/example_outlet_event_extra.py took 1.279 seconds
[2025-05-23T10:31:47.999-0600] {processor.py:186} INFO - Started process (PID=356) to work on /home/airflow/.local/lib/python3.12/site-packages/airflow/example_dags/example_outlet_event_extra.py
[2025-05-23T10:31:48.001-0600] {processor.py:914} INFO - Processing file /home/airflow/.local/lib/python3.12/site-packages/airflow/example_dags/example_outlet_event_extra.py for tasks to queue
[2025-05-23T10:31:48.004-0600] {logging_mixin.py:190} INFO - [2025-05-23T10:31:48.004-0600] {dagbag.py:588} INFO - Filling up the DagBag from /home/airflow/.local/lib/python3.12/site-packages/airflow/example_dags/example_outlet_event_extra.py
[2025-05-23T10:31:49.045-0600] {processor.py:925} INFO - DAG(s) 'dataset_with_extra_from_classic_operator', 'dataset_with_extra_by_context', 'dataset_with_extra_by_yield' retrieved from /home/airflow/.local/lib/python3.12/site-packages/airflow/example_dags/example_outlet_event_extra.py
[2025-05-23T10:31:49.085-0600] {logging_mixin.py:190} INFO - [2025-05-23T10:31:49.085-0600] {dag.py:3239} INFO - Sync 3 DAGs
[2025-05-23T10:31:49.133-0600] {logging_mixin.py:190} INFO - [2025-05-23T10:31:49.133-0600] {dag.py:4180} INFO - Setting next_dagrun for dataset_with_extra_by_context to 2025-05-22 00:00:00+00:00, run_after=2025-05-23 00:00:00+00:00
[2025-05-23T10:31:49.142-0600] {logging_mixin.py:190} INFO - [2025-05-23T10:31:49.141-0600] {dag.py:4180} INFO - Setting next_dagrun for dataset_with_extra_by_yield to 2025-05-22 00:00:00+00:00, run_after=2025-05-23 00:00:00+00:00
[2025-05-23T10:31:49.147-0600] {logging_mixin.py:190} INFO - [2025-05-23T10:31:49.147-0600] {dag.py:4180} INFO - Setting next_dagrun for dataset_with_extra_from_classic_operator to 2025-05-22 00:00:00+00:00, run_after=2025-05-23 00:00:00+00:00
[2025-05-23T10:31:49.183-0600] {processor.py:208} INFO - Processing /home/airflow/.local/lib/python3.12/site-packages/airflow/example_dags/example_outlet_event_extra.py took 1.194 seconds
[2025-05-23T10:32:19.482-0600] {processor.py:186} INFO - Started process (PID=425) to work on /home/airflow/.local/lib/python3.12/site-packages/airflow/example_dags/example_outlet_event_extra.py
[2025-05-23T10:32:19.484-0600] {processor.py:914} INFO - Processing file /home/airflow/.local/lib/python3.12/site-packages/airflow/example_dags/example_outlet_event_extra.py for tasks to queue
[2025-05-23T10:32:19.489-0600] {logging_mixin.py:190} INFO - [2025-05-23T10:32:19.489-0600] {dagbag.py:588} INFO - Filling up the DagBag from /home/airflow/.local/lib/python3.12/site-packages/airflow/example_dags/example_outlet_event_extra.py
[2025-05-23T10:32:20.660-0600] {processor.py:925} INFO - DAG(s) 'dataset_with_extra_by_context', 'dataset_with_extra_by_yield', 'dataset_with_extra_from_classic_operator' retrieved from /home/airflow/.local/lib/python3.12/site-packages/airflow/example_dags/example_outlet_event_extra.py
[2025-05-23T10:32:20.715-0600] {logging_mixin.py:190} INFO - [2025-05-23T10:32:20.715-0600] {dag.py:3239} INFO - Sync 3 DAGs
[2025-05-23T10:32:20.762-0600] {logging_mixin.py:190} INFO - [2025-05-23T10:32:20.762-0600] {dag.py:4180} INFO - Setting next_dagrun for dataset_with_extra_by_context to 2025-05-22 00:00:00+00:00, run_after=2025-05-23 00:00:00+00:00
[2025-05-23T10:32:20.773-0600] {logging_mixin.py:190} INFO - [2025-05-23T10:32:20.772-0600] {dag.py:4180} INFO - Setting next_dagrun for dataset_with_extra_by_yield to 2025-05-22 00:00:00+00:00, run_after=2025-05-23 00:00:00+00:00
[2025-05-23T10:32:20.780-0600] {logging_mixin.py:190} INFO - [2025-05-23T10:32:20.779-0600] {dag.py:4180} INFO - Setting next_dagrun for dataset_with_extra_from_classic_operator to 2025-05-22 00:00:00+00:00, run_after=2025-05-23 00:00:00+00:00
[2025-05-23T10:32:20.821-0600] {processor.py:208} INFO - Processing /home/airflow/.local/lib/python3.12/site-packages/airflow/example_dags/example_outlet_event_extra.py took 1.351 seconds
[2025-05-23T10:32:51.037-0600] {processor.py:186} INFO - Started process (PID=491) to work on /home/airflow/.local/lib/python3.12/site-packages/airflow/example_dags/example_outlet_event_extra.py
[2025-05-23T10:32:51.039-0600] {processor.py:914} INFO - Processing file /home/airflow/.local/lib/python3.12/site-packages/airflow/example_dags/example_outlet_event_extra.py for tasks to queue
[2025-05-23T10:32:51.043-0600] {logging_mixin.py:190} INFO - [2025-05-23T10:32:51.043-0600] {dagbag.py:588} INFO - Filling up the DagBag from /home/airflow/.local/lib/python3.12/site-packages/airflow/example_dags/example_outlet_event_extra.py
[2025-05-23T10:32:52.107-0600] {processor.py:925} INFO - DAG(s) 'dataset_with_extra_by_yield', 'dataset_with_extra_from_classic_operator', 'dataset_with_extra_by_context' retrieved from /home/airflow/.local/lib/python3.12/site-packages/airflow/example_dags/example_outlet_event_extra.py
[2025-05-23T10:32:52.141-0600] {logging_mixin.py:190} INFO - [2025-05-23T10:32:52.141-0600] {dag.py:3239} INFO - Sync 3 DAGs
[2025-05-23T10:32:52.179-0600] {logging_mixin.py:190} INFO - [2025-05-23T10:32:52.179-0600] {dag.py:4180} INFO - Setting next_dagrun for dataset_with_extra_by_context to 2025-05-22 00:00:00+00:00, run_after=2025-05-23 00:00:00+00:00
[2025-05-23T10:32:52.188-0600] {logging_mixin.py:190} INFO - [2025-05-23T10:32:52.188-0600] {dag.py:4180} INFO - Setting next_dagrun for dataset_with_extra_by_yield to 2025-05-22 00:00:00+00:00, run_after=2025-05-23 00:00:00+00:00
[2025-05-23T10:32:52.192-0600] {logging_mixin.py:190} INFO - [2025-05-23T10:32:52.191-0600] {dag.py:4180} INFO - Setting next_dagrun for dataset_with_extra_from_classic_operator to 2025-05-22 00:00:00+00:00, run_after=2025-05-23 00:00:00+00:00
[2025-05-23T10:32:52.220-0600] {processor.py:208} INFO - Processing /home/airflow/.local/lib/python3.12/site-packages/airflow/example_dags/example_outlet_event_extra.py took 1.196 seconds
[2025-05-23T10:33:22.924-0600] {processor.py:186} INFO - Started process (PID=554) to work on /home/airflow/.local/lib/python3.12/site-packages/airflow/example_dags/example_outlet_event_extra.py
[2025-05-23T10:33:22.926-0600] {processor.py:914} INFO - Processing file /home/airflow/.local/lib/python3.12/site-packages/airflow/example_dags/example_outlet_event_extra.py for tasks to queue
[2025-05-23T10:33:22.931-0600] {logging_mixin.py:190} INFO - [2025-05-23T10:33:22.931-0600] {dagbag.py:588} INFO - Filling up the DagBag from /home/airflow/.local/lib/python3.12/site-packages/airflow/example_dags/example_outlet_event_extra.py
[2025-05-23T10:33:24.005-0600] {processor.py:925} INFO - DAG(s) 'dataset_with_extra_by_yield', 'dataset_with_extra_from_classic_operator', 'dataset_with_extra_by_context' retrieved from /home/airflow/.local/lib/python3.12/site-packages/airflow/example_dags/example_outlet_event_extra.py
[2025-05-23T10:33:24.048-0600] {logging_mixin.py:190} INFO - [2025-05-23T10:33:24.047-0600] {dag.py:3239} INFO - Sync 3 DAGs
[2025-05-23T10:33:24.088-0600] {logging_mixin.py:190} INFO - [2025-05-23T10:33:24.087-0600] {dag.py:4180} INFO - Setting next_dagrun for dataset_with_extra_by_context to 2025-05-22 00:00:00+00:00, run_after=2025-05-23 00:00:00+00:00
[2025-05-23T10:33:24.096-0600] {logging_mixin.py:190} INFO - [2025-05-23T10:33:24.095-0600] {dag.py:4180} INFO - Setting next_dagrun for dataset_with_extra_by_yield to 2025-05-22 00:00:00+00:00, run_after=2025-05-23 00:00:00+00:00
[2025-05-23T10:33:24.100-0600] {logging_mixin.py:190} INFO - [2025-05-23T10:33:24.100-0600] {dag.py:4180} INFO - Setting next_dagrun for dataset_with_extra_from_classic_operator to 2025-05-22 00:00:00+00:00, run_after=2025-05-23 00:00:00+00:00
[2025-05-23T10:33:24.131-0600] {processor.py:208} INFO - Processing /home/airflow/.local/lib/python3.12/site-packages/airflow/example_dags/example_outlet_event_extra.py took 1.219 seconds
[2025-05-23T10:33:55.332-0600] {processor.py:186} INFO - Started process (PID=622) to work on /home/airflow/.local/lib/python3.12/site-packages/airflow/example_dags/example_outlet_event_extra.py
[2025-05-23T10:33:55.334-0600] {processor.py:914} INFO - Processing file /home/airflow/.local/lib/python3.12/site-packages/airflow/example_dags/example_outlet_event_extra.py for tasks to queue
[2025-05-23T10:33:55.338-0600] {logging_mixin.py:190} INFO - [2025-05-23T10:33:55.338-0600] {dagbag.py:588} INFO - Filling up the DagBag from /home/airflow/.local/lib/python3.12/site-packages/airflow/example_dags/example_outlet_event_extra.py
[2025-05-23T10:33:56.405-0600] {processor.py:925} INFO - DAG(s) 'dataset_with_extra_by_yield', 'dataset_with_extra_from_classic_operator', 'dataset_with_extra_by_context' retrieved from /home/airflow/.local/lib/python3.12/site-packages/airflow/example_dags/example_outlet_event_extra.py
[2025-05-23T10:33:56.449-0600] {logging_mixin.py:190} INFO - [2025-05-23T10:33:56.447-0600] {dag.py:3239} INFO - Sync 3 DAGs
[2025-05-23T10:33:56.489-0600] {logging_mixin.py:190} INFO - [2025-05-23T10:33:56.489-0600] {dag.py:4180} INFO - Setting next_dagrun for dataset_with_extra_by_context to 2025-05-22 00:00:00+00:00, run_after=2025-05-23 00:00:00+00:00
[2025-05-23T10:33:56.498-0600] {logging_mixin.py:190} INFO - [2025-05-23T10:33:56.498-0600] {dag.py:4180} INFO - Setting next_dagrun for dataset_with_extra_by_yield to 2025-05-22 00:00:00+00:00, run_after=2025-05-23 00:00:00+00:00
[2025-05-23T10:33:56.502-0600] {logging_mixin.py:190} INFO - [2025-05-23T10:33:56.502-0600] {dag.py:4180} INFO - Setting next_dagrun for dataset_with_extra_from_classic_operator to 2025-05-22 00:00:00+00:00, run_after=2025-05-23 00:00:00+00:00
[2025-05-23T10:33:56.536-0600] {processor.py:208} INFO - Processing /home/airflow/.local/lib/python3.12/site-packages/airflow/example_dags/example_outlet_event_extra.py took 1.215 seconds
[2025-05-23T10:34:28.312-0600] {processor.py:186} INFO - Started process (PID=692) to work on /home/airflow/.local/lib/python3.12/site-packages/airflow/example_dags/example_outlet_event_extra.py
[2025-05-23T10:34:28.314-0600] {processor.py:914} INFO - Processing file /home/airflow/.local/lib/python3.12/site-packages/airflow/example_dags/example_outlet_event_extra.py for tasks to queue
[2025-05-23T10:34:28.338-0600] {logging_mixin.py:190} INFO - [2025-05-23T10:34:28.337-0600] {dagbag.py:588} INFO - Filling up the DagBag from /home/airflow/.local/lib/python3.12/site-packages/airflow/example_dags/example_outlet_event_extra.py
[2025-05-23T10:34:29.664-0600] {processor.py:925} INFO - DAG(s) 'dataset_with_extra_from_classic_operator', 'dataset_with_extra_by_context', 'dataset_with_extra_by_yield' retrieved from /home/airflow/.local/lib/python3.12/site-packages/airflow/example_dags/example_outlet_event_extra.py
[2025-05-23T10:34:29.732-0600] {logging_mixin.py:190} INFO - [2025-05-23T10:34:29.732-0600] {dag.py:3239} INFO - Sync 3 DAGs
[2025-05-23T10:34:29.795-0600] {logging_mixin.py:190} INFO - [2025-05-23T10:34:29.794-0600] {dag.py:4180} INFO - Setting next_dagrun for dataset_with_extra_by_context to 2025-05-22 00:00:00+00:00, run_after=2025-05-23 00:00:00+00:00
[2025-05-23T10:34:29.815-0600] {logging_mixin.py:190} INFO - [2025-05-23T10:34:29.815-0600] {dag.py:4180} INFO - Setting next_dagrun for dataset_with_extra_by_yield to 2025-05-22 00:00:00+00:00, run_after=2025-05-23 00:00:00+00:00
[2025-05-23T10:34:29.839-0600] {logging_mixin.py:190} INFO - [2025-05-23T10:34:29.839-0600] {dag.py:4180} INFO - Setting next_dagrun for dataset_with_extra_from_classic_operator to 2025-05-22 00:00:00+00:00, run_after=2025-05-23 00:00:00+00:00
[2025-05-23T10:34:29.957-0600] {processor.py:208} INFO - Processing /home/airflow/.local/lib/python3.12/site-packages/airflow/example_dags/example_outlet_event_extra.py took 1.702 seconds
