[2025-05-23T10:29:42.825-0600] {processor.py:186} INFO - Started process (PID=100) to work on /home/airflow/.local/lib/python3.12/site-packages/airflow/example_dags/example_python_operator.py
[2025-05-23T10:29:42.827-0600] {processor.py:914} INFO - Processing file /home/airflow/.local/lib/python3.12/site-packages/airflow/example_dags/example_python_operator.py for tasks to queue
[2025-05-23T10:29:42.830-0600] {logging_mixin.py:190} INFO - [2025-05-23T10:29:42.830-0600] {dagbag.py:588} INFO - Filling up the DagBag from /home/airflow/.local/lib/python3.12/site-packages/airflow/example_dags/example_python_operator.py
[2025-05-23T10:29:42.855-0600] {processor.py:925} INFO - DAG(s) 'example_python_operator' retrieved from /home/airflow/.local/lib/python3.12/site-packages/airflow/example_dags/example_python_operator.py
[2025-05-23T10:29:43.093-0600] {logging_mixin.py:190} INFO - [2025-05-23T10:29:43.092-0600] {override.py:1912} INFO - Created Permission View: can delete on DAG:example_python_operator
[2025-05-23T10:29:43.106-0600] {logging_mixin.py:190} INFO - [2025-05-23T10:29:43.106-0600] {override.py:1912} INFO - Created Permission View: can edit on DAG:example_python_operator
[2025-05-23T10:29:43.114-0600] {logging_mixin.py:190} INFO - [2025-05-23T10:29:43.114-0600] {override.py:1912} INFO - Created Permission View: can read on DAG:example_python_operator
[2025-05-23T10:29:43.123-0600] {logging_mixin.py:190} INFO - [2025-05-23T10:29:43.122-0600] {override.py:1912} INFO - Created Permission View: can delete on DAG Run:example_python_operator
[2025-05-23T10:29:43.130-0600] {logging_mixin.py:190} INFO - [2025-05-23T10:29:43.130-0600] {override.py:1912} INFO - Created Permission View: can create on DAG Run:example_python_operator
[2025-05-23T10:29:43.138-0600] {logging_mixin.py:190} INFO - [2025-05-23T10:29:43.138-0600] {override.py:1912} INFO - Created Permission View: menu access on DAG Run:example_python_operator
[2025-05-23T10:29:43.146-0600] {logging_mixin.py:190} INFO - [2025-05-23T10:29:43.145-0600] {override.py:1912} INFO - Created Permission View: can read on DAG Run:example_python_operator
[2025-05-23T10:29:43.146-0600] {logging_mixin.py:190} INFO - [2025-05-23T10:29:43.146-0600] {dag.py:3239} INFO - Sync 1 DAGs
[2025-05-23T10:29:43.167-0600] {logging_mixin.py:190} INFO - [2025-05-23T10:29:43.167-0600] {dag.py:3262} INFO - Creating ORM DAG for example_python_operator
[2025-05-23T10:29:43.168-0600] {logging_mixin.py:190} INFO - [2025-05-23T10:29:43.168-0600] {dag.py:4180} INFO - Setting next_dagrun for example_python_operator to None, run_after=None
[2025-05-23T10:29:43.189-0600] {processor.py:208} INFO - Processing /home/airflow/.local/lib/python3.12/site-packages/airflow/example_dags/example_python_operator.py took 0.399 seconds
[2025-05-23T10:30:14.034-0600] {processor.py:186} INFO - Started process (PID=163) to work on /home/airflow/.local/lib/python3.12/site-packages/airflow/example_dags/example_python_operator.py
[2025-05-23T10:30:14.038-0600] {processor.py:914} INFO - Processing file /home/airflow/.local/lib/python3.12/site-packages/airflow/example_dags/example_python_operator.py for tasks to queue
[2025-05-23T10:30:14.042-0600] {logging_mixin.py:190} INFO - [2025-05-23T10:30:14.042-0600] {dagbag.py:588} INFO - Filling up the DagBag from /home/airflow/.local/lib/python3.12/site-packages/airflow/example_dags/example_python_operator.py
[2025-05-23T10:30:14.084-0600] {processor.py:925} INFO - DAG(s) 'example_python_operator' retrieved from /home/airflow/.local/lib/python3.12/site-packages/airflow/example_dags/example_python_operator.py
[2025-05-23T10:30:14.149-0600] {logging_mixin.py:190} INFO - [2025-05-23T10:30:14.148-0600] {dag.py:3239} INFO - Sync 1 DAGs
[2025-05-23T10:30:14.181-0600] {logging_mixin.py:190} INFO - [2025-05-23T10:30:14.181-0600] {dag.py:4180} INFO - Setting next_dagrun for example_python_operator to None, run_after=None
[2025-05-23T10:30:14.234-0600] {processor.py:208} INFO - Processing /home/airflow/.local/lib/python3.12/site-packages/airflow/example_dags/example_python_operator.py took 0.215 seconds
[2025-05-23T10:30:44.363-0600] {processor.py:186} INFO - Started process (PID=225) to work on /home/airflow/.local/lib/python3.12/site-packages/airflow/example_dags/example_python_operator.py
[2025-05-23T10:30:44.366-0600] {processor.py:914} INFO - Processing file /home/airflow/.local/lib/python3.12/site-packages/airflow/example_dags/example_python_operator.py for tasks to queue
[2025-05-23T10:30:44.373-0600] {logging_mixin.py:190} INFO - [2025-05-23T10:30:44.372-0600] {dagbag.py:588} INFO - Filling up the DagBag from /home/airflow/.local/lib/python3.12/site-packages/airflow/example_dags/example_python_operator.py
[2025-05-23T10:30:44.405-0600] {processor.py:925} INFO - DAG(s) 'example_python_operator' retrieved from /home/airflow/.local/lib/python3.12/site-packages/airflow/example_dags/example_python_operator.py
[2025-05-23T10:30:44.449-0600] {logging_mixin.py:190} INFO - [2025-05-23T10:30:44.449-0600] {dag.py:3239} INFO - Sync 1 DAGs
[2025-05-23T10:30:44.481-0600] {logging_mixin.py:190} INFO - [2025-05-23T10:30:44.481-0600] {dag.py:4180} INFO - Setting next_dagrun for example_python_operator to None, run_after=None
[2025-05-23T10:30:44.511-0600] {processor.py:208} INFO - Processing /home/airflow/.local/lib/python3.12/site-packages/airflow/example_dags/example_python_operator.py took 0.165 seconds
[2025-05-23T10:31:15.281-0600] {processor.py:186} INFO - Started process (PID=288) to work on /home/airflow/.local/lib/python3.12/site-packages/airflow/example_dags/example_python_operator.py
[2025-05-23T10:31:15.283-0600] {processor.py:914} INFO - Processing file /home/airflow/.local/lib/python3.12/site-packages/airflow/example_dags/example_python_operator.py for tasks to queue
[2025-05-23T10:31:15.287-0600] {logging_mixin.py:190} INFO - [2025-05-23T10:31:15.287-0600] {dagbag.py:588} INFO - Filling up the DagBag from /home/airflow/.local/lib/python3.12/site-packages/airflow/example_dags/example_python_operator.py
[2025-05-23T10:31:15.311-0600] {processor.py:925} INFO - DAG(s) 'example_python_operator' retrieved from /home/airflow/.local/lib/python3.12/site-packages/airflow/example_dags/example_python_operator.py
[2025-05-23T10:31:15.361-0600] {logging_mixin.py:190} INFO - [2025-05-23T10:31:15.361-0600] {dag.py:3239} INFO - Sync 1 DAGs
[2025-05-23T10:31:15.390-0600] {logging_mixin.py:190} INFO - [2025-05-23T10:31:15.390-0600] {dag.py:4180} INFO - Setting next_dagrun for example_python_operator to None, run_after=None
[2025-05-23T10:31:15.415-0600] {processor.py:208} INFO - Processing /home/airflow/.local/lib/python3.12/site-packages/airflow/example_dags/example_python_operator.py took 0.146 seconds
[2025-05-23T10:31:45.791-0600] {processor.py:186} INFO - Started process (PID=352) to work on /home/airflow/.local/lib/python3.12/site-packages/airflow/example_dags/example_python_operator.py
[2025-05-23T10:31:45.792-0600] {processor.py:914} INFO - Processing file /home/airflow/.local/lib/python3.12/site-packages/airflow/example_dags/example_python_operator.py for tasks to queue
[2025-05-23T10:31:45.796-0600] {logging_mixin.py:190} INFO - [2025-05-23T10:31:45.796-0600] {dagbag.py:588} INFO - Filling up the DagBag from /home/airflow/.local/lib/python3.12/site-packages/airflow/example_dags/example_python_operator.py
[2025-05-23T10:31:45.817-0600] {processor.py:925} INFO - DAG(s) 'example_python_operator' retrieved from /home/airflow/.local/lib/python3.12/site-packages/airflow/example_dags/example_python_operator.py
[2025-05-23T10:31:45.857-0600] {logging_mixin.py:190} INFO - [2025-05-23T10:31:45.857-0600] {dag.py:3239} INFO - Sync 1 DAGs
[2025-05-23T10:31:45.883-0600] {logging_mixin.py:190} INFO - [2025-05-23T10:31:45.882-0600] {dag.py:4180} INFO - Setting next_dagrun for example_python_operator to None, run_after=None
[2025-05-23T10:31:45.908-0600] {processor.py:208} INFO - Processing /home/airflow/.local/lib/python3.12/site-packages/airflow/example_dags/example_python_operator.py took 0.127 seconds
[2025-05-23T10:32:16.412-0600] {processor.py:186} INFO - Started process (PID=414) to work on /home/airflow/.local/lib/python3.12/site-packages/airflow/example_dags/example_python_operator.py
[2025-05-23T10:32:16.414-0600] {processor.py:914} INFO - Processing file /home/airflow/.local/lib/python3.12/site-packages/airflow/example_dags/example_python_operator.py for tasks to queue
[2025-05-23T10:32:16.418-0600] {logging_mixin.py:190} INFO - [2025-05-23T10:32:16.417-0600] {dagbag.py:588} INFO - Filling up the DagBag from /home/airflow/.local/lib/python3.12/site-packages/airflow/example_dags/example_python_operator.py
[2025-05-23T10:32:16.441-0600] {processor.py:925} INFO - DAG(s) 'example_python_operator' retrieved from /home/airflow/.local/lib/python3.12/site-packages/airflow/example_dags/example_python_operator.py
[2025-05-23T10:32:16.481-0600] {logging_mixin.py:190} INFO - [2025-05-23T10:32:16.480-0600] {dag.py:3239} INFO - Sync 1 DAGs
[2025-05-23T10:32:16.505-0600] {logging_mixin.py:190} INFO - [2025-05-23T10:32:16.505-0600] {dag.py:4180} INFO - Setting next_dagrun for example_python_operator to None, run_after=None
[2025-05-23T10:32:16.531-0600] {processor.py:208} INFO - Processing /home/airflow/.local/lib/python3.12/site-packages/airflow/example_dags/example_python_operator.py took 0.130 seconds
[2025-05-23T10:32:47.609-0600] {processor.py:186} INFO - Started process (PID=476) to work on /home/airflow/.local/lib/python3.12/site-packages/airflow/example_dags/example_python_operator.py
[2025-05-23T10:32:47.610-0600] {processor.py:914} INFO - Processing file /home/airflow/.local/lib/python3.12/site-packages/airflow/example_dags/example_python_operator.py for tasks to queue
[2025-05-23T10:32:47.615-0600] {logging_mixin.py:190} INFO - [2025-05-23T10:32:47.614-0600] {dagbag.py:588} INFO - Filling up the DagBag from /home/airflow/.local/lib/python3.12/site-packages/airflow/example_dags/example_python_operator.py
[2025-05-23T10:32:47.641-0600] {processor.py:925} INFO - DAG(s) 'example_python_operator' retrieved from /home/airflow/.local/lib/python3.12/site-packages/airflow/example_dags/example_python_operator.py
[2025-05-23T10:32:47.709-0600] {logging_mixin.py:190} INFO - [2025-05-23T10:32:47.708-0600] {dag.py:3239} INFO - Sync 1 DAGs
[2025-05-23T10:32:47.774-0600] {logging_mixin.py:190} INFO - [2025-05-23T10:32:47.773-0600] {dag.py:4180} INFO - Setting next_dagrun for example_python_operator to None, run_after=None
[2025-05-23T10:32:47.822-0600] {processor.py:208} INFO - Processing /home/airflow/.local/lib/python3.12/site-packages/airflow/example_dags/example_python_operator.py took 0.230 seconds
[2025-05-23T10:33:17.953-0600] {processor.py:186} INFO - Started process (PID=538) to work on /home/airflow/.local/lib/python3.12/site-packages/airflow/example_dags/example_python_operator.py
[2025-05-23T10:33:17.955-0600] {processor.py:914} INFO - Processing file /home/airflow/.local/lib/python3.12/site-packages/airflow/example_dags/example_python_operator.py for tasks to queue
[2025-05-23T10:33:17.959-0600] {logging_mixin.py:190} INFO - [2025-05-23T10:33:17.958-0600] {dagbag.py:588} INFO - Filling up the DagBag from /home/airflow/.local/lib/python3.12/site-packages/airflow/example_dags/example_python_operator.py
[2025-05-23T10:33:17.982-0600] {processor.py:925} INFO - DAG(s) 'example_python_operator' retrieved from /home/airflow/.local/lib/python3.12/site-packages/airflow/example_dags/example_python_operator.py
[2025-05-23T10:33:18.020-0600] {logging_mixin.py:190} INFO - [2025-05-23T10:33:18.019-0600] {dag.py:3239} INFO - Sync 1 DAGs
[2025-05-23T10:33:18.050-0600] {logging_mixin.py:190} INFO - [2025-05-23T10:33:18.049-0600] {dag.py:4180} INFO - Setting next_dagrun for example_python_operator to None, run_after=None
[2025-05-23T10:33:18.073-0600] {processor.py:208} INFO - Processing /home/airflow/.local/lib/python3.12/site-packages/airflow/example_dags/example_python_operator.py took 0.133 seconds
[2025-05-23T10:33:48.170-0600] {processor.py:186} INFO - Started process (PID=601) to work on /home/airflow/.local/lib/python3.12/site-packages/airflow/example_dags/example_python_operator.py
[2025-05-23T10:33:48.172-0600] {processor.py:914} INFO - Processing file /home/airflow/.local/lib/python3.12/site-packages/airflow/example_dags/example_python_operator.py for tasks to queue
[2025-05-23T10:33:48.175-0600] {logging_mixin.py:190} INFO - [2025-05-23T10:33:48.175-0600] {dagbag.py:588} INFO - Filling up the DagBag from /home/airflow/.local/lib/python3.12/site-packages/airflow/example_dags/example_python_operator.py
[2025-05-23T10:33:48.210-0600] {processor.py:925} INFO - DAG(s) 'example_python_operator' retrieved from /home/airflow/.local/lib/python3.12/site-packages/airflow/example_dags/example_python_operator.py
[2025-05-23T10:33:48.263-0600] {logging_mixin.py:190} INFO - [2025-05-23T10:33:48.262-0600] {dag.py:3239} INFO - Sync 1 DAGs
[2025-05-23T10:33:48.303-0600] {logging_mixin.py:190} INFO - [2025-05-23T10:33:48.303-0600] {dag.py:4180} INFO - Setting next_dagrun for example_python_operator to None, run_after=None
[2025-05-23T10:33:48.343-0600] {processor.py:208} INFO - Processing /home/airflow/.local/lib/python3.12/site-packages/airflow/example_dags/example_python_operator.py took 0.187 seconds
[2025-05-23T10:34:18.851-0600] {processor.py:186} INFO - Started process (PID=665) to work on /home/airflow/.local/lib/python3.12/site-packages/airflow/example_dags/example_python_operator.py
[2025-05-23T10:34:18.854-0600] {processor.py:914} INFO - Processing file /home/airflow/.local/lib/python3.12/site-packages/airflow/example_dags/example_python_operator.py for tasks to queue
[2025-05-23T10:34:18.861-0600] {logging_mixin.py:190} INFO - [2025-05-23T10:34:18.861-0600] {dagbag.py:588} INFO - Filling up the DagBag from /home/airflow/.local/lib/python3.12/site-packages/airflow/example_dags/example_python_operator.py
[2025-05-23T10:34:18.890-0600] {processor.py:925} INFO - DAG(s) 'example_python_operator' retrieved from /home/airflow/.local/lib/python3.12/site-packages/airflow/example_dags/example_python_operator.py
[2025-05-23T10:34:18.928-0600] {logging_mixin.py:190} INFO - [2025-05-23T10:34:18.928-0600] {dag.py:3239} INFO - Sync 1 DAGs
[2025-05-23T10:34:18.955-0600] {logging_mixin.py:190} INFO - [2025-05-23T10:34:18.955-0600] {dag.py:4180} INFO - Setting next_dagrun for example_python_operator to None, run_after=None
[2025-05-23T10:34:18.984-0600] {processor.py:208} INFO - Processing /home/airflow/.local/lib/python3.12/site-packages/airflow/example_dags/example_python_operator.py took 0.145 seconds
[2025-05-23T10:34:50.233-0600] {processor.py:186} INFO - Started process (PID=728) to work on /home/airflow/.local/lib/python3.12/site-packages/airflow/example_dags/example_python_operator.py
[2025-05-23T10:34:50.234-0600] {processor.py:914} INFO - Processing file /home/airflow/.local/lib/python3.12/site-packages/airflow/example_dags/example_python_operator.py for tasks to queue
[2025-05-23T10:34:50.238-0600] {logging_mixin.py:190} INFO - [2025-05-23T10:34:50.237-0600] {dagbag.py:588} INFO - Filling up the DagBag from /home/airflow/.local/lib/python3.12/site-packages/airflow/example_dags/example_python_operator.py
[2025-05-23T10:34:50.262-0600] {processor.py:925} INFO - DAG(s) 'example_python_operator' retrieved from /home/airflow/.local/lib/python3.12/site-packages/airflow/example_dags/example_python_operator.py
[2025-05-23T10:34:50.345-0600] {logging_mixin.py:190} INFO - [2025-05-23T10:34:50.345-0600] {dag.py:3239} INFO - Sync 1 DAGs
[2025-05-23T10:34:50.376-0600] {logging_mixin.py:190} INFO - [2025-05-23T10:34:50.376-0600] {dag.py:4180} INFO - Setting next_dagrun for example_python_operator to None, run_after=None
[2025-05-23T10:34:50.423-0600] {processor.py:208} INFO - Processing /home/airflow/.local/lib/python3.12/site-packages/airflow/example_dags/example_python_operator.py took 0.204 seconds
