[2025-05-23T10:29:39.701-0600] {processor.py:186} INFO - Started process (PID=94) to work on /home/airflow/.local/lib/python3.12/site-packages/airflow/example_dags/example_nested_branch_dag.py
[2025-05-23T10:29:39.702-0600] {processor.py:914} INFO - Processing file /home/airflow/.local/lib/python3.12/site-packages/airflow/example_dags/example_nested_branch_dag.py for tasks to queue
[2025-05-23T10:29:39.721-0600] {logging_mixin.py:190} INFO - [2025-05-23T10:29:39.717-0600] {dagbag.py:588} INFO - Filling up the DagBag from /home/airflow/.local/lib/python3.12/site-packages/airflow/example_dags/example_nested_branch_dag.py
[2025-05-23T10:29:39.762-0600] {processor.py:925} INFO - DAG(s) 'example_nested_branch_dag' retrieved from /home/airflow/.local/lib/python3.12/site-packages/airflow/example_dags/example_nested_branch_dag.py
[2025-05-23T10:29:40.014-0600] {logging_mixin.py:190} INFO - [2025-05-23T10:29:40.013-0600] {override.py:1912} INFO - Created Permission View: can delete on DAG:example_nested_branch_dag
[2025-05-23T10:29:40.043-0600] {logging_mixin.py:190} INFO - [2025-05-23T10:29:40.043-0600] {override.py:1912} INFO - Created Permission View: can edit on DAG:example_nested_branch_dag
[2025-05-23T10:29:40.061-0600] {logging_mixin.py:190} INFO - [2025-05-23T10:29:40.060-0600] {override.py:1912} INFO - Created Permission View: can read on DAG:example_nested_branch_dag
[2025-05-23T10:29:40.078-0600] {logging_mixin.py:190} INFO - [2025-05-23T10:29:40.078-0600] {override.py:1912} INFO - Created Permission View: can delete on DAG Run:example_nested_branch_dag
[2025-05-23T10:29:40.093-0600] {logging_mixin.py:190} INFO - [2025-05-23T10:29:40.093-0600] {override.py:1912} INFO - Created Permission View: can create on DAG Run:example_nested_branch_dag
[2025-05-23T10:29:40.121-0600] {logging_mixin.py:190} INFO - [2025-05-23T10:29:40.121-0600] {override.py:1912} INFO - Created Permission View: menu access on DAG Run:example_nested_branch_dag
[2025-05-23T10:29:40.139-0600] {logging_mixin.py:190} INFO - [2025-05-23T10:29:40.139-0600] {override.py:1912} INFO - Created Permission View: can read on DAG Run:example_nested_branch_dag
[2025-05-23T10:29:40.142-0600] {logging_mixin.py:190} INFO - [2025-05-23T10:29:40.140-0600] {dag.py:3239} INFO - Sync 1 DAGs
[2025-05-23T10:29:40.183-0600] {logging_mixin.py:190} INFO - [2025-05-23T10:29:40.183-0600] {dag.py:3262} INFO - Creating ORM DAG for example_nested_branch_dag
[2025-05-23T10:29:40.204-0600] {logging_mixin.py:190} INFO - [2025-05-23T10:29:40.203-0600] {dag.py:4180} INFO - Setting next_dagrun for example_nested_branch_dag to 2025-05-22 00:00:00+00:00, run_after=2025-05-23 00:00:00+00:00
[2025-05-23T10:29:40.230-0600] {processor.py:208} INFO - Processing /home/airflow/.local/lib/python3.12/site-packages/airflow/example_dags/example_nested_branch_dag.py took 0.575 seconds
[2025-05-23T10:30:10.522-0600] {processor.py:186} INFO - Started process (PID=157) to work on /home/airflow/.local/lib/python3.12/site-packages/airflow/example_dags/example_nested_branch_dag.py
[2025-05-23T10:30:10.524-0600] {processor.py:914} INFO - Processing file /home/airflow/.local/lib/python3.12/site-packages/airflow/example_dags/example_nested_branch_dag.py for tasks to queue
[2025-05-23T10:30:10.528-0600] {logging_mixin.py:190} INFO - [2025-05-23T10:30:10.528-0600] {dagbag.py:588} INFO - Filling up the DagBag from /home/airflow/.local/lib/python3.12/site-packages/airflow/example_dags/example_nested_branch_dag.py
[2025-05-23T10:30:10.554-0600] {processor.py:925} INFO - DAG(s) 'example_nested_branch_dag' retrieved from /home/airflow/.local/lib/python3.12/site-packages/airflow/example_dags/example_nested_branch_dag.py
[2025-05-23T10:30:10.593-0600] {logging_mixin.py:190} INFO - [2025-05-23T10:30:10.593-0600] {dag.py:3239} INFO - Sync 1 DAGs
[2025-05-23T10:30:10.637-0600] {logging_mixin.py:190} INFO - [2025-05-23T10:30:10.636-0600] {dag.py:4180} INFO - Setting next_dagrun for example_nested_branch_dag to 2025-05-22 00:00:00+00:00, run_after=2025-05-23 00:00:00+00:00
[2025-05-23T10:30:10.667-0600] {processor.py:208} INFO - Processing /home/airflow/.local/lib/python3.12/site-packages/airflow/example_dags/example_nested_branch_dag.py took 0.158 seconds
[2025-05-23T10:30:40.867-0600] {processor.py:186} INFO - Started process (PID=219) to work on /home/airflow/.local/lib/python3.12/site-packages/airflow/example_dags/example_nested_branch_dag.py
[2025-05-23T10:30:40.869-0600] {processor.py:914} INFO - Processing file /home/airflow/.local/lib/python3.12/site-packages/airflow/example_dags/example_nested_branch_dag.py for tasks to queue
[2025-05-23T10:30:40.872-0600] {logging_mixin.py:190} INFO - [2025-05-23T10:30:40.872-0600] {dagbag.py:588} INFO - Filling up the DagBag from /home/airflow/.local/lib/python3.12/site-packages/airflow/example_dags/example_nested_branch_dag.py
[2025-05-23T10:30:40.895-0600] {processor.py:925} INFO - DAG(s) 'example_nested_branch_dag' retrieved from /home/airflow/.local/lib/python3.12/site-packages/airflow/example_dags/example_nested_branch_dag.py
[2025-05-23T10:30:40.934-0600] {logging_mixin.py:190} INFO - [2025-05-23T10:30:40.933-0600] {dag.py:3239} INFO - Sync 1 DAGs
[2025-05-23T10:30:40.978-0600] {logging_mixin.py:190} INFO - [2025-05-23T10:30:40.978-0600] {dag.py:4180} INFO - Setting next_dagrun for example_nested_branch_dag to 2025-05-22 00:00:00+00:00, run_after=2025-05-23 00:00:00+00:00
[2025-05-23T10:30:41.013-0600] {processor.py:208} INFO - Processing /home/airflow/.local/lib/python3.12/site-packages/airflow/example_dags/example_nested_branch_dag.py took 0.159 seconds
[2025-05-23T10:31:11.777-0600] {processor.py:186} INFO - Started process (PID=282) to work on /home/airflow/.local/lib/python3.12/site-packages/airflow/example_dags/example_nested_branch_dag.py
[2025-05-23T10:31:11.780-0600] {processor.py:914} INFO - Processing file /home/airflow/.local/lib/python3.12/site-packages/airflow/example_dags/example_nested_branch_dag.py for tasks to queue
[2025-05-23T10:31:11.785-0600] {logging_mixin.py:190} INFO - [2025-05-23T10:31:11.784-0600] {dagbag.py:588} INFO - Filling up the DagBag from /home/airflow/.local/lib/python3.12/site-packages/airflow/example_dags/example_nested_branch_dag.py
[2025-05-23T10:31:11.807-0600] {processor.py:925} INFO - DAG(s) 'example_nested_branch_dag' retrieved from /home/airflow/.local/lib/python3.12/site-packages/airflow/example_dags/example_nested_branch_dag.py
[2025-05-23T10:31:11.845-0600] {logging_mixin.py:190} INFO - [2025-05-23T10:31:11.845-0600] {dag.py:3239} INFO - Sync 1 DAGs
[2025-05-23T10:31:11.897-0600] {logging_mixin.py:190} INFO - [2025-05-23T10:31:11.897-0600] {dag.py:4180} INFO - Setting next_dagrun for example_nested_branch_dag to 2025-05-22 00:00:00+00:00, run_after=2025-05-23 00:00:00+00:00
[2025-05-23T10:31:11.934-0600] {processor.py:208} INFO - Processing /home/airflow/.local/lib/python3.12/site-packages/airflow/example_dags/example_nested_branch_dag.py took 0.171 seconds
[2025-05-23T10:31:42.102-0600] {processor.py:186} INFO - Started process (PID=345) to work on /home/airflow/.local/lib/python3.12/site-packages/airflow/example_dags/example_nested_branch_dag.py
[2025-05-23T10:31:42.104-0600] {processor.py:914} INFO - Processing file /home/airflow/.local/lib/python3.12/site-packages/airflow/example_dags/example_nested_branch_dag.py for tasks to queue
[2025-05-23T10:31:42.108-0600] {logging_mixin.py:190} INFO - [2025-05-23T10:31:42.107-0600] {dagbag.py:588} INFO - Filling up the DagBag from /home/airflow/.local/lib/python3.12/site-packages/airflow/example_dags/example_nested_branch_dag.py
[2025-05-23T10:31:42.128-0600] {processor.py:925} INFO - DAG(s) 'example_nested_branch_dag' retrieved from /home/airflow/.local/lib/python3.12/site-packages/airflow/example_dags/example_nested_branch_dag.py
[2025-05-23T10:31:42.165-0600] {logging_mixin.py:190} INFO - [2025-05-23T10:31:42.164-0600] {dag.py:3239} INFO - Sync 1 DAGs
[2025-05-23T10:31:42.210-0600] {logging_mixin.py:190} INFO - [2025-05-23T10:31:42.209-0600] {dag.py:4180} INFO - Setting next_dagrun for example_nested_branch_dag to 2025-05-22 00:00:00+00:00, run_after=2025-05-23 00:00:00+00:00
[2025-05-23T10:31:42.238-0600] {processor.py:208} INFO - Processing /home/airflow/.local/lib/python3.12/site-packages/airflow/example_dags/example_nested_branch_dag.py took 0.145 seconds
[2025-05-23T10:32:12.947-0600] {processor.py:186} INFO - Started process (PID=408) to work on /home/airflow/.local/lib/python3.12/site-packages/airflow/example_dags/example_nested_branch_dag.py
[2025-05-23T10:32:12.949-0600] {processor.py:914} INFO - Processing file /home/airflow/.local/lib/python3.12/site-packages/airflow/example_dags/example_nested_branch_dag.py for tasks to queue
[2025-05-23T10:32:12.954-0600] {logging_mixin.py:190} INFO - [2025-05-23T10:32:12.953-0600] {dagbag.py:588} INFO - Filling up the DagBag from /home/airflow/.local/lib/python3.12/site-packages/airflow/example_dags/example_nested_branch_dag.py
[2025-05-23T10:32:12.980-0600] {processor.py:925} INFO - DAG(s) 'example_nested_branch_dag' retrieved from /home/airflow/.local/lib/python3.12/site-packages/airflow/example_dags/example_nested_branch_dag.py
[2025-05-23T10:32:13.020-0600] {logging_mixin.py:190} INFO - [2025-05-23T10:32:13.019-0600] {dag.py:3239} INFO - Sync 1 DAGs
[2025-05-23T10:32:13.064-0600] {logging_mixin.py:190} INFO - [2025-05-23T10:32:13.064-0600] {dag.py:4180} INFO - Setting next_dagrun for example_nested_branch_dag to 2025-05-22 00:00:00+00:00, run_after=2025-05-23 00:00:00+00:00
[2025-05-23T10:32:13.089-0600] {processor.py:208} INFO - Processing /home/airflow/.local/lib/python3.12/site-packages/airflow/example_dags/example_nested_branch_dag.py took 0.155 seconds
[2025-05-23T10:32:43.867-0600] {processor.py:186} INFO - Started process (PID=470) to work on /home/airflow/.local/lib/python3.12/site-packages/airflow/example_dags/example_nested_branch_dag.py
[2025-05-23T10:32:43.869-0600] {processor.py:914} INFO - Processing file /home/airflow/.local/lib/python3.12/site-packages/airflow/example_dags/example_nested_branch_dag.py for tasks to queue
[2025-05-23T10:32:43.874-0600] {logging_mixin.py:190} INFO - [2025-05-23T10:32:43.874-0600] {dagbag.py:588} INFO - Filling up the DagBag from /home/airflow/.local/lib/python3.12/site-packages/airflow/example_dags/example_nested_branch_dag.py
[2025-05-23T10:32:43.898-0600] {processor.py:925} INFO - DAG(s) 'example_nested_branch_dag' retrieved from /home/airflow/.local/lib/python3.12/site-packages/airflow/example_dags/example_nested_branch_dag.py
[2025-05-23T10:32:43.939-0600] {logging_mixin.py:190} INFO - [2025-05-23T10:32:43.938-0600] {dag.py:3239} INFO - Sync 1 DAGs
[2025-05-23T10:32:43.984-0600] {logging_mixin.py:190} INFO - [2025-05-23T10:32:43.983-0600] {dag.py:4180} INFO - Setting next_dagrun for example_nested_branch_dag to 2025-05-22 00:00:00+00:00, run_after=2025-05-23 00:00:00+00:00
[2025-05-23T10:32:44.010-0600] {processor.py:208} INFO - Processing /home/airflow/.local/lib/python3.12/site-packages/airflow/example_dags/example_nested_branch_dag.py took 0.156 seconds
[2025-05-23T10:33:14.477-0600] {processor.py:186} INFO - Started process (PID=533) to work on /home/airflow/.local/lib/python3.12/site-packages/airflow/example_dags/example_nested_branch_dag.py
[2025-05-23T10:33:14.479-0600] {processor.py:914} INFO - Processing file /home/airflow/.local/lib/python3.12/site-packages/airflow/example_dags/example_nested_branch_dag.py for tasks to queue
[2025-05-23T10:33:14.484-0600] {logging_mixin.py:190} INFO - [2025-05-23T10:33:14.483-0600] {dagbag.py:588} INFO - Filling up the DagBag from /home/airflow/.local/lib/python3.12/site-packages/airflow/example_dags/example_nested_branch_dag.py
[2025-05-23T10:33:14.508-0600] {processor.py:925} INFO - DAG(s) 'example_nested_branch_dag' retrieved from /home/airflow/.local/lib/python3.12/site-packages/airflow/example_dags/example_nested_branch_dag.py
[2025-05-23T10:33:14.563-0600] {logging_mixin.py:190} INFO - [2025-05-23T10:33:14.563-0600] {dag.py:3239} INFO - Sync 1 DAGs
[2025-05-23T10:33:14.621-0600] {logging_mixin.py:190} INFO - [2025-05-23T10:33:14.621-0600] {dag.py:4180} INFO - Setting next_dagrun for example_nested_branch_dag to 2025-05-22 00:00:00+00:00, run_after=2025-05-23 00:00:00+00:00
[2025-05-23T10:33:14.661-0600] {processor.py:208} INFO - Processing /home/airflow/.local/lib/python3.12/site-packages/airflow/example_dags/example_nested_branch_dag.py took 0.197 seconds
[2025-05-23T10:33:45.516-0600] {processor.py:186} INFO - Started process (PID=596) to work on /home/airflow/.local/lib/python3.12/site-packages/airflow/example_dags/example_nested_branch_dag.py
[2025-05-23T10:33:45.518-0600] {processor.py:914} INFO - Processing file /home/airflow/.local/lib/python3.12/site-packages/airflow/example_dags/example_nested_branch_dag.py for tasks to queue
[2025-05-23T10:33:45.521-0600] {logging_mixin.py:190} INFO - [2025-05-23T10:33:45.521-0600] {dagbag.py:588} INFO - Filling up the DagBag from /home/airflow/.local/lib/python3.12/site-packages/airflow/example_dags/example_nested_branch_dag.py
[2025-05-23T10:33:45.549-0600] {processor.py:925} INFO - DAG(s) 'example_nested_branch_dag' retrieved from /home/airflow/.local/lib/python3.12/site-packages/airflow/example_dags/example_nested_branch_dag.py
[2025-05-23T10:33:45.601-0600] {logging_mixin.py:190} INFO - [2025-05-23T10:33:45.601-0600] {dag.py:3239} INFO - Sync 1 DAGs
[2025-05-23T10:33:45.663-0600] {logging_mixin.py:190} INFO - [2025-05-23T10:33:45.663-0600] {dag.py:4180} INFO - Setting next_dagrun for example_nested_branch_dag to 2025-05-22 00:00:00+00:00, run_after=2025-05-23 00:00:00+00:00
[2025-05-23T10:33:45.694-0600] {processor.py:208} INFO - Processing /home/airflow/.local/lib/python3.12/site-packages/airflow/example_dags/example_nested_branch_dag.py took 0.190 seconds
[2025-05-23T10:34:17.324-0600] {processor.py:186} INFO - Started process (PID=660) to work on /home/airflow/.local/lib/python3.12/site-packages/airflow/example_dags/example_nested_branch_dag.py
[2025-05-23T10:34:17.325-0600] {processor.py:914} INFO - Processing file /home/airflow/.local/lib/python3.12/site-packages/airflow/example_dags/example_nested_branch_dag.py for tasks to queue
[2025-05-23T10:34:17.329-0600] {logging_mixin.py:190} INFO - [2025-05-23T10:34:17.329-0600] {dagbag.py:588} INFO - Filling up the DagBag from /home/airflow/.local/lib/python3.12/site-packages/airflow/example_dags/example_nested_branch_dag.py
[2025-05-23T10:34:17.351-0600] {processor.py:925} INFO - DAG(s) 'example_nested_branch_dag' retrieved from /home/airflow/.local/lib/python3.12/site-packages/airflow/example_dags/example_nested_branch_dag.py
[2025-05-23T10:34:17.389-0600] {logging_mixin.py:190} INFO - [2025-05-23T10:34:17.388-0600] {dag.py:3239} INFO - Sync 1 DAGs
[2025-05-23T10:34:17.437-0600] {logging_mixin.py:190} INFO - [2025-05-23T10:34:17.436-0600] {dag.py:4180} INFO - Setting next_dagrun for example_nested_branch_dag to 2025-05-22 00:00:00+00:00, run_after=2025-05-23 00:00:00+00:00
[2025-05-23T10:34:17.474-0600] {processor.py:208} INFO - Processing /home/airflow/.local/lib/python3.12/site-packages/airflow/example_dags/example_nested_branch_dag.py took 0.161 seconds
[2025-05-23T10:34:49.639-0600] {processor.py:186} INFO - Started process (PID=723) to work on /home/airflow/.local/lib/python3.12/site-packages/airflow/example_dags/example_nested_branch_dag.py
[2025-05-23T10:34:49.647-0600] {processor.py:914} INFO - Processing file /home/airflow/.local/lib/python3.12/site-packages/airflow/example_dags/example_nested_branch_dag.py for tasks to queue
[2025-05-23T10:34:49.651-0600] {logging_mixin.py:190} INFO - [2025-05-23T10:34:49.650-0600] {dagbag.py:588} INFO - Filling up the DagBag from /home/airflow/.local/lib/python3.12/site-packages/airflow/example_dags/example_nested_branch_dag.py
[2025-05-23T10:34:49.677-0600] {processor.py:925} INFO - DAG(s) 'example_nested_branch_dag' retrieved from /home/airflow/.local/lib/python3.12/site-packages/airflow/example_dags/example_nested_branch_dag.py
[2025-05-23T10:34:49.729-0600] {logging_mixin.py:190} INFO - [2025-05-23T10:34:49.728-0600] {dag.py:3239} INFO - Sync 1 DAGs
[2025-05-23T10:34:49.787-0600] {logging_mixin.py:190} INFO - [2025-05-23T10:34:49.787-0600] {dag.py:4180} INFO - Setting next_dagrun for example_nested_branch_dag to 2025-05-22 00:00:00+00:00, run_after=2025-05-23 00:00:00+00:00
[2025-05-23T10:34:49.821-0600] {processor.py:208} INFO - Processing /home/airflow/.local/lib/python3.12/site-packages/airflow/example_dags/example_nested_branch_dag.py took 0.201 seconds
