[2025-05-23T10:29:47.734-0600] {processor.py:186} INFO - Started process (PID=117) to work on /home/airflow/.local/lib/python3.12/site-packages/airflow/example_dags/example_xcomargs.py
[2025-05-23T10:29:47.735-0600] {processor.py:914} INFO - Processing file /home/airflow/.local/lib/python3.12/site-packages/airflow/example_dags/example_xcomargs.py for tasks to queue
[2025-05-23T10:29:47.739-0600] {logging_mixin.py:190} INFO - [2025-05-23T10:29:47.739-0600] {dagbag.py:588} INFO - Filling up the DagBag from /home/airflow/.local/lib/python3.12/site-packages/airflow/example_dags/example_xcomargs.py
[2025-05-23T10:29:47.758-0600] {processor.py:925} INFO - DAG(s) 'example_xcom_args', 'example_xcom_args_with_operators' retrieved from /home/airflow/.local/lib/python3.12/site-packages/airflow/example_dags/example_xcomargs.py
[2025-05-23T10:29:47.982-0600] {logging_mixin.py:190} INFO - [2025-05-23T10:29:47.981-0600] {override.py:1912} INFO - Created Permission View: can delete on DAG:example_xcom_args
[2025-05-23T10:29:47.997-0600] {logging_mixin.py:190} INFO - [2025-05-23T10:29:47.996-0600] {override.py:1912} INFO - Created Permission View: can edit on DAG:example_xcom_args
[2025-05-23T10:29:48.006-0600] {logging_mixin.py:190} INFO - [2025-05-23T10:29:48.005-0600] {override.py:1912} INFO - Created Permission View: can read on DAG:example_xcom_args
[2025-05-23T10:29:48.015-0600] {logging_mixin.py:190} INFO - [2025-05-23T10:29:48.015-0600] {override.py:1912} INFO - Created Permission View: can delete on DAG Run:example_xcom_args
[2025-05-23T10:29:48.024-0600] {logging_mixin.py:190} INFO - [2025-05-23T10:29:48.024-0600] {override.py:1912} INFO - Created Permission View: can create on DAG Run:example_xcom_args
[2025-05-23T10:29:48.032-0600] {logging_mixin.py:190} INFO - [2025-05-23T10:29:48.032-0600] {override.py:1912} INFO - Created Permission View: menu access on DAG Run:example_xcom_args
[2025-05-23T10:29:48.041-0600] {logging_mixin.py:190} INFO - [2025-05-23T10:29:48.041-0600] {override.py:1912} INFO - Created Permission View: can read on DAG Run:example_xcom_args
[2025-05-23T10:29:48.060-0600] {logging_mixin.py:190} INFO - [2025-05-23T10:29:48.060-0600] {override.py:1912} INFO - Created Permission View: can delete on DAG:example_xcom_args_with_operators
[2025-05-23T10:29:48.068-0600] {logging_mixin.py:190} INFO - [2025-05-23T10:29:48.067-0600] {override.py:1912} INFO - Created Permission View: can edit on DAG:example_xcom_args_with_operators
[2025-05-23T10:29:48.076-0600] {logging_mixin.py:190} INFO - [2025-05-23T10:29:48.075-0600] {override.py:1912} INFO - Created Permission View: can read on DAG:example_xcom_args_with_operators
[2025-05-23T10:29:48.083-0600] {logging_mixin.py:190} INFO - [2025-05-23T10:29:48.083-0600] {override.py:1912} INFO - Created Permission View: can delete on DAG Run:example_xcom_args_with_operators
[2025-05-23T10:29:48.090-0600] {logging_mixin.py:190} INFO - [2025-05-23T10:29:48.090-0600] {override.py:1912} INFO - Created Permission View: can create on DAG Run:example_xcom_args_with_operators
[2025-05-23T10:29:48.097-0600] {logging_mixin.py:190} INFO - [2025-05-23T10:29:48.097-0600] {override.py:1912} INFO - Created Permission View: menu access on DAG Run:example_xcom_args_with_operators
[2025-05-23T10:29:48.104-0600] {logging_mixin.py:190} INFO - [2025-05-23T10:29:48.104-0600] {override.py:1912} INFO - Created Permission View: can read on DAG Run:example_xcom_args_with_operators
[2025-05-23T10:29:48.105-0600] {logging_mixin.py:190} INFO - [2025-05-23T10:29:48.104-0600] {dag.py:3239} INFO - Sync 2 DAGs
[2025-05-23T10:29:48.126-0600] {logging_mixin.py:190} INFO - [2025-05-23T10:29:48.125-0600] {dag.py:3262} INFO - Creating ORM DAG for example_xcom_args
[2025-05-23T10:29:48.127-0600] {logging_mixin.py:190} INFO - [2025-05-23T10:29:48.126-0600] {dag.py:3262} INFO - Creating ORM DAG for example_xcom_args_with_operators
[2025-05-23T10:29:48.127-0600] {logging_mixin.py:190} INFO - [2025-05-23T10:29:48.127-0600] {dag.py:4180} INFO - Setting next_dagrun for example_xcom_args to None, run_after=None
[2025-05-23T10:29:48.128-0600] {logging_mixin.py:190} INFO - [2025-05-23T10:29:48.128-0600] {dag.py:4180} INFO - Setting next_dagrun for example_xcom_args_with_operators to None, run_after=None
[2025-05-23T10:29:48.161-0600] {processor.py:208} INFO - Processing /home/airflow/.local/lib/python3.12/site-packages/airflow/example_dags/example_xcomargs.py took 0.438 seconds
[2025-05-23T10:30:18.241-0600] {processor.py:186} INFO - Started process (PID=180) to work on /home/airflow/.local/lib/python3.12/site-packages/airflow/example_dags/example_xcomargs.py
[2025-05-23T10:30:18.243-0600] {processor.py:914} INFO - Processing file /home/airflow/.local/lib/python3.12/site-packages/airflow/example_dags/example_xcomargs.py for tasks to queue
[2025-05-23T10:30:18.246-0600] {logging_mixin.py:190} INFO - [2025-05-23T10:30:18.246-0600] {dagbag.py:588} INFO - Filling up the DagBag from /home/airflow/.local/lib/python3.12/site-packages/airflow/example_dags/example_xcomargs.py
[2025-05-23T10:30:18.266-0600] {processor.py:925} INFO - DAG(s) 'example_xcom_args_with_operators', 'example_xcom_args' retrieved from /home/airflow/.local/lib/python3.12/site-packages/airflow/example_dags/example_xcomargs.py
[2025-05-23T10:30:18.306-0600] {logging_mixin.py:190} INFO - [2025-05-23T10:30:18.306-0600] {dag.py:3239} INFO - Sync 2 DAGs
[2025-05-23T10:30:18.335-0600] {logging_mixin.py:190} INFO - [2025-05-23T10:30:18.335-0600] {dag.py:4180} INFO - Setting next_dagrun for example_xcom_args to None, run_after=None
[2025-05-23T10:30:18.341-0600] {logging_mixin.py:190} INFO - [2025-05-23T10:30:18.341-0600] {dag.py:4180} INFO - Setting next_dagrun for example_xcom_args_with_operators to None, run_after=None
[2025-05-23T10:30:18.362-0600] {processor.py:208} INFO - Processing /home/airflow/.local/lib/python3.12/site-packages/airflow/example_dags/example_xcomargs.py took 0.132 seconds
[2025-05-23T10:30:48.953-0600] {processor.py:186} INFO - Started process (PID=243) to work on /home/airflow/.local/lib/python3.12/site-packages/airflow/example_dags/example_xcomargs.py
[2025-05-23T10:30:48.957-0600] {processor.py:914} INFO - Processing file /home/airflow/.local/lib/python3.12/site-packages/airflow/example_dags/example_xcomargs.py for tasks to queue
[2025-05-23T10:30:48.964-0600] {logging_mixin.py:190} INFO - [2025-05-23T10:30:48.964-0600] {dagbag.py:588} INFO - Filling up the DagBag from /home/airflow/.local/lib/python3.12/site-packages/airflow/example_dags/example_xcomargs.py
[2025-05-23T10:30:48.986-0600] {processor.py:925} INFO - DAG(s) 'example_xcom_args', 'example_xcom_args_with_operators' retrieved from /home/airflow/.local/lib/python3.12/site-packages/airflow/example_dags/example_xcomargs.py
[2025-05-23T10:30:49.039-0600] {logging_mixin.py:190} INFO - [2025-05-23T10:30:49.039-0600] {dag.py:3239} INFO - Sync 2 DAGs
[2025-05-23T10:30:49.072-0600] {logging_mixin.py:190} INFO - [2025-05-23T10:30:49.071-0600] {dag.py:4180} INFO - Setting next_dagrun for example_xcom_args to None, run_after=None
[2025-05-23T10:30:49.080-0600] {logging_mixin.py:190} INFO - [2025-05-23T10:30:49.080-0600] {dag.py:4180} INFO - Setting next_dagrun for example_xcom_args_with_operators to None, run_after=None
[2025-05-23T10:30:49.130-0600] {processor.py:208} INFO - Processing /home/airflow/.local/lib/python3.12/site-packages/airflow/example_dags/example_xcomargs.py took 0.196 seconds
[2025-05-23T10:31:19.342-0600] {processor.py:186} INFO - Started process (PID=306) to work on /home/airflow/.local/lib/python3.12/site-packages/airflow/example_dags/example_xcomargs.py
[2025-05-23T10:31:19.344-0600] {processor.py:914} INFO - Processing file /home/airflow/.local/lib/python3.12/site-packages/airflow/example_dags/example_xcomargs.py for tasks to queue
[2025-05-23T10:31:19.348-0600] {logging_mixin.py:190} INFO - [2025-05-23T10:31:19.348-0600] {dagbag.py:588} INFO - Filling up the DagBag from /home/airflow/.local/lib/python3.12/site-packages/airflow/example_dags/example_xcomargs.py
[2025-05-23T10:31:19.367-0600] {processor.py:925} INFO - DAG(s) 'example_xcom_args_with_operators', 'example_xcom_args' retrieved from /home/airflow/.local/lib/python3.12/site-packages/airflow/example_dags/example_xcomargs.py
[2025-05-23T10:31:19.410-0600] {logging_mixin.py:190} INFO - [2025-05-23T10:31:19.410-0600] {dag.py:3239} INFO - Sync 2 DAGs
[2025-05-23T10:31:19.440-0600] {logging_mixin.py:190} INFO - [2025-05-23T10:31:19.440-0600] {dag.py:4180} INFO - Setting next_dagrun for example_xcom_args to None, run_after=None
[2025-05-23T10:31:19.446-0600] {logging_mixin.py:190} INFO - [2025-05-23T10:31:19.446-0600] {dag.py:4180} INFO - Setting next_dagrun for example_xcom_args_with_operators to None, run_after=None
[2025-05-23T10:31:19.471-0600] {processor.py:208} INFO - Processing /home/airflow/.local/lib/python3.12/site-packages/airflow/example_dags/example_xcomargs.py took 0.140 seconds
[2025-05-23T10:31:49.944-0600] {processor.py:186} INFO - Started process (PID=370) to work on /home/airflow/.local/lib/python3.12/site-packages/airflow/example_dags/example_xcomargs.py
[2025-05-23T10:31:49.945-0600] {processor.py:914} INFO - Processing file /home/airflow/.local/lib/python3.12/site-packages/airflow/example_dags/example_xcomargs.py for tasks to queue
[2025-05-23T10:31:49.949-0600] {logging_mixin.py:190} INFO - [2025-05-23T10:31:49.949-0600] {dagbag.py:588} INFO - Filling up the DagBag from /home/airflow/.local/lib/python3.12/site-packages/airflow/example_dags/example_xcomargs.py
[2025-05-23T10:31:49.969-0600] {processor.py:925} INFO - DAG(s) 'example_xcom_args', 'example_xcom_args_with_operators' retrieved from /home/airflow/.local/lib/python3.12/site-packages/airflow/example_dags/example_xcomargs.py
[2025-05-23T10:31:50.013-0600] {logging_mixin.py:190} INFO - [2025-05-23T10:31:50.013-0600] {dag.py:3239} INFO - Sync 2 DAGs
[2025-05-23T10:31:50.042-0600] {logging_mixin.py:190} INFO - [2025-05-23T10:31:50.042-0600] {dag.py:4180} INFO - Setting next_dagrun for example_xcom_args to None, run_after=None
[2025-05-23T10:31:50.048-0600] {logging_mixin.py:190} INFO - [2025-05-23T10:31:50.048-0600] {dag.py:4180} INFO - Setting next_dagrun for example_xcom_args_with_operators to None, run_after=None
[2025-05-23T10:31:50.072-0600] {processor.py:208} INFO - Processing /home/airflow/.local/lib/python3.12/site-packages/airflow/example_dags/example_xcomargs.py took 0.140 seconds
[2025-05-23T10:32:20.916-0600] {processor.py:186} INFO - Started process (PID=433) to work on /home/airflow/.local/lib/python3.12/site-packages/airflow/example_dags/example_xcomargs.py
[2025-05-23T10:32:20.918-0600] {processor.py:914} INFO - Processing file /home/airflow/.local/lib/python3.12/site-packages/airflow/example_dags/example_xcomargs.py for tasks to queue
[2025-05-23T10:32:20.925-0600] {logging_mixin.py:190} INFO - [2025-05-23T10:32:20.924-0600] {dagbag.py:588} INFO - Filling up the DagBag from /home/airflow/.local/lib/python3.12/site-packages/airflow/example_dags/example_xcomargs.py
[2025-05-23T10:32:20.946-0600] {processor.py:925} INFO - DAG(s) 'example_xcom_args_with_operators', 'example_xcom_args' retrieved from /home/airflow/.local/lib/python3.12/site-packages/airflow/example_dags/example_xcomargs.py
[2025-05-23T10:32:20.995-0600] {logging_mixin.py:190} INFO - [2025-05-23T10:32:20.995-0600] {dag.py:3239} INFO - Sync 2 DAGs
[2025-05-23T10:32:21.030-0600] {logging_mixin.py:190} INFO - [2025-05-23T10:32:21.029-0600] {dag.py:4180} INFO - Setting next_dagrun for example_xcom_args to None, run_after=None
[2025-05-23T10:32:21.044-0600] {logging_mixin.py:190} INFO - [2025-05-23T10:32:21.043-0600] {dag.py:4180} INFO - Setting next_dagrun for example_xcom_args_with_operators to None, run_after=None
[2025-05-23T10:32:21.087-0600] {processor.py:208} INFO - Processing /home/airflow/.local/lib/python3.12/site-packages/airflow/example_dags/example_xcomargs.py took 0.188 seconds
[2025-05-23T10:32:51.898-0600] {processor.py:186} INFO - Started process (PID=495) to work on /home/airflow/.local/lib/python3.12/site-packages/airflow/example_dags/example_xcomargs.py
[2025-05-23T10:32:51.900-0600] {processor.py:914} INFO - Processing file /home/airflow/.local/lib/python3.12/site-packages/airflow/example_dags/example_xcomargs.py for tasks to queue
[2025-05-23T10:32:51.904-0600] {logging_mixin.py:190} INFO - [2025-05-23T10:32:51.903-0600] {dagbag.py:588} INFO - Filling up the DagBag from /home/airflow/.local/lib/python3.12/site-packages/airflow/example_dags/example_xcomargs.py
[2025-05-23T10:32:51.924-0600] {processor.py:925} INFO - DAG(s) 'example_xcom_args_with_operators', 'example_xcom_args' retrieved from /home/airflow/.local/lib/python3.12/site-packages/airflow/example_dags/example_xcomargs.py
[2025-05-23T10:32:51.966-0600] {logging_mixin.py:190} INFO - [2025-05-23T10:32:51.966-0600] {dag.py:3239} INFO - Sync 2 DAGs
[2025-05-23T10:32:51.998-0600] {logging_mixin.py:190} INFO - [2025-05-23T10:32:51.997-0600] {dag.py:4180} INFO - Setting next_dagrun for example_xcom_args to None, run_after=None
[2025-05-23T10:32:52.006-0600] {logging_mixin.py:190} INFO - [2025-05-23T10:32:52.005-0600] {dag.py:4180} INFO - Setting next_dagrun for example_xcom_args_with_operators to None, run_after=None
[2025-05-23T10:32:52.035-0600] {processor.py:208} INFO - Processing /home/airflow/.local/lib/python3.12/site-packages/airflow/example_dags/example_xcomargs.py took 0.155 seconds
[2025-05-23T10:33:23.726-0600] {processor.py:186} INFO - Started process (PID=558) to work on /home/airflow/.local/lib/python3.12/site-packages/airflow/example_dags/example_xcomargs.py
[2025-05-23T10:33:23.727-0600] {processor.py:914} INFO - Processing file /home/airflow/.local/lib/python3.12/site-packages/airflow/example_dags/example_xcomargs.py for tasks to queue
[2025-05-23T10:33:23.733-0600] {logging_mixin.py:190} INFO - [2025-05-23T10:33:23.732-0600] {dagbag.py:588} INFO - Filling up the DagBag from /home/airflow/.local/lib/python3.12/site-packages/airflow/example_dags/example_xcomargs.py
[2025-05-23T10:33:23.753-0600] {processor.py:925} INFO - DAG(s) 'example_xcom_args_with_operators', 'example_xcom_args' retrieved from /home/airflow/.local/lib/python3.12/site-packages/airflow/example_dags/example_xcomargs.py
[2025-05-23T10:33:23.797-0600] {logging_mixin.py:190} INFO - [2025-05-23T10:33:23.796-0600] {dag.py:3239} INFO - Sync 2 DAGs
[2025-05-23T10:33:23.836-0600] {logging_mixin.py:190} INFO - [2025-05-23T10:33:23.834-0600] {dag.py:4180} INFO - Setting next_dagrun for example_xcom_args to None, run_after=None
[2025-05-23T10:33:23.849-0600] {logging_mixin.py:190} INFO - [2025-05-23T10:33:23.848-0600] {dag.py:4180} INFO - Setting next_dagrun for example_xcom_args_with_operators to None, run_after=None
[2025-05-23T10:33:23.878-0600] {processor.py:208} INFO - Processing /home/airflow/.local/lib/python3.12/site-packages/airflow/example_dags/example_xcomargs.py took 0.164 seconds
[2025-05-23T10:33:54.985-0600] {processor.py:186} INFO - Started process (PID=620) to work on /home/airflow/.local/lib/python3.12/site-packages/airflow/example_dags/example_xcomargs.py
[2025-05-23T10:33:54.987-0600] {processor.py:914} INFO - Processing file /home/airflow/.local/lib/python3.12/site-packages/airflow/example_dags/example_xcomargs.py for tasks to queue
[2025-05-23T10:33:54.992-0600] {logging_mixin.py:190} INFO - [2025-05-23T10:33:54.991-0600] {dagbag.py:588} INFO - Filling up the DagBag from /home/airflow/.local/lib/python3.12/site-packages/airflow/example_dags/example_xcomargs.py
[2025-05-23T10:33:55.015-0600] {processor.py:925} INFO - DAG(s) 'example_xcom_args_with_operators', 'example_xcom_args' retrieved from /home/airflow/.local/lib/python3.12/site-packages/airflow/example_dags/example_xcomargs.py
[2025-05-23T10:33:55.055-0600] {logging_mixin.py:190} INFO - [2025-05-23T10:33:55.055-0600] {dag.py:3239} INFO - Sync 2 DAGs
[2025-05-23T10:33:55.082-0600] {logging_mixin.py:190} INFO - [2025-05-23T10:33:55.082-0600] {dag.py:4180} INFO - Setting next_dagrun for example_xcom_args to None, run_after=None
[2025-05-23T10:33:55.088-0600] {logging_mixin.py:190} INFO - [2025-05-23T10:33:55.088-0600] {dag.py:4180} INFO - Setting next_dagrun for example_xcom_args_with_operators to None, run_after=None
[2025-05-23T10:33:55.115-0600] {processor.py:208} INFO - Processing /home/airflow/.local/lib/python3.12/site-packages/airflow/example_dags/example_xcomargs.py took 0.142 seconds
[2025-05-23T10:34:27.216-0600] {processor.py:186} INFO - Started process (PID=684) to work on /home/airflow/.local/lib/python3.12/site-packages/airflow/example_dags/example_xcomargs.py
[2025-05-23T10:34:27.219-0600] {processor.py:914} INFO - Processing file /home/airflow/.local/lib/python3.12/site-packages/airflow/example_dags/example_xcomargs.py for tasks to queue
[2025-05-23T10:34:27.225-0600] {logging_mixin.py:190} INFO - [2025-05-23T10:34:27.224-0600] {dagbag.py:588} INFO - Filling up the DagBag from /home/airflow/.local/lib/python3.12/site-packages/airflow/example_dags/example_xcomargs.py
[2025-05-23T10:34:27.255-0600] {processor.py:925} INFO - DAG(s) 'example_xcom_args', 'example_xcom_args_with_operators' retrieved from /home/airflow/.local/lib/python3.12/site-packages/airflow/example_dags/example_xcomargs.py
[2025-05-23T10:34:27.307-0600] {logging_mixin.py:190} INFO - [2025-05-23T10:34:27.307-0600] {dag.py:3239} INFO - Sync 2 DAGs
[2025-05-23T10:34:27.344-0600] {logging_mixin.py:190} INFO - [2025-05-23T10:34:27.343-0600] {dag.py:4180} INFO - Setting next_dagrun for example_xcom_args to None, run_after=None
[2025-05-23T10:34:27.350-0600] {logging_mixin.py:190} INFO - [2025-05-23T10:34:27.349-0600] {dag.py:4180} INFO - Setting next_dagrun for example_xcom_args_with_operators to None, run_after=None
[2025-05-23T10:34:27.374-0600] {processor.py:208} INFO - Processing /home/airflow/.local/lib/python3.12/site-packages/airflow/example_dags/example_xcomargs.py took 0.172 seconds
