[2025-05-23T10:29:45.334-0600] {processor.py:186} INFO - Started process (PID=108) to work on /home/airflow/.local/lib/python3.12/site-packages/airflow/example_dags/example_sla_dag.py
[2025-05-23T10:29:45.336-0600] {processor.py:914} INFO - Processing file /home/airflow/.local/lib/python3.12/site-packages/airflow/example_dags/example_sla_dag.py for tasks to queue
[2025-05-23T10:29:45.340-0600] {logging_mixin.py:190} INFO - [2025-05-23T10:29:45.339-0600] {dagbag.py:588} INFO - Filling up the DagBag from /home/airflow/.local/lib/python3.12/site-packages/airflow/example_dags/example_sla_dag.py
[2025-05-23T10:29:45.366-0600] {processor.py:925} INFO - DAG(s) 'example_sla_dag' retrieved from /home/airflow/.local/lib/python3.12/site-packages/airflow/example_dags/example_sla_dag.py
[2025-05-23T10:29:45.618-0600] {logging_mixin.py:190} INFO - [2025-05-23T10:29:45.617-0600] {override.py:1912} INFO - Created Permission View: can delete on DAG:example_sla_dag
[2025-05-23T10:29:45.632-0600] {logging_mixin.py:190} INFO - [2025-05-23T10:29:45.631-0600] {override.py:1912} INFO - Created Permission View: can edit on DAG:example_sla_dag
[2025-05-23T10:29:45.640-0600] {logging_mixin.py:190} INFO - [2025-05-23T10:29:45.639-0600] {override.py:1912} INFO - Created Permission View: can read on DAG:example_sla_dag
[2025-05-23T10:29:45.651-0600] {logging_mixin.py:190} INFO - [2025-05-23T10:29:45.651-0600] {override.py:1912} INFO - Created Permission View: can delete on DAG Run:example_sla_dag
[2025-05-23T10:29:45.664-0600] {logging_mixin.py:190} INFO - [2025-05-23T10:29:45.663-0600] {override.py:1912} INFO - Created Permission View: can create on DAG Run:example_sla_dag
[2025-05-23T10:29:45.674-0600] {logging_mixin.py:190} INFO - [2025-05-23T10:29:45.674-0600] {override.py:1912} INFO - Created Permission View: menu access on DAG Run:example_sla_dag
[2025-05-23T10:29:45.684-0600] {logging_mixin.py:190} INFO - [2025-05-23T10:29:45.684-0600] {override.py:1912} INFO - Created Permission View: can read on DAG Run:example_sla_dag
[2025-05-23T10:29:45.685-0600] {logging_mixin.py:190} INFO - [2025-05-23T10:29:45.684-0600] {dag.py:3239} INFO - Sync 1 DAGs
[2025-05-23T10:29:45.711-0600] {logging_mixin.py:190} INFO - [2025-05-23T10:29:45.711-0600] {dag.py:3262} INFO - Creating ORM DAG for example_sla_dag
[2025-05-23T10:29:45.736-0600] {logging_mixin.py:190} INFO - [2025-05-23T10:29:45.735-0600] {dag.py:4180} INFO - Setting next_dagrun for example_sla_dag to 2025-05-23 16:26:00+00:00, run_after=2025-05-23 16:28:00+00:00
[2025-05-23T10:29:45.763-0600] {processor.py:208} INFO - Processing /home/airflow/.local/lib/python3.12/site-packages/airflow/example_dags/example_sla_dag.py took 0.441 seconds
[2025-05-23T10:30:16.024-0600] {processor.py:186} INFO - Started process (PID=171) to work on /home/airflow/.local/lib/python3.12/site-packages/airflow/example_dags/example_sla_dag.py
[2025-05-23T10:30:16.026-0600] {processor.py:914} INFO - Processing file /home/airflow/.local/lib/python3.12/site-packages/airflow/example_dags/example_sla_dag.py for tasks to queue
[2025-05-23T10:30:16.031-0600] {logging_mixin.py:190} INFO - [2025-05-23T10:30:16.030-0600] {dagbag.py:588} INFO - Filling up the DagBag from /home/airflow/.local/lib/python3.12/site-packages/airflow/example_dags/example_sla_dag.py
[2025-05-23T10:30:16.053-0600] {processor.py:925} INFO - DAG(s) 'example_sla_dag' retrieved from /home/airflow/.local/lib/python3.12/site-packages/airflow/example_dags/example_sla_dag.py
[2025-05-23T10:30:16.090-0600] {logging_mixin.py:190} INFO - [2025-05-23T10:30:16.090-0600] {dag.py:3239} INFO - Sync 1 DAGs
[2025-05-23T10:30:16.143-0600] {logging_mixin.py:190} INFO - [2025-05-23T10:30:16.143-0600] {dag.py:4180} INFO - Setting next_dagrun for example_sla_dag to 2025-05-23 16:28:00+00:00, run_after=2025-05-23 16:30:00+00:00
[2025-05-23T10:30:16.172-0600] {processor.py:208} INFO - Processing /home/airflow/.local/lib/python3.12/site-packages/airflow/example_dags/example_sla_dag.py took 0.161 seconds
[2025-05-23T10:30:46.293-0600] {processor.py:186} INFO - Started process (PID=234) to work on /home/airflow/.local/lib/python3.12/site-packages/airflow/example_dags/example_sla_dag.py
[2025-05-23T10:30:46.295-0600] {processor.py:914} INFO - Processing file /home/airflow/.local/lib/python3.12/site-packages/airflow/example_dags/example_sla_dag.py for tasks to queue
[2025-05-23T10:30:46.299-0600] {logging_mixin.py:190} INFO - [2025-05-23T10:30:46.298-0600] {dagbag.py:588} INFO - Filling up the DagBag from /home/airflow/.local/lib/python3.12/site-packages/airflow/example_dags/example_sla_dag.py
[2025-05-23T10:30:46.324-0600] {processor.py:925} INFO - DAG(s) 'example_sla_dag' retrieved from /home/airflow/.local/lib/python3.12/site-packages/airflow/example_dags/example_sla_dag.py
[2025-05-23T10:30:46.364-0600] {logging_mixin.py:190} INFO - [2025-05-23T10:30:46.363-0600] {dag.py:3239} INFO - Sync 1 DAGs
[2025-05-23T10:30:46.457-0600] {logging_mixin.py:190} INFO - [2025-05-23T10:30:46.456-0600] {dag.py:4180} INFO - Setting next_dagrun for example_sla_dag to 2025-05-23 16:28:00+00:00, run_after=2025-05-23 16:30:00+00:00
[2025-05-23T10:30:46.518-0600] {processor.py:208} INFO - Processing /home/airflow/.local/lib/python3.12/site-packages/airflow/example_dags/example_sla_dag.py took 0.237 seconds
[2025-05-23T10:31:17.761-0600] {processor.py:186} INFO - Started process (PID=297) to work on /home/airflow/.local/lib/python3.12/site-packages/airflow/example_dags/example_sla_dag.py
[2025-05-23T10:31:17.763-0600] {processor.py:914} INFO - Processing file /home/airflow/.local/lib/python3.12/site-packages/airflow/example_dags/example_sla_dag.py for tasks to queue
[2025-05-23T10:31:17.766-0600] {logging_mixin.py:190} INFO - [2025-05-23T10:31:17.766-0600] {dagbag.py:588} INFO - Filling up the DagBag from /home/airflow/.local/lib/python3.12/site-packages/airflow/example_dags/example_sla_dag.py
[2025-05-23T10:31:17.787-0600] {processor.py:925} INFO - DAG(s) 'example_sla_dag' retrieved from /home/airflow/.local/lib/python3.12/site-packages/airflow/example_dags/example_sla_dag.py
[2025-05-23T10:31:17.822-0600] {logging_mixin.py:190} INFO - [2025-05-23T10:31:17.821-0600] {dag.py:3239} INFO - Sync 1 DAGs
[2025-05-23T10:31:17.875-0600] {logging_mixin.py:190} INFO - [2025-05-23T10:31:17.874-0600] {dag.py:4180} INFO - Setting next_dagrun for example_sla_dag to 2025-05-23 16:28:00+00:00, run_after=2025-05-23 16:30:00+00:00
[2025-05-23T10:31:17.902-0600] {processor.py:208} INFO - Processing /home/airflow/.local/lib/python3.12/site-packages/airflow/example_dags/example_sla_dag.py took 0.155 seconds
[2025-05-23T10:31:48.761-0600] {processor.py:186} INFO - Started process (PID=361) to work on /home/airflow/.local/lib/python3.12/site-packages/airflow/example_dags/example_sla_dag.py
[2025-05-23T10:31:48.762-0600] {processor.py:914} INFO - Processing file /home/airflow/.local/lib/python3.12/site-packages/airflow/example_dags/example_sla_dag.py for tasks to queue
[2025-05-23T10:31:48.767-0600] {logging_mixin.py:190} INFO - [2025-05-23T10:31:48.766-0600] {dagbag.py:588} INFO - Filling up the DagBag from /home/airflow/.local/lib/python3.12/site-packages/airflow/example_dags/example_sla_dag.py
[2025-05-23T10:31:48.788-0600] {processor.py:925} INFO - DAG(s) 'example_sla_dag' retrieved from /home/airflow/.local/lib/python3.12/site-packages/airflow/example_dags/example_sla_dag.py
[2025-05-23T10:31:48.838-0600] {logging_mixin.py:190} INFO - [2025-05-23T10:31:48.838-0600] {dag.py:3239} INFO - Sync 1 DAGs
[2025-05-23T10:31:48.890-0600] {logging_mixin.py:190} INFO - [2025-05-23T10:31:48.889-0600] {dag.py:4180} INFO - Setting next_dagrun for example_sla_dag to 2025-05-23 16:28:00+00:00, run_after=2025-05-23 16:30:00+00:00
[2025-05-23T10:31:48.918-0600] {processor.py:208} INFO - Processing /home/airflow/.local/lib/python3.12/site-packages/airflow/example_dags/example_sla_dag.py took 0.170 seconds
[2025-05-23T10:32:19.026-0600] {processor.py:186} INFO - Started process (PID=423) to work on /home/airflow/.local/lib/python3.12/site-packages/airflow/example_dags/example_sla_dag.py
[2025-05-23T10:32:19.027-0600] {processor.py:914} INFO - Processing file /home/airflow/.local/lib/python3.12/site-packages/airflow/example_dags/example_sla_dag.py for tasks to queue
[2025-05-23T10:32:19.031-0600] {logging_mixin.py:190} INFO - [2025-05-23T10:32:19.030-0600] {dagbag.py:588} INFO - Filling up the DagBag from /home/airflow/.local/lib/python3.12/site-packages/airflow/example_dags/example_sla_dag.py
[2025-05-23T10:32:19.053-0600] {processor.py:925} INFO - DAG(s) 'example_sla_dag' retrieved from /home/airflow/.local/lib/python3.12/site-packages/airflow/example_dags/example_sla_dag.py
[2025-05-23T10:32:19.091-0600] {logging_mixin.py:190} INFO - [2025-05-23T10:32:19.090-0600] {dag.py:3239} INFO - Sync 1 DAGs
[2025-05-23T10:32:19.139-0600] {logging_mixin.py:190} INFO - [2025-05-23T10:32:19.138-0600] {dag.py:4180} INFO - Setting next_dagrun for example_sla_dag to 2025-05-23 16:30:00+00:00, run_after=2025-05-23 16:32:00+00:00
[2025-05-23T10:32:19.168-0600] {processor.py:208} INFO - Processing /home/airflow/.local/lib/python3.12/site-packages/airflow/example_dags/example_sla_dag.py took 0.155 seconds
[2025-05-23T10:32:50.236-0600] {processor.py:186} INFO - Started process (PID=485) to work on /home/airflow/.local/lib/python3.12/site-packages/airflow/example_dags/example_sla_dag.py
[2025-05-23T10:32:50.239-0600] {processor.py:914} INFO - Processing file /home/airflow/.local/lib/python3.12/site-packages/airflow/example_dags/example_sla_dag.py for tasks to queue
[2025-05-23T10:32:50.246-0600] {logging_mixin.py:190} INFO - [2025-05-23T10:32:50.245-0600] {dagbag.py:588} INFO - Filling up the DagBag from /home/airflow/.local/lib/python3.12/site-packages/airflow/example_dags/example_sla_dag.py
[2025-05-23T10:32:50.273-0600] {processor.py:925} INFO - DAG(s) 'example_sla_dag' retrieved from /home/airflow/.local/lib/python3.12/site-packages/airflow/example_dags/example_sla_dag.py
[2025-05-23T10:32:50.311-0600] {logging_mixin.py:190} INFO - [2025-05-23T10:32:50.311-0600] {dag.py:3239} INFO - Sync 1 DAGs
[2025-05-23T10:32:50.364-0600] {logging_mixin.py:190} INFO - [2025-05-23T10:32:50.363-0600] {dag.py:4180} INFO - Setting next_dagrun for example_sla_dag to 2025-05-23 16:30:00+00:00, run_after=2025-05-23 16:32:00+00:00
[2025-05-23T10:32:50.392-0600] {processor.py:208} INFO - Processing /home/airflow/.local/lib/python3.12/site-packages/airflow/example_dags/example_sla_dag.py took 0.171 seconds
[2025-05-23T10:33:22.059-0600] {processor.py:186} INFO - Started process (PID=548) to work on /home/airflow/.local/lib/python3.12/site-packages/airflow/example_dags/example_sla_dag.py
[2025-05-23T10:33:22.060-0600] {processor.py:914} INFO - Processing file /home/airflow/.local/lib/python3.12/site-packages/airflow/example_dags/example_sla_dag.py for tasks to queue
[2025-05-23T10:33:22.064-0600] {logging_mixin.py:190} INFO - [2025-05-23T10:33:22.064-0600] {dagbag.py:588} INFO - Filling up the DagBag from /home/airflow/.local/lib/python3.12/site-packages/airflow/example_dags/example_sla_dag.py
[2025-05-23T10:33:22.086-0600] {processor.py:925} INFO - DAG(s) 'example_sla_dag' retrieved from /home/airflow/.local/lib/python3.12/site-packages/airflow/example_dags/example_sla_dag.py
[2025-05-23T10:33:22.124-0600] {logging_mixin.py:190} INFO - [2025-05-23T10:33:22.124-0600] {dag.py:3239} INFO - Sync 1 DAGs
[2025-05-23T10:33:22.190-0600] {logging_mixin.py:190} INFO - [2025-05-23T10:33:22.189-0600] {dag.py:4180} INFO - Setting next_dagrun for example_sla_dag to 2025-05-23 16:30:00+00:00, run_after=2025-05-23 16:32:00+00:00
[2025-05-23T10:33:22.229-0600] {processor.py:208} INFO - Processing /home/airflow/.local/lib/python3.12/site-packages/airflow/example_dags/example_sla_dag.py took 0.183 seconds
[2025-05-23T10:33:52.416-0600] {processor.py:186} INFO - Started process (PID=610) to work on /home/airflow/.local/lib/python3.12/site-packages/airflow/example_dags/example_sla_dag.py
[2025-05-23T10:33:52.418-0600] {processor.py:914} INFO - Processing file /home/airflow/.local/lib/python3.12/site-packages/airflow/example_dags/example_sla_dag.py for tasks to queue
[2025-05-23T10:33:52.422-0600] {logging_mixin.py:190} INFO - [2025-05-23T10:33:52.421-0600] {dagbag.py:588} INFO - Filling up the DagBag from /home/airflow/.local/lib/python3.12/site-packages/airflow/example_dags/example_sla_dag.py
[2025-05-23T10:33:52.443-0600] {processor.py:925} INFO - DAG(s) 'example_sla_dag' retrieved from /home/airflow/.local/lib/python3.12/site-packages/airflow/example_dags/example_sla_dag.py
[2025-05-23T10:33:52.475-0600] {logging_mixin.py:190} INFO - [2025-05-23T10:33:52.475-0600] {dag.py:3239} INFO - Sync 1 DAGs
[2025-05-23T10:33:52.520-0600] {logging_mixin.py:190} INFO - [2025-05-23T10:33:52.520-0600] {dag.py:4180} INFO - Setting next_dagrun for example_sla_dag to 2025-05-23 16:30:00+00:00, run_after=2025-05-23 16:32:00+00:00
[2025-05-23T10:33:52.547-0600] {processor.py:208} INFO - Processing /home/airflow/.local/lib/python3.12/site-packages/airflow/example_dags/example_sla_dag.py took 0.144 seconds
[2025-05-23T10:34:22.866-0600] {processor.py:186} INFO - Started process (PID=673) to work on /home/airflow/.local/lib/python3.12/site-packages/airflow/example_dags/example_sla_dag.py
[2025-05-23T10:34:22.872-0600] {processor.py:914} INFO - Processing file /home/airflow/.local/lib/python3.12/site-packages/airflow/example_dags/example_sla_dag.py for tasks to queue
[2025-05-23T10:34:22.881-0600] {logging_mixin.py:190} INFO - [2025-05-23T10:34:22.880-0600] {dagbag.py:588} INFO - Filling up the DagBag from /home/airflow/.local/lib/python3.12/site-packages/airflow/example_dags/example_sla_dag.py
[2025-05-23T10:34:22.920-0600] {processor.py:925} INFO - DAG(s) 'example_sla_dag' retrieved from /home/airflow/.local/lib/python3.12/site-packages/airflow/example_dags/example_sla_dag.py
[2025-05-23T10:34:22.961-0600] {logging_mixin.py:190} INFO - [2025-05-23T10:34:22.960-0600] {dag.py:3239} INFO - Sync 1 DAGs
[2025-05-23T10:34:23.014-0600] {logging_mixin.py:190} INFO - [2025-05-23T10:34:23.013-0600] {dag.py:4180} INFO - Setting next_dagrun for example_sla_dag to 2025-05-23 16:32:00+00:00, run_after=2025-05-23 16:34:00+00:00
[2025-05-23T10:34:23.045-0600] {processor.py:208} INFO - Processing /home/airflow/.local/lib/python3.12/site-packages/airflow/example_dags/example_sla_dag.py took 0.211 seconds
[2025-05-23T10:34:53.117-0600] {processor.py:186} INFO - Started process (PID=736) to work on /home/airflow/.local/lib/python3.12/site-packages/airflow/example_dags/example_sla_dag.py
[2025-05-23T10:34:53.119-0600] {processor.py:914} INFO - Processing file /home/airflow/.local/lib/python3.12/site-packages/airflow/example_dags/example_sla_dag.py for tasks to queue
[2025-05-23T10:34:53.126-0600] {logging_mixin.py:190} INFO - [2025-05-23T10:34:53.125-0600] {dagbag.py:588} INFO - Filling up the DagBag from /home/airflow/.local/lib/python3.12/site-packages/airflow/example_dags/example_sla_dag.py
[2025-05-23T10:34:53.153-0600] {processor.py:925} INFO - DAG(s) 'example_sla_dag' retrieved from /home/airflow/.local/lib/python3.12/site-packages/airflow/example_dags/example_sla_dag.py
[2025-05-23T10:34:53.192-0600] {logging_mixin.py:190} INFO - [2025-05-23T10:34:53.191-0600] {dag.py:3239} INFO - Sync 1 DAGs
[2025-05-23T10:34:53.243-0600] {logging_mixin.py:190} INFO - [2025-05-23T10:34:53.243-0600] {dag.py:4180} INFO - Setting next_dagrun for example_sla_dag to 2025-05-23 16:32:00+00:00, run_after=2025-05-23 16:34:00+00:00
[2025-05-23T10:34:53.274-0600] {processor.py:208} INFO - Processing /home/airflow/.local/lib/python3.12/site-packages/airflow/example_dags/example_sla_dag.py took 0.172 seconds
