[2025-05-23T10:29:46.234-0600] {processor.py:186} INFO - Started process (PID=111) to work on /home/airflow/.local/lib/python3.12/site-packages/airflow/example_dags/example_task_group_decorator.py
[2025-05-23T10:29:46.235-0600] {processor.py:914} INFO - Processing file /home/airflow/.local/lib/python3.12/site-packages/airflow/example_dags/example_task_group_decorator.py for tasks to queue
[2025-05-23T10:29:46.243-0600] {logging_mixin.py:190} INFO - [2025-05-23T10:29:46.242-0600] {dagbag.py:588} INFO - Filling up the DagBag from /home/airflow/.local/lib/python3.12/site-packages/airflow/example_dags/example_task_group_decorator.py
[2025-05-23T10:29:46.291-0600] {processor.py:925} INFO - DAG(s) 'example_task_group_decorator' retrieved from /home/airflow/.local/lib/python3.12/site-packages/airflow/example_dags/example_task_group_decorator.py
[2025-05-23T10:29:46.528-0600] {logging_mixin.py:190} INFO - [2025-05-23T10:29:46.527-0600] {override.py:1912} INFO - Created Permission View: can delete on DAG:example_task_group_decorator
[2025-05-23T10:29:46.544-0600] {logging_mixin.py:190} INFO - [2025-05-23T10:29:46.543-0600] {override.py:1912} INFO - Created Permission View: can edit on DAG:example_task_group_decorator
[2025-05-23T10:29:46.557-0600] {logging_mixin.py:190} INFO - [2025-05-23T10:29:46.557-0600] {override.py:1912} INFO - Created Permission View: can read on DAG:example_task_group_decorator
[2025-05-23T10:29:46.570-0600] {logging_mixin.py:190} INFO - [2025-05-23T10:29:46.569-0600] {override.py:1912} INFO - Created Permission View: can delete on DAG Run:example_task_group_decorator
[2025-05-23T10:29:46.578-0600] {logging_mixin.py:190} INFO - [2025-05-23T10:29:46.578-0600] {override.py:1912} INFO - Created Permission View: can create on DAG Run:example_task_group_decorator
[2025-05-23T10:29:46.589-0600] {logging_mixin.py:190} INFO - [2025-05-23T10:29:46.588-0600] {override.py:1912} INFO - Created Permission View: menu access on DAG Run:example_task_group_decorator
[2025-05-23T10:29:46.598-0600] {logging_mixin.py:190} INFO - [2025-05-23T10:29:46.597-0600] {override.py:1912} INFO - Created Permission View: can read on DAG Run:example_task_group_decorator
[2025-05-23T10:29:46.599-0600] {logging_mixin.py:190} INFO - [2025-05-23T10:29:46.598-0600] {dag.py:3239} INFO - Sync 1 DAGs
[2025-05-23T10:29:46.624-0600] {logging_mixin.py:190} INFO - [2025-05-23T10:29:46.624-0600] {dag.py:3262} INFO - Creating ORM DAG for example_task_group_decorator
[2025-05-23T10:29:46.626-0600] {logging_mixin.py:190} INFO - [2025-05-23T10:29:46.625-0600] {dag.py:4180} INFO - Setting next_dagrun for example_task_group_decorator to None, run_after=None
[2025-05-23T10:29:46.653-0600] {processor.py:208} INFO - Processing /home/airflow/.local/lib/python3.12/site-packages/airflow/example_dags/example_task_group_decorator.py took 0.462 seconds
[2025-05-23T10:30:17.521-0600] {processor.py:186} INFO - Started process (PID=174) to work on /home/airflow/.local/lib/python3.12/site-packages/airflow/example_dags/example_task_group_decorator.py
[2025-05-23T10:30:17.523-0600] {processor.py:914} INFO - Processing file /home/airflow/.local/lib/python3.12/site-packages/airflow/example_dags/example_task_group_decorator.py for tasks to queue
[2025-05-23T10:30:17.528-0600] {logging_mixin.py:190} INFO - [2025-05-23T10:30:17.527-0600] {dagbag.py:588} INFO - Filling up the DagBag from /home/airflow/.local/lib/python3.12/site-packages/airflow/example_dags/example_task_group_decorator.py
[2025-05-23T10:30:17.563-0600] {processor.py:925} INFO - DAG(s) 'example_task_group_decorator' retrieved from /home/airflow/.local/lib/python3.12/site-packages/airflow/example_dags/example_task_group_decorator.py
[2025-05-23T10:30:17.611-0600] {logging_mixin.py:190} INFO - [2025-05-23T10:30:17.611-0600] {dag.py:3239} INFO - Sync 1 DAGs
[2025-05-23T10:30:17.639-0600] {logging_mixin.py:190} INFO - [2025-05-23T10:30:17.639-0600] {dag.py:4180} INFO - Setting next_dagrun for example_task_group_decorator to None, run_after=None
[2025-05-23T10:30:17.671-0600] {processor.py:208} INFO - Processing /home/airflow/.local/lib/python3.12/site-packages/airflow/example_dags/example_task_group_decorator.py took 0.163 seconds
[2025-05-23T10:30:47.882-0600] {processor.py:186} INFO - Started process (PID=237) to work on /home/airflow/.local/lib/python3.12/site-packages/airflow/example_dags/example_task_group_decorator.py
[2025-05-23T10:30:47.884-0600] {processor.py:914} INFO - Processing file /home/airflow/.local/lib/python3.12/site-packages/airflow/example_dags/example_task_group_decorator.py for tasks to queue
[2025-05-23T10:30:47.890-0600] {logging_mixin.py:190} INFO - [2025-05-23T10:30:47.889-0600] {dagbag.py:588} INFO - Filling up the DagBag from /home/airflow/.local/lib/python3.12/site-packages/airflow/example_dags/example_task_group_decorator.py
[2025-05-23T10:30:47.935-0600] {processor.py:925} INFO - DAG(s) 'example_task_group_decorator' retrieved from /home/airflow/.local/lib/python3.12/site-packages/airflow/example_dags/example_task_group_decorator.py
[2025-05-23T10:30:48.024-0600] {logging_mixin.py:190} INFO - [2025-05-23T10:30:48.023-0600] {dag.py:3239} INFO - Sync 1 DAGs
[2025-05-23T10:30:48.065-0600] {logging_mixin.py:190} INFO - [2025-05-23T10:30:48.065-0600] {dag.py:4180} INFO - Setting next_dagrun for example_task_group_decorator to None, run_after=None
[2025-05-23T10:30:48.117-0600] {processor.py:208} INFO - Processing /home/airflow/.local/lib/python3.12/site-packages/airflow/example_dags/example_task_group_decorator.py took 0.250 seconds
[2025-05-23T10:31:18.384-0600] {processor.py:186} INFO - Started process (PID=301) to work on /home/airflow/.local/lib/python3.12/site-packages/airflow/example_dags/example_task_group_decorator.py
[2025-05-23T10:31:18.386-0600] {processor.py:914} INFO - Processing file /home/airflow/.local/lib/python3.12/site-packages/airflow/example_dags/example_task_group_decorator.py for tasks to queue
[2025-05-23T10:31:18.393-0600] {logging_mixin.py:190} INFO - [2025-05-23T10:31:18.392-0600] {dagbag.py:588} INFO - Filling up the DagBag from /home/airflow/.local/lib/python3.12/site-packages/airflow/example_dags/example_task_group_decorator.py
[2025-05-23T10:31:18.435-0600] {processor.py:925} INFO - DAG(s) 'example_task_group_decorator' retrieved from /home/airflow/.local/lib/python3.12/site-packages/airflow/example_dags/example_task_group_decorator.py
[2025-05-23T10:31:18.500-0600] {logging_mixin.py:190} INFO - [2025-05-23T10:31:18.500-0600] {dag.py:3239} INFO - Sync 1 DAGs
[2025-05-23T10:31:18.544-0600] {logging_mixin.py:190} INFO - [2025-05-23T10:31:18.543-0600] {dag.py:4180} INFO - Setting next_dagrun for example_task_group_decorator to None, run_after=None
[2025-05-23T10:31:18.585-0600] {processor.py:208} INFO - Processing /home/airflow/.local/lib/python3.12/site-packages/airflow/example_dags/example_task_group_decorator.py took 0.216 seconds
[2025-05-23T10:31:49.259-0600] {processor.py:186} INFO - Started process (PID=364) to work on /home/airflow/.local/lib/python3.12/site-packages/airflow/example_dags/example_task_group_decorator.py
[2025-05-23T10:31:49.261-0600] {processor.py:914} INFO - Processing file /home/airflow/.local/lib/python3.12/site-packages/airflow/example_dags/example_task_group_decorator.py for tasks to queue
[2025-05-23T10:31:49.267-0600] {logging_mixin.py:190} INFO - [2025-05-23T10:31:49.266-0600] {dagbag.py:588} INFO - Filling up the DagBag from /home/airflow/.local/lib/python3.12/site-packages/airflow/example_dags/example_task_group_decorator.py
[2025-05-23T10:31:49.302-0600] {processor.py:925} INFO - DAG(s) 'example_task_group_decorator' retrieved from /home/airflow/.local/lib/python3.12/site-packages/airflow/example_dags/example_task_group_decorator.py
[2025-05-23T10:31:49.350-0600] {logging_mixin.py:190} INFO - [2025-05-23T10:31:49.349-0600] {dag.py:3239} INFO - Sync 1 DAGs
[2025-05-23T10:31:49.376-0600] {logging_mixin.py:190} INFO - [2025-05-23T10:31:49.376-0600] {dag.py:4180} INFO - Setting next_dagrun for example_task_group_decorator to None, run_after=None
[2025-05-23T10:31:49.411-0600] {processor.py:208} INFO - Processing /home/airflow/.local/lib/python3.12/site-packages/airflow/example_dags/example_task_group_decorator.py took 0.163 seconds
[2025-05-23T10:32:19.744-0600] {processor.py:186} INFO - Started process (PID=427) to work on /home/airflow/.local/lib/python3.12/site-packages/airflow/example_dags/example_task_group_decorator.py
[2025-05-23T10:32:19.746-0600] {processor.py:914} INFO - Processing file /home/airflow/.local/lib/python3.12/site-packages/airflow/example_dags/example_task_group_decorator.py for tasks to queue
[2025-05-23T10:32:19.750-0600] {logging_mixin.py:190} INFO - [2025-05-23T10:32:19.749-0600] {dagbag.py:588} INFO - Filling up the DagBag from /home/airflow/.local/lib/python3.12/site-packages/airflow/example_dags/example_task_group_decorator.py
[2025-05-23T10:32:19.795-0600] {processor.py:925} INFO - DAG(s) 'example_task_group_decorator' retrieved from /home/airflow/.local/lib/python3.12/site-packages/airflow/example_dags/example_task_group_decorator.py
[2025-05-23T10:32:19.857-0600] {logging_mixin.py:190} INFO - [2025-05-23T10:32:19.857-0600] {dag.py:3239} INFO - Sync 1 DAGs
[2025-05-23T10:32:19.895-0600] {logging_mixin.py:190} INFO - [2025-05-23T10:32:19.895-0600] {dag.py:4180} INFO - Setting next_dagrun for example_task_group_decorator to None, run_after=None
[2025-05-23T10:32:19.931-0600] {processor.py:208} INFO - Processing /home/airflow/.local/lib/python3.12/site-packages/airflow/example_dags/example_task_group_decorator.py took 0.199 seconds
[2025-05-23T10:32:50.766-0600] {processor.py:186} INFO - Started process (PID=488) to work on /home/airflow/.local/lib/python3.12/site-packages/airflow/example_dags/example_task_group_decorator.py
[2025-05-23T10:32:50.768-0600] {processor.py:914} INFO - Processing file /home/airflow/.local/lib/python3.12/site-packages/airflow/example_dags/example_task_group_decorator.py for tasks to queue
[2025-05-23T10:32:50.773-0600] {logging_mixin.py:190} INFO - [2025-05-23T10:32:50.772-0600] {dagbag.py:588} INFO - Filling up the DagBag from /home/airflow/.local/lib/python3.12/site-packages/airflow/example_dags/example_task_group_decorator.py
[2025-05-23T10:32:50.803-0600] {processor.py:925} INFO - DAG(s) 'example_task_group_decorator' retrieved from /home/airflow/.local/lib/python3.12/site-packages/airflow/example_dags/example_task_group_decorator.py
[2025-05-23T10:32:50.856-0600] {logging_mixin.py:190} INFO - [2025-05-23T10:32:50.855-0600] {dag.py:3239} INFO - Sync 1 DAGs
[2025-05-23T10:32:50.883-0600] {logging_mixin.py:190} INFO - [2025-05-23T10:32:50.883-0600] {dag.py:4180} INFO - Setting next_dagrun for example_task_group_decorator to None, run_after=None
[2025-05-23T10:32:50.913-0600] {processor.py:208} INFO - Processing /home/airflow/.local/lib/python3.12/site-packages/airflow/example_dags/example_task_group_decorator.py took 0.157 seconds
[2025-05-23T10:33:22.667-0600] {processor.py:186} INFO - Started process (PID=551) to work on /home/airflow/.local/lib/python3.12/site-packages/airflow/example_dags/example_task_group_decorator.py
[2025-05-23T10:33:22.668-0600] {processor.py:914} INFO - Processing file /home/airflow/.local/lib/python3.12/site-packages/airflow/example_dags/example_task_group_decorator.py for tasks to queue
[2025-05-23T10:33:22.672-0600] {logging_mixin.py:190} INFO - [2025-05-23T10:33:22.671-0600] {dagbag.py:588} INFO - Filling up the DagBag from /home/airflow/.local/lib/python3.12/site-packages/airflow/example_dags/example_task_group_decorator.py
[2025-05-23T10:33:22.705-0600] {processor.py:925} INFO - DAG(s) 'example_task_group_decorator' retrieved from /home/airflow/.local/lib/python3.12/site-packages/airflow/example_dags/example_task_group_decorator.py
[2025-05-23T10:33:22.773-0600] {logging_mixin.py:190} INFO - [2025-05-23T10:33:22.773-0600] {dag.py:3239} INFO - Sync 1 DAGs
[2025-05-23T10:33:22.801-0600] {logging_mixin.py:190} INFO - [2025-05-23T10:33:22.801-0600] {dag.py:4180} INFO - Setting next_dagrun for example_task_group_decorator to None, run_after=None
[2025-05-23T10:33:22.832-0600] {processor.py:208} INFO - Processing /home/airflow/.local/lib/python3.12/site-packages/airflow/example_dags/example_task_group_decorator.py took 0.175 seconds
[2025-05-23T10:33:54.146-0600] {processor.py:186} INFO - Started process (PID=614) to work on /home/airflow/.local/lib/python3.12/site-packages/airflow/example_dags/example_task_group_decorator.py
[2025-05-23T10:33:54.147-0600] {processor.py:914} INFO - Processing file /home/airflow/.local/lib/python3.12/site-packages/airflow/example_dags/example_task_group_decorator.py for tasks to queue
[2025-05-23T10:33:54.152-0600] {logging_mixin.py:190} INFO - [2025-05-23T10:33:54.151-0600] {dagbag.py:588} INFO - Filling up the DagBag from /home/airflow/.local/lib/python3.12/site-packages/airflow/example_dags/example_task_group_decorator.py
[2025-05-23T10:33:54.185-0600] {processor.py:925} INFO - DAG(s) 'example_task_group_decorator' retrieved from /home/airflow/.local/lib/python3.12/site-packages/airflow/example_dags/example_task_group_decorator.py
[2025-05-23T10:33:54.236-0600] {logging_mixin.py:190} INFO - [2025-05-23T10:33:54.235-0600] {dag.py:3239} INFO - Sync 1 DAGs
[2025-05-23T10:33:54.261-0600] {logging_mixin.py:190} INFO - [2025-05-23T10:33:54.260-0600] {dag.py:4180} INFO - Setting next_dagrun for example_task_group_decorator to None, run_after=None
[2025-05-23T10:33:54.312-0600] {processor.py:208} INFO - Processing /home/airflow/.local/lib/python3.12/site-packages/airflow/example_dags/example_task_group_decorator.py took 0.178 seconds
[2025-05-23T10:34:25.895-0600] {processor.py:186} INFO - Started process (PID=678) to work on /home/airflow/.local/lib/python3.12/site-packages/airflow/example_dags/example_task_group_decorator.py
[2025-05-23T10:34:25.897-0600] {processor.py:914} INFO - Processing file /home/airflow/.local/lib/python3.12/site-packages/airflow/example_dags/example_task_group_decorator.py for tasks to queue
[2025-05-23T10:34:25.902-0600] {logging_mixin.py:190} INFO - [2025-05-23T10:34:25.901-0600] {dagbag.py:588} INFO - Filling up the DagBag from /home/airflow/.local/lib/python3.12/site-packages/airflow/example_dags/example_task_group_decorator.py
[2025-05-23T10:34:25.943-0600] {processor.py:925} INFO - DAG(s) 'example_task_group_decorator' retrieved from /home/airflow/.local/lib/python3.12/site-packages/airflow/example_dags/example_task_group_decorator.py
[2025-05-23T10:34:26.016-0600] {logging_mixin.py:190} INFO - [2025-05-23T10:34:26.015-0600] {dag.py:3239} INFO - Sync 1 DAGs
[2025-05-23T10:34:26.119-0600] {logging_mixin.py:190} INFO - [2025-05-23T10:34:26.116-0600] {dag.py:4180} INFO - Setting next_dagrun for example_task_group_decorator to None, run_after=None
[2025-05-23T10:34:26.208-0600] {processor.py:208} INFO - Processing /home/airflow/.local/lib/python3.12/site-packages/airflow/example_dags/example_task_group_decorator.py took 0.331 seconds
[2025-05-23T10:34:56.588-0600] {processor.py:186} INFO - Started process (PID=740) to work on /home/airflow/.local/lib/python3.12/site-packages/airflow/example_dags/example_task_group_decorator.py
[2025-05-23T10:34:56.590-0600] {processor.py:914} INFO - Processing file /home/airflow/.local/lib/python3.12/site-packages/airflow/example_dags/example_task_group_decorator.py for tasks to queue
[2025-05-23T10:34:56.594-0600] {logging_mixin.py:190} INFO - [2025-05-23T10:34:56.594-0600] {dagbag.py:588} INFO - Filling up the DagBag from /home/airflow/.local/lib/python3.12/site-packages/airflow/example_dags/example_task_group_decorator.py
[2025-05-23T10:34:56.629-0600] {processor.py:925} INFO - DAG(s) 'example_task_group_decorator' retrieved from /home/airflow/.local/lib/python3.12/site-packages/airflow/example_dags/example_task_group_decorator.py
[2025-05-23T10:34:56.685-0600] {logging_mixin.py:190} INFO - [2025-05-23T10:34:56.684-0600] {dag.py:3239} INFO - Sync 1 DAGs
[2025-05-23T10:34:56.725-0600] {logging_mixin.py:190} INFO - [2025-05-23T10:34:56.725-0600] {dag.py:4180} INFO - Setting next_dagrun for example_task_group_decorator to None, run_after=None
[2025-05-23T10:34:56.761-0600] {processor.py:208} INFO - Processing /home/airflow/.local/lib/python3.12/site-packages/airflow/example_dags/example_task_group_decorator.py took 0.190 seconds
