[2025-05-23T10:29:23.660-0600] {processor.py:186} INFO - Started process (PID=72) to work on /home/airflow/.local/lib/python3.12/site-packages/airflow/example_dags/example_branch_operator_decorator.py
[2025-05-23T10:29:23.663-0600] {processor.py:914} INFO - Processing file /home/airflow/.local/lib/python3.12/site-packages/airflow/example_dags/example_branch_operator_decorator.py for tasks to queue
[2025-05-23T10:29:23.668-0600] {logging_mixin.py:190} INFO - [2025-05-23T10:29:23.667-0600] {dagbag.py:588} INFO - Filling up the DagBag from /home/airflow/.local/lib/python3.12/site-packages/airflow/example_dags/example_branch_operator_decorator.py
[2025-05-23T10:29:23.719-0600] {processor.py:925} INFO - DAG(s) 'example_branch_python_operator_decorator' retrieved from /home/airflow/.local/lib/python3.12/site-packages/airflow/example_dags/example_branch_operator_decorator.py
[2025-05-23T10:29:23.995-0600] {logging_mixin.py:190} INFO - [2025-05-23T10:29:23.994-0600] {override.py:1912} INFO - Created Permission View: can delete on DAG:example_branch_python_operator_decorator
[2025-05-23T10:29:24.021-0600] {logging_mixin.py:190} INFO - [2025-05-23T10:29:24.020-0600] {override.py:1912} INFO - Created Permission View: can edit on DAG:example_branch_python_operator_decorator
[2025-05-23T10:29:24.037-0600] {logging_mixin.py:190} INFO - [2025-05-23T10:29:24.037-0600] {override.py:1912} INFO - Created Permission View: can read on DAG:example_branch_python_operator_decorator
[2025-05-23T10:29:24.046-0600] {logging_mixin.py:190} INFO - [2025-05-23T10:29:24.045-0600] {override.py:1912} INFO - Created Permission View: can delete on DAG Run:example_branch_python_operator_decorator
[2025-05-23T10:29:24.058-0600] {logging_mixin.py:190} INFO - [2025-05-23T10:29:24.057-0600] {override.py:1912} INFO - Created Permission View: can create on DAG Run:example_branch_python_operator_decorator
[2025-05-23T10:29:24.070-0600] {logging_mixin.py:190} INFO - [2025-05-23T10:29:24.070-0600] {override.py:1912} INFO - Created Permission View: menu access on DAG Run:example_branch_python_operator_decorator
[2025-05-23T10:29:24.080-0600] {logging_mixin.py:190} INFO - [2025-05-23T10:29:24.080-0600] {override.py:1912} INFO - Created Permission View: can read on DAG Run:example_branch_python_operator_decorator
[2025-05-23T10:29:24.081-0600] {logging_mixin.py:190} INFO - [2025-05-23T10:29:24.081-0600] {dag.py:3239} INFO - Sync 1 DAGs
[2025-05-23T10:29:24.125-0600] {logging_mixin.py:190} INFO - [2025-05-23T10:29:24.125-0600] {dag.py:3262} INFO - Creating ORM DAG for example_branch_python_operator_decorator
[2025-05-23T10:29:24.161-0600] {logging_mixin.py:190} INFO - [2025-05-23T10:29:24.161-0600] {dag.py:4180} INFO - Setting next_dagrun for example_branch_python_operator_decorator to 2025-05-22 00:00:00+00:00, run_after=2025-05-23 00:00:00+00:00
[2025-05-23T10:29:24.256-0600] {processor.py:208} INFO - Processing /home/airflow/.local/lib/python3.12/site-packages/airflow/example_dags/example_branch_operator_decorator.py took 0.607 seconds
[2025-05-23T10:29:55.148-0600] {processor.py:186} INFO - Started process (PID=135) to work on /home/airflow/.local/lib/python3.12/site-packages/airflow/example_dags/example_branch_operator_decorator.py
[2025-05-23T10:29:55.150-0600] {processor.py:914} INFO - Processing file /home/airflow/.local/lib/python3.12/site-packages/airflow/example_dags/example_branch_operator_decorator.py for tasks to queue
[2025-05-23T10:29:55.154-0600] {logging_mixin.py:190} INFO - [2025-05-23T10:29:55.153-0600] {dagbag.py:588} INFO - Filling up the DagBag from /home/airflow/.local/lib/python3.12/site-packages/airflow/example_dags/example_branch_operator_decorator.py
[2025-05-23T10:29:55.192-0600] {processor.py:925} INFO - DAG(s) 'example_branch_python_operator_decorator' retrieved from /home/airflow/.local/lib/python3.12/site-packages/airflow/example_dags/example_branch_operator_decorator.py
[2025-05-23T10:29:55.245-0600] {logging_mixin.py:190} INFO - [2025-05-23T10:29:55.244-0600] {dag.py:3239} INFO - Sync 1 DAGs
[2025-05-23T10:29:55.290-0600] {logging_mixin.py:190} INFO - [2025-05-23T10:29:55.290-0600] {dag.py:4180} INFO - Setting next_dagrun for example_branch_python_operator_decorator to 2025-05-22 00:00:00+00:00, run_after=2025-05-23 00:00:00+00:00
[2025-05-23T10:29:55.328-0600] {processor.py:208} INFO - Processing /home/airflow/.local/lib/python3.12/site-packages/airflow/example_dags/example_branch_operator_decorator.py took 0.190 seconds
[2025-05-23T10:30:25.729-0600] {processor.py:186} INFO - Started process (PID=198) to work on /home/airflow/.local/lib/python3.12/site-packages/airflow/example_dags/example_branch_operator_decorator.py
[2025-05-23T10:30:25.731-0600] {processor.py:914} INFO - Processing file /home/airflow/.local/lib/python3.12/site-packages/airflow/example_dags/example_branch_operator_decorator.py for tasks to queue
[2025-05-23T10:30:25.734-0600] {logging_mixin.py:190} INFO - [2025-05-23T10:30:25.734-0600] {dagbag.py:588} INFO - Filling up the DagBag from /home/airflow/.local/lib/python3.12/site-packages/airflow/example_dags/example_branch_operator_decorator.py
[2025-05-23T10:30:25.777-0600] {processor.py:925} INFO - DAG(s) 'example_branch_python_operator_decorator' retrieved from /home/airflow/.local/lib/python3.12/site-packages/airflow/example_dags/example_branch_operator_decorator.py
[2025-05-23T10:30:25.831-0600] {logging_mixin.py:190} INFO - [2025-05-23T10:30:25.831-0600] {dag.py:3239} INFO - Sync 1 DAGs
[2025-05-23T10:30:25.878-0600] {logging_mixin.py:190} INFO - [2025-05-23T10:30:25.878-0600] {dag.py:4180} INFO - Setting next_dagrun for example_branch_python_operator_decorator to 2025-05-22 00:00:00+00:00, run_after=2025-05-23 00:00:00+00:00
[2025-05-23T10:30:25.914-0600] {processor.py:208} INFO - Processing /home/airflow/.local/lib/python3.12/site-packages/airflow/example_dags/example_branch_operator_decorator.py took 0.200 seconds
[2025-05-23T10:30:56.079-0600] {processor.py:186} INFO - Started process (PID=261) to work on /home/airflow/.local/lib/python3.12/site-packages/airflow/example_dags/example_branch_operator_decorator.py
[2025-05-23T10:30:56.081-0600] {processor.py:914} INFO - Processing file /home/airflow/.local/lib/python3.12/site-packages/airflow/example_dags/example_branch_operator_decorator.py for tasks to queue
[2025-05-23T10:30:56.085-0600] {logging_mixin.py:190} INFO - [2025-05-23T10:30:56.084-0600] {dagbag.py:588} INFO - Filling up the DagBag from /home/airflow/.local/lib/python3.12/site-packages/airflow/example_dags/example_branch_operator_decorator.py
[2025-05-23T10:30:56.121-0600] {processor.py:925} INFO - DAG(s) 'example_branch_python_operator_decorator' retrieved from /home/airflow/.local/lib/python3.12/site-packages/airflow/example_dags/example_branch_operator_decorator.py
[2025-05-23T10:30:56.169-0600] {logging_mixin.py:190} INFO - [2025-05-23T10:30:56.168-0600] {dag.py:3239} INFO - Sync 1 DAGs
[2025-05-23T10:30:56.212-0600] {logging_mixin.py:190} INFO - [2025-05-23T10:30:56.211-0600] {dag.py:4180} INFO - Setting next_dagrun for example_branch_python_operator_decorator to 2025-05-22 00:00:00+00:00, run_after=2025-05-23 00:00:00+00:00
[2025-05-23T10:30:56.240-0600] {processor.py:208} INFO - Processing /home/airflow/.local/lib/python3.12/site-packages/airflow/example_dags/example_branch_operator_decorator.py took 0.171 seconds
[2025-05-23T10:31:26.479-0600] {processor.py:186} INFO - Started process (PID=324) to work on /home/airflow/.local/lib/python3.12/site-packages/airflow/example_dags/example_branch_operator_decorator.py
[2025-05-23T10:31:26.481-0600] {processor.py:914} INFO - Processing file /home/airflow/.local/lib/python3.12/site-packages/airflow/example_dags/example_branch_operator_decorator.py for tasks to queue
[2025-05-23T10:31:26.486-0600] {logging_mixin.py:190} INFO - [2025-05-23T10:31:26.485-0600] {dagbag.py:588} INFO - Filling up the DagBag from /home/airflow/.local/lib/python3.12/site-packages/airflow/example_dags/example_branch_operator_decorator.py
[2025-05-23T10:31:26.531-0600] {processor.py:925} INFO - DAG(s) 'example_branch_python_operator_decorator' retrieved from /home/airflow/.local/lib/python3.12/site-packages/airflow/example_dags/example_branch_operator_decorator.py
[2025-05-23T10:31:26.593-0600] {logging_mixin.py:190} INFO - [2025-05-23T10:31:26.593-0600] {dag.py:3239} INFO - Sync 1 DAGs
[2025-05-23T10:31:26.652-0600] {logging_mixin.py:190} INFO - [2025-05-23T10:31:26.651-0600] {dag.py:4180} INFO - Setting next_dagrun for example_branch_python_operator_decorator to 2025-05-22 00:00:00+00:00, run_after=2025-05-23 00:00:00+00:00
[2025-05-23T10:31:26.688-0600] {processor.py:208} INFO - Processing /home/airflow/.local/lib/python3.12/site-packages/airflow/example_dags/example_branch_operator_decorator.py took 0.230 seconds
[2025-05-23T10:31:57.653-0600] {processor.py:186} INFO - Started process (PID=388) to work on /home/airflow/.local/lib/python3.12/site-packages/airflow/example_dags/example_branch_operator_decorator.py
[2025-05-23T10:31:57.654-0600] {processor.py:914} INFO - Processing file /home/airflow/.local/lib/python3.12/site-packages/airflow/example_dags/example_branch_operator_decorator.py for tasks to queue
[2025-05-23T10:31:57.658-0600] {logging_mixin.py:190} INFO - [2025-05-23T10:31:57.658-0600] {dagbag.py:588} INFO - Filling up the DagBag from /home/airflow/.local/lib/python3.12/site-packages/airflow/example_dags/example_branch_operator_decorator.py
[2025-05-23T10:31:57.701-0600] {processor.py:925} INFO - DAG(s) 'example_branch_python_operator_decorator' retrieved from /home/airflow/.local/lib/python3.12/site-packages/airflow/example_dags/example_branch_operator_decorator.py
[2025-05-23T10:31:57.759-0600] {logging_mixin.py:190} INFO - [2025-05-23T10:31:57.758-0600] {dag.py:3239} INFO - Sync 1 DAGs
[2025-05-23T10:31:57.803-0600] {logging_mixin.py:190} INFO - [2025-05-23T10:31:57.803-0600] {dag.py:4180} INFO - Setting next_dagrun for example_branch_python_operator_decorator to 2025-05-22 00:00:00+00:00, run_after=2025-05-23 00:00:00+00:00
[2025-05-23T10:31:57.847-0600] {processor.py:208} INFO - Processing /home/airflow/.local/lib/python3.12/site-packages/airflow/example_dags/example_branch_operator_decorator.py took 0.210 seconds
[2025-05-23T10:32:28.622-0600] {processor.py:186} INFO - Started process (PID=451) to work on /home/airflow/.local/lib/python3.12/site-packages/airflow/example_dags/example_branch_operator_decorator.py
[2025-05-23T10:32:28.624-0600] {processor.py:914} INFO - Processing file /home/airflow/.local/lib/python3.12/site-packages/airflow/example_dags/example_branch_operator_decorator.py for tasks to queue
[2025-05-23T10:32:28.628-0600] {logging_mixin.py:190} INFO - [2025-05-23T10:32:28.627-0600] {dagbag.py:588} INFO - Filling up the DagBag from /home/airflow/.local/lib/python3.12/site-packages/airflow/example_dags/example_branch_operator_decorator.py
[2025-05-23T10:32:28.674-0600] {processor.py:925} INFO - DAG(s) 'example_branch_python_operator_decorator' retrieved from /home/airflow/.local/lib/python3.12/site-packages/airflow/example_dags/example_branch_operator_decorator.py
[2025-05-23T10:32:28.723-0600] {logging_mixin.py:190} INFO - [2025-05-23T10:32:28.723-0600] {dag.py:3239} INFO - Sync 1 DAGs
[2025-05-23T10:32:28.765-0600] {logging_mixin.py:190} INFO - [2025-05-23T10:32:28.764-0600] {dag.py:4180} INFO - Setting next_dagrun for example_branch_python_operator_decorator to 2025-05-22 00:00:00+00:00, run_after=2025-05-23 00:00:00+00:00
[2025-05-23T10:32:28.792-0600] {processor.py:208} INFO - Processing /home/airflow/.local/lib/python3.12/site-packages/airflow/example_dags/example_branch_operator_decorator.py took 0.182 seconds
[2025-05-23T10:32:59.045-0600] {processor.py:186} INFO - Started process (PID=513) to work on /home/airflow/.local/lib/python3.12/site-packages/airflow/example_dags/example_branch_operator_decorator.py
[2025-05-23T10:32:59.047-0600] {processor.py:914} INFO - Processing file /home/airflow/.local/lib/python3.12/site-packages/airflow/example_dags/example_branch_operator_decorator.py for tasks to queue
[2025-05-23T10:32:59.052-0600] {logging_mixin.py:190} INFO - [2025-05-23T10:32:59.051-0600] {dagbag.py:588} INFO - Filling up the DagBag from /home/airflow/.local/lib/python3.12/site-packages/airflow/example_dags/example_branch_operator_decorator.py
[2025-05-23T10:32:59.115-0600] {processor.py:925} INFO - DAG(s) 'example_branch_python_operator_decorator' retrieved from /home/airflow/.local/lib/python3.12/site-packages/airflow/example_dags/example_branch_operator_decorator.py
[2025-05-23T10:32:59.163-0600] {logging_mixin.py:190} INFO - [2025-05-23T10:32:59.163-0600] {dag.py:3239} INFO - Sync 1 DAGs
[2025-05-23T10:32:59.202-0600] {logging_mixin.py:190} INFO - [2025-05-23T10:32:59.201-0600] {dag.py:4180} INFO - Setting next_dagrun for example_branch_python_operator_decorator to 2025-05-22 00:00:00+00:00, run_after=2025-05-23 00:00:00+00:00
[2025-05-23T10:32:59.225-0600] {processor.py:208} INFO - Processing /home/airflow/.local/lib/python3.12/site-packages/airflow/example_dags/example_branch_operator_decorator.py took 0.195 seconds
[2025-05-23T10:33:29.578-0600] {processor.py:186} INFO - Started process (PID=576) to work on /home/airflow/.local/lib/python3.12/site-packages/airflow/example_dags/example_branch_operator_decorator.py
[2025-05-23T10:33:29.583-0600] {processor.py:914} INFO - Processing file /home/airflow/.local/lib/python3.12/site-packages/airflow/example_dags/example_branch_operator_decorator.py for tasks to queue
[2025-05-23T10:33:29.589-0600] {logging_mixin.py:190} INFO - [2025-05-23T10:33:29.589-0600] {dagbag.py:588} INFO - Filling up the DagBag from /home/airflow/.local/lib/python3.12/site-packages/airflow/example_dags/example_branch_operator_decorator.py
[2025-05-23T10:33:29.631-0600] {processor.py:925} INFO - DAG(s) 'example_branch_python_operator_decorator' retrieved from /home/airflow/.local/lib/python3.12/site-packages/airflow/example_dags/example_branch_operator_decorator.py
[2025-05-23T10:33:29.767-0600] {logging_mixin.py:190} INFO - [2025-05-23T10:33:29.766-0600] {dag.py:3239} INFO - Sync 1 DAGs
[2025-05-23T10:33:29.847-0600] {logging_mixin.py:190} INFO - [2025-05-23T10:33:29.846-0600] {dag.py:4180} INFO - Setting next_dagrun for example_branch_python_operator_decorator to 2025-05-22 00:00:00+00:00, run_after=2025-05-23 00:00:00+00:00
[2025-05-23T10:33:29.888-0600] {processor.py:208} INFO - Processing /home/airflow/.local/lib/python3.12/site-packages/airflow/example_dags/example_branch_operator_decorator.py took 0.324 seconds
[2025-05-23T10:34:00.406-0600] {processor.py:186} INFO - Started process (PID=639) to work on /home/airflow/.local/lib/python3.12/site-packages/airflow/example_dags/example_branch_operator_decorator.py
[2025-05-23T10:34:00.407-0600] {processor.py:914} INFO - Processing file /home/airflow/.local/lib/python3.12/site-packages/airflow/example_dags/example_branch_operator_decorator.py for tasks to queue
[2025-05-23T10:34:00.411-0600] {logging_mixin.py:190} INFO - [2025-05-23T10:34:00.411-0600] {dagbag.py:588} INFO - Filling up the DagBag from /home/airflow/.local/lib/python3.12/site-packages/airflow/example_dags/example_branch_operator_decorator.py
[2025-05-23T10:34:00.454-0600] {processor.py:925} INFO - DAG(s) 'example_branch_python_operator_decorator' retrieved from /home/airflow/.local/lib/python3.12/site-packages/airflow/example_dags/example_branch_operator_decorator.py
[2025-05-23T10:34:00.513-0600] {logging_mixin.py:190} INFO - [2025-05-23T10:34:00.513-0600] {dag.py:3239} INFO - Sync 1 DAGs
[2025-05-23T10:34:00.563-0600] {logging_mixin.py:190} INFO - [2025-05-23T10:34:00.563-0600] {dag.py:4180} INFO - Setting next_dagrun for example_branch_python_operator_decorator to 2025-05-22 00:00:00+00:00, run_after=2025-05-23 00:00:00+00:00
[2025-05-23T10:34:00.590-0600] {processor.py:208} INFO - Processing /home/airflow/.local/lib/python3.12/site-packages/airflow/example_dags/example_branch_operator_decorator.py took 0.195 seconds
[2025-05-23T10:34:31.101-0600] {processor.py:186} INFO - Started process (PID=703) to work on /home/airflow/.local/lib/python3.12/site-packages/airflow/example_dags/example_branch_operator_decorator.py
[2025-05-23T10:34:31.103-0600] {processor.py:914} INFO - Processing file /home/airflow/.local/lib/python3.12/site-packages/airflow/example_dags/example_branch_operator_decorator.py for tasks to queue
[2025-05-23T10:34:31.107-0600] {logging_mixin.py:190} INFO - [2025-05-23T10:34:31.106-0600] {dagbag.py:588} INFO - Filling up the DagBag from /home/airflow/.local/lib/python3.12/site-packages/airflow/example_dags/example_branch_operator_decorator.py
[2025-05-23T10:34:31.152-0600] {processor.py:925} INFO - DAG(s) 'example_branch_python_operator_decorator' retrieved from /home/airflow/.local/lib/python3.12/site-packages/airflow/example_dags/example_branch_operator_decorator.py
[2025-05-23T10:34:31.207-0600] {logging_mixin.py:190} INFO - [2025-05-23T10:34:31.206-0600] {dag.py:3239} INFO - Sync 1 DAGs
[2025-05-23T10:34:31.271-0600] {logging_mixin.py:190} INFO - [2025-05-23T10:34:31.271-0600] {dag.py:4180} INFO - Setting next_dagrun for example_branch_python_operator_decorator to 2025-05-22 00:00:00+00:00, run_after=2025-05-23 00:00:00+00:00
[2025-05-23T10:34:31.309-0600] {processor.py:208} INFO - Processing /home/airflow/.local/lib/python3.12/site-packages/airflow/example_dags/example_branch_operator_decorator.py took 0.219 seconds
