[2025-05-23T10:29:20.588-0600] {processor.py:186} INFO - Started process (PID=66) to work on /home/airflow/.local/lib/python3.12/site-packages/airflow/example_dags/example_bash_decorator.py
[2025-05-23T10:29:20.593-0600] {processor.py:914} INFO - Processing file /home/airflow/.local/lib/python3.12/site-packages/airflow/example_dags/example_bash_decorator.py for tasks to queue
[2025-05-23T10:29:20.601-0600] {logging_mixin.py:190} INFO - [2025-05-23T10:29:20.599-0600] {dagbag.py:588} INFO - Filling up the DagBag from /home/airflow/.local/lib/python3.12/site-packages/airflow/example_dags/example_bash_decorator.py
[2025-05-23T10:29:20.709-0600] {processor.py:925} INFO - DAG(s) 'example_bash_decorator' retrieved from /home/airflow/.local/lib/python3.12/site-packages/airflow/example_dags/example_bash_decorator.py
[2025-05-23T10:29:21.599-0600] {logging_mixin.py:190} INFO - [2025-05-23T10:29:21.598-0600] {override.py:1912} INFO - Created Permission View: can delete on DAG:example_bash_decorator
[2025-05-23T10:29:21.614-0600] {logging_mixin.py:190} INFO - [2025-05-23T10:29:21.614-0600] {override.py:1912} INFO - Created Permission View: can edit on DAG:example_bash_decorator
[2025-05-23T10:29:21.624-0600] {logging_mixin.py:190} INFO - [2025-05-23T10:29:21.623-0600] {override.py:1912} INFO - Created Permission View: can read on DAG:example_bash_decorator
[2025-05-23T10:29:21.634-0600] {logging_mixin.py:190} INFO - [2025-05-23T10:29:21.634-0600] {override.py:1912} INFO - Created Permission View: can delete on DAG Run:example_bash_decorator
[2025-05-23T10:29:21.644-0600] {logging_mixin.py:190} INFO - [2025-05-23T10:29:21.643-0600] {override.py:1912} INFO - Created Permission View: can create on DAG Run:example_bash_decorator
[2025-05-23T10:29:21.654-0600] {logging_mixin.py:190} INFO - [2025-05-23T10:29:21.654-0600] {override.py:1912} INFO - Created Permission View: menu access on DAG Run:example_bash_decorator
[2025-05-23T10:29:21.669-0600] {logging_mixin.py:190} INFO - [2025-05-23T10:29:21.669-0600] {override.py:1912} INFO - Created Permission View: can read on DAG Run:example_bash_decorator
[2025-05-23T10:29:21.671-0600] {logging_mixin.py:190} INFO - [2025-05-23T10:29:21.671-0600] {dag.py:3239} INFO - Sync 1 DAGs
[2025-05-23T10:29:21.702-0600] {logging_mixin.py:190} INFO - [2025-05-23T10:29:21.701-0600] {dag.py:3262} INFO - Creating ORM DAG for example_bash_decorator
[2025-05-23T10:29:21.705-0600] {logging_mixin.py:190} INFO - [2025-05-23T10:29:21.704-0600] {dag.py:4180} INFO - Setting next_dagrun for example_bash_decorator to None, run_after=None
[2025-05-23T10:29:21.748-0600] {processor.py:208} INFO - Processing /home/airflow/.local/lib/python3.12/site-packages/airflow/example_dags/example_bash_decorator.py took 1.186 seconds
[2025-05-23T10:29:52.482-0600] {processor.py:186} INFO - Started process (PID=129) to work on /home/airflow/.local/lib/python3.12/site-packages/airflow/example_dags/example_bash_decorator.py
[2025-05-23T10:29:52.484-0600] {processor.py:914} INFO - Processing file /home/airflow/.local/lib/python3.12/site-packages/airflow/example_dags/example_bash_decorator.py for tasks to queue
[2025-05-23T10:29:52.489-0600] {logging_mixin.py:190} INFO - [2025-05-23T10:29:52.488-0600] {dagbag.py:588} INFO - Filling up the DagBag from /home/airflow/.local/lib/python3.12/site-packages/airflow/example_dags/example_bash_decorator.py
[2025-05-23T10:29:52.527-0600] {processor.py:925} INFO - DAG(s) 'example_bash_decorator' retrieved from /home/airflow/.local/lib/python3.12/site-packages/airflow/example_dags/example_bash_decorator.py
[2025-05-23T10:29:52.583-0600] {logging_mixin.py:190} INFO - [2025-05-23T10:29:52.582-0600] {dag.py:3239} INFO - Sync 1 DAGs
[2025-05-23T10:29:52.615-0600] {logging_mixin.py:190} INFO - [2025-05-23T10:29:52.615-0600] {dag.py:4180} INFO - Setting next_dagrun for example_bash_decorator to None, run_after=None
[2025-05-23T10:29:52.646-0600] {processor.py:208} INFO - Processing /home/airflow/.local/lib/python3.12/site-packages/airflow/example_dags/example_bash_decorator.py took 0.179 seconds
[2025-05-23T10:30:23.113-0600] {processor.py:186} INFO - Started process (PID=192) to work on /home/airflow/.local/lib/python3.12/site-packages/airflow/example_dags/example_bash_decorator.py
[2025-05-23T10:30:23.116-0600] {processor.py:914} INFO - Processing file /home/airflow/.local/lib/python3.12/site-packages/airflow/example_dags/example_bash_decorator.py for tasks to queue
[2025-05-23T10:30:23.119-0600] {logging_mixin.py:190} INFO - [2025-05-23T10:30:23.119-0600] {dagbag.py:588} INFO - Filling up the DagBag from /home/airflow/.local/lib/python3.12/site-packages/airflow/example_dags/example_bash_decorator.py
[2025-05-23T10:30:23.147-0600] {processor.py:925} INFO - DAG(s) 'example_bash_decorator' retrieved from /home/airflow/.local/lib/python3.12/site-packages/airflow/example_dags/example_bash_decorator.py
[2025-05-23T10:30:23.190-0600] {logging_mixin.py:190} INFO - [2025-05-23T10:30:23.190-0600] {dag.py:3239} INFO - Sync 1 DAGs
[2025-05-23T10:30:23.216-0600] {logging_mixin.py:190} INFO - [2025-05-23T10:30:23.215-0600] {dag.py:4180} INFO - Setting next_dagrun for example_bash_decorator to None, run_after=None
[2025-05-23T10:30:23.240-0600] {processor.py:208} INFO - Processing /home/airflow/.local/lib/python3.12/site-packages/airflow/example_dags/example_bash_decorator.py took 0.138 seconds
[2025-05-23T10:30:53.313-0600] {processor.py:186} INFO - Started process (PID=255) to work on /home/airflow/.local/lib/python3.12/site-packages/airflow/example_dags/example_bash_decorator.py
[2025-05-23T10:30:53.315-0600] {processor.py:914} INFO - Processing file /home/airflow/.local/lib/python3.12/site-packages/airflow/example_dags/example_bash_decorator.py for tasks to queue
[2025-05-23T10:30:53.318-0600] {logging_mixin.py:190} INFO - [2025-05-23T10:30:53.318-0600] {dagbag.py:588} INFO - Filling up the DagBag from /home/airflow/.local/lib/python3.12/site-packages/airflow/example_dags/example_bash_decorator.py
[2025-05-23T10:30:53.344-0600] {processor.py:925} INFO - DAG(s) 'example_bash_decorator' retrieved from /home/airflow/.local/lib/python3.12/site-packages/airflow/example_dags/example_bash_decorator.py
[2025-05-23T10:30:53.382-0600] {logging_mixin.py:190} INFO - [2025-05-23T10:30:53.382-0600] {dag.py:3239} INFO - Sync 1 DAGs
[2025-05-23T10:30:53.407-0600] {logging_mixin.py:190} INFO - [2025-05-23T10:30:53.406-0600] {dag.py:4180} INFO - Setting next_dagrun for example_bash_decorator to None, run_after=None
[2025-05-23T10:30:53.433-0600] {processor.py:208} INFO - Processing /home/airflow/.local/lib/python3.12/site-packages/airflow/example_dags/example_bash_decorator.py took 0.130 seconds
[2025-05-23T10:31:23.513-0600] {processor.py:186} INFO - Started process (PID=318) to work on /home/airflow/.local/lib/python3.12/site-packages/airflow/example_dags/example_bash_decorator.py
[2025-05-23T10:31:23.515-0600] {processor.py:914} INFO - Processing file /home/airflow/.local/lib/python3.12/site-packages/airflow/example_dags/example_bash_decorator.py for tasks to queue
[2025-05-23T10:31:23.519-0600] {logging_mixin.py:190} INFO - [2025-05-23T10:31:23.518-0600] {dagbag.py:588} INFO - Filling up the DagBag from /home/airflow/.local/lib/python3.12/site-packages/airflow/example_dags/example_bash_decorator.py
[2025-05-23T10:31:23.558-0600] {processor.py:925} INFO - DAG(s) 'example_bash_decorator' retrieved from /home/airflow/.local/lib/python3.12/site-packages/airflow/example_dags/example_bash_decorator.py
[2025-05-23T10:31:23.636-0600] {logging_mixin.py:190} INFO - [2025-05-23T10:31:23.636-0600] {dag.py:3239} INFO - Sync 1 DAGs
[2025-05-23T10:31:23.682-0600] {logging_mixin.py:190} INFO - [2025-05-23T10:31:23.682-0600] {dag.py:4180} INFO - Setting next_dagrun for example_bash_decorator to None, run_after=None
[2025-05-23T10:31:23.717-0600] {processor.py:208} INFO - Processing /home/airflow/.local/lib/python3.12/site-packages/airflow/example_dags/example_bash_decorator.py took 0.216 seconds
[2025-05-23T10:31:54.020-0600] {processor.py:186} INFO - Started process (PID=382) to work on /home/airflow/.local/lib/python3.12/site-packages/airflow/example_dags/example_bash_decorator.py
[2025-05-23T10:31:54.022-0600] {processor.py:914} INFO - Processing file /home/airflow/.local/lib/python3.12/site-packages/airflow/example_dags/example_bash_decorator.py for tasks to queue
[2025-05-23T10:31:54.027-0600] {logging_mixin.py:190} INFO - [2025-05-23T10:31:54.026-0600] {dagbag.py:588} INFO - Filling up the DagBag from /home/airflow/.local/lib/python3.12/site-packages/airflow/example_dags/example_bash_decorator.py
[2025-05-23T10:31:54.057-0600] {processor.py:925} INFO - DAG(s) 'example_bash_decorator' retrieved from /home/airflow/.local/lib/python3.12/site-packages/airflow/example_dags/example_bash_decorator.py
[2025-05-23T10:31:54.095-0600] {logging_mixin.py:190} INFO - [2025-05-23T10:31:54.095-0600] {dag.py:3239} INFO - Sync 1 DAGs
[2025-05-23T10:31:54.121-0600] {logging_mixin.py:190} INFO - [2025-05-23T10:31:54.121-0600] {dag.py:4180} INFO - Setting next_dagrun for example_bash_decorator to None, run_after=None
[2025-05-23T10:31:54.149-0600] {processor.py:208} INFO - Processing /home/airflow/.local/lib/python3.12/site-packages/airflow/example_dags/example_bash_decorator.py took 0.140 seconds
[2025-05-23T10:32:25.044-0600] {processor.py:186} INFO - Started process (PID=445) to work on /home/airflow/.local/lib/python3.12/site-packages/airflow/example_dags/example_bash_decorator.py
[2025-05-23T10:32:25.048-0600] {processor.py:914} INFO - Processing file /home/airflow/.local/lib/python3.12/site-packages/airflow/example_dags/example_bash_decorator.py for tasks to queue
[2025-05-23T10:32:25.053-0600] {logging_mixin.py:190} INFO - [2025-05-23T10:32:25.052-0600] {dagbag.py:588} INFO - Filling up the DagBag from /home/airflow/.local/lib/python3.12/site-packages/airflow/example_dags/example_bash_decorator.py
[2025-05-23T10:32:25.091-0600] {processor.py:925} INFO - DAG(s) 'example_bash_decorator' retrieved from /home/airflow/.local/lib/python3.12/site-packages/airflow/example_dags/example_bash_decorator.py
[2025-05-23T10:32:25.171-0600] {logging_mixin.py:190} INFO - [2025-05-23T10:32:25.170-0600] {dag.py:3239} INFO - Sync 1 DAGs
[2025-05-23T10:32:25.219-0600] {logging_mixin.py:190} INFO - [2025-05-23T10:32:25.219-0600] {dag.py:4180} INFO - Setting next_dagrun for example_bash_decorator to None, run_after=None
[2025-05-23T10:32:25.274-0600] {processor.py:208} INFO - Processing /home/airflow/.local/lib/python3.12/site-packages/airflow/example_dags/example_bash_decorator.py took 0.261 seconds
[2025-05-23T10:32:55.423-0600] {processor.py:186} INFO - Started process (PID=507) to work on /home/airflow/.local/lib/python3.12/site-packages/airflow/example_dags/example_bash_decorator.py
[2025-05-23T10:32:55.424-0600] {processor.py:914} INFO - Processing file /home/airflow/.local/lib/python3.12/site-packages/airflow/example_dags/example_bash_decorator.py for tasks to queue
[2025-05-23T10:32:55.428-0600] {logging_mixin.py:190} INFO - [2025-05-23T10:32:55.427-0600] {dagbag.py:588} INFO - Filling up the DagBag from /home/airflow/.local/lib/python3.12/site-packages/airflow/example_dags/example_bash_decorator.py
[2025-05-23T10:32:55.469-0600] {processor.py:925} INFO - DAG(s) 'example_bash_decorator' retrieved from /home/airflow/.local/lib/python3.12/site-packages/airflow/example_dags/example_bash_decorator.py
[2025-05-23T10:32:55.510-0600] {logging_mixin.py:190} INFO - [2025-05-23T10:32:55.510-0600] {dag.py:3239} INFO - Sync 1 DAGs
[2025-05-23T10:32:55.540-0600] {logging_mixin.py:190} INFO - [2025-05-23T10:32:55.540-0600] {dag.py:4180} INFO - Setting next_dagrun for example_bash_decorator to None, run_after=None
[2025-05-23T10:32:55.567-0600] {processor.py:208} INFO - Processing /home/airflow/.local/lib/python3.12/site-packages/airflow/example_dags/example_bash_decorator.py took 0.155 seconds
[2025-05-23T10:33:25.880-0600] {processor.py:186} INFO - Started process (PID=570) to work on /home/airflow/.local/lib/python3.12/site-packages/airflow/example_dags/example_bash_decorator.py
[2025-05-23T10:33:25.881-0600] {processor.py:914} INFO - Processing file /home/airflow/.local/lib/python3.12/site-packages/airflow/example_dags/example_bash_decorator.py for tasks to queue
[2025-05-23T10:33:25.885-0600] {logging_mixin.py:190} INFO - [2025-05-23T10:33:25.885-0600] {dagbag.py:588} INFO - Filling up the DagBag from /home/airflow/.local/lib/python3.12/site-packages/airflow/example_dags/example_bash_decorator.py
[2025-05-23T10:33:25.913-0600] {processor.py:925} INFO - DAG(s) 'example_bash_decorator' retrieved from /home/airflow/.local/lib/python3.12/site-packages/airflow/example_dags/example_bash_decorator.py
[2025-05-23T10:33:25.961-0600] {logging_mixin.py:190} INFO - [2025-05-23T10:33:25.960-0600] {dag.py:3239} INFO - Sync 1 DAGs
[2025-05-23T10:33:25.989-0600] {logging_mixin.py:190} INFO - [2025-05-23T10:33:25.989-0600] {dag.py:4180} INFO - Setting next_dagrun for example_bash_decorator to None, run_after=None
[2025-05-23T10:33:26.020-0600] {processor.py:208} INFO - Processing /home/airflow/.local/lib/python3.12/site-packages/airflow/example_dags/example_bash_decorator.py took 0.151 seconds
[2025-05-23T10:33:56.791-0600] {processor.py:186} INFO - Started process (PID=633) to work on /home/airflow/.local/lib/python3.12/site-packages/airflow/example_dags/example_bash_decorator.py
[2025-05-23T10:33:56.794-0600] {processor.py:914} INFO - Processing file /home/airflow/.local/lib/python3.12/site-packages/airflow/example_dags/example_bash_decorator.py for tasks to queue
[2025-05-23T10:33:56.799-0600] {logging_mixin.py:190} INFO - [2025-05-23T10:33:56.799-0600] {dagbag.py:588} INFO - Filling up the DagBag from /home/airflow/.local/lib/python3.12/site-packages/airflow/example_dags/example_bash_decorator.py
[2025-05-23T10:33:56.828-0600] {processor.py:925} INFO - DAG(s) 'example_bash_decorator' retrieved from /home/airflow/.local/lib/python3.12/site-packages/airflow/example_dags/example_bash_decorator.py
[2025-05-23T10:33:56.871-0600] {logging_mixin.py:190} INFO - [2025-05-23T10:33:56.870-0600] {dag.py:3239} INFO - Sync 1 DAGs
[2025-05-23T10:33:56.896-0600] {logging_mixin.py:190} INFO - [2025-05-23T10:33:56.896-0600] {dag.py:4180} INFO - Setting next_dagrun for example_bash_decorator to None, run_after=None
[2025-05-23T10:33:56.921-0600] {processor.py:208} INFO - Processing /home/airflow/.local/lib/python3.12/site-packages/airflow/example_dags/example_bash_decorator.py took 0.144 seconds
[2025-05-23T10:34:27.935-0600] {processor.py:186} INFO - Started process (PID=690) to work on /home/airflow/.local/lib/python3.12/site-packages/airflow/example_dags/example_bash_decorator.py
[2025-05-23T10:34:27.937-0600] {processor.py:914} INFO - Processing file /home/airflow/.local/lib/python3.12/site-packages/airflow/example_dags/example_bash_decorator.py for tasks to queue
[2025-05-23T10:34:27.942-0600] {logging_mixin.py:190} INFO - [2025-05-23T10:34:27.942-0600] {dagbag.py:588} INFO - Filling up the DagBag from /home/airflow/.local/lib/python3.12/site-packages/airflow/example_dags/example_bash_decorator.py
[2025-05-23T10:34:27.973-0600] {processor.py:925} INFO - DAG(s) 'example_bash_decorator' retrieved from /home/airflow/.local/lib/python3.12/site-packages/airflow/example_dags/example_bash_decorator.py
[2025-05-23T10:34:28.035-0600] {logging_mixin.py:190} INFO - [2025-05-23T10:34:28.034-0600] {dag.py:3239} INFO - Sync 1 DAGs
[2025-05-23T10:34:28.063-0600] {logging_mixin.py:190} INFO - [2025-05-23T10:34:28.063-0600] {dag.py:4180} INFO - Setting next_dagrun for example_bash_decorator to None, run_after=None
[2025-05-23T10:34:28.113-0600] {processor.py:208} INFO - Processing /home/airflow/.local/lib/python3.12/site-packages/airflow/example_dags/example_bash_decorator.py took 0.190 seconds
