[2025-05-23T10:29:23.789-0600] {processor.py:186} INFO - Started process (PID=73) to work on /home/airflow/.local/lib/python3.12/site-packages/airflow/example_dags/example_branch_python_dop_operator_3.py
[2025-05-23T10:29:23.791-0600] {processor.py:914} INFO - Processing file /home/airflow/.local/lib/python3.12/site-packages/airflow/example_dags/example_branch_python_dop_operator_3.py for tasks to queue
[2025-05-23T10:29:23.798-0600] {logging_mixin.py:190} INFO - [2025-05-23T10:29:23.796-0600] {dagbag.py:588} INFO - Filling up the DagBag from /home/airflow/.local/lib/python3.12/site-packages/airflow/example_dags/example_branch_python_dop_operator_3.py
[2025-05-23T10:29:23.837-0600] {processor.py:925} INFO - DAG(s) 'example_branch_dop_operator_v3' retrieved from /home/airflow/.local/lib/python3.12/site-packages/airflow/example_dags/example_branch_python_dop_operator_3.py
[2025-05-23T10:29:24.191-0600] {logging_mixin.py:190} INFO - [2025-05-23T10:29:24.190-0600] {override.py:1912} INFO - Created Permission View: can delete on DAG:example_branch_dop_operator_v3
[2025-05-23T10:29:24.207-0600] {logging_mixin.py:190} INFO - [2025-05-23T10:29:24.206-0600] {override.py:1912} INFO - Created Permission View: can edit on DAG:example_branch_dop_operator_v3
[2025-05-23T10:29:24.217-0600] {logging_mixin.py:190} INFO - [2025-05-23T10:29:24.216-0600] {override.py:1912} INFO - Created Permission View: can read on DAG:example_branch_dop_operator_v3
[2025-05-23T10:29:24.232-0600] {logging_mixin.py:190} INFO - [2025-05-23T10:29:24.232-0600] {override.py:1912} INFO - Created Permission View: can delete on DAG Run:example_branch_dop_operator_v3
[2025-05-23T10:29:24.245-0600] {logging_mixin.py:190} INFO - [2025-05-23T10:29:24.244-0600] {override.py:1912} INFO - Created Permission View: can create on DAG Run:example_branch_dop_operator_v3
[2025-05-23T10:29:24.256-0600] {logging_mixin.py:190} INFO - [2025-05-23T10:29:24.256-0600] {override.py:1912} INFO - Created Permission View: menu access on DAG Run:example_branch_dop_operator_v3
[2025-05-23T10:29:24.272-0600] {logging_mixin.py:190} INFO - [2025-05-23T10:29:24.271-0600] {override.py:1912} INFO - Created Permission View: can read on DAG Run:example_branch_dop_operator_v3
[2025-05-23T10:29:24.273-0600] {logging_mixin.py:190} INFO - [2025-05-23T10:29:24.272-0600] {dag.py:3239} INFO - Sync 1 DAGs
[2025-05-23T10:29:24.295-0600] {logging_mixin.py:190} INFO - [2025-05-23T10:29:24.295-0600] {dag.py:3262} INFO - Creating ORM DAG for example_branch_dop_operator_v3
[2025-05-23T10:29:24.320-0600] {logging_mixin.py:190} INFO - [2025-05-23T10:29:24.320-0600] {dag.py:4180} INFO - Setting next_dagrun for example_branch_dop_operator_v3 to 2025-05-23 16:28:00+00:00, run_after=2025-05-23 16:29:00+00:00
[2025-05-23T10:29:24.358-0600] {processor.py:208} INFO - Processing /home/airflow/.local/lib/python3.12/site-packages/airflow/example_dags/example_branch_python_dop_operator_3.py took 0.586 seconds
[2025-05-23T10:29:55.164-0600] {processor.py:186} INFO - Started process (PID=136) to work on /home/airflow/.local/lib/python3.12/site-packages/airflow/example_dags/example_branch_python_dop_operator_3.py
[2025-05-23T10:29:55.166-0600] {processor.py:914} INFO - Processing file /home/airflow/.local/lib/python3.12/site-packages/airflow/example_dags/example_branch_python_dop_operator_3.py for tasks to queue
[2025-05-23T10:29:55.170-0600] {logging_mixin.py:190} INFO - [2025-05-23T10:29:55.169-0600] {dagbag.py:588} INFO - Filling up the DagBag from /home/airflow/.local/lib/python3.12/site-packages/airflow/example_dags/example_branch_python_dop_operator_3.py
[2025-05-23T10:29:55.191-0600] {processor.py:925} INFO - DAG(s) 'example_branch_dop_operator_v3' retrieved from /home/airflow/.local/lib/python3.12/site-packages/airflow/example_dags/example_branch_python_dop_operator_3.py
[2025-05-23T10:29:55.232-0600] {logging_mixin.py:190} INFO - [2025-05-23T10:29:55.232-0600] {dag.py:3239} INFO - Sync 1 DAGs
[2025-05-23T10:29:55.285-0600] {logging_mixin.py:190} INFO - [2025-05-23T10:29:55.285-0600] {dag.py:4180} INFO - Setting next_dagrun for example_branch_dop_operator_v3 to 2025-05-23 16:28:00+00:00, run_after=2025-05-23 16:29:00+00:00
[2025-05-23T10:29:55.319-0600] {processor.py:208} INFO - Processing /home/airflow/.local/lib/python3.12/site-packages/airflow/example_dags/example_branch_python_dop_operator_3.py took 0.166 seconds
[2025-05-23T10:30:25.743-0600] {processor.py:186} INFO - Started process (PID=199) to work on /home/airflow/.local/lib/python3.12/site-packages/airflow/example_dags/example_branch_python_dop_operator_3.py
[2025-05-23T10:30:25.745-0600] {processor.py:914} INFO - Processing file /home/airflow/.local/lib/python3.12/site-packages/airflow/example_dags/example_branch_python_dop_operator_3.py for tasks to queue
[2025-05-23T10:30:25.749-0600] {logging_mixin.py:190} INFO - [2025-05-23T10:30:25.748-0600] {dagbag.py:588} INFO - Filling up the DagBag from /home/airflow/.local/lib/python3.12/site-packages/airflow/example_dags/example_branch_python_dop_operator_3.py
[2025-05-23T10:30:25.769-0600] {processor.py:925} INFO - DAG(s) 'example_branch_dop_operator_v3' retrieved from /home/airflow/.local/lib/python3.12/site-packages/airflow/example_dags/example_branch_python_dop_operator_3.py
[2025-05-23T10:30:25.808-0600] {logging_mixin.py:190} INFO - [2025-05-23T10:30:25.807-0600] {dag.py:3239} INFO - Sync 1 DAGs
[2025-05-23T10:30:25.858-0600] {logging_mixin.py:190} INFO - [2025-05-23T10:30:25.858-0600] {dag.py:4180} INFO - Setting next_dagrun for example_branch_dop_operator_v3 to 2025-05-23 16:29:00+00:00, run_after=2025-05-23 16:30:00+00:00
[2025-05-23T10:30:25.889-0600] {processor.py:208} INFO - Processing /home/airflow/.local/lib/python3.12/site-packages/airflow/example_dags/example_branch_python_dop_operator_3.py took 0.159 seconds
[2025-05-23T10:30:56.093-0600] {processor.py:186} INFO - Started process (PID=262) to work on /home/airflow/.local/lib/python3.12/site-packages/airflow/example_dags/example_branch_python_dop_operator_3.py
[2025-05-23T10:30:56.094-0600] {processor.py:914} INFO - Processing file /home/airflow/.local/lib/python3.12/site-packages/airflow/example_dags/example_branch_python_dop_operator_3.py for tasks to queue
[2025-05-23T10:30:56.099-0600] {logging_mixin.py:190} INFO - [2025-05-23T10:30:56.098-0600] {dagbag.py:588} INFO - Filling up the DagBag from /home/airflow/.local/lib/python3.12/site-packages/airflow/example_dags/example_branch_python_dop_operator_3.py
[2025-05-23T10:30:56.117-0600] {processor.py:925} INFO - DAG(s) 'example_branch_dop_operator_v3' retrieved from /home/airflow/.local/lib/python3.12/site-packages/airflow/example_dags/example_branch_python_dop_operator_3.py
[2025-05-23T10:30:56.154-0600] {logging_mixin.py:190} INFO - [2025-05-23T10:30:56.153-0600] {dag.py:3239} INFO - Sync 1 DAGs
[2025-05-23T10:30:56.200-0600] {logging_mixin.py:190} INFO - [2025-05-23T10:30:56.199-0600] {dag.py:4180} INFO - Setting next_dagrun for example_branch_dop_operator_v3 to 2025-05-23 16:29:00+00:00, run_after=2025-05-23 16:30:00+00:00
[2025-05-23T10:30:56.225-0600] {processor.py:208} INFO - Processing /home/airflow/.local/lib/python3.12/site-packages/airflow/example_dags/example_branch_python_dop_operator_3.py took 0.143 seconds
[2025-05-23T10:31:26.493-0600] {processor.py:186} INFO - Started process (PID=325) to work on /home/airflow/.local/lib/python3.12/site-packages/airflow/example_dags/example_branch_python_dop_operator_3.py
[2025-05-23T10:31:26.495-0600] {processor.py:914} INFO - Processing file /home/airflow/.local/lib/python3.12/site-packages/airflow/example_dags/example_branch_python_dop_operator_3.py for tasks to queue
[2025-05-23T10:31:26.499-0600] {logging_mixin.py:190} INFO - [2025-05-23T10:31:26.499-0600] {dagbag.py:588} INFO - Filling up the DagBag from /home/airflow/.local/lib/python3.12/site-packages/airflow/example_dags/example_branch_python_dop_operator_3.py
[2025-05-23T10:31:26.518-0600] {processor.py:925} INFO - DAG(s) 'example_branch_dop_operator_v3' retrieved from /home/airflow/.local/lib/python3.12/site-packages/airflow/example_dags/example_branch_python_dop_operator_3.py
[2025-05-23T10:31:26.558-0600] {logging_mixin.py:190} INFO - [2025-05-23T10:31:26.557-0600] {dag.py:3239} INFO - Sync 1 DAGs
[2025-05-23T10:31:26.606-0600] {logging_mixin.py:190} INFO - [2025-05-23T10:31:26.605-0600] {dag.py:4180} INFO - Setting next_dagrun for example_branch_dop_operator_v3 to 2025-05-23 16:30:00+00:00, run_after=2025-05-23 16:31:00+00:00
[2025-05-23T10:31:26.661-0600] {processor.py:208} INFO - Processing /home/airflow/.local/lib/python3.12/site-packages/airflow/example_dags/example_branch_python_dop_operator_3.py took 0.180 seconds
[2025-05-23T10:31:57.677-0600] {processor.py:186} INFO - Started process (PID=389) to work on /home/airflow/.local/lib/python3.12/site-packages/airflow/example_dags/example_branch_python_dop_operator_3.py
[2025-05-23T10:31:57.678-0600] {processor.py:914} INFO - Processing file /home/airflow/.local/lib/python3.12/site-packages/airflow/example_dags/example_branch_python_dop_operator_3.py for tasks to queue
[2025-05-23T10:31:57.682-0600] {logging_mixin.py:190} INFO - [2025-05-23T10:31:57.681-0600] {dagbag.py:588} INFO - Filling up the DagBag from /home/airflow/.local/lib/python3.12/site-packages/airflow/example_dags/example_branch_python_dop_operator_3.py
[2025-05-23T10:31:57.701-0600] {processor.py:925} INFO - DAG(s) 'example_branch_dop_operator_v3' retrieved from /home/airflow/.local/lib/python3.12/site-packages/airflow/example_dags/example_branch_python_dop_operator_3.py
[2025-05-23T10:31:57.758-0600] {logging_mixin.py:190} INFO - [2025-05-23T10:31:57.758-0600] {dag.py:3239} INFO - Sync 1 DAGs
[2025-05-23T10:31:57.838-0600] {logging_mixin.py:190} INFO - [2025-05-23T10:31:57.838-0600] {dag.py:4180} INFO - Setting next_dagrun for example_branch_dop_operator_v3 to 2025-05-23 16:30:00+00:00, run_after=2025-05-23 16:31:00+00:00
[2025-05-23T10:31:57.917-0600] {processor.py:208} INFO - Processing /home/airflow/.local/lib/python3.12/site-packages/airflow/example_dags/example_branch_python_dop_operator_3.py took 0.262 seconds
[2025-05-23T10:32:28.634-0600] {processor.py:186} INFO - Started process (PID=452) to work on /home/airflow/.local/lib/python3.12/site-packages/airflow/example_dags/example_branch_python_dop_operator_3.py
[2025-05-23T10:32:28.636-0600] {processor.py:914} INFO - Processing file /home/airflow/.local/lib/python3.12/site-packages/airflow/example_dags/example_branch_python_dop_operator_3.py for tasks to queue
[2025-05-23T10:32:28.640-0600] {logging_mixin.py:190} INFO - [2025-05-23T10:32:28.640-0600] {dagbag.py:588} INFO - Filling up the DagBag from /home/airflow/.local/lib/python3.12/site-packages/airflow/example_dags/example_branch_python_dop_operator_3.py
[2025-05-23T10:32:28.659-0600] {processor.py:925} INFO - DAG(s) 'example_branch_dop_operator_v3' retrieved from /home/airflow/.local/lib/python3.12/site-packages/airflow/example_dags/example_branch_python_dop_operator_3.py
[2025-05-23T10:32:28.696-0600] {logging_mixin.py:190} INFO - [2025-05-23T10:32:28.696-0600] {dag.py:3239} INFO - Sync 1 DAGs
[2025-05-23T10:32:28.754-0600] {logging_mixin.py:190} INFO - [2025-05-23T10:32:28.754-0600] {dag.py:4180} INFO - Setting next_dagrun for example_branch_dop_operator_v3 to 2025-05-23 16:31:00+00:00, run_after=2025-05-23 16:32:00+00:00
[2025-05-23T10:32:28.782-0600] {processor.py:208} INFO - Processing /home/airflow/.local/lib/python3.12/site-packages/airflow/example_dags/example_branch_python_dop_operator_3.py took 0.159 seconds
[2025-05-23T10:32:59.059-0600] {processor.py:186} INFO - Started process (PID=514) to work on /home/airflow/.local/lib/python3.12/site-packages/airflow/example_dags/example_branch_python_dop_operator_3.py
[2025-05-23T10:32:59.060-0600] {processor.py:914} INFO - Processing file /home/airflow/.local/lib/python3.12/site-packages/airflow/example_dags/example_branch_python_dop_operator_3.py for tasks to queue
[2025-05-23T10:32:59.064-0600] {logging_mixin.py:190} INFO - [2025-05-23T10:32:59.064-0600] {dagbag.py:588} INFO - Filling up the DagBag from /home/airflow/.local/lib/python3.12/site-packages/airflow/example_dags/example_branch_python_dop_operator_3.py
[2025-05-23T10:32:59.084-0600] {processor.py:925} INFO - DAG(s) 'example_branch_dop_operator_v3' retrieved from /home/airflow/.local/lib/python3.12/site-packages/airflow/example_dags/example_branch_python_dop_operator_3.py
[2025-05-23T10:32:59.119-0600] {logging_mixin.py:190} INFO - [2025-05-23T10:32:59.119-0600] {dag.py:3239} INFO - Sync 1 DAGs
[2025-05-23T10:32:59.169-0600] {logging_mixin.py:190} INFO - [2025-05-23T10:32:59.169-0600] {dag.py:4180} INFO - Setting next_dagrun for example_branch_dop_operator_v3 to 2025-05-23 16:31:00+00:00, run_after=2025-05-23 16:32:00+00:00
[2025-05-23T10:32:59.201-0600] {processor.py:208} INFO - Processing /home/airflow/.local/lib/python3.12/site-packages/airflow/example_dags/example_branch_python_dop_operator_3.py took 0.154 seconds
[2025-05-23T10:33:29.611-0600] {processor.py:186} INFO - Started process (PID=577) to work on /home/airflow/.local/lib/python3.12/site-packages/airflow/example_dags/example_branch_python_dop_operator_3.py
[2025-05-23T10:33:29.614-0600] {processor.py:914} INFO - Processing file /home/airflow/.local/lib/python3.12/site-packages/airflow/example_dags/example_branch_python_dop_operator_3.py for tasks to queue
[2025-05-23T10:33:29.618-0600] {logging_mixin.py:190} INFO - [2025-05-23T10:33:29.617-0600] {dagbag.py:588} INFO - Filling up the DagBag from /home/airflow/.local/lib/python3.12/site-packages/airflow/example_dags/example_branch_python_dop_operator_3.py
[2025-05-23T10:33:29.637-0600] {processor.py:925} INFO - DAG(s) 'example_branch_dop_operator_v3' retrieved from /home/airflow/.local/lib/python3.12/site-packages/airflow/example_dags/example_branch_python_dop_operator_3.py
[2025-05-23T10:33:29.690-0600] {logging_mixin.py:190} INFO - [2025-05-23T10:33:29.689-0600] {dag.py:3239} INFO - Sync 1 DAGs
[2025-05-23T10:33:29.764-0600] {logging_mixin.py:190} INFO - [2025-05-23T10:33:29.764-0600] {dag.py:4180} INFO - Setting next_dagrun for example_branch_dop_operator_v3 to 2025-05-23 16:32:00+00:00, run_after=2025-05-23 16:33:00+00:00
[2025-05-23T10:33:29.802-0600] {processor.py:208} INFO - Processing /home/airflow/.local/lib/python3.12/site-packages/airflow/example_dags/example_branch_python_dop_operator_3.py took 0.211 seconds
[2025-05-23T10:34:00.419-0600] {processor.py:186} INFO - Started process (PID=640) to work on /home/airflow/.local/lib/python3.12/site-packages/airflow/example_dags/example_branch_python_dop_operator_3.py
[2025-05-23T10:34:00.421-0600] {processor.py:914} INFO - Processing file /home/airflow/.local/lib/python3.12/site-packages/airflow/example_dags/example_branch_python_dop_operator_3.py for tasks to queue
[2025-05-23T10:34:00.425-0600] {logging_mixin.py:190} INFO - [2025-05-23T10:34:00.424-0600] {dagbag.py:588} INFO - Filling up the DagBag from /home/airflow/.local/lib/python3.12/site-packages/airflow/example_dags/example_branch_python_dop_operator_3.py
[2025-05-23T10:34:00.444-0600] {processor.py:925} INFO - DAG(s) 'example_branch_dop_operator_v3' retrieved from /home/airflow/.local/lib/python3.12/site-packages/airflow/example_dags/example_branch_python_dop_operator_3.py
[2025-05-23T10:34:00.482-0600] {logging_mixin.py:190} INFO - [2025-05-23T10:34:00.482-0600] {dag.py:3239} INFO - Sync 1 DAGs
[2025-05-23T10:34:00.529-0600] {logging_mixin.py:190} INFO - [2025-05-23T10:34:00.529-0600] {dag.py:4180} INFO - Setting next_dagrun for example_branch_dop_operator_v3 to 2025-05-23 16:33:00+00:00, run_after=2025-05-23 16:34:00+00:00
[2025-05-23T10:34:00.556-0600] {processor.py:208} INFO - Processing /home/airflow/.local/lib/python3.12/site-packages/airflow/example_dags/example_branch_python_dop_operator_3.py took 0.149 seconds
[2025-05-23T10:34:31.122-0600] {processor.py:186} INFO - Started process (PID=704) to work on /home/airflow/.local/lib/python3.12/site-packages/airflow/example_dags/example_branch_python_dop_operator_3.py
[2025-05-23T10:34:31.125-0600] {processor.py:914} INFO - Processing file /home/airflow/.local/lib/python3.12/site-packages/airflow/example_dags/example_branch_python_dop_operator_3.py for tasks to queue
[2025-05-23T10:34:31.131-0600] {logging_mixin.py:190} INFO - [2025-05-23T10:34:31.130-0600] {dagbag.py:588} INFO - Filling up the DagBag from /home/airflow/.local/lib/python3.12/site-packages/airflow/example_dags/example_branch_python_dop_operator_3.py
[2025-05-23T10:34:31.153-0600] {processor.py:925} INFO - DAG(s) 'example_branch_dop_operator_v3' retrieved from /home/airflow/.local/lib/python3.12/site-packages/airflow/example_dags/example_branch_python_dop_operator_3.py
[2025-05-23T10:34:31.188-0600] {logging_mixin.py:190} INFO - [2025-05-23T10:34:31.188-0600] {dag.py:3239} INFO - Sync 1 DAGs
[2025-05-23T10:34:31.241-0600] {logging_mixin.py:190} INFO - [2025-05-23T10:34:31.241-0600] {dag.py:4180} INFO - Setting next_dagrun for example_branch_dop_operator_v3 to 2025-05-23 16:33:00+00:00, run_after=2025-05-23 16:34:00+00:00
[2025-05-23T10:34:31.272-0600] {processor.py:208} INFO - Processing /home/airflow/.local/lib/python3.12/site-packages/airflow/example_dags/example_branch_python_dop_operator_3.py took 0.171 seconds
