[2025-05-23T10:29:38.214-0600] {processor.py:186} INFO - Started process (PID=91) to work on /home/airflow/.local/lib/python3.12/site-packages/airflow/example_dags/example_latest_only.py
[2025-05-23T10:29:38.216-0600] {processor.py:914} INFO - Processing file /home/airflow/.local/lib/python3.12/site-packages/airflow/example_dags/example_latest_only.py for tasks to queue
[2025-05-23T10:29:38.222-0600] {logging_mixin.py:190} INFO - [2025-05-23T10:29:38.221-0600] {dagbag.py:588} INFO - Filling up the DagBag from /home/airflow/.local/lib/python3.12/site-packages/airflow/example_dags/example_latest_only.py
[2025-05-23T10:29:38.243-0600] {processor.py:925} INFO - DAG(s) 'latest_only' retrieved from /home/airflow/.local/lib/python3.12/site-packages/airflow/example_dags/example_latest_only.py
[2025-05-23T10:29:38.554-0600] {logging_mixin.py:190} INFO - [2025-05-23T10:29:38.554-0600] {override.py:1912} INFO - Created Permission View: can delete on DAG:latest_only
[2025-05-23T10:29:38.572-0600] {logging_mixin.py:190} INFO - [2025-05-23T10:29:38.572-0600] {override.py:1912} INFO - Created Permission View: can edit on DAG:latest_only
[2025-05-23T10:29:38.583-0600] {logging_mixin.py:190} INFO - [2025-05-23T10:29:38.583-0600] {override.py:1912} INFO - Created Permission View: can read on DAG:latest_only
[2025-05-23T10:29:38.594-0600] {logging_mixin.py:190} INFO - [2025-05-23T10:29:38.594-0600] {override.py:1912} INFO - Created Permission View: can delete on DAG Run:latest_only
[2025-05-23T10:29:38.607-0600] {logging_mixin.py:190} INFO - [2025-05-23T10:29:38.606-0600] {override.py:1912} INFO - Created Permission View: can create on DAG Run:latest_only
[2025-05-23T10:29:38.618-0600] {logging_mixin.py:190} INFO - [2025-05-23T10:29:38.618-0600] {override.py:1912} INFO - Created Permission View: menu access on DAG Run:latest_only
[2025-05-23T10:29:38.627-0600] {logging_mixin.py:190} INFO - [2025-05-23T10:29:38.627-0600] {override.py:1912} INFO - Created Permission View: can read on DAG Run:latest_only
[2025-05-23T10:29:38.628-0600] {logging_mixin.py:190} INFO - [2025-05-23T10:29:38.628-0600] {dag.py:3239} INFO - Sync 1 DAGs
[2025-05-23T10:29:38.663-0600] {logging_mixin.py:190} INFO - [2025-05-23T10:29:38.662-0600] {dag.py:3262} INFO - Creating ORM DAG for latest_only
[2025-05-23T10:29:38.693-0600] {logging_mixin.py:190} INFO - [2025-05-23T10:29:38.691-0600] {dag.py:4180} INFO - Setting next_dagrun for latest_only to 2025-05-23 12:00:00+00:00, run_after=2025-05-23 16:00:00+00:00
[2025-05-23T10:29:38.755-0600] {processor.py:208} INFO - Processing /home/airflow/.local/lib/python3.12/site-packages/airflow/example_dags/example_latest_only.py took 0.585 seconds
[2025-05-23T10:30:08.845-0600] {processor.py:186} INFO - Started process (PID=153) to work on /home/airflow/.local/lib/python3.12/site-packages/airflow/example_dags/example_latest_only.py
[2025-05-23T10:30:08.847-0600] {processor.py:914} INFO - Processing file /home/airflow/.local/lib/python3.12/site-packages/airflow/example_dags/example_latest_only.py for tasks to queue
[2025-05-23T10:30:08.851-0600] {logging_mixin.py:190} INFO - [2025-05-23T10:30:08.850-0600] {dagbag.py:588} INFO - Filling up the DagBag from /home/airflow/.local/lib/python3.12/site-packages/airflow/example_dags/example_latest_only.py
[2025-05-23T10:30:08.865-0600] {processor.py:925} INFO - DAG(s) 'latest_only' retrieved from /home/airflow/.local/lib/python3.12/site-packages/airflow/example_dags/example_latest_only.py
[2025-05-23T10:30:08.901-0600] {logging_mixin.py:190} INFO - [2025-05-23T10:30:08.900-0600] {dag.py:3239} INFO - Sync 1 DAGs
[2025-05-23T10:30:08.954-0600] {logging_mixin.py:190} INFO - [2025-05-23T10:30:08.953-0600] {dag.py:4180} INFO - Setting next_dagrun for latest_only to 2025-05-23 12:00:00+00:00, run_after=2025-05-23 16:00:00+00:00
[2025-05-23T10:30:08.983-0600] {processor.py:208} INFO - Processing /home/airflow/.local/lib/python3.12/site-packages/airflow/example_dags/example_latest_only.py took 0.150 seconds
[2025-05-23T10:30:39.661-0600] {processor.py:186} INFO - Started process (PID=216) to work on /home/airflow/.local/lib/python3.12/site-packages/airflow/example_dags/example_latest_only.py
[2025-05-23T10:30:39.664-0600] {processor.py:914} INFO - Processing file /home/airflow/.local/lib/python3.12/site-packages/airflow/example_dags/example_latest_only.py for tasks to queue
[2025-05-23T10:30:39.669-0600] {logging_mixin.py:190} INFO - [2025-05-23T10:30:39.668-0600] {dagbag.py:588} INFO - Filling up the DagBag from /home/airflow/.local/lib/python3.12/site-packages/airflow/example_dags/example_latest_only.py
[2025-05-23T10:30:39.687-0600] {processor.py:925} INFO - DAG(s) 'latest_only' retrieved from /home/airflow/.local/lib/python3.12/site-packages/airflow/example_dags/example_latest_only.py
[2025-05-23T10:30:39.727-0600] {logging_mixin.py:190} INFO - [2025-05-23T10:30:39.727-0600] {dag.py:3239} INFO - Sync 1 DAGs
[2025-05-23T10:30:39.771-0600] {logging_mixin.py:190} INFO - [2025-05-23T10:30:39.771-0600] {dag.py:4180} INFO - Setting next_dagrun for latest_only to 2025-05-23 12:00:00+00:00, run_after=2025-05-23 16:00:00+00:00
[2025-05-23T10:30:39.799-0600] {processor.py:208} INFO - Processing /home/airflow/.local/lib/python3.12/site-packages/airflow/example_dags/example_latest_only.py took 0.155 seconds
[2025-05-23T10:31:10.215-0600] {processor.py:186} INFO - Started process (PID=278) to work on /home/airflow/.local/lib/python3.12/site-packages/airflow/example_dags/example_latest_only.py
[2025-05-23T10:31:10.218-0600] {processor.py:914} INFO - Processing file /home/airflow/.local/lib/python3.12/site-packages/airflow/example_dags/example_latest_only.py for tasks to queue
[2025-05-23T10:31:10.224-0600] {logging_mixin.py:190} INFO - [2025-05-23T10:31:10.224-0600] {dagbag.py:588} INFO - Filling up the DagBag from /home/airflow/.local/lib/python3.12/site-packages/airflow/example_dags/example_latest_only.py
[2025-05-23T10:31:10.245-0600] {processor.py:925} INFO - DAG(s) 'latest_only' retrieved from /home/airflow/.local/lib/python3.12/site-packages/airflow/example_dags/example_latest_only.py
[2025-05-23T10:31:10.288-0600] {logging_mixin.py:190} INFO - [2025-05-23T10:31:10.287-0600] {dag.py:3239} INFO - Sync 1 DAGs
[2025-05-23T10:31:10.346-0600] {logging_mixin.py:190} INFO - [2025-05-23T10:31:10.345-0600] {dag.py:4180} INFO - Setting next_dagrun for latest_only to 2025-05-23 12:00:00+00:00, run_after=2025-05-23 16:00:00+00:00
[2025-05-23T10:31:10.374-0600] {processor.py:208} INFO - Processing /home/airflow/.local/lib/python3.12/site-packages/airflow/example_dags/example_latest_only.py took 0.171 seconds
[2025-05-23T10:31:40.748-0600] {processor.py:186} INFO - Started process (PID=342) to work on /home/airflow/.local/lib/python3.12/site-packages/airflow/example_dags/example_latest_only.py
[2025-05-23T10:31:40.750-0600] {processor.py:914} INFO - Processing file /home/airflow/.local/lib/python3.12/site-packages/airflow/example_dags/example_latest_only.py for tasks to queue
[2025-05-23T10:31:40.753-0600] {logging_mixin.py:190} INFO - [2025-05-23T10:31:40.753-0600] {dagbag.py:588} INFO - Filling up the DagBag from /home/airflow/.local/lib/python3.12/site-packages/airflow/example_dags/example_latest_only.py
[2025-05-23T10:31:40.766-0600] {processor.py:925} INFO - DAG(s) 'latest_only' retrieved from /home/airflow/.local/lib/python3.12/site-packages/airflow/example_dags/example_latest_only.py
[2025-05-23T10:31:40.802-0600] {logging_mixin.py:190} INFO - [2025-05-23T10:31:40.802-0600] {dag.py:3239} INFO - Sync 1 DAGs
[2025-05-23T10:31:40.846-0600] {logging_mixin.py:190} INFO - [2025-05-23T10:31:40.846-0600] {dag.py:4180} INFO - Setting next_dagrun for latest_only to 2025-05-23 12:00:00+00:00, run_after=2025-05-23 16:00:00+00:00
[2025-05-23T10:31:40.871-0600] {processor.py:208} INFO - Processing /home/airflow/.local/lib/python3.12/site-packages/airflow/example_dags/example_latest_only.py took 0.136 seconds
[2025-05-23T10:32:11.565-0600] {processor.py:186} INFO - Started process (PID=405) to work on /home/airflow/.local/lib/python3.12/site-packages/airflow/example_dags/example_latest_only.py
[2025-05-23T10:32:11.567-0600] {processor.py:914} INFO - Processing file /home/airflow/.local/lib/python3.12/site-packages/airflow/example_dags/example_latest_only.py for tasks to queue
[2025-05-23T10:32:11.571-0600] {logging_mixin.py:190} INFO - [2025-05-23T10:32:11.570-0600] {dagbag.py:588} INFO - Filling up the DagBag from /home/airflow/.local/lib/python3.12/site-packages/airflow/example_dags/example_latest_only.py
[2025-05-23T10:32:11.584-0600] {processor.py:925} INFO - DAG(s) 'latest_only' retrieved from /home/airflow/.local/lib/python3.12/site-packages/airflow/example_dags/example_latest_only.py
[2025-05-23T10:32:11.628-0600] {logging_mixin.py:190} INFO - [2025-05-23T10:32:11.627-0600] {dag.py:3239} INFO - Sync 1 DAGs
[2025-05-23T10:32:11.677-0600] {logging_mixin.py:190} INFO - [2025-05-23T10:32:11.676-0600] {dag.py:4180} INFO - Setting next_dagrun for latest_only to 2025-05-23 12:00:00+00:00, run_after=2025-05-23 16:00:00+00:00
[2025-05-23T10:32:11.704-0600] {processor.py:208} INFO - Processing /home/airflow/.local/lib/python3.12/site-packages/airflow/example_dags/example_latest_only.py took 0.149 seconds
[2025-05-23T10:32:42.319-0600] {processor.py:186} INFO - Started process (PID=467) to work on /home/airflow/.local/lib/python3.12/site-packages/airflow/example_dags/example_latest_only.py
[2025-05-23T10:32:42.321-0600] {processor.py:914} INFO - Processing file /home/airflow/.local/lib/python3.12/site-packages/airflow/example_dags/example_latest_only.py for tasks to queue
[2025-05-23T10:32:42.326-0600] {logging_mixin.py:190} INFO - [2025-05-23T10:32:42.325-0600] {dagbag.py:588} INFO - Filling up the DagBag from /home/airflow/.local/lib/python3.12/site-packages/airflow/example_dags/example_latest_only.py
[2025-05-23T10:32:42.348-0600] {processor.py:925} INFO - DAG(s) 'latest_only' retrieved from /home/airflow/.local/lib/python3.12/site-packages/airflow/example_dags/example_latest_only.py
[2025-05-23T10:32:42.392-0600] {logging_mixin.py:190} INFO - [2025-05-23T10:32:42.392-0600] {dag.py:3239} INFO - Sync 1 DAGs
[2025-05-23T10:32:42.441-0600] {logging_mixin.py:190} INFO - [2025-05-23T10:32:42.440-0600] {dag.py:4180} INFO - Setting next_dagrun for latest_only to 2025-05-23 12:00:00+00:00, run_after=2025-05-23 16:00:00+00:00
[2025-05-23T10:32:42.470-0600] {processor.py:208} INFO - Processing /home/airflow/.local/lib/python3.12/site-packages/airflow/example_dags/example_latest_only.py took 0.169 seconds
[2025-05-23T10:33:13.967-0600] {processor.py:186} INFO - Started process (PID=530) to work on /home/airflow/.local/lib/python3.12/site-packages/airflow/example_dags/example_latest_only.py
[2025-05-23T10:33:13.968-0600] {processor.py:914} INFO - Processing file /home/airflow/.local/lib/python3.12/site-packages/airflow/example_dags/example_latest_only.py for tasks to queue
[2025-05-23T10:33:13.975-0600] {logging_mixin.py:190} INFO - [2025-05-23T10:33:13.974-0600] {dagbag.py:588} INFO - Filling up the DagBag from /home/airflow/.local/lib/python3.12/site-packages/airflow/example_dags/example_latest_only.py
[2025-05-23T10:33:13.990-0600] {processor.py:925} INFO - DAG(s) 'latest_only' retrieved from /home/airflow/.local/lib/python3.12/site-packages/airflow/example_dags/example_latest_only.py
[2025-05-23T10:33:14.036-0600] {logging_mixin.py:190} INFO - [2025-05-23T10:33:14.036-0600] {dag.py:3239} INFO - Sync 1 DAGs
[2025-05-23T10:33:14.110-0600] {logging_mixin.py:190} INFO - [2025-05-23T10:33:14.110-0600] {dag.py:4180} INFO - Setting next_dagrun for latest_only to 2025-05-23 12:00:00+00:00, run_after=2025-05-23 16:00:00+00:00
[2025-05-23T10:33:14.138-0600] {processor.py:208} INFO - Processing /home/airflow/.local/lib/python3.12/site-packages/airflow/example_dags/example_latest_only.py took 0.184 seconds
[2025-05-23T10:33:45.132-0600] {processor.py:186} INFO - Started process (PID=593) to work on /home/airflow/.local/lib/python3.12/site-packages/airflow/example_dags/example_latest_only.py
[2025-05-23T10:33:45.134-0600] {processor.py:914} INFO - Processing file /home/airflow/.local/lib/python3.12/site-packages/airflow/example_dags/example_latest_only.py for tasks to queue
[2025-05-23T10:33:45.140-0600] {logging_mixin.py:190} INFO - [2025-05-23T10:33:45.139-0600] {dagbag.py:588} INFO - Filling up the DagBag from /home/airflow/.local/lib/python3.12/site-packages/airflow/example_dags/example_latest_only.py
[2025-05-23T10:33:45.158-0600] {processor.py:925} INFO - DAG(s) 'latest_only' retrieved from /home/airflow/.local/lib/python3.12/site-packages/airflow/example_dags/example_latest_only.py
[2025-05-23T10:33:45.197-0600] {logging_mixin.py:190} INFO - [2025-05-23T10:33:45.196-0600] {dag.py:3239} INFO - Sync 1 DAGs
[2025-05-23T10:33:45.240-0600] {logging_mixin.py:190} INFO - [2025-05-23T10:33:45.240-0600] {dag.py:4180} INFO - Setting next_dagrun for latest_only to 2025-05-23 12:00:00+00:00, run_after=2025-05-23 16:00:00+00:00
[2025-05-23T10:33:45.273-0600] {processor.py:208} INFO - Processing /home/airflow/.local/lib/python3.12/site-packages/airflow/example_dags/example_latest_only.py took 0.157 seconds
[2025-05-23T10:34:16.962-0600] {processor.py:186} INFO - Started process (PID=657) to work on /home/airflow/.local/lib/python3.12/site-packages/airflow/example_dags/example_latest_only.py
[2025-05-23T10:34:16.963-0600] {processor.py:914} INFO - Processing file /home/airflow/.local/lib/python3.12/site-packages/airflow/example_dags/example_latest_only.py for tasks to queue
[2025-05-23T10:34:16.967-0600] {logging_mixin.py:190} INFO - [2025-05-23T10:34:16.967-0600] {dagbag.py:588} INFO - Filling up the DagBag from /home/airflow/.local/lib/python3.12/site-packages/airflow/example_dags/example_latest_only.py
[2025-05-23T10:34:16.981-0600] {processor.py:925} INFO - DAG(s) 'latest_only' retrieved from /home/airflow/.local/lib/python3.12/site-packages/airflow/example_dags/example_latest_only.py
[2025-05-23T10:34:17.016-0600] {logging_mixin.py:190} INFO - [2025-05-23T10:34:17.016-0600] {dag.py:3239} INFO - Sync 1 DAGs
[2025-05-23T10:34:17.055-0600] {logging_mixin.py:190} INFO - [2025-05-23T10:34:17.054-0600] {dag.py:4180} INFO - Setting next_dagrun for latest_only to 2025-05-23 12:00:00+00:00, run_after=2025-05-23 16:00:00+00:00
[2025-05-23T10:34:17.080-0600] {processor.py:208} INFO - Processing /home/airflow/.local/lib/python3.12/site-packages/airflow/example_dags/example_latest_only.py took 0.130 seconds
[2025-05-23T10:34:49.022-0600] {processor.py:186} INFO - Started process (PID=720) to work on /home/airflow/.local/lib/python3.12/site-packages/airflow/example_dags/example_latest_only.py
[2025-05-23T10:34:49.023-0600] {processor.py:914} INFO - Processing file /home/airflow/.local/lib/python3.12/site-packages/airflow/example_dags/example_latest_only.py for tasks to queue
[2025-05-23T10:34:49.028-0600] {logging_mixin.py:190} INFO - [2025-05-23T10:34:49.027-0600] {dagbag.py:588} INFO - Filling up the DagBag from /home/airflow/.local/lib/python3.12/site-packages/airflow/example_dags/example_latest_only.py
[2025-05-23T10:34:49.047-0600] {processor.py:925} INFO - DAG(s) 'latest_only' retrieved from /home/airflow/.local/lib/python3.12/site-packages/airflow/example_dags/example_latest_only.py
[2025-05-23T10:34:49.085-0600] {logging_mixin.py:190} INFO - [2025-05-23T10:34:49.084-0600] {dag.py:3239} INFO - Sync 1 DAGs
[2025-05-23T10:34:49.135-0600] {logging_mixin.py:190} INFO - [2025-05-23T10:34:49.134-0600] {dag.py:4180} INFO - Setting next_dagrun for latest_only to 2025-05-23 12:00:00+00:00, run_after=2025-05-23 16:00:00+00:00
[2025-05-23T10:34:49.170-0600] {processor.py:208} INFO - Processing /home/airflow/.local/lib/python3.12/site-packages/airflow/example_dags/example_latest_only.py took 0.163 seconds
