[2025-05-23T10:29:42.478-0600] {processor.py:186} INFO - Started process (PID=99) to work on /home/airflow/.local/lib/python3.12/site-packages/airflow/example_dags/example_python_decorator.py
[2025-05-23T10:29:42.480-0600] {processor.py:914} INFO - Processing file /home/airflow/.local/lib/python3.12/site-packages/airflow/example_dags/example_python_decorator.py for tasks to queue
[2025-05-23T10:29:42.488-0600] {logging_mixin.py:190} INFO - [2025-05-23T10:29:42.487-0600] {dagbag.py:588} INFO - Filling up the DagBag from /home/airflow/.local/lib/python3.12/site-packages/airflow/example_dags/example_python_decorator.py
[2025-05-23T10:29:42.541-0600] {processor.py:925} INFO - DAG(s) 'example_python_decorator' retrieved from /home/airflow/.local/lib/python3.12/site-packages/airflow/example_dags/example_python_decorator.py
[2025-05-23T10:29:42.882-0600] {logging_mixin.py:190} INFO - [2025-05-23T10:29:42.881-0600] {override.py:1912} INFO - Created Permission View: can delete on DAG:example_python_decorator
[2025-05-23T10:29:42.919-0600] {logging_mixin.py:190} INFO - [2025-05-23T10:29:42.918-0600] {override.py:1912} INFO - Created Permission View: can edit on DAG:example_python_decorator
[2025-05-23T10:29:42.949-0600] {logging_mixin.py:190} INFO - [2025-05-23T10:29:42.949-0600] {override.py:1912} INFO - Created Permission View: can read on DAG:example_python_decorator
[2025-05-23T10:29:42.965-0600] {logging_mixin.py:190} INFO - [2025-05-23T10:29:42.965-0600] {override.py:1912} INFO - Created Permission View: can delete on DAG Run:example_python_decorator
[2025-05-23T10:29:42.975-0600] {logging_mixin.py:190} INFO - [2025-05-23T10:29:42.974-0600] {override.py:1912} INFO - Created Permission View: can create on DAG Run:example_python_decorator
[2025-05-23T10:29:42.982-0600] {logging_mixin.py:190} INFO - [2025-05-23T10:29:42.982-0600] {override.py:1912} INFO - Created Permission View: menu access on DAG Run:example_python_decorator
[2025-05-23T10:29:42.994-0600] {logging_mixin.py:190} INFO - [2025-05-23T10:29:42.993-0600] {override.py:1912} INFO - Created Permission View: can read on DAG Run:example_python_decorator
[2025-05-23T10:29:42.994-0600] {logging_mixin.py:190} INFO - [2025-05-23T10:29:42.994-0600] {dag.py:3239} INFO - Sync 1 DAGs
[2025-05-23T10:29:43.021-0600] {logging_mixin.py:190} INFO - [2025-05-23T10:29:43.020-0600] {dag.py:3262} INFO - Creating ORM DAG for example_python_decorator
[2025-05-23T10:29:43.023-0600] {logging_mixin.py:190} INFO - [2025-05-23T10:29:43.022-0600] {dag.py:4180} INFO - Setting next_dagrun for example_python_decorator to None, run_after=None
[2025-05-23T10:29:43.060-0600] {processor.py:208} INFO - Processing /home/airflow/.local/lib/python3.12/site-packages/airflow/example_dags/example_python_decorator.py took 0.603 seconds
[2025-05-23T10:30:13.762-0600] {processor.py:186} INFO - Started process (PID=162) to work on /home/airflow/.local/lib/python3.12/site-packages/airflow/example_dags/example_python_decorator.py
[2025-05-23T10:30:13.765-0600] {processor.py:914} INFO - Processing file /home/airflow/.local/lib/python3.12/site-packages/airflow/example_dags/example_python_decorator.py for tasks to queue
[2025-05-23T10:30:13.770-0600] {logging_mixin.py:190} INFO - [2025-05-23T10:30:13.769-0600] {dagbag.py:588} INFO - Filling up the DagBag from /home/airflow/.local/lib/python3.12/site-packages/airflow/example_dags/example_python_decorator.py
[2025-05-23T10:30:13.802-0600] {processor.py:925} INFO - DAG(s) 'example_python_decorator' retrieved from /home/airflow/.local/lib/python3.12/site-packages/airflow/example_dags/example_python_decorator.py
[2025-05-23T10:30:13.877-0600] {logging_mixin.py:190} INFO - [2025-05-23T10:30:13.876-0600] {dag.py:3239} INFO - Sync 1 DAGs
[2025-05-23T10:30:13.911-0600] {logging_mixin.py:190} INFO - [2025-05-23T10:30:13.911-0600] {dag.py:4180} INFO - Setting next_dagrun for example_python_decorator to None, run_after=None
[2025-05-23T10:30:13.966-0600] {processor.py:208} INFO - Processing /home/airflow/.local/lib/python3.12/site-packages/airflow/example_dags/example_python_decorator.py took 0.219 seconds
[2025-05-23T10:30:44.342-0600] {processor.py:186} INFO - Started process (PID=224) to work on /home/airflow/.local/lib/python3.12/site-packages/airflow/example_dags/example_python_decorator.py
[2025-05-23T10:30:44.345-0600] {processor.py:914} INFO - Processing file /home/airflow/.local/lib/python3.12/site-packages/airflow/example_dags/example_python_decorator.py for tasks to queue
[2025-05-23T10:30:44.352-0600] {logging_mixin.py:190} INFO - [2025-05-23T10:30:44.351-0600] {dagbag.py:588} INFO - Filling up the DagBag from /home/airflow/.local/lib/python3.12/site-packages/airflow/example_dags/example_python_decorator.py
[2025-05-23T10:30:44.392-0600] {processor.py:925} INFO - DAG(s) 'example_python_decorator' retrieved from /home/airflow/.local/lib/python3.12/site-packages/airflow/example_dags/example_python_decorator.py
[2025-05-23T10:30:44.448-0600] {logging_mixin.py:190} INFO - [2025-05-23T10:30:44.448-0600] {dag.py:3239} INFO - Sync 1 DAGs
[2025-05-23T10:30:44.480-0600] {logging_mixin.py:190} INFO - [2025-05-23T10:30:44.480-0600] {dag.py:4180} INFO - Setting next_dagrun for example_python_decorator to None, run_after=None
[2025-05-23T10:30:44.510-0600] {processor.py:208} INFO - Processing /home/airflow/.local/lib/python3.12/site-packages/airflow/example_dags/example_python_decorator.py took 0.185 seconds
[2025-05-23T10:31:15.239-0600] {processor.py:186} INFO - Started process (PID=287) to work on /home/airflow/.local/lib/python3.12/site-packages/airflow/example_dags/example_python_decorator.py
[2025-05-23T10:31:15.240-0600] {processor.py:914} INFO - Processing file /home/airflow/.local/lib/python3.12/site-packages/airflow/example_dags/example_python_decorator.py for tasks to queue
[2025-05-23T10:31:15.244-0600] {logging_mixin.py:190} INFO - [2025-05-23T10:31:15.244-0600] {dagbag.py:588} INFO - Filling up the DagBag from /home/airflow/.local/lib/python3.12/site-packages/airflow/example_dags/example_python_decorator.py
[2025-05-23T10:31:15.270-0600] {processor.py:925} INFO - DAG(s) 'example_python_decorator' retrieved from /home/airflow/.local/lib/python3.12/site-packages/airflow/example_dags/example_python_decorator.py
[2025-05-23T10:31:15.308-0600] {logging_mixin.py:190} INFO - [2025-05-23T10:31:15.308-0600] {dag.py:3239} INFO - Sync 1 DAGs
[2025-05-23T10:31:15.334-0600] {logging_mixin.py:190} INFO - [2025-05-23T10:31:15.333-0600] {dag.py:4180} INFO - Setting next_dagrun for example_python_decorator to None, run_after=None
[2025-05-23T10:31:15.357-0600] {processor.py:208} INFO - Processing /home/airflow/.local/lib/python3.12/site-packages/airflow/example_dags/example_python_decorator.py took 0.131 seconds
[2025-05-23T10:31:45.609-0600] {processor.py:186} INFO - Started process (PID=351) to work on /home/airflow/.local/lib/python3.12/site-packages/airflow/example_dags/example_python_decorator.py
[2025-05-23T10:31:45.610-0600] {processor.py:914} INFO - Processing file /home/airflow/.local/lib/python3.12/site-packages/airflow/example_dags/example_python_decorator.py for tasks to queue
[2025-05-23T10:31:45.614-0600] {logging_mixin.py:190} INFO - [2025-05-23T10:31:45.614-0600] {dagbag.py:588} INFO - Filling up the DagBag from /home/airflow/.local/lib/python3.12/site-packages/airflow/example_dags/example_python_decorator.py
[2025-05-23T10:31:45.642-0600] {processor.py:925} INFO - DAG(s) 'example_python_decorator' retrieved from /home/airflow/.local/lib/python3.12/site-packages/airflow/example_dags/example_python_decorator.py
[2025-05-23T10:31:45.681-0600] {logging_mixin.py:190} INFO - [2025-05-23T10:31:45.681-0600] {dag.py:3239} INFO - Sync 1 DAGs
[2025-05-23T10:31:45.709-0600] {logging_mixin.py:190} INFO - [2025-05-23T10:31:45.708-0600] {dag.py:4180} INFO - Setting next_dagrun for example_python_decorator to None, run_after=None
[2025-05-23T10:31:45.736-0600] {processor.py:208} INFO - Processing /home/airflow/.local/lib/python3.12/site-packages/airflow/example_dags/example_python_decorator.py took 0.139 seconds
[2025-05-23T10:32:16.397-0600] {processor.py:186} INFO - Started process (PID=413) to work on /home/airflow/.local/lib/python3.12/site-packages/airflow/example_dags/example_python_decorator.py
[2025-05-23T10:32:16.399-0600] {processor.py:914} INFO - Processing file /home/airflow/.local/lib/python3.12/site-packages/airflow/example_dags/example_python_decorator.py for tasks to queue
[2025-05-23T10:32:16.403-0600] {logging_mixin.py:190} INFO - [2025-05-23T10:32:16.403-0600] {dagbag.py:588} INFO - Filling up the DagBag from /home/airflow/.local/lib/python3.12/site-packages/airflow/example_dags/example_python_decorator.py
[2025-05-23T10:32:16.432-0600] {processor.py:925} INFO - DAG(s) 'example_python_decorator' retrieved from /home/airflow/.local/lib/python3.12/site-packages/airflow/example_dags/example_python_decorator.py
[2025-05-23T10:32:16.473-0600] {logging_mixin.py:190} INFO - [2025-05-23T10:32:16.472-0600] {dag.py:3239} INFO - Sync 1 DAGs
[2025-05-23T10:32:16.498-0600] {logging_mixin.py:190} INFO - [2025-05-23T10:32:16.498-0600] {dag.py:4180} INFO - Setting next_dagrun for example_python_decorator to None, run_after=None
[2025-05-23T10:32:16.524-0600] {processor.py:208} INFO - Processing /home/airflow/.local/lib/python3.12/site-packages/airflow/example_dags/example_python_decorator.py took 0.137 seconds
[2025-05-23T10:32:47.236-0600] {processor.py:186} INFO - Started process (PID=475) to work on /home/airflow/.local/lib/python3.12/site-packages/airflow/example_dags/example_python_decorator.py
[2025-05-23T10:32:47.245-0600] {processor.py:914} INFO - Processing file /home/airflow/.local/lib/python3.12/site-packages/airflow/example_dags/example_python_decorator.py for tasks to queue
[2025-05-23T10:32:47.250-0600] {logging_mixin.py:190} INFO - [2025-05-23T10:32:47.249-0600] {dagbag.py:588} INFO - Filling up the DagBag from /home/airflow/.local/lib/python3.12/site-packages/airflow/example_dags/example_python_decorator.py
[2025-05-23T10:32:47.312-0600] {processor.py:925} INFO - DAG(s) 'example_python_decorator' retrieved from /home/airflow/.local/lib/python3.12/site-packages/airflow/example_dags/example_python_decorator.py
[2025-05-23T10:32:47.366-0600] {logging_mixin.py:190} INFO - [2025-05-23T10:32:47.365-0600] {dag.py:3239} INFO - Sync 1 DAGs
[2025-05-23T10:32:47.403-0600] {logging_mixin.py:190} INFO - [2025-05-23T10:32:47.403-0600] {dag.py:4180} INFO - Setting next_dagrun for example_python_decorator to None, run_after=None
[2025-05-23T10:32:47.492-0600] {processor.py:208} INFO - Processing /home/airflow/.local/lib/python3.12/site-packages/airflow/example_dags/example_python_decorator.py took 0.277 seconds
[2025-05-23T10:33:17.807-0600] {processor.py:186} INFO - Started process (PID=537) to work on /home/airflow/.local/lib/python3.12/site-packages/airflow/example_dags/example_python_decorator.py
[2025-05-23T10:33:17.809-0600] {processor.py:914} INFO - Processing file /home/airflow/.local/lib/python3.12/site-packages/airflow/example_dags/example_python_decorator.py for tasks to queue
[2025-05-23T10:33:17.813-0600] {logging_mixin.py:190} INFO - [2025-05-23T10:33:17.812-0600] {dagbag.py:588} INFO - Filling up the DagBag from /home/airflow/.local/lib/python3.12/site-packages/airflow/example_dags/example_python_decorator.py
[2025-05-23T10:33:17.841-0600] {processor.py:925} INFO - DAG(s) 'example_python_decorator' retrieved from /home/airflow/.local/lib/python3.12/site-packages/airflow/example_dags/example_python_decorator.py
[2025-05-23T10:33:17.881-0600] {logging_mixin.py:190} INFO - [2025-05-23T10:33:17.880-0600] {dag.py:3239} INFO - Sync 1 DAGs
[2025-05-23T10:33:17.908-0600] {logging_mixin.py:190} INFO - [2025-05-23T10:33:17.907-0600] {dag.py:4180} INFO - Setting next_dagrun for example_python_decorator to None, run_after=None
[2025-05-23T10:33:17.936-0600] {processor.py:208} INFO - Processing /home/airflow/.local/lib/python3.12/site-packages/airflow/example_dags/example_python_decorator.py took 0.139 seconds
[2025-05-23T10:33:48.071-0600] {processor.py:186} INFO - Started process (PID=600) to work on /home/airflow/.local/lib/python3.12/site-packages/airflow/example_dags/example_python_decorator.py
[2025-05-23T10:33:48.073-0600] {processor.py:914} INFO - Processing file /home/airflow/.local/lib/python3.12/site-packages/airflow/example_dags/example_python_decorator.py for tasks to queue
[2025-05-23T10:33:48.077-0600] {logging_mixin.py:190} INFO - [2025-05-23T10:33:48.076-0600] {dagbag.py:588} INFO - Filling up the DagBag from /home/airflow/.local/lib/python3.12/site-packages/airflow/example_dags/example_python_decorator.py
[2025-05-23T10:33:48.113-0600] {processor.py:925} INFO - DAG(s) 'example_python_decorator' retrieved from /home/airflow/.local/lib/python3.12/site-packages/airflow/example_dags/example_python_decorator.py
[2025-05-23T10:33:48.152-0600] {logging_mixin.py:190} INFO - [2025-05-23T10:33:48.152-0600] {dag.py:3239} INFO - Sync 1 DAGs
[2025-05-23T10:33:48.185-0600] {logging_mixin.py:190} INFO - [2025-05-23T10:33:48.185-0600] {dag.py:4180} INFO - Setting next_dagrun for example_python_decorator to None, run_after=None
[2025-05-23T10:33:48.240-0600] {processor.py:208} INFO - Processing /home/airflow/.local/lib/python3.12/site-packages/airflow/example_dags/example_python_decorator.py took 0.181 seconds
[2025-05-23T10:34:18.827-0600] {processor.py:186} INFO - Started process (PID=664) to work on /home/airflow/.local/lib/python3.12/site-packages/airflow/example_dags/example_python_decorator.py
[2025-05-23T10:34:18.829-0600] {processor.py:914} INFO - Processing file /home/airflow/.local/lib/python3.12/site-packages/airflow/example_dags/example_python_decorator.py for tasks to queue
[2025-05-23T10:34:18.834-0600] {logging_mixin.py:190} INFO - [2025-05-23T10:34:18.833-0600] {dagbag.py:588} INFO - Filling up the DagBag from /home/airflow/.local/lib/python3.12/site-packages/airflow/example_dags/example_python_decorator.py
[2025-05-23T10:34:18.862-0600] {processor.py:925} INFO - DAG(s) 'example_python_decorator' retrieved from /home/airflow/.local/lib/python3.12/site-packages/airflow/example_dags/example_python_decorator.py
[2025-05-23T10:34:18.903-0600] {logging_mixin.py:190} INFO - [2025-05-23T10:34:18.902-0600] {dag.py:3239} INFO - Sync 1 DAGs
[2025-05-23T10:34:18.932-0600] {logging_mixin.py:190} INFO - [2025-05-23T10:34:18.932-0600] {dag.py:4180} INFO - Setting next_dagrun for example_python_decorator to None, run_after=None
[2025-05-23T10:34:18.964-0600] {processor.py:208} INFO - Processing /home/airflow/.local/lib/python3.12/site-packages/airflow/example_dags/example_python_decorator.py took 0.162 seconds
[2025-05-23T10:34:50.148-0600] {processor.py:186} INFO - Started process (PID=727) to work on /home/airflow/.local/lib/python3.12/site-packages/airflow/example_dags/example_python_decorator.py
[2025-05-23T10:34:50.150-0600] {processor.py:914} INFO - Processing file /home/airflow/.local/lib/python3.12/site-packages/airflow/example_dags/example_python_decorator.py for tasks to queue
[2025-05-23T10:34:50.156-0600] {logging_mixin.py:190} INFO - [2025-05-23T10:34:50.155-0600] {dagbag.py:588} INFO - Filling up the DagBag from /home/airflow/.local/lib/python3.12/site-packages/airflow/example_dags/example_python_decorator.py
[2025-05-23T10:34:50.186-0600] {processor.py:925} INFO - DAG(s) 'example_python_decorator' retrieved from /home/airflow/.local/lib/python3.12/site-packages/airflow/example_dags/example_python_decorator.py
[2025-05-23T10:34:50.239-0600] {logging_mixin.py:190} INFO - [2025-05-23T10:34:50.238-0600] {dag.py:3239} INFO - Sync 1 DAGs
[2025-05-23T10:34:50.280-0600] {logging_mixin.py:190} INFO - [2025-05-23T10:34:50.280-0600] {dag.py:4180} INFO - Setting next_dagrun for example_python_decorator to None, run_after=None
[2025-05-23T10:34:50.326-0600] {processor.py:208} INFO - Processing /home/airflow/.local/lib/python3.12/site-packages/airflow/example_dags/example_python_decorator.py took 0.190 seconds
