[2025-05-23T10:29:22.990-0600] {processor.py:186} INFO - Started process (PID=70) to work on /home/airflow/.local/lib/python3.12/site-packages/airflow/example_dags/example_branch_labels.py
[2025-05-23T10:29:22.993-0600] {processor.py:914} INFO - Processing file /home/airflow/.local/lib/python3.12/site-packages/airflow/example_dags/example_branch_labels.py for tasks to queue
[2025-05-23T10:29:23.003-0600] {logging_mixin.py:190} INFO - [2025-05-23T10:29:23.002-0600] {dagbag.py:588} INFO - Filling up the DagBag from /home/airflow/.local/lib/python3.12/site-packages/airflow/example_dags/example_branch_labels.py
[2025-05-23T10:29:23.039-0600] {processor.py:925} INFO - DAG(s) 'example_branch_labels' retrieved from /home/airflow/.local/lib/python3.12/site-packages/airflow/example_dags/example_branch_labels.py
[2025-05-23T10:29:23.348-0600] {logging_mixin.py:190} INFO - [2025-05-23T10:29:23.347-0600] {override.py:1912} INFO - Created Permission View: can delete on DAG:example_branch_labels
[2025-05-23T10:29:23.383-0600] {logging_mixin.py:190} INFO - [2025-05-23T10:29:23.382-0600] {override.py:1912} INFO - Created Permission View: can edit on DAG:example_branch_labels
[2025-05-23T10:29:23.404-0600] {logging_mixin.py:190} INFO - [2025-05-23T10:29:23.403-0600] {override.py:1912} INFO - Created Permission View: can read on DAG:example_branch_labels
[2025-05-23T10:29:23.419-0600] {logging_mixin.py:190} INFO - [2025-05-23T10:29:23.418-0600] {override.py:1912} INFO - Created Permission View: can delete on DAG Run:example_branch_labels
[2025-05-23T10:29:23.436-0600] {logging_mixin.py:190} INFO - [2025-05-23T10:29:23.436-0600] {override.py:1912} INFO - Created Permission View: can create on DAG Run:example_branch_labels
[2025-05-23T10:29:23.460-0600] {logging_mixin.py:190} INFO - [2025-05-23T10:29:23.459-0600] {override.py:1912} INFO - Created Permission View: menu access on DAG Run:example_branch_labels
[2025-05-23T10:29:23.485-0600] {logging_mixin.py:190} INFO - [2025-05-23T10:29:23.485-0600] {override.py:1912} INFO - Created Permission View: can read on DAG Run:example_branch_labels
[2025-05-23T10:29:23.486-0600] {logging_mixin.py:190} INFO - [2025-05-23T10:29:23.486-0600] {dag.py:3239} INFO - Sync 1 DAGs
[2025-05-23T10:29:23.538-0600] {logging_mixin.py:190} INFO - [2025-05-23T10:29:23.538-0600] {dag.py:3262} INFO - Creating ORM DAG for example_branch_labels
[2025-05-23T10:29:23.572-0600] {logging_mixin.py:190} INFO - [2025-05-23T10:29:23.571-0600] {dag.py:4180} INFO - Setting next_dagrun for example_branch_labels to 2025-05-22 00:00:00+00:00, run_after=2025-05-23 00:00:00+00:00
[2025-05-23T10:29:23.592-0600] {processor.py:208} INFO - Processing /home/airflow/.local/lib/python3.12/site-packages/airflow/example_dags/example_branch_labels.py took 0.652 seconds
[2025-05-23T10:29:53.927-0600] {processor.py:186} INFO - Started process (PID=133) to work on /home/airflow/.local/lib/python3.12/site-packages/airflow/example_dags/example_branch_labels.py
[2025-05-23T10:29:53.928-0600] {processor.py:914} INFO - Processing file /home/airflow/.local/lib/python3.12/site-packages/airflow/example_dags/example_branch_labels.py for tasks to queue
[2025-05-23T10:29:53.933-0600] {logging_mixin.py:190} INFO - [2025-05-23T10:29:53.932-0600] {dagbag.py:588} INFO - Filling up the DagBag from /home/airflow/.local/lib/python3.12/site-packages/airflow/example_dags/example_branch_labels.py
[2025-05-23T10:29:53.951-0600] {processor.py:925} INFO - DAG(s) 'example_branch_labels' retrieved from /home/airflow/.local/lib/python3.12/site-packages/airflow/example_dags/example_branch_labels.py
[2025-05-23T10:29:53.993-0600] {logging_mixin.py:190} INFO - [2025-05-23T10:29:53.992-0600] {dag.py:3239} INFO - Sync 1 DAGs
[2025-05-23T10:29:54.057-0600] {logging_mixin.py:190} INFO - [2025-05-23T10:29:54.056-0600] {dag.py:4180} INFO - Setting next_dagrun for example_branch_labels to 2025-05-22 00:00:00+00:00, run_after=2025-05-23 00:00:00+00:00
[2025-05-23T10:29:54.085-0600] {processor.py:208} INFO - Processing /home/airflow/.local/lib/python3.12/site-packages/airflow/example_dags/example_branch_labels.py took 0.170 seconds
[2025-05-23T10:30:24.502-0600] {processor.py:186} INFO - Started process (PID=196) to work on /home/airflow/.local/lib/python3.12/site-packages/airflow/example_dags/example_branch_labels.py
[2025-05-23T10:30:24.504-0600] {processor.py:914} INFO - Processing file /home/airflow/.local/lib/python3.12/site-packages/airflow/example_dags/example_branch_labels.py for tasks to queue
[2025-05-23T10:30:24.508-0600] {logging_mixin.py:190} INFO - [2025-05-23T10:30:24.507-0600] {dagbag.py:588} INFO - Filling up the DagBag from /home/airflow/.local/lib/python3.12/site-packages/airflow/example_dags/example_branch_labels.py
[2025-05-23T10:30:24.526-0600] {processor.py:925} INFO - DAG(s) 'example_branch_labels' retrieved from /home/airflow/.local/lib/python3.12/site-packages/airflow/example_dags/example_branch_labels.py
[2025-05-23T10:30:24.578-0600] {logging_mixin.py:190} INFO - [2025-05-23T10:30:24.577-0600] {dag.py:3239} INFO - Sync 1 DAGs
[2025-05-23T10:30:24.623-0600] {logging_mixin.py:190} INFO - [2025-05-23T10:30:24.623-0600] {dag.py:4180} INFO - Setting next_dagrun for example_branch_labels to 2025-05-22 00:00:00+00:00, run_after=2025-05-23 00:00:00+00:00
[2025-05-23T10:30:24.647-0600] {processor.py:208} INFO - Processing /home/airflow/.local/lib/python3.12/site-packages/airflow/example_dags/example_branch_labels.py took 0.155 seconds
[2025-05-23T10:30:54.862-0600] {processor.py:186} INFO - Started process (PID=259) to work on /home/airflow/.local/lib/python3.12/site-packages/airflow/example_dags/example_branch_labels.py
[2025-05-23T10:30:54.864-0600] {processor.py:914} INFO - Processing file /home/airflow/.local/lib/python3.12/site-packages/airflow/example_dags/example_branch_labels.py for tasks to queue
[2025-05-23T10:30:54.868-0600] {logging_mixin.py:190} INFO - [2025-05-23T10:30:54.867-0600] {dagbag.py:588} INFO - Filling up the DagBag from /home/airflow/.local/lib/python3.12/site-packages/airflow/example_dags/example_branch_labels.py
[2025-05-23T10:30:54.885-0600] {processor.py:925} INFO - DAG(s) 'example_branch_labels' retrieved from /home/airflow/.local/lib/python3.12/site-packages/airflow/example_dags/example_branch_labels.py
[2025-05-23T10:30:54.922-0600] {logging_mixin.py:190} INFO - [2025-05-23T10:30:54.921-0600] {dag.py:3239} INFO - Sync 1 DAGs
[2025-05-23T10:30:54.981-0600] {logging_mixin.py:190} INFO - [2025-05-23T10:30:54.980-0600] {dag.py:4180} INFO - Setting next_dagrun for example_branch_labels to 2025-05-22 00:00:00+00:00, run_after=2025-05-23 00:00:00+00:00
[2025-05-23T10:30:55.007-0600] {processor.py:208} INFO - Processing /home/airflow/.local/lib/python3.12/site-packages/airflow/example_dags/example_branch_labels.py took 0.155 seconds
[2025-05-23T10:31:25.225-0600] {processor.py:186} INFO - Started process (PID=322) to work on /home/airflow/.local/lib/python3.12/site-packages/airflow/example_dags/example_branch_labels.py
[2025-05-23T10:31:25.228-0600] {processor.py:914} INFO - Processing file /home/airflow/.local/lib/python3.12/site-packages/airflow/example_dags/example_branch_labels.py for tasks to queue
[2025-05-23T10:31:25.240-0600] {logging_mixin.py:190} INFO - [2025-05-23T10:31:25.239-0600] {dagbag.py:588} INFO - Filling up the DagBag from /home/airflow/.local/lib/python3.12/site-packages/airflow/example_dags/example_branch_labels.py
[2025-05-23T10:31:25.266-0600] {processor.py:925} INFO - DAG(s) 'example_branch_labels' retrieved from /home/airflow/.local/lib/python3.12/site-packages/airflow/example_dags/example_branch_labels.py
[2025-05-23T10:31:25.308-0600] {logging_mixin.py:190} INFO - [2025-05-23T10:31:25.308-0600] {dag.py:3239} INFO - Sync 1 DAGs
[2025-05-23T10:31:25.359-0600] {logging_mixin.py:190} INFO - [2025-05-23T10:31:25.359-0600] {dag.py:4180} INFO - Setting next_dagrun for example_branch_labels to 2025-05-22 00:00:00+00:00, run_after=2025-05-23 00:00:00+00:00
[2025-05-23T10:31:25.388-0600] {processor.py:208} INFO - Processing /home/airflow/.local/lib/python3.12/site-packages/airflow/example_dags/example_branch_labels.py took 0.191 seconds
[2025-05-23T10:31:55.447-0600] {processor.py:186} INFO - Started process (PID=386) to work on /home/airflow/.local/lib/python3.12/site-packages/airflow/example_dags/example_branch_labels.py
[2025-05-23T10:31:55.448-0600] {processor.py:914} INFO - Processing file /home/airflow/.local/lib/python3.12/site-packages/airflow/example_dags/example_branch_labels.py for tasks to queue
[2025-05-23T10:31:55.453-0600] {logging_mixin.py:190} INFO - [2025-05-23T10:31:55.452-0600] {dagbag.py:588} INFO - Filling up the DagBag from /home/airflow/.local/lib/python3.12/site-packages/airflow/example_dags/example_branch_labels.py
[2025-05-23T10:31:55.471-0600] {processor.py:925} INFO - DAG(s) 'example_branch_labels' retrieved from /home/airflow/.local/lib/python3.12/site-packages/airflow/example_dags/example_branch_labels.py
[2025-05-23T10:31:55.509-0600] {logging_mixin.py:190} INFO - [2025-05-23T10:31:55.509-0600] {dag.py:3239} INFO - Sync 1 DAGs
[2025-05-23T10:31:55.553-0600] {logging_mixin.py:190} INFO - [2025-05-23T10:31:55.552-0600] {dag.py:4180} INFO - Setting next_dagrun for example_branch_labels to 2025-05-22 00:00:00+00:00, run_after=2025-05-23 00:00:00+00:00
[2025-05-23T10:31:55.577-0600] {processor.py:208} INFO - Processing /home/airflow/.local/lib/python3.12/site-packages/airflow/example_dags/example_branch_labels.py took 0.141 seconds
[2025-05-23T10:32:26.399-0600] {processor.py:186} INFO - Started process (PID=449) to work on /home/airflow/.local/lib/python3.12/site-packages/airflow/example_dags/example_branch_labels.py
[2025-05-23T10:32:26.402-0600] {processor.py:914} INFO - Processing file /home/airflow/.local/lib/python3.12/site-packages/airflow/example_dags/example_branch_labels.py for tasks to queue
[2025-05-23T10:32:26.408-0600] {logging_mixin.py:190} INFO - [2025-05-23T10:32:26.407-0600] {dagbag.py:588} INFO - Filling up the DagBag from /home/airflow/.local/lib/python3.12/site-packages/airflow/example_dags/example_branch_labels.py
[2025-05-23T10:32:26.433-0600] {processor.py:925} INFO - DAG(s) 'example_branch_labels' retrieved from /home/airflow/.local/lib/python3.12/site-packages/airflow/example_dags/example_branch_labels.py
[2025-05-23T10:32:26.478-0600] {logging_mixin.py:190} INFO - [2025-05-23T10:32:26.477-0600] {dag.py:3239} INFO - Sync 1 DAGs
[2025-05-23T10:32:26.523-0600] {logging_mixin.py:190} INFO - [2025-05-23T10:32:26.523-0600] {dag.py:4180} INFO - Setting next_dagrun for example_branch_labels to 2025-05-22 00:00:00+00:00, run_after=2025-05-23 00:00:00+00:00
[2025-05-23T10:32:26.550-0600] {processor.py:208} INFO - Processing /home/airflow/.local/lib/python3.12/site-packages/airflow/example_dags/example_branch_labels.py took 0.165 seconds
[2025-05-23T10:32:56.833-0600] {processor.py:186} INFO - Started process (PID=511) to work on /home/airflow/.local/lib/python3.12/site-packages/airflow/example_dags/example_branch_labels.py
[2025-05-23T10:32:56.834-0600] {processor.py:914} INFO - Processing file /home/airflow/.local/lib/python3.12/site-packages/airflow/example_dags/example_branch_labels.py for tasks to queue
[2025-05-23T10:32:56.838-0600] {logging_mixin.py:190} INFO - [2025-05-23T10:32:56.838-0600] {dagbag.py:588} INFO - Filling up the DagBag from /home/airflow/.local/lib/python3.12/site-packages/airflow/example_dags/example_branch_labels.py
[2025-05-23T10:32:56.855-0600] {processor.py:925} INFO - DAG(s) 'example_branch_labels' retrieved from /home/airflow/.local/lib/python3.12/site-packages/airflow/example_dags/example_branch_labels.py
[2025-05-23T10:32:56.890-0600] {logging_mixin.py:190} INFO - [2025-05-23T10:32:56.890-0600] {dag.py:3239} INFO - Sync 1 DAGs
[2025-05-23T10:32:56.939-0600] {logging_mixin.py:190} INFO - [2025-05-23T10:32:56.938-0600] {dag.py:4180} INFO - Setting next_dagrun for example_branch_labels to 2025-05-22 00:00:00+00:00, run_after=2025-05-23 00:00:00+00:00
[2025-05-23T10:32:56.968-0600] {processor.py:208} INFO - Processing /home/airflow/.local/lib/python3.12/site-packages/airflow/example_dags/example_branch_labels.py took 0.145 seconds
[2025-05-23T10:33:27.332-0600] {processor.py:186} INFO - Started process (PID=574) to work on /home/airflow/.local/lib/python3.12/site-packages/airflow/example_dags/example_branch_labels.py
[2025-05-23T10:33:27.334-0600] {processor.py:914} INFO - Processing file /home/airflow/.local/lib/python3.12/site-packages/airflow/example_dags/example_branch_labels.py for tasks to queue
[2025-05-23T10:33:27.339-0600] {logging_mixin.py:190} INFO - [2025-05-23T10:33:27.339-0600] {dagbag.py:588} INFO - Filling up the DagBag from /home/airflow/.local/lib/python3.12/site-packages/airflow/example_dags/example_branch_labels.py
[2025-05-23T10:33:27.368-0600] {processor.py:925} INFO - DAG(s) 'example_branch_labels' retrieved from /home/airflow/.local/lib/python3.12/site-packages/airflow/example_dags/example_branch_labels.py
[2025-05-23T10:33:27.415-0600] {logging_mixin.py:190} INFO - [2025-05-23T10:33:27.414-0600] {dag.py:3239} INFO - Sync 1 DAGs
[2025-05-23T10:33:27.464-0600] {logging_mixin.py:190} INFO - [2025-05-23T10:33:27.464-0600] {dag.py:4180} INFO - Setting next_dagrun for example_branch_labels to 2025-05-22 00:00:00+00:00, run_after=2025-05-23 00:00:00+00:00
[2025-05-23T10:33:27.502-0600] {processor.py:208} INFO - Processing /home/airflow/.local/lib/python3.12/site-packages/airflow/example_dags/example_branch_labels.py took 0.187 seconds
[2025-05-23T10:33:58.192-0600] {processor.py:186} INFO - Started process (PID=637) to work on /home/airflow/.local/lib/python3.12/site-packages/airflow/example_dags/example_branch_labels.py
[2025-05-23T10:33:58.194-0600] {processor.py:914} INFO - Processing file /home/airflow/.local/lib/python3.12/site-packages/airflow/example_dags/example_branch_labels.py for tasks to queue
[2025-05-23T10:33:58.198-0600] {logging_mixin.py:190} INFO - [2025-05-23T10:33:58.197-0600] {dagbag.py:588} INFO - Filling up the DagBag from /home/airflow/.local/lib/python3.12/site-packages/airflow/example_dags/example_branch_labels.py
[2025-05-23T10:33:58.216-0600] {processor.py:925} INFO - DAG(s) 'example_branch_labels' retrieved from /home/airflow/.local/lib/python3.12/site-packages/airflow/example_dags/example_branch_labels.py
[2025-05-23T10:33:58.256-0600] {logging_mixin.py:190} INFO - [2025-05-23T10:33:58.256-0600] {dag.py:3239} INFO - Sync 1 DAGs
[2025-05-23T10:33:58.301-0600] {logging_mixin.py:190} INFO - [2025-05-23T10:33:58.300-0600] {dag.py:4180} INFO - Setting next_dagrun for example_branch_labels to 2025-05-22 00:00:00+00:00, run_after=2025-05-23 00:00:00+00:00
[2025-05-23T10:33:58.337-0600] {processor.py:208} INFO - Processing /home/airflow/.local/lib/python3.12/site-packages/airflow/example_dags/example_branch_labels.py took 0.157 seconds
[2025-05-23T10:34:29.788-0600] {processor.py:186} INFO - Started process (PID=701) to work on /home/airflow/.local/lib/python3.12/site-packages/airflow/example_dags/example_branch_labels.py
[2025-05-23T10:34:29.790-0600] {processor.py:914} INFO - Processing file /home/airflow/.local/lib/python3.12/site-packages/airflow/example_dags/example_branch_labels.py for tasks to queue
[2025-05-23T10:34:29.797-0600] {logging_mixin.py:190} INFO - [2025-05-23T10:34:29.796-0600] {dagbag.py:588} INFO - Filling up the DagBag from /home/airflow/.local/lib/python3.12/site-packages/airflow/example_dags/example_branch_labels.py
[2025-05-23T10:34:29.826-0600] {processor.py:925} INFO - DAG(s) 'example_branch_labels' retrieved from /home/airflow/.local/lib/python3.12/site-packages/airflow/example_dags/example_branch_labels.py
[2025-05-23T10:34:29.885-0600] {logging_mixin.py:190} INFO - [2025-05-23T10:34:29.885-0600] {dag.py:3239} INFO - Sync 1 DAGs
[2025-05-23T10:34:29.969-0600] {logging_mixin.py:190} INFO - [2025-05-23T10:34:29.969-0600] {dag.py:4180} INFO - Setting next_dagrun for example_branch_labels to 2025-05-22 00:00:00+00:00, run_after=2025-05-23 00:00:00+00:00
[2025-05-23T10:34:30.000-0600] {processor.py:208} INFO - Processing /home/airflow/.local/lib/python3.12/site-packages/airflow/example_dags/example_branch_labels.py took 0.225 seconds
