[2025-05-23T10:29:43.271-0600] {processor.py:186} INFO - Started process (PID=102) to work on /home/airflow/.local/lib/python3.12/site-packages/airflow/example_dags/example_sensors.py
[2025-05-23T10:29:43.273-0600] {processor.py:914} INFO - Processing file /home/airflow/.local/lib/python3.12/site-packages/airflow/example_dags/example_sensors.py for tasks to queue
[2025-05-23T10:29:43.277-0600] {logging_mixin.py:190} INFO - [2025-05-23T10:29:43.277-0600] {dagbag.py:588} INFO - Filling up the DagBag from /home/airflow/.local/lib/python3.12/site-packages/airflow/example_dags/example_sensors.py
[2025-05-23T10:29:43.305-0600] {processor.py:925} INFO - DAG(s) 'example_sensors' retrieved from /home/airflow/.local/lib/python3.12/site-packages/airflow/example_dags/example_sensors.py
[2025-05-23T10:29:43.581-0600] {logging_mixin.py:190} INFO - [2025-05-23T10:29:43.580-0600] {override.py:1912} INFO - Created Permission View: can delete on DAG:example_sensors
[2025-05-23T10:29:43.601-0600] {logging_mixin.py:190} INFO - [2025-05-23T10:29:43.601-0600] {override.py:1912} INFO - Created Permission View: can edit on DAG:example_sensors
[2025-05-23T10:29:43.611-0600] {logging_mixin.py:190} INFO - [2025-05-23T10:29:43.610-0600] {override.py:1912} INFO - Created Permission View: can read on DAG:example_sensors
[2025-05-23T10:29:43.621-0600] {logging_mixin.py:190} INFO - [2025-05-23T10:29:43.620-0600] {override.py:1912} INFO - Created Permission View: can delete on DAG Run:example_sensors
[2025-05-23T10:29:43.631-0600] {logging_mixin.py:190} INFO - [2025-05-23T10:29:43.630-0600] {override.py:1912} INFO - Created Permission View: can create on DAG Run:example_sensors
[2025-05-23T10:29:43.641-0600] {logging_mixin.py:190} INFO - [2025-05-23T10:29:43.640-0600] {override.py:1912} INFO - Created Permission View: menu access on DAG Run:example_sensors
[2025-05-23T10:29:43.654-0600] {logging_mixin.py:190} INFO - [2025-05-23T10:29:43.654-0600] {override.py:1912} INFO - Created Permission View: can read on DAG Run:example_sensors
[2025-05-23T10:29:43.655-0600] {logging_mixin.py:190} INFO - [2025-05-23T10:29:43.654-0600] {dag.py:3239} INFO - Sync 1 DAGs
[2025-05-23T10:29:43.684-0600] {logging_mixin.py:190} INFO - [2025-05-23T10:29:43.683-0600] {dag.py:3262} INFO - Creating ORM DAG for example_sensors
[2025-05-23T10:29:43.685-0600] {logging_mixin.py:190} INFO - [2025-05-23T10:29:43.684-0600] {dag.py:4180} INFO - Setting next_dagrun for example_sensors to None, run_after=None
[2025-05-23T10:29:43.710-0600] {processor.py:208} INFO - Processing /home/airflow/.local/lib/python3.12/site-packages/airflow/example_dags/example_sensors.py took 0.454 seconds
[2025-05-23T10:30:14.386-0600] {processor.py:186} INFO - Started process (PID=165) to work on /home/airflow/.local/lib/python3.12/site-packages/airflow/example_dags/example_sensors.py
[2025-05-23T10:30:14.390-0600] {processor.py:914} INFO - Processing file /home/airflow/.local/lib/python3.12/site-packages/airflow/example_dags/example_sensors.py for tasks to queue
[2025-05-23T10:30:14.395-0600] {logging_mixin.py:190} INFO - [2025-05-23T10:30:14.395-0600] {dagbag.py:588} INFO - Filling up the DagBag from /home/airflow/.local/lib/python3.12/site-packages/airflow/example_dags/example_sensors.py
[2025-05-23T10:30:14.423-0600] {processor.py:925} INFO - DAG(s) 'example_sensors' retrieved from /home/airflow/.local/lib/python3.12/site-packages/airflow/example_dags/example_sensors.py
[2025-05-23T10:30:14.564-0600] {logging_mixin.py:190} INFO - [2025-05-23T10:30:14.563-0600] {dag.py:3239} INFO - Sync 1 DAGs
[2025-05-23T10:30:14.597-0600] {logging_mixin.py:190} INFO - [2025-05-23T10:30:14.596-0600] {dag.py:4180} INFO - Setting next_dagrun for example_sensors to None, run_after=None
[2025-05-23T10:30:14.635-0600] {processor.py:208} INFO - Processing /home/airflow/.local/lib/python3.12/site-packages/airflow/example_dags/example_sensors.py took 0.283 seconds
[2025-05-23T10:30:45.655-0600] {processor.py:186} INFO - Started process (PID=228) to work on /home/airflow/.local/lib/python3.12/site-packages/airflow/example_dags/example_sensors.py
[2025-05-23T10:30:45.657-0600] {processor.py:914} INFO - Processing file /home/airflow/.local/lib/python3.12/site-packages/airflow/example_dags/example_sensors.py for tasks to queue
[2025-05-23T10:30:45.663-0600] {logging_mixin.py:190} INFO - [2025-05-23T10:30:45.663-0600] {dagbag.py:588} INFO - Filling up the DagBag from /home/airflow/.local/lib/python3.12/site-packages/airflow/example_dags/example_sensors.py
[2025-05-23T10:30:45.697-0600] {processor.py:925} INFO - DAG(s) 'example_sensors' retrieved from /home/airflow/.local/lib/python3.12/site-packages/airflow/example_dags/example_sensors.py
[2025-05-23T10:30:45.766-0600] {logging_mixin.py:190} INFO - [2025-05-23T10:30:45.765-0600] {dag.py:3239} INFO - Sync 1 DAGs
[2025-05-23T10:30:45.791-0600] {logging_mixin.py:190} INFO - [2025-05-23T10:30:45.791-0600] {dag.py:4180} INFO - Setting next_dagrun for example_sensors to None, run_after=None
[2025-05-23T10:30:45.817-0600] {processor.py:208} INFO - Processing /home/airflow/.local/lib/python3.12/site-packages/airflow/example_dags/example_sensors.py took 0.183 seconds
[2025-05-23T10:31:16.597-0600] {processor.py:186} INFO - Started process (PID=291) to work on /home/airflow/.local/lib/python3.12/site-packages/airflow/example_dags/example_sensors.py
[2025-05-23T10:31:16.599-0600] {processor.py:914} INFO - Processing file /home/airflow/.local/lib/python3.12/site-packages/airflow/example_dags/example_sensors.py for tasks to queue
[2025-05-23T10:31:16.605-0600] {logging_mixin.py:190} INFO - [2025-05-23T10:31:16.604-0600] {dagbag.py:588} INFO - Filling up the DagBag from /home/airflow/.local/lib/python3.12/site-packages/airflow/example_dags/example_sensors.py
[2025-05-23T10:31:16.631-0600] {processor.py:925} INFO - DAG(s) 'example_sensors' retrieved from /home/airflow/.local/lib/python3.12/site-packages/airflow/example_dags/example_sensors.py
[2025-05-23T10:31:16.680-0600] {logging_mixin.py:190} INFO - [2025-05-23T10:31:16.679-0600] {dag.py:3239} INFO - Sync 1 DAGs
[2025-05-23T10:31:16.707-0600] {logging_mixin.py:190} INFO - [2025-05-23T10:31:16.706-0600] {dag.py:4180} INFO - Setting next_dagrun for example_sensors to None, run_after=None
[2025-05-23T10:31:16.737-0600] {processor.py:208} INFO - Processing /home/airflow/.local/lib/python3.12/site-packages/airflow/example_dags/example_sensors.py took 0.151 seconds
[2025-05-23T10:31:46.806-0600] {processor.py:186} INFO - Started process (PID=354) to work on /home/airflow/.local/lib/python3.12/site-packages/airflow/example_dags/example_sensors.py
[2025-05-23T10:31:46.808-0600] {processor.py:914} INFO - Processing file /home/airflow/.local/lib/python3.12/site-packages/airflow/example_dags/example_sensors.py for tasks to queue
[2025-05-23T10:31:46.812-0600] {logging_mixin.py:190} INFO - [2025-05-23T10:31:46.811-0600] {dagbag.py:588} INFO - Filling up the DagBag from /home/airflow/.local/lib/python3.12/site-packages/airflow/example_dags/example_sensors.py
[2025-05-23T10:31:46.839-0600] {processor.py:925} INFO - DAG(s) 'example_sensors' retrieved from /home/airflow/.local/lib/python3.12/site-packages/airflow/example_dags/example_sensors.py
[2025-05-23T10:31:46.884-0600] {logging_mixin.py:190} INFO - [2025-05-23T10:31:46.884-0600] {dag.py:3239} INFO - Sync 1 DAGs
[2025-05-23T10:31:46.910-0600] {logging_mixin.py:190} INFO - [2025-05-23T10:31:46.909-0600] {dag.py:4180} INFO - Setting next_dagrun for example_sensors to None, run_after=None
[2025-05-23T10:31:46.935-0600] {processor.py:208} INFO - Processing /home/airflow/.local/lib/python3.12/site-packages/airflow/example_dags/example_sensors.py took 0.140 seconds
[2025-05-23T10:32:17.612-0600] {processor.py:186} INFO - Started process (PID=417) to work on /home/airflow/.local/lib/python3.12/site-packages/airflow/example_dags/example_sensors.py
[2025-05-23T10:32:17.613-0600] {processor.py:914} INFO - Processing file /home/airflow/.local/lib/python3.12/site-packages/airflow/example_dags/example_sensors.py for tasks to queue
[2025-05-23T10:32:17.617-0600] {logging_mixin.py:190} INFO - [2025-05-23T10:32:17.617-0600] {dagbag.py:588} INFO - Filling up the DagBag from /home/airflow/.local/lib/python3.12/site-packages/airflow/example_dags/example_sensors.py
[2025-05-23T10:32:17.641-0600] {processor.py:925} INFO - DAG(s) 'example_sensors' retrieved from /home/airflow/.local/lib/python3.12/site-packages/airflow/example_dags/example_sensors.py
[2025-05-23T10:32:17.688-0600] {logging_mixin.py:190} INFO - [2025-05-23T10:32:17.688-0600] {dag.py:3239} INFO - Sync 1 DAGs
[2025-05-23T10:32:17.714-0600] {logging_mixin.py:190} INFO - [2025-05-23T10:32:17.714-0600] {dag.py:4180} INFO - Setting next_dagrun for example_sensors to None, run_after=None
[2025-05-23T10:32:17.746-0600] {processor.py:208} INFO - Processing /home/airflow/.local/lib/python3.12/site-packages/airflow/example_dags/example_sensors.py took 0.146 seconds
[2025-05-23T10:32:48.141-0600] {processor.py:186} INFO - Started process (PID=478) to work on /home/airflow/.local/lib/python3.12/site-packages/airflow/example_dags/example_sensors.py
[2025-05-23T10:32:48.143-0600] {processor.py:914} INFO - Processing file /home/airflow/.local/lib/python3.12/site-packages/airflow/example_dags/example_sensors.py for tasks to queue
[2025-05-23T10:32:48.147-0600] {logging_mixin.py:190} INFO - [2025-05-23T10:32:48.147-0600] {dagbag.py:588} INFO - Filling up the DagBag from /home/airflow/.local/lib/python3.12/site-packages/airflow/example_dags/example_sensors.py
[2025-05-23T10:32:48.174-0600] {processor.py:925} INFO - DAG(s) 'example_sensors' retrieved from /home/airflow/.local/lib/python3.12/site-packages/airflow/example_dags/example_sensors.py
[2025-05-23T10:32:48.242-0600] {logging_mixin.py:190} INFO - [2025-05-23T10:32:48.242-0600] {dag.py:3239} INFO - Sync 1 DAGs
[2025-05-23T10:32:48.272-0600] {logging_mixin.py:190} INFO - [2025-05-23T10:32:48.272-0600] {dag.py:4180} INFO - Setting next_dagrun for example_sensors to None, run_after=None
[2025-05-23T10:32:48.313-0600] {processor.py:208} INFO - Processing /home/airflow/.local/lib/python3.12/site-packages/airflow/example_dags/example_sensors.py took 0.189 seconds
[2025-05-23T10:33:19.029-0600] {processor.py:186} INFO - Started process (PID=540) to work on /home/airflow/.local/lib/python3.12/site-packages/airflow/example_dags/example_sensors.py
[2025-05-23T10:33:19.031-0600] {processor.py:914} INFO - Processing file /home/airflow/.local/lib/python3.12/site-packages/airflow/example_dags/example_sensors.py for tasks to queue
[2025-05-23T10:33:19.038-0600] {logging_mixin.py:190} INFO - [2025-05-23T10:33:19.038-0600] {dagbag.py:588} INFO - Filling up the DagBag from /home/airflow/.local/lib/python3.12/site-packages/airflow/example_dags/example_sensors.py
[2025-05-23T10:33:19.059-0600] {processor.py:925} INFO - DAG(s) 'example_sensors' retrieved from /home/airflow/.local/lib/python3.12/site-packages/airflow/example_dags/example_sensors.py
[2025-05-23T10:33:19.113-0600] {logging_mixin.py:190} INFO - [2025-05-23T10:33:19.113-0600] {dag.py:3239} INFO - Sync 1 DAGs
[2025-05-23T10:33:19.146-0600] {logging_mixin.py:190} INFO - [2025-05-23T10:33:19.145-0600] {dag.py:4180} INFO - Setting next_dagrun for example_sensors to None, run_after=None
[2025-05-23T10:33:19.178-0600] {processor.py:208} INFO - Processing /home/airflow/.local/lib/python3.12/site-packages/airflow/example_dags/example_sensors.py took 0.164 seconds
[2025-05-23T10:33:49.365-0600] {processor.py:186} INFO - Started process (PID=603) to work on /home/airflow/.local/lib/python3.12/site-packages/airflow/example_dags/example_sensors.py
[2025-05-23T10:33:49.375-0600] {processor.py:914} INFO - Processing file /home/airflow/.local/lib/python3.12/site-packages/airflow/example_dags/example_sensors.py for tasks to queue
[2025-05-23T10:33:49.393-0600] {logging_mixin.py:190} INFO - [2025-05-23T10:33:49.392-0600] {dagbag.py:588} INFO - Filling up the DagBag from /home/airflow/.local/lib/python3.12/site-packages/airflow/example_dags/example_sensors.py
[2025-05-23T10:33:49.457-0600] {processor.py:925} INFO - DAG(s) 'example_sensors' retrieved from /home/airflow/.local/lib/python3.12/site-packages/airflow/example_dags/example_sensors.py
[2025-05-23T10:33:49.561-0600] {logging_mixin.py:190} INFO - [2025-05-23T10:33:49.561-0600] {dag.py:3239} INFO - Sync 1 DAGs
[2025-05-23T10:33:49.597-0600] {logging_mixin.py:190} INFO - [2025-05-23T10:33:49.596-0600] {dag.py:4180} INFO - Setting next_dagrun for example_sensors to None, run_after=None
[2025-05-23T10:33:49.665-0600] {processor.py:208} INFO - Processing /home/airflow/.local/lib/python3.12/site-packages/airflow/example_dags/example_sensors.py took 0.331 seconds
[2025-05-23T10:34:20.044-0600] {processor.py:186} INFO - Started process (PID=667) to work on /home/airflow/.local/lib/python3.12/site-packages/airflow/example_dags/example_sensors.py
[2025-05-23T10:34:20.046-0600] {processor.py:914} INFO - Processing file /home/airflow/.local/lib/python3.12/site-packages/airflow/example_dags/example_sensors.py for tasks to queue
[2025-05-23T10:34:20.050-0600] {logging_mixin.py:190} INFO - [2025-05-23T10:34:20.049-0600] {dagbag.py:588} INFO - Filling up the DagBag from /home/airflow/.local/lib/python3.12/site-packages/airflow/example_dags/example_sensors.py
[2025-05-23T10:34:20.073-0600] {processor.py:925} INFO - DAG(s) 'example_sensors' retrieved from /home/airflow/.local/lib/python3.12/site-packages/airflow/example_dags/example_sensors.py
[2025-05-23T10:34:20.120-0600] {logging_mixin.py:190} INFO - [2025-05-23T10:34:20.119-0600] {dag.py:3239} INFO - Sync 1 DAGs
[2025-05-23T10:34:20.148-0600] {logging_mixin.py:190} INFO - [2025-05-23T10:34:20.148-0600] {dag.py:4180} INFO - Setting next_dagrun for example_sensors to None, run_after=None
[2025-05-23T10:34:20.198-0600] {processor.py:208} INFO - Processing /home/airflow/.local/lib/python3.12/site-packages/airflow/example_dags/example_sensors.py took 0.169 seconds
[2025-05-23T10:34:50.489-0600] {processor.py:186} INFO - Started process (PID=730) to work on /home/airflow/.local/lib/python3.12/site-packages/airflow/example_dags/example_sensors.py
[2025-05-23T10:34:50.490-0600] {processor.py:914} INFO - Processing file /home/airflow/.local/lib/python3.12/site-packages/airflow/example_dags/example_sensors.py for tasks to queue
[2025-05-23T10:34:50.496-0600] {logging_mixin.py:190} INFO - [2025-05-23T10:34:50.496-0600] {dagbag.py:588} INFO - Filling up the DagBag from /home/airflow/.local/lib/python3.12/site-packages/airflow/example_dags/example_sensors.py
[2025-05-23T10:34:50.519-0600] {processor.py:925} INFO - DAG(s) 'example_sensors' retrieved from /home/airflow/.local/lib/python3.12/site-packages/airflow/example_dags/example_sensors.py
[2025-05-23T10:34:50.578-0600] {logging_mixin.py:190} INFO - [2025-05-23T10:34:50.577-0600] {dag.py:3239} INFO - Sync 1 DAGs
[2025-05-23T10:34:50.606-0600] {logging_mixin.py:190} INFO - [2025-05-23T10:34:50.606-0600] {dag.py:4180} INFO - Setting next_dagrun for example_sensors to None, run_after=None
[2025-05-23T10:34:50.638-0600] {processor.py:208} INFO - Processing /home/airflow/.local/lib/python3.12/site-packages/airflow/example_dags/example_sensors.py took 0.163 seconds
