[2025-05-23T10:29:44.736-0600] {processor.py:186} INFO - Started process (PID=106) to work on /home/airflow/.local/lib/python3.12/site-packages/airflow/example_dags/example_short_circuit_operator.py
[2025-05-23T10:29:44.738-0600] {processor.py:914} INFO - Processing file /home/airflow/.local/lib/python3.12/site-packages/airflow/example_dags/example_short_circuit_operator.py for tasks to queue
[2025-05-23T10:29:44.753-0600] {logging_mixin.py:190} INFO - [2025-05-23T10:29:44.753-0600] {dagbag.py:588} INFO - Filling up the DagBag from /home/airflow/.local/lib/python3.12/site-packages/airflow/example_dags/example_short_circuit_operator.py
[2025-05-23T10:29:44.885-0600] {processor.py:925} INFO - DAG(s) 'example_short_circuit_operator' retrieved from /home/airflow/.local/lib/python3.12/site-packages/airflow/example_dags/example_short_circuit_operator.py
[2025-05-23T10:29:45.137-0600] {logging_mixin.py:190} INFO - [2025-05-23T10:29:45.136-0600] {override.py:1912} INFO - Created Permission View: can delete on DAG:example_short_circuit_operator
[2025-05-23T10:29:45.150-0600] {logging_mixin.py:190} INFO - [2025-05-23T10:29:45.149-0600] {override.py:1912} INFO - Created Permission View: can edit on DAG:example_short_circuit_operator
[2025-05-23T10:29:45.157-0600] {logging_mixin.py:190} INFO - [2025-05-23T10:29:45.157-0600] {override.py:1912} INFO - Created Permission View: can read on DAG:example_short_circuit_operator
[2025-05-23T10:29:45.167-0600] {logging_mixin.py:190} INFO - [2025-05-23T10:29:45.167-0600] {override.py:1912} INFO - Created Permission View: can delete on DAG Run:example_short_circuit_operator
[2025-05-23T10:29:45.175-0600] {logging_mixin.py:190} INFO - [2025-05-23T10:29:45.175-0600] {override.py:1912} INFO - Created Permission View: can create on DAG Run:example_short_circuit_operator
[2025-05-23T10:29:45.183-0600] {logging_mixin.py:190} INFO - [2025-05-23T10:29:45.183-0600] {override.py:1912} INFO - Created Permission View: menu access on DAG Run:example_short_circuit_operator
[2025-05-23T10:29:45.191-0600] {logging_mixin.py:190} INFO - [2025-05-23T10:29:45.191-0600] {override.py:1912} INFO - Created Permission View: can read on DAG Run:example_short_circuit_operator
[2025-05-23T10:29:45.192-0600] {logging_mixin.py:190} INFO - [2025-05-23T10:29:45.192-0600] {dag.py:3239} INFO - Sync 1 DAGs
[2025-05-23T10:29:45.213-0600] {logging_mixin.py:190} INFO - [2025-05-23T10:29:45.213-0600] {dag.py:3262} INFO - Creating ORM DAG for example_short_circuit_operator
[2025-05-23T10:29:45.214-0600] {logging_mixin.py:190} INFO - [2025-05-23T10:29:45.214-0600] {dag.py:4180} INFO - Setting next_dagrun for example_short_circuit_operator to None, run_after=None
[2025-05-23T10:29:45.254-0600] {processor.py:208} INFO - Processing /home/airflow/.local/lib/python3.12/site-packages/airflow/example_dags/example_short_circuit_operator.py took 0.541 seconds
[2025-05-23T10:30:15.794-0600] {processor.py:186} INFO - Started process (PID=169) to work on /home/airflow/.local/lib/python3.12/site-packages/airflow/example_dags/example_short_circuit_operator.py
[2025-05-23T10:30:15.797-0600] {processor.py:914} INFO - Processing file /home/airflow/.local/lib/python3.12/site-packages/airflow/example_dags/example_short_circuit_operator.py for tasks to queue
[2025-05-23T10:30:15.802-0600] {logging_mixin.py:190} INFO - [2025-05-23T10:30:15.801-0600] {dagbag.py:588} INFO - Filling up the DagBag from /home/airflow/.local/lib/python3.12/site-packages/airflow/example_dags/example_short_circuit_operator.py
[2025-05-23T10:30:15.822-0600] {processor.py:925} INFO - DAG(s) 'example_short_circuit_operator' retrieved from /home/airflow/.local/lib/python3.12/site-packages/airflow/example_dags/example_short_circuit_operator.py
[2025-05-23T10:30:15.877-0600] {logging_mixin.py:190} INFO - [2025-05-23T10:30:15.877-0600] {dag.py:3239} INFO - Sync 1 DAGs
[2025-05-23T10:30:15.907-0600] {logging_mixin.py:190} INFO - [2025-05-23T10:30:15.907-0600] {dag.py:4180} INFO - Setting next_dagrun for example_short_circuit_operator to None, run_after=None
[2025-05-23T10:30:15.943-0600] {processor.py:208} INFO - Processing /home/airflow/.local/lib/python3.12/site-packages/airflow/example_dags/example_short_circuit_operator.py took 0.188 seconds
[2025-05-23T10:30:46.105-0600] {processor.py:186} INFO - Started process (PID=232) to work on /home/airflow/.local/lib/python3.12/site-packages/airflow/example_dags/example_short_circuit_operator.py
[2025-05-23T10:30:46.107-0600] {processor.py:914} INFO - Processing file /home/airflow/.local/lib/python3.12/site-packages/airflow/example_dags/example_short_circuit_operator.py for tasks to queue
[2025-05-23T10:30:46.113-0600] {logging_mixin.py:190} INFO - [2025-05-23T10:30:46.112-0600] {dagbag.py:588} INFO - Filling up the DagBag from /home/airflow/.local/lib/python3.12/site-packages/airflow/example_dags/example_short_circuit_operator.py
[2025-05-23T10:30:46.132-0600] {processor.py:925} INFO - DAG(s) 'example_short_circuit_operator' retrieved from /home/airflow/.local/lib/python3.12/site-packages/airflow/example_dags/example_short_circuit_operator.py
[2025-05-23T10:30:46.173-0600] {logging_mixin.py:190} INFO - [2025-05-23T10:30:46.172-0600] {dag.py:3239} INFO - Sync 1 DAGs
[2025-05-23T10:30:46.201-0600] {logging_mixin.py:190} INFO - [2025-05-23T10:30:46.201-0600] {dag.py:4180} INFO - Setting next_dagrun for example_short_circuit_operator to None, run_after=None
[2025-05-23T10:30:46.235-0600] {processor.py:208} INFO - Processing /home/airflow/.local/lib/python3.12/site-packages/airflow/example_dags/example_short_circuit_operator.py took 0.144 seconds
[2025-05-23T10:31:17.417-0600] {processor.py:186} INFO - Started process (PID=295) to work on /home/airflow/.local/lib/python3.12/site-packages/airflow/example_dags/example_short_circuit_operator.py
[2025-05-23T10:31:17.419-0600] {processor.py:914} INFO - Processing file /home/airflow/.local/lib/python3.12/site-packages/airflow/example_dags/example_short_circuit_operator.py for tasks to queue
[2025-05-23T10:31:17.423-0600] {logging_mixin.py:190} INFO - [2025-05-23T10:31:17.423-0600] {dagbag.py:588} INFO - Filling up the DagBag from /home/airflow/.local/lib/python3.12/site-packages/airflow/example_dags/example_short_circuit_operator.py
[2025-05-23T10:31:17.447-0600] {processor.py:925} INFO - DAG(s) 'example_short_circuit_operator' retrieved from /home/airflow/.local/lib/python3.12/site-packages/airflow/example_dags/example_short_circuit_operator.py
[2025-05-23T10:31:17.494-0600] {logging_mixin.py:190} INFO - [2025-05-23T10:31:17.494-0600] {dag.py:3239} INFO - Sync 1 DAGs
[2025-05-23T10:31:17.524-0600] {logging_mixin.py:190} INFO - [2025-05-23T10:31:17.524-0600] {dag.py:4180} INFO - Setting next_dagrun for example_short_circuit_operator to None, run_after=None
[2025-05-23T10:31:17.563-0600] {processor.py:208} INFO - Processing /home/airflow/.local/lib/python3.12/site-packages/airflow/example_dags/example_short_circuit_operator.py took 0.167 seconds
[2025-05-23T10:31:48.373-0600] {processor.py:186} INFO - Started process (PID=359) to work on /home/airflow/.local/lib/python3.12/site-packages/airflow/example_dags/example_short_circuit_operator.py
[2025-05-23T10:31:48.375-0600] {processor.py:914} INFO - Processing file /home/airflow/.local/lib/python3.12/site-packages/airflow/example_dags/example_short_circuit_operator.py for tasks to queue
[2025-05-23T10:31:48.379-0600] {logging_mixin.py:190} INFO - [2025-05-23T10:31:48.379-0600] {dagbag.py:588} INFO - Filling up the DagBag from /home/airflow/.local/lib/python3.12/site-packages/airflow/example_dags/example_short_circuit_operator.py
[2025-05-23T10:31:48.397-0600] {processor.py:925} INFO - DAG(s) 'example_short_circuit_operator' retrieved from /home/airflow/.local/lib/python3.12/site-packages/airflow/example_dags/example_short_circuit_operator.py
[2025-05-23T10:31:48.441-0600] {logging_mixin.py:190} INFO - [2025-05-23T10:31:48.440-0600] {dag.py:3239} INFO - Sync 1 DAGs
[2025-05-23T10:31:48.470-0600] {logging_mixin.py:190} INFO - [2025-05-23T10:31:48.469-0600] {dag.py:4180} INFO - Setting next_dagrun for example_short_circuit_operator to None, run_after=None
[2025-05-23T10:31:48.500-0600] {processor.py:208} INFO - Processing /home/airflow/.local/lib/python3.12/site-packages/airflow/example_dags/example_short_circuit_operator.py took 0.139 seconds
[2025-05-23T10:32:18.827-0600] {processor.py:186} INFO - Started process (PID=421) to work on /home/airflow/.local/lib/python3.12/site-packages/airflow/example_dags/example_short_circuit_operator.py
[2025-05-23T10:32:18.829-0600] {processor.py:914} INFO - Processing file /home/airflow/.local/lib/python3.12/site-packages/airflow/example_dags/example_short_circuit_operator.py for tasks to queue
[2025-05-23T10:32:18.832-0600] {logging_mixin.py:190} INFO - [2025-05-23T10:32:18.832-0600] {dagbag.py:588} INFO - Filling up the DagBag from /home/airflow/.local/lib/python3.12/site-packages/airflow/example_dags/example_short_circuit_operator.py
[2025-05-23T10:32:18.850-0600] {processor.py:925} INFO - DAG(s) 'example_short_circuit_operator' retrieved from /home/airflow/.local/lib/python3.12/site-packages/airflow/example_dags/example_short_circuit_operator.py
[2025-05-23T10:32:18.894-0600] {logging_mixin.py:190} INFO - [2025-05-23T10:32:18.893-0600] {dag.py:3239} INFO - Sync 1 DAGs
[2025-05-23T10:32:18.928-0600] {logging_mixin.py:190} INFO - [2025-05-23T10:32:18.927-0600] {dag.py:4180} INFO - Setting next_dagrun for example_short_circuit_operator to None, run_after=None
[2025-05-23T10:32:18.959-0600] {processor.py:208} INFO - Processing /home/airflow/.local/lib/python3.12/site-packages/airflow/example_dags/example_short_circuit_operator.py took 0.143 seconds
[2025-05-23T10:32:49.849-0600] {processor.py:186} INFO - Started process (PID=483) to work on /home/airflow/.local/lib/python3.12/site-packages/airflow/example_dags/example_short_circuit_operator.py
[2025-05-23T10:32:49.855-0600] {processor.py:914} INFO - Processing file /home/airflow/.local/lib/python3.12/site-packages/airflow/example_dags/example_short_circuit_operator.py for tasks to queue
[2025-05-23T10:32:49.860-0600] {logging_mixin.py:190} INFO - [2025-05-23T10:32:49.859-0600] {dagbag.py:588} INFO - Filling up the DagBag from /home/airflow/.local/lib/python3.12/site-packages/airflow/example_dags/example_short_circuit_operator.py
[2025-05-23T10:32:49.876-0600] {processor.py:925} INFO - DAG(s) 'example_short_circuit_operator' retrieved from /home/airflow/.local/lib/python3.12/site-packages/airflow/example_dags/example_short_circuit_operator.py
[2025-05-23T10:32:49.917-0600] {logging_mixin.py:190} INFO - [2025-05-23T10:32:49.917-0600] {dag.py:3239} INFO - Sync 1 DAGs
[2025-05-23T10:32:49.945-0600] {logging_mixin.py:190} INFO - [2025-05-23T10:32:49.945-0600] {dag.py:4180} INFO - Setting next_dagrun for example_short_circuit_operator to None, run_after=None
[2025-05-23T10:32:49.986-0600] {processor.py:208} INFO - Processing /home/airflow/.local/lib/python3.12/site-packages/airflow/example_dags/example_short_circuit_operator.py took 0.148 seconds
[2025-05-23T10:33:20.687-0600] {processor.py:186} INFO - Started process (PID=545) to work on /home/airflow/.local/lib/python3.12/site-packages/airflow/example_dags/example_short_circuit_operator.py
[2025-05-23T10:33:20.689-0600] {processor.py:914} INFO - Processing file /home/airflow/.local/lib/python3.12/site-packages/airflow/example_dags/example_short_circuit_operator.py for tasks to queue
[2025-05-23T10:33:20.692-0600] {logging_mixin.py:190} INFO - [2025-05-23T10:33:20.692-0600] {dagbag.py:588} INFO - Filling up the DagBag from /home/airflow/.local/lib/python3.12/site-packages/airflow/example_dags/example_short_circuit_operator.py
[2025-05-23T10:33:20.708-0600] {processor.py:925} INFO - DAG(s) 'example_short_circuit_operator' retrieved from /home/airflow/.local/lib/python3.12/site-packages/airflow/example_dags/example_short_circuit_operator.py
[2025-05-23T10:33:20.763-0600] {logging_mixin.py:190} INFO - [2025-05-23T10:33:20.762-0600] {dag.py:3239} INFO - Sync 1 DAGs
[2025-05-23T10:33:20.801-0600] {logging_mixin.py:190} INFO - [2025-05-23T10:33:20.801-0600] {dag.py:4180} INFO - Setting next_dagrun for example_short_circuit_operator to None, run_after=None
[2025-05-23T10:33:20.837-0600] {processor.py:208} INFO - Processing /home/airflow/.local/lib/python3.12/site-packages/airflow/example_dags/example_short_circuit_operator.py took 0.161 seconds
[2025-05-23T10:33:50.999-0600] {processor.py:186} INFO - Started process (PID=607) to work on /home/airflow/.local/lib/python3.12/site-packages/airflow/example_dags/example_short_circuit_operator.py
[2025-05-23T10:33:51.001-0600] {processor.py:914} INFO - Processing file /home/airflow/.local/lib/python3.12/site-packages/airflow/example_dags/example_short_circuit_operator.py for tasks to queue
[2025-05-23T10:33:51.006-0600] {logging_mixin.py:190} INFO - [2025-05-23T10:33:51.006-0600] {dagbag.py:588} INFO - Filling up the DagBag from /home/airflow/.local/lib/python3.12/site-packages/airflow/example_dags/example_short_circuit_operator.py
[2025-05-23T10:33:51.023-0600] {processor.py:925} INFO - DAG(s) 'example_short_circuit_operator' retrieved from /home/airflow/.local/lib/python3.12/site-packages/airflow/example_dags/example_short_circuit_operator.py
[2025-05-23T10:33:51.067-0600] {logging_mixin.py:190} INFO - [2025-05-23T10:33:51.066-0600] {dag.py:3239} INFO - Sync 1 DAGs
[2025-05-23T10:33:51.098-0600] {logging_mixin.py:190} INFO - [2025-05-23T10:33:51.098-0600] {dag.py:4180} INFO - Setting next_dagrun for example_short_circuit_operator to None, run_after=None
[2025-05-23T10:33:51.127-0600] {processor.py:208} INFO - Processing /home/airflow/.local/lib/python3.12/site-packages/airflow/example_dags/example_short_circuit_operator.py took 0.144 seconds
[2025-05-23T10:34:21.586-0600] {processor.py:186} INFO - Started process (PID=671) to work on /home/airflow/.local/lib/python3.12/site-packages/airflow/example_dags/example_short_circuit_operator.py
[2025-05-23T10:34:21.589-0600] {processor.py:914} INFO - Processing file /home/airflow/.local/lib/python3.12/site-packages/airflow/example_dags/example_short_circuit_operator.py for tasks to queue
[2025-05-23T10:34:21.594-0600] {logging_mixin.py:190} INFO - [2025-05-23T10:34:21.592-0600] {dagbag.py:588} INFO - Filling up the DagBag from /home/airflow/.local/lib/python3.12/site-packages/airflow/example_dags/example_short_circuit_operator.py
[2025-05-23T10:34:21.610-0600] {processor.py:925} INFO - DAG(s) 'example_short_circuit_operator' retrieved from /home/airflow/.local/lib/python3.12/site-packages/airflow/example_dags/example_short_circuit_operator.py
[2025-05-23T10:34:21.658-0600] {logging_mixin.py:190} INFO - [2025-05-23T10:34:21.657-0600] {dag.py:3239} INFO - Sync 1 DAGs
[2025-05-23T10:34:21.692-0600] {logging_mixin.py:190} INFO - [2025-05-23T10:34:21.692-0600] {dag.py:4180} INFO - Setting next_dagrun for example_short_circuit_operator to None, run_after=None
[2025-05-23T10:34:21.754-0600] {processor.py:208} INFO - Processing /home/airflow/.local/lib/python3.12/site-packages/airflow/example_dags/example_short_circuit_operator.py took 0.181 seconds
[2025-05-23T10:34:51.912-0600] {processor.py:186} INFO - Started process (PID=734) to work on /home/airflow/.local/lib/python3.12/site-packages/airflow/example_dags/example_short_circuit_operator.py
[2025-05-23T10:34:51.914-0600] {processor.py:914} INFO - Processing file /home/airflow/.local/lib/python3.12/site-packages/airflow/example_dags/example_short_circuit_operator.py for tasks to queue
[2025-05-23T10:34:51.918-0600] {logging_mixin.py:190} INFO - [2025-05-23T10:34:51.918-0600] {dagbag.py:588} INFO - Filling up the DagBag from /home/airflow/.local/lib/python3.12/site-packages/airflow/example_dags/example_short_circuit_operator.py
[2025-05-23T10:34:51.934-0600] {processor.py:925} INFO - DAG(s) 'example_short_circuit_operator' retrieved from /home/airflow/.local/lib/python3.12/site-packages/airflow/example_dags/example_short_circuit_operator.py
[2025-05-23T10:34:51.977-0600] {logging_mixin.py:190} INFO - [2025-05-23T10:34:51.977-0600] {dag.py:3239} INFO - Sync 1 DAGs
[2025-05-23T10:34:52.005-0600] {logging_mixin.py:190} INFO - [2025-05-23T10:34:52.004-0600] {dag.py:4180} INFO - Setting next_dagrun for example_short_circuit_operator to None, run_after=None
[2025-05-23T10:34:52.039-0600] {processor.py:208} INFO - Processing /home/airflow/.local/lib/python3.12/site-packages/airflow/example_dags/example_short_circuit_operator.py took 0.138 seconds
