[2025-05-23T10:29:26.068-0600] {processor.py:186} INFO - Started process (PID=77) to work on /home/airflow/.local/lib/python3.12/site-packages/airflow/example_dags/example_dataset_alias_with_no_taskflow.py
[2025-05-23T10:29:26.069-0600] {processor.py:914} INFO - Processing file /home/airflow/.local/lib/python3.12/site-packages/airflow/example_dags/example_dataset_alias_with_no_taskflow.py for tasks to queue
[2025-05-23T10:29:26.074-0600] {logging_mixin.py:190} INFO - [2025-05-23T10:29:26.073-0600] {dagbag.py:588} INFO - Filling up the DagBag from /home/airflow/.local/lib/python3.12/site-packages/airflow/example_dags/example_dataset_alias_with_no_taskflow.py
[2025-05-23T10:29:29.615-0600] {processor.py:925} INFO - DAG(s) 'dataset_alias_example_alias_consumer_with_no_taskflow', 'dataset_s3_bucket_consumer_with_no_taskflow', 'dataset_s3_bucket_producer_with_no_taskflow', 'dataset_alias_example_alias_producer_with_no_taskflow' retrieved from /home/airflow/.local/lib/python3.12/site-packages/airflow/example_dags/example_dataset_alias_with_no_taskflow.py
[2025-05-23T10:29:29.932-0600] {logging_mixin.py:190} INFO - [2025-05-23T10:29:29.931-0600] {override.py:1912} INFO - Created Permission View: can delete on DAG:dataset_alias_example_alias_consumer_with_no_taskflow
[2025-05-23T10:29:29.950-0600] {logging_mixin.py:190} INFO - [2025-05-23T10:29:29.950-0600] {override.py:1912} INFO - Created Permission View: can edit on DAG:dataset_alias_example_alias_consumer_with_no_taskflow
[2025-05-23T10:29:29.962-0600] {logging_mixin.py:190} INFO - [2025-05-23T10:29:29.961-0600] {override.py:1912} INFO - Created Permission View: can read on DAG:dataset_alias_example_alias_consumer_with_no_taskflow
[2025-05-23T10:29:29.974-0600] {logging_mixin.py:190} INFO - [2025-05-23T10:29:29.973-0600] {override.py:1912} INFO - Created Permission View: can delete on DAG Run:dataset_alias_example_alias_consumer_with_no_taskflow
[2025-05-23T10:29:29.989-0600] {logging_mixin.py:190} INFO - [2025-05-23T10:29:29.988-0600] {override.py:1912} INFO - Created Permission View: can create on DAG Run:dataset_alias_example_alias_consumer_with_no_taskflow
[2025-05-23T10:29:30.000-0600] {logging_mixin.py:190} INFO - [2025-05-23T10:29:30.000-0600] {override.py:1912} INFO - Created Permission View: menu access on DAG Run:dataset_alias_example_alias_consumer_with_no_taskflow
[2025-05-23T10:29:30.025-0600] {logging_mixin.py:190} INFO - [2025-05-23T10:29:30.025-0600] {override.py:1912} INFO - Created Permission View: can read on DAG Run:dataset_alias_example_alias_consumer_with_no_taskflow
[2025-05-23T10:29:30.051-0600] {logging_mixin.py:190} INFO - [2025-05-23T10:29:30.050-0600] {override.py:1912} INFO - Created Permission View: can delete on DAG:dataset_s3_bucket_consumer_with_no_taskflow
[2025-05-23T10:29:30.065-0600] {logging_mixin.py:190} INFO - [2025-05-23T10:29:30.064-0600] {override.py:1912} INFO - Created Permission View: can edit on DAG:dataset_s3_bucket_consumer_with_no_taskflow
[2025-05-23T10:29:30.073-0600] {logging_mixin.py:190} INFO - [2025-05-23T10:29:30.072-0600] {override.py:1912} INFO - Created Permission View: can read on DAG:dataset_s3_bucket_consumer_with_no_taskflow
[2025-05-23T10:29:30.086-0600] {logging_mixin.py:190} INFO - [2025-05-23T10:29:30.085-0600] {override.py:1912} INFO - Created Permission View: can delete on DAG Run:dataset_s3_bucket_consumer_with_no_taskflow
[2025-05-23T10:29:30.097-0600] {logging_mixin.py:190} INFO - [2025-05-23T10:29:30.097-0600] {override.py:1912} INFO - Created Permission View: can create on DAG Run:dataset_s3_bucket_consumer_with_no_taskflow
[2025-05-23T10:29:30.107-0600] {logging_mixin.py:190} INFO - [2025-05-23T10:29:30.106-0600] {override.py:1912} INFO - Created Permission View: menu access on DAG Run:dataset_s3_bucket_consumer_with_no_taskflow
[2025-05-23T10:29:30.118-0600] {logging_mixin.py:190} INFO - [2025-05-23T10:29:30.117-0600] {override.py:1912} INFO - Created Permission View: can read on DAG Run:dataset_s3_bucket_consumer_with_no_taskflow
[2025-05-23T10:29:30.143-0600] {logging_mixin.py:190} INFO - [2025-05-23T10:29:30.142-0600] {override.py:1912} INFO - Created Permission View: can delete on DAG:dataset_s3_bucket_producer_with_no_taskflow
[2025-05-23T10:29:30.155-0600] {logging_mixin.py:190} INFO - [2025-05-23T10:29:30.154-0600] {override.py:1912} INFO - Created Permission View: can edit on DAG:dataset_s3_bucket_producer_with_no_taskflow
[2025-05-23T10:29:30.168-0600] {logging_mixin.py:190} INFO - [2025-05-23T10:29:30.166-0600] {override.py:1912} INFO - Created Permission View: can read on DAG:dataset_s3_bucket_producer_with_no_taskflow
[2025-05-23T10:29:30.183-0600] {logging_mixin.py:190} INFO - [2025-05-23T10:29:30.183-0600] {override.py:1912} INFO - Created Permission View: can delete on DAG Run:dataset_s3_bucket_producer_with_no_taskflow
[2025-05-23T10:29:30.196-0600] {logging_mixin.py:190} INFO - [2025-05-23T10:29:30.196-0600] {override.py:1912} INFO - Created Permission View: can create on DAG Run:dataset_s3_bucket_producer_with_no_taskflow
[2025-05-23T10:29:30.213-0600] {logging_mixin.py:190} INFO - [2025-05-23T10:29:30.213-0600] {override.py:1912} INFO - Created Permission View: menu access on DAG Run:dataset_s3_bucket_producer_with_no_taskflow
[2025-05-23T10:29:30.228-0600] {logging_mixin.py:190} INFO - [2025-05-23T10:29:30.227-0600] {override.py:1912} INFO - Created Permission View: can read on DAG Run:dataset_s3_bucket_producer_with_no_taskflow
[2025-05-23T10:29:30.257-0600] {logging_mixin.py:190} INFO - [2025-05-23T10:29:30.256-0600] {override.py:1912} INFO - Created Permission View: can delete on DAG:dataset_alias_example_alias_producer_with_no_taskflow
[2025-05-23T10:29:30.269-0600] {logging_mixin.py:190} INFO - [2025-05-23T10:29:30.266-0600] {override.py:1912} INFO - Created Permission View: can edit on DAG:dataset_alias_example_alias_producer_with_no_taskflow
[2025-05-23T10:29:30.286-0600] {logging_mixin.py:190} INFO - [2025-05-23T10:29:30.285-0600] {override.py:1912} INFO - Created Permission View: can read on DAG:dataset_alias_example_alias_producer_with_no_taskflow
[2025-05-23T10:29:30.310-0600] {logging_mixin.py:190} INFO - [2025-05-23T10:29:30.310-0600] {override.py:1912} INFO - Created Permission View: can delete on DAG Run:dataset_alias_example_alias_producer_with_no_taskflow
[2025-05-23T10:29:30.329-0600] {logging_mixin.py:190} INFO - [2025-05-23T10:29:30.329-0600] {override.py:1912} INFO - Created Permission View: can create on DAG Run:dataset_alias_example_alias_producer_with_no_taskflow
[2025-05-23T10:29:30.351-0600] {logging_mixin.py:190} INFO - [2025-05-23T10:29:30.350-0600] {override.py:1912} INFO - Created Permission View: menu access on DAG Run:dataset_alias_example_alias_producer_with_no_taskflow
[2025-05-23T10:29:30.374-0600] {logging_mixin.py:190} INFO - [2025-05-23T10:29:30.374-0600] {override.py:1912} INFO - Created Permission View: can read on DAG Run:dataset_alias_example_alias_producer_with_no_taskflow
[2025-05-23T10:29:30.376-0600] {logging_mixin.py:190} INFO - [2025-05-23T10:29:30.375-0600] {dag.py:3239} INFO - Sync 4 DAGs
[2025-05-23T10:29:30.453-0600] {logging_mixin.py:190} INFO - [2025-05-23T10:29:30.452-0600] {dag.py:3262} INFO - Creating ORM DAG for dataset_alias_example_alias_producer_with_no_taskflow
[2025-05-23T10:29:30.455-0600] {logging_mixin.py:190} INFO - [2025-05-23T10:29:30.454-0600] {dag.py:3262} INFO - Creating ORM DAG for dataset_s3_bucket_producer_with_no_taskflow
[2025-05-23T10:29:30.459-0600] {logging_mixin.py:190} INFO - [2025-05-23T10:29:30.457-0600] {dag.py:3262} INFO - Creating ORM DAG for dataset_alias_example_alias_consumer_with_no_taskflow
[2025-05-23T10:29:30.460-0600] {logging_mixin.py:190} INFO - [2025-05-23T10:29:30.460-0600] {dag.py:3262} INFO - Creating ORM DAG for dataset_s3_bucket_consumer_with_no_taskflow
[2025-05-23T10:29:30.486-0600] {logging_mixin.py:190} INFO - [2025-05-23T10:29:30.486-0600] {dag.py:4180} INFO - Setting next_dagrun for dataset_alias_example_alias_consumer_with_no_taskflow to None, run_after=None
[2025-05-23T10:29:30.490-0600] {logging_mixin.py:190} INFO - [2025-05-23T10:29:30.489-0600] {dag.py:4180} INFO - Setting next_dagrun for dataset_alias_example_alias_producer_with_no_taskflow to None, run_after=None
[2025-05-23T10:29:30.491-0600] {logging_mixin.py:190} INFO - [2025-05-23T10:29:30.490-0600] {dag.py:4180} INFO - Setting next_dagrun for dataset_s3_bucket_consumer_with_no_taskflow to None, run_after=None
[2025-05-23T10:29:30.491-0600] {logging_mixin.py:190} INFO - [2025-05-23T10:29:30.491-0600] {dag.py:4180} INFO - Setting next_dagrun for dataset_s3_bucket_producer_with_no_taskflow to None, run_after=None
[2025-05-23T10:29:30.570-0600] {processor.py:208} INFO - Processing /home/airflow/.local/lib/python3.12/site-packages/airflow/example_dags/example_dataset_alias_with_no_taskflow.py took 4.515 seconds
[2025-05-23T10:30:00.925-0600] {processor.py:186} INFO - Started process (PID=140) to work on /home/airflow/.local/lib/python3.12/site-packages/airflow/example_dags/example_dataset_alias_with_no_taskflow.py
[2025-05-23T10:30:00.927-0600] {processor.py:914} INFO - Processing file /home/airflow/.local/lib/python3.12/site-packages/airflow/example_dags/example_dataset_alias_with_no_taskflow.py for tasks to queue
[2025-05-23T10:30:00.932-0600] {logging_mixin.py:190} INFO - [2025-05-23T10:30:00.931-0600] {dagbag.py:588} INFO - Filling up the DagBag from /home/airflow/.local/lib/python3.12/site-packages/airflow/example_dags/example_dataset_alias_with_no_taskflow.py
[2025-05-23T10:30:02.109-0600] {processor.py:925} INFO - DAG(s) 'dataset_s3_bucket_producer_with_no_taskflow', 'dataset_s3_bucket_consumer_with_no_taskflow', 'dataset_alias_example_alias_consumer_with_no_taskflow', 'dataset_alias_example_alias_producer_with_no_taskflow' retrieved from /home/airflow/.local/lib/python3.12/site-packages/airflow/example_dags/example_dataset_alias_with_no_taskflow.py
[2025-05-23T10:30:02.158-0600] {logging_mixin.py:190} INFO - [2025-05-23T10:30:02.157-0600] {dag.py:3239} INFO - Sync 4 DAGs
[2025-05-23T10:30:02.199-0600] {logging_mixin.py:190} INFO - [2025-05-23T10:30:02.199-0600] {dag.py:4180} INFO - Setting next_dagrun for dataset_alias_example_alias_consumer_with_no_taskflow to None, run_after=None
[2025-05-23T10:30:02.203-0600] {logging_mixin.py:190} INFO - [2025-05-23T10:30:02.203-0600] {dag.py:4180} INFO - Setting next_dagrun for dataset_alias_example_alias_producer_with_no_taskflow to None, run_after=None
[2025-05-23T10:30:02.207-0600] {logging_mixin.py:190} INFO - [2025-05-23T10:30:02.207-0600] {dag.py:4180} INFO - Setting next_dagrun for dataset_s3_bucket_consumer_with_no_taskflow to None, run_after=None
[2025-05-23T10:30:02.210-0600] {logging_mixin.py:190} INFO - [2025-05-23T10:30:02.209-0600] {dag.py:4180} INFO - Setting next_dagrun for dataset_s3_bucket_producer_with_no_taskflow to None, run_after=None
[2025-05-23T10:30:02.243-0600] {processor.py:208} INFO - Processing /home/airflow/.local/lib/python3.12/site-packages/airflow/example_dags/example_dataset_alias_with_no_taskflow.py took 1.329 seconds
[2025-05-23T10:30:32.717-0600] {processor.py:186} INFO - Started process (PID=203) to work on /home/airflow/.local/lib/python3.12/site-packages/airflow/example_dags/example_dataset_alias_with_no_taskflow.py
[2025-05-23T10:30:32.719-0600] {processor.py:914} INFO - Processing file /home/airflow/.local/lib/python3.12/site-packages/airflow/example_dags/example_dataset_alias_with_no_taskflow.py for tasks to queue
[2025-05-23T10:30:32.725-0600] {logging_mixin.py:190} INFO - [2025-05-23T10:30:32.725-0600] {dagbag.py:588} INFO - Filling up the DagBag from /home/airflow/.local/lib/python3.12/site-packages/airflow/example_dags/example_dataset_alias_with_no_taskflow.py
[2025-05-23T10:30:33.836-0600] {processor.py:925} INFO - DAG(s) 'dataset_s3_bucket_consumer_with_no_taskflow', 'dataset_alias_example_alias_consumer_with_no_taskflow', 'dataset_s3_bucket_producer_with_no_taskflow', 'dataset_alias_example_alias_producer_with_no_taskflow' retrieved from /home/airflow/.local/lib/python3.12/site-packages/airflow/example_dags/example_dataset_alias_with_no_taskflow.py
[2025-05-23T10:30:33.877-0600] {logging_mixin.py:190} INFO - [2025-05-23T10:30:33.877-0600] {dag.py:3239} INFO - Sync 4 DAGs
[2025-05-23T10:30:33.921-0600] {logging_mixin.py:190} INFO - [2025-05-23T10:30:33.920-0600] {dag.py:4180} INFO - Setting next_dagrun for dataset_alias_example_alias_consumer_with_no_taskflow to None, run_after=None
[2025-05-23T10:30:33.924-0600] {logging_mixin.py:190} INFO - [2025-05-23T10:30:33.924-0600] {dag.py:4180} INFO - Setting next_dagrun for dataset_alias_example_alias_producer_with_no_taskflow to None, run_after=None
[2025-05-23T10:30:33.928-0600] {logging_mixin.py:190} INFO - [2025-05-23T10:30:33.928-0600] {dag.py:4180} INFO - Setting next_dagrun for dataset_s3_bucket_consumer_with_no_taskflow to None, run_after=None
[2025-05-23T10:30:33.930-0600] {logging_mixin.py:190} INFO - [2025-05-23T10:30:33.930-0600] {dag.py:4180} INFO - Setting next_dagrun for dataset_s3_bucket_producer_with_no_taskflow to None, run_after=None
[2025-05-23T10:30:33.970-0600] {processor.py:208} INFO - Processing /home/airflow/.local/lib/python3.12/site-packages/airflow/example_dags/example_dataset_alias_with_no_taskflow.py took 1.266 seconds
[2025-05-23T10:31:04.553-0600] {processor.py:186} INFO - Started process (PID=272) to work on /home/airflow/.local/lib/python3.12/site-packages/airflow/example_dags/example_dataset_alias_with_no_taskflow.py
[2025-05-23T10:31:04.555-0600] {processor.py:914} INFO - Processing file /home/airflow/.local/lib/python3.12/site-packages/airflow/example_dags/example_dataset_alias_with_no_taskflow.py for tasks to queue
[2025-05-23T10:31:04.559-0600] {logging_mixin.py:190} INFO - [2025-05-23T10:31:04.558-0600] {dagbag.py:588} INFO - Filling up the DagBag from /home/airflow/.local/lib/python3.12/site-packages/airflow/example_dags/example_dataset_alias_with_no_taskflow.py
[2025-05-23T10:31:05.574-0600] {processor.py:925} INFO - DAG(s) 'dataset_alias_example_alias_producer_with_no_taskflow', 'dataset_s3_bucket_producer_with_no_taskflow', 'dataset_s3_bucket_consumer_with_no_taskflow', 'dataset_alias_example_alias_consumer_with_no_taskflow' retrieved from /home/airflow/.local/lib/python3.12/site-packages/airflow/example_dags/example_dataset_alias_with_no_taskflow.py
[2025-05-23T10:31:05.622-0600] {logging_mixin.py:190} INFO - [2025-05-23T10:31:05.621-0600] {dag.py:3239} INFO - Sync 4 DAGs
[2025-05-23T10:31:05.682-0600] {logging_mixin.py:190} INFO - [2025-05-23T10:31:05.681-0600] {dag.py:4180} INFO - Setting next_dagrun for dataset_alias_example_alias_consumer_with_no_taskflow to None, run_after=None
[2025-05-23T10:31:05.685-0600] {logging_mixin.py:190} INFO - [2025-05-23T10:31:05.685-0600] {dag.py:4180} INFO - Setting next_dagrun for dataset_alias_example_alias_producer_with_no_taskflow to None, run_after=None
[2025-05-23T10:31:05.694-0600] {logging_mixin.py:190} INFO - [2025-05-23T10:31:05.693-0600] {dag.py:4180} INFO - Setting next_dagrun for dataset_s3_bucket_consumer_with_no_taskflow to None, run_after=None
[2025-05-23T10:31:05.696-0600] {logging_mixin.py:190} INFO - [2025-05-23T10:31:05.695-0600] {dag.py:4180} INFO - Setting next_dagrun for dataset_s3_bucket_producer_with_no_taskflow to None, run_after=None
[2025-05-23T10:31:05.727-0600] {processor.py:208} INFO - Processing /home/airflow/.local/lib/python3.12/site-packages/airflow/example_dags/example_dataset_alias_with_no_taskflow.py took 1.186 seconds
[2025-05-23T10:31:36.050-0600] {processor.py:186} INFO - Started process (PID=336) to work on /home/airflow/.local/lib/python3.12/site-packages/airflow/example_dags/example_dataset_alias_with_no_taskflow.py
[2025-05-23T10:31:36.051-0600] {processor.py:914} INFO - Processing file /home/airflow/.local/lib/python3.12/site-packages/airflow/example_dags/example_dataset_alias_with_no_taskflow.py for tasks to queue
[2025-05-23T10:31:36.055-0600] {logging_mixin.py:190} INFO - [2025-05-23T10:31:36.055-0600] {dagbag.py:588} INFO - Filling up the DagBag from /home/airflow/.local/lib/python3.12/site-packages/airflow/example_dags/example_dataset_alias_with_no_taskflow.py
[2025-05-23T10:31:37.210-0600] {processor.py:925} INFO - DAG(s) 'dataset_s3_bucket_producer_with_no_taskflow', 'dataset_alias_example_alias_consumer_with_no_taskflow', 'dataset_s3_bucket_consumer_with_no_taskflow', 'dataset_alias_example_alias_producer_with_no_taskflow' retrieved from /home/airflow/.local/lib/python3.12/site-packages/airflow/example_dags/example_dataset_alias_with_no_taskflow.py
[2025-05-23T10:31:37.241-0600] {logging_mixin.py:190} INFO - [2025-05-23T10:31:37.240-0600] {dag.py:3239} INFO - Sync 4 DAGs
[2025-05-23T10:31:37.287-0600] {logging_mixin.py:190} INFO - [2025-05-23T10:31:37.286-0600] {dag.py:4180} INFO - Setting next_dagrun for dataset_alias_example_alias_consumer_with_no_taskflow to None, run_after=None
[2025-05-23T10:31:37.294-0600] {logging_mixin.py:190} INFO - [2025-05-23T10:31:37.294-0600] {dag.py:4180} INFO - Setting next_dagrun for dataset_alias_example_alias_producer_with_no_taskflow to None, run_after=None
[2025-05-23T10:31:37.296-0600] {logging_mixin.py:190} INFO - [2025-05-23T10:31:37.296-0600] {dag.py:4180} INFO - Setting next_dagrun for dataset_s3_bucket_consumer_with_no_taskflow to None, run_after=None
[2025-05-23T10:31:37.298-0600] {logging_mixin.py:190} INFO - [2025-05-23T10:31:37.298-0600] {dag.py:4180} INFO - Setting next_dagrun for dataset_s3_bucket_producer_with_no_taskflow to None, run_after=None
[2025-05-23T10:31:37.334-0600] {processor.py:208} INFO - Processing /home/airflow/.local/lib/python3.12/site-packages/airflow/example_dags/example_dataset_alias_with_no_taskflow.py took 1.298 seconds
[2025-05-23T10:32:07.665-0600] {processor.py:186} INFO - Started process (PID=399) to work on /home/airflow/.local/lib/python3.12/site-packages/airflow/example_dags/example_dataset_alias_with_no_taskflow.py
[2025-05-23T10:32:07.667-0600] {processor.py:914} INFO - Processing file /home/airflow/.local/lib/python3.12/site-packages/airflow/example_dags/example_dataset_alias_with_no_taskflow.py for tasks to queue
[2025-05-23T10:32:07.670-0600] {logging_mixin.py:190} INFO - [2025-05-23T10:32:07.670-0600] {dagbag.py:588} INFO - Filling up the DagBag from /home/airflow/.local/lib/python3.12/site-packages/airflow/example_dags/example_dataset_alias_with_no_taskflow.py
[2025-05-23T10:32:09.011-0600] {processor.py:925} INFO - DAG(s) 'dataset_s3_bucket_consumer_with_no_taskflow', 'dataset_s3_bucket_producer_with_no_taskflow', 'dataset_alias_example_alias_producer_with_no_taskflow', 'dataset_alias_example_alias_consumer_with_no_taskflow' retrieved from /home/airflow/.local/lib/python3.12/site-packages/airflow/example_dags/example_dataset_alias_with_no_taskflow.py
[2025-05-23T10:32:09.053-0600] {logging_mixin.py:190} INFO - [2025-05-23T10:32:09.052-0600] {dag.py:3239} INFO - Sync 4 DAGs
[2025-05-23T10:32:09.094-0600] {logging_mixin.py:190} INFO - [2025-05-23T10:32:09.093-0600] {dag.py:4180} INFO - Setting next_dagrun for dataset_alias_example_alias_consumer_with_no_taskflow to None, run_after=None
[2025-05-23T10:32:09.098-0600] {logging_mixin.py:190} INFO - [2025-05-23T10:32:09.098-0600] {dag.py:4180} INFO - Setting next_dagrun for dataset_alias_example_alias_producer_with_no_taskflow to None, run_after=None
[2025-05-23T10:32:09.101-0600] {logging_mixin.py:190} INFO - [2025-05-23T10:32:09.100-0600] {dag.py:4180} INFO - Setting next_dagrun for dataset_s3_bucket_consumer_with_no_taskflow to None, run_after=None
[2025-05-23T10:32:09.102-0600] {logging_mixin.py:190} INFO - [2025-05-23T10:32:09.102-0600] {dag.py:4180} INFO - Setting next_dagrun for dataset_s3_bucket_producer_with_no_taskflow to None, run_after=None
[2025-05-23T10:32:09.137-0600] {processor.py:208} INFO - Processing /home/airflow/.local/lib/python3.12/site-packages/airflow/example_dags/example_dataset_alias_with_no_taskflow.py took 1.485 seconds
[2025-05-23T10:32:39.458-0600] {processor.py:186} INFO - Started process (PID=461) to work on /home/airflow/.local/lib/python3.12/site-packages/airflow/example_dags/example_dataset_alias_with_no_taskflow.py
[2025-05-23T10:32:39.459-0600] {processor.py:914} INFO - Processing file /home/airflow/.local/lib/python3.12/site-packages/airflow/example_dags/example_dataset_alias_with_no_taskflow.py for tasks to queue
[2025-05-23T10:32:39.463-0600] {logging_mixin.py:190} INFO - [2025-05-23T10:32:39.463-0600] {dagbag.py:588} INFO - Filling up the DagBag from /home/airflow/.local/lib/python3.12/site-packages/airflow/example_dags/example_dataset_alias_with_no_taskflow.py
[2025-05-23T10:32:40.553-0600] {processor.py:925} INFO - DAG(s) 'dataset_alias_example_alias_producer_with_no_taskflow', 'dataset_s3_bucket_consumer_with_no_taskflow', 'dataset_alias_example_alias_consumer_with_no_taskflow', 'dataset_s3_bucket_producer_with_no_taskflow' retrieved from /home/airflow/.local/lib/python3.12/site-packages/airflow/example_dags/example_dataset_alias_with_no_taskflow.py
[2025-05-23T10:32:40.606-0600] {logging_mixin.py:190} INFO - [2025-05-23T10:32:40.606-0600] {dag.py:3239} INFO - Sync 4 DAGs
[2025-05-23T10:32:40.643-0600] {logging_mixin.py:190} INFO - [2025-05-23T10:32:40.642-0600] {dag.py:4180} INFO - Setting next_dagrun for dataset_alias_example_alias_consumer_with_no_taskflow to None, run_after=None
[2025-05-23T10:32:40.646-0600] {logging_mixin.py:190} INFO - [2025-05-23T10:32:40.646-0600] {dag.py:4180} INFO - Setting next_dagrun for dataset_alias_example_alias_producer_with_no_taskflow to None, run_after=None
[2025-05-23T10:32:40.648-0600] {logging_mixin.py:190} INFO - [2025-05-23T10:32:40.648-0600] {dag.py:4180} INFO - Setting next_dagrun for dataset_s3_bucket_consumer_with_no_taskflow to None, run_after=None
[2025-05-23T10:32:40.650-0600] {logging_mixin.py:190} INFO - [2025-05-23T10:32:40.649-0600] {dag.py:4180} INFO - Setting next_dagrun for dataset_s3_bucket_producer_with_no_taskflow to None, run_after=None
[2025-05-23T10:32:40.683-0600] {processor.py:208} INFO - Processing /home/airflow/.local/lib/python3.12/site-packages/airflow/example_dags/example_dataset_alias_with_no_taskflow.py took 1.237 seconds
[2025-05-23T10:33:11.348-0600] {processor.py:186} INFO - Started process (PID=524) to work on /home/airflow/.local/lib/python3.12/site-packages/airflow/example_dags/example_dataset_alias_with_no_taskflow.py
[2025-05-23T10:33:11.360-0600] {processor.py:914} INFO - Processing file /home/airflow/.local/lib/python3.12/site-packages/airflow/example_dags/example_dataset_alias_with_no_taskflow.py for tasks to queue
[2025-05-23T10:33:11.364-0600] {logging_mixin.py:190} INFO - [2025-05-23T10:33:11.363-0600] {dagbag.py:588} INFO - Filling up the DagBag from /home/airflow/.local/lib/python3.12/site-packages/airflow/example_dags/example_dataset_alias_with_no_taskflow.py
[2025-05-23T10:33:12.761-0600] {processor.py:925} INFO - DAG(s) 'dataset_s3_bucket_consumer_with_no_taskflow', 'dataset_alias_example_alias_consumer_with_no_taskflow', 'dataset_alias_example_alias_producer_with_no_taskflow', 'dataset_s3_bucket_producer_with_no_taskflow' retrieved from /home/airflow/.local/lib/python3.12/site-packages/airflow/example_dags/example_dataset_alias_with_no_taskflow.py
[2025-05-23T10:33:12.991-0600] {logging_mixin.py:190} INFO - [2025-05-23T10:33:12.989-0600] {dag.py:3239} INFO - Sync 4 DAGs
[2025-05-23T10:33:13.015-0600] {logging_mixin.py:190} INFO - [2025-05-23T10:33:13.014-0600] {dag.py:3262} INFO - Creating ORM DAG for dataset_alias_example_alias_consumer_with_no_taskflow
[2025-05-23T10:33:13.035-0600] {logging_mixin.py:190} INFO - [2025-05-23T10:33:13.034-0600] {dag.py:4180} INFO - Setting next_dagrun for dataset_alias_example_alias_consumer_with_no_taskflow to None, run_after=None
[2025-05-23T10:33:13.037-0600] {logging_mixin.py:190} INFO - [2025-05-23T10:33:13.036-0600] {dag.py:4180} INFO - Setting next_dagrun for dataset_alias_example_alias_producer_with_no_taskflow to None, run_after=None
[2025-05-23T10:33:13.043-0600] {logging_mixin.py:190} INFO - [2025-05-23T10:33:13.042-0600] {dag.py:4180} INFO - Setting next_dagrun for dataset_s3_bucket_consumer_with_no_taskflow to None, run_after=None
[2025-05-23T10:33:13.044-0600] {logging_mixin.py:190} INFO - [2025-05-23T10:33:13.044-0600] {dag.py:4180} INFO - Setting next_dagrun for dataset_s3_bucket_producer_with_no_taskflow to None, run_after=None
[2025-05-23T10:33:13.086-0600] {processor.py:208} INFO - Processing /home/airflow/.local/lib/python3.12/site-packages/airflow/example_dags/example_dataset_alias_with_no_taskflow.py took 1.785 seconds
[2025-05-23T10:33:43.206-0600] {processor.py:186} INFO - Started process (PID=586) to work on /home/airflow/.local/lib/python3.12/site-packages/airflow/example_dags/example_dataset_alias_with_no_taskflow.py
[2025-05-23T10:33:43.208-0600] {processor.py:914} INFO - Processing file /home/airflow/.local/lib/python3.12/site-packages/airflow/example_dags/example_dataset_alias_with_no_taskflow.py for tasks to queue
[2025-05-23T10:33:43.212-0600] {logging_mixin.py:190} INFO - [2025-05-23T10:33:43.211-0600] {dagbag.py:588} INFO - Filling up the DagBag from /home/airflow/.local/lib/python3.12/site-packages/airflow/example_dags/example_dataset_alias_with_no_taskflow.py
[2025-05-23T10:33:44.275-0600] {processor.py:925} INFO - DAG(s) 'dataset_s3_bucket_consumer_with_no_taskflow', 'dataset_s3_bucket_producer_with_no_taskflow', 'dataset_alias_example_alias_consumer_with_no_taskflow', 'dataset_alias_example_alias_producer_with_no_taskflow' retrieved from /home/airflow/.local/lib/python3.12/site-packages/airflow/example_dags/example_dataset_alias_with_no_taskflow.py
[2025-05-23T10:33:44.311-0600] {logging_mixin.py:190} INFO - [2025-05-23T10:33:44.310-0600] {dag.py:3239} INFO - Sync 4 DAGs
[2025-05-23T10:33:44.352-0600] {logging_mixin.py:190} INFO - [2025-05-23T10:33:44.351-0600] {dag.py:4180} INFO - Setting next_dagrun for dataset_alias_example_alias_consumer_with_no_taskflow to None, run_after=None
[2025-05-23T10:33:44.356-0600] {logging_mixin.py:190} INFO - [2025-05-23T10:33:44.356-0600] {dag.py:4180} INFO - Setting next_dagrun for dataset_alias_example_alias_producer_with_no_taskflow to None, run_after=None
[2025-05-23T10:33:44.359-0600] {logging_mixin.py:190} INFO - [2025-05-23T10:33:44.359-0600] {dag.py:4180} INFO - Setting next_dagrun for dataset_s3_bucket_consumer_with_no_taskflow to None, run_after=None
[2025-05-23T10:33:44.361-0600] {logging_mixin.py:190} INFO - [2025-05-23T10:33:44.361-0600] {dag.py:4180} INFO - Setting next_dagrun for dataset_s3_bucket_producer_with_no_taskflow to None, run_after=None
[2025-05-23T10:33:44.402-0600] {processor.py:208} INFO - Processing /home/airflow/.local/lib/python3.12/site-packages/airflow/example_dags/example_dataset_alias_with_no_taskflow.py took 1.209 seconds
[2025-05-23T10:34:15.077-0600] {processor.py:186} INFO - Started process (PID=652) to work on /home/airflow/.local/lib/python3.12/site-packages/airflow/example_dags/example_dataset_alias_with_no_taskflow.py
[2025-05-23T10:34:15.079-0600] {processor.py:914} INFO - Processing file /home/airflow/.local/lib/python3.12/site-packages/airflow/example_dags/example_dataset_alias_with_no_taskflow.py for tasks to queue
[2025-05-23T10:34:15.084-0600] {logging_mixin.py:190} INFO - [2025-05-23T10:34:15.083-0600] {dagbag.py:588} INFO - Filling up the DagBag from /home/airflow/.local/lib/python3.12/site-packages/airflow/example_dags/example_dataset_alias_with_no_taskflow.py
[2025-05-23T10:34:16.326-0600] {processor.py:925} INFO - DAG(s) 'dataset_alias_example_alias_consumer_with_no_taskflow', 'dataset_s3_bucket_consumer_with_no_taskflow', 'dataset_s3_bucket_producer_with_no_taskflow', 'dataset_alias_example_alias_producer_with_no_taskflow' retrieved from /home/airflow/.local/lib/python3.12/site-packages/airflow/example_dags/example_dataset_alias_with_no_taskflow.py
[2025-05-23T10:34:16.586-0600] {logging_mixin.py:190} INFO - [2025-05-23T10:34:16.585-0600] {dag.py:3239} INFO - Sync 4 DAGs
[2025-05-23T10:34:16.611-0600] {logging_mixin.py:190} INFO - [2025-05-23T10:34:16.610-0600] {dag.py:3262} INFO - Creating ORM DAG for dataset_alias_example_alias_producer_with_no_taskflow
[2025-05-23T10:34:16.612-0600] {logging_mixin.py:190} INFO - [2025-05-23T10:34:16.612-0600] {dag.py:3262} INFO - Creating ORM DAG for dataset_alias_example_alias_consumer_with_no_taskflow
[2025-05-23T10:34:16.630-0600] {logging_mixin.py:190} INFO - [2025-05-23T10:34:16.629-0600] {dag.py:4180} INFO - Setting next_dagrun for dataset_alias_example_alias_consumer_with_no_taskflow to None, run_after=None
[2025-05-23T10:34:16.631-0600] {logging_mixin.py:190} INFO - [2025-05-23T10:34:16.631-0600] {dag.py:4180} INFO - Setting next_dagrun for dataset_alias_example_alias_producer_with_no_taskflow to None, run_after=None
[2025-05-23T10:34:16.632-0600] {logging_mixin.py:190} INFO - [2025-05-23T10:34:16.631-0600] {dag.py:4180} INFO - Setting next_dagrun for dataset_s3_bucket_consumer_with_no_taskflow to None, run_after=None
[2025-05-23T10:34:16.636-0600] {logging_mixin.py:190} INFO - [2025-05-23T10:34:16.636-0600] {dag.py:4180} INFO - Setting next_dagrun for dataset_s3_bucket_producer_with_no_taskflow to None, run_after=None
[2025-05-23T10:34:16.676-0600] {processor.py:208} INFO - Processing /home/airflow/.local/lib/python3.12/site-packages/airflow/example_dags/example_dataset_alias_with_no_taskflow.py took 1.613 seconds
[2025-05-23T10:34:46.923-0600] {processor.py:186} INFO - Started process (PID=717) to work on /home/airflow/.local/lib/python3.12/site-packages/airflow/example_dags/example_dataset_alias_with_no_taskflow.py
[2025-05-23T10:34:46.925-0600] {processor.py:914} INFO - Processing file /home/airflow/.local/lib/python3.12/site-packages/airflow/example_dags/example_dataset_alias_with_no_taskflow.py for tasks to queue
[2025-05-23T10:34:46.930-0600] {logging_mixin.py:190} INFO - [2025-05-23T10:34:46.929-0600] {dagbag.py:588} INFO - Filling up the DagBag from /home/airflow/.local/lib/python3.12/site-packages/airflow/example_dags/example_dataset_alias_with_no_taskflow.py
[2025-05-23T10:34:48.363-0600] {processor.py:925} INFO - DAG(s) 'dataset_s3_bucket_producer_with_no_taskflow', 'dataset_alias_example_alias_producer_with_no_taskflow', 'dataset_s3_bucket_consumer_with_no_taskflow', 'dataset_alias_example_alias_consumer_with_no_taskflow' retrieved from /home/airflow/.local/lib/python3.12/site-packages/airflow/example_dags/example_dataset_alias_with_no_taskflow.py
[2025-05-23T10:34:48.612-0600] {logging_mixin.py:190} INFO - [2025-05-23T10:34:48.611-0600] {dag.py:3239} INFO - Sync 4 DAGs
[2025-05-23T10:34:48.648-0600] {logging_mixin.py:190} INFO - [2025-05-23T10:34:48.646-0600] {dag.py:3262} INFO - Creating ORM DAG for dataset_alias_example_alias_consumer_with_no_taskflow
[2025-05-23T10:34:48.672-0600] {logging_mixin.py:190} INFO - [2025-05-23T10:34:48.672-0600] {dag.py:4180} INFO - Setting next_dagrun for dataset_alias_example_alias_consumer_with_no_taskflow to None, run_after=None
[2025-05-23T10:34:48.674-0600] {logging_mixin.py:190} INFO - [2025-05-23T10:34:48.674-0600] {dag.py:4180} INFO - Setting next_dagrun for dataset_alias_example_alias_producer_with_no_taskflow to None, run_after=None
[2025-05-23T10:34:48.681-0600] {logging_mixin.py:190} INFO - [2025-05-23T10:34:48.680-0600] {dag.py:4180} INFO - Setting next_dagrun for dataset_s3_bucket_consumer_with_no_taskflow to None, run_after=None
[2025-05-23T10:34:48.683-0600] {logging_mixin.py:190} INFO - [2025-05-23T10:34:48.683-0600] {dag.py:4180} INFO - Setting next_dagrun for dataset_s3_bucket_producer_with_no_taskflow to None, run_after=None
[2025-05-23T10:34:48.741-0600] {processor.py:208} INFO - Processing /home/airflow/.local/lib/python3.12/site-packages/airflow/example_dags/example_dataset_alias_with_no_taskflow.py took 1.832 seconds
