[2025-05-23T10:29:36.296-0600] {processor.py:186} INFO - Started process (PID=89) to work on /home/airflow/.local/lib/python3.12/site-packages/airflow/example_dags/example_inlet_event_extra.py
[2025-05-23T10:29:36.297-0600] {processor.py:914} INFO - Processing file /home/airflow/.local/lib/python3.12/site-packages/airflow/example_dags/example_inlet_event_extra.py for tasks to queue
[2025-05-23T10:29:36.323-0600] {logging_mixin.py:190} INFO - [2025-05-23T10:29:36.317-0600] {dagbag.py:588} INFO - Filling up the DagBag from /home/airflow/.local/lib/python3.12/site-packages/airflow/example_dags/example_inlet_event_extra.py
[2025-05-23T10:29:38.634-0600] {processor.py:925} INFO - DAG(s) 'read_dataset_event_from_classic', 'read_dataset_event' retrieved from /home/airflow/.local/lib/python3.12/site-packages/airflow/example_dags/example_inlet_event_extra.py
[2025-05-23T10:29:38.905-0600] {logging_mixin.py:190} INFO - [2025-05-23T10:29:38.903-0600] {override.py:1912} INFO - Created Permission View: can delete on DAG:read_dataset_event_from_classic
[2025-05-23T10:29:38.929-0600] {logging_mixin.py:190} INFO - [2025-05-23T10:29:38.928-0600] {override.py:1912} INFO - Created Permission View: can edit on DAG:read_dataset_event_from_classic
[2025-05-23T10:29:38.944-0600] {logging_mixin.py:190} INFO - [2025-05-23T10:29:38.942-0600] {override.py:1912} INFO - Created Permission View: can read on DAG:read_dataset_event_from_classic
[2025-05-23T10:29:38.965-0600] {logging_mixin.py:190} INFO - [2025-05-23T10:29:38.964-0600] {override.py:1912} INFO - Created Permission View: can delete on DAG Run:read_dataset_event_from_classic
[2025-05-23T10:29:38.984-0600] {logging_mixin.py:190} INFO - [2025-05-23T10:29:38.982-0600] {override.py:1912} INFO - Created Permission View: can create on DAG Run:read_dataset_event_from_classic
[2025-05-23T10:29:39.011-0600] {logging_mixin.py:190} INFO - [2025-05-23T10:29:39.010-0600] {override.py:1912} INFO - Created Permission View: menu access on DAG Run:read_dataset_event_from_classic
[2025-05-23T10:29:39.034-0600] {logging_mixin.py:190} INFO - [2025-05-23T10:29:39.033-0600] {override.py:1912} INFO - Created Permission View: can read on DAG Run:read_dataset_event_from_classic
[2025-05-23T10:29:39.086-0600] {logging_mixin.py:190} INFO - [2025-05-23T10:29:39.085-0600] {override.py:1912} INFO - Created Permission View: can delete on DAG:read_dataset_event
[2025-05-23T10:29:39.104-0600] {logging_mixin.py:190} INFO - [2025-05-23T10:29:39.104-0600] {override.py:1912} INFO - Created Permission View: can edit on DAG:read_dataset_event
[2025-05-23T10:29:39.116-0600] {logging_mixin.py:190} INFO - [2025-05-23T10:29:39.115-0600] {override.py:1912} INFO - Created Permission View: can read on DAG:read_dataset_event
[2025-05-23T10:29:39.135-0600] {logging_mixin.py:190} INFO - [2025-05-23T10:29:39.134-0600] {override.py:1912} INFO - Created Permission View: can delete on DAG Run:read_dataset_event
[2025-05-23T10:29:39.167-0600] {logging_mixin.py:190} INFO - [2025-05-23T10:29:39.167-0600] {override.py:1912} INFO - Created Permission View: can create on DAG Run:read_dataset_event
[2025-05-23T10:29:39.216-0600] {logging_mixin.py:190} INFO - [2025-05-23T10:29:39.215-0600] {override.py:1912} INFO - Created Permission View: menu access on DAG Run:read_dataset_event
[2025-05-23T10:29:39.253-0600] {logging_mixin.py:190} INFO - [2025-05-23T10:29:39.252-0600] {override.py:1912} INFO - Created Permission View: can read on DAG Run:read_dataset_event
[2025-05-23T10:29:39.254-0600] {logging_mixin.py:190} INFO - [2025-05-23T10:29:39.253-0600] {dag.py:3239} INFO - Sync 2 DAGs
[2025-05-23T10:29:39.335-0600] {logging_mixin.py:190} INFO - [2025-05-23T10:29:39.334-0600] {dag.py:3262} INFO - Creating ORM DAG for read_dataset_event
[2025-05-23T10:29:39.336-0600] {logging_mixin.py:190} INFO - [2025-05-23T10:29:39.335-0600] {dag.py:3262} INFO - Creating ORM DAG for read_dataset_event_from_classic
[2025-05-23T10:29:39.400-0600] {logging_mixin.py:190} INFO - [2025-05-23T10:29:39.399-0600] {dag.py:4180} INFO - Setting next_dagrun for read_dataset_event to 2025-05-22 00:00:00+00:00, run_after=2025-05-23 00:00:00+00:00
[2025-05-23T10:29:39.409-0600] {logging_mixin.py:190} INFO - [2025-05-23T10:29:39.409-0600] {dag.py:4180} INFO - Setting next_dagrun for read_dataset_event_from_classic to 2025-05-22 00:00:00+00:00, run_after=2025-05-23 00:00:00+00:00
[2025-05-23T10:29:39.508-0600] {processor.py:208} INFO - Processing /home/airflow/.local/lib/python3.12/site-packages/airflow/example_dags/example_inlet_event_extra.py took 3.287 seconds
[2025-05-23T10:30:10.031-0600] {processor.py:186} INFO - Started process (PID=154) to work on /home/airflow/.local/lib/python3.12/site-packages/airflow/example_dags/example_inlet_event_extra.py
[2025-05-23T10:30:10.034-0600] {processor.py:914} INFO - Processing file /home/airflow/.local/lib/python3.12/site-packages/airflow/example_dags/example_inlet_event_extra.py for tasks to queue
[2025-05-23T10:30:10.040-0600] {logging_mixin.py:190} INFO - [2025-05-23T10:30:10.039-0600] {dagbag.py:588} INFO - Filling up the DagBag from /home/airflow/.local/lib/python3.12/site-packages/airflow/example_dags/example_inlet_event_extra.py
[2025-05-23T10:30:11.199-0600] {processor.py:925} INFO - DAG(s) 'read_dataset_event', 'read_dataset_event_from_classic' retrieved from /home/airflow/.local/lib/python3.12/site-packages/airflow/example_dags/example_inlet_event_extra.py
[2025-05-23T10:30:11.258-0600] {logging_mixin.py:190} INFO - [2025-05-23T10:30:11.257-0600] {dag.py:3239} INFO - Sync 2 DAGs
[2025-05-23T10:30:11.312-0600] {logging_mixin.py:190} INFO - [2025-05-23T10:30:11.311-0600] {dag.py:4180} INFO - Setting next_dagrun for read_dataset_event to 2025-05-22 00:00:00+00:00, run_after=2025-05-23 00:00:00+00:00
[2025-05-23T10:30:11.323-0600] {logging_mixin.py:190} INFO - [2025-05-23T10:30:11.323-0600] {dag.py:4180} INFO - Setting next_dagrun for read_dataset_event_from_classic to 2025-05-22 00:00:00+00:00, run_after=2025-05-23 00:00:00+00:00
[2025-05-23T10:30:11.349-0600] {processor.py:208} INFO - Processing /home/airflow/.local/lib/python3.12/site-packages/airflow/example_dags/example_inlet_event_extra.py took 1.339 seconds
[2025-05-23T10:30:41.889-0600] {processor.py:186} INFO - Started process (PID=220) to work on /home/airflow/.local/lib/python3.12/site-packages/airflow/example_dags/example_inlet_event_extra.py
[2025-05-23T10:30:41.891-0600] {processor.py:914} INFO - Processing file /home/airflow/.local/lib/python3.12/site-packages/airflow/example_dags/example_inlet_event_extra.py for tasks to queue
[2025-05-23T10:30:41.895-0600] {logging_mixin.py:190} INFO - [2025-05-23T10:30:41.894-0600] {dagbag.py:588} INFO - Filling up the DagBag from /home/airflow/.local/lib/python3.12/site-packages/airflow/example_dags/example_inlet_event_extra.py
[2025-05-23T10:30:43.016-0600] {processor.py:925} INFO - DAG(s) 'read_dataset_event', 'read_dataset_event_from_classic' retrieved from /home/airflow/.local/lib/python3.12/site-packages/airflow/example_dags/example_inlet_event_extra.py
[2025-05-23T10:30:43.055-0600] {logging_mixin.py:190} INFO - [2025-05-23T10:30:43.055-0600] {dag.py:3239} INFO - Sync 2 DAGs
[2025-05-23T10:30:43.108-0600] {logging_mixin.py:190} INFO - [2025-05-23T10:30:43.107-0600] {dag.py:4180} INFO - Setting next_dagrun for read_dataset_event to 2025-05-22 00:00:00+00:00, run_after=2025-05-23 00:00:00+00:00
[2025-05-23T10:30:43.117-0600] {logging_mixin.py:190} INFO - [2025-05-23T10:30:43.117-0600] {dag.py:4180} INFO - Setting next_dagrun for read_dataset_event_from_classic to 2025-05-22 00:00:00+00:00, run_after=2025-05-23 00:00:00+00:00
[2025-05-23T10:30:43.141-0600] {processor.py:208} INFO - Processing /home/airflow/.local/lib/python3.12/site-packages/airflow/example_dags/example_inlet_event_extra.py took 1.263 seconds
[2025-05-23T10:31:13.888-0600] {processor.py:186} INFO - Started process (PID=284) to work on /home/airflow/.local/lib/python3.12/site-packages/airflow/example_dags/example_inlet_event_extra.py
[2025-05-23T10:31:13.890-0600] {processor.py:914} INFO - Processing file /home/airflow/.local/lib/python3.12/site-packages/airflow/example_dags/example_inlet_event_extra.py for tasks to queue
[2025-05-23T10:31:13.895-0600] {logging_mixin.py:190} INFO - [2025-05-23T10:31:13.894-0600] {dagbag.py:588} INFO - Filling up the DagBag from /home/airflow/.local/lib/python3.12/site-packages/airflow/example_dags/example_inlet_event_extra.py
[2025-05-23T10:31:15.032-0600] {processor.py:925} INFO - DAG(s) 'read_dataset_event', 'read_dataset_event_from_classic' retrieved from /home/airflow/.local/lib/python3.12/site-packages/airflow/example_dags/example_inlet_event_extra.py
[2025-05-23T10:31:15.086-0600] {logging_mixin.py:190} INFO - [2025-05-23T10:31:15.086-0600] {dag.py:3239} INFO - Sync 2 DAGs
[2025-05-23T10:31:15.157-0600] {logging_mixin.py:190} INFO - [2025-05-23T10:31:15.157-0600] {dag.py:4180} INFO - Setting next_dagrun for read_dataset_event to 2025-05-22 00:00:00+00:00, run_after=2025-05-23 00:00:00+00:00
[2025-05-23T10:31:15.173-0600] {logging_mixin.py:190} INFO - [2025-05-23T10:31:15.172-0600] {dag.py:4180} INFO - Setting next_dagrun for read_dataset_event_from_classic to 2025-05-22 00:00:00+00:00, run_after=2025-05-23 00:00:00+00:00
[2025-05-23T10:31:15.200-0600] {processor.py:208} INFO - Processing /home/airflow/.local/lib/python3.12/site-packages/airflow/example_dags/example_inlet_event_extra.py took 1.327 seconds
[2025-05-23T10:31:45.600-0600] {processor.py:186} INFO - Started process (PID=350) to work on /home/airflow/.local/lib/python3.12/site-packages/airflow/example_dags/example_inlet_event_extra.py
[2025-05-23T10:31:45.602-0600] {processor.py:914} INFO - Processing file /home/airflow/.local/lib/python3.12/site-packages/airflow/example_dags/example_inlet_event_extra.py for tasks to queue
[2025-05-23T10:31:45.607-0600] {logging_mixin.py:190} INFO - [2025-05-23T10:31:45.607-0600] {dagbag.py:588} INFO - Filling up the DagBag from /home/airflow/.local/lib/python3.12/site-packages/airflow/example_dags/example_inlet_event_extra.py
[2025-05-23T10:31:46.631-0600] {processor.py:925} INFO - DAG(s) 'read_dataset_event_from_classic', 'read_dataset_event' retrieved from /home/airflow/.local/lib/python3.12/site-packages/airflow/example_dags/example_inlet_event_extra.py
[2025-05-23T10:31:46.662-0600] {logging_mixin.py:190} INFO - [2025-05-23T10:31:46.662-0600] {dag.py:3239} INFO - Sync 2 DAGs
[2025-05-23T10:31:46.699-0600] {logging_mixin.py:190} INFO - [2025-05-23T10:31:46.699-0600] {dag.py:4180} INFO - Setting next_dagrun for read_dataset_event to 2025-05-22 00:00:00+00:00, run_after=2025-05-23 00:00:00+00:00
[2025-05-23T10:31:46.708-0600] {logging_mixin.py:190} INFO - [2025-05-23T10:31:46.708-0600] {dag.py:4180} INFO - Setting next_dagrun for read_dataset_event_from_classic to 2025-05-22 00:00:00+00:00, run_after=2025-05-23 00:00:00+00:00
[2025-05-23T10:31:46.728-0600] {processor.py:208} INFO - Processing /home/airflow/.local/lib/python3.12/site-packages/airflow/example_dags/example_inlet_event_extra.py took 1.145 seconds
[2025-05-23T10:32:17.429-0600] {processor.py:186} INFO - Started process (PID=415) to work on /home/airflow/.local/lib/python3.12/site-packages/airflow/example_dags/example_inlet_event_extra.py
[2025-05-23T10:32:17.430-0600] {processor.py:914} INFO - Processing file /home/airflow/.local/lib/python3.12/site-packages/airflow/example_dags/example_inlet_event_extra.py for tasks to queue
[2025-05-23T10:32:17.434-0600] {logging_mixin.py:190} INFO - [2025-05-23T10:32:17.433-0600] {dagbag.py:588} INFO - Filling up the DagBag from /home/airflow/.local/lib/python3.12/site-packages/airflow/example_dags/example_inlet_event_extra.py
[2025-05-23T10:32:18.461-0600] {processor.py:925} INFO - DAG(s) 'read_dataset_event_from_classic', 'read_dataset_event' retrieved from /home/airflow/.local/lib/python3.12/site-packages/airflow/example_dags/example_inlet_event_extra.py
[2025-05-23T10:32:18.493-0600] {logging_mixin.py:190} INFO - [2025-05-23T10:32:18.493-0600] {dag.py:3239} INFO - Sync 2 DAGs
[2025-05-23T10:32:18.535-0600] {logging_mixin.py:190} INFO - [2025-05-23T10:32:18.535-0600] {dag.py:4180} INFO - Setting next_dagrun for read_dataset_event to 2025-05-22 00:00:00+00:00, run_after=2025-05-23 00:00:00+00:00
[2025-05-23T10:32:18.544-0600] {logging_mixin.py:190} INFO - [2025-05-23T10:32:18.544-0600] {dag.py:4180} INFO - Setting next_dagrun for read_dataset_event_from_classic to 2025-05-22 00:00:00+00:00, run_after=2025-05-23 00:00:00+00:00
[2025-05-23T10:32:18.567-0600] {processor.py:208} INFO - Processing /home/airflow/.local/lib/python3.12/site-packages/airflow/example_dags/example_inlet_event_extra.py took 1.149 seconds
[2025-05-23T10:32:49.369-0600] {processor.py:186} INFO - Started process (PID=480) to work on /home/airflow/.local/lib/python3.12/site-packages/airflow/example_dags/example_inlet_event_extra.py
[2025-05-23T10:32:49.371-0600] {processor.py:914} INFO - Processing file /home/airflow/.local/lib/python3.12/site-packages/airflow/example_dags/example_inlet_event_extra.py for tasks to queue
[2025-05-23T10:32:49.374-0600] {logging_mixin.py:190} INFO - [2025-05-23T10:32:49.374-0600] {dagbag.py:588} INFO - Filling up the DagBag from /home/airflow/.local/lib/python3.12/site-packages/airflow/example_dags/example_inlet_event_extra.py
[2025-05-23T10:32:50.550-0600] {processor.py:925} INFO - DAG(s) 'read_dataset_event', 'read_dataset_event_from_classic' retrieved from /home/airflow/.local/lib/python3.12/site-packages/airflow/example_dags/example_inlet_event_extra.py
[2025-05-23T10:32:50.595-0600] {logging_mixin.py:190} INFO - [2025-05-23T10:32:50.595-0600] {dag.py:3239} INFO - Sync 2 DAGs
[2025-05-23T10:32:50.655-0600] {logging_mixin.py:190} INFO - [2025-05-23T10:32:50.655-0600] {dag.py:4180} INFO - Setting next_dagrun for read_dataset_event to 2025-05-22 00:00:00+00:00, run_after=2025-05-23 00:00:00+00:00
[2025-05-23T10:32:50.663-0600] {logging_mixin.py:190} INFO - [2025-05-23T10:32:50.663-0600] {dag.py:4180} INFO - Setting next_dagrun for read_dataset_event_from_classic to 2025-05-22 00:00:00+00:00, run_after=2025-05-23 00:00:00+00:00
[2025-05-23T10:32:50.684-0600] {processor.py:208} INFO - Processing /home/airflow/.local/lib/python3.12/site-packages/airflow/example_dags/example_inlet_event_extra.py took 1.326 seconds
[2025-05-23T10:33:21.187-0600] {processor.py:186} INFO - Started process (PID=547) to work on /home/airflow/.local/lib/python3.12/site-packages/airflow/example_dags/example_inlet_event_extra.py
[2025-05-23T10:33:21.189-0600] {processor.py:914} INFO - Processing file /home/airflow/.local/lib/python3.12/site-packages/airflow/example_dags/example_inlet_event_extra.py for tasks to queue
[2025-05-23T10:33:21.193-0600] {logging_mixin.py:190} INFO - [2025-05-23T10:33:21.193-0600] {dagbag.py:588} INFO - Filling up the DagBag from /home/airflow/.local/lib/python3.12/site-packages/airflow/example_dags/example_inlet_event_extra.py
[2025-05-23T10:33:22.477-0600] {processor.py:925} INFO - DAG(s) 'read_dataset_event', 'read_dataset_event_from_classic' retrieved from /home/airflow/.local/lib/python3.12/site-packages/airflow/example_dags/example_inlet_event_extra.py
[2025-05-23T10:33:22.517-0600] {logging_mixin.py:190} INFO - [2025-05-23T10:33:22.517-0600] {dag.py:3239} INFO - Sync 2 DAGs
[2025-05-23T10:33:22.559-0600] {logging_mixin.py:190} INFO - [2025-05-23T10:33:22.559-0600] {dag.py:4180} INFO - Setting next_dagrun for read_dataset_event to 2025-05-22 00:00:00+00:00, run_after=2025-05-23 00:00:00+00:00
[2025-05-23T10:33:22.568-0600] {logging_mixin.py:190} INFO - [2025-05-23T10:33:22.568-0600] {dag.py:4180} INFO - Setting next_dagrun for read_dataset_event_from_classic to 2025-05-22 00:00:00+00:00, run_after=2025-05-23 00:00:00+00:00
[2025-05-23T10:33:22.596-0600] {processor.py:208} INFO - Processing /home/airflow/.local/lib/python3.12/site-packages/airflow/example_dags/example_inlet_event_extra.py took 1.421 seconds
[2025-05-23T10:33:52.850-0600] {processor.py:186} INFO - Started process (PID=612) to work on /home/airflow/.local/lib/python3.12/site-packages/airflow/example_dags/example_inlet_event_extra.py
[2025-05-23T10:33:52.852-0600] {processor.py:914} INFO - Processing file /home/airflow/.local/lib/python3.12/site-packages/airflow/example_dags/example_inlet_event_extra.py for tasks to queue
[2025-05-23T10:33:52.856-0600] {logging_mixin.py:190} INFO - [2025-05-23T10:33:52.855-0600] {dagbag.py:588} INFO - Filling up the DagBag from /home/airflow/.local/lib/python3.12/site-packages/airflow/example_dags/example_inlet_event_extra.py
[2025-05-23T10:33:53.990-0600] {processor.py:925} INFO - DAG(s) 'read_dataset_event_from_classic', 'read_dataset_event' retrieved from /home/airflow/.local/lib/python3.12/site-packages/airflow/example_dags/example_inlet_event_extra.py
[2025-05-23T10:33:54.027-0600] {logging_mixin.py:190} INFO - [2025-05-23T10:33:54.026-0600] {dag.py:3239} INFO - Sync 2 DAGs
[2025-05-23T10:33:54.068-0600] {logging_mixin.py:190} INFO - [2025-05-23T10:33:54.068-0600] {dag.py:4180} INFO - Setting next_dagrun for read_dataset_event to 2025-05-22 00:00:00+00:00, run_after=2025-05-23 00:00:00+00:00
[2025-05-23T10:33:54.075-0600] {logging_mixin.py:190} INFO - [2025-05-23T10:33:54.075-0600] {dag.py:4180} INFO - Setting next_dagrun for read_dataset_event_from_classic to 2025-05-22 00:00:00+00:00, run_after=2025-05-23 00:00:00+00:00
[2025-05-23T10:33:54.098-0600] {processor.py:208} INFO - Processing /home/airflow/.local/lib/python3.12/site-packages/airflow/example_dags/example_inlet_event_extra.py took 1.259 seconds
[2025-05-23T10:34:24.392-0600] {processor.py:186} INFO - Started process (PID=677) to work on /home/airflow/.local/lib/python3.12/site-packages/airflow/example_dags/example_inlet_event_extra.py
[2025-05-23T10:34:24.394-0600] {processor.py:914} INFO - Processing file /home/airflow/.local/lib/python3.12/site-packages/airflow/example_dags/example_inlet_event_extra.py for tasks to queue
[2025-05-23T10:34:24.400-0600] {logging_mixin.py:190} INFO - [2025-05-23T10:34:24.399-0600] {dagbag.py:588} INFO - Filling up the DagBag from /home/airflow/.local/lib/python3.12/site-packages/airflow/example_dags/example_inlet_event_extra.py
[2025-05-23T10:34:25.626-0600] {processor.py:925} INFO - DAG(s) 'read_dataset_event_from_classic', 'read_dataset_event' retrieved from /home/airflow/.local/lib/python3.12/site-packages/airflow/example_dags/example_inlet_event_extra.py
[2025-05-23T10:34:25.687-0600] {logging_mixin.py:190} INFO - [2025-05-23T10:34:25.686-0600] {dag.py:3239} INFO - Sync 2 DAGs
[2025-05-23T10:34:25.747-0600] {logging_mixin.py:190} INFO - [2025-05-23T10:34:25.747-0600] {dag.py:4180} INFO - Setting next_dagrun for read_dataset_event to 2025-05-22 00:00:00+00:00, run_after=2025-05-23 00:00:00+00:00
[2025-05-23T10:34:25.759-0600] {logging_mixin.py:190} INFO - [2025-05-23T10:34:25.758-0600] {dag.py:4180} INFO - Setting next_dagrun for read_dataset_event_from_classic to 2025-05-22 00:00:00+00:00, run_after=2025-05-23 00:00:00+00:00
[2025-05-23T10:34:25.793-0600] {processor.py:208} INFO - Processing /home/airflow/.local/lib/python3.12/site-packages/airflow/example_dags/example_inlet_event_extra.py took 1.415 seconds
[2025-05-23T10:34:56.564-0600] {processor.py:186} INFO - Started process (PID=739) to work on /home/airflow/.local/lib/python3.12/site-packages/airflow/example_dags/example_inlet_event_extra.py
[2025-05-23T10:34:56.565-0600] {processor.py:914} INFO - Processing file /home/airflow/.local/lib/python3.12/site-packages/airflow/example_dags/example_inlet_event_extra.py for tasks to queue
[2025-05-23T10:34:56.569-0600] {logging_mixin.py:190} INFO - [2025-05-23T10:34:56.568-0600] {dagbag.py:588} INFO - Filling up the DagBag from /home/airflow/.local/lib/python3.12/site-packages/airflow/example_dags/example_inlet_event_extra.py
[2025-05-23T10:35:03.600-0600] {logging_mixin.py:190} WARNING - Exception ignored in: <function WeakKeyDictionary.__init__.<locals>.remove at 0x7efe39789260>
[2025-05-23T10:35:03.601-0600] {logging_mixin.py:190} WARNING - Traceback (most recent call last):
[2025-05-23T10:35:03.601-0600] {logging_mixin.py:190} WARNING -   File "/usr/local/lib/python3.12/weakref.py", line 369, in remove
[2025-05-23T10:35:03.605-0600] {logging_mixin.py:190} WARNING -     def remove(k, selfref=ref(self)):
[2025-05-23T10:35:03.606-0600] {logging_mixin.py:190} WARNING -   File "/home/airflow/.local/lib/python3.12/site-packages/airflow/dag_processing/manager.py", line 466, in _exit_gracefully
[2025-05-23T10:35:03.607-0600] {logging_mixin.py:190} WARNING -     self.log.debug("Current Stacktrace is: %s", "\n".join(map(str, inspect.stack())))
[2025-05-23T10:35:03.608-0600] {logging_mixin.py:190} WARNING -                                                                    ^^^^^^^^^^^^^^^
[2025-05-23T10:35:03.608-0600] {logging_mixin.py:190} WARNING -   File "/usr/local/lib/python3.12/inspect.py", line 1781, in stack
[2025-05-23T10:35:03.610-0600] {logging_mixin.py:190} WARNING -     return getouterframes(sys._getframe(1), context)
[2025-05-23T10:35:03.610-0600] {logging_mixin.py:190} WARNING -            ^^^^^^^^^^^^^^^^^^^^^^^^^^^^^^^^^^^^^^^^^
[2025-05-23T10:35:03.611-0600] {logging_mixin.py:190} WARNING -   File "/usr/local/lib/python3.12/inspect.py", line 1756, in getouterframes
[2025-05-23T10:35:03.613-0600] {logging_mixin.py:190} WARNING -     traceback_info = getframeinfo(frame, context)
[2025-05-23T10:35:03.613-0600] {logging_mixin.py:190} WARNING -                      ^^^^^^^^^^^^^^^^^^^^^^^^^^^^
[2025-05-23T10:35:03.614-0600] {logging_mixin.py:190} WARNING -   File "/usr/local/lib/python3.12/inspect.py", line 1718, in getframeinfo
[2025-05-23T10:35:03.616-0600] {logging_mixin.py:190} WARNING -     lines, lnum = findsource(frame)
[2025-05-23T10:35:03.617-0600] {logging_mixin.py:190} WARNING -                   ^^^^^^^^^^^^^^^^^
[2025-05-23T10:35:03.617-0600] {logging_mixin.py:190} WARNING -   File "/usr/local/lib/python3.12/inspect.py", line 1090, in findsource
[2025-05-23T10:35:03.618-0600] {logging_mixin.py:190} WARNING -     module = getmodule(object, file)
[2025-05-23T10:35:03.618-0600] {logging_mixin.py:190} WARNING -              ^^^^^^^^^^^^^^^^^^^^^^^
[2025-05-23T10:35:03.619-0600] {logging_mixin.py:190} WARNING -   File "/usr/local/lib/python3.12/inspect.py", line 1016, in getmodule
[2025-05-23T10:35:03.620-0600] {logging_mixin.py:190} WARNING -     os.path.realpath(f)] = module.__name__
[2025-05-23T10:35:03.620-0600] {logging_mixin.py:190} WARNING -     ^^^^^^^^^^^^^^^^^^^
[2025-05-23T10:35:03.620-0600] {logging_mixin.py:190} WARNING -   File "<frozen posixpath>", line 427, in realpath
[2025-05-23T10:35:03.620-0600] {logging_mixin.py:190} WARNING -   File "<frozen posixpath>", line 462, in _joinrealpath
[2025-05-23T10:35:03.621-0600] {logging_mixin.py:190} WARNING -   File "/home/airflow/.local/lib/python3.12/site-packages/airflow/dag_processing/manager.py", line 466, in _exit_gracefully
[2025-05-23T10:35:03.621-0600] {logging_mixin.py:190} WARNING -     self.log.debug("Current Stacktrace is: %s", "\n".join(map(str, inspect.stack())))
[2025-05-23T10:35:03.622-0600] {logging_mixin.py:190} WARNING -                                                                    ^^^^^^^^^^^^^^^
[2025-05-23T10:35:03.622-0600] {logging_mixin.py:190} WARNING -   File "/usr/local/lib/python3.12/inspect.py", line 1781, in stack
[2025-05-23T10:35:03.626-0600] {logging_mixin.py:190} WARNING -     return getouterframes(sys._getframe(1), context)
[2025-05-23T10:35:03.626-0600] {logging_mixin.py:190} WARNING -            ^^^^^^^^^^^^^^^^^^^^^^^^^^^^^^^^^^^^^^^^^
[2025-05-23T10:35:03.627-0600] {logging_mixin.py:190} WARNING -   File "/usr/local/lib/python3.12/inspect.py", line 1756, in getouterframes
[2025-05-23T10:35:03.629-0600] {logging_mixin.py:190} WARNING -     traceback_info = getframeinfo(frame, context)
[2025-05-23T10:35:03.629-0600] {logging_mixin.py:190} WARNING -                      ^^^^^^^^^^^^^^^^^^^^^^^^^^^^
[2025-05-23T10:35:03.630-0600] {logging_mixin.py:190} WARNING -   File "/usr/local/lib/python3.12/inspect.py", line 1718, in getframeinfo
[2025-05-23T10:35:03.631-0600] {logging_mixin.py:190} WARNING -     lines, lnum = findsource(frame)
[2025-05-23T10:35:03.631-0600] {logging_mixin.py:190} WARNING -                   ^^^^^^^^^^^^^^^^^
[2025-05-23T10:35:03.631-0600] {logging_mixin.py:190} WARNING -   File "/usr/local/lib/python3.12/inspect.py", line 1078, in findsource
[2025-05-23T10:35:03.632-0600] {logging_mixin.py:190} WARNING -     file = getsourcefile(object)
[2025-05-23T10:35:03.633-0600] {logging_mixin.py:190} WARNING -            ^^^^^^^^^^^^^^^^^^^^^
[2025-05-23T10:35:03.633-0600] {logging_mixin.py:190} WARNING -   File "/usr/local/lib/python3.12/inspect.py", line 970, in getsourcefile
[2025-05-23T10:35:03.634-0600] {logging_mixin.py:190} WARNING -     module = getmodule(object, filename)
[2025-05-23T10:35:03.634-0600] {logging_mixin.py:190} WARNING -              ^^^^^^^^^^^^^^^^^^^^^^^^^^^
[2025-05-23T10:35:03.634-0600] {logging_mixin.py:190} WARNING -   File "/usr/local/lib/python3.12/inspect.py", line 1009, in getmodule
[2025-05-23T10:35:03.635-0600] {logging_mixin.py:190} WARNING -     if f == _filesbymodname.get(modname, None):
[2025-05-23T10:35:03.636-0600] {logging_mixin.py:190} WARNING -             ^^^^^^^^^^^^^^^^^^^^^^^^^^^^^^^^^^
[2025-05-23T10:35:03.637-0600] {logging_mixin.py:190} WARNING -   File "/home/airflow/.local/lib/python3.12/site-packages/airflow/dag_processing/manager.py", line 470, in _exit_gracefully
[2025-05-23T10:35:03.638-0600] {logging_mixin.py:190} WARNING -     sys.exit(os.EX_OK)
[2025-05-23T10:35:03.638-0600] {logging_mixin.py:190} WARNING - SystemExit: 0
[2025-05-23T10:35:03.924-0600] {processor.py:925} INFO - DAG(s) 'read_dataset_event', 'read_dataset_event_from_classic' retrieved from /home/airflow/.local/lib/python3.12/site-packages/airflow/example_dags/example_inlet_event_extra.py
[2025-05-23T10:35:03.986-0600] {logging_mixin.py:190} INFO - [2025-05-23T10:35:03.986-0600] {dag.py:3239} INFO - Sync 2 DAGs
[2025-05-23T10:35:04.053-0600] {logging_mixin.py:190} INFO - [2025-05-23T10:35:04.052-0600] {dag.py:4180} INFO - Setting next_dagrun for read_dataset_event to 2025-05-22 00:00:00+00:00, run_after=2025-05-23 00:00:00+00:00
[2025-05-23T10:35:04.067-0600] {logging_mixin.py:190} INFO - [2025-05-23T10:35:04.067-0600] {dag.py:4180} INFO - Setting next_dagrun for read_dataset_event_from_classic to 2025-05-22 00:00:00+00:00, run_after=2025-05-23 00:00:00+00:00
[2025-05-23T10:35:04.103-0600] {processor.py:208} INFO - Processing /home/airflow/.local/lib/python3.12/site-packages/airflow/example_dags/example_inlet_event_extra.py took 7.551 seconds
