[2025-05-23T10:29:41.169-0600] {processor.py:186} INFO - Started process (PID=97) to work on /home/airflow/.local/lib/python3.12/site-packages/airflow/example_dags/example_params_ui_tutorial.py
[2025-05-23T10:29:41.172-0600] {processor.py:914} INFO - Processing file /home/airflow/.local/lib/python3.12/site-packages/airflow/example_dags/example_params_ui_tutorial.py for tasks to queue
[2025-05-23T10:29:41.176-0600] {logging_mixin.py:190} INFO - [2025-05-23T10:29:41.175-0600] {dagbag.py:588} INFO - Filling up the DagBag from /home/airflow/.local/lib/python3.12/site-packages/airflow/example_dags/example_params_ui_tutorial.py
[2025-05-23T10:29:41.205-0600] {processor.py:925} INFO - DAG(s) 'example_params_ui_tutorial' retrieved from /home/airflow/.local/lib/python3.12/site-packages/airflow/example_dags/example_params_ui_tutorial.py
[2025-05-23T10:29:41.547-0600] {logging_mixin.py:190} INFO - [2025-05-23T10:29:41.546-0600] {override.py:1912} INFO - Created Permission View: can delete on DAG:example_params_ui_tutorial
[2025-05-23T10:29:41.572-0600] {logging_mixin.py:190} INFO - [2025-05-23T10:29:41.572-0600] {override.py:1912} INFO - Created Permission View: can edit on DAG:example_params_ui_tutorial
[2025-05-23T10:29:41.584-0600] {logging_mixin.py:190} INFO - [2025-05-23T10:29:41.583-0600] {override.py:1912} INFO - Created Permission View: can read on DAG:example_params_ui_tutorial
[2025-05-23T10:29:41.594-0600] {logging_mixin.py:190} INFO - [2025-05-23T10:29:41.593-0600] {override.py:1912} INFO - Created Permission View: can delete on DAG Run:example_params_ui_tutorial
[2025-05-23T10:29:41.605-0600] {logging_mixin.py:190} INFO - [2025-05-23T10:29:41.605-0600] {override.py:1912} INFO - Created Permission View: can create on DAG Run:example_params_ui_tutorial
[2025-05-23T10:29:41.616-0600] {logging_mixin.py:190} INFO - [2025-05-23T10:29:41.615-0600] {override.py:1912} INFO - Created Permission View: menu access on DAG Run:example_params_ui_tutorial
[2025-05-23T10:29:41.627-0600] {logging_mixin.py:190} INFO - [2025-05-23T10:29:41.626-0600] {override.py:1912} INFO - Created Permission View: can read on DAG Run:example_params_ui_tutorial
[2025-05-23T10:29:41.627-0600] {logging_mixin.py:190} INFO - [2025-05-23T10:29:41.627-0600] {dag.py:3239} INFO - Sync 1 DAGs
[2025-05-23T10:29:41.661-0600] {logging_mixin.py:190} INFO - [2025-05-23T10:29:41.661-0600] {dag.py:3262} INFO - Creating ORM DAG for example_params_ui_tutorial
[2025-05-23T10:29:41.662-0600] {logging_mixin.py:190} INFO - [2025-05-23T10:29:41.662-0600] {dag.py:4180} INFO - Setting next_dagrun for example_params_ui_tutorial to None, run_after=None
[2025-05-23T10:29:41.701-0600] {processor.py:208} INFO - Processing /home/airflow/.local/lib/python3.12/site-packages/airflow/example_dags/example_params_ui_tutorial.py took 0.548 seconds
[2025-05-23T10:30:12.441-0600] {processor.py:186} INFO - Started process (PID=159) to work on /home/airflow/.local/lib/python3.12/site-packages/airflow/example_dags/example_params_ui_tutorial.py
[2025-05-23T10:30:12.444-0600] {processor.py:914} INFO - Processing file /home/airflow/.local/lib/python3.12/site-packages/airflow/example_dags/example_params_ui_tutorial.py for tasks to queue
[2025-05-23T10:30:12.450-0600] {logging_mixin.py:190} INFO - [2025-05-23T10:30:12.449-0600] {dagbag.py:588} INFO - Filling up the DagBag from /home/airflow/.local/lib/python3.12/site-packages/airflow/example_dags/example_params_ui_tutorial.py
[2025-05-23T10:30:12.471-0600] {processor.py:925} INFO - DAG(s) 'example_params_ui_tutorial' retrieved from /home/airflow/.local/lib/python3.12/site-packages/airflow/example_dags/example_params_ui_tutorial.py
[2025-05-23T10:30:12.595-0600] {logging_mixin.py:190} INFO - [2025-05-23T10:30:12.595-0600] {dag.py:3239} INFO - Sync 1 DAGs
[2025-05-23T10:30:12.625-0600] {logging_mixin.py:190} INFO - [2025-05-23T10:30:12.624-0600] {dag.py:4180} INFO - Setting next_dagrun for example_params_ui_tutorial to None, run_after=None
[2025-05-23T10:30:12.666-0600] {processor.py:208} INFO - Processing /home/airflow/.local/lib/python3.12/site-packages/airflow/example_dags/example_params_ui_tutorial.py took 0.241 seconds
[2025-05-23T10:30:43.088-0600] {processor.py:186} INFO - Started process (PID=222) to work on /home/airflow/.local/lib/python3.12/site-packages/airflow/example_dags/example_params_ui_tutorial.py
[2025-05-23T10:30:43.090-0600] {processor.py:914} INFO - Processing file /home/airflow/.local/lib/python3.12/site-packages/airflow/example_dags/example_params_ui_tutorial.py for tasks to queue
[2025-05-23T10:30:43.094-0600] {logging_mixin.py:190} INFO - [2025-05-23T10:30:43.094-0600] {dagbag.py:588} INFO - Filling up the DagBag from /home/airflow/.local/lib/python3.12/site-packages/airflow/example_dags/example_params_ui_tutorial.py
[2025-05-23T10:30:43.112-0600] {processor.py:925} INFO - DAG(s) 'example_params_ui_tutorial' retrieved from /home/airflow/.local/lib/python3.12/site-packages/airflow/example_dags/example_params_ui_tutorial.py
[2025-05-23T10:30:43.210-0600] {logging_mixin.py:190} INFO - [2025-05-23T10:30:43.209-0600] {dag.py:3239} INFO - Sync 1 DAGs
[2025-05-23T10:30:43.238-0600] {logging_mixin.py:190} INFO - [2025-05-23T10:30:43.237-0600] {dag.py:4180} INFO - Setting next_dagrun for example_params_ui_tutorial to None, run_after=None
[2025-05-23T10:30:43.269-0600] {processor.py:208} INFO - Processing /home/airflow/.local/lib/python3.12/site-packages/airflow/example_dags/example_params_ui_tutorial.py took 0.193 seconds
[2025-05-23T10:31:13.908-0600] {processor.py:186} INFO - Started process (PID=285) to work on /home/airflow/.local/lib/python3.12/site-packages/airflow/example_dags/example_params_ui_tutorial.py
[2025-05-23T10:31:13.910-0600] {processor.py:914} INFO - Processing file /home/airflow/.local/lib/python3.12/site-packages/airflow/example_dags/example_params_ui_tutorial.py for tasks to queue
[2025-05-23T10:31:13.915-0600] {logging_mixin.py:190} INFO - [2025-05-23T10:31:13.914-0600] {dagbag.py:588} INFO - Filling up the DagBag from /home/airflow/.local/lib/python3.12/site-packages/airflow/example_dags/example_params_ui_tutorial.py
[2025-05-23T10:31:13.935-0600] {processor.py:925} INFO - DAG(s) 'example_params_ui_tutorial' retrieved from /home/airflow/.local/lib/python3.12/site-packages/airflow/example_dags/example_params_ui_tutorial.py
[2025-05-23T10:31:14.087-0600] {logging_mixin.py:190} INFO - [2025-05-23T10:31:14.087-0600] {dag.py:3239} INFO - Sync 1 DAGs
[2025-05-23T10:31:14.133-0600] {logging_mixin.py:190} INFO - [2025-05-23T10:31:14.133-0600] {dag.py:4180} INFO - Setting next_dagrun for example_params_ui_tutorial to None, run_after=None
[2025-05-23T10:31:14.165-0600] {processor.py:208} INFO - Processing /home/airflow/.local/lib/python3.12/site-packages/airflow/example_dags/example_params_ui_tutorial.py took 0.273 seconds
[2025-05-23T10:31:44.322-0600] {processor.py:186} INFO - Started process (PID=348) to work on /home/airflow/.local/lib/python3.12/site-packages/airflow/example_dags/example_params_ui_tutorial.py
[2025-05-23T10:31:44.324-0600] {processor.py:914} INFO - Processing file /home/airflow/.local/lib/python3.12/site-packages/airflow/example_dags/example_params_ui_tutorial.py for tasks to queue
[2025-05-23T10:31:44.328-0600] {logging_mixin.py:190} INFO - [2025-05-23T10:31:44.328-0600] {dagbag.py:588} INFO - Filling up the DagBag from /home/airflow/.local/lib/python3.12/site-packages/airflow/example_dags/example_params_ui_tutorial.py
[2025-05-23T10:31:44.352-0600] {processor.py:925} INFO - DAG(s) 'example_params_ui_tutorial' retrieved from /home/airflow/.local/lib/python3.12/site-packages/airflow/example_dags/example_params_ui_tutorial.py
[2025-05-23T10:31:44.472-0600] {logging_mixin.py:190} INFO - [2025-05-23T10:31:44.472-0600] {dag.py:3239} INFO - Sync 1 DAGs
[2025-05-23T10:31:44.502-0600] {logging_mixin.py:190} INFO - [2025-05-23T10:31:44.502-0600] {dag.py:4180} INFO - Setting next_dagrun for example_params_ui_tutorial to None, run_after=None
[2025-05-23T10:31:44.529-0600] {processor.py:208} INFO - Processing /home/airflow/.local/lib/python3.12/site-packages/airflow/example_dags/example_params_ui_tutorial.py took 0.219 seconds
[2025-05-23T10:32:15.174-0600] {processor.py:186} INFO - Started process (PID=411) to work on /home/airflow/.local/lib/python3.12/site-packages/airflow/example_dags/example_params_ui_tutorial.py
[2025-05-23T10:32:15.176-0600] {processor.py:914} INFO - Processing file /home/airflow/.local/lib/python3.12/site-packages/airflow/example_dags/example_params_ui_tutorial.py for tasks to queue
[2025-05-23T10:32:15.181-0600] {logging_mixin.py:190} INFO - [2025-05-23T10:32:15.180-0600] {dagbag.py:588} INFO - Filling up the DagBag from /home/airflow/.local/lib/python3.12/site-packages/airflow/example_dags/example_params_ui_tutorial.py
[2025-05-23T10:32:15.201-0600] {processor.py:925} INFO - DAG(s) 'example_params_ui_tutorial' retrieved from /home/airflow/.local/lib/python3.12/site-packages/airflow/example_dags/example_params_ui_tutorial.py
[2025-05-23T10:32:15.283-0600] {logging_mixin.py:190} INFO - [2025-05-23T10:32:15.282-0600] {dag.py:3239} INFO - Sync 1 DAGs
[2025-05-23T10:32:15.310-0600] {logging_mixin.py:190} INFO - [2025-05-23T10:32:15.310-0600] {dag.py:4180} INFO - Setting next_dagrun for example_params_ui_tutorial to None, run_after=None
[2025-05-23T10:32:15.340-0600] {processor.py:208} INFO - Processing /home/airflow/.local/lib/python3.12/site-packages/airflow/example_dags/example_params_ui_tutorial.py took 0.177 seconds
[2025-05-23T10:32:46.086-0600] {processor.py:186} INFO - Started process (PID=472) to work on /home/airflow/.local/lib/python3.12/site-packages/airflow/example_dags/example_params_ui_tutorial.py
[2025-05-23T10:32:46.088-0600] {processor.py:914} INFO - Processing file /home/airflow/.local/lib/python3.12/site-packages/airflow/example_dags/example_params_ui_tutorial.py for tasks to queue
[2025-05-23T10:32:46.091-0600] {logging_mixin.py:190} INFO - [2025-05-23T10:32:46.091-0600] {dagbag.py:588} INFO - Filling up the DagBag from /home/airflow/.local/lib/python3.12/site-packages/airflow/example_dags/example_params_ui_tutorial.py
[2025-05-23T10:32:46.110-0600] {processor.py:925} INFO - DAG(s) 'example_params_ui_tutorial' retrieved from /home/airflow/.local/lib/python3.12/site-packages/airflow/example_dags/example_params_ui_tutorial.py
[2025-05-23T10:32:46.197-0600] {logging_mixin.py:190} INFO - [2025-05-23T10:32:46.197-0600] {dag.py:3239} INFO - Sync 1 DAGs
[2025-05-23T10:32:46.229-0600] {logging_mixin.py:190} INFO - [2025-05-23T10:32:46.229-0600] {dag.py:4180} INFO - Setting next_dagrun for example_params_ui_tutorial to None, run_after=None
[2025-05-23T10:32:46.256-0600] {processor.py:208} INFO - Processing /home/airflow/.local/lib/python3.12/site-packages/airflow/example_dags/example_params_ui_tutorial.py took 0.182 seconds
[2025-05-23T10:33:16.741-0600] {processor.py:186} INFO - Started process (PID=535) to work on /home/airflow/.local/lib/python3.12/site-packages/airflow/example_dags/example_params_ui_tutorial.py
[2025-05-23T10:33:16.742-0600] {processor.py:914} INFO - Processing file /home/airflow/.local/lib/python3.12/site-packages/airflow/example_dags/example_params_ui_tutorial.py for tasks to queue
[2025-05-23T10:33:16.746-0600] {logging_mixin.py:190} INFO - [2025-05-23T10:33:16.745-0600] {dagbag.py:588} INFO - Filling up the DagBag from /home/airflow/.local/lib/python3.12/site-packages/airflow/example_dags/example_params_ui_tutorial.py
[2025-05-23T10:33:16.761-0600] {processor.py:925} INFO - DAG(s) 'example_params_ui_tutorial' retrieved from /home/airflow/.local/lib/python3.12/site-packages/airflow/example_dags/example_params_ui_tutorial.py
[2025-05-23T10:33:16.842-0600] {logging_mixin.py:190} INFO - [2025-05-23T10:33:16.841-0600] {dag.py:3239} INFO - Sync 1 DAGs
[2025-05-23T10:33:16.867-0600] {logging_mixin.py:190} INFO - [2025-05-23T10:33:16.867-0600] {dag.py:4180} INFO - Setting next_dagrun for example_params_ui_tutorial to None, run_after=None
[2025-05-23T10:33:16.893-0600] {processor.py:208} INFO - Processing /home/airflow/.local/lib/python3.12/site-packages/airflow/example_dags/example_params_ui_tutorial.py took 0.166 seconds
[2025-05-23T10:33:47.790-0600] {processor.py:186} INFO - Started process (PID=598) to work on /home/airflow/.local/lib/python3.12/site-packages/airflow/example_dags/example_params_ui_tutorial.py
[2025-05-23T10:33:47.794-0600] {processor.py:914} INFO - Processing file /home/airflow/.local/lib/python3.12/site-packages/airflow/example_dags/example_params_ui_tutorial.py for tasks to queue
[2025-05-23T10:33:47.798-0600] {logging_mixin.py:190} INFO - [2025-05-23T10:33:47.797-0600] {dagbag.py:588} INFO - Filling up the DagBag from /home/airflow/.local/lib/python3.12/site-packages/airflow/example_dags/example_params_ui_tutorial.py
[2025-05-23T10:33:47.849-0600] {processor.py:925} INFO - DAG(s) 'example_params_ui_tutorial' retrieved from /home/airflow/.local/lib/python3.12/site-packages/airflow/example_dags/example_params_ui_tutorial.py
[2025-05-23T10:33:47.984-0600] {logging_mixin.py:190} INFO - [2025-05-23T10:33:47.983-0600] {dag.py:3239} INFO - Sync 1 DAGs
[2025-05-23T10:33:48.014-0600] {logging_mixin.py:190} INFO - [2025-05-23T10:33:48.013-0600] {dag.py:4180} INFO - Setting next_dagrun for example_params_ui_tutorial to None, run_after=None
[2025-05-23T10:33:48.064-0600] {processor.py:208} INFO - Processing /home/airflow/.local/lib/python3.12/site-packages/airflow/example_dags/example_params_ui_tutorial.py took 0.306 seconds
[2025-05-23T10:34:18.544-0600] {processor.py:186} INFO - Started process (PID=662) to work on /home/airflow/.local/lib/python3.12/site-packages/airflow/example_dags/example_params_ui_tutorial.py
[2025-05-23T10:34:18.546-0600] {processor.py:914} INFO - Processing file /home/airflow/.local/lib/python3.12/site-packages/airflow/example_dags/example_params_ui_tutorial.py for tasks to queue
[2025-05-23T10:34:18.549-0600] {logging_mixin.py:190} INFO - [2025-05-23T10:34:18.549-0600] {dagbag.py:588} INFO - Filling up the DagBag from /home/airflow/.local/lib/python3.12/site-packages/airflow/example_dags/example_params_ui_tutorial.py
[2025-05-23T10:34:18.565-0600] {processor.py:925} INFO - DAG(s) 'example_params_ui_tutorial' retrieved from /home/airflow/.local/lib/python3.12/site-packages/airflow/example_dags/example_params_ui_tutorial.py
[2025-05-23T10:34:18.658-0600] {logging_mixin.py:190} INFO - [2025-05-23T10:34:18.655-0600] {dag.py:3239} INFO - Sync 1 DAGs
[2025-05-23T10:34:18.688-0600] {logging_mixin.py:190} INFO - [2025-05-23T10:34:18.687-0600] {dag.py:4180} INFO - Setting next_dagrun for example_params_ui_tutorial to None, run_after=None
[2025-05-23T10:34:18.724-0600] {processor.py:208} INFO - Processing /home/airflow/.local/lib/python3.12/site-packages/airflow/example_dags/example_params_ui_tutorial.py took 0.189 seconds
[2025-05-23T10:34:49.887-0600] {processor.py:186} INFO - Started process (PID=725) to work on /home/airflow/.local/lib/python3.12/site-packages/airflow/example_dags/example_params_ui_tutorial.py
[2025-05-23T10:34:49.889-0600] {processor.py:914} INFO - Processing file /home/airflow/.local/lib/python3.12/site-packages/airflow/example_dags/example_params_ui_tutorial.py for tasks to queue
[2025-05-23T10:34:49.894-0600] {logging_mixin.py:190} INFO - [2025-05-23T10:34:49.893-0600] {dagbag.py:588} INFO - Filling up the DagBag from /home/airflow/.local/lib/python3.12/site-packages/airflow/example_dags/example_params_ui_tutorial.py
[2025-05-23T10:34:49.914-0600] {processor.py:925} INFO - DAG(s) 'example_params_ui_tutorial' retrieved from /home/airflow/.local/lib/python3.12/site-packages/airflow/example_dags/example_params_ui_tutorial.py
[2025-05-23T10:34:50.005-0600] {logging_mixin.py:190} INFO - [2025-05-23T10:34:50.005-0600] {dag.py:3239} INFO - Sync 1 DAGs
[2025-05-23T10:34:50.037-0600] {logging_mixin.py:190} INFO - [2025-05-23T10:34:50.036-0600] {dag.py:4180} INFO - Setting next_dagrun for example_params_ui_tutorial to None, run_after=None
[2025-05-23T10:34:50.082-0600] {processor.py:208} INFO - Processing /home/airflow/.local/lib/python3.12/site-packages/airflow/example_dags/example_params_ui_tutorial.py took 0.209 seconds
