[2025-05-23T10:29:48.706-0600] {processor.py:186} INFO - Started process (PID=122) to work on /home/airflow/.local/lib/python3.12/site-packages/airflow/example_dags/tutorial_taskflow_api_virtualenv.py
[2025-05-23T10:29:48.707-0600] {processor.py:914} INFO - Processing file /home/airflow/.local/lib/python3.12/site-packages/airflow/example_dags/tutorial_taskflow_api_virtualenv.py for tasks to queue
[2025-05-23T10:29:48.711-0600] {logging_mixin.py:190} INFO - [2025-05-23T10:29:48.710-0600] {dagbag.py:588} INFO - Filling up the DagBag from /home/airflow/.local/lib/python3.12/site-packages/airflow/example_dags/tutorial_taskflow_api_virtualenv.py
[2025-05-23T10:29:48.735-0600] {processor.py:925} INFO - DAG(s) 'tutorial_taskflow_api_virtualenv' retrieved from /home/airflow/.local/lib/python3.12/site-packages/airflow/example_dags/tutorial_taskflow_api_virtualenv.py
[2025-05-23T10:29:48.970-0600] {logging_mixin.py:190} INFO - [2025-05-23T10:29:48.969-0600] {override.py:1912} INFO - Created Permission View: can delete on DAG:tutorial_taskflow_api_virtualenv
[2025-05-23T10:29:48.983-0600] {logging_mixin.py:190} INFO - [2025-05-23T10:29:48.982-0600] {override.py:1912} INFO - Created Permission View: can edit on DAG:tutorial_taskflow_api_virtualenv
[2025-05-23T10:29:48.990-0600] {logging_mixin.py:190} INFO - [2025-05-23T10:29:48.990-0600] {override.py:1912} INFO - Created Permission View: can read on DAG:tutorial_taskflow_api_virtualenv
[2025-05-23T10:29:49.001-0600] {logging_mixin.py:190} INFO - [2025-05-23T10:29:49.000-0600] {override.py:1912} INFO - Created Permission View: can delete on DAG Run:tutorial_taskflow_api_virtualenv
[2025-05-23T10:29:49.008-0600] {logging_mixin.py:190} INFO - [2025-05-23T10:29:49.008-0600] {override.py:1912} INFO - Created Permission View: can create on DAG Run:tutorial_taskflow_api_virtualenv
[2025-05-23T10:29:49.015-0600] {logging_mixin.py:190} INFO - [2025-05-23T10:29:49.015-0600] {override.py:1912} INFO - Created Permission View: menu access on DAG Run:tutorial_taskflow_api_virtualenv
[2025-05-23T10:29:49.023-0600] {logging_mixin.py:190} INFO - [2025-05-23T10:29:49.023-0600] {override.py:1912} INFO - Created Permission View: can read on DAG Run:tutorial_taskflow_api_virtualenv
[2025-05-23T10:29:49.023-0600] {logging_mixin.py:190} INFO - [2025-05-23T10:29:49.023-0600] {dag.py:3239} INFO - Sync 1 DAGs
[2025-05-23T10:29:49.043-0600] {logging_mixin.py:190} INFO - [2025-05-23T10:29:49.043-0600] {dag.py:3262} INFO - Creating ORM DAG for tutorial_taskflow_api_virtualenv
[2025-05-23T10:29:49.044-0600] {logging_mixin.py:190} INFO - [2025-05-23T10:29:49.044-0600] {dag.py:4180} INFO - Setting next_dagrun for tutorial_taskflow_api_virtualenv to None, run_after=None
[2025-05-23T10:29:49.064-0600] {processor.py:208} INFO - Processing /home/airflow/.local/lib/python3.12/site-packages/airflow/example_dags/tutorial_taskflow_api_virtualenv.py took 0.369 seconds
[2025-05-23T10:30:19.622-0600] {processor.py:186} INFO - Started process (PID=185) to work on /home/airflow/.local/lib/python3.12/site-packages/airflow/example_dags/tutorial_taskflow_api_virtualenv.py
[2025-05-23T10:30:19.625-0600] {processor.py:914} INFO - Processing file /home/airflow/.local/lib/python3.12/site-packages/airflow/example_dags/tutorial_taskflow_api_virtualenv.py for tasks to queue
[2025-05-23T10:30:19.633-0600] {logging_mixin.py:190} INFO - [2025-05-23T10:30:19.632-0600] {dagbag.py:588} INFO - Filling up the DagBag from /home/airflow/.local/lib/python3.12/site-packages/airflow/example_dags/tutorial_taskflow_api_virtualenv.py
[2025-05-23T10:30:19.658-0600] {processor.py:925} INFO - DAG(s) 'tutorial_taskflow_api_virtualenv' retrieved from /home/airflow/.local/lib/python3.12/site-packages/airflow/example_dags/tutorial_taskflow_api_virtualenv.py
[2025-05-23T10:30:19.692-0600] {logging_mixin.py:190} INFO - [2025-05-23T10:30:19.692-0600] {dag.py:3239} INFO - Sync 1 DAGs
[2025-05-23T10:30:19.717-0600] {logging_mixin.py:190} INFO - [2025-05-23T10:30:19.717-0600] {dag.py:4180} INFO - Setting next_dagrun for tutorial_taskflow_api_virtualenv to None, run_after=None
[2025-05-23T10:30:19.744-0600] {processor.py:208} INFO - Processing /home/airflow/.local/lib/python3.12/site-packages/airflow/example_dags/tutorial_taskflow_api_virtualenv.py took 0.133 seconds
[2025-05-23T10:30:50.621-0600] {processor.py:186} INFO - Started process (PID=248) to work on /home/airflow/.local/lib/python3.12/site-packages/airflow/example_dags/tutorial_taskflow_api_virtualenv.py
[2025-05-23T10:30:50.626-0600] {processor.py:914} INFO - Processing file /home/airflow/.local/lib/python3.12/site-packages/airflow/example_dags/tutorial_taskflow_api_virtualenv.py for tasks to queue
[2025-05-23T10:30:50.630-0600] {logging_mixin.py:190} INFO - [2025-05-23T10:30:50.630-0600] {dagbag.py:588} INFO - Filling up the DagBag from /home/airflow/.local/lib/python3.12/site-packages/airflow/example_dags/tutorial_taskflow_api_virtualenv.py
[2025-05-23T10:30:50.665-0600] {processor.py:925} INFO - DAG(s) 'tutorial_taskflow_api_virtualenv' retrieved from /home/airflow/.local/lib/python3.12/site-packages/airflow/example_dags/tutorial_taskflow_api_virtualenv.py
[2025-05-23T10:30:50.726-0600] {logging_mixin.py:190} INFO - [2025-05-23T10:30:50.726-0600] {dag.py:3239} INFO - Sync 1 DAGs
[2025-05-23T10:30:50.756-0600] {logging_mixin.py:190} INFO - [2025-05-23T10:30:50.756-0600] {dag.py:4180} INFO - Setting next_dagrun for tutorial_taskflow_api_virtualenv to None, run_after=None
[2025-05-23T10:30:50.797-0600] {processor.py:208} INFO - Processing /home/airflow/.local/lib/python3.12/site-packages/airflow/example_dags/tutorial_taskflow_api_virtualenv.py took 0.202 seconds
[2025-05-23T10:31:20.871-0600] {processor.py:186} INFO - Started process (PID=311) to work on /home/airflow/.local/lib/python3.12/site-packages/airflow/example_dags/tutorial_taskflow_api_virtualenv.py
[2025-05-23T10:31:20.873-0600] {processor.py:914} INFO - Processing file /home/airflow/.local/lib/python3.12/site-packages/airflow/example_dags/tutorial_taskflow_api_virtualenv.py for tasks to queue
[2025-05-23T10:31:20.878-0600] {logging_mixin.py:190} INFO - [2025-05-23T10:31:20.877-0600] {dagbag.py:588} INFO - Filling up the DagBag from /home/airflow/.local/lib/python3.12/site-packages/airflow/example_dags/tutorial_taskflow_api_virtualenv.py
[2025-05-23T10:31:20.901-0600] {processor.py:925} INFO - DAG(s) 'tutorial_taskflow_api_virtualenv' retrieved from /home/airflow/.local/lib/python3.12/site-packages/airflow/example_dags/tutorial_taskflow_api_virtualenv.py
[2025-05-23T10:31:20.938-0600] {logging_mixin.py:190} INFO - [2025-05-23T10:31:20.938-0600] {dag.py:3239} INFO - Sync 1 DAGs
[2025-05-23T10:31:20.963-0600] {logging_mixin.py:190} INFO - [2025-05-23T10:31:20.963-0600] {dag.py:4180} INFO - Setting next_dagrun for tutorial_taskflow_api_virtualenv to None, run_after=None
[2025-05-23T10:31:20.991-0600] {processor.py:208} INFO - Processing /home/airflow/.local/lib/python3.12/site-packages/airflow/example_dags/tutorial_taskflow_api_virtualenv.py took 0.132 seconds
[2025-05-23T10:31:51.359-0600] {processor.py:186} INFO - Started process (PID=375) to work on /home/airflow/.local/lib/python3.12/site-packages/airflow/example_dags/tutorial_taskflow_api_virtualenv.py
[2025-05-23T10:31:51.361-0600] {processor.py:914} INFO - Processing file /home/airflow/.local/lib/python3.12/site-packages/airflow/example_dags/tutorial_taskflow_api_virtualenv.py for tasks to queue
[2025-05-23T10:31:51.365-0600] {logging_mixin.py:190} INFO - [2025-05-23T10:31:51.364-0600] {dagbag.py:588} INFO - Filling up the DagBag from /home/airflow/.local/lib/python3.12/site-packages/airflow/example_dags/tutorial_taskflow_api_virtualenv.py
[2025-05-23T10:31:51.393-0600] {processor.py:925} INFO - DAG(s) 'tutorial_taskflow_api_virtualenv' retrieved from /home/airflow/.local/lib/python3.12/site-packages/airflow/example_dags/tutorial_taskflow_api_virtualenv.py
[2025-05-23T10:31:51.441-0600] {logging_mixin.py:190} INFO - [2025-05-23T10:31:51.440-0600] {dag.py:3239} INFO - Sync 1 DAGs
[2025-05-23T10:31:51.483-0600] {logging_mixin.py:190} INFO - [2025-05-23T10:31:51.482-0600] {dag.py:4180} INFO - Setting next_dagrun for tutorial_taskflow_api_virtualenv to None, run_after=None
[2025-05-23T10:31:51.532-0600] {processor.py:208} INFO - Processing /home/airflow/.local/lib/python3.12/site-packages/airflow/example_dags/tutorial_taskflow_api_virtualenv.py took 0.187 seconds
[2025-05-23T10:32:22.390-0600] {processor.py:186} INFO - Started process (PID=438) to work on /home/airflow/.local/lib/python3.12/site-packages/airflow/example_dags/tutorial_taskflow_api_virtualenv.py
[2025-05-23T10:32:22.392-0600] {processor.py:914} INFO - Processing file /home/airflow/.local/lib/python3.12/site-packages/airflow/example_dags/tutorial_taskflow_api_virtualenv.py for tasks to queue
[2025-05-23T10:32:22.396-0600] {logging_mixin.py:190} INFO - [2025-05-23T10:32:22.395-0600] {dagbag.py:588} INFO - Filling up the DagBag from /home/airflow/.local/lib/python3.12/site-packages/airflow/example_dags/tutorial_taskflow_api_virtualenv.py
[2025-05-23T10:32:22.417-0600] {processor.py:925} INFO - DAG(s) 'tutorial_taskflow_api_virtualenv' retrieved from /home/airflow/.local/lib/python3.12/site-packages/airflow/example_dags/tutorial_taskflow_api_virtualenv.py
[2025-05-23T10:32:22.453-0600] {logging_mixin.py:190} INFO - [2025-05-23T10:32:22.453-0600] {dag.py:3239} INFO - Sync 1 DAGs
[2025-05-23T10:32:22.487-0600] {logging_mixin.py:190} INFO - [2025-05-23T10:32:22.486-0600] {dag.py:4180} INFO - Setting next_dagrun for tutorial_taskflow_api_virtualenv to None, run_after=None
[2025-05-23T10:32:22.518-0600] {processor.py:208} INFO - Processing /home/airflow/.local/lib/python3.12/site-packages/airflow/example_dags/tutorial_taskflow_api_virtualenv.py took 0.139 seconds
[2025-05-23T10:32:52.751-0600] {processor.py:186} INFO - Started process (PID=500) to work on /home/airflow/.local/lib/python3.12/site-packages/airflow/example_dags/tutorial_taskflow_api_virtualenv.py
[2025-05-23T10:32:52.753-0600] {processor.py:914} INFO - Processing file /home/airflow/.local/lib/python3.12/site-packages/airflow/example_dags/tutorial_taskflow_api_virtualenv.py for tasks to queue
[2025-05-23T10:32:52.756-0600] {logging_mixin.py:190} INFO - [2025-05-23T10:32:52.756-0600] {dagbag.py:588} INFO - Filling up the DagBag from /home/airflow/.local/lib/python3.12/site-packages/airflow/example_dags/tutorial_taskflow_api_virtualenv.py
[2025-05-23T10:32:52.779-0600] {processor.py:925} INFO - DAG(s) 'tutorial_taskflow_api_virtualenv' retrieved from /home/airflow/.local/lib/python3.12/site-packages/airflow/example_dags/tutorial_taskflow_api_virtualenv.py
[2025-05-23T10:32:52.819-0600] {logging_mixin.py:190} INFO - [2025-05-23T10:32:52.818-0600] {dag.py:3239} INFO - Sync 1 DAGs
[2025-05-23T10:32:52.848-0600] {logging_mixin.py:190} INFO - [2025-05-23T10:32:52.848-0600] {dag.py:4180} INFO - Setting next_dagrun for tutorial_taskflow_api_virtualenv to None, run_after=None
[2025-05-23T10:32:52.886-0600] {processor.py:208} INFO - Processing /home/airflow/.local/lib/python3.12/site-packages/airflow/example_dags/tutorial_taskflow_api_virtualenv.py took 0.147 seconds
[2025-05-23T10:33:24.417-0600] {processor.py:186} INFO - Started process (PID=563) to work on /home/airflow/.local/lib/python3.12/site-packages/airflow/example_dags/tutorial_taskflow_api_virtualenv.py
[2025-05-23T10:33:24.418-0600] {processor.py:914} INFO - Processing file /home/airflow/.local/lib/python3.12/site-packages/airflow/example_dags/tutorial_taskflow_api_virtualenv.py for tasks to queue
[2025-05-23T10:33:24.422-0600] {logging_mixin.py:190} INFO - [2025-05-23T10:33:24.422-0600] {dagbag.py:588} INFO - Filling up the DagBag from /home/airflow/.local/lib/python3.12/site-packages/airflow/example_dags/tutorial_taskflow_api_virtualenv.py
[2025-05-23T10:33:24.446-0600] {processor.py:925} INFO - DAG(s) 'tutorial_taskflow_api_virtualenv' retrieved from /home/airflow/.local/lib/python3.12/site-packages/airflow/example_dags/tutorial_taskflow_api_virtualenv.py
[2025-05-23T10:33:24.483-0600] {logging_mixin.py:190} INFO - [2025-05-23T10:33:24.482-0600] {dag.py:3239} INFO - Sync 1 DAGs
[2025-05-23T10:33:24.509-0600] {logging_mixin.py:190} INFO - [2025-05-23T10:33:24.508-0600] {dag.py:4180} INFO - Setting next_dagrun for tutorial_taskflow_api_virtualenv to None, run_after=None
[2025-05-23T10:33:24.541-0600] {processor.py:208} INFO - Processing /home/airflow/.local/lib/python3.12/site-packages/airflow/example_dags/tutorial_taskflow_api_virtualenv.py took 0.135 seconds
[2025-05-23T10:33:55.919-0600] {processor.py:186} INFO - Started process (PID=626) to work on /home/airflow/.local/lib/python3.12/site-packages/airflow/example_dags/tutorial_taskflow_api_virtualenv.py
[2025-05-23T10:33:55.922-0600] {processor.py:914} INFO - Processing file /home/airflow/.local/lib/python3.12/site-packages/airflow/example_dags/tutorial_taskflow_api_virtualenv.py for tasks to queue
[2025-05-23T10:33:55.926-0600] {logging_mixin.py:190} INFO - [2025-05-23T10:33:55.926-0600] {dagbag.py:588} INFO - Filling up the DagBag from /home/airflow/.local/lib/python3.12/site-packages/airflow/example_dags/tutorial_taskflow_api_virtualenv.py
[2025-05-23T10:33:55.953-0600] {processor.py:925} INFO - DAG(s) 'tutorial_taskflow_api_virtualenv' retrieved from /home/airflow/.local/lib/python3.12/site-packages/airflow/example_dags/tutorial_taskflow_api_virtualenv.py
[2025-05-23T10:33:55.988-0600] {logging_mixin.py:190} INFO - [2025-05-23T10:33:55.988-0600] {dag.py:3239} INFO - Sync 1 DAGs
[2025-05-23T10:33:56.015-0600] {logging_mixin.py:190} INFO - [2025-05-23T10:33:56.014-0600] {dag.py:4180} INFO - Setting next_dagrun for tutorial_taskflow_api_virtualenv to None, run_after=None
[2025-05-23T10:33:56.049-0600] {processor.py:208} INFO - Processing /home/airflow/.local/lib/python3.12/site-packages/airflow/example_dags/tutorial_taskflow_api_virtualenv.py took 0.144 seconds
[2025-05-23T10:34:27.895-0600] {processor.py:186} INFO - Started process (PID=689) to work on /home/airflow/.local/lib/python3.12/site-packages/airflow/example_dags/tutorial_taskflow_api_virtualenv.py
[2025-05-23T10:34:27.897-0600] {processor.py:914} INFO - Processing file /home/airflow/.local/lib/python3.12/site-packages/airflow/example_dags/tutorial_taskflow_api_virtualenv.py for tasks to queue
[2025-05-23T10:34:27.902-0600] {logging_mixin.py:190} INFO - [2025-05-23T10:34:27.901-0600] {dagbag.py:588} INFO - Filling up the DagBag from /home/airflow/.local/lib/python3.12/site-packages/airflow/example_dags/tutorial_taskflow_api_virtualenv.py
[2025-05-23T10:34:27.930-0600] {processor.py:925} INFO - DAG(s) 'tutorial_taskflow_api_virtualenv' retrieved from /home/airflow/.local/lib/python3.12/site-packages/airflow/example_dags/tutorial_taskflow_api_virtualenv.py
[2025-05-23T10:34:27.974-0600] {logging_mixin.py:190} INFO - [2025-05-23T10:34:27.973-0600] {dag.py:3239} INFO - Sync 1 DAGs
[2025-05-23T10:34:28.006-0600] {logging_mixin.py:190} INFO - [2025-05-23T10:34:28.005-0600] {dag.py:4180} INFO - Setting next_dagrun for tutorial_taskflow_api_virtualenv to None, run_after=None
[2025-05-23T10:34:28.061-0600] {processor.py:208} INFO - Processing /home/airflow/.local/lib/python3.12/site-packages/airflow/example_dags/tutorial_taskflow_api_virtualenv.py took 0.181 seconds
