[2025-05-23T10:29:48.604-0600] {processor.py:186} INFO - Started process (PID=121) to work on /home/airflow/.local/lib/python3.12/site-packages/airflow/example_dags/tutorial_taskflow_api.py
[2025-05-23T10:29:48.606-0600] {processor.py:914} INFO - Processing file /home/airflow/.local/lib/python3.12/site-packages/airflow/example_dags/tutorial_taskflow_api.py for tasks to queue
[2025-05-23T10:29:48.611-0600] {logging_mixin.py:190} INFO - [2025-05-23T10:29:48.610-0600] {dagbag.py:588} INFO - Filling up the DagBag from /home/airflow/.local/lib/python3.12/site-packages/airflow/example_dags/tutorial_taskflow_api.py
[2025-05-23T10:29:48.641-0600] {processor.py:925} INFO - DAG(s) 'tutorial_taskflow_api' retrieved from /home/airflow/.local/lib/python3.12/site-packages/airflow/example_dags/tutorial_taskflow_api.py
[2025-05-23T10:29:48.883-0600] {logging_mixin.py:190} INFO - [2025-05-23T10:29:48.882-0600] {override.py:1912} INFO - Created Permission View: can delete on DAG:tutorial_taskflow_api
[2025-05-23T10:29:48.896-0600] {logging_mixin.py:190} INFO - [2025-05-23T10:29:48.896-0600] {override.py:1912} INFO - Created Permission View: can edit on DAG:tutorial_taskflow_api
[2025-05-23T10:29:48.904-0600] {logging_mixin.py:190} INFO - [2025-05-23T10:29:48.904-0600] {override.py:1912} INFO - Created Permission View: can read on DAG:tutorial_taskflow_api
[2025-05-23T10:29:48.912-0600] {logging_mixin.py:190} INFO - [2025-05-23T10:29:48.912-0600] {override.py:1912} INFO - Created Permission View: can delete on DAG Run:tutorial_taskflow_api
[2025-05-23T10:29:48.919-0600] {logging_mixin.py:190} INFO - [2025-05-23T10:29:48.919-0600] {override.py:1912} INFO - Created Permission View: can create on DAG Run:tutorial_taskflow_api
[2025-05-23T10:29:48.926-0600] {logging_mixin.py:190} INFO - [2025-05-23T10:29:48.926-0600] {override.py:1912} INFO - Created Permission View: menu access on DAG Run:tutorial_taskflow_api
[2025-05-23T10:29:48.934-0600] {logging_mixin.py:190} INFO - [2025-05-23T10:29:48.934-0600] {override.py:1912} INFO - Created Permission View: can read on DAG Run:tutorial_taskflow_api
[2025-05-23T10:29:48.935-0600] {logging_mixin.py:190} INFO - [2025-05-23T10:29:48.934-0600] {dag.py:3239} INFO - Sync 1 DAGs
[2025-05-23T10:29:48.957-0600] {logging_mixin.py:190} INFO - [2025-05-23T10:29:48.957-0600] {dag.py:3262} INFO - Creating ORM DAG for tutorial_taskflow_api
[2025-05-23T10:29:48.958-0600] {logging_mixin.py:190} INFO - [2025-05-23T10:29:48.958-0600] {dag.py:4180} INFO - Setting next_dagrun for tutorial_taskflow_api to None, run_after=None
[2025-05-23T10:29:48.977-0600] {processor.py:208} INFO - Processing /home/airflow/.local/lib/python3.12/site-packages/airflow/example_dags/tutorial_taskflow_api.py took 0.384 seconds
[2025-05-23T10:30:19.585-0600] {processor.py:186} INFO - Started process (PID=184) to work on /home/airflow/.local/lib/python3.12/site-packages/airflow/example_dags/tutorial_taskflow_api.py
[2025-05-23T10:30:19.587-0600] {processor.py:914} INFO - Processing file /home/airflow/.local/lib/python3.12/site-packages/airflow/example_dags/tutorial_taskflow_api.py for tasks to queue
[2025-05-23T10:30:19.590-0600] {logging_mixin.py:190} INFO - [2025-05-23T10:30:19.590-0600] {dagbag.py:588} INFO - Filling up the DagBag from /home/airflow/.local/lib/python3.12/site-packages/airflow/example_dags/tutorial_taskflow_api.py
[2025-05-23T10:30:19.605-0600] {processor.py:925} INFO - DAG(s) 'tutorial_taskflow_api' retrieved from /home/airflow/.local/lib/python3.12/site-packages/airflow/example_dags/tutorial_taskflow_api.py
[2025-05-23T10:30:19.645-0600] {logging_mixin.py:190} INFO - [2025-05-23T10:30:19.644-0600] {dag.py:3239} INFO - Sync 1 DAGs
[2025-05-23T10:30:19.672-0600] {logging_mixin.py:190} INFO - [2025-05-23T10:30:19.672-0600] {dag.py:4180} INFO - Setting next_dagrun for tutorial_taskflow_api to None, run_after=None
[2025-05-23T10:30:19.698-0600] {processor.py:208} INFO - Processing /home/airflow/.local/lib/python3.12/site-packages/airflow/example_dags/tutorial_taskflow_api.py took 0.124 seconds
[2025-05-23T10:30:50.433-0600] {processor.py:186} INFO - Started process (PID=247) to work on /home/airflow/.local/lib/python3.12/site-packages/airflow/example_dags/tutorial_taskflow_api.py
[2025-05-23T10:30:50.435-0600] {processor.py:914} INFO - Processing file /home/airflow/.local/lib/python3.12/site-packages/airflow/example_dags/tutorial_taskflow_api.py for tasks to queue
[2025-05-23T10:30:50.440-0600] {logging_mixin.py:190} INFO - [2025-05-23T10:30:50.439-0600] {dagbag.py:588} INFO - Filling up the DagBag from /home/airflow/.local/lib/python3.12/site-packages/airflow/example_dags/tutorial_taskflow_api.py
[2025-05-23T10:30:50.461-0600] {processor.py:925} INFO - DAG(s) 'tutorial_taskflow_api' retrieved from /home/airflow/.local/lib/python3.12/site-packages/airflow/example_dags/tutorial_taskflow_api.py
[2025-05-23T10:30:50.518-0600] {logging_mixin.py:190} INFO - [2025-05-23T10:30:50.518-0600] {dag.py:3239} INFO - Sync 1 DAGs
[2025-05-23T10:30:50.553-0600] {logging_mixin.py:190} INFO - [2025-05-23T10:30:50.553-0600] {dag.py:4180} INFO - Setting next_dagrun for tutorial_taskflow_api to None, run_after=None
[2025-05-23T10:30:50.585-0600] {processor.py:208} INFO - Processing /home/airflow/.local/lib/python3.12/site-packages/airflow/example_dags/tutorial_taskflow_api.py took 0.166 seconds
[2025-05-23T10:31:20.711-0600] {processor.py:186} INFO - Started process (PID=310) to work on /home/airflow/.local/lib/python3.12/site-packages/airflow/example_dags/tutorial_taskflow_api.py
[2025-05-23T10:31:20.713-0600] {processor.py:914} INFO - Processing file /home/airflow/.local/lib/python3.12/site-packages/airflow/example_dags/tutorial_taskflow_api.py for tasks to queue
[2025-05-23T10:31:20.717-0600] {logging_mixin.py:190} INFO - [2025-05-23T10:31:20.717-0600] {dagbag.py:588} INFO - Filling up the DagBag from /home/airflow/.local/lib/python3.12/site-packages/airflow/example_dags/tutorial_taskflow_api.py
[2025-05-23T10:31:20.733-0600] {processor.py:925} INFO - DAG(s) 'tutorial_taskflow_api' retrieved from /home/airflow/.local/lib/python3.12/site-packages/airflow/example_dags/tutorial_taskflow_api.py
[2025-05-23T10:31:20.767-0600] {logging_mixin.py:190} INFO - [2025-05-23T10:31:20.766-0600] {dag.py:3239} INFO - Sync 1 DAGs
[2025-05-23T10:31:20.795-0600] {logging_mixin.py:190} INFO - [2025-05-23T10:31:20.794-0600] {dag.py:4180} INFO - Setting next_dagrun for tutorial_taskflow_api to None, run_after=None
[2025-05-23T10:31:20.821-0600] {processor.py:208} INFO - Processing /home/airflow/.local/lib/python3.12/site-packages/airflow/example_dags/tutorial_taskflow_api.py took 0.123 seconds
[2025-05-23T10:31:51.322-0600] {processor.py:186} INFO - Started process (PID=374) to work on /home/airflow/.local/lib/python3.12/site-packages/airflow/example_dags/tutorial_taskflow_api.py
[2025-05-23T10:31:51.324-0600] {processor.py:914} INFO - Processing file /home/airflow/.local/lib/python3.12/site-packages/airflow/example_dags/tutorial_taskflow_api.py for tasks to queue
[2025-05-23T10:31:51.329-0600] {logging_mixin.py:190} INFO - [2025-05-23T10:31:51.329-0600] {dagbag.py:588} INFO - Filling up the DagBag from /home/airflow/.local/lib/python3.12/site-packages/airflow/example_dags/tutorial_taskflow_api.py
[2025-05-23T10:31:51.350-0600] {processor.py:925} INFO - DAG(s) 'tutorial_taskflow_api' retrieved from /home/airflow/.local/lib/python3.12/site-packages/airflow/example_dags/tutorial_taskflow_api.py
[2025-05-23T10:31:51.386-0600] {logging_mixin.py:190} INFO - [2025-05-23T10:31:51.385-0600] {dag.py:3239} INFO - Sync 1 DAGs
[2025-05-23T10:31:51.416-0600] {logging_mixin.py:190} INFO - [2025-05-23T10:31:51.416-0600] {dag.py:4180} INFO - Setting next_dagrun for tutorial_taskflow_api to None, run_after=None
[2025-05-23T10:31:51.456-0600] {processor.py:208} INFO - Processing /home/airflow/.local/lib/python3.12/site-packages/airflow/example_dags/tutorial_taskflow_api.py took 0.145 seconds
[2025-05-23T10:32:22.331-0600] {processor.py:186} INFO - Started process (PID=437) to work on /home/airflow/.local/lib/python3.12/site-packages/airflow/example_dags/tutorial_taskflow_api.py
[2025-05-23T10:32:22.333-0600] {processor.py:914} INFO - Processing file /home/airflow/.local/lib/python3.12/site-packages/airflow/example_dags/tutorial_taskflow_api.py for tasks to queue
[2025-05-23T10:32:22.336-0600] {logging_mixin.py:190} INFO - [2025-05-23T10:32:22.336-0600] {dagbag.py:588} INFO - Filling up the DagBag from /home/airflow/.local/lib/python3.12/site-packages/airflow/example_dags/tutorial_taskflow_api.py
[2025-05-23T10:32:22.351-0600] {processor.py:925} INFO - DAG(s) 'tutorial_taskflow_api' retrieved from /home/airflow/.local/lib/python3.12/site-packages/airflow/example_dags/tutorial_taskflow_api.py
[2025-05-23T10:32:22.397-0600] {logging_mixin.py:190} INFO - [2025-05-23T10:32:22.396-0600] {dag.py:3239} INFO - Sync 1 DAGs
[2025-05-23T10:32:22.430-0600] {logging_mixin.py:190} INFO - [2025-05-23T10:32:22.430-0600] {dag.py:4180} INFO - Setting next_dagrun for tutorial_taskflow_api to None, run_after=None
[2025-05-23T10:32:22.478-0600] {processor.py:208} INFO - Processing /home/airflow/.local/lib/python3.12/site-packages/airflow/example_dags/tutorial_taskflow_api.py took 0.158 seconds
[2025-05-23T10:32:52.570-0600] {processor.py:186} INFO - Started process (PID=499) to work on /home/airflow/.local/lib/python3.12/site-packages/airflow/example_dags/tutorial_taskflow_api.py
[2025-05-23T10:32:52.572-0600] {processor.py:914} INFO - Processing file /home/airflow/.local/lib/python3.12/site-packages/airflow/example_dags/tutorial_taskflow_api.py for tasks to queue
[2025-05-23T10:32:52.577-0600] {logging_mixin.py:190} INFO - [2025-05-23T10:32:52.576-0600] {dagbag.py:588} INFO - Filling up the DagBag from /home/airflow/.local/lib/python3.12/site-packages/airflow/example_dags/tutorial_taskflow_api.py
[2025-05-23T10:32:52.596-0600] {processor.py:925} INFO - DAG(s) 'tutorial_taskflow_api' retrieved from /home/airflow/.local/lib/python3.12/site-packages/airflow/example_dags/tutorial_taskflow_api.py
[2025-05-23T10:32:52.637-0600] {logging_mixin.py:190} INFO - [2025-05-23T10:32:52.637-0600] {dag.py:3239} INFO - Sync 1 DAGs
[2025-05-23T10:32:52.672-0600] {logging_mixin.py:190} INFO - [2025-05-23T10:32:52.671-0600] {dag.py:4180} INFO - Setting next_dagrun for tutorial_taskflow_api to None, run_after=None
[2025-05-23T10:32:52.704-0600] {processor.py:208} INFO - Processing /home/airflow/.local/lib/python3.12/site-packages/airflow/example_dags/tutorial_taskflow_api.py took 0.145 seconds
[2025-05-23T10:33:24.325-0600] {processor.py:186} INFO - Started process (PID=562) to work on /home/airflow/.local/lib/python3.12/site-packages/airflow/example_dags/tutorial_taskflow_api.py
[2025-05-23T10:33:24.327-0600] {processor.py:914} INFO - Processing file /home/airflow/.local/lib/python3.12/site-packages/airflow/example_dags/tutorial_taskflow_api.py for tasks to queue
[2025-05-23T10:33:24.331-0600] {logging_mixin.py:190} INFO - [2025-05-23T10:33:24.330-0600] {dagbag.py:588} INFO - Filling up the DagBag from /home/airflow/.local/lib/python3.12/site-packages/airflow/example_dags/tutorial_taskflow_api.py
[2025-05-23T10:33:24.346-0600] {processor.py:925} INFO - DAG(s) 'tutorial_taskflow_api' retrieved from /home/airflow/.local/lib/python3.12/site-packages/airflow/example_dags/tutorial_taskflow_api.py
[2025-05-23T10:33:24.384-0600] {logging_mixin.py:190} INFO - [2025-05-23T10:33:24.384-0600] {dag.py:3239} INFO - Sync 1 DAGs
[2025-05-23T10:33:24.413-0600] {logging_mixin.py:190} INFO - [2025-05-23T10:33:24.412-0600] {dag.py:4180} INFO - Setting next_dagrun for tutorial_taskflow_api to None, run_after=None
[2025-05-23T10:33:24.440-0600] {processor.py:208} INFO - Processing /home/airflow/.local/lib/python3.12/site-packages/airflow/example_dags/tutorial_taskflow_api.py took 0.128 seconds
[2025-05-23T10:33:55.723-0600] {processor.py:186} INFO - Started process (PID=625) to work on /home/airflow/.local/lib/python3.12/site-packages/airflow/example_dags/tutorial_taskflow_api.py
[2025-05-23T10:33:55.725-0600] {processor.py:914} INFO - Processing file /home/airflow/.local/lib/python3.12/site-packages/airflow/example_dags/tutorial_taskflow_api.py for tasks to queue
[2025-05-23T10:33:55.729-0600] {logging_mixin.py:190} INFO - [2025-05-23T10:33:55.729-0600] {dagbag.py:588} INFO - Filling up the DagBag from /home/airflow/.local/lib/python3.12/site-packages/airflow/example_dags/tutorial_taskflow_api.py
[2025-05-23T10:33:55.752-0600] {processor.py:925} INFO - DAG(s) 'tutorial_taskflow_api' retrieved from /home/airflow/.local/lib/python3.12/site-packages/airflow/example_dags/tutorial_taskflow_api.py
[2025-05-23T10:33:55.797-0600] {logging_mixin.py:190} INFO - [2025-05-23T10:33:55.796-0600] {dag.py:3239} INFO - Sync 1 DAGs
[2025-05-23T10:33:55.822-0600] {logging_mixin.py:190} INFO - [2025-05-23T10:33:55.822-0600] {dag.py:4180} INFO - Setting next_dagrun for tutorial_taskflow_api to None, run_after=None
[2025-05-23T10:33:55.860-0600] {processor.py:208} INFO - Processing /home/airflow/.local/lib/python3.12/site-packages/airflow/example_dags/tutorial_taskflow_api.py took 0.160 seconds
[2025-05-23T10:34:27.702-0600] {processor.py:186} INFO - Started process (PID=688) to work on /home/airflow/.local/lib/python3.12/site-packages/airflow/example_dags/tutorial_taskflow_api.py
[2025-05-23T10:34:27.715-0600] {processor.py:914} INFO - Processing file /home/airflow/.local/lib/python3.12/site-packages/airflow/example_dags/tutorial_taskflow_api.py for tasks to queue
[2025-05-23T10:34:27.722-0600] {logging_mixin.py:190} INFO - [2025-05-23T10:34:27.721-0600] {dagbag.py:588} INFO - Filling up the DagBag from /home/airflow/.local/lib/python3.12/site-packages/airflow/example_dags/tutorial_taskflow_api.py
[2025-05-23T10:34:27.753-0600] {processor.py:925} INFO - DAG(s) 'tutorial_taskflow_api' retrieved from /home/airflow/.local/lib/python3.12/site-packages/airflow/example_dags/tutorial_taskflow_api.py
[2025-05-23T10:34:27.807-0600] {logging_mixin.py:190} INFO - [2025-05-23T10:34:27.807-0600] {dag.py:3239} INFO - Sync 1 DAGs
[2025-05-23T10:34:27.836-0600] {logging_mixin.py:190} INFO - [2025-05-23T10:34:27.836-0600] {dag.py:4180} INFO - Setting next_dagrun for tutorial_taskflow_api to None, run_after=None
[2025-05-23T10:34:27.869-0600] {processor.py:208} INFO - Processing /home/airflow/.local/lib/python3.12/site-packages/airflow/example_dags/tutorial_taskflow_api.py took 0.192 seconds
