[2025-05-23T10:29:49.030-0600] {processor.py:186} INFO - Started process (PID=123) to work on /home/airflow/.local/lib/python3.12/site-packages/airflow/example_dags/tutorial_taskflow_templates.py
[2025-05-23T10:29:49.032-0600] {processor.py:914} INFO - Processing file /home/airflow/.local/lib/python3.12/site-packages/airflow/example_dags/tutorial_taskflow_templates.py for tasks to queue
[2025-05-23T10:29:49.035-0600] {logging_mixin.py:190} INFO - [2025-05-23T10:29:49.035-0600] {dagbag.py:588} INFO - Filling up the DagBag from /home/airflow/.local/lib/python3.12/site-packages/airflow/example_dags/tutorial_taskflow_templates.py
[2025-05-23T10:29:49.063-0600] {processor.py:925} INFO - DAG(s) 'tutorial_taskflow_templates' retrieved from /home/airflow/.local/lib/python3.12/site-packages/airflow/example_dags/tutorial_taskflow_templates.py
[2025-05-23T10:29:49.257-0600] {logging_mixin.py:190} INFO - [2025-05-23T10:29:49.256-0600] {override.py:1912} INFO - Created Permission View: can delete on DAG:tutorial_taskflow_templates
[2025-05-23T10:29:49.270-0600] {logging_mixin.py:190} INFO - [2025-05-23T10:29:49.269-0600] {override.py:1912} INFO - Created Permission View: can edit on DAG:tutorial_taskflow_templates
[2025-05-23T10:29:49.277-0600] {logging_mixin.py:190} INFO - [2025-05-23T10:29:49.277-0600] {override.py:1912} INFO - Created Permission View: can read on DAG:tutorial_taskflow_templates
[2025-05-23T10:29:49.285-0600] {logging_mixin.py:190} INFO - [2025-05-23T10:29:49.285-0600] {override.py:1912} INFO - Created Permission View: can delete on DAG Run:tutorial_taskflow_templates
[2025-05-23T10:29:49.294-0600] {logging_mixin.py:190} INFO - [2025-05-23T10:29:49.293-0600] {override.py:1912} INFO - Created Permission View: can create on DAG Run:tutorial_taskflow_templates
[2025-05-23T10:29:49.307-0600] {logging_mixin.py:190} INFO - [2025-05-23T10:29:49.306-0600] {override.py:1912} INFO - Created Permission View: menu access on DAG Run:tutorial_taskflow_templates
[2025-05-23T10:29:49.316-0600] {logging_mixin.py:190} INFO - [2025-05-23T10:29:49.315-0600] {override.py:1912} INFO - Created Permission View: can read on DAG Run:tutorial_taskflow_templates
[2025-05-23T10:29:49.316-0600] {logging_mixin.py:190} INFO - [2025-05-23T10:29:49.316-0600] {dag.py:3239} INFO - Sync 1 DAGs
[2025-05-23T10:29:49.337-0600] {logging_mixin.py:190} INFO - [2025-05-23T10:29:49.337-0600] {dag.py:3262} INFO - Creating ORM DAG for tutorial_taskflow_templates
[2025-05-23T10:29:49.354-0600] {logging_mixin.py:190} INFO - [2025-05-23T10:29:49.353-0600] {dag.py:4180} INFO - Setting next_dagrun for tutorial_taskflow_templates to 2025-05-22 00:00:00+00:00, run_after=2025-05-23 00:00:00+00:00
[2025-05-23T10:29:49.379-0600] {processor.py:208} INFO - Processing /home/airflow/.local/lib/python3.12/site-packages/airflow/example_dags/tutorial_taskflow_templates.py took 0.359 seconds
[2025-05-23T10:30:19.886-0600] {processor.py:186} INFO - Started process (PID=189) to work on /home/airflow/.local/lib/python3.12/site-packages/airflow/example_dags/tutorial_taskflow_templates.py
[2025-05-23T10:30:19.888-0600] {processor.py:914} INFO - Processing file /home/airflow/.local/lib/python3.12/site-packages/airflow/example_dags/tutorial_taskflow_templates.py for tasks to queue
[2025-05-23T10:30:19.891-0600] {logging_mixin.py:190} INFO - [2025-05-23T10:30:19.891-0600] {dagbag.py:588} INFO - Filling up the DagBag from /home/airflow/.local/lib/python3.12/site-packages/airflow/example_dags/tutorial_taskflow_templates.py
[2025-05-23T10:30:19.915-0600] {processor.py:925} INFO - DAG(s) 'tutorial_taskflow_templates' retrieved from /home/airflow/.local/lib/python3.12/site-packages/airflow/example_dags/tutorial_taskflow_templates.py
[2025-05-23T10:30:19.954-0600] {logging_mixin.py:190} INFO - [2025-05-23T10:30:19.954-0600] {dag.py:3239} INFO - Sync 1 DAGs
[2025-05-23T10:30:19.994-0600] {logging_mixin.py:190} INFO - [2025-05-23T10:30:19.993-0600] {dag.py:4180} INFO - Setting next_dagrun for tutorial_taskflow_templates to 2025-05-22 00:00:00+00:00, run_after=2025-05-23 00:00:00+00:00
[2025-05-23T10:30:20.019-0600] {processor.py:208} INFO - Processing /home/airflow/.local/lib/python3.12/site-packages/airflow/example_dags/tutorial_taskflow_templates.py took 0.145 seconds
[2025-05-23T10:30:50.718-0600] {processor.py:186} INFO - Started process (PID=249) to work on /home/airflow/.local/lib/python3.12/site-packages/airflow/example_dags/tutorial_taskflow_templates.py
[2025-05-23T10:30:50.721-0600] {processor.py:914} INFO - Processing file /home/airflow/.local/lib/python3.12/site-packages/airflow/example_dags/tutorial_taskflow_templates.py for tasks to queue
[2025-05-23T10:30:50.726-0600] {logging_mixin.py:190} INFO - [2025-05-23T10:30:50.725-0600] {dagbag.py:588} INFO - Filling up the DagBag from /home/airflow/.local/lib/python3.12/site-packages/airflow/example_dags/tutorial_taskflow_templates.py
[2025-05-23T10:30:50.757-0600] {processor.py:925} INFO - DAG(s) 'tutorial_taskflow_templates' retrieved from /home/airflow/.local/lib/python3.12/site-packages/airflow/example_dags/tutorial_taskflow_templates.py
[2025-05-23T10:30:50.834-0600] {logging_mixin.py:190} INFO - [2025-05-23T10:30:50.833-0600] {dag.py:3239} INFO - Sync 1 DAGs
[2025-05-23T10:30:50.876-0600] {logging_mixin.py:190} INFO - [2025-05-23T10:30:50.876-0600] {dag.py:4180} INFO - Setting next_dagrun for tutorial_taskflow_templates to 2025-05-22 00:00:00+00:00, run_after=2025-05-23 00:00:00+00:00
[2025-05-23T10:30:50.901-0600] {processor.py:208} INFO - Processing /home/airflow/.local/lib/python3.12/site-packages/airflow/example_dags/tutorial_taskflow_templates.py took 0.196 seconds
[2025-05-23T10:31:21.050-0600] {processor.py:186} INFO - Started process (PID=312) to work on /home/airflow/.local/lib/python3.12/site-packages/airflow/example_dags/tutorial_taskflow_templates.py
[2025-05-23T10:31:21.051-0600] {processor.py:914} INFO - Processing file /home/airflow/.local/lib/python3.12/site-packages/airflow/example_dags/tutorial_taskflow_templates.py for tasks to queue
[2025-05-23T10:31:21.055-0600] {logging_mixin.py:190} INFO - [2025-05-23T10:31:21.055-0600] {dagbag.py:588} INFO - Filling up the DagBag from /home/airflow/.local/lib/python3.12/site-packages/airflow/example_dags/tutorial_taskflow_templates.py
[2025-05-23T10:31:21.080-0600] {processor.py:925} INFO - DAG(s) 'tutorial_taskflow_templates' retrieved from /home/airflow/.local/lib/python3.12/site-packages/airflow/example_dags/tutorial_taskflow_templates.py
[2025-05-23T10:31:21.117-0600] {logging_mixin.py:190} INFO - [2025-05-23T10:31:21.116-0600] {dag.py:3239} INFO - Sync 1 DAGs
[2025-05-23T10:31:21.160-0600] {logging_mixin.py:190} INFO - [2025-05-23T10:31:21.160-0600] {dag.py:4180} INFO - Setting next_dagrun for tutorial_taskflow_templates to 2025-05-22 00:00:00+00:00, run_after=2025-05-23 00:00:00+00:00
[2025-05-23T10:31:21.197-0600] {processor.py:208} INFO - Processing /home/airflow/.local/lib/python3.12/site-packages/airflow/example_dags/tutorial_taskflow_templates.py took 0.161 seconds
[2025-05-23T10:31:51.522-0600] {processor.py:186} INFO - Started process (PID=376) to work on /home/airflow/.local/lib/python3.12/site-packages/airflow/example_dags/tutorial_taskflow_templates.py
[2025-05-23T10:31:51.524-0600] {processor.py:914} INFO - Processing file /home/airflow/.local/lib/python3.12/site-packages/airflow/example_dags/tutorial_taskflow_templates.py for tasks to queue
[2025-05-23T10:31:51.529-0600] {logging_mixin.py:190} INFO - [2025-05-23T10:31:51.528-0600] {dagbag.py:588} INFO - Filling up the DagBag from /home/airflow/.local/lib/python3.12/site-packages/airflow/example_dags/tutorial_taskflow_templates.py
[2025-05-23T10:31:51.572-0600] {processor.py:925} INFO - DAG(s) 'tutorial_taskflow_templates' retrieved from /home/airflow/.local/lib/python3.12/site-packages/airflow/example_dags/tutorial_taskflow_templates.py
[2025-05-23T10:31:51.623-0600] {logging_mixin.py:190} INFO - [2025-05-23T10:31:51.622-0600] {dag.py:3239} INFO - Sync 1 DAGs
[2025-05-23T10:31:51.704-0600] {logging_mixin.py:190} INFO - [2025-05-23T10:31:51.703-0600] {dag.py:4180} INFO - Setting next_dagrun for tutorial_taskflow_templates to 2025-05-22 00:00:00+00:00, run_after=2025-05-23 00:00:00+00:00
[2025-05-23T10:31:51.764-0600] {processor.py:208} INFO - Processing /home/airflow/.local/lib/python3.12/site-packages/airflow/example_dags/tutorial_taskflow_templates.py took 0.257 seconds
[2025-05-23T10:32:22.541-0600] {processor.py:186} INFO - Started process (PID=439) to work on /home/airflow/.local/lib/python3.12/site-packages/airflow/example_dags/tutorial_taskflow_templates.py
[2025-05-23T10:32:22.544-0600] {processor.py:914} INFO - Processing file /home/airflow/.local/lib/python3.12/site-packages/airflow/example_dags/tutorial_taskflow_templates.py for tasks to queue
[2025-05-23T10:32:22.550-0600] {logging_mixin.py:190} INFO - [2025-05-23T10:32:22.549-0600] {dagbag.py:588} INFO - Filling up the DagBag from /home/airflow/.local/lib/python3.12/site-packages/airflow/example_dags/tutorial_taskflow_templates.py
[2025-05-23T10:32:22.586-0600] {processor.py:925} INFO - DAG(s) 'tutorial_taskflow_templates' retrieved from /home/airflow/.local/lib/python3.12/site-packages/airflow/example_dags/tutorial_taskflow_templates.py
[2025-05-23T10:32:22.631-0600] {logging_mixin.py:190} INFO - [2025-05-23T10:32:22.631-0600] {dag.py:3239} INFO - Sync 1 DAGs
[2025-05-23T10:32:22.683-0600] {logging_mixin.py:190} INFO - [2025-05-23T10:32:22.682-0600] {dag.py:4180} INFO - Setting next_dagrun for tutorial_taskflow_templates to 2025-05-22 00:00:00+00:00, run_after=2025-05-23 00:00:00+00:00
[2025-05-23T10:32:22.725-0600] {processor.py:208} INFO - Processing /home/airflow/.local/lib/python3.12/site-packages/airflow/example_dags/tutorial_taskflow_templates.py took 0.200 seconds
[2025-05-23T10:32:53.022-0600] {processor.py:186} INFO - Started process (PID=502) to work on /home/airflow/.local/lib/python3.12/site-packages/airflow/example_dags/tutorial_taskflow_templates.py
[2025-05-23T10:32:53.024-0600] {processor.py:914} INFO - Processing file /home/airflow/.local/lib/python3.12/site-packages/airflow/example_dags/tutorial_taskflow_templates.py for tasks to queue
[2025-05-23T10:32:53.027-0600] {logging_mixin.py:190} INFO - [2025-05-23T10:32:53.027-0600] {dagbag.py:588} INFO - Filling up the DagBag from /home/airflow/.local/lib/python3.12/site-packages/airflow/example_dags/tutorial_taskflow_templates.py
[2025-05-23T10:32:53.051-0600] {processor.py:925} INFO - DAG(s) 'tutorial_taskflow_templates' retrieved from /home/airflow/.local/lib/python3.12/site-packages/airflow/example_dags/tutorial_taskflow_templates.py
[2025-05-23T10:32:53.107-0600] {logging_mixin.py:190} INFO - [2025-05-23T10:32:53.106-0600] {dag.py:3239} INFO - Sync 1 DAGs
[2025-05-23T10:32:53.159-0600] {logging_mixin.py:190} INFO - [2025-05-23T10:32:53.159-0600] {dag.py:4180} INFO - Setting next_dagrun for tutorial_taskflow_templates to 2025-05-22 00:00:00+00:00, run_after=2025-05-23 00:00:00+00:00
[2025-05-23T10:32:53.200-0600] {processor.py:208} INFO - Processing /home/airflow/.local/lib/python3.12/site-packages/airflow/example_dags/tutorial_taskflow_templates.py took 0.188 seconds
[2025-05-23T10:33:24.497-0600] {processor.py:186} INFO - Started process (PID=564) to work on /home/airflow/.local/lib/python3.12/site-packages/airflow/example_dags/tutorial_taskflow_templates.py
[2025-05-23T10:33:24.499-0600] {processor.py:914} INFO - Processing file /home/airflow/.local/lib/python3.12/site-packages/airflow/example_dags/tutorial_taskflow_templates.py for tasks to queue
[2025-05-23T10:33:24.503-0600] {logging_mixin.py:190} INFO - [2025-05-23T10:33:24.503-0600] {dagbag.py:588} INFO - Filling up the DagBag from /home/airflow/.local/lib/python3.12/site-packages/airflow/example_dags/tutorial_taskflow_templates.py
[2025-05-23T10:33:24.527-0600] {processor.py:925} INFO - DAG(s) 'tutorial_taskflow_templates' retrieved from /home/airflow/.local/lib/python3.12/site-packages/airflow/example_dags/tutorial_taskflow_templates.py
[2025-05-23T10:33:24.568-0600] {logging_mixin.py:190} INFO - [2025-05-23T10:33:24.567-0600] {dag.py:3239} INFO - Sync 1 DAGs
[2025-05-23T10:33:24.619-0600] {logging_mixin.py:190} INFO - [2025-05-23T10:33:24.618-0600] {dag.py:4180} INFO - Setting next_dagrun for tutorial_taskflow_templates to 2025-05-22 00:00:00+00:00, run_after=2025-05-23 00:00:00+00:00
[2025-05-23T10:33:24.646-0600] {processor.py:208} INFO - Processing /home/airflow/.local/lib/python3.12/site-packages/airflow/example_dags/tutorial_taskflow_templates.py took 0.159 seconds
[2025-05-23T10:33:56.106-0600] {processor.py:186} INFO - Started process (PID=627) to work on /home/airflow/.local/lib/python3.12/site-packages/airflow/example_dags/tutorial_taskflow_templates.py
[2025-05-23T10:33:56.108-0600] {processor.py:914} INFO - Processing file /home/airflow/.local/lib/python3.12/site-packages/airflow/example_dags/tutorial_taskflow_templates.py for tasks to queue
[2025-05-23T10:33:56.112-0600] {logging_mixin.py:190} INFO - [2025-05-23T10:33:56.112-0600] {dagbag.py:588} INFO - Filling up the DagBag from /home/airflow/.local/lib/python3.12/site-packages/airflow/example_dags/tutorial_taskflow_templates.py
[2025-05-23T10:33:56.139-0600] {processor.py:925} INFO - DAG(s) 'tutorial_taskflow_templates' retrieved from /home/airflow/.local/lib/python3.12/site-packages/airflow/example_dags/tutorial_taskflow_templates.py
[2025-05-23T10:33:56.180-0600] {logging_mixin.py:190} INFO - [2025-05-23T10:33:56.179-0600] {dag.py:3239} INFO - Sync 1 DAGs
[2025-05-23T10:33:56.229-0600] {logging_mixin.py:190} INFO - [2025-05-23T10:33:56.229-0600] {dag.py:4180} INFO - Setting next_dagrun for tutorial_taskflow_templates to 2025-05-22 00:00:00+00:00, run_after=2025-05-23 00:00:00+00:00
[2025-05-23T10:33:56.261-0600] {processor.py:208} INFO - Processing /home/airflow/.local/lib/python3.12/site-packages/airflow/example_dags/tutorial_taskflow_templates.py took 0.169 seconds
[2025-05-23T10:34:28.415-0600] {processor.py:186} INFO - Started process (PID=693) to work on /home/airflow/.local/lib/python3.12/site-packages/airflow/example_dags/tutorial_taskflow_templates.py
[2025-05-23T10:34:28.417-0600] {processor.py:914} INFO - Processing file /home/airflow/.local/lib/python3.12/site-packages/airflow/example_dags/tutorial_taskflow_templates.py for tasks to queue
[2025-05-23T10:34:28.423-0600] {logging_mixin.py:190} INFO - [2025-05-23T10:34:28.423-0600] {dagbag.py:588} INFO - Filling up the DagBag from /home/airflow/.local/lib/python3.12/site-packages/airflow/example_dags/tutorial_taskflow_templates.py
[2025-05-23T10:34:28.452-0600] {processor.py:925} INFO - DAG(s) 'tutorial_taskflow_templates' retrieved from /home/airflow/.local/lib/python3.12/site-packages/airflow/example_dags/tutorial_taskflow_templates.py
[2025-05-23T10:34:28.494-0600] {logging_mixin.py:190} INFO - [2025-05-23T10:34:28.494-0600] {dag.py:3239} INFO - Sync 1 DAGs
[2025-05-23T10:34:28.542-0600] {logging_mixin.py:190} INFO - [2025-05-23T10:34:28.541-0600] {dag.py:4180} INFO - Setting next_dagrun for tutorial_taskflow_templates to 2025-05-22 00:00:00+00:00, run_after=2025-05-23 00:00:00+00:00
[2025-05-23T10:34:28.578-0600] {processor.py:208} INFO - Processing /home/airflow/.local/lib/python3.12/site-packages/airflow/example_dags/tutorial_taskflow_templates.py took 0.176 seconds
