[2025-05-23T10:29:48.175-0600] {processor.py:186} INFO - Started process (PID=119) to work on /home/airflow/.local/lib/python3.12/site-packages/airflow/example_dags/tutorial_dag.py
[2025-05-23T10:29:48.176-0600] {processor.py:914} INFO - Processing file /home/airflow/.local/lib/python3.12/site-packages/airflow/example_dags/tutorial_dag.py for tasks to queue
[2025-05-23T10:29:48.180-0600] {logging_mixin.py:190} INFO - [2025-05-23T10:29:48.179-0600] {dagbag.py:588} INFO - Filling up the DagBag from /home/airflow/.local/lib/python3.12/site-packages/airflow/example_dags/tutorial_dag.py
[2025-05-23T10:29:48.197-0600] {processor.py:925} INFO - DAG(s) 'tutorial_dag' retrieved from /home/airflow/.local/lib/python3.12/site-packages/airflow/example_dags/tutorial_dag.py
[2025-05-23T10:29:48.411-0600] {logging_mixin.py:190} INFO - [2025-05-23T10:29:48.410-0600] {override.py:1912} INFO - Created Permission View: can delete on DAG:tutorial_dag
[2025-05-23T10:29:48.425-0600] {logging_mixin.py:190} INFO - [2025-05-23T10:29:48.425-0600] {override.py:1912} INFO - Created Permission View: can edit on DAG:tutorial_dag
[2025-05-23T10:29:48.448-0600] {logging_mixin.py:190} INFO - [2025-05-23T10:29:48.447-0600] {override.py:1912} INFO - Created Permission View: can read on DAG:tutorial_dag
[2025-05-23T10:29:48.458-0600] {logging_mixin.py:190} INFO - [2025-05-23T10:29:48.458-0600] {override.py:1912} INFO - Created Permission View: can delete on DAG Run:tutorial_dag
[2025-05-23T10:29:48.466-0600] {logging_mixin.py:190} INFO - [2025-05-23T10:29:48.466-0600] {override.py:1912} INFO - Created Permission View: can create on DAG Run:tutorial_dag
[2025-05-23T10:29:48.474-0600] {logging_mixin.py:190} INFO - [2025-05-23T10:29:48.474-0600] {override.py:1912} INFO - Created Permission View: menu access on DAG Run:tutorial_dag
[2025-05-23T10:29:48.482-0600] {logging_mixin.py:190} INFO - [2025-05-23T10:29:48.482-0600] {override.py:1912} INFO - Created Permission View: can read on DAG Run:tutorial_dag
[2025-05-23T10:29:48.483-0600] {logging_mixin.py:190} INFO - [2025-05-23T10:29:48.483-0600] {dag.py:3239} INFO - Sync 1 DAGs
[2025-05-23T10:29:48.504-0600] {logging_mixin.py:190} INFO - [2025-05-23T10:29:48.504-0600] {dag.py:3262} INFO - Creating ORM DAG for tutorial_dag
[2025-05-23T10:29:48.505-0600] {logging_mixin.py:190} INFO - [2025-05-23T10:29:48.505-0600] {dag.py:4180} INFO - Setting next_dagrun for tutorial_dag to None, run_after=None
[2025-05-23T10:29:48.530-0600] {processor.py:208} INFO - Processing /home/airflow/.local/lib/python3.12/site-packages/airflow/example_dags/tutorial_dag.py took 0.367 seconds
[2025-05-23T10:30:19.422-0600] {processor.py:186} INFO - Started process (PID=182) to work on /home/airflow/.local/lib/python3.12/site-packages/airflow/example_dags/tutorial_dag.py
[2025-05-23T10:30:19.424-0600] {processor.py:914} INFO - Processing file /home/airflow/.local/lib/python3.12/site-packages/airflow/example_dags/tutorial_dag.py for tasks to queue
[2025-05-23T10:30:19.428-0600] {logging_mixin.py:190} INFO - [2025-05-23T10:30:19.427-0600] {dagbag.py:588} INFO - Filling up the DagBag from /home/airflow/.local/lib/python3.12/site-packages/airflow/example_dags/tutorial_dag.py
[2025-05-23T10:30:19.442-0600] {processor.py:925} INFO - DAG(s) 'tutorial_dag' retrieved from /home/airflow/.local/lib/python3.12/site-packages/airflow/example_dags/tutorial_dag.py
[2025-05-23T10:30:19.477-0600] {logging_mixin.py:190} INFO - [2025-05-23T10:30:19.476-0600] {dag.py:3239} INFO - Sync 1 DAGs
[2025-05-23T10:30:19.501-0600] {logging_mixin.py:190} INFO - [2025-05-23T10:30:19.501-0600] {dag.py:4180} INFO - Setting next_dagrun for tutorial_dag to None, run_after=None
[2025-05-23T10:30:19.530-0600] {processor.py:208} INFO - Processing /home/airflow/.local/lib/python3.12/site-packages/airflow/example_dags/tutorial_dag.py took 0.118 seconds
[2025-05-23T10:30:50.208-0600] {processor.py:186} INFO - Started process (PID=245) to work on /home/airflow/.local/lib/python3.12/site-packages/airflow/example_dags/tutorial_dag.py
[2025-05-23T10:30:50.210-0600] {processor.py:914} INFO - Processing file /home/airflow/.local/lib/python3.12/site-packages/airflow/example_dags/tutorial_dag.py for tasks to queue
[2025-05-23T10:30:50.214-0600] {logging_mixin.py:190} INFO - [2025-05-23T10:30:50.213-0600] {dagbag.py:588} INFO - Filling up the DagBag from /home/airflow/.local/lib/python3.12/site-packages/airflow/example_dags/tutorial_dag.py
[2025-05-23T10:30:50.229-0600] {processor.py:925} INFO - DAG(s) 'tutorial_dag' retrieved from /home/airflow/.local/lib/python3.12/site-packages/airflow/example_dags/tutorial_dag.py
[2025-05-23T10:30:50.276-0600] {logging_mixin.py:190} INFO - [2025-05-23T10:30:50.275-0600] {dag.py:3239} INFO - Sync 1 DAGs
[2025-05-23T10:30:50.325-0600] {logging_mixin.py:190} INFO - [2025-05-23T10:30:50.324-0600] {dag.py:4180} INFO - Setting next_dagrun for tutorial_dag to None, run_after=None
[2025-05-23T10:30:50.372-0600] {processor.py:208} INFO - Processing /home/airflow/.local/lib/python3.12/site-packages/airflow/example_dags/tutorial_dag.py took 0.177 seconds
[2025-05-23T10:31:20.541-0600] {processor.py:186} INFO - Started process (PID=308) to work on /home/airflow/.local/lib/python3.12/site-packages/airflow/example_dags/tutorial_dag.py
[2025-05-23T10:31:20.543-0600] {processor.py:914} INFO - Processing file /home/airflow/.local/lib/python3.12/site-packages/airflow/example_dags/tutorial_dag.py for tasks to queue
[2025-05-23T10:31:20.547-0600] {logging_mixin.py:190} INFO - [2025-05-23T10:31:20.547-0600] {dagbag.py:588} INFO - Filling up the DagBag from /home/airflow/.local/lib/python3.12/site-packages/airflow/example_dags/tutorial_dag.py
[2025-05-23T10:31:20.563-0600] {processor.py:925} INFO - DAG(s) 'tutorial_dag' retrieved from /home/airflow/.local/lib/python3.12/site-packages/airflow/example_dags/tutorial_dag.py
[2025-05-23T10:31:20.602-0600] {logging_mixin.py:190} INFO - [2025-05-23T10:31:20.601-0600] {dag.py:3239} INFO - Sync 1 DAGs
[2025-05-23T10:31:20.628-0600] {logging_mixin.py:190} INFO - [2025-05-23T10:31:20.627-0600] {dag.py:4180} INFO - Setting next_dagrun for tutorial_dag to None, run_after=None
[2025-05-23T10:31:20.654-0600] {processor.py:208} INFO - Processing /home/airflow/.local/lib/python3.12/site-packages/airflow/example_dags/tutorial_dag.py took 0.124 seconds
[2025-05-23T10:31:51.136-0600] {processor.py:186} INFO - Started process (PID=372) to work on /home/airflow/.local/lib/python3.12/site-packages/airflow/example_dags/tutorial_dag.py
[2025-05-23T10:31:51.138-0600] {processor.py:914} INFO - Processing file /home/airflow/.local/lib/python3.12/site-packages/airflow/example_dags/tutorial_dag.py for tasks to queue
[2025-05-23T10:31:51.142-0600] {logging_mixin.py:190} INFO - [2025-05-23T10:31:51.142-0600] {dagbag.py:588} INFO - Filling up the DagBag from /home/airflow/.local/lib/python3.12/site-packages/airflow/example_dags/tutorial_dag.py
[2025-05-23T10:31:51.157-0600] {processor.py:925} INFO - DAG(s) 'tutorial_dag' retrieved from /home/airflow/.local/lib/python3.12/site-packages/airflow/example_dags/tutorial_dag.py
[2025-05-23T10:31:51.191-0600] {logging_mixin.py:190} INFO - [2025-05-23T10:31:51.191-0600] {dag.py:3239} INFO - Sync 1 DAGs
[2025-05-23T10:31:51.227-0600] {logging_mixin.py:190} INFO - [2025-05-23T10:31:51.227-0600] {dag.py:4180} INFO - Setting next_dagrun for tutorial_dag to None, run_after=None
[2025-05-23T10:31:51.263-0600] {processor.py:208} INFO - Processing /home/airflow/.local/lib/python3.12/site-packages/airflow/example_dags/tutorial_dag.py took 0.138 seconds
[2025-05-23T10:32:22.162-0600] {processor.py:186} INFO - Started process (PID=435) to work on /home/airflow/.local/lib/python3.12/site-packages/airflow/example_dags/tutorial_dag.py
[2025-05-23T10:32:22.164-0600] {processor.py:914} INFO - Processing file /home/airflow/.local/lib/python3.12/site-packages/airflow/example_dags/tutorial_dag.py for tasks to queue
[2025-05-23T10:32:22.168-0600] {logging_mixin.py:190} INFO - [2025-05-23T10:32:22.167-0600] {dagbag.py:588} INFO - Filling up the DagBag from /home/airflow/.local/lib/python3.12/site-packages/airflow/example_dags/tutorial_dag.py
[2025-05-23T10:32:22.182-0600] {processor.py:925} INFO - DAG(s) 'tutorial_dag' retrieved from /home/airflow/.local/lib/python3.12/site-packages/airflow/example_dags/tutorial_dag.py
[2025-05-23T10:32:22.220-0600] {logging_mixin.py:190} INFO - [2025-05-23T10:32:22.220-0600] {dag.py:3239} INFO - Sync 1 DAGs
[2025-05-23T10:32:22.250-0600] {logging_mixin.py:190} INFO - [2025-05-23T10:32:22.250-0600] {dag.py:4180} INFO - Setting next_dagrun for tutorial_dag to None, run_after=None
[2025-05-23T10:32:22.282-0600] {processor.py:208} INFO - Processing /home/airflow/.local/lib/python3.12/site-packages/airflow/example_dags/tutorial_dag.py took 0.132 seconds
[2025-05-23T10:32:52.340-0600] {processor.py:186} INFO - Started process (PID=497) to work on /home/airflow/.local/lib/python3.12/site-packages/airflow/example_dags/tutorial_dag.py
[2025-05-23T10:32:52.343-0600] {processor.py:914} INFO - Processing file /home/airflow/.local/lib/python3.12/site-packages/airflow/example_dags/tutorial_dag.py for tasks to queue
[2025-05-23T10:32:52.349-0600] {logging_mixin.py:190} INFO - [2025-05-23T10:32:52.348-0600] {dagbag.py:588} INFO - Filling up the DagBag from /home/airflow/.local/lib/python3.12/site-packages/airflow/example_dags/tutorial_dag.py
[2025-05-23T10:32:52.367-0600] {processor.py:925} INFO - DAG(s) 'tutorial_dag' retrieved from /home/airflow/.local/lib/python3.12/site-packages/airflow/example_dags/tutorial_dag.py
[2025-05-23T10:32:52.410-0600] {logging_mixin.py:190} INFO - [2025-05-23T10:32:52.410-0600] {dag.py:3239} INFO - Sync 1 DAGs
[2025-05-23T10:32:52.439-0600] {logging_mixin.py:190} INFO - [2025-05-23T10:32:52.439-0600] {dag.py:4180} INFO - Setting next_dagrun for tutorial_dag to None, run_after=None
[2025-05-23T10:32:52.484-0600] {processor.py:208} INFO - Processing /home/airflow/.local/lib/python3.12/site-packages/airflow/example_dags/tutorial_dag.py took 0.155 seconds
[2025-05-23T10:33:24.123-0600] {processor.py:186} INFO - Started process (PID=560) to work on /home/airflow/.local/lib/python3.12/site-packages/airflow/example_dags/tutorial_dag.py
[2025-05-23T10:33:24.125-0600] {processor.py:914} INFO - Processing file /home/airflow/.local/lib/python3.12/site-packages/airflow/example_dags/tutorial_dag.py for tasks to queue
[2025-05-23T10:33:24.129-0600] {logging_mixin.py:190} INFO - [2025-05-23T10:33:24.128-0600] {dagbag.py:588} INFO - Filling up the DagBag from /home/airflow/.local/lib/python3.12/site-packages/airflow/example_dags/tutorial_dag.py
[2025-05-23T10:33:24.144-0600] {processor.py:925} INFO - DAG(s) 'tutorial_dag' retrieved from /home/airflow/.local/lib/python3.12/site-packages/airflow/example_dags/tutorial_dag.py
[2025-05-23T10:33:24.178-0600] {logging_mixin.py:190} INFO - [2025-05-23T10:33:24.177-0600] {dag.py:3239} INFO - Sync 1 DAGs
[2025-05-23T10:33:24.221-0600] {logging_mixin.py:190} INFO - [2025-05-23T10:33:24.221-0600] {dag.py:4180} INFO - Setting next_dagrun for tutorial_dag to None, run_after=None
[2025-05-23T10:33:24.265-0600] {processor.py:208} INFO - Processing /home/airflow/.local/lib/python3.12/site-packages/airflow/example_dags/tutorial_dag.py took 0.153 seconds
[2025-05-23T10:33:55.350-0600] {processor.py:186} INFO - Started process (PID=623) to work on /home/airflow/.local/lib/python3.12/site-packages/airflow/example_dags/tutorial_dag.py
[2025-05-23T10:33:55.352-0600] {processor.py:914} INFO - Processing file /home/airflow/.local/lib/python3.12/site-packages/airflow/example_dags/tutorial_dag.py for tasks to queue
[2025-05-23T10:33:55.358-0600] {logging_mixin.py:190} INFO - [2025-05-23T10:33:55.357-0600] {dagbag.py:588} INFO - Filling up the DagBag from /home/airflow/.local/lib/python3.12/site-packages/airflow/example_dags/tutorial_dag.py
[2025-05-23T10:33:55.375-0600] {processor.py:925} INFO - DAG(s) 'tutorial_dag' retrieved from /home/airflow/.local/lib/python3.12/site-packages/airflow/example_dags/tutorial_dag.py
[2025-05-23T10:33:55.412-0600] {logging_mixin.py:190} INFO - [2025-05-23T10:33:55.411-0600] {dag.py:3239} INFO - Sync 1 DAGs
[2025-05-23T10:33:55.449-0600] {logging_mixin.py:190} INFO - [2025-05-23T10:33:55.449-0600] {dag.py:4180} INFO - Setting next_dagrun for tutorial_dag to None, run_after=None
[2025-05-23T10:33:55.479-0600] {processor.py:208} INFO - Processing /home/airflow/.local/lib/python3.12/site-packages/airflow/example_dags/tutorial_dag.py took 0.141 seconds
[2025-05-23T10:34:27.476-0600] {processor.py:186} INFO - Started process (PID=686) to work on /home/airflow/.local/lib/python3.12/site-packages/airflow/example_dags/tutorial_dag.py
[2025-05-23T10:34:27.478-0600] {processor.py:914} INFO - Processing file /home/airflow/.local/lib/python3.12/site-packages/airflow/example_dags/tutorial_dag.py for tasks to queue
[2025-05-23T10:34:27.484-0600] {logging_mixin.py:190} INFO - [2025-05-23T10:34:27.484-0600] {dagbag.py:588} INFO - Filling up the DagBag from /home/airflow/.local/lib/python3.12/site-packages/airflow/example_dags/tutorial_dag.py
[2025-05-23T10:34:27.501-0600] {processor.py:925} INFO - DAG(s) 'tutorial_dag' retrieved from /home/airflow/.local/lib/python3.12/site-packages/airflow/example_dags/tutorial_dag.py
[2025-05-23T10:34:27.540-0600] {logging_mixin.py:190} INFO - [2025-05-23T10:34:27.540-0600] {dag.py:3239} INFO - Sync 1 DAGs
[2025-05-23T10:34:27.575-0600] {logging_mixin.py:190} INFO - [2025-05-23T10:34:27.574-0600] {dag.py:4180} INFO - Setting next_dagrun for tutorial_dag to None, run_after=None
[2025-05-23T10:34:27.610-0600] {processor.py:208} INFO - Processing /home/airflow/.local/lib/python3.12/site-packages/airflow/example_dags/tutorial_dag.py took 0.169 seconds
