[2025-05-23T10:29:47.766-0600] {processor.py:186} INFO - Started process (PID=118) to work on /home/airflow/.local/lib/python3.12/site-packages/airflow/example_dags/tutorial.py
[2025-05-23T10:29:47.767-0600] {processor.py:914} INFO - Processing file /home/airflow/.local/lib/python3.12/site-packages/airflow/example_dags/tutorial.py for tasks to queue
[2025-05-23T10:29:47.771-0600] {logging_mixin.py:190} INFO - [2025-05-23T10:29:47.770-0600] {dagbag.py:588} INFO - Filling up the DagBag from /home/airflow/.local/lib/python3.12/site-packages/airflow/example_dags/tutorial.py
[2025-05-23T10:29:47.786-0600] {processor.py:925} INFO - DAG(s) 'tutorial' retrieved from /home/airflow/.local/lib/python3.12/site-packages/airflow/example_dags/tutorial.py
[2025-05-23T10:29:48.008-0600] {logging_mixin.py:190} INFO - [2025-05-23T10:29:48.007-0600] {override.py:1912} INFO - Created Permission View: can delete on DAG:tutorial
[2025-05-23T10:29:48.020-0600] {logging_mixin.py:190} INFO - [2025-05-23T10:29:48.020-0600] {override.py:1912} INFO - Created Permission View: can edit on DAG:tutorial
[2025-05-23T10:29:48.030-0600] {logging_mixin.py:190} INFO - [2025-05-23T10:29:48.029-0600] {override.py:1912} INFO - Created Permission View: can read on DAG:tutorial
[2025-05-23T10:29:48.039-0600] {logging_mixin.py:190} INFO - [2025-05-23T10:29:48.038-0600] {override.py:1912} INFO - Created Permission View: can delete on DAG Run:tutorial
[2025-05-23T10:29:48.046-0600] {logging_mixin.py:190} INFO - [2025-05-23T10:29:48.045-0600] {override.py:1912} INFO - Created Permission View: can create on DAG Run:tutorial
[2025-05-23T10:29:48.052-0600] {logging_mixin.py:190} INFO - [2025-05-23T10:29:48.052-0600] {override.py:1912} INFO - Created Permission View: menu access on DAG Run:tutorial
[2025-05-23T10:29:48.059-0600] {logging_mixin.py:190} INFO - [2025-05-23T10:29:48.058-0600] {override.py:1912} INFO - Created Permission View: can read on DAG Run:tutorial
[2025-05-23T10:29:48.059-0600] {logging_mixin.py:190} INFO - [2025-05-23T10:29:48.059-0600] {dag.py:3239} INFO - Sync 1 DAGs
[2025-05-23T10:29:48.078-0600] {logging_mixin.py:190} INFO - [2025-05-23T10:29:48.078-0600] {dag.py:3262} INFO - Creating ORM DAG for tutorial
[2025-05-23T10:29:48.092-0600] {logging_mixin.py:190} INFO - [2025-05-23T10:29:48.092-0600] {dag.py:4180} INFO - Setting next_dagrun for tutorial to 2025-05-22 00:00:00+00:00, run_after=2025-05-23 00:00:00+00:00
[2025-05-23T10:29:48.111-0600] {processor.py:208} INFO - Processing /home/airflow/.local/lib/python3.12/site-packages/airflow/example_dags/tutorial.py took 0.358 seconds
[2025-05-23T10:30:18.294-0600] {processor.py:186} INFO - Started process (PID=181) to work on /home/airflow/.local/lib/python3.12/site-packages/airflow/example_dags/tutorial.py
[2025-05-23T10:30:18.295-0600] {processor.py:914} INFO - Processing file /home/airflow/.local/lib/python3.12/site-packages/airflow/example_dags/tutorial.py for tasks to queue
[2025-05-23T10:30:18.299-0600] {logging_mixin.py:190} INFO - [2025-05-23T10:30:18.298-0600] {dagbag.py:588} INFO - Filling up the DagBag from /home/airflow/.local/lib/python3.12/site-packages/airflow/example_dags/tutorial.py
[2025-05-23T10:30:18.314-0600] {processor.py:925} INFO - DAG(s) 'tutorial' retrieved from /home/airflow/.local/lib/python3.12/site-packages/airflow/example_dags/tutorial.py
[2025-05-23T10:30:18.349-0600] {logging_mixin.py:190} INFO - [2025-05-23T10:30:18.348-0600] {dag.py:3239} INFO - Sync 1 DAGs
[2025-05-23T10:30:18.388-0600] {logging_mixin.py:190} INFO - [2025-05-23T10:30:18.388-0600] {dag.py:4180} INFO - Setting next_dagrun for tutorial to 2025-05-22 00:00:00+00:00, run_after=2025-05-23 00:00:00+00:00
[2025-05-23T10:30:18.411-0600] {processor.py:208} INFO - Processing /home/airflow/.local/lib/python3.12/site-packages/airflow/example_dags/tutorial.py took 0.129 seconds
[2025-05-23T10:30:48.975-0600] {processor.py:186} INFO - Started process (PID=244) to work on /home/airflow/.local/lib/python3.12/site-packages/airflow/example_dags/tutorial.py
[2025-05-23T10:30:48.977-0600] {processor.py:914} INFO - Processing file /home/airflow/.local/lib/python3.12/site-packages/airflow/example_dags/tutorial.py for tasks to queue
[2025-05-23T10:30:48.984-0600] {logging_mixin.py:190} INFO - [2025-05-23T10:30:48.983-0600] {dagbag.py:588} INFO - Filling up the DagBag from /home/airflow/.local/lib/python3.12/site-packages/airflow/example_dags/tutorial.py
[2025-05-23T10:30:49.008-0600] {processor.py:925} INFO - DAG(s) 'tutorial' retrieved from /home/airflow/.local/lib/python3.12/site-packages/airflow/example_dags/tutorial.py
[2025-05-23T10:30:49.072-0600] {logging_mixin.py:190} INFO - [2025-05-23T10:30:49.072-0600] {dag.py:3239} INFO - Sync 1 DAGs
[2025-05-23T10:30:49.145-0600] {logging_mixin.py:190} INFO - [2025-05-23T10:30:49.144-0600] {dag.py:4180} INFO - Setting next_dagrun for tutorial to 2025-05-22 00:00:00+00:00, run_after=2025-05-23 00:00:00+00:00
[2025-05-23T10:30:49.179-0600] {processor.py:208} INFO - Processing /home/airflow/.local/lib/python3.12/site-packages/airflow/example_dags/tutorial.py took 0.225 seconds
[2025-05-23T10:31:19.356-0600] {processor.py:186} INFO - Started process (PID=307) to work on /home/airflow/.local/lib/python3.12/site-packages/airflow/example_dags/tutorial.py
[2025-05-23T10:31:19.358-0600] {processor.py:914} INFO - Processing file /home/airflow/.local/lib/python3.12/site-packages/airflow/example_dags/tutorial.py for tasks to queue
[2025-05-23T10:31:19.362-0600] {logging_mixin.py:190} INFO - [2025-05-23T10:31:19.362-0600] {dagbag.py:588} INFO - Filling up the DagBag from /home/airflow/.local/lib/python3.12/site-packages/airflow/example_dags/tutorial.py
[2025-05-23T10:31:19.380-0600] {processor.py:925} INFO - DAG(s) 'tutorial' retrieved from /home/airflow/.local/lib/python3.12/site-packages/airflow/example_dags/tutorial.py
[2025-05-23T10:31:19.415-0600] {logging_mixin.py:190} INFO - [2025-05-23T10:31:19.415-0600] {dag.py:3239} INFO - Sync 1 DAGs
[2025-05-23T10:31:19.455-0600] {logging_mixin.py:190} INFO - [2025-05-23T10:31:19.454-0600] {dag.py:4180} INFO - Setting next_dagrun for tutorial to 2025-05-22 00:00:00+00:00, run_after=2025-05-23 00:00:00+00:00
[2025-05-23T10:31:19.507-0600] {processor.py:208} INFO - Processing /home/airflow/.local/lib/python3.12/site-packages/airflow/example_dags/tutorial.py took 0.162 seconds
[2025-05-23T10:31:49.973-0600] {processor.py:186} INFO - Started process (PID=371) to work on /home/airflow/.local/lib/python3.12/site-packages/airflow/example_dags/tutorial.py
[2025-05-23T10:31:49.976-0600] {processor.py:914} INFO - Processing file /home/airflow/.local/lib/python3.12/site-packages/airflow/example_dags/tutorial.py for tasks to queue
[2025-05-23T10:31:49.979-0600] {logging_mixin.py:190} INFO - [2025-05-23T10:31:49.979-0600] {dagbag.py:588} INFO - Filling up the DagBag from /home/airflow/.local/lib/python3.12/site-packages/airflow/example_dags/tutorial.py
[2025-05-23T10:31:49.996-0600] {processor.py:925} INFO - DAG(s) 'tutorial' retrieved from /home/airflow/.local/lib/python3.12/site-packages/airflow/example_dags/tutorial.py
[2025-05-23T10:31:50.032-0600] {logging_mixin.py:190} INFO - [2025-05-23T10:31:50.032-0600] {dag.py:3239} INFO - Sync 1 DAGs
[2025-05-23T10:31:50.074-0600] {logging_mixin.py:190} INFO - [2025-05-23T10:31:50.073-0600] {dag.py:4180} INFO - Setting next_dagrun for tutorial to 2025-05-22 00:00:00+00:00, run_after=2025-05-23 00:00:00+00:00
[2025-05-23T10:31:50.107-0600] {processor.py:208} INFO - Processing /home/airflow/.local/lib/python3.12/site-packages/airflow/example_dags/tutorial.py took 0.145 seconds
[2025-05-23T10:32:21.101-0600] {processor.py:186} INFO - Started process (PID=434) to work on /home/airflow/.local/lib/python3.12/site-packages/airflow/example_dags/tutorial.py
[2025-05-23T10:32:21.103-0600] {processor.py:914} INFO - Processing file /home/airflow/.local/lib/python3.12/site-packages/airflow/example_dags/tutorial.py for tasks to queue
[2025-05-23T10:32:21.108-0600] {logging_mixin.py:190} INFO - [2025-05-23T10:32:21.107-0600] {dagbag.py:588} INFO - Filling up the DagBag from /home/airflow/.local/lib/python3.12/site-packages/airflow/example_dags/tutorial.py
[2025-05-23T10:32:21.124-0600] {processor.py:925} INFO - DAG(s) 'tutorial' retrieved from /home/airflow/.local/lib/python3.12/site-packages/airflow/example_dags/tutorial.py
[2025-05-23T10:32:21.162-0600] {logging_mixin.py:190} INFO - [2025-05-23T10:32:21.162-0600] {dag.py:3239} INFO - Sync 1 DAGs
[2025-05-23T10:32:21.204-0600] {logging_mixin.py:190} INFO - [2025-05-23T10:32:21.204-0600] {dag.py:4180} INFO - Setting next_dagrun for tutorial to 2025-05-22 00:00:00+00:00, run_after=2025-05-23 00:00:00+00:00
[2025-05-23T10:32:21.236-0600] {processor.py:208} INFO - Processing /home/airflow/.local/lib/python3.12/site-packages/airflow/example_dags/tutorial.py took 0.148 seconds
[2025-05-23T10:32:52.098-0600] {processor.py:186} INFO - Started process (PID=496) to work on /home/airflow/.local/lib/python3.12/site-packages/airflow/example_dags/tutorial.py
[2025-05-23T10:32:52.101-0600] {processor.py:914} INFO - Processing file /home/airflow/.local/lib/python3.12/site-packages/airflow/example_dags/tutorial.py for tasks to queue
[2025-05-23T10:32:52.106-0600] {logging_mixin.py:190} INFO - [2025-05-23T10:32:52.105-0600] {dagbag.py:588} INFO - Filling up the DagBag from /home/airflow/.local/lib/python3.12/site-packages/airflow/example_dags/tutorial.py
[2025-05-23T10:32:52.129-0600] {processor.py:925} INFO - DAG(s) 'tutorial' retrieved from /home/airflow/.local/lib/python3.12/site-packages/airflow/example_dags/tutorial.py
[2025-05-23T10:32:52.175-0600] {logging_mixin.py:190} INFO - [2025-05-23T10:32:52.175-0600] {dag.py:3239} INFO - Sync 1 DAGs
[2025-05-23T10:32:52.240-0600] {logging_mixin.py:190} INFO - [2025-05-23T10:32:52.239-0600] {dag.py:4180} INFO - Setting next_dagrun for tutorial to 2025-05-22 00:00:00+00:00, run_after=2025-05-23 00:00:00+00:00
[2025-05-23T10:32:52.281-0600] {processor.py:208} INFO - Processing /home/airflow/.local/lib/python3.12/site-packages/airflow/example_dags/tutorial.py took 0.199 seconds
[2025-05-23T10:33:23.939-0600] {processor.py:186} INFO - Started process (PID=559) to work on /home/airflow/.local/lib/python3.12/site-packages/airflow/example_dags/tutorial.py
[2025-05-23T10:33:23.941-0600] {processor.py:914} INFO - Processing file /home/airflow/.local/lib/python3.12/site-packages/airflow/example_dags/tutorial.py for tasks to queue
[2025-05-23T10:33:23.945-0600] {logging_mixin.py:190} INFO - [2025-05-23T10:33:23.945-0600] {dagbag.py:588} INFO - Filling up the DagBag from /home/airflow/.local/lib/python3.12/site-packages/airflow/example_dags/tutorial.py
[2025-05-23T10:33:23.960-0600] {processor.py:925} INFO - DAG(s) 'tutorial' retrieved from /home/airflow/.local/lib/python3.12/site-packages/airflow/example_dags/tutorial.py
[2025-05-23T10:33:23.997-0600] {logging_mixin.py:190} INFO - [2025-05-23T10:33:23.997-0600] {dag.py:3239} INFO - Sync 1 DAGs
[2025-05-23T10:33:24.041-0600] {logging_mixin.py:190} INFO - [2025-05-23T10:33:24.041-0600] {dag.py:4180} INFO - Setting next_dagrun for tutorial to 2025-05-22 00:00:00+00:00, run_after=2025-05-23 00:00:00+00:00
[2025-05-23T10:33:24.070-0600] {processor.py:208} INFO - Processing /home/airflow/.local/lib/python3.12/site-packages/airflow/example_dags/tutorial.py took 0.143 seconds
[2025-05-23T10:33:55.155-0600] {processor.py:186} INFO - Started process (PID=621) to work on /home/airflow/.local/lib/python3.12/site-packages/airflow/example_dags/tutorial.py
[2025-05-23T10:33:55.156-0600] {processor.py:914} INFO - Processing file /home/airflow/.local/lib/python3.12/site-packages/airflow/example_dags/tutorial.py for tasks to queue
[2025-05-23T10:33:55.161-0600] {logging_mixin.py:190} INFO - [2025-05-23T10:33:55.160-0600] {dagbag.py:588} INFO - Filling up the DagBag from /home/airflow/.local/lib/python3.12/site-packages/airflow/example_dags/tutorial.py
[2025-05-23T10:33:55.175-0600] {processor.py:925} INFO - DAG(s) 'tutorial' retrieved from /home/airflow/.local/lib/python3.12/site-packages/airflow/example_dags/tutorial.py
[2025-05-23T10:33:55.209-0600] {logging_mixin.py:190} INFO - [2025-05-23T10:33:55.209-0600] {dag.py:3239} INFO - Sync 1 DAGs
[2025-05-23T10:33:55.251-0600] {logging_mixin.py:190} INFO - [2025-05-23T10:33:55.250-0600] {dag.py:4180} INFO - Setting next_dagrun for tutorial to 2025-05-22 00:00:00+00:00, run_after=2025-05-23 00:00:00+00:00
[2025-05-23T10:33:55.279-0600] {processor.py:208} INFO - Processing /home/airflow/.local/lib/python3.12/site-packages/airflow/example_dags/tutorial.py took 0.134 seconds
[2025-05-23T10:34:27.301-0600] {processor.py:186} INFO - Started process (PID=685) to work on /home/airflow/.local/lib/python3.12/site-packages/airflow/example_dags/tutorial.py
[2025-05-23T10:34:27.302-0600] {processor.py:914} INFO - Processing file /home/airflow/.local/lib/python3.12/site-packages/airflow/example_dags/tutorial.py for tasks to queue
[2025-05-23T10:34:27.308-0600] {logging_mixin.py:190} INFO - [2025-05-23T10:34:27.307-0600] {dagbag.py:588} INFO - Filling up the DagBag from /home/airflow/.local/lib/python3.12/site-packages/airflow/example_dags/tutorial.py
[2025-05-23T10:34:27.325-0600] {processor.py:925} INFO - DAG(s) 'tutorial' retrieved from /home/airflow/.local/lib/python3.12/site-packages/airflow/example_dags/tutorial.py
[2025-05-23T10:34:27.362-0600] {logging_mixin.py:190} INFO - [2025-05-23T10:34:27.362-0600] {dag.py:3239} INFO - Sync 1 DAGs
[2025-05-23T10:34:27.454-0600] {logging_mixin.py:190} INFO - [2025-05-23T10:34:27.453-0600] {dag.py:4180} INFO - Setting next_dagrun for tutorial to 2025-05-22 00:00:00+00:00, run_after=2025-05-23 00:00:00+00:00
[2025-05-23T10:34:27.484-0600] {processor.py:208} INFO - Processing /home/airflow/.local/lib/python3.12/site-packages/airflow/example_dags/tutorial.py took 0.196 seconds
