[2025-05-31T10:24:13.593-0600] {local_task_job_runner.py:123} INFO - ::group::Pre task execution logs
[2025-05-31T10:24:13.622-0600] {taskinstance.py:2614} INFO - Dependencies all met for dep_context=non-requeueable deps ti=<TaskInstance: libertyPr_health_score_1.load_data scheduled__2025-05-26T10:00:00+00:00 [queued]>
[2025-05-31T10:24:13.634-0600] {taskinstance.py:2614} INFO - Dependencies all met for dep_context=requeueable deps ti=<TaskInstance: libertyPr_health_score_1.load_data scheduled__2025-05-26T10:00:00+00:00 [queued]>
[2025-05-31T10:24:13.635-0600] {taskinstance.py:2867} INFO - Starting attempt 1 of 2
[2025-05-31T10:24:13.658-0600] {taskinstance.py:2890} INFO - Executing <Task(PythonOperator): load_data> on 2025-05-26 10:00:00+00:00
[2025-05-31T10:24:13.674-0600] {warnings.py:112} WARNING - /home/***/.local/lib/python3.12/site-packages/***/task/task_runner/standard_task_runner.py:70: DeprecationWarning: This process (pid=1881) is multi-threaded, use of fork() may lead to deadlocks in the child.
  pid = os.fork()

[2025-05-31T10:24:13.678-0600] {standard_task_runner.py:72} INFO - Started process 1883 to run task
[2025-05-31T10:24:13.678-0600] {standard_task_runner.py:104} INFO - Running: ['***', 'tasks', 'run', 'libertyPr_health_score_1', 'load_data', 'scheduled__2025-05-26T10:00:00+00:00', '--job-id', '180', '--raw', '--subdir', 'DAGS_FOLDER/health_score_lpr.py', '--cfg-path', '/tmp/tmp76r2rdqs']
[2025-05-31T10:24:13.683-0600] {standard_task_runner.py:105} INFO - Job 180: Subtask load_data
[2025-05-31T10:24:13.766-0600] {task_command.py:467} INFO - Running <TaskInstance: libertyPr_health_score_1.load_data scheduled__2025-05-26T10:00:00+00:00 [running]> on host 439130e6349d
[2025-05-31T10:24:13.949-0600] {taskinstance.py:3134} INFO - Exporting env vars: AIRFLOW_CTX_DAG_OWNER='***' AIRFLOW_CTX_DAG_ID='libertyPr_health_score_1' AIRFLOW_CTX_TASK_ID='load_data' AIRFLOW_CTX_EXECUTION_DATE='2025-05-26T10:00:00+00:00' AIRFLOW_CTX_TRY_NUMBER='1' AIRFLOW_CTX_DAG_RUN_ID='scheduled__2025-05-26T10:00:00+00:00'
[2025-05-31T10:24:13.952-0600] {taskinstance.py:732} INFO - ::endgroup::
[2025-05-31T10:26:27.894-0600] {python.py:240} INFO - Done. Returned value was: None
[2025-05-31T10:26:27.913-0600] {taskinstance.py:341} INFO - ::group::Post task execution logs
[2025-05-31T10:26:27.914-0600] {taskinstance.py:353} INFO - Marking task as SUCCESS. dag_id=libertyPr_health_score_1, task_id=load_data, run_id=scheduled__2025-05-26T10:00:00+00:00, execution_date=20250526T100000, start_date=20250531T162413, end_date=20250531T162627
[2025-05-31T10:26:28.042-0600] {local_task_job_runner.py:266} INFO - Task exited with return code 0
[2025-05-31T10:26:28.091-0600] {taskinstance.py:3901} INFO - 1 downstream tasks scheduled from follow-on schedule check
[2025-05-31T10:26:28.094-0600] {local_task_job_runner.py:245} INFO - ::endgroup::
[2025-05-31T22:12:42.523-0600] {local_task_job_runner.py:123} INFO - ::group::Pre task execution logs
[2025-05-31T22:12:42.561-0600] {taskinstance.py:2614} INFO - Dependencies all met for dep_context=non-requeueable deps ti=<TaskInstance: libertyPr_health_score_1.load_data scheduled__2025-05-26T10:00:00+00:00 [queued]>
[2025-05-31T22:12:42.572-0600] {taskinstance.py:2614} INFO - Dependencies all met for dep_context=requeueable deps ti=<TaskInstance: libertyPr_health_score_1.load_data scheduled__2025-05-26T10:00:00+00:00 [queued]>
[2025-05-31T22:12:42.573-0600] {taskinstance.py:2867} INFO - Starting attempt 1 of 2
[2025-05-31T22:12:42.597-0600] {taskinstance.py:2890} INFO - Executing <Task(PythonOperator): load_data> on 2025-05-26 10:00:00+00:00
[2025-05-31T22:12:42.610-0600] {warnings.py:112} WARNING - /home/***/.local/lib/python3.12/site-packages/***/task/task_runner/standard_task_runner.py:70: DeprecationWarning: This process (pid=11040) is multi-threaded, use of fork() may lead to deadlocks in the child.
  pid = os.fork()

[2025-05-31T22:12:42.614-0600] {standard_task_runner.py:72} INFO - Started process 11042 to run task
[2025-05-31T22:12:42.614-0600] {standard_task_runner.py:104} INFO - Running: ['***', 'tasks', 'run', 'libertyPr_health_score_1', 'load_data', 'scheduled__2025-05-26T10:00:00+00:00', '--job-id', '355', '--raw', '--subdir', 'DAGS_FOLDER/health_score_lpr.py', '--cfg-path', '/tmp/tmpw59whmfj']
[2025-05-31T22:12:42.619-0600] {standard_task_runner.py:105} INFO - Job 355: Subtask load_data
[2025-05-31T22:12:42.713-0600] {task_command.py:467} INFO - Running <TaskInstance: libertyPr_health_score_1.load_data scheduled__2025-05-26T10:00:00+00:00 [running]> on host 439130e6349d
[2025-05-31T22:12:42.890-0600] {taskinstance.py:3134} INFO - Exporting env vars: AIRFLOW_CTX_DAG_OWNER='***' AIRFLOW_CTX_DAG_ID='libertyPr_health_score_1' AIRFLOW_CTX_TASK_ID='load_data' AIRFLOW_CTX_EXECUTION_DATE='2025-05-26T10:00:00+00:00' AIRFLOW_CTX_TRY_NUMBER='1' AIRFLOW_CTX_DAG_RUN_ID='scheduled__2025-05-26T10:00:00+00:00'
[2025-05-31T22:12:42.891-0600] {taskinstance.py:732} INFO - ::endgroup::
[2025-05-31T22:12:42.919-0600] {logging_mixin.py:190} INFO - target date
[2025-05-31T22:12:42.919-0600] {logging_mixin.py:190} INFO - 2025-05-26
[2025-05-31T22:14:52.166-0600] {python.py:240} INFO - Done. Returned value was: None
[2025-05-31T22:14:52.184-0600] {taskinstance.py:341} INFO - ::group::Post task execution logs
[2025-05-31T22:14:52.185-0600] {taskinstance.py:353} INFO - Marking task as SUCCESS. dag_id=libertyPr_health_score_1, task_id=load_data, run_id=scheduled__2025-05-26T10:00:00+00:00, execution_date=20250526T100000, start_date=20250601T041242, end_date=20250601T041452
[2025-05-31T22:14:52.317-0600] {local_task_job_runner.py:266} INFO - Task exited with return code 0
[2025-05-31T22:14:52.374-0600] {taskinstance.py:3901} INFO - 1 downstream tasks scheduled from follow-on schedule check
[2025-05-31T22:14:52.377-0600] {local_task_job_runner.py:245} INFO - ::endgroup::
