[2025-05-31T21:00:06.793-0600] {local_task_job_runner.py:123} INFO - ::group::Pre task execution logs
[2025-05-31T21:00:06.878-0600] {taskinstance.py:2614} INFO - Dependencies all met for dep_context=non-requeueable deps ti=<TaskInstance: libertyPr_health_score_1.log_dates scheduled__2025-05-21T10:00:00+00:00 [queued]>
[2025-05-31T21:00:06.918-0600] {taskinstance.py:2614} INFO - Dependencies all met for dep_context=requeueable deps ti=<TaskInstance: libertyPr_health_score_1.log_dates scheduled__2025-05-21T10:00:00+00:00 [queued]>
[2025-05-31T21:00:06.919-0600] {taskinstance.py:2867} INFO - Starting attempt 1 of 2
[2025-05-31T21:00:06.969-0600] {taskinstance.py:2890} INFO - Executing <Task(PythonOperator): log_dates> on 2025-05-21 10:00:00+00:00
[2025-05-31T21:00:06.986-0600] {warnings.py:112} WARNING - /home/***/.local/lib/python3.12/site-packages/***/task/task_runner/standard_task_runner.py:70: DeprecationWarning: This process (pid=10010) is multi-threaded, use of fork() may lead to deadlocks in the child.
  pid = os.fork()

[2025-05-31T21:00:06.990-0600] {standard_task_runner.py:72} INFO - Started process 10012 to run task
[2025-05-31T21:00:07.004-0600] {standard_task_runner.py:104} INFO - Running: ['***', 'tasks', 'run', 'libertyPr_health_score_1', 'log_dates', 'scheduled__2025-05-21T10:00:00+00:00', '--job-id', '316', '--raw', '--subdir', 'DAGS_FOLDER/health_score_lpr.py', '--cfg-path', '/tmp/tmpf_w6stgk']
[2025-05-31T21:00:07.009-0600] {standard_task_runner.py:105} INFO - Job 316: Subtask log_dates
[2025-05-31T21:00:07.183-0600] {task_command.py:467} INFO - Running <TaskInstance: libertyPr_health_score_1.log_dates scheduled__2025-05-21T10:00:00+00:00 [running]> on host 439130e6349d
[2025-05-31T21:00:07.479-0600] {taskinstance.py:3134} INFO - Exporting env vars: AIRFLOW_CTX_DAG_OWNER='***' AIRFLOW_CTX_DAG_ID='libertyPr_health_score_1' AIRFLOW_CTX_TASK_ID='log_dates' AIRFLOW_CTX_EXECUTION_DATE='2025-05-21T10:00:00+00:00' AIRFLOW_CTX_TRY_NUMBER='1' AIRFLOW_CTX_DAG_RUN_ID='scheduled__2025-05-21T10:00:00+00:00'
[2025-05-31T21:00:07.482-0600] {taskinstance.py:732} INFO - ::endgroup::
[2025-05-31T21:00:07.487-0600] {logging_mixin.py:190} INFO - 🧠 --- Airflow DAG Execution Context ---
[2025-05-31T21:00:07.488-0600] {logging_mixin.py:190} INFO - 🕒 execution_date:      2025-05-21 10:00:00+00:00 (Airflow 'logical' date)
[2025-05-31T21:00:07.488-0600] {logging_mixin.py:190} INFO - 📆 data_interval_start: 2025-05-21 10:00:00+00:00
[2025-05-31T21:00:07.489-0600] {logging_mixin.py:190} INFO - 📆 data_interval_end:   2025-05-22 10:00:00+00:00
[2025-05-31T21:00:07.489-0600] {logging_mixin.py:190} INFO - 🔁 logical_date:        2025-05-21 10:00:00+00:00
[2025-05-31T21:00:07.490-0600] {logging_mixin.py:190} INFO - ⏱  current_time:        2025-05-31 21:00:07.486786
[2025-05-31T21:00:07.490-0600] {logging_mixin.py:190} INFO - 📌 PTIME (used in SQL): 2025-05-21
[2025-05-31T21:00:07.490-0600] {logging_mixin.py:190} INFO - ✅ -------------------------------------
[2025-05-31T21:00:07.491-0600] {python.py:240} INFO - Done. Returned value was: None
[2025-05-31T21:00:07.516-0600] {taskinstance.py:341} INFO - ::group::Post task execution logs
[2025-05-31T21:00:07.517-0600] {taskinstance.py:353} INFO - Marking task as SUCCESS. dag_id=libertyPr_health_score_1, task_id=log_dates, run_id=scheduled__2025-05-21T10:00:00+00:00, execution_date=20250521T100000, start_date=20250601T030006, end_date=20250601T030007
[2025-05-31T21:00:07.626-0600] {local_task_job_runner.py:266} INFO - Task exited with return code 0
[2025-05-31T21:00:07.684-0600] {taskinstance.py:3901} INFO - 1 downstream tasks scheduled from follow-on schedule check
[2025-05-31T21:00:07.699-0600] {local_task_job_runner.py:245} INFO - ::endgroup::
