[2025-05-26T09:21:50.123-0600] {local_task_job_runner.py:123} INFO - ::group::Pre task execution logs
[2025-05-26T09:21:50.160-0600] {taskinstance.py:2614} INFO - Dependencies all met for dep_context=non-requeueable deps ti=<TaskInstance: libertyPr_health_score_1.filter_duplicates scheduled__2025-05-23T06:00:00+00:00 [queued]>
[2025-05-26T09:21:50.175-0600] {taskinstance.py:2614} INFO - Dependencies all met for dep_context=requeueable deps ti=<TaskInstance: libertyPr_health_score_1.filter_duplicates scheduled__2025-05-23T06:00:00+00:00 [queued]>
[2025-05-26T09:21:50.175-0600] {taskinstance.py:2867} INFO - Starting attempt 1 of 2
[2025-05-26T09:21:50.196-0600] {taskinstance.py:2890} INFO - Executing <Task(PythonOperator): filter_duplicates> on 2025-05-23 06:00:00+00:00
[2025-05-26T09:21:50.213-0600] {warnings.py:112} WARNING - /home/***/.local/lib/python3.12/site-packages/***/task/task_runner/standard_task_runner.py:70: DeprecationWarning: This process (pid=51597) is multi-threaded, use of fork() may lead to deadlocks in the child.
  pid = os.fork()

[2025-05-26T09:21:50.217-0600] {standard_task_runner.py:72} INFO - Started process 51599 to run task
[2025-05-26T09:21:50.216-0600] {standard_task_runner.py:104} INFO - Running: ['***', 'tasks', 'run', 'libertyPr_health_score_1', 'filter_duplicates', 'scheduled__2025-05-23T06:00:00+00:00', '--job-id', '73', '--raw', '--subdir', 'DAGS_FOLDER/health_score_lpr.py', '--cfg-path', '/tmp/tmpl1ceqeyf']
[2025-05-26T09:21:50.220-0600] {standard_task_runner.py:105} INFO - Job 73: Subtask filter_duplicates
[2025-05-26T09:21:50.305-0600] {task_command.py:467} INFO - Running <TaskInstance: libertyPr_health_score_1.filter_duplicates scheduled__2025-05-23T06:00:00+00:00 [running]> on host 439130e6349d
[2025-05-26T09:21:50.449-0600] {taskinstance.py:3134} INFO - Exporting env vars: AIRFLOW_CTX_DAG_OWNER='***' AIRFLOW_CTX_DAG_ID='libertyPr_health_score_1' AIRFLOW_CTX_TASK_ID='filter_duplicates' AIRFLOW_CTX_EXECUTION_DATE='2025-05-23T06:00:00+00:00' AIRFLOW_CTX_TRY_NUMBER='1' AIRFLOW_CTX_DAG_RUN_ID='scheduled__2025-05-23T06:00:00+00:00'
[2025-05-26T09:21:50.450-0600] {taskinstance.py:732} INFO - ::endgroup::
[2025-05-26T09:21:56.751-0600] {logging_mixin.py:190} INFO - 📊 Found 477553 unique cable modems after removing cloned.
[2025-05-26T09:22:11.406-0600] {logging_mixin.py:190} INFO - 🧹 Filtered out 191 CM_MACs that appeared more than 8 times.
[2025-05-26T09:22:11.408-0600] {logging_mixin.py:190} INFO - 📝 Remaining records: 1781557
[2025-05-26T09:22:11.605-0600] {python.py:240} INFO - Done. Returned value was: None
[2025-05-26T09:22:11.629-0600] {taskinstance.py:341} INFO - ::group::Post task execution logs
[2025-05-26T09:22:11.630-0600] {taskinstance.py:353} INFO - Marking task as SUCCESS. dag_id=libertyPr_health_score_1, task_id=filter_duplicates, run_id=scheduled__2025-05-23T06:00:00+00:00, execution_date=20250523T060000, start_date=20250526T152150, end_date=20250526T152211
[2025-05-26T09:22:11.718-0600] {local_task_job_runner.py:266} INFO - Task exited with return code 0
[2025-05-26T09:22:11.782-0600] {taskinstance.py:3901} INFO - 1 downstream tasks scheduled from follow-on schedule check
[2025-05-26T09:22:11.786-0600] {local_task_job_runner.py:245} INFO - ::endgroup::
