[2025-05-31T20:29:35.648-0600] {local_task_job_runner.py:123} INFO - ::group::Pre task execution logs
[2025-05-31T20:29:35.683-0600] {taskinstance.py:2614} INFO - Dependencies all met for dep_context=non-requeueable deps ti=<TaskInstance: libertyPr_health_score_1.log_dates scheduled__2025-05-19T10:00:00+00:00 [queued]>
[2025-05-31T20:29:35.696-0600] {taskinstance.py:2614} INFO - Dependencies all met for dep_context=requeueable deps ti=<TaskInstance: libertyPr_health_score_1.log_dates scheduled__2025-05-19T10:00:00+00:00 [queued]>
[2025-05-31T20:29:35.696-0600] {taskinstance.py:2867} INFO - Starting attempt 1 of 2
[2025-05-31T20:29:35.716-0600] {taskinstance.py:2890} INFO - Executing <Task(PythonOperator): log_dates> on 2025-05-19 10:00:00+00:00
[2025-05-31T20:29:35.730-0600] {warnings.py:112} WARNING - /home/***/.local/lib/python3.12/site-packages/***/task/task_runner/standard_task_runner.py:70: DeprecationWarning: This process (pid=9588) is multi-threaded, use of fork() may lead to deadlocks in the child.
  pid = os.fork()

[2025-05-31T20:29:35.733-0600] {standard_task_runner.py:72} INFO - Started process 9590 to run task
[2025-05-31T20:29:35.733-0600] {standard_task_runner.py:104} INFO - Running: ['***', 'tasks', 'run', 'libertyPr_health_score_1', 'log_dates', 'scheduled__2025-05-19T10:00:00+00:00', '--job-id', '300', '--raw', '--subdir', 'DAGS_FOLDER/health_score_lpr.py', '--cfg-path', '/tmp/tmpj69ls_oj']
[2025-05-31T20:29:35.737-0600] {standard_task_runner.py:105} INFO - Job 300: Subtask log_dates
[2025-05-31T20:29:35.814-0600] {task_command.py:467} INFO - Running <TaskInstance: libertyPr_health_score_1.log_dates scheduled__2025-05-19T10:00:00+00:00 [running]> on host 439130e6349d
[2025-05-31T20:29:35.970-0600] {taskinstance.py:3134} INFO - Exporting env vars: AIRFLOW_CTX_DAG_OWNER='***' AIRFLOW_CTX_DAG_ID='libertyPr_health_score_1' AIRFLOW_CTX_TASK_ID='log_dates' AIRFLOW_CTX_EXECUTION_DATE='2025-05-19T10:00:00+00:00' AIRFLOW_CTX_TRY_NUMBER='1' AIRFLOW_CTX_DAG_RUN_ID='scheduled__2025-05-19T10:00:00+00:00'
[2025-05-31T20:29:35.972-0600] {taskinstance.py:732} INFO - ::endgroup::
[2025-05-31T20:29:35.976-0600] {logging_mixin.py:190} INFO - 🧠 --- Airflow DAG Execution Context ---
[2025-05-31T20:29:35.976-0600] {logging_mixin.py:190} INFO - 🕒 execution_date:      2025-05-19 10:00:00+00:00 (Airflow 'logical' date)
[2025-05-31T20:29:35.977-0600] {logging_mixin.py:190} INFO - 📆 data_interval_start: 2025-05-19 10:00:00+00:00
[2025-05-31T20:29:35.977-0600] {logging_mixin.py:190} INFO - 📆 data_interval_end:   2025-05-20 10:00:00+00:00
[2025-05-31T20:29:35.978-0600] {logging_mixin.py:190} INFO - 🔁 logical_date:        2025-05-19 10:00:00+00:00
[2025-05-31T20:29:35.979-0600] {logging_mixin.py:190} INFO - ⏱  current_time:        2025-05-31 20:29:35.976063
[2025-05-31T20:29:35.979-0600] {logging_mixin.py:190} INFO - 📌 PTIME (used in SQL): 2025-05-19
[2025-05-31T20:29:35.980-0600] {logging_mixin.py:190} INFO - ✅ -------------------------------------
[2025-05-31T20:29:35.981-0600] {python.py:240} INFO - Done. Returned value was: None
[2025-05-31T20:29:35.999-0600] {taskinstance.py:341} INFO - ::group::Post task execution logs
[2025-05-31T20:29:35.999-0600] {taskinstance.py:353} INFO - Marking task as SUCCESS. dag_id=libertyPr_health_score_1, task_id=log_dates, run_id=scheduled__2025-05-19T10:00:00+00:00, execution_date=20250519T100000, start_date=20250601T022935, end_date=20250601T022935
[2025-05-31T20:29:36.071-0600] {local_task_job_runner.py:266} INFO - Task exited with return code 0
[2025-05-31T20:29:36.117-0600] {taskinstance.py:3901} INFO - 1 downstream tasks scheduled from follow-on schedule check
[2025-05-31T20:29:36.119-0600] {local_task_job_runner.py:245} INFO - ::endgroup::
