[2025-05-31T08:42:26.119-0600] {local_task_job_runner.py:123} INFO - ::group::Pre task execution logs
[2025-05-31T08:42:26.165-0600] {taskinstance.py:2614} INFO - Dependencies all met for dep_context=non-requeueable deps ti=<TaskInstance: libertyPr_health_score_1.filter_duplicates scheduled__2025-05-25T10:00:00+00:00 [queued]>
[2025-05-31T08:42:26.179-0600] {taskinstance.py:2614} INFO - Dependencies all met for dep_context=requeueable deps ti=<TaskInstance: libertyPr_health_score_1.filter_duplicates scheduled__2025-05-25T10:00:00+00:00 [queued]>
[2025-05-31T08:42:26.180-0600] {taskinstance.py:2867} INFO - Starting attempt 1 of 2
[2025-05-31T08:42:26.198-0600] {taskinstance.py:2890} INFO - Executing <Task(PythonOperator): filter_duplicates> on 2025-05-25 10:00:00+00:00
[2025-05-31T08:42:26.209-0600] {warnings.py:112} WARNING - /home/***/.local/lib/python3.12/site-packages/***/task/task_runner/standard_task_runner.py:70: DeprecationWarning: This process (pid=541) is multi-threaded, use of fork() may lead to deadlocks in the child.
  pid = os.fork()

[2025-05-31T08:42:26.211-0600] {standard_task_runner.py:72} INFO - Started process 551 to run task
[2025-05-31T08:42:26.213-0600] {standard_task_runner.py:104} INFO - Running: ['***', 'tasks', 'run', 'libertyPr_health_score_1', 'filter_duplicates', 'scheduled__2025-05-25T10:00:00+00:00', '--job-id', '154', '--raw', '--subdir', 'DAGS_FOLDER/health_score_lpr.py', '--cfg-path', '/tmp/tmpcjiu_7om']
[2025-05-31T08:42:26.218-0600] {standard_task_runner.py:105} INFO - Job 154: Subtask filter_duplicates
[2025-05-31T08:42:26.307-0600] {task_command.py:467} INFO - Running <TaskInstance: libertyPr_health_score_1.filter_duplicates scheduled__2025-05-25T10:00:00+00:00 [running]> on host 439130e6349d
[2025-05-31T08:42:26.461-0600] {taskinstance.py:3134} INFO - Exporting env vars: AIRFLOW_CTX_DAG_OWNER='***' AIRFLOW_CTX_DAG_ID='libertyPr_health_score_1' AIRFLOW_CTX_TASK_ID='filter_duplicates' AIRFLOW_CTX_EXECUTION_DATE='2025-05-25T10:00:00+00:00' AIRFLOW_CTX_TRY_NUMBER='1' AIRFLOW_CTX_DAG_RUN_ID='scheduled__2025-05-25T10:00:00+00:00'
[2025-05-31T08:42:26.463-0600] {taskinstance.py:732} INFO - ::endgroup::
[2025-05-31T08:42:33.034-0600] {logging_mixin.py:190} INFO - 📊 Found 477335 unique cable modems after removing cloned.
[2025-05-31T08:42:46.903-0600] {logging_mixin.py:190} INFO - 🧹 Filtered out 201 CM_MACs that appeared more than 8 times.
[2025-05-31T08:42:46.904-0600] {logging_mixin.py:190} INFO - 📝 Remaining records: 1777267
[2025-05-31T08:42:47.046-0600] {python.py:240} INFO - Done. Returned value was: None
[2025-05-31T08:42:47.067-0600] {taskinstance.py:341} INFO - ::group::Post task execution logs
[2025-05-31T08:42:47.068-0600] {taskinstance.py:353} INFO - Marking task as SUCCESS. dag_id=libertyPr_health_score_1, task_id=filter_duplicates, run_id=scheduled__2025-05-25T10:00:00+00:00, execution_date=20250525T100000, start_date=20250531T144226, end_date=20250531T144247
[2025-05-31T08:42:47.168-0600] {local_task_job_runner.py:266} INFO - Task exited with return code 0
[2025-05-31T08:42:47.218-0600] {taskinstance.py:3901} INFO - 1 downstream tasks scheduled from follow-on schedule check
[2025-05-31T08:42:47.224-0600] {local_task_job_runner.py:245} INFO - ::endgroup::
[2025-05-31T10:11:30.379-0600] {local_task_job_runner.py:123} INFO - ::group::Pre task execution logs
[2025-05-31T10:11:30.413-0600] {taskinstance.py:2614} INFO - Dependencies all met for dep_context=non-requeueable deps ti=<TaskInstance: libertyPr_health_score_1.filter_duplicates scheduled__2025-05-25T10:00:00+00:00 [queued]>
[2025-05-31T10:11:30.425-0600] {taskinstance.py:2614} INFO - Dependencies all met for dep_context=requeueable deps ti=<TaskInstance: libertyPr_health_score_1.filter_duplicates scheduled__2025-05-25T10:00:00+00:00 [queued]>
[2025-05-31T10:11:30.425-0600] {taskinstance.py:2867} INFO - Starting attempt 1 of 2
[2025-05-31T10:11:30.442-0600] {taskinstance.py:2890} INFO - Executing <Task(PythonOperator): filter_duplicates> on 2025-05-25 10:00:00+00:00
[2025-05-31T10:11:30.454-0600] {warnings.py:112} WARNING - /home/***/.local/lib/python3.12/site-packages/***/task/task_runner/standard_task_runner.py:70: DeprecationWarning: This process (pid=1712) is multi-threaded, use of fork() may lead to deadlocks in the child.
  pid = os.fork()

[2025-05-31T10:11:30.456-0600] {standard_task_runner.py:72} INFO - Started process 1714 to run task
[2025-05-31T10:11:30.457-0600] {standard_task_runner.py:104} INFO - Running: ['***', 'tasks', 'run', 'libertyPr_health_score_1', 'filter_duplicates', 'scheduled__2025-05-25T10:00:00+00:00', '--job-id', '174', '--raw', '--subdir', 'DAGS_FOLDER/health_score_lpr.py', '--cfg-path', '/tmp/tmpz478qim2']
[2025-05-31T10:11:30.462-0600] {standard_task_runner.py:105} INFO - Job 174: Subtask filter_duplicates
[2025-05-31T10:11:30.544-0600] {task_command.py:467} INFO - Running <TaskInstance: libertyPr_health_score_1.filter_duplicates scheduled__2025-05-25T10:00:00+00:00 [running]> on host 439130e6349d
[2025-05-31T10:11:30.690-0600] {taskinstance.py:3134} INFO - Exporting env vars: AIRFLOW_CTX_DAG_OWNER='***' AIRFLOW_CTX_DAG_ID='libertyPr_health_score_1' AIRFLOW_CTX_TASK_ID='filter_duplicates' AIRFLOW_CTX_EXECUTION_DATE='2025-05-25T10:00:00+00:00' AIRFLOW_CTX_TRY_NUMBER='1' AIRFLOW_CTX_DAG_RUN_ID='scheduled__2025-05-25T10:00:00+00:00'
[2025-05-31T10:11:30.692-0600] {taskinstance.py:732} INFO - ::endgroup::
[2025-05-31T10:11:36.825-0600] {logging_mixin.py:190} INFO - 📊 Found 477335 unique cable modems after removing cloned.
[2025-05-31T10:11:50.135-0600] {logging_mixin.py:190} INFO - 🧹 Filtered out 201 CM_MACs that appeared more than 8 times.
[2025-05-31T10:11:50.136-0600] {logging_mixin.py:190} INFO - 📝 Remaining records: 1777267
[2025-05-31T10:11:50.278-0600] {python.py:240} INFO - Done. Returned value was: None
[2025-05-31T10:11:50.299-0600] {taskinstance.py:341} INFO - ::group::Post task execution logs
[2025-05-31T10:11:50.300-0600] {taskinstance.py:353} INFO - Marking task as SUCCESS. dag_id=libertyPr_health_score_1, task_id=filter_duplicates, run_id=scheduled__2025-05-25T10:00:00+00:00, execution_date=20250525T100000, start_date=20250531T161130, end_date=20250531T161150
[2025-05-31T10:11:50.384-0600] {local_task_job_runner.py:266} INFO - Task exited with return code 0
[2025-05-31T10:11:50.439-0600] {taskinstance.py:3901} INFO - 1 downstream tasks scheduled from follow-on schedule check
[2025-05-31T10:11:50.443-0600] {local_task_job_runner.py:245} INFO - ::endgroup::
[2025-05-31T10:11:50.462-0600] {standard_task_runner.py:217} INFO - Process not found (most likely exited), stop collecting metrics
[2025-05-31T22:00:06.609-0600] {local_task_job_runner.py:123} INFO - ::group::Pre task execution logs
[2025-05-31T22:00:06.661-0600] {taskinstance.py:2614} INFO - Dependencies all met for dep_context=non-requeueable deps ti=<TaskInstance: libertyPr_health_score_1.filter_duplicates scheduled__2025-05-25T10:00:00+00:00 [queued]>
[2025-05-31T22:00:06.682-0600] {taskinstance.py:2614} INFO - Dependencies all met for dep_context=requeueable deps ti=<TaskInstance: libertyPr_health_score_1.filter_duplicates scheduled__2025-05-25T10:00:00+00:00 [queued]>
[2025-05-31T22:00:06.683-0600] {taskinstance.py:2867} INFO - Starting attempt 1 of 2
[2025-05-31T22:00:06.710-0600] {taskinstance.py:2890} INFO - Executing <Task(PythonOperator): filter_duplicates> on 2025-05-25 10:00:00+00:00
[2025-05-31T22:00:06.726-0600] {warnings.py:112} WARNING - /home/***/.local/lib/python3.12/site-packages/***/task/task_runner/standard_task_runner.py:70: DeprecationWarning: This process (pid=10864) is multi-threaded, use of fork() may lead to deadlocks in the child.
  pid = os.fork()

[2025-05-31T22:00:06.729-0600] {standard_task_runner.py:72} INFO - Started process 10866 to run task
[2025-05-31T22:00:06.735-0600] {standard_task_runner.py:104} INFO - Running: ['***', 'tasks', 'run', 'libertyPr_health_score_1', 'filter_duplicates', 'scheduled__2025-05-25T10:00:00+00:00', '--job-id', '349', '--raw', '--subdir', 'DAGS_FOLDER/health_score_lpr.py', '--cfg-path', '/tmp/tmpg6hylawo']
[2025-05-31T22:00:06.744-0600] {standard_task_runner.py:105} INFO - Job 349: Subtask filter_duplicates
[2025-05-31T22:00:06.854-0600] {task_command.py:467} INFO - Running <TaskInstance: libertyPr_health_score_1.filter_duplicates scheduled__2025-05-25T10:00:00+00:00 [running]> on host 439130e6349d
[2025-05-31T22:00:07.037-0600] {taskinstance.py:3134} INFO - Exporting env vars: AIRFLOW_CTX_DAG_OWNER='***' AIRFLOW_CTX_DAG_ID='libertyPr_health_score_1' AIRFLOW_CTX_TASK_ID='filter_duplicates' AIRFLOW_CTX_EXECUTION_DATE='2025-05-25T10:00:00+00:00' AIRFLOW_CTX_TRY_NUMBER='1' AIRFLOW_CTX_DAG_RUN_ID='scheduled__2025-05-25T10:00:00+00:00'
[2025-05-31T22:00:07.040-0600] {taskinstance.py:732} INFO - ::endgroup::
[2025-05-31T22:00:13.264-0600] {logging_mixin.py:190} INFO - 📊 Found 476929 unique cable modems after removing cloned.
[2025-05-31T22:00:27.364-0600] {logging_mixin.py:190} INFO - 🧹 Filtered out 179 CM_MACs that appeared more than 8 times.
[2025-05-31T22:00:27.366-0600] {logging_mixin.py:190} INFO - 📝 Remaining records: 1773892
[2025-05-31T22:00:27.569-0600] {python.py:240} INFO - Done. Returned value was: None
[2025-05-31T22:00:27.591-0600] {taskinstance.py:341} INFO - ::group::Post task execution logs
[2025-05-31T22:00:27.591-0600] {taskinstance.py:353} INFO - Marking task as SUCCESS. dag_id=libertyPr_health_score_1, task_id=filter_duplicates, run_id=scheduled__2025-05-25T10:00:00+00:00, execution_date=20250525T100000, start_date=20250601T040006, end_date=20250601T040027
[2025-05-31T22:00:27.695-0600] {local_task_job_runner.py:266} INFO - Task exited with return code 0
[2025-05-31T22:00:27.758-0600] {taskinstance.py:3901} INFO - 1 downstream tasks scheduled from follow-on schedule check
[2025-05-31T22:00:27.762-0600] {local_task_job_runner.py:245} INFO - ::endgroup::
