[2025-05-31T20:30:02.045-0600] {local_task_job_runner.py:123} INFO - ::group::Pre task execution logs
[2025-05-31T20:30:02.091-0600] {taskinstance.py:2614} INFO - Dependencies all met for dep_context=non-requeueable deps ti=<TaskInstance: libertyPr_health_score_1.classify_modems scheduled__2025-05-19T10:00:00+00:00 [queued]>
[2025-05-31T20:30:02.106-0600] {taskinstance.py:2614} INFO - Dependencies all met for dep_context=requeueable deps ti=<TaskInstance: libertyPr_health_score_1.classify_modems scheduled__2025-05-19T10:00:00+00:00 [queued]>
[2025-05-31T20:30:02.106-0600] {taskinstance.py:2867} INFO - Starting attempt 1 of 2
[2025-05-31T20:30:02.129-0600] {taskinstance.py:2890} INFO - Executing <Task(PythonOperator): classify_modems> on 2025-05-19 10:00:00+00:00
[2025-05-31T20:30:02.147-0600] {warnings.py:112} WARNING - /home/***/.local/lib/python3.12/site-packages/***/task/task_runner/standard_task_runner.py:70: DeprecationWarning: This process (pid=9604) is multi-threaded, use of fork() may lead to deadlocks in the child.
  pid = os.fork()

[2025-05-31T20:30:02.150-0600] {standard_task_runner.py:72} INFO - Started process 9606 to run task
[2025-05-31T20:30:02.151-0600] {standard_task_runner.py:104} INFO - Running: ['***', 'tasks', 'run', 'libertyPr_health_score_1', 'classify_modems', 'scheduled__2025-05-19T10:00:00+00:00', '--job-id', '302', '--raw', '--subdir', 'DAGS_FOLDER/health_score_lpr.py', '--cfg-path', '/tmp/tmpnnuj119n']
[2025-05-31T20:30:02.155-0600] {standard_task_runner.py:105} INFO - Job 302: Subtask classify_modems
[2025-05-31T20:30:02.261-0600] {task_command.py:467} INFO - Running <TaskInstance: libertyPr_health_score_1.classify_modems scheduled__2025-05-19T10:00:00+00:00 [running]> on host 439130e6349d
[2025-05-31T20:30:02.429-0600] {taskinstance.py:3134} INFO - Exporting env vars: AIRFLOW_CTX_DAG_OWNER='***' AIRFLOW_CTX_DAG_ID='libertyPr_health_score_1' AIRFLOW_CTX_TASK_ID='classify_modems' AIRFLOW_CTX_EXECUTION_DATE='2025-05-19T10:00:00+00:00' AIRFLOW_CTX_TRY_NUMBER='1' AIRFLOW_CTX_DAG_RUN_ID='scheduled__2025-05-19T10:00:00+00:00'
[2025-05-31T20:30:02.431-0600] {taskinstance.py:732} INFO - ::endgroup::
[2025-05-31T20:30:02.436-0600] {logging_mixin.py:190} INFO - 📥 Loading modem and status data...
[2025-05-31T20:30:07.731-0600] {logging_mixin.py:190} INFO - ✅ Loaded modem data: 1784063 rows from /tmp/modem_data.csv
[2025-05-31T20:30:07.732-0600] {logging_mixin.py:190} INFO - ✅ Loaded status data: 478312 rows from /tmp/modem_status.csv
[2025-05-31T20:30:08.250-0600] {logging_mixin.py:190} INFO - 📊 Unique CM_MACs in modem_df: 477520
[2025-05-31T20:30:08.396-0600] {logging_mixin.py:190} INFO - 📊 Unique CM_MACs in status_df: 477729
[2025-05-31T20:30:08.397-0600] {logging_mixin.py:190} INFO - 🧮 Classifying each channel...
[2025-05-31T20:30:53.795-0600] {logging_mixin.py:190} INFO - ✅ Channel classification complete.
[2025-05-31T20:30:53.876-0600] {logging_mixin.py:190} INFO -          CM_MAC       PTIME Channel_Status
0  400D1005FC33  2025-05-19           Good
1  400D1005FC33  2025-05-19           Good
2  400D1005FC33  2025-05-19           Good
3  400D1005FC33  2025-05-19           Good
4  B05DD443A159  2025-05-19           Good
[2025-05-31T20:30:53.899-0600] {logging_mixin.py:190} INFO - 📊 Grouping and summarizing modem data...
[2025-05-31T20:40:54.112-0600] {logging_mixin.py:190} INFO - ✅ Grouped modem data shape: (477520, 4)
[2025-05-31T20:40:54.195-0600] {logging_mixin.py:190} INFO - ✅ Summarized modem data (head):
[2025-05-31T20:40:54.215-0600] {logging_mixin.py:190} INFO -          CM_MAC       PTIME  ...              CHANNEL_NAME TX_MAX
0  00015C6CD846  2025-05-19  ...  cable-upstream 3/10/12.0    NaN
1  00071117BB95  2025-05-19  ...    cable-upstream 3/0/1.0    NaN
2  00071117BBAE  2025-05-19  ...    cable-upstream 2/9/2.0    NaN
3  00071117BBBD  2025-05-19  ...    cable-upstream 4/8/3.0    NaN
4  00071117BBD1  2025-05-19  ...    cable-upstream 3/3/2.0    NaN

[5 rows x 6 columns]
[2025-05-31T20:40:54.216-0600] {logging_mixin.py:190} INFO - 🔗 Merging modem-level data with status (LEFT join)...
[2025-05-31T20:40:55.383-0600] {logging_mixin.py:190} INFO - ✅ Merged dataset shape: (477573, 19)
[2025-05-31T20:40:55.385-0600] {logging_mixin.py:190} INFO - 📊 Rows with no ONLINE_COUNT after merge: 0
[2025-05-31T20:40:55.385-0600] {logging_mixin.py:190} INFO - 🛠 Applying final classification rules...
[2025-05-31T20:40:55.437-0600] {logging_mixin.py:190} INFO - 📊 Classification summary after status logic:
[2025-05-31T20:40:55.445-0600] {logging_mixin.py:190} INFO - Category
Good        254361
Warning     128074
Critical     89534
Offline       5604
Name: count, dtype: int64
[2025-05-31T20:41:00.229-0600] {logging_mixin.py:190} INFO - 💾 Saved classified modems to /tmp/classified_modems.csv
[2025-05-31T20:41:00.230-0600] {logging_mixin.py:190} INFO - 🔍 Final modem count: 477573 rows
[2025-05-31T20:41:00.511-0600] {python.py:240} INFO - Done. Returned value was: None
[2025-05-31T20:41:00.530-0600] {taskinstance.py:341} INFO - ::group::Post task execution logs
[2025-05-31T20:41:00.531-0600] {taskinstance.py:353} INFO - Marking task as SUCCESS. dag_id=libertyPr_health_score_1, task_id=classify_modems, run_id=scheduled__2025-05-19T10:00:00+00:00, execution_date=20250519T100000, start_date=20250601T023002, end_date=20250601T024100
[2025-05-31T20:41:00.650-0600] {local_task_job_runner.py:266} INFO - Task exited with return code 0
[2025-05-31T20:41:00.693-0600] {taskinstance.py:3901} INFO - 1 downstream tasks scheduled from follow-on schedule check
[2025-05-31T20:41:00.695-0600] {local_task_job_runner.py:245} INFO - ::endgroup::
