[2025-05-31T10:22:50.319-0600] {local_task_job_runner.py:123} INFO - ::group::Pre task execution logs
[2025-05-31T10:22:50.364-0600] {taskinstance.py:2614} INFO - Dependencies all met for dep_context=non-requeueable deps ti=<TaskInstance: libertyPr_health_score_1.map_nodes scheduled__2025-05-25T10:00:00+00:00 [queued]>
[2025-05-31T10:22:50.381-0600] {taskinstance.py:2614} INFO - Dependencies all met for dep_context=requeueable deps ti=<TaskInstance: libertyPr_health_score_1.map_nodes scheduled__2025-05-25T10:00:00+00:00 [queued]>
[2025-05-31T10:22:50.382-0600] {taskinstance.py:2867} INFO - Starting attempt 1 of 2
[2025-05-31T10:22:50.403-0600] {taskinstance.py:2890} INFO - Executing <Task(PythonOperator): map_nodes> on 2025-05-25 10:00:00+00:00
[2025-05-31T10:22:50.416-0600] {warnings.py:112} WARNING - /home/***/.local/lib/python3.12/site-packages/***/task/task_runner/standard_task_runner.py:70: DeprecationWarning: This process (pid=1855) is multi-threaded, use of fork() may lead to deadlocks in the child.
  pid = os.fork()

[2025-05-31T10:22:50.419-0600] {standard_task_runner.py:72} INFO - Started process 1857 to run task
[2025-05-31T10:22:50.421-0600] {standard_task_runner.py:104} INFO - Running: ['***', 'tasks', 'run', 'libertyPr_health_score_1', 'map_nodes', 'scheduled__2025-05-25T10:00:00+00:00', '--job-id', '177', '--raw', '--subdir', 'DAGS_FOLDER/health_score_lpr.py', '--cfg-path', '/tmp/tmpiub2z4ao']
[2025-05-31T10:22:50.426-0600] {standard_task_runner.py:105} INFO - Job 177: Subtask map_nodes
[2025-05-31T10:22:50.514-0600] {task_command.py:467} INFO - Running <TaskInstance: libertyPr_health_score_1.map_nodes scheduled__2025-05-25T10:00:00+00:00 [running]> on host 439130e6349d
[2025-05-31T10:22:50.695-0600] {taskinstance.py:3134} INFO - Exporting env vars: AIRFLOW_CTX_DAG_OWNER='***' AIRFLOW_CTX_DAG_ID='libertyPr_health_score_1' AIRFLOW_CTX_TASK_ID='map_nodes' AIRFLOW_CTX_EXECUTION_DATE='2025-05-25T10:00:00+00:00' AIRFLOW_CTX_TRY_NUMBER='1' AIRFLOW_CTX_DAG_RUN_ID='scheduled__2025-05-25T10:00:00+00:00'
[2025-05-31T10:22:50.698-0600] {taskinstance.py:732} INFO - ::endgroup::
[2025-05-31T10:22:50.730-0600] {logging_mixin.py:190} INFO - 📍 Loading classified modems and node map...
[2025-05-31T10:22:53.239-0600] {logging_mixin.py:190} INFO - 📦 Modems before mapping: 477402
[2025-05-31T10:22:53.736-0600] {logging_mixin.py:190} INFO - ⚠️ Modems without node mapping: 20
[2025-05-31T10:22:58.359-0600] {logging_mixin.py:190} INFO - ✅ Saved mapped modem data with node assignment to cm_mapped.csv (478751 rows)
[2025-05-31T10:22:58.427-0600] {python.py:240} INFO - Done. Returned value was: None
[2025-05-31T10:22:58.445-0600] {taskinstance.py:341} INFO - ::group::Post task execution logs
[2025-05-31T10:22:58.446-0600] {taskinstance.py:353} INFO - Marking task as SUCCESS. dag_id=libertyPr_health_score_1, task_id=map_nodes, run_id=scheduled__2025-05-25T10:00:00+00:00, execution_date=20250525T100000, start_date=20250531T162250, end_date=20250531T162258
[2025-05-31T10:22:58.534-0600] {local_task_job_runner.py:266} INFO - Task exited with return code 0
[2025-05-31T10:22:58.575-0600] {taskinstance.py:3901} INFO - 1 downstream tasks scheduled from follow-on schedule check
[2025-05-31T10:22:58.579-0600] {local_task_job_runner.py:245} INFO - ::endgroup::
[2025-05-31T22:11:13.418-0600] {local_task_job_runner.py:123} INFO - ::group::Pre task execution logs
[2025-05-31T22:11:13.468-0600] {taskinstance.py:2614} INFO - Dependencies all met for dep_context=non-requeueable deps ti=<TaskInstance: libertyPr_health_score_1.map_nodes scheduled__2025-05-25T10:00:00+00:00 [queued]>
[2025-05-31T22:11:13.484-0600] {taskinstance.py:2614} INFO - Dependencies all met for dep_context=requeueable deps ti=<TaskInstance: libertyPr_health_score_1.map_nodes scheduled__2025-05-25T10:00:00+00:00 [queued]>
[2025-05-31T22:11:13.485-0600] {taskinstance.py:2867} INFO - Starting attempt 1 of 2
[2025-05-31T22:11:13.506-0600] {taskinstance.py:2890} INFO - Executing <Task(PythonOperator): map_nodes> on 2025-05-25 10:00:00+00:00
[2025-05-31T22:11:13.517-0600] {warnings.py:112} WARNING - /home/***/.local/lib/python3.12/site-packages/***/task/task_runner/standard_task_runner.py:70: DeprecationWarning: This process (pid=11006) is multi-threaded, use of fork() may lead to deadlocks in the child.
  pid = os.fork()

[2025-05-31T22:11:13.520-0600] {standard_task_runner.py:72} INFO - Started process 11008 to run task
[2025-05-31T22:11:13.522-0600] {standard_task_runner.py:104} INFO - Running: ['***', 'tasks', 'run', 'libertyPr_health_score_1', 'map_nodes', 'scheduled__2025-05-25T10:00:00+00:00', '--job-id', '352', '--raw', '--subdir', 'DAGS_FOLDER/health_score_lpr.py', '--cfg-path', '/tmp/tmpxo4y2zo_']
[2025-05-31T22:11:13.527-0600] {standard_task_runner.py:105} INFO - Job 352: Subtask map_nodes
[2025-05-31T22:11:13.614-0600] {task_command.py:467} INFO - Running <TaskInstance: libertyPr_health_score_1.map_nodes scheduled__2025-05-25T10:00:00+00:00 [running]> on host 439130e6349d
[2025-05-31T22:11:13.777-0600] {taskinstance.py:3134} INFO - Exporting env vars: AIRFLOW_CTX_DAG_OWNER='***' AIRFLOW_CTX_DAG_ID='libertyPr_health_score_1' AIRFLOW_CTX_TASK_ID='map_nodes' AIRFLOW_CTX_EXECUTION_DATE='2025-05-25T10:00:00+00:00' AIRFLOW_CTX_TRY_NUMBER='1' AIRFLOW_CTX_DAG_RUN_ID='scheduled__2025-05-25T10:00:00+00:00'
[2025-05-31T22:11:13.779-0600] {taskinstance.py:732} INFO - ::endgroup::
[2025-05-31T22:11:13.784-0600] {logging_mixin.py:190} INFO - 📍 Loading classified modems and node map...
[2025-05-31T22:11:16.298-0600] {logging_mixin.py:190} INFO - 📦 Modems before mapping: 477004
[2025-05-31T22:11:16.777-0600] {logging_mixin.py:190} INFO - ⚠️ Modems without node mapping: 17
[2025-05-31T22:11:21.622-0600] {logging_mixin.py:190} INFO - ✅ Saved mapped modem data with node assignment to cm_mapped.csv (478351 rows)
[2025-05-31T22:11:21.700-0600] {python.py:240} INFO - Done. Returned value was: None
[2025-05-31T22:11:21.717-0600] {taskinstance.py:341} INFO - ::group::Post task execution logs
[2025-05-31T22:11:21.718-0600] {taskinstance.py:353} INFO - Marking task as SUCCESS. dag_id=libertyPr_health_score_1, task_id=map_nodes, run_id=scheduled__2025-05-25T10:00:00+00:00, execution_date=20250525T100000, start_date=20250601T041113, end_date=20250601T041121
[2025-05-31T22:11:21.824-0600] {local_task_job_runner.py:266} INFO - Task exited with return code 0
[2025-05-31T22:11:21.867-0600] {taskinstance.py:3901} INFO - 1 downstream tasks scheduled from follow-on schedule check
[2025-05-31T22:11:21.874-0600] {local_task_job_runner.py:245} INFO - ::endgroup::
