[2025-05-23T13:37:07.388-0600] {local_task_job_runner.py:123} INFO - ::group::Pre task execution logs
[2025-05-23T13:37:07.428-0600] {taskinstance.py:2614} INFO - Dependencies all met for dep_context=non-requeueable deps ti=<TaskInstance: libertyPr_health_score.verify_node_consistency manual__2025-05-23T16:50:26.676685+00:00 [queued]>
[2025-05-23T13:37:07.441-0600] {taskinstance.py:2614} INFO - Dependencies all met for dep_context=requeueable deps ti=<TaskInstance: libertyPr_health_score.verify_node_consistency manual__2025-05-23T16:50:26.676685+00:00 [queued]>
[2025-05-23T13:37:07.441-0600] {taskinstance.py:2867} INFO - Starting attempt 2 of 3
[2025-05-23T13:37:07.458-0600] {taskinstance.py:2890} INFO - Executing <Task(PythonOperator): verify_node_consistency> on 2025-05-23 16:50:26.676685+00:00
[2025-05-23T13:37:07.473-0600] {standard_task_runner.py:104} INFO - Running: ['***', 'tasks', 'run', 'libertyPr_health_score', 'verify_node_consistency', 'manual__2025-05-23T16:50:26.676685+00:00', '--job-id', '39', '--raw', '--subdir', 'DAGS_FOLDER/health_score_lpr.py', '--cfg-path', '/tmp/tmpaz5jumje']
[2025-05-23T13:37:07.478-0600] {standard_task_runner.py:105} INFO - Job 39: Subtask verify_node_consistency
[2025-05-23T13:37:07.475-0600] {warnings.py:112} WARNING - /home/***/.local/lib/python3.12/site-packages/***/task/task_runner/standard_task_runner.py:70: DeprecationWarning: This process (pid=2390) is multi-threaded, use of fork() may lead to deadlocks in the child.
  pid = os.fork()

[2025-05-23T13:37:07.478-0600] {standard_task_runner.py:72} INFO - Started process 2392 to run task
[2025-05-23T13:37:07.563-0600] {task_command.py:467} INFO - Running <TaskInstance: libertyPr_health_score.verify_node_consistency manual__2025-05-23T16:50:26.676685+00:00 [running]> on host 439130e6349d
[2025-05-23T13:37:07.708-0600] {taskinstance.py:3134} INFO - Exporting env vars: AIRFLOW_CTX_DAG_OWNER='***' AIRFLOW_CTX_DAG_ID='libertyPr_health_score' AIRFLOW_CTX_TASK_ID='verify_node_consistency' AIRFLOW_CTX_EXECUTION_DATE='2025-05-23T16:50:26.676685+00:00' AIRFLOW_CTX_TRY_NUMBER='2' AIRFLOW_CTX_DAG_RUN_ID='manual__2025-05-23T16:50:26.676685+00:00'
[2025-05-23T13:37:07.710-0600] {taskinstance.py:732} INFO - ::endgroup::
[2025-05-23T13:37:08.815-0600] {logging_mixin.py:190} INFO - data set cleaned
[2025-05-23T13:37:09.178-0600] {logging_mixin.py:190} INFO - ❌ Found inconsistent FIBER_NODEs.
[2025-05-23T13:37:09.188-0600] {logging_mixin.py:190} INFO -      FIBER_NODE  Unique_CMTS_IDs  Unique_Channel_Sets
1442     HG3506                2                    2
1446     HG3510                2                    2
2454    LL7002A                2                    2
2455    LL7002B                2                    2
[2025-05-23T13:37:09.204-0600] {python.py:240} INFO - Done. Returned value was: None
[2025-05-23T13:37:09.224-0600] {taskinstance.py:341} INFO - ::group::Post task execution logs
[2025-05-23T13:37:09.224-0600] {taskinstance.py:353} INFO - Marking task as SUCCESS. dag_id=libertyPr_health_score, task_id=verify_node_consistency, run_id=manual__2025-05-23T16:50:26.676685+00:00, execution_date=20250523T165026, start_date=20250523T193707, end_date=20250523T193709
[2025-05-23T13:37:09.306-0600] {local_task_job_runner.py:266} INFO - Task exited with return code 0
[2025-05-23T13:37:09.353-0600] {taskinstance.py:3901} INFO - 1 downstream tasks scheduled from follow-on schedule check
[2025-05-23T13:37:09.355-0600] {local_task_job_runner.py:245} INFO - ::endgroup::
