[2025-05-31T20:12:17.057-0600] {local_task_job_runner.py:123} INFO - ::group::Pre task execution logs
[2025-05-31T20:12:17.089-0600] {taskinstance.py:2614} INFO - Dependencies all met for dep_context=non-requeueable deps ti=<TaskInstance: libertyPr_health_score_1.load_data scheduled__2025-05-18T10:00:00+00:00 [queued]>
[2025-05-31T20:12:17.102-0600] {taskinstance.py:2614} INFO - Dependencies all met for dep_context=requeueable deps ti=<TaskInstance: libertyPr_health_score_1.load_data scheduled__2025-05-18T10:00:00+00:00 [queued]>
[2025-05-31T20:12:17.102-0600] {taskinstance.py:2867} INFO - Starting attempt 1 of 2
[2025-05-31T20:12:17.123-0600] {taskinstance.py:2890} INFO - Executing <Task(PythonOperator): load_data> on 2025-05-18 10:00:00+00:00
[2025-05-31T20:12:17.137-0600] {warnings.py:112} WARNING - /home/***/.local/lib/python3.12/site-packages/***/task/task_runner/standard_task_runner.py:70: DeprecationWarning: This process (pid=9348) is multi-threaded, use of fork() may lead to deadlocks in the child.
  pid = os.fork()

[2025-05-31T20:12:17.140-0600] {standard_task_runner.py:72} INFO - Started process 9350 to run task
[2025-05-31T20:12:17.140-0600] {standard_task_runner.py:104} INFO - Running: ['***', 'tasks', 'run', 'libertyPr_health_score_1', 'load_data', 'scheduled__2025-05-18T10:00:00+00:00', '--job-id', '291', '--raw', '--subdir', 'DAGS_FOLDER/health_score_lpr.py', '--cfg-path', '/tmp/tmpniow3n70']
[2025-05-31T20:12:17.144-0600] {standard_task_runner.py:105} INFO - Job 291: Subtask load_data
[2025-05-31T20:12:17.255-0600] {task_command.py:467} INFO - Running <TaskInstance: libertyPr_health_score_1.load_data scheduled__2025-05-18T10:00:00+00:00 [running]> on host 439130e6349d
[2025-05-31T20:12:17.445-0600] {taskinstance.py:3134} INFO - Exporting env vars: AIRFLOW_CTX_DAG_OWNER='***' AIRFLOW_CTX_DAG_ID='libertyPr_health_score_1' AIRFLOW_CTX_TASK_ID='load_data' AIRFLOW_CTX_EXECUTION_DATE='2025-05-18T10:00:00+00:00' AIRFLOW_CTX_TRY_NUMBER='1' AIRFLOW_CTX_DAG_RUN_ID='scheduled__2025-05-18T10:00:00+00:00'
[2025-05-31T20:12:17.447-0600] {taskinstance.py:732} INFO - ::endgroup::
[2025-05-31T20:12:17.471-0600] {logging_mixin.py:190} INFO - target date
[2025-05-31T20:12:17.472-0600] {logging_mixin.py:190} INFO - 2025-05-18
[2025-05-31T20:14:32.953-0600] {python.py:240} INFO - Done. Returned value was: None
[2025-05-31T20:14:32.970-0600] {taskinstance.py:341} INFO - ::group::Post task execution logs
[2025-05-31T20:14:32.971-0600] {taskinstance.py:353} INFO - Marking task as SUCCESS. dag_id=libertyPr_health_score_1, task_id=load_data, run_id=scheduled__2025-05-18T10:00:00+00:00, execution_date=20250518T100000, start_date=20250601T021217, end_date=20250601T021432
[2025-05-31T20:14:33.088-0600] {local_task_job_runner.py:266} INFO - Task exited with return code 0
[2025-05-31T20:14:33.147-0600] {taskinstance.py:3901} INFO - 1 downstream tasks scheduled from follow-on schedule check
[2025-05-31T20:14:33.150-0600] {local_task_job_runner.py:245} INFO - ::endgroup::
