[2025-05-31T11:22:36.527-0600] {local_task_job_runner.py:123} INFO - ::group::Pre task execution logs
[2025-05-31T11:22:36.565-0600] {taskinstance.py:2614} INFO - Dependencies all met for dep_context=non-requeueable deps ti=<TaskInstance: libertyPr_health_score_1.map_nodes scheduled__2025-05-29T10:00:00+00:00 [queued]>
[2025-05-31T11:22:36.580-0600] {taskinstance.py:2614} INFO - Dependencies all met for dep_context=requeueable deps ti=<TaskInstance: libertyPr_health_score_1.map_nodes scheduled__2025-05-29T10:00:00+00:00 [queued]>
[2025-05-31T11:22:36.581-0600] {taskinstance.py:2867} INFO - Starting attempt 1 of 2
[2025-05-31T11:22:36.601-0600] {taskinstance.py:2890} INFO - Executing <Task(PythonOperator): map_nodes> on 2025-05-29 10:00:00+00:00
[2025-05-31T11:22:36.612-0600] {warnings.py:112} WARNING - /home/***/.local/lib/python3.12/site-packages/***/task/task_runner/standard_task_runner.py:70: DeprecationWarning: This process (pid=2672) is multi-threaded, use of fork() may lead to deadlocks in the child.
  pid = os.fork()

[2025-05-31T11:22:36.615-0600] {standard_task_runner.py:72} INFO - Started process 2674 to run task
[2025-05-31T11:22:36.616-0600] {standard_task_runner.py:104} INFO - Running: ['***', 'tasks', 'run', 'libertyPr_health_score_1', 'map_nodes', 'scheduled__2025-05-29T10:00:00+00:00', '--job-id', '205', '--raw', '--subdir', 'DAGS_FOLDER/health_score_lpr.py', '--cfg-path', '/tmp/tmp35hfldmi']
[2025-05-31T11:22:36.621-0600] {standard_task_runner.py:105} INFO - Job 205: Subtask map_nodes
[2025-05-31T11:22:36.703-0600] {task_command.py:467} INFO - Running <TaskInstance: libertyPr_health_score_1.map_nodes scheduled__2025-05-29T10:00:00+00:00 [running]> on host 439130e6349d
[2025-05-31T11:22:36.860-0600] {taskinstance.py:3134} INFO - Exporting env vars: AIRFLOW_CTX_DAG_OWNER='***' AIRFLOW_CTX_DAG_ID='libertyPr_health_score_1' AIRFLOW_CTX_TASK_ID='map_nodes' AIRFLOW_CTX_EXECUTION_DATE='2025-05-29T10:00:00+00:00' AIRFLOW_CTX_TRY_NUMBER='1' AIRFLOW_CTX_DAG_RUN_ID='scheduled__2025-05-29T10:00:00+00:00'
[2025-05-31T11:22:36.862-0600] {taskinstance.py:732} INFO - ::endgroup::
[2025-05-31T11:22:36.888-0600] {logging_mixin.py:190} INFO - 📍 Loading classified modems and node map...
[2025-05-31T11:22:39.346-0600] {logging_mixin.py:190} INFO - 📦 Modems before mapping: 476651
[2025-05-31T11:22:39.768-0600] {logging_mixin.py:190} INFO - ⚠️ Modems without node mapping: 37
[2025-05-31T11:22:45.331-0600] {logging_mixin.py:190} INFO - ✅ Saved mapped modem data with node assignment to cm_mapped.csv (477997 rows)
[2025-05-31T11:22:45.391-0600] {python.py:240} INFO - Done. Returned value was: None
[2025-05-31T11:22:45.411-0600] {taskinstance.py:341} INFO - ::group::Post task execution logs
[2025-05-31T11:22:45.412-0600] {taskinstance.py:353} INFO - Marking task as SUCCESS. dag_id=libertyPr_health_score_1, task_id=map_nodes, run_id=scheduled__2025-05-29T10:00:00+00:00, execution_date=20250529T100000, start_date=20250531T172236, end_date=20250531T172245
[2025-05-31T11:22:45.532-0600] {local_task_job_runner.py:266} INFO - Task exited with return code 0
[2025-05-31T11:22:45.566-0600] {taskinstance.py:3901} INFO - 0 downstream tasks scheduled from follow-on schedule check
[2025-05-31T11:22:45.569-0600] {local_task_job_runner.py:245} INFO - ::endgroup::
[2025-05-31T15:15:47.708-0600] {local_task_job_runner.py:123} INFO - ::group::Pre task execution logs
[2025-05-31T15:15:47.743-0600] {taskinstance.py:2614} INFO - Dependencies all met for dep_context=non-requeueable deps ti=<TaskInstance: libertyPr_health_score_1.map_nodes scheduled__2025-05-29T10:00:00+00:00 [queued]>
[2025-05-31T15:15:47.755-0600] {taskinstance.py:2614} INFO - Dependencies all met for dep_context=requeueable deps ti=<TaskInstance: libertyPr_health_score_1.map_nodes scheduled__2025-05-29T10:00:00+00:00 [queued]>
[2025-05-31T15:15:47.756-0600] {taskinstance.py:2867} INFO - Starting attempt 1 of 2
[2025-05-31T15:15:47.777-0600] {taskinstance.py:2890} INFO - Executing <Task(PythonOperator): map_nodes> on 2025-05-29 10:00:00+00:00
[2025-05-31T15:15:47.789-0600] {warnings.py:112} WARNING - /home/***/.local/lib/python3.12/site-packages/***/task/task_runner/standard_task_runner.py:70: DeprecationWarning: This process (pid=5608) is multi-threaded, use of fork() may lead to deadlocks in the child.
  pid = os.fork()

[2025-05-31T15:15:47.793-0600] {standard_task_runner.py:72} INFO - Started process 5610 to run task
[2025-05-31T15:15:47.795-0600] {standard_task_runner.py:104} INFO - Running: ['***', 'tasks', 'run', 'libertyPr_health_score_1', 'map_nodes', 'scheduled__2025-05-29T10:00:00+00:00', '--job-id', '236', '--raw', '--subdir', 'DAGS_FOLDER/health_score_lpr.py', '--cfg-path', '/tmp/tmp6bf5wmv_']
[2025-05-31T15:15:47.799-0600] {standard_task_runner.py:105} INFO - Job 236: Subtask map_nodes
[2025-05-31T15:15:47.883-0600] {task_command.py:467} INFO - Running <TaskInstance: libertyPr_health_score_1.map_nodes scheduled__2025-05-29T10:00:00+00:00 [running]> on host 439130e6349d
[2025-05-31T15:15:48.025-0600] {taskinstance.py:3134} INFO - Exporting env vars: AIRFLOW_CTX_DAG_OWNER='***' AIRFLOW_CTX_DAG_ID='libertyPr_health_score_1' AIRFLOW_CTX_TASK_ID='map_nodes' AIRFLOW_CTX_EXECUTION_DATE='2025-05-29T10:00:00+00:00' AIRFLOW_CTX_TRY_NUMBER='1' AIRFLOW_CTX_DAG_RUN_ID='scheduled__2025-05-29T10:00:00+00:00'
[2025-05-31T15:15:48.027-0600] {taskinstance.py:732} INFO - ::endgroup::
[2025-05-31T15:15:48.052-0600] {logging_mixin.py:190} INFO - 📍 Loading classified modems and node map...
[2025-05-31T15:15:50.240-0600] {logging_mixin.py:190} INFO - 📦 Modems before mapping: 476488
[2025-05-31T15:15:50.678-0600] {logging_mixin.py:190} INFO - ⚠️ Modems without node mapping: 22
[2025-05-31T15:15:55.434-0600] {logging_mixin.py:190} INFO - ✅ Saved mapped modem data with node assignment to cm_mapped.csv (477832 rows)
[2025-05-31T15:15:55.505-0600] {python.py:240} INFO - Done. Returned value was: None
[2025-05-31T15:15:55.524-0600] {taskinstance.py:341} INFO - ::group::Post task execution logs
[2025-05-31T15:15:55.525-0600] {taskinstance.py:353} INFO - Marking task as SUCCESS. dag_id=libertyPr_health_score_1, task_id=map_nodes, run_id=scheduled__2025-05-29T10:00:00+00:00, execution_date=20250529T100000, start_date=20250531T211547, end_date=20250531T211555
[2025-05-31T15:15:55.610-0600] {local_task_job_runner.py:266} INFO - Task exited with return code 0
[2025-05-31T15:15:55.656-0600] {taskinstance.py:3901} INFO - 1 downstream tasks scheduled from follow-on schedule check
[2025-05-31T15:15:55.657-0600] {local_task_job_runner.py:245} INFO - ::endgroup::
[2025-05-31T16:40:21.340-0600] {local_task_job_runner.py:123} INFO - ::group::Pre task execution logs
[2025-05-31T16:40:21.399-0600] {taskinstance.py:2614} INFO - Dependencies all met for dep_context=non-requeueable deps ti=<TaskInstance: libertyPr_health_score_1.map_nodes scheduled__2025-05-29T10:00:00+00:00 [queued]>
[2025-05-31T16:40:21.417-0600] {taskinstance.py:2614} INFO - Dependencies all met for dep_context=requeueable deps ti=<TaskInstance: libertyPr_health_score_1.map_nodes scheduled__2025-05-29T10:00:00+00:00 [queued]>
[2025-05-31T16:40:21.417-0600] {taskinstance.py:2867} INFO - Starting attempt 1 of 2
[2025-05-31T16:40:21.442-0600] {taskinstance.py:2890} INFO - Executing <Task(PythonOperator): map_nodes> on 2025-05-29 10:00:00+00:00
[2025-05-31T16:40:21.456-0600] {warnings.py:112} WARNING - /home/***/.local/lib/python3.12/site-packages/***/task/task_runner/standard_task_runner.py:70: DeprecationWarning: This process (pid=6696) is multi-threaded, use of fork() may lead to deadlocks in the child.
  pid = os.fork()

[2025-05-31T16:40:21.459-0600] {standard_task_runner.py:72} INFO - Started process 6698 to run task
[2025-05-31T16:40:21.459-0600] {standard_task_runner.py:104} INFO - Running: ['***', 'tasks', 'run', 'libertyPr_health_score_1', 'map_nodes', 'scheduled__2025-05-29T10:00:00+00:00', '--job-id', '252', '--raw', '--subdir', 'DAGS_FOLDER/health_score_lpr.py', '--cfg-path', '/tmp/tmpe64ph04r']
[2025-05-31T16:40:21.467-0600] {standard_task_runner.py:105} INFO - Job 252: Subtask map_nodes
[2025-05-31T16:40:21.585-0600] {task_command.py:467} INFO - Running <TaskInstance: libertyPr_health_score_1.map_nodes scheduled__2025-05-29T10:00:00+00:00 [running]> on host 439130e6349d
[2025-05-31T16:40:21.802-0600] {taskinstance.py:3134} INFO - Exporting env vars: AIRFLOW_CTX_DAG_OWNER='***' AIRFLOW_CTX_DAG_ID='libertyPr_health_score_1' AIRFLOW_CTX_TASK_ID='map_nodes' AIRFLOW_CTX_EXECUTION_DATE='2025-05-29T10:00:00+00:00' AIRFLOW_CTX_TRY_NUMBER='1' AIRFLOW_CTX_DAG_RUN_ID='scheduled__2025-05-29T10:00:00+00:00'
[2025-05-31T16:40:21.804-0600] {taskinstance.py:732} INFO - ::endgroup::
[2025-05-31T16:40:21.811-0600] {logging_mixin.py:190} INFO - 📍 Loading classified modems and node map...
[2025-05-31T16:40:24.835-0600] {logging_mixin.py:190} INFO - 📦 Modems before mapping: 476488
[2025-05-31T16:40:25.357-0600] {logging_mixin.py:190} INFO - ⚠️ Modems without node mapping: 22
[2025-05-31T16:40:30.444-0600] {logging_mixin.py:190} INFO - ✅ Saved mapped modem data with node assignment to cm_mapped.csv (477832 rows)
[2025-05-31T16:40:30.527-0600] {python.py:240} INFO - Done. Returned value was: None
[2025-05-31T16:40:30.557-0600] {taskinstance.py:341} INFO - ::group::Post task execution logs
[2025-05-31T16:40:30.558-0600] {taskinstance.py:353} INFO - Marking task as SUCCESS. dag_id=libertyPr_health_score_1, task_id=map_nodes, run_id=scheduled__2025-05-29T10:00:00+00:00, execution_date=20250529T100000, start_date=20250531T224021, end_date=20250531T224030
[2025-05-31T16:40:30.657-0600] {local_task_job_runner.py:266} INFO - Task exited with return code 0
[2025-05-31T16:40:30.711-0600] {taskinstance.py:3901} INFO - 1 downstream tasks scheduled from follow-on schedule check
[2025-05-31T16:40:30.720-0600] {local_task_job_runner.py:245} INFO - ::endgroup::
[2025-05-31T17:11:00.209-0600] {local_task_job_runner.py:123} INFO - ::group::Pre task execution logs
[2025-05-31T17:11:00.271-0600] {taskinstance.py:2614} INFO - Dependencies all met for dep_context=non-requeueable deps ti=<TaskInstance: libertyPr_health_score_1.map_nodes scheduled__2025-05-29T10:00:00+00:00 [queued]>
[2025-05-31T17:11:00.293-0600] {taskinstance.py:2614} INFO - Dependencies all met for dep_context=requeueable deps ti=<TaskInstance: libertyPr_health_score_1.map_nodes scheduled__2025-05-29T10:00:00+00:00 [queued]>
[2025-05-31T17:11:00.294-0600] {taskinstance.py:2867} INFO - Starting attempt 1 of 2
[2025-05-31T17:11:00.321-0600] {taskinstance.py:2890} INFO - Executing <Task(PythonOperator): map_nodes> on 2025-05-29 10:00:00+00:00
[2025-05-31T17:11:00.333-0600] {warnings.py:112} WARNING - /home/***/.local/lib/python3.12/site-packages/***/task/task_runner/standard_task_runner.py:70: DeprecationWarning: This process (pid=7079) is multi-threaded, use of fork() may lead to deadlocks in the child.
  pid = os.fork()

[2025-05-31T17:11:00.336-0600] {standard_task_runner.py:72} INFO - Started process 7081 to run task
[2025-05-31T17:11:00.337-0600] {standard_task_runner.py:104} INFO - Running: ['***', 'tasks', 'run', 'libertyPr_health_score_1', 'map_nodes', 'scheduled__2025-05-29T10:00:00+00:00', '--job-id', '264', '--raw', '--subdir', 'DAGS_FOLDER/health_score_lpr.py', '--cfg-path', '/tmp/tmp7op4k9ee']
[2025-05-31T17:11:00.341-0600] {standard_task_runner.py:105} INFO - Job 264: Subtask map_nodes
[2025-05-31T17:11:00.444-0600] {task_command.py:467} INFO - Running <TaskInstance: libertyPr_health_score_1.map_nodes scheduled__2025-05-29T10:00:00+00:00 [running]> on host 439130e6349d
[2025-05-31T17:11:00.616-0600] {taskinstance.py:3134} INFO - Exporting env vars: AIRFLOW_CTX_DAG_OWNER='***' AIRFLOW_CTX_DAG_ID='libertyPr_health_score_1' AIRFLOW_CTX_TASK_ID='map_nodes' AIRFLOW_CTX_EXECUTION_DATE='2025-05-29T10:00:00+00:00' AIRFLOW_CTX_TRY_NUMBER='1' AIRFLOW_CTX_DAG_RUN_ID='scheduled__2025-05-29T10:00:00+00:00'
[2025-05-31T17:11:00.618-0600] {taskinstance.py:732} INFO - ::endgroup::
[2025-05-31T17:11:00.623-0600] {logging_mixin.py:190} INFO - 📍 Loading classified modems and node map...
[2025-05-31T17:11:03.021-0600] {logging_mixin.py:190} INFO - 📦 Modems before mapping: 476488
[2025-05-31T17:11:03.494-0600] {logging_mixin.py:190} INFO - ⚠️ Modems without node mapping: 22
[2025-05-31T17:11:08.226-0600] {logging_mixin.py:190} INFO - ✅ Saved mapped modem data with node assignment to cm_mapped.csv (477832 rows)
[2025-05-31T17:11:08.292-0600] {python.py:240} INFO - Done. Returned value was: None
[2025-05-31T17:11:08.319-0600] {taskinstance.py:341} INFO - ::group::Post task execution logs
[2025-05-31T17:11:08.320-0600] {taskinstance.py:353} INFO - Marking task as SUCCESS. dag_id=libertyPr_health_score_1, task_id=map_nodes, run_id=scheduled__2025-05-29T10:00:00+00:00, execution_date=20250529T100000, start_date=20250531T231100, end_date=20250531T231108
[2025-05-31T17:11:08.414-0600] {local_task_job_runner.py:266} INFO - Task exited with return code 0
[2025-05-31T17:11:08.453-0600] {taskinstance.py:3901} INFO - 1 downstream tasks scheduled from follow-on schedule check
[2025-05-31T17:11:08.455-0600] {local_task_job_runner.py:245} INFO - ::endgroup::
[2025-05-31T18:34:43.873-0600] {local_task_job_runner.py:123} INFO - ::group::Pre task execution logs
[2025-05-31T18:34:43.927-0600] {taskinstance.py:2614} INFO - Dependencies all met for dep_context=non-requeueable deps ti=<TaskInstance: libertyPr_health_score_1.map_nodes scheduled__2025-05-29T10:00:00+00:00 [queued]>
[2025-05-31T18:34:43.942-0600] {taskinstance.py:2614} INFO - Dependencies all met for dep_context=requeueable deps ti=<TaskInstance: libertyPr_health_score_1.map_nodes scheduled__2025-05-29T10:00:00+00:00 [queued]>
[2025-05-31T18:34:43.943-0600] {taskinstance.py:2867} INFO - Starting attempt 1 of 2
[2025-05-31T18:34:43.969-0600] {taskinstance.py:2890} INFO - Executing <Task(PythonOperator): map_nodes> on 2025-05-29 10:00:00+00:00
[2025-05-31T18:34:43.983-0600] {warnings.py:112} WARNING - /home/***/.local/lib/python3.12/site-packages/***/task/task_runner/standard_task_runner.py:70: DeprecationWarning: This process (pid=8137) is multi-threaded, use of fork() may lead to deadlocks in the child.
  pid = os.fork()

[2025-05-31T18:34:43.986-0600] {standard_task_runner.py:72} INFO - Started process 8139 to run task
[2025-05-31T18:34:43.987-0600] {standard_task_runner.py:104} INFO - Running: ['***', 'tasks', 'run', 'libertyPr_health_score_1', 'map_nodes', 'scheduled__2025-05-29T10:00:00+00:00', '--job-id', '280', '--raw', '--subdir', 'DAGS_FOLDER/health_score_lpr.py', '--cfg-path', '/tmp/tmp4t24n8ef']
[2025-05-31T18:34:43.991-0600] {standard_task_runner.py:105} INFO - Job 280: Subtask map_nodes
[2025-05-31T18:34:44.087-0600] {task_command.py:467} INFO - Running <TaskInstance: libertyPr_health_score_1.map_nodes scheduled__2025-05-29T10:00:00+00:00 [running]> on host 439130e6349d
[2025-05-31T18:34:44.248-0600] {taskinstance.py:3134} INFO - Exporting env vars: AIRFLOW_CTX_DAG_OWNER='***' AIRFLOW_CTX_DAG_ID='libertyPr_health_score_1' AIRFLOW_CTX_TASK_ID='map_nodes' AIRFLOW_CTX_EXECUTION_DATE='2025-05-29T10:00:00+00:00' AIRFLOW_CTX_TRY_NUMBER='1' AIRFLOW_CTX_DAG_RUN_ID='scheduled__2025-05-29T10:00:00+00:00'
[2025-05-31T18:34:44.250-0600] {taskinstance.py:732} INFO - ::endgroup::
[2025-05-31T18:34:44.254-0600] {logging_mixin.py:190} INFO - 📍 Loading classified modems and node map...
[2025-05-31T18:34:46.626-0600] {logging_mixin.py:190} INFO - 📦 Modems before mapping: 476488
[2025-05-31T18:34:47.187-0600] {logging_mixin.py:190} INFO - ⚠️ Modems without node mapping: 22
[2025-05-31T18:34:52.240-0600] {logging_mixin.py:190} INFO - ✅ Saved mapped modem data with node assignment to cm_mapped.csv (477832 rows)
[2025-05-31T18:34:52.302-0600] {python.py:240} INFO - Done. Returned value was: None
[2025-05-31T18:34:52.321-0600] {taskinstance.py:341} INFO - ::group::Post task execution logs
[2025-05-31T18:34:52.322-0600] {taskinstance.py:353} INFO - Marking task as SUCCESS. dag_id=libertyPr_health_score_1, task_id=map_nodes, run_id=scheduled__2025-05-29T10:00:00+00:00, execution_date=20250529T100000, start_date=20250601T003443, end_date=20250601T003452
[2025-05-31T18:34:52.424-0600] {local_task_job_runner.py:266} INFO - Task exited with return code 0
[2025-05-31T18:34:52.471-0600] {taskinstance.py:3901} INFO - 1 downstream tasks scheduled from follow-on schedule check
[2025-05-31T18:34:52.473-0600] {local_task_job_runner.py:245} INFO - ::endgroup::
[2025-05-31T23:13:06.901-0600] {local_task_job_runner.py:123} INFO - ::group::Pre task execution logs
[2025-05-31T23:13:06.948-0600] {taskinstance.py:2614} INFO - Dependencies all met for dep_context=non-requeueable deps ti=<TaskInstance: libertyPr_health_score_1.map_nodes scheduled__2025-05-29T10:00:00+00:00 [queued]>
[2025-05-31T23:13:06.964-0600] {taskinstance.py:2614} INFO - Dependencies all met for dep_context=requeueable deps ti=<TaskInstance: libertyPr_health_score_1.map_nodes scheduled__2025-05-29T10:00:00+00:00 [queued]>
[2025-05-31T23:13:06.964-0600] {taskinstance.py:2867} INFO - Starting attempt 1 of 2
[2025-05-31T23:13:06.989-0600] {taskinstance.py:2890} INFO - Executing <Task(PythonOperator): map_nodes> on 2025-05-29 10:00:00+00:00
[2025-05-31T23:13:07.001-0600] {warnings.py:112} WARNING - /home/***/.local/lib/python3.12/site-packages/***/task/task_runner/standard_task_runner.py:70: DeprecationWarning: This process (pid=11845) is multi-threaded, use of fork() may lead to deadlocks in the child.
  pid = os.fork()

[2025-05-31T23:13:07.003-0600] {standard_task_runner.py:72} INFO - Started process 11847 to run task
[2025-05-31T23:13:07.005-0600] {standard_task_runner.py:104} INFO - Running: ['***', 'tasks', 'run', 'libertyPr_health_score_1', 'map_nodes', 'scheduled__2025-05-29T10:00:00+00:00', '--job-id', '384', '--raw', '--subdir', 'DAGS_FOLDER/health_score_lpr.py', '--cfg-path', '/tmp/tmp1e3x46so']
[2025-05-31T23:13:07.009-0600] {standard_task_runner.py:105} INFO - Job 384: Subtask map_nodes
[2025-05-31T23:13:07.101-0600] {task_command.py:467} INFO - Running <TaskInstance: libertyPr_health_score_1.map_nodes scheduled__2025-05-29T10:00:00+00:00 [running]> on host 439130e6349d
[2025-05-31T23:13:07.277-0600] {taskinstance.py:3134} INFO - Exporting env vars: AIRFLOW_CTX_DAG_OWNER='***' AIRFLOW_CTX_DAG_ID='libertyPr_health_score_1' AIRFLOW_CTX_TASK_ID='map_nodes' AIRFLOW_CTX_EXECUTION_DATE='2025-05-29T10:00:00+00:00' AIRFLOW_CTX_TRY_NUMBER='1' AIRFLOW_CTX_DAG_RUN_ID='scheduled__2025-05-29T10:00:00+00:00'
[2025-05-31T23:13:07.280-0600] {taskinstance.py:732} INFO - ::endgroup::
[2025-05-31T23:13:07.285-0600] {logging_mixin.py:190} INFO - 📍 Loading classified modems and node map...
[2025-05-31T23:13:09.525-0600] {logging_mixin.py:190} INFO - 📦 Modems before mapping: 476488
[2025-05-31T23:13:09.966-0600] {logging_mixin.py:190} INFO - ⚠️ Modems without node mapping: 22
[2025-05-31T23:13:14.293-0600] {logging_mixin.py:190} INFO - ✅ Saved mapped modem data with node assignment to cm_mapped.csv (477832 rows)
[2025-05-31T23:13:14.352-0600] {python.py:240} INFO - Done. Returned value was: None
[2025-05-31T23:13:14.374-0600] {taskinstance.py:341} INFO - ::group::Post task execution logs
[2025-05-31T23:13:14.374-0600] {taskinstance.py:353} INFO - Marking task as SUCCESS. dag_id=libertyPr_health_score_1, task_id=map_nodes, run_id=scheduled__2025-05-29T10:00:00+00:00, execution_date=20250529T100000, start_date=20250601T051306, end_date=20250601T051314
[2025-05-31T23:13:14.463-0600] {local_task_job_runner.py:266} INFO - Task exited with return code 0
[2025-05-31T23:13:14.506-0600] {taskinstance.py:3901} INFO - 1 downstream tasks scheduled from follow-on schedule check
[2025-05-31T23:13:14.509-0600] {local_task_job_runner.py:245} INFO - ::endgroup::
