[2025-05-30T04:02:32.762-0600] {local_task_job_runner.py:123} INFO - ::group::Pre task execution logs
[2025-05-30T04:02:32.806-0600] {taskinstance.py:2614} INFO - Dependencies all met for dep_context=non-requeueable deps ti=<TaskInstance: libertyPr_health_score_1.classify_modems scheduled__2025-05-29T10:00:00+00:00 [queued]>
[2025-05-30T04:02:32.823-0600] {taskinstance.py:2614} INFO - Dependencies all met for dep_context=requeueable deps ti=<TaskInstance: libertyPr_health_score_1.classify_modems scheduled__2025-05-29T10:00:00+00:00 [queued]>
[2025-05-30T04:02:32.824-0600] {taskinstance.py:2867} INFO - Starting attempt 1 of 2
[2025-05-30T04:02:32.849-0600] {taskinstance.py:2890} INFO - Executing <Task(PythonOperator): classify_modems> on 2025-05-29 10:00:00+00:00
[2025-05-30T04:02:32.862-0600] {warnings.py:112} WARNING - /home/***/.local/lib/python3.12/site-packages/***/task/task_runner/standard_task_runner.py:70: DeprecationWarning: This process (pid=117523) is multi-threaded, use of fork() may lead to deadlocks in the child.
  pid = os.fork()

[2025-05-30T04:02:32.865-0600] {standard_task_runner.py:72} INFO - Started process 117525 to run task
[2025-05-30T04:02:32.865-0600] {standard_task_runner.py:104} INFO - Running: ['***', 'tasks', 'run', 'libertyPr_health_score_1', 'classify_modems', 'scheduled__2025-05-29T10:00:00+00:00', '--job-id', '126', '--raw', '--subdir', 'DAGS_FOLDER/health_score_lpr.py', '--cfg-path', '/tmp/tmprk_nhsbw']
[2025-05-30T04:02:32.873-0600] {standard_task_runner.py:105} INFO - Job 126: Subtask classify_modems
[2025-05-30T04:02:32.979-0600] {task_command.py:467} INFO - Running <TaskInstance: libertyPr_health_score_1.classify_modems scheduled__2025-05-29T10:00:00+00:00 [running]> on host 439130e6349d
[2025-05-30T04:02:33.147-0600] {taskinstance.py:3134} INFO - Exporting env vars: AIRFLOW_CTX_DAG_OWNER='***' AIRFLOW_CTX_DAG_ID='libertyPr_health_score_1' AIRFLOW_CTX_TASK_ID='classify_modems' AIRFLOW_CTX_EXECUTION_DATE='2025-05-29T10:00:00+00:00' AIRFLOW_CTX_TRY_NUMBER='1' AIRFLOW_CTX_DAG_RUN_ID='scheduled__2025-05-29T10:00:00+00:00'
[2025-05-30T04:02:33.148-0600] {taskinstance.py:732} INFO - ::endgroup::
[2025-05-30T04:02:33.175-0600] {logging_mixin.py:190} INFO - 📥 Loading modem and status data...
[2025-05-30T04:02:38.056-0600] {logging_mixin.py:190} INFO - ✅ Loaded modem data: 1771895 rows from /tmp/modem_data.csv
[2025-05-30T04:02:38.057-0600] {logging_mixin.py:190} INFO - ✅ Loaded status data: 477325 rows from /tmp/modem_status.csv
[2025-05-30T04:02:38.612-0600] {logging_mixin.py:190} INFO - 📊 Unique CM_MACs in modem_df: 476576
[2025-05-30T04:02:38.746-0600] {logging_mixin.py:190} INFO - 📊 Unique CM_MACs in status_df: 476770
[2025-05-30T04:02:38.747-0600] {logging_mixin.py:190} INFO - 🧮 Classifying each channel...
[2025-05-30T04:03:20.369-0600] {logging_mixin.py:190} INFO - ✅ Channel classification complete.
[2025-05-30T04:03:20.447-0600] {logging_mixin.py:190} INFO -          CM_MAC       PTIME Channel_Status
0  C005C27FCC4B  2025-05-28           Good
1  E457404137DC  2025-05-28           Good
2  E457404137DC  2025-05-28           Good
3  E457404137DC  2025-05-28           Good
4  C005C27FCC4B  2025-05-28           Good
[2025-05-30T04:03:20.471-0600] {logging_mixin.py:190} INFO - 📊 Grouping and summarizing modem data...
[2025-05-30T04:12:57.128-0600] {logging_mixin.py:190} INFO - ✅ Grouped modem data shape: (476576, 4)
[2025-05-30T04:12:57.211-0600] {logging_mixin.py:190} INFO - ✅ Summarized modem data (head):
[2025-05-30T04:12:57.230-0600] {logging_mixin.py:190} INFO -          CM_MAC       PTIME  ...              CHANNEL_NAME TX_MAX
0  00015C6CD846  2025-05-28  ...  cable-upstream 3/10/12.0    NaN
1  00071100F727  2025-05-28  ...    cable-upstream 2/6/7.0    NaN
2  00071117BB9F  2025-05-28  ...   cable-upstream 2/1/13.0    NaN
3  00071117BBAE  2025-05-28  ...    cable-upstream 2/9/2.0    NaN
4  00071117BC0D  2025-05-28  ...  cable-upstream 1/11/13.0    NaN

[5 rows x 6 columns]
[2025-05-30T04:12:57.230-0600] {logging_mixin.py:190} INFO - 🔗 Merging modem-level data with status (LEFT join)...
[2025-05-30T04:12:58.421-0600] {logging_mixin.py:190} INFO - ✅ Merged dataset shape: (476651, 19)
[2025-05-30T04:12:58.423-0600] {logging_mixin.py:190} INFO - 📊 Rows with no ONLINE_COUNT after merge: 19
[2025-05-30T04:12:58.423-0600] {logging_mixin.py:190} INFO - 🛠 Applying final classification rules...
[2025-05-30T04:12:58.470-0600] {logging_mixin.py:190} INFO - 📊 Classification summary after status logic:
[2025-05-30T04:12:58.478-0600] {logging_mixin.py:190} INFO - Category
Good        253192
Warning     132456
Critical     85069
Offline       5934
Name: count, dtype: int64
[2025-05-30T04:13:04.047-0600] {logging_mixin.py:190} INFO - 💾 Saved classified modems to /tmp/classified_modems.csv
[2025-05-30T04:13:04.048-0600] {logging_mixin.py:190} INFO - 🔍 Final modem count: 476651 rows
[2025-05-30T04:13:04.337-0600] {python.py:240} INFO - Done. Returned value was: None
[2025-05-30T04:13:04.355-0600] {taskinstance.py:341} INFO - ::group::Post task execution logs
[2025-05-30T04:13:04.355-0600] {taskinstance.py:353} INFO - Marking task as SUCCESS. dag_id=libertyPr_health_score_1, task_id=classify_modems, run_id=scheduled__2025-05-29T10:00:00+00:00, execution_date=20250529T100000, start_date=20250530T100232, end_date=20250530T101304
[2025-05-30T04:13:04.500-0600] {local_task_job_runner.py:266} INFO - Task exited with return code 0
[2025-05-30T04:13:04.547-0600] {taskinstance.py:3901} INFO - 1 downstream tasks scheduled from follow-on schedule check
[2025-05-30T04:13:04.549-0600] {local_task_job_runner.py:245} INFO - ::endgroup::
