[2025-05-31T11:07:45.279-0600] {local_task_job_runner.py:123} INFO - ::group::Pre task execution logs
[2025-05-31T11:07:45.317-0600] {taskinstance.py:2614} INFO - Dependencies all met for dep_context=non-requeueable deps ti=<TaskInstance: libertyPr_health_score_1.rank_nodes scheduled__2025-05-28T10:00:00+00:00 [queued]>
[2025-05-31T11:07:45.331-0600] {taskinstance.py:2614} INFO - Dependencies all met for dep_context=requeueable deps ti=<TaskInstance: libertyPr_health_score_1.rank_nodes scheduled__2025-05-28T10:00:00+00:00 [queued]>
[2025-05-31T11:07:45.332-0600] {taskinstance.py:2867} INFO - Starting attempt 1 of 2
[2025-05-31T11:07:45.350-0600] {taskinstance.py:2890} INFO - Executing <Task(PythonOperator): rank_nodes> on 2025-05-28 10:00:00+00:00
[2025-05-31T11:07:45.362-0600] {warnings.py:112} WARNING - /home/***/.local/lib/python3.12/site-packages/***/task/task_runner/standard_task_runner.py:70: DeprecationWarning: This process (pid=2474) is multi-threaded, use of fork() may lead to deadlocks in the child.
  pid = os.fork()

[2025-05-31T11:07:45.364-0600] {standard_task_runner.py:72} INFO - Started process 2476 to run task
[2025-05-31T11:07:45.366-0600] {standard_task_runner.py:104} INFO - Running: ['***', 'tasks', 'run', 'libertyPr_health_score_1', 'rank_nodes', 'scheduled__2025-05-28T10:00:00+00:00', '--job-id', '199', '--raw', '--subdir', 'DAGS_FOLDER/health_score_lpr.py', '--cfg-path', '/tmp/tmp6329hszh']
[2025-05-31T11:07:45.371-0600] {standard_task_runner.py:105} INFO - Job 199: Subtask rank_nodes
[2025-05-31T11:07:45.453-0600] {task_command.py:467} INFO - Running <TaskInstance: libertyPr_health_score_1.rank_nodes scheduled__2025-05-28T10:00:00+00:00 [running]> on host 439130e6349d
[2025-05-31T11:07:45.593-0600] {taskinstance.py:3134} INFO - Exporting env vars: AIRFLOW_CTX_DAG_OWNER='***' AIRFLOW_CTX_DAG_ID='libertyPr_health_score_1' AIRFLOW_CTX_TASK_ID='rank_nodes' AIRFLOW_CTX_EXECUTION_DATE='2025-05-28T10:00:00+00:00' AIRFLOW_CTX_TRY_NUMBER='1' AIRFLOW_CTX_DAG_RUN_ID='scheduled__2025-05-28T10:00:00+00:00'
[2025-05-31T11:07:45.595-0600] {taskinstance.py:732} INFO - ::endgroup::
[2025-05-31T11:08:48.759-0600] {logging_mixin.py:190} INFO - 📊 Ranked 3608 nodes and saved results to node_ranking_results.csv.
[2025-05-31T11:08:48.801-0600] {python.py:240} INFO - Done. Returned value was: None
[2025-05-31T11:08:48.821-0600] {taskinstance.py:341} INFO - ::group::Post task execution logs
[2025-05-31T11:08:48.822-0600] {taskinstance.py:353} INFO - Marking task as SUCCESS. dag_id=libertyPr_health_score_1, task_id=rank_nodes, run_id=scheduled__2025-05-28T10:00:00+00:00, execution_date=20250528T100000, start_date=20250531T170745, end_date=20250531T170848
[2025-05-31T11:08:48.956-0600] {local_task_job_runner.py:266} INFO - Task exited with return code 0
[2025-05-31T11:08:48.994-0600] {taskinstance.py:3901} INFO - 1 downstream tasks scheduled from follow-on schedule check
[2025-05-31T11:08:48.996-0600] {local_task_job_runner.py:245} INFO - ::endgroup::
[2025-05-31T22:57:56.295-0600] {local_task_job_runner.py:123} INFO - ::group::Pre task execution logs
[2025-05-31T22:57:56.334-0600] {taskinstance.py:2614} INFO - Dependencies all met for dep_context=non-requeueable deps ti=<TaskInstance: libertyPr_health_score_1.rank_nodes scheduled__2025-05-28T10:00:00+00:00 [queued]>
[2025-05-31T22:57:56.350-0600] {taskinstance.py:2614} INFO - Dependencies all met for dep_context=requeueable deps ti=<TaskInstance: libertyPr_health_score_1.rank_nodes scheduled__2025-05-28T10:00:00+00:00 [queued]>
[2025-05-31T22:57:56.350-0600] {taskinstance.py:2867} INFO - Starting attempt 1 of 2
[2025-05-31T22:57:56.369-0600] {taskinstance.py:2890} INFO - Executing <Task(PythonOperator): rank_nodes> on 2025-05-28 10:00:00+00:00
[2025-05-31T22:57:56.381-0600] {warnings.py:112} WARNING - /home/***/.local/lib/python3.12/site-packages/***/task/task_runner/standard_task_runner.py:70: DeprecationWarning: This process (pid=11642) is multi-threaded, use of fork() may lead to deadlocks in the child.
  pid = os.fork()

[2025-05-31T22:57:56.384-0600] {standard_task_runner.py:72} INFO - Started process 11644 to run task
[2025-05-31T22:57:56.385-0600] {standard_task_runner.py:104} INFO - Running: ['***', 'tasks', 'run', 'libertyPr_health_score_1', 'rank_nodes', 'scheduled__2025-05-28T10:00:00+00:00', '--job-id', '377', '--raw', '--subdir', 'DAGS_FOLDER/health_score_lpr.py', '--cfg-path', '/tmp/tmpg6xfk3au']
[2025-05-31T22:57:56.389-0600] {standard_task_runner.py:105} INFO - Job 377: Subtask rank_nodes
[2025-05-31T22:57:56.498-0600] {task_command.py:467} INFO - Running <TaskInstance: libertyPr_health_score_1.rank_nodes scheduled__2025-05-28T10:00:00+00:00 [running]> on host 439130e6349d
[2025-05-31T22:57:56.665-0600] {taskinstance.py:3134} INFO - Exporting env vars: AIRFLOW_CTX_DAG_OWNER='***' AIRFLOW_CTX_DAG_ID='libertyPr_health_score_1' AIRFLOW_CTX_TASK_ID='rank_nodes' AIRFLOW_CTX_EXECUTION_DATE='2025-05-28T10:00:00+00:00' AIRFLOW_CTX_TRY_NUMBER='1' AIRFLOW_CTX_DAG_RUN_ID='scheduled__2025-05-28T10:00:00+00:00'
[2025-05-31T22:57:56.668-0600] {taskinstance.py:732} INFO - ::endgroup::
[2025-05-31T22:59:00.659-0600] {logging_mixin.py:190} INFO - 📊 Ranked 3607 nodes and saved results to node_ranking_results.csv.
[2025-05-31T22:59:00.720-0600] {python.py:240} INFO - Done. Returned value was: None
[2025-05-31T22:59:00.740-0600] {taskinstance.py:341} INFO - ::group::Post task execution logs
[2025-05-31T22:59:00.740-0600] {taskinstance.py:353} INFO - Marking task as SUCCESS. dag_id=libertyPr_health_score_1, task_id=rank_nodes, run_id=scheduled__2025-05-28T10:00:00+00:00, execution_date=20250528T100000, start_date=20250601T045756, end_date=20250601T045900
[2025-05-31T22:59:00.829-0600] {local_task_job_runner.py:266} INFO - Task exited with return code 0
[2025-05-31T22:59:00.883-0600] {taskinstance.py:3901} INFO - 1 downstream tasks scheduled from follow-on schedule check
[2025-05-31T22:59:00.885-0600] {local_task_job_runner.py:245} INFO - ::endgroup::
