[2025-05-31T11:08:58.668-0600] {local_task_job_runner.py:123} INFO - ::group::Pre task execution logs
[2025-05-31T11:08:58.695-0600] {taskinstance.py:2614} INFO - Dependencies all met for dep_context=non-requeueable deps ti=<TaskInstance: libertyPr_health_score_1.load_data scheduled__2025-05-29T10:00:00+00:00 [queued]>
[2025-05-31T11:08:58.707-0600] {taskinstance.py:2614} INFO - Dependencies all met for dep_context=requeueable deps ti=<TaskInstance: libertyPr_health_score_1.load_data scheduled__2025-05-29T10:00:00+00:00 [queued]>
[2025-05-31T11:08:58.708-0600] {taskinstance.py:2867} INFO - Starting attempt 1 of 2
[2025-05-31T11:08:58.724-0600] {taskinstance.py:2890} INFO - Executing <Task(PythonOperator): load_data> on 2025-05-29 10:00:00+00:00
[2025-05-31T11:08:58.735-0600] {warnings.py:112} WARNING - /home/***/.local/lib/python3.12/site-packages/***/task/task_runner/standard_task_runner.py:70: DeprecationWarning: This process (pid=2496) is multi-threaded, use of fork() may lead to deadlocks in the child.
  pid = os.fork()

[2025-05-31T11:08:58.738-0600] {standard_task_runner.py:72} INFO - Started process 2498 to run task
[2025-05-31T11:08:58.739-0600] {standard_task_runner.py:104} INFO - Running: ['***', 'tasks', 'run', 'libertyPr_health_score_1', 'load_data', 'scheduled__2025-05-29T10:00:00+00:00', '--job-id', '201', '--raw', '--subdir', 'DAGS_FOLDER/health_score_lpr.py', '--cfg-path', '/tmp/tmpn080mrzr']
[2025-05-31T11:08:58.749-0600] {standard_task_runner.py:105} INFO - Job 201: Subtask load_data
[2025-05-31T11:08:58.822-0600] {task_command.py:467} INFO - Running <TaskInstance: libertyPr_health_score_1.load_data scheduled__2025-05-29T10:00:00+00:00 [running]> on host 439130e6349d
[2025-05-31T11:08:58.961-0600] {taskinstance.py:3134} INFO - Exporting env vars: AIRFLOW_CTX_DAG_OWNER='***' AIRFLOW_CTX_DAG_ID='libertyPr_health_score_1' AIRFLOW_CTX_TASK_ID='load_data' AIRFLOW_CTX_EXECUTION_DATE='2025-05-29T10:00:00+00:00' AIRFLOW_CTX_TRY_NUMBER='1' AIRFLOW_CTX_DAG_RUN_ID='scheduled__2025-05-29T10:00:00+00:00'
[2025-05-31T11:08:58.962-0600] {taskinstance.py:732} INFO - ::endgroup::
[2025-05-31T11:11:08.803-0600] {python.py:240} INFO - Done. Returned value was: None
[2025-05-31T11:11:08.832-0600] {taskinstance.py:341} INFO - ::group::Post task execution logs
[2025-05-31T11:11:08.832-0600] {taskinstance.py:353} INFO - Marking task as SUCCESS. dag_id=libertyPr_health_score_1, task_id=load_data, run_id=scheduled__2025-05-29T10:00:00+00:00, execution_date=20250529T100000, start_date=20250531T170858, end_date=20250531T171108
[2025-05-31T11:11:08.999-0600] {local_task_job_runner.py:266} INFO - Task exited with return code 0
[2025-05-31T11:11:09.049-0600] {taskinstance.py:3901} INFO - 1 downstream tasks scheduled from follow-on schedule check
[2025-05-31T11:11:09.051-0600] {local_task_job_runner.py:245} INFO - ::endgroup::
[2025-05-31T15:02:10.152-0600] {local_task_job_runner.py:123} INFO - ::group::Pre task execution logs
[2025-05-31T15:02:10.182-0600] {taskinstance.py:2614} INFO - Dependencies all met for dep_context=non-requeueable deps ti=<TaskInstance: libertyPr_health_score_1.load_data scheduled__2025-05-29T10:00:00+00:00 [queued]>
[2025-05-31T15:02:10.194-0600] {taskinstance.py:2614} INFO - Dependencies all met for dep_context=requeueable deps ti=<TaskInstance: libertyPr_health_score_1.load_data scheduled__2025-05-29T10:00:00+00:00 [queued]>
[2025-05-31T15:02:10.195-0600] {taskinstance.py:2867} INFO - Starting attempt 1 of 2
[2025-05-31T15:02:10.226-0600] {taskinstance.py:2890} INFO - Executing <Task(PythonOperator): load_data> on 2025-05-29 10:00:00+00:00
[2025-05-31T15:02:10.239-0600] {warnings.py:112} WARNING - /home/***/.local/lib/python3.12/site-packages/***/task/task_runner/standard_task_runner.py:70: DeprecationWarning: This process (pid=5432) is multi-threaded, use of fork() may lead to deadlocks in the child.
  pid = os.fork()

[2025-05-31T15:02:10.242-0600] {standard_task_runner.py:72} INFO - Started process 5434 to run task
[2025-05-31T15:02:10.244-0600] {standard_task_runner.py:104} INFO - Running: ['***', 'tasks', 'run', 'libertyPr_health_score_1', 'load_data', 'scheduled__2025-05-29T10:00:00+00:00', '--job-id', '232', '--raw', '--subdir', 'DAGS_FOLDER/health_score_lpr.py', '--cfg-path', '/tmp/tmphil7fpwe']
[2025-05-31T15:02:10.255-0600] {standard_task_runner.py:105} INFO - Job 232: Subtask load_data
[2025-05-31T15:02:10.362-0600] {task_command.py:467} INFO - Running <TaskInstance: libertyPr_health_score_1.load_data scheduled__2025-05-29T10:00:00+00:00 [running]> on host 439130e6349d
[2025-05-31T15:02:10.515-0600] {taskinstance.py:3134} INFO - Exporting env vars: AIRFLOW_CTX_DAG_OWNER='***' AIRFLOW_CTX_DAG_ID='libertyPr_health_score_1' AIRFLOW_CTX_TASK_ID='load_data' AIRFLOW_CTX_EXECUTION_DATE='2025-05-29T10:00:00+00:00' AIRFLOW_CTX_TRY_NUMBER='1' AIRFLOW_CTX_DAG_RUN_ID='scheduled__2025-05-29T10:00:00+00:00'
[2025-05-31T15:02:10.518-0600] {taskinstance.py:732} INFO - ::endgroup::
[2025-05-31T15:02:10.570-0600] {logging_mixin.py:190} INFO - target date
[2025-05-31T15:02:10.570-0600] {logging_mixin.py:190} INFO - 2025-05-29
[2025-05-31T15:04:26.372-0600] {python.py:240} INFO - Done. Returned value was: None
[2025-05-31T15:04:26.391-0600] {taskinstance.py:341} INFO - ::group::Post task execution logs
[2025-05-31T15:04:26.391-0600] {taskinstance.py:353} INFO - Marking task as SUCCESS. dag_id=libertyPr_health_score_1, task_id=load_data, run_id=scheduled__2025-05-29T10:00:00+00:00, execution_date=20250529T100000, start_date=20250531T210210, end_date=20250531T210426
[2025-05-31T15:04:26.555-0600] {local_task_job_runner.py:266} INFO - Task exited with return code 0
[2025-05-31T15:04:26.618-0600] {taskinstance.py:3901} INFO - 1 downstream tasks scheduled from follow-on schedule check
[2025-05-31T15:04:26.621-0600] {local_task_job_runner.py:245} INFO - ::endgroup::
[2025-05-31T16:26:19.478-0600] {local_task_job_runner.py:123} INFO - ::group::Pre task execution logs
[2025-05-31T16:26:19.519-0600] {taskinstance.py:2614} INFO - Dependencies all met for dep_context=non-requeueable deps ti=<TaskInstance: libertyPr_health_score_1.load_data scheduled__2025-05-29T10:00:00+00:00 [queued]>
[2025-05-31T16:26:19.535-0600] {taskinstance.py:2614} INFO - Dependencies all met for dep_context=requeueable deps ti=<TaskInstance: libertyPr_health_score_1.load_data scheduled__2025-05-29T10:00:00+00:00 [queued]>
[2025-05-31T16:26:19.536-0600] {taskinstance.py:2867} INFO - Starting attempt 1 of 2
[2025-05-31T16:26:19.560-0600] {taskinstance.py:2890} INFO - Executing <Task(PythonOperator): load_data> on 2025-05-29 10:00:00+00:00
[2025-05-31T16:26:19.573-0600] {warnings.py:112} WARNING - /home/***/.local/lib/python3.12/site-packages/***/task/task_runner/standard_task_runner.py:70: DeprecationWarning: This process (pid=6517) is multi-threaded, use of fork() may lead to deadlocks in the child.
  pid = os.fork()

[2025-05-31T16:26:19.576-0600] {standard_task_runner.py:72} INFO - Started process 6519 to run task
[2025-05-31T16:26:19.580-0600] {standard_task_runner.py:104} INFO - Running: ['***', 'tasks', 'run', 'libertyPr_health_score_1', 'load_data', 'scheduled__2025-05-29T10:00:00+00:00', '--job-id', '247', '--raw', '--subdir', 'DAGS_FOLDER/health_score_lpr.py', '--cfg-path', '/tmp/tmp30rmqxr0']
[2025-05-31T16:26:19.590-0600] {standard_task_runner.py:105} INFO - Job 247: Subtask load_data
[2025-05-31T16:26:19.698-0600] {task_command.py:467} INFO - Running <TaskInstance: libertyPr_health_score_1.load_data scheduled__2025-05-29T10:00:00+00:00 [running]> on host 439130e6349d
[2025-05-31T16:26:19.864-0600] {taskinstance.py:3134} INFO - Exporting env vars: AIRFLOW_CTX_DAG_OWNER='***' AIRFLOW_CTX_DAG_ID='libertyPr_health_score_1' AIRFLOW_CTX_TASK_ID='load_data' AIRFLOW_CTX_EXECUTION_DATE='2025-05-29T10:00:00+00:00' AIRFLOW_CTX_TRY_NUMBER='1' AIRFLOW_CTX_DAG_RUN_ID='scheduled__2025-05-29T10:00:00+00:00'
[2025-05-31T16:26:19.866-0600] {taskinstance.py:732} INFO - ::endgroup::
[2025-05-31T16:26:19.895-0600] {logging_mixin.py:190} INFO - target date
[2025-05-31T16:26:19.895-0600] {logging_mixin.py:190} INFO - 2025-05-29
[2025-05-31T16:28:29.836-0600] {python.py:240} INFO - Done. Returned value was: None
[2025-05-31T16:28:29.854-0600] {taskinstance.py:341} INFO - ::group::Post task execution logs
[2025-05-31T16:28:29.855-0600] {taskinstance.py:353} INFO - Marking task as SUCCESS. dag_id=libertyPr_health_score_1, task_id=load_data, run_id=scheduled__2025-05-29T10:00:00+00:00, execution_date=20250529T100000, start_date=20250531T222619, end_date=20250531T222829
[2025-05-31T16:28:29.998-0600] {local_task_job_runner.py:266} INFO - Task exited with return code 0
[2025-05-31T16:28:30.049-0600] {taskinstance.py:3901} INFO - 1 downstream tasks scheduled from follow-on schedule check
[2025-05-31T16:28:30.052-0600] {local_task_job_runner.py:245} INFO - ::endgroup::
[2025-05-31T16:56:32.748-0600] {local_task_job_runner.py:123} INFO - ::group::Pre task execution logs
[2025-05-31T16:56:32.785-0600] {taskinstance.py:2614} INFO - Dependencies all met for dep_context=non-requeueable deps ti=<TaskInstance: libertyPr_health_score_1.load_data scheduled__2025-05-29T10:00:00+00:00 [queued]>
[2025-05-31T16:56:32.803-0600] {taskinstance.py:2614} INFO - Dependencies all met for dep_context=requeueable deps ti=<TaskInstance: libertyPr_health_score_1.load_data scheduled__2025-05-29T10:00:00+00:00 [queued]>
[2025-05-31T16:56:32.804-0600] {taskinstance.py:2867} INFO - Starting attempt 1 of 2
[2025-05-31T16:56:32.833-0600] {taskinstance.py:2890} INFO - Executing <Task(PythonOperator): load_data> on 2025-05-29 10:00:00+00:00
[2025-05-31T16:56:32.846-0600] {warnings.py:112} WARNING - /home/***/.local/lib/python3.12/site-packages/***/task/task_runner/standard_task_runner.py:70: DeprecationWarning: This process (pid=6899) is multi-threaded, use of fork() may lead to deadlocks in the child.
  pid = os.fork()

[2025-05-31T16:56:32.849-0600] {standard_task_runner.py:72} INFO - Started process 6901 to run task
[2025-05-31T16:56:32.851-0600] {standard_task_runner.py:104} INFO - Running: ['***', 'tasks', 'run', 'libertyPr_health_score_1', 'load_data', 'scheduled__2025-05-29T10:00:00+00:00', '--job-id', '259', '--raw', '--subdir', 'DAGS_FOLDER/health_score_lpr.py', '--cfg-path', '/tmp/tmpzh3j1lmj']
[2025-05-31T16:56:32.856-0600] {standard_task_runner.py:105} INFO - Job 259: Subtask load_data
[2025-05-31T16:56:32.978-0600] {task_command.py:467} INFO - Running <TaskInstance: libertyPr_health_score_1.load_data scheduled__2025-05-29T10:00:00+00:00 [running]> on host 439130e6349d
[2025-05-31T16:56:33.195-0600] {taskinstance.py:3134} INFO - Exporting env vars: AIRFLOW_CTX_DAG_OWNER='***' AIRFLOW_CTX_DAG_ID='libertyPr_health_score_1' AIRFLOW_CTX_TASK_ID='load_data' AIRFLOW_CTX_EXECUTION_DATE='2025-05-29T10:00:00+00:00' AIRFLOW_CTX_TRY_NUMBER='1' AIRFLOW_CTX_DAG_RUN_ID='scheduled__2025-05-29T10:00:00+00:00'
[2025-05-31T16:56:33.197-0600] {taskinstance.py:732} INFO - ::endgroup::
[2025-05-31T16:56:33.237-0600] {logging_mixin.py:190} INFO - target date
[2025-05-31T16:56:33.237-0600] {logging_mixin.py:190} INFO - 2025-05-29
[2025-05-31T16:59:01.252-0600] {python.py:240} INFO - Done. Returned value was: None
[2025-05-31T16:59:01.276-0600] {taskinstance.py:341} INFO - ::group::Post task execution logs
[2025-05-31T16:59:01.277-0600] {taskinstance.py:353} INFO - Marking task as SUCCESS. dag_id=libertyPr_health_score_1, task_id=load_data, run_id=scheduled__2025-05-29T10:00:00+00:00, execution_date=20250529T100000, start_date=20250531T225632, end_date=20250531T225901
[2025-05-31T16:59:01.451-0600] {local_task_job_runner.py:266} INFO - Task exited with return code 0
[2025-05-31T16:59:01.512-0600] {taskinstance.py:3901} INFO - 1 downstream tasks scheduled from follow-on schedule check
[2025-05-31T16:59:01.515-0600] {local_task_job_runner.py:245} INFO - ::endgroup::
[2025-05-31T18:20:32.044-0600] {local_task_job_runner.py:123} INFO - ::group::Pre task execution logs
[2025-05-31T18:20:32.076-0600] {taskinstance.py:2614} INFO - Dependencies all met for dep_context=non-requeueable deps ti=<TaskInstance: libertyPr_health_score_1.load_data scheduled__2025-05-29T10:00:00+00:00 [queued]>
[2025-05-31T18:20:32.087-0600] {taskinstance.py:2614} INFO - Dependencies all met for dep_context=requeueable deps ti=<TaskInstance: libertyPr_health_score_1.load_data scheduled__2025-05-29T10:00:00+00:00 [queued]>
[2025-05-31T18:20:32.087-0600] {taskinstance.py:2867} INFO - Starting attempt 1 of 2
[2025-05-31T18:20:32.107-0600] {taskinstance.py:2890} INFO - Executing <Task(PythonOperator): load_data> on 2025-05-29 10:00:00+00:00
[2025-05-31T18:20:32.119-0600] {warnings.py:112} WARNING - /home/***/.local/lib/python3.12/site-packages/***/task/task_runner/standard_task_runner.py:70: DeprecationWarning: This process (pid=7939) is multi-threaded, use of fork() may lead to deadlocks in the child.
  pid = os.fork()

[2025-05-31T18:20:32.121-0600] {standard_task_runner.py:72} INFO - Started process 7941 to run task
[2025-05-31T18:20:32.123-0600] {standard_task_runner.py:104} INFO - Running: ['***', 'tasks', 'run', 'libertyPr_health_score_1', 'load_data', 'scheduled__2025-05-29T10:00:00+00:00', '--job-id', '275', '--raw', '--subdir', 'DAGS_FOLDER/health_score_lpr.py', '--cfg-path', '/tmp/tmpxbgsv7kj']
[2025-05-31T18:20:32.128-0600] {standard_task_runner.py:105} INFO - Job 275: Subtask load_data
[2025-05-31T18:20:32.232-0600] {task_command.py:467} INFO - Running <TaskInstance: libertyPr_health_score_1.load_data scheduled__2025-05-29T10:00:00+00:00 [running]> on host 439130e6349d
[2025-05-31T18:20:32.386-0600] {taskinstance.py:3134} INFO - Exporting env vars: AIRFLOW_CTX_DAG_OWNER='***' AIRFLOW_CTX_DAG_ID='libertyPr_health_score_1' AIRFLOW_CTX_TASK_ID='load_data' AIRFLOW_CTX_EXECUTION_DATE='2025-05-29T10:00:00+00:00' AIRFLOW_CTX_TRY_NUMBER='1' AIRFLOW_CTX_DAG_RUN_ID='scheduled__2025-05-29T10:00:00+00:00'
[2025-05-31T18:20:32.388-0600] {taskinstance.py:732} INFO - ::endgroup::
[2025-05-31T18:20:32.418-0600] {logging_mixin.py:190} INFO - target date
[2025-05-31T18:20:32.419-0600] {logging_mixin.py:190} INFO - 2025-05-29
[2025-05-31T18:22:53.347-0600] {python.py:240} INFO - Done. Returned value was: None
[2025-05-31T18:22:53.367-0600] {taskinstance.py:341} INFO - ::group::Post task execution logs
[2025-05-31T18:22:53.367-0600] {taskinstance.py:353} INFO - Marking task as SUCCESS. dag_id=libertyPr_health_score_1, task_id=load_data, run_id=scheduled__2025-05-29T10:00:00+00:00, execution_date=20250529T100000, start_date=20250601T002032, end_date=20250601T002253
[2025-05-31T18:22:53.511-0600] {local_task_job_runner.py:266} INFO - Task exited with return code 0
[2025-05-31T18:22:53.559-0600] {taskinstance.py:3901} INFO - 1 downstream tasks scheduled from follow-on schedule check
[2025-05-31T18:22:53.561-0600] {local_task_job_runner.py:245} INFO - ::endgroup::
[2025-05-31T22:59:14.851-0600] {local_task_job_runner.py:123} INFO - ::group::Pre task execution logs
[2025-05-31T22:59:14.878-0600] {taskinstance.py:2614} INFO - Dependencies all met for dep_context=non-requeueable deps ti=<TaskInstance: libertyPr_health_score_1.load_data scheduled__2025-05-29T10:00:00+00:00 [queued]>
[2025-05-31T22:59:14.888-0600] {taskinstance.py:2614} INFO - Dependencies all met for dep_context=requeueable deps ti=<TaskInstance: libertyPr_health_score_1.load_data scheduled__2025-05-29T10:00:00+00:00 [queued]>
[2025-05-31T22:59:14.889-0600] {taskinstance.py:2867} INFO - Starting attempt 1 of 2
[2025-05-31T22:59:14.908-0600] {taskinstance.py:2890} INFO - Executing <Task(PythonOperator): load_data> on 2025-05-29 10:00:00+00:00
[2025-05-31T22:59:14.920-0600] {warnings.py:112} WARNING - /home/***/.local/lib/python3.12/site-packages/***/task/task_runner/standard_task_runner.py:70: DeprecationWarning: This process (pid=11665) is multi-threaded, use of fork() may lead to deadlocks in the child.
  pid = os.fork()

[2025-05-31T22:59:14.923-0600] {standard_task_runner.py:72} INFO - Started process 11667 to run task
[2025-05-31T22:59:14.926-0600] {standard_task_runner.py:104} INFO - Running: ['***', 'tasks', 'run', 'libertyPr_health_score_1', 'load_data', 'scheduled__2025-05-29T10:00:00+00:00', '--job-id', '379', '--raw', '--subdir', 'DAGS_FOLDER/health_score_lpr.py', '--cfg-path', '/tmp/tmpqolwnqtg']
[2025-05-31T22:59:14.933-0600] {standard_task_runner.py:105} INFO - Job 379: Subtask load_data
[2025-05-31T22:59:15.049-0600] {task_command.py:467} INFO - Running <TaskInstance: libertyPr_health_score_1.load_data scheduled__2025-05-29T10:00:00+00:00 [running]> on host 439130e6349d
[2025-05-31T22:59:15.242-0600] {taskinstance.py:3134} INFO - Exporting env vars: AIRFLOW_CTX_DAG_OWNER='***' AIRFLOW_CTX_DAG_ID='libertyPr_health_score_1' AIRFLOW_CTX_TASK_ID='load_data' AIRFLOW_CTX_EXECUTION_DATE='2025-05-29T10:00:00+00:00' AIRFLOW_CTX_TRY_NUMBER='1' AIRFLOW_CTX_DAG_RUN_ID='scheduled__2025-05-29T10:00:00+00:00'
[2025-05-31T22:59:15.243-0600] {taskinstance.py:732} INFO - ::endgroup::
[2025-05-31T22:59:15.268-0600] {logging_mixin.py:190} INFO - target date
[2025-05-31T22:59:15.268-0600] {logging_mixin.py:190} INFO - 2025-05-29
[2025-05-31T23:01:35.718-0600] {python.py:240} INFO - Done. Returned value was: None
[2025-05-31T23:01:35.735-0600] {taskinstance.py:341} INFO - ::group::Post task execution logs
[2025-05-31T23:01:35.735-0600] {taskinstance.py:353} INFO - Marking task as SUCCESS. dag_id=libertyPr_health_score_1, task_id=load_data, run_id=scheduled__2025-05-29T10:00:00+00:00, execution_date=20250529T100000, start_date=20250601T045914, end_date=20250601T050135
[2025-05-31T23:01:35.862-0600] {local_task_job_runner.py:266} INFO - Task exited with return code 0
[2025-05-31T23:01:35.911-0600] {taskinstance.py:3901} INFO - 1 downstream tasks scheduled from follow-on schedule check
[2025-05-31T23:01:35.914-0600] {local_task_job_runner.py:245} INFO - ::endgroup::
