[2025-05-31T10:23:00.847-0600] {local_task_job_runner.py:123} INFO - ::group::Pre task execution logs
[2025-05-31T10:23:00.888-0600] {taskinstance.py:2614} INFO - Dependencies all met for dep_context=non-requeueable deps ti=<TaskInstance: libertyPr_health_score_1.rank_nodes scheduled__2025-05-25T10:00:00+00:00 [queued]>
[2025-05-31T10:23:00.901-0600] {taskinstance.py:2614} INFO - Dependencies all met for dep_context=requeueable deps ti=<TaskInstance: libertyPr_health_score_1.rank_nodes scheduled__2025-05-25T10:00:00+00:00 [queued]>
[2025-05-31T10:23:00.902-0600] {taskinstance.py:2867} INFO - Starting attempt 1 of 2
[2025-05-31T10:23:00.928-0600] {taskinstance.py:2890} INFO - Executing <Task(PythonOperator): rank_nodes> on 2025-05-25 10:00:00+00:00
[2025-05-31T10:23:00.945-0600] {warnings.py:112} WARNING - /home/***/.local/lib/python3.12/site-packages/***/task/task_runner/standard_task_runner.py:70: DeprecationWarning: This process (pid=1859) is multi-threaded, use of fork() may lead to deadlocks in the child.
  pid = os.fork()

[2025-05-31T10:23:00.948-0600] {standard_task_runner.py:72} INFO - Started process 1861 to run task
[2025-05-31T10:23:00.949-0600] {standard_task_runner.py:104} INFO - Running: ['***', 'tasks', 'run', 'libertyPr_health_score_1', 'rank_nodes', 'scheduled__2025-05-25T10:00:00+00:00', '--job-id', '178', '--raw', '--subdir', 'DAGS_FOLDER/health_score_lpr.py', '--cfg-path', '/tmp/tmp99ov77j_']
[2025-05-31T10:23:00.953-0600] {standard_task_runner.py:105} INFO - Job 178: Subtask rank_nodes
[2025-05-31T10:23:01.058-0600] {task_command.py:467} INFO - Running <TaskInstance: libertyPr_health_score_1.rank_nodes scheduled__2025-05-25T10:00:00+00:00 [running]> on host 439130e6349d
[2025-05-31T10:23:01.224-0600] {taskinstance.py:3134} INFO - Exporting env vars: AIRFLOW_CTX_DAG_OWNER='***' AIRFLOW_CTX_DAG_ID='libertyPr_health_score_1' AIRFLOW_CTX_TASK_ID='rank_nodes' AIRFLOW_CTX_EXECUTION_DATE='2025-05-25T10:00:00+00:00' AIRFLOW_CTX_TRY_NUMBER='1' AIRFLOW_CTX_DAG_RUN_ID='scheduled__2025-05-25T10:00:00+00:00'
[2025-05-31T10:23:01.226-0600] {taskinstance.py:732} INFO - ::endgroup::
[2025-05-31T10:24:03.883-0600] {logging_mixin.py:190} INFO - 📊 Ranked 3608 nodes and saved results to node_ranking_results.csv.
[2025-05-31T10:24:03.926-0600] {python.py:240} INFO - Done. Returned value was: None
[2025-05-31T10:24:03.945-0600] {taskinstance.py:341} INFO - ::group::Post task execution logs
[2025-05-31T10:24:03.945-0600] {taskinstance.py:353} INFO - Marking task as SUCCESS. dag_id=libertyPr_health_score_1, task_id=rank_nodes, run_id=scheduled__2025-05-25T10:00:00+00:00, execution_date=20250525T100000, start_date=20250531T162300, end_date=20250531T162403
[2025-05-31T10:24:04.043-0600] {local_task_job_runner.py:266} INFO - Task exited with return code 0
[2025-05-31T10:24:04.081-0600] {taskinstance.py:3901} INFO - 1 downstream tasks scheduled from follow-on schedule check
[2025-05-31T10:24:04.084-0600] {local_task_job_runner.py:245} INFO - ::endgroup::
[2025-05-31T22:11:24.149-0600] {local_task_job_runner.py:123} INFO - ::group::Pre task execution logs
[2025-05-31T22:11:24.189-0600] {taskinstance.py:2614} INFO - Dependencies all met for dep_context=non-requeueable deps ti=<TaskInstance: libertyPr_health_score_1.rank_nodes scheduled__2025-05-25T10:00:00+00:00 [queued]>
[2025-05-31T22:11:24.203-0600] {taskinstance.py:2614} INFO - Dependencies all met for dep_context=requeueable deps ti=<TaskInstance: libertyPr_health_score_1.rank_nodes scheduled__2025-05-25T10:00:00+00:00 [queued]>
[2025-05-31T22:11:24.203-0600] {taskinstance.py:2867} INFO - Starting attempt 1 of 2
[2025-05-31T22:11:24.220-0600] {taskinstance.py:2890} INFO - Executing <Task(PythonOperator): rank_nodes> on 2025-05-25 10:00:00+00:00
[2025-05-31T22:11:24.230-0600] {warnings.py:112} WARNING - /home/***/.local/lib/python3.12/site-packages/***/task/task_runner/standard_task_runner.py:70: DeprecationWarning: This process (pid=11017) is multi-threaded, use of fork() may lead to deadlocks in the child.
  pid = os.fork()

[2025-05-31T22:11:24.233-0600] {standard_task_runner.py:72} INFO - Started process 11019 to run task
[2025-05-31T22:11:24.234-0600] {standard_task_runner.py:104} INFO - Running: ['***', 'tasks', 'run', 'libertyPr_health_score_1', 'rank_nodes', 'scheduled__2025-05-25T10:00:00+00:00', '--job-id', '353', '--raw', '--subdir', 'DAGS_FOLDER/health_score_lpr.py', '--cfg-path', '/tmp/tmp1isa63ow']
[2025-05-31T22:11:24.238-0600] {standard_task_runner.py:105} INFO - Job 353: Subtask rank_nodes
[2025-05-31T22:11:24.315-0600] {task_command.py:467} INFO - Running <TaskInstance: libertyPr_health_score_1.rank_nodes scheduled__2025-05-25T10:00:00+00:00 [running]> on host 439130e6349d
[2025-05-31T22:11:24.501-0600] {taskinstance.py:3134} INFO - Exporting env vars: AIRFLOW_CTX_DAG_OWNER='***' AIRFLOW_CTX_DAG_ID='libertyPr_health_score_1' AIRFLOW_CTX_TASK_ID='rank_nodes' AIRFLOW_CTX_EXECUTION_DATE='2025-05-25T10:00:00+00:00' AIRFLOW_CTX_TRY_NUMBER='1' AIRFLOW_CTX_DAG_RUN_ID='scheduled__2025-05-25T10:00:00+00:00'
[2025-05-31T22:11:24.503-0600] {taskinstance.py:732} INFO - ::endgroup::
[2025-05-31T22:12:27.174-0600] {logging_mixin.py:190} INFO - 📊 Ranked 3607 nodes and saved results to node_ranking_results.csv.
[2025-05-31T22:12:27.220-0600] {python.py:240} INFO - Done. Returned value was: None
[2025-05-31T22:12:27.252-0600] {taskinstance.py:341} INFO - ::group::Post task execution logs
[2025-05-31T22:12:27.252-0600] {taskinstance.py:353} INFO - Marking task as SUCCESS. dag_id=libertyPr_health_score_1, task_id=rank_nodes, run_id=scheduled__2025-05-25T10:00:00+00:00, execution_date=20250525T100000, start_date=20250601T041124, end_date=20250601T041227
[2025-05-31T22:12:27.364-0600] {local_task_job_runner.py:266} INFO - Task exited with return code 0
[2025-05-31T22:12:27.409-0600] {taskinstance.py:3901} INFO - 0 downstream tasks scheduled from follow-on schedule check
[2025-05-31T22:12:27.411-0600] {local_task_job_runner.py:245} INFO - ::endgroup::
