[2025-05-31T08:38:44.794-0600] {local_task_job_runner.py:123} INFO - ::group::Pre task execution logs
[2025-05-31T08:38:44.835-0600] {taskinstance.py:2614} INFO - Dependencies all met for dep_context=non-requeueable deps ti=<TaskInstance: libertyPr_health_score_1.map_nodes scheduled__2025-05-24T10:00:00+00:00 [queued]>
[2025-05-31T08:38:44.850-0600] {taskinstance.py:2614} INFO - Dependencies all met for dep_context=requeueable deps ti=<TaskInstance: libertyPr_health_score_1.map_nodes scheduled__2025-05-24T10:00:00+00:00 [queued]>
[2025-05-31T08:38:44.851-0600] {taskinstance.py:2867} INFO - Starting attempt 1 of 2
[2025-05-31T08:38:44.880-0600] {taskinstance.py:2890} INFO - Executing <Task(PythonOperator): map_nodes> on 2025-05-24 10:00:00+00:00
[2025-05-31T08:38:44.893-0600] {warnings.py:112} WARNING - /home/***/.local/lib/python3.12/site-packages/***/task/task_runner/standard_task_runner.py:70: DeprecationWarning: This process (pid=478) is multi-threaded, use of fork() may lead to deadlocks in the child.
  pid = os.fork()

[2025-05-31T08:38:44.896-0600] {standard_task_runner.py:72} INFO - Started process 480 to run task
[2025-05-31T08:38:44.898-0600] {standard_task_runner.py:104} INFO - Running: ['***', 'tasks', 'run', 'libertyPr_health_score_1', 'map_nodes', 'scheduled__2025-05-24T10:00:00+00:00', '--job-id', '150', '--raw', '--subdir', 'DAGS_FOLDER/health_score_lpr.py', '--cfg-path', '/tmp/tmpl6px96oa']
[2025-05-31T08:38:44.903-0600] {standard_task_runner.py:105} INFO - Job 150: Subtask map_nodes
[2025-05-31T08:38:45.007-0600] {task_command.py:467} INFO - Running <TaskInstance: libertyPr_health_score_1.map_nodes scheduled__2025-05-24T10:00:00+00:00 [running]> on host 439130e6349d
[2025-05-31T08:38:45.168-0600] {taskinstance.py:3134} INFO - Exporting env vars: AIRFLOW_CTX_DAG_OWNER='***' AIRFLOW_CTX_DAG_ID='libertyPr_health_score_1' AIRFLOW_CTX_TASK_ID='map_nodes' AIRFLOW_CTX_EXECUTION_DATE='2025-05-24T10:00:00+00:00' AIRFLOW_CTX_TRY_NUMBER='1' AIRFLOW_CTX_DAG_RUN_ID='scheduled__2025-05-24T10:00:00+00:00'
[2025-05-31T08:38:45.170-0600] {taskinstance.py:732} INFO - ::endgroup::
[2025-05-31T08:38:45.198-0600] {logging_mixin.py:190} INFO - 📍 Loading classified modems and node map...
[2025-05-31T08:38:47.571-0600] {logging_mixin.py:190} INFO - 📦 Modems before mapping: 477493
[2025-05-31T08:38:47.964-0600] {logging_mixin.py:190} INFO - ⚠️ Modems without node mapping: 16
[2025-05-31T08:38:53.168-0600] {logging_mixin.py:190} INFO - ✅ Saved mapped modem data with node assignment to cm_mapped.csv (478839 rows)
[2025-05-31T08:38:53.231-0600] {python.py:240} INFO - Done. Returned value was: None
[2025-05-31T08:38:53.248-0600] {taskinstance.py:341} INFO - ::group::Post task execution logs
[2025-05-31T08:38:53.249-0600] {taskinstance.py:353} INFO - Marking task as SUCCESS. dag_id=libertyPr_health_score_1, task_id=map_nodes, run_id=scheduled__2025-05-24T10:00:00+00:00, execution_date=20250524T100000, start_date=20250531T143844, end_date=20250531T143853
[2025-05-31T08:38:53.329-0600] {local_task_job_runner.py:266} INFO - Task exited with return code 0
[2025-05-31T08:38:53.383-0600] {taskinstance.py:3901} INFO - 1 downstream tasks scheduled from follow-on schedule check
[2025-05-31T08:38:53.385-0600] {local_task_job_runner.py:245} INFO - ::endgroup::
[2025-05-31T10:07:53.150-0600] {local_task_job_runner.py:123} INFO - ::group::Pre task execution logs
[2025-05-31T10:07:53.195-0600] {taskinstance.py:2614} INFO - Dependencies all met for dep_context=non-requeueable deps ti=<TaskInstance: libertyPr_health_score_1.map_nodes scheduled__2025-05-24T10:00:00+00:00 [queued]>
[2025-05-31T10:07:53.208-0600] {taskinstance.py:2614} INFO - Dependencies all met for dep_context=requeueable deps ti=<TaskInstance: libertyPr_health_score_1.map_nodes scheduled__2025-05-24T10:00:00+00:00 [queued]>
[2025-05-31T10:07:53.209-0600] {taskinstance.py:2867} INFO - Starting attempt 1 of 2
[2025-05-31T10:07:53.232-0600] {taskinstance.py:2890} INFO - Executing <Task(PythonOperator): map_nodes> on 2025-05-24 10:00:00+00:00
[2025-05-31T10:07:53.245-0600] {warnings.py:112} WARNING - /home/***/.local/lib/python3.12/site-packages/***/task/task_runner/standard_task_runner.py:70: DeprecationWarning: This process (pid=1652) is multi-threaded, use of fork() may lead to deadlocks in the child.
  pid = os.fork()

[2025-05-31T10:07:53.248-0600] {standard_task_runner.py:72} INFO - Started process 1654 to run task
[2025-05-31T10:07:53.248-0600] {standard_task_runner.py:104} INFO - Running: ['***', 'tasks', 'run', 'libertyPr_health_score_1', 'map_nodes', 'scheduled__2025-05-24T10:00:00+00:00', '--job-id', '170', '--raw', '--subdir', 'DAGS_FOLDER/health_score_lpr.py', '--cfg-path', '/tmp/tmp167f74e4']
[2025-05-31T10:07:53.252-0600] {standard_task_runner.py:105} INFO - Job 170: Subtask map_nodes
[2025-05-31T10:07:53.349-0600] {task_command.py:467} INFO - Running <TaskInstance: libertyPr_health_score_1.map_nodes scheduled__2025-05-24T10:00:00+00:00 [running]> on host 439130e6349d
[2025-05-31T10:07:53.505-0600] {taskinstance.py:3134} INFO - Exporting env vars: AIRFLOW_CTX_DAG_OWNER='***' AIRFLOW_CTX_DAG_ID='libertyPr_health_score_1' AIRFLOW_CTX_TASK_ID='map_nodes' AIRFLOW_CTX_EXECUTION_DATE='2025-05-24T10:00:00+00:00' AIRFLOW_CTX_TRY_NUMBER='1' AIRFLOW_CTX_DAG_RUN_ID='scheduled__2025-05-24T10:00:00+00:00'
[2025-05-31T10:07:53.507-0600] {taskinstance.py:732} INFO - ::endgroup::
[2025-05-31T10:07:53.535-0600] {logging_mixin.py:190} INFO - 📍 Loading classified modems and node map...
[2025-05-31T10:07:56.092-0600] {logging_mixin.py:190} INFO - 📦 Modems before mapping: 477493
[2025-05-31T10:07:56.516-0600] {logging_mixin.py:190} INFO - ⚠️ Modems without node mapping: 16
[2025-05-31T10:08:01.856-0600] {logging_mixin.py:190} INFO - ✅ Saved mapped modem data with node assignment to cm_mapped.csv (478839 rows)
[2025-05-31T10:08:01.917-0600] {python.py:240} INFO - Done. Returned value was: None
[2025-05-31T10:08:01.939-0600] {taskinstance.py:341} INFO - ::group::Post task execution logs
[2025-05-31T10:08:01.940-0600] {taskinstance.py:353} INFO - Marking task as SUCCESS. dag_id=libertyPr_health_score_1, task_id=map_nodes, run_id=scheduled__2025-05-24T10:00:00+00:00, execution_date=20250524T100000, start_date=20250531T160753, end_date=20250531T160801
[2025-05-31T10:08:02.037-0600] {local_task_job_runner.py:266} INFO - Task exited with return code 0
[2025-05-31T10:08:02.081-0600] {taskinstance.py:3901} INFO - 1 downstream tasks scheduled from follow-on schedule check
[2025-05-31T10:08:02.087-0600] {local_task_job_runner.py:245} INFO - ::endgroup::
[2025-05-31T21:56:24.016-0600] {local_task_job_runner.py:123} INFO - ::group::Pre task execution logs
[2025-05-31T21:56:24.062-0600] {taskinstance.py:2614} INFO - Dependencies all met for dep_context=non-requeueable deps ti=<TaskInstance: libertyPr_health_score_1.map_nodes scheduled__2025-05-24T10:00:00+00:00 [queued]>
[2025-05-31T21:56:24.081-0600] {taskinstance.py:2614} INFO - Dependencies all met for dep_context=requeueable deps ti=<TaskInstance: libertyPr_health_score_1.map_nodes scheduled__2025-05-24T10:00:00+00:00 [queued]>
[2025-05-31T21:56:24.082-0600] {taskinstance.py:2867} INFO - Starting attempt 1 of 2
[2025-05-31T21:56:24.108-0600] {taskinstance.py:2890} INFO - Executing <Task(PythonOperator): map_nodes> on 2025-05-24 10:00:00+00:00
[2025-05-31T21:56:24.123-0600] {warnings.py:112} WARNING - /home/***/.local/lib/python3.12/site-packages/***/task/task_runner/standard_task_runner.py:70: DeprecationWarning: This process (pid=10803) is multi-threaded, use of fork() may lead to deadlocks in the child.
  pid = os.fork()

[2025-05-31T21:56:24.126-0600] {standard_task_runner.py:72} INFO - Started process 10805 to run task
[2025-05-31T21:56:24.128-0600] {standard_task_runner.py:104} INFO - Running: ['***', 'tasks', 'run', 'libertyPr_health_score_1', 'map_nodes', 'scheduled__2025-05-24T10:00:00+00:00', '--job-id', '344', '--raw', '--subdir', 'DAGS_FOLDER/health_score_lpr.py', '--cfg-path', '/tmp/tmpfcgwdpaz']
[2025-05-31T21:56:24.134-0600] {standard_task_runner.py:105} INFO - Job 344: Subtask map_nodes
[2025-05-31T21:56:24.263-0600] {task_command.py:467} INFO - Running <TaskInstance: libertyPr_health_score_1.map_nodes scheduled__2025-05-24T10:00:00+00:00 [running]> on host 439130e6349d
[2025-05-31T21:56:24.501-0600] {taskinstance.py:3134} INFO - Exporting env vars: AIRFLOW_CTX_DAG_OWNER='***' AIRFLOW_CTX_DAG_ID='libertyPr_health_score_1' AIRFLOW_CTX_TASK_ID='map_nodes' AIRFLOW_CTX_EXECUTION_DATE='2025-05-24T10:00:00+00:00' AIRFLOW_CTX_TRY_NUMBER='1' AIRFLOW_CTX_DAG_RUN_ID='scheduled__2025-05-24T10:00:00+00:00'
[2025-05-31T21:56:24.503-0600] {taskinstance.py:732} INFO - ::endgroup::
[2025-05-31T21:56:24.508-0600] {logging_mixin.py:190} INFO - 📍 Loading classified modems and node map...
[2025-05-31T21:56:26.762-0600] {logging_mixin.py:190} INFO - 📦 Modems before mapping: 477402
[2025-05-31T21:56:27.242-0600] {logging_mixin.py:190} INFO - ⚠️ Modems without node mapping: 20
[2025-05-31T21:56:31.851-0600] {logging_mixin.py:190} INFO - ✅ Saved mapped modem data with node assignment to cm_mapped.csv (478751 rows)
[2025-05-31T21:56:31.922-0600] {python.py:240} INFO - Done. Returned value was: None
[2025-05-31T21:56:31.945-0600] {taskinstance.py:341} INFO - ::group::Post task execution logs
[2025-05-31T21:56:31.946-0600] {taskinstance.py:353} INFO - Marking task as SUCCESS. dag_id=libertyPr_health_score_1, task_id=map_nodes, run_id=scheduled__2025-05-24T10:00:00+00:00, execution_date=20250524T100000, start_date=20250601T035624, end_date=20250601T035631
[2025-05-31T21:56:32.044-0600] {local_task_job_runner.py:266} INFO - Task exited with return code 0
[2025-05-31T21:56:32.089-0600] {taskinstance.py:3901} INFO - 1 downstream tasks scheduled from follow-on schedule check
[2025-05-31T21:56:32.093-0600] {local_task_job_runner.py:245} INFO - ::endgroup::
