[2025-05-31T20:14:39.671-0600] {local_task_job_runner.py:123} INFO - ::group::Pre task execution logs
[2025-05-31T20:14:39.712-0600] {taskinstance.py:2614} INFO - Dependencies all met for dep_context=non-requeueable deps ti=<TaskInstance: libertyPr_health_score_1.filter_duplicates scheduled__2025-05-18T10:00:00+00:00 [queued]>
[2025-05-31T20:14:39.724-0600] {taskinstance.py:2614} INFO - Dependencies all met for dep_context=requeueable deps ti=<TaskInstance: libertyPr_health_score_1.filter_duplicates scheduled__2025-05-18T10:00:00+00:00 [queued]>
[2025-05-31T20:14:39.724-0600] {taskinstance.py:2867} INFO - Starting attempt 1 of 2
[2025-05-31T20:14:39.742-0600] {taskinstance.py:2890} INFO - Executing <Task(PythonOperator): filter_duplicates> on 2025-05-18 10:00:00+00:00
[2025-05-31T20:14:39.754-0600] {warnings.py:112} WARNING - /home/***/.local/lib/python3.12/site-packages/***/task/task_runner/standard_task_runner.py:70: DeprecationWarning: This process (pid=9385) is multi-threaded, use of fork() may lead to deadlocks in the child.
  pid = os.fork()

[2025-05-31T20:14:39.757-0600] {standard_task_runner.py:72} INFO - Started process 9387 to run task
[2025-05-31T20:14:39.758-0600] {standard_task_runner.py:104} INFO - Running: ['***', 'tasks', 'run', 'libertyPr_health_score_1', 'filter_duplicates', 'scheduled__2025-05-18T10:00:00+00:00', '--job-id', '293', '--raw', '--subdir', 'DAGS_FOLDER/health_score_lpr.py', '--cfg-path', '/tmp/tmpoasi6yxo']
[2025-05-31T20:14:39.762-0600] {standard_task_runner.py:105} INFO - Job 293: Subtask filter_duplicates
[2025-05-31T20:14:39.854-0600] {task_command.py:467} INFO - Running <TaskInstance: libertyPr_health_score_1.filter_duplicates scheduled__2025-05-18T10:00:00+00:00 [running]> on host 439130e6349d
[2025-05-31T20:14:40.015-0600] {taskinstance.py:3134} INFO - Exporting env vars: AIRFLOW_CTX_DAG_OWNER='***' AIRFLOW_CTX_DAG_ID='libertyPr_health_score_1' AIRFLOW_CTX_TASK_ID='filter_duplicates' AIRFLOW_CTX_EXECUTION_DATE='2025-05-18T10:00:00+00:00' AIRFLOW_CTX_TRY_NUMBER='1' AIRFLOW_CTX_DAG_RUN_ID='scheduled__2025-05-18T10:00:00+00:00'
[2025-05-31T20:14:40.016-0600] {taskinstance.py:732} INFO - ::endgroup::
[2025-05-31T20:14:45.994-0600] {logging_mixin.py:190} INFO - 📊 Found 477347 unique cable modems after removing cloned.
[2025-05-31T20:14:57.783-0600] {logging_mixin.py:190} INFO - 🧹 Filtered out 174 CM_MACs that appeared more than 8 times.
[2025-05-31T20:14:57.784-0600] {logging_mixin.py:190} INFO - 📝 Remaining records: 1783965
[2025-05-31T20:14:57.919-0600] {python.py:240} INFO - Done. Returned value was: None
[2025-05-31T20:14:57.941-0600] {taskinstance.py:341} INFO - ::group::Post task execution logs
[2025-05-31T20:14:57.941-0600] {taskinstance.py:353} INFO - Marking task as SUCCESS. dag_id=libertyPr_health_score_1, task_id=filter_duplicates, run_id=scheduled__2025-05-18T10:00:00+00:00, execution_date=20250518T100000, start_date=20250601T021439, end_date=20250601T021457
[2025-05-31T20:14:58.038-0600] {local_task_job_runner.py:266} INFO - Task exited with return code 0
[2025-05-31T20:14:58.080-0600] {taskinstance.py:3901} INFO - 1 downstream tasks scheduled from follow-on schedule check
[2025-05-31T20:14:58.084-0600] {local_task_job_runner.py:245} INFO - ::endgroup::
