[2025-05-28T00:12:58.384-0600] {local_task_job_runner.py:123} INFO - ::group::Pre task execution logs
[2025-05-28T00:12:58.417-0600] {taskinstance.py:2614} INFO - Dependencies all met for dep_context=non-requeueable deps ti=<TaskInstance: libertyPr_health_score_1.verify_node_consistency scheduled__2025-05-27T06:00:00+00:00 [queued]>
[2025-05-28T00:12:58.434-0600] {taskinstance.py:2614} INFO - Dependencies all met for dep_context=requeueable deps ti=<TaskInstance: libertyPr_health_score_1.verify_node_consistency scheduled__2025-05-27T06:00:00+00:00 [queued]>
[2025-05-28T00:12:58.435-0600] {taskinstance.py:2867} INFO - Starting attempt 1 of 2
[2025-05-28T00:12:58.455-0600] {taskinstance.py:2890} INFO - Executing <Task(PythonOperator): verify_node_consistency> on 2025-05-27 06:00:00+00:00
[2025-05-28T00:12:58.470-0600] {warnings.py:112} WARNING - /home/***/.local/lib/python3.12/site-packages/***/task/task_runner/standard_task_runner.py:70: DeprecationWarning: This process (pid=79847) is multi-threaded, use of fork() may lead to deadlocks in the child.
  pid = os.fork()

[2025-05-28T00:12:58.473-0600] {standard_task_runner.py:72} INFO - Started process 79849 to run task
[2025-05-28T00:12:58.474-0600] {standard_task_runner.py:104} INFO - Running: ['***', 'tasks', 'run', 'libertyPr_health_score_1', 'verify_node_consistency', 'scheduled__2025-05-27T06:00:00+00:00', '--job-id', '106', '--raw', '--subdir', 'DAGS_FOLDER/health_score_lpr.py', '--cfg-path', '/tmp/tmp49girndi']
[2025-05-28T00:12:58.478-0600] {standard_task_runner.py:105} INFO - Job 106: Subtask verify_node_consistency
[2025-05-28T00:12:58.573-0600] {task_command.py:467} INFO - Running <TaskInstance: libertyPr_health_score_1.verify_node_consistency scheduled__2025-05-27T06:00:00+00:00 [running]> on host 439130e6349d
[2025-05-28T00:12:58.716-0600] {taskinstance.py:3134} INFO - Exporting env vars: AIRFLOW_CTX_DAG_OWNER='***' AIRFLOW_CTX_DAG_ID='libertyPr_health_score_1' AIRFLOW_CTX_TASK_ID='verify_node_consistency' AIRFLOW_CTX_EXECUTION_DATE='2025-05-27T06:00:00+00:00' AIRFLOW_CTX_TRY_NUMBER='1' AIRFLOW_CTX_DAG_RUN_ID='scheduled__2025-05-27T06:00:00+00:00'
[2025-05-28T00:12:58.717-0600] {taskinstance.py:732} INFO - ::endgroup::
[2025-05-28T00:12:59.826-0600] {logging_mixin.py:190} INFO - data set cleaned
[2025-05-28T00:13:00.202-0600] {logging_mixin.py:190} INFO - ❌ Found inconsistent FIBER_NODEs.
[2025-05-28T00:13:00.213-0600] {logging_mixin.py:190} INFO -      FIBER_NODE  Unique_CMTS_IDs  Unique_Channel_Sets
1442     HG3506                2                    2
1446     HG3510                2                    2
2454    LL7002A                2                    2
2455    LL7002B                2                    2
[2025-05-28T00:13:00.231-0600] {python.py:240} INFO - Done. Returned value was: None
[2025-05-28T00:13:00.250-0600] {taskinstance.py:341} INFO - ::group::Post task execution logs
[2025-05-28T00:13:00.251-0600] {taskinstance.py:353} INFO - Marking task as SUCCESS. dag_id=libertyPr_health_score_1, task_id=verify_node_consistency, run_id=scheduled__2025-05-27T06:00:00+00:00, execution_date=20250527T060000, start_date=20250528T061258, end_date=20250528T061300
[2025-05-28T00:13:00.334-0600] {local_task_job_runner.py:266} INFO - Task exited with return code 0
[2025-05-28T00:13:00.375-0600] {taskinstance.py:3901} INFO - 1 downstream tasks scheduled from follow-on schedule check
[2025-05-28T00:13:00.377-0600] {local_task_job_runner.py:245} INFO - ::endgroup::
