[2025-05-23T10:58:44.576-0600] {local_task_job_runner.py:123} INFO - ::group::Pre task execution logs
[2025-05-23T10:58:44.610-0600] {taskinstance.py:2614} INFO - Dependencies all met for dep_context=non-requeueable deps ti=<TaskInstance: libertyPr_health_score.send_to_elasticsearch manual__2025-05-23T16:50:26.676685+00:00 [queued]>
[2025-05-23T10:58:44.623-0600] {taskinstance.py:2614} INFO - Dependencies all met for dep_context=requeueable deps ti=<TaskInstance: libertyPr_health_score.send_to_elasticsearch manual__2025-05-23T16:50:26.676685+00:00 [queued]>
[2025-05-23T10:58:44.624-0600] {taskinstance.py:2867} INFO - Starting attempt 1 of 2
[2025-05-23T10:58:44.643-0600] {taskinstance.py:2890} INFO - Executing <Task(PythonOperator): send_to_elasticsearch> on 2025-05-23 16:50:26.676685+00:00
[2025-05-23T10:58:44.654-0600] {warnings.py:112} WARNING - /home/***/.local/lib/python3.12/site-packages/***/task/task_runner/standard_task_runner.py:70: DeprecationWarning: This process (pid=370) is multi-threaded, use of fork() may lead to deadlocks in the child.
  pid = os.fork()

[2025-05-23T10:58:44.657-0600] {standard_task_runner.py:72} INFO - Started process 372 to run task
[2025-05-23T10:58:44.658-0600] {standard_task_runner.py:104} INFO - Running: ['***', 'tasks', 'run', 'libertyPr_health_score', 'send_to_elasticsearch', 'manual__2025-05-23T16:50:26.676685+00:00', '--job-id', '18', '--raw', '--subdir', 'DAGS_FOLDER/health_score_lpr.py', '--cfg-path', '/tmp/tmpz1lf8jyn']
[2025-05-23T10:58:44.662-0600] {standard_task_runner.py:105} INFO - Job 18: Subtask send_to_elasticsearch
[2025-05-23T10:58:44.737-0600] {task_command.py:467} INFO - Running <TaskInstance: libertyPr_health_score.send_to_elasticsearch manual__2025-05-23T16:50:26.676685+00:00 [running]> on host 439130e6349d
[2025-05-23T10:58:44.880-0600] {taskinstance.py:3134} INFO - Exporting env vars: AIRFLOW_CTX_DAG_OWNER='***' AIRFLOW_CTX_DAG_ID='libertyPr_health_score' AIRFLOW_CTX_TASK_ID='send_to_elasticsearch' AIRFLOW_CTX_EXECUTION_DATE='2025-05-23T16:50:26.676685+00:00' AIRFLOW_CTX_TRY_NUMBER='1' AIRFLOW_CTX_DAG_RUN_ID='manual__2025-05-23T16:50:26.676685+00:00'
[2025-05-23T10:58:44.883-0600] {taskinstance.py:732} INFO - ::endgroup::
[2025-05-23T10:58:44.917-0600] {logging_mixin.py:190} INFO - [Elasticsearch MOCK] Would send 3609 records for 2025-05-23 16:50:26.676685+00:00
[2025-05-23T10:58:44.918-0600] {python.py:240} INFO - Done. Returned value was: None
[2025-05-23T10:58:44.937-0600] {taskinstance.py:341} INFO - ::group::Post task execution logs
[2025-05-23T10:58:44.938-0600] {taskinstance.py:353} INFO - Marking task as SUCCESS. dag_id=libertyPr_health_score, task_id=send_to_elasticsearch, run_id=manual__2025-05-23T16:50:26.676685+00:00, execution_date=20250523T165026, start_date=20250523T165844, end_date=20250523T165844
[2025-05-23T10:58:45.034-0600] {local_task_job_runner.py:266} INFO - Task exited with return code 0
[2025-05-23T10:58:45.067-0600] {taskinstance.py:3901} INFO - 0 downstream tasks scheduled from follow-on schedule check
[2025-05-23T10:58:45.069-0600] {local_task_job_runner.py:245} INFO - ::endgroup::
