[2025-05-29T06:00:02.796-0600] {local_task_job_runner.py:123} INFO - ::group::Pre task execution logs
[2025-05-29T06:00:02.827-0600] {taskinstance.py:2614} INFO - Dependencies all met for dep_context=non-requeueable deps ti=<TaskInstance: libertyPr_health_score_1.load_data scheduled__2025-05-28T12:00:00+00:00 [queued]>
[2025-05-29T06:00:02.841-0600] {taskinstance.py:2614} INFO - Dependencies all met for dep_context=requeueable deps ti=<TaskInstance: libertyPr_health_score_1.load_data scheduled__2025-05-28T12:00:00+00:00 [queued]>
[2025-05-29T06:00:02.841-0600] {taskinstance.py:2867} INFO - Starting attempt 1 of 2
[2025-05-29T06:00:02.874-0600] {taskinstance.py:2890} INFO - Executing <Task(PythonOperator): load_data> on 2025-05-28 12:00:00+00:00
[2025-05-29T06:00:02.889-0600] {warnings.py:112} WARNING - /home/***/.local/lib/python3.12/site-packages/***/task/task_runner/standard_task_runner.py:70: DeprecationWarning: This process (pid=101509) is multi-threaded, use of fork() may lead to deadlocks in the child.
  pid = os.fork()

[2025-05-29T06:00:02.892-0600] {standard_task_runner.py:72} INFO - Started process 101511 to run task
[2025-05-29T06:00:02.893-0600] {standard_task_runner.py:104} INFO - Running: ['***', 'tasks', 'run', 'libertyPr_health_score_1', 'load_data', 'scheduled__2025-05-28T12:00:00+00:00', '--job-id', '117', '--raw', '--subdir', 'DAGS_FOLDER/health_score_lpr.py', '--cfg-path', '/tmp/tmpaklol6tx']
[2025-05-29T06:00:02.900-0600] {standard_task_runner.py:105} INFO - Job 117: Subtask load_data
[2025-05-29T06:00:03.026-0600] {task_command.py:467} INFO - Running <TaskInstance: libertyPr_health_score_1.load_data scheduled__2025-05-28T12:00:00+00:00 [running]> on host 439130e6349d
[2025-05-29T06:00:03.231-0600] {taskinstance.py:3134} INFO - Exporting env vars: AIRFLOW_CTX_DAG_OWNER='***' AIRFLOW_CTX_DAG_ID='libertyPr_health_score_1' AIRFLOW_CTX_TASK_ID='load_data' AIRFLOW_CTX_EXECUTION_DATE='2025-05-28T12:00:00+00:00' AIRFLOW_CTX_TRY_NUMBER='1' AIRFLOW_CTX_DAG_RUN_ID='scheduled__2025-05-28T12:00:00+00:00'
[2025-05-29T06:00:03.233-0600] {taskinstance.py:732} INFO - ::endgroup::
[2025-05-29T06:02:12.714-0600] {python.py:240} INFO - Done. Returned value was: None
[2025-05-29T06:02:12.739-0600] {taskinstance.py:341} INFO - ::group::Post task execution logs
[2025-05-29T06:02:12.740-0600] {taskinstance.py:353} INFO - Marking task as SUCCESS. dag_id=libertyPr_health_score_1, task_id=load_data, run_id=scheduled__2025-05-28T12:00:00+00:00, execution_date=20250528T120000, start_date=20250529T120002, end_date=20250529T120212
[2025-05-29T06:02:12.894-0600] {local_task_job_runner.py:266} INFO - Task exited with return code 0
[2025-05-29T06:02:12.917-0600] {standard_task_runner.py:217} INFO - Process not found (most likely exited), stop collecting metrics
[2025-05-29T06:02:12.947-0600] {taskinstance.py:3901} INFO - 1 downstream tasks scheduled from follow-on schedule check
[2025-05-29T06:02:12.950-0600] {local_task_job_runner.py:245} INFO - ::endgroup::
