[2025-05-26T10:03:01.568-0600] {local_task_job_runner.py:123} INFO - ::group::Pre task execution logs
[2025-05-26T10:03:01.609-0600] {taskinstance.py:2614} INFO - Dependencies all met for dep_context=non-requeueable deps ti=<TaskInstance: libertyPr_health_score_1.rank_nodes scheduled__2025-05-25T06:00:00+00:00 [queued]>
[2025-05-26T10:03:01.622-0600] {taskinstance.py:2614} INFO - Dependencies all met for dep_context=requeueable deps ti=<TaskInstance: libertyPr_health_score_1.rank_nodes scheduled__2025-05-25T06:00:00+00:00 [queued]>
[2025-05-26T10:03:01.622-0600] {taskinstance.py:2867} INFO - Starting attempt 1 of 2
[2025-05-26T10:03:01.645-0600] {taskinstance.py:2890} INFO - Executing <Task(PythonOperator): rank_nodes> on 2025-05-25 06:00:00+00:00
[2025-05-26T10:03:01.657-0600] {warnings.py:112} WARNING - /home/***/.local/lib/python3.12/site-packages/***/task/task_runner/standard_task_runner.py:70: DeprecationWarning: This process (pid=52152) is multi-threaded, use of fork() may lead to deadlocks in the child.
  pid = os.fork()

[2025-05-26T10:03:01.659-0600] {standard_task_runner.py:72} INFO - Started process 52154 to run task
[2025-05-26T10:03:01.661-0600] {standard_task_runner.py:104} INFO - Running: ['***', 'tasks', 'run', 'libertyPr_health_score_1', 'rank_nodes', 'scheduled__2025-05-25T06:00:00+00:00', '--job-id', '91', '--raw', '--subdir', 'DAGS_FOLDER/health_score_lpr.py', '--cfg-path', '/tmp/tmpgi25ubv9']
[2025-05-26T10:03:01.666-0600] {standard_task_runner.py:105} INFO - Job 91: Subtask rank_nodes
[2025-05-26T10:03:01.760-0600] {task_command.py:467} INFO - Running <TaskInstance: libertyPr_health_score_1.rank_nodes scheduled__2025-05-25T06:00:00+00:00 [running]> on host 439130e6349d
[2025-05-26T10:03:01.926-0600] {taskinstance.py:3134} INFO - Exporting env vars: AIRFLOW_CTX_DAG_OWNER='***' AIRFLOW_CTX_DAG_ID='libertyPr_health_score_1' AIRFLOW_CTX_TASK_ID='rank_nodes' AIRFLOW_CTX_EXECUTION_DATE='2025-05-25T06:00:00+00:00' AIRFLOW_CTX_TRY_NUMBER='1' AIRFLOW_CTX_DAG_RUN_ID='scheduled__2025-05-25T06:00:00+00:00'
[2025-05-26T10:03:01.930-0600] {taskinstance.py:732} INFO - ::endgroup::
[2025-05-26T10:04:02.952-0600] {logging_mixin.py:190} INFO - 📊 Ranked 3608 nodes and saved results to node_ranking_results.csv.
[2025-05-26T10:04:02.995-0600] {python.py:240} INFO - Done. Returned value was: None
[2025-05-26T10:04:03.015-0600] {taskinstance.py:341} INFO - ::group::Post task execution logs
[2025-05-26T10:04:03.015-0600] {taskinstance.py:353} INFO - Marking task as SUCCESS. dag_id=libertyPr_health_score_1, task_id=rank_nodes, run_id=scheduled__2025-05-25T06:00:00+00:00, execution_date=20250525T060000, start_date=20250526T160301, end_date=20250526T160403
[2025-05-26T10:04:03.107-0600] {local_task_job_runner.py:266} INFO - Task exited with return code 0
[2025-05-26T10:04:03.142-0600] {taskinstance.py:3901} INFO - 1 downstream tasks scheduled from follow-on schedule check
[2025-05-26T10:04:03.144-0600] {local_task_job_runner.py:245} INFO - ::endgroup::
