[2025-05-24T18:02:56.703-0600] {local_task_job_runner.py:123} INFO - ::group::Pre task execution logs
[2025-05-24T18:02:56.754-0600] {taskinstance.py:2614} INFO - Dependencies all met for dep_context=non-requeueable deps ti=<TaskInstance: libertyPr_health_score.classify_modems scheduled__2025-05-24T00:00:00+00:00 [queued]>
[2025-05-24T18:02:56.770-0600] {taskinstance.py:2614} INFO - Dependencies all met for dep_context=requeueable deps ti=<TaskInstance: libertyPr_health_score.classify_modems scheduled__2025-05-24T00:00:00+00:00 [queued]>
[2025-05-24T18:02:56.770-0600] {taskinstance.py:2867} INFO - Starting attempt 1 of 2
[2025-05-24T18:02:56.790-0600] {taskinstance.py:2890} INFO - Executing <Task(PythonOperator): classify_modems> on 2025-05-24 00:00:00+00:00
[2025-05-24T18:02:56.802-0600] {warnings.py:112} WARNING - /home/***/.local/lib/python3.12/site-packages/***/task/task_runner/standard_task_runner.py:70: DeprecationWarning: This process (pid=23079) is multi-threaded, use of fork() may lead to deadlocks in the child.
  pid = os.fork()

[2025-05-24T18:02:56.805-0600] {standard_task_runner.py:72} INFO - Started process 23081 to run task
[2025-05-24T18:02:56.808-0600] {standard_task_runner.py:104} INFO - Running: ['***', 'tasks', 'run', 'libertyPr_health_score', 'classify_modems', 'scheduled__2025-05-24T00:00:00+00:00', '--job-id', '59', '--raw', '--subdir', 'DAGS_FOLDER/health_score_lpr.py', '--cfg-path', '/tmp/tmpzare5jsk']
[2025-05-24T18:02:56.815-0600] {standard_task_runner.py:105} INFO - Job 59: Subtask classify_modems
[2025-05-24T18:02:56.919-0600] {task_command.py:467} INFO - Running <TaskInstance: libertyPr_health_score.classify_modems scheduled__2025-05-24T00:00:00+00:00 [running]> on host 439130e6349d
[2025-05-24T18:02:57.102-0600] {taskinstance.py:3134} INFO - Exporting env vars: AIRFLOW_CTX_DAG_OWNER='***' AIRFLOW_CTX_DAG_ID='libertyPr_health_score' AIRFLOW_CTX_TASK_ID='classify_modems' AIRFLOW_CTX_EXECUTION_DATE='2025-05-24T00:00:00+00:00' AIRFLOW_CTX_TRY_NUMBER='1' AIRFLOW_CTX_DAG_RUN_ID='scheduled__2025-05-24T00:00:00+00:00'
[2025-05-24T18:02:57.104-0600] {taskinstance.py:732} INFO - ::endgroup::
[2025-05-24T18:02:57.139-0600] {logging_mixin.py:190} INFO - 📥 Loading modem and status data...
[2025-05-24T18:03:02.465-0600] {logging_mixin.py:190} INFO - ✅ Loaded modem data: 1778526 rows from /tmp/modem_data.csv
[2025-05-24T18:03:02.466-0600] {logging_mixin.py:190} INFO - ✅ Loaded status data: 478205 rows from /tmp/modem_status.csv
[2025-05-24T18:03:03.010-0600] {logging_mixin.py:190} INFO - 📊 Unique CM_MACs in modem_df: 477431
[2025-05-24T18:03:03.179-0600] {logging_mixin.py:190} INFO - 📊 Unique CM_MACs in status_df: 477637
[2025-05-24T18:03:03.180-0600] {logging_mixin.py:190} INFO - 🧮 Classifying each channel...
[2025-05-24T18:03:51.347-0600] {logging_mixin.py:190} INFO - ✅ Channel classification complete.
[2025-05-24T18:03:51.434-0600] {logging_mixin.py:190} INFO -          CM_MAC       PTIME Channel_Status
0  50A5DC2B2450  2025-05-23           Good
1  DCA633692B42  2025-05-23           Good
2  50A5DC2B2450  2025-05-23           Good
3  50A5DC2B2450  2025-05-23           Good
4  50A5DC2B2450  2025-05-23           Good
[2025-05-24T18:03:51.458-0600] {logging_mixin.py:190} INFO - 📊 Grouping and summarizing modem data...
[2025-05-24T18:14:05.398-0600] {logging_mixin.py:190} INFO - ✅ Grouped modem data shape: (477431, 4)
[2025-05-24T18:14:05.511-0600] {logging_mixin.py:190} INFO - ✅ Summarized modem data (head):
[2025-05-24T18:14:05.540-0600] {logging_mixin.py:190} INFO -          CM_MAC       PTIME  ...              CHANNEL_NAME TX_MAX
0  00015C6CD846  2025-05-23  ...  cable-upstream 3/10/12.0    NaN
1  000711146ABC  2025-05-23  ...    cable-upstream 4/8/1.0    NaN
2  00071117A32B  2025-05-23  ...  cable-upstream 2/11/15.0    NaN
3  00071117BB9A  2025-05-23  ...   cable-upstream 1/5/13.0    NaN
4  00071117BBAE  2025-05-23  ...    cable-upstream 2/9/2.0    NaN

[5 rows x 6 columns]
[2025-05-24T18:14:05.541-0600] {logging_mixin.py:190} INFO - 🔗 Merging modem-level data with status (LEFT join)...
[2025-05-24T18:14:07.015-0600] {logging_mixin.py:190} INFO - ✅ Merged dataset shape: (477493, 19)
[2025-05-24T18:14:07.017-0600] {logging_mixin.py:190} INFO - 📊 Rows with no ONLINE_COUNT after merge: 1
[2025-05-24T18:14:07.017-0600] {logging_mixin.py:190} INFO - 🛠 Applying final classification rules...
[2025-05-24T18:14:07.069-0600] {logging_mixin.py:190} INFO - 📊 Classification summary after status logic:
[2025-05-24T18:14:07.078-0600] {logging_mixin.py:190} INFO - Category
Good        232636
Warning     138502
Critical    100256
Offline       6099
Name: count, dtype: int64
[2025-05-24T18:14:12.953-0600] {logging_mixin.py:190} INFO - 💾 Saved classified modems to /tmp/classified_modems.csv
[2025-05-24T18:14:12.953-0600] {logging_mixin.py:190} INFO - 🔍 Final modem count: 477493 rows
[2025-05-24T18:14:13.252-0600] {python.py:240} INFO - Done. Returned value was: None
[2025-05-24T18:14:13.272-0600] {taskinstance.py:341} INFO - ::group::Post task execution logs
[2025-05-24T18:14:13.273-0600] {taskinstance.py:353} INFO - Marking task as SUCCESS. dag_id=libertyPr_health_score, task_id=classify_modems, run_id=scheduled__2025-05-24T00:00:00+00:00, execution_date=20250524T000000, start_date=20250525T000256, end_date=20250525T001413
[2025-05-24T18:14:13.423-0600] {local_task_job_runner.py:266} INFO - Task exited with return code 0
[2025-05-24T18:14:13.477-0600] {taskinstance.py:3901} INFO - 1 downstream tasks scheduled from follow-on schedule check
[2025-05-24T18:14:13.479-0600] {local_task_job_runner.py:245} INFO - ::endgroup::
