[2025-05-31T10:41:23.190-0600] {local_task_job_runner.py:123} INFO - ::group::Pre task execution logs
[2025-05-31T10:41:23.226-0600] {taskinstance.py:2614} INFO - Dependencies all met for dep_context=non-requeueable deps ti=<TaskInstance: libertyPr_health_score_1.filter_duplicates scheduled__2025-05-27T10:00:00+00:00 [queued]>
[2025-05-31T10:41:23.239-0600] {taskinstance.py:2614} INFO - Dependencies all met for dep_context=requeueable deps ti=<TaskInstance: libertyPr_health_score_1.filter_duplicates scheduled__2025-05-27T10:00:00+00:00 [queued]>
[2025-05-31T10:41:23.239-0600] {taskinstance.py:2867} INFO - Starting attempt 1 of 2
[2025-05-31T10:41:23.265-0600] {taskinstance.py:2890} INFO - Executing <Task(PythonOperator): filter_duplicates> on 2025-05-27 10:00:00+00:00
[2025-05-31T10:41:23.276-0600] {warnings.py:112} WARNING - /home/***/.local/lib/python3.12/site-packages/***/task/task_runner/standard_task_runner.py:70: DeprecationWarning: This process (pid=2115) is multi-threaded, use of fork() may lead to deadlocks in the child.
  pid = os.fork()

[2025-05-31T10:41:23.278-0600] {standard_task_runner.py:72} INFO - Started process 2117 to run task
[2025-05-31T10:41:23.280-0600] {standard_task_runner.py:104} INFO - Running: ['***', 'tasks', 'run', 'libertyPr_health_score_1', 'filter_duplicates', 'scheduled__2025-05-27T10:00:00+00:00', '--job-id', '188', '--raw', '--subdir', 'DAGS_FOLDER/health_score_lpr.py', '--cfg-path', '/tmp/tmpw21u_1n8']
[2025-05-31T10:41:23.285-0600] {standard_task_runner.py:105} INFO - Job 188: Subtask filter_duplicates
[2025-05-31T10:41:23.375-0600] {task_command.py:467} INFO - Running <TaskInstance: libertyPr_health_score_1.filter_duplicates scheduled__2025-05-27T10:00:00+00:00 [running]> on host 439130e6349d
[2025-05-31T10:41:23.532-0600] {taskinstance.py:3134} INFO - Exporting env vars: AIRFLOW_CTX_DAG_OWNER='***' AIRFLOW_CTX_DAG_ID='libertyPr_health_score_1' AIRFLOW_CTX_TASK_ID='filter_duplicates' AIRFLOW_CTX_EXECUTION_DATE='2025-05-27T10:00:00+00:00' AIRFLOW_CTX_TRY_NUMBER='1' AIRFLOW_CTX_DAG_RUN_ID='scheduled__2025-05-27T10:00:00+00:00'
[2025-05-31T10:41:23.534-0600] {taskinstance.py:732} INFO - ::endgroup::
[2025-05-31T10:41:30.245-0600] {logging_mixin.py:190} INFO - 📊 Found 476768 unique cable modems after removing cloned.
[2025-05-31T10:41:44.445-0600] {logging_mixin.py:190} INFO - 🧹 Filtered out 185 CM_MACs that appeared more than 8 times.
[2025-05-31T10:41:44.446-0600] {logging_mixin.py:190} INFO - 📝 Remaining records: 1773111
[2025-05-31T10:41:44.576-0600] {python.py:240} INFO - Done. Returned value was: None
[2025-05-31T10:41:44.598-0600] {taskinstance.py:341} INFO - ::group::Post task execution logs
[2025-05-31T10:41:44.599-0600] {taskinstance.py:353} INFO - Marking task as SUCCESS. dag_id=libertyPr_health_score_1, task_id=filter_duplicates, run_id=scheduled__2025-05-27T10:00:00+00:00, execution_date=20250527T100000, start_date=20250531T164123, end_date=20250531T164144
[2025-05-31T10:41:44.689-0600] {local_task_job_runner.py:266} INFO - Task exited with return code 0
[2025-05-31T10:41:44.735-0600] {taskinstance.py:3901} INFO - 1 downstream tasks scheduled from follow-on schedule check
[2025-05-31T10:41:44.737-0600] {local_task_job_runner.py:245} INFO - ::endgroup::
[2025-05-31T22:30:32.268-0600] {local_task_job_runner.py:123} INFO - ::group::Pre task execution logs
[2025-05-31T22:30:32.310-0600] {taskinstance.py:2614} INFO - Dependencies all met for dep_context=non-requeueable deps ti=<TaskInstance: libertyPr_health_score_1.filter_duplicates scheduled__2025-05-27T10:00:00+00:00 [queued]>
[2025-05-31T22:30:32.325-0600] {taskinstance.py:2614} INFO - Dependencies all met for dep_context=requeueable deps ti=<TaskInstance: libertyPr_health_score_1.filter_duplicates scheduled__2025-05-27T10:00:00+00:00 [queued]>
[2025-05-31T22:30:32.325-0600] {taskinstance.py:2867} INFO - Starting attempt 1 of 2
[2025-05-31T22:30:32.348-0600] {taskinstance.py:2890} INFO - Executing <Task(PythonOperator): filter_duplicates> on 2025-05-27 10:00:00+00:00
[2025-05-31T22:30:32.359-0600] {warnings.py:112} WARNING - /home/***/.local/lib/python3.12/site-packages/***/task/task_runner/standard_task_runner.py:70: DeprecationWarning: This process (pid=11281) is multi-threaded, use of fork() may lead to deadlocks in the child.
  pid = os.fork()

[2025-05-31T22:30:32.362-0600] {standard_task_runner.py:72} INFO - Started process 11283 to run task
[2025-05-31T22:30:32.364-0600] {standard_task_runner.py:104} INFO - Running: ['***', 'tasks', 'run', 'libertyPr_health_score_1', 'filter_duplicates', 'scheduled__2025-05-27T10:00:00+00:00', '--job-id', '365', '--raw', '--subdir', 'DAGS_FOLDER/health_score_lpr.py', '--cfg-path', '/tmp/tmpzrsw8ywb']
[2025-05-31T22:30:32.370-0600] {standard_task_runner.py:105} INFO - Job 365: Subtask filter_duplicates
[2025-05-31T22:30:32.456-0600] {task_command.py:467} INFO - Running <TaskInstance: libertyPr_health_score_1.filter_duplicates scheduled__2025-05-27T10:00:00+00:00 [running]> on host 439130e6349d
[2025-05-31T22:30:32.605-0600] {taskinstance.py:3134} INFO - Exporting env vars: AIRFLOW_CTX_DAG_OWNER='***' AIRFLOW_CTX_DAG_ID='libertyPr_health_score_1' AIRFLOW_CTX_TASK_ID='filter_duplicates' AIRFLOW_CTX_EXECUTION_DATE='2025-05-27T10:00:00+00:00' AIRFLOW_CTX_TRY_NUMBER='1' AIRFLOW_CTX_DAG_RUN_ID='scheduled__2025-05-27T10:00:00+00:00'
[2025-05-31T22:30:32.608-0600] {taskinstance.py:732} INFO - ::endgroup::
[2025-05-31T22:30:38.872-0600] {logging_mixin.py:190} INFO - 📊 Found 476695 unique cable modems after removing cloned.
[2025-05-31T22:30:55.001-0600] {logging_mixin.py:190} INFO - 🧹 Filtered out 195 CM_MACs that appeared more than 8 times.
[2025-05-31T22:30:55.001-0600] {logging_mixin.py:190} INFO - 📝 Remaining records: 1773760
[2025-05-31T22:30:55.145-0600] {python.py:240} INFO - Done. Returned value was: None
[2025-05-31T22:30:55.165-0600] {taskinstance.py:341} INFO - ::group::Post task execution logs
[2025-05-31T22:30:55.166-0600] {taskinstance.py:353} INFO - Marking task as SUCCESS. dag_id=libertyPr_health_score_1, task_id=filter_duplicates, run_id=scheduled__2025-05-27T10:00:00+00:00, execution_date=20250527T100000, start_date=20250601T043032, end_date=20250601T043055
[2025-05-31T22:30:55.247-0600] {local_task_job_runner.py:266} INFO - Task exited with return code 0
[2025-05-31T22:30:55.294-0600] {taskinstance.py:3901} INFO - 1 downstream tasks scheduled from follow-on schedule check
[2025-05-31T22:30:55.301-0600] {local_task_job_runner.py:245} INFO - ::endgroup::
