[2025-05-31T11:37:18.823-0600] {local_task_job_runner.py:123} INFO - ::group::Pre task execution logs
[2025-05-31T11:37:18.864-0600] {taskinstance.py:2614} INFO - Dependencies all met for dep_context=non-requeueable deps ti=<TaskInstance: libertyPr_health_score_1.map_nodes scheduled__2025-05-30T10:00:00+00:00 [queued]>
[2025-05-31T11:37:18.881-0600] {taskinstance.py:2614} INFO - Dependencies all met for dep_context=requeueable deps ti=<TaskInstance: libertyPr_health_score_1.map_nodes scheduled__2025-05-30T10:00:00+00:00 [queued]>
[2025-05-31T11:37:18.882-0600] {taskinstance.py:2867} INFO - Starting attempt 1 of 2
[2025-05-31T11:37:18.908-0600] {taskinstance.py:2890} INFO - Executing <Task(PythonOperator): map_nodes> on 2025-05-30 10:00:00+00:00
[2025-05-31T11:37:18.924-0600] {warnings.py:112} WARNING - /home/***/.local/lib/python3.12/site-packages/***/task/task_runner/standard_task_runner.py:70: DeprecationWarning: This process (pid=2883) is multi-threaded, use of fork() may lead to deadlocks in the child.
  pid = os.fork()

[2025-05-31T11:37:18.928-0600] {standard_task_runner.py:72} INFO - Started process 2885 to run task
[2025-05-31T11:37:18.928-0600] {standard_task_runner.py:104} INFO - Running: ['***', 'tasks', 'run', 'libertyPr_health_score_1', 'map_nodes', 'scheduled__2025-05-30T10:00:00+00:00', '--job-id', '212', '--raw', '--subdir', 'DAGS_FOLDER/health_score_lpr.py', '--cfg-path', '/tmp/tmptz2o_spr']
[2025-05-31T11:37:18.933-0600] {standard_task_runner.py:105} INFO - Job 212: Subtask map_nodes
[2025-05-31T11:37:19.023-0600] {task_command.py:467} INFO - Running <TaskInstance: libertyPr_health_score_1.map_nodes scheduled__2025-05-30T10:00:00+00:00 [running]> on host 439130e6349d
[2025-05-31T11:37:19.178-0600] {taskinstance.py:3134} INFO - Exporting env vars: AIRFLOW_CTX_DAG_OWNER='***' AIRFLOW_CTX_DAG_ID='libertyPr_health_score_1' AIRFLOW_CTX_TASK_ID='map_nodes' AIRFLOW_CTX_EXECUTION_DATE='2025-05-30T10:00:00+00:00' AIRFLOW_CTX_TRY_NUMBER='1' AIRFLOW_CTX_DAG_RUN_ID='scheduled__2025-05-30T10:00:00+00:00'
[2025-05-31T11:37:19.179-0600] {taskinstance.py:732} INFO - ::endgroup::
[2025-05-31T11:37:19.205-0600] {logging_mixin.py:190} INFO - 📍 Loading classified modems and node map...
[2025-05-31T11:37:21.407-0600] {logging_mixin.py:190} INFO - 📦 Modems before mapping: 476488
[2025-05-31T11:37:21.873-0600] {logging_mixin.py:190} INFO - ⚠️ Modems without node mapping: 22
[2025-05-31T11:37:26.360-0600] {logging_mixin.py:190} INFO - ✅ Saved mapped modem data with node assignment to cm_mapped.csv (477832 rows)
[2025-05-31T11:37:26.420-0600] {python.py:240} INFO - Done. Returned value was: None
[2025-05-31T11:37:26.439-0600] {taskinstance.py:341} INFO - ::group::Post task execution logs
[2025-05-31T11:37:26.439-0600] {taskinstance.py:353} INFO - Marking task as SUCCESS. dag_id=libertyPr_health_score_1, task_id=map_nodes, run_id=scheduled__2025-05-30T10:00:00+00:00, execution_date=20250530T100000, start_date=20250531T173718, end_date=20250531T173726
[2025-05-31T11:37:26.531-0600] {local_task_job_runner.py:266} INFO - Task exited with return code 0
[2025-05-31T11:37:26.581-0600] {taskinstance.py:3901} INFO - 1 downstream tasks scheduled from follow-on schedule check
[2025-05-31T11:37:26.583-0600] {local_task_job_runner.py:245} INFO - ::endgroup::
[2025-05-31T14:13:19.334-0600] {local_task_job_runner.py:123} INFO - ::group::Pre task execution logs
[2025-05-31T14:13:19.372-0600] {taskinstance.py:2614} INFO - Dependencies all met for dep_context=non-requeueable deps ti=<TaskInstance: libertyPr_health_score_1.map_nodes scheduled__2025-05-30T10:00:00+00:00 [queued]>
[2025-05-31T14:13:19.387-0600] {taskinstance.py:2614} INFO - Dependencies all met for dep_context=requeueable deps ti=<TaskInstance: libertyPr_health_score_1.map_nodes scheduled__2025-05-30T10:00:00+00:00 [queued]>
[2025-05-31T14:13:19.388-0600] {taskinstance.py:2867} INFO - Starting attempt 1 of 2
[2025-05-31T14:13:19.405-0600] {taskinstance.py:2890} INFO - Executing <Task(PythonOperator): map_nodes> on 2025-05-30 10:00:00+00:00
[2025-05-31T14:13:19.417-0600] {warnings.py:112} WARNING - /home/***/.local/lib/python3.12/site-packages/***/task/task_runner/standard_task_runner.py:70: DeprecationWarning: This process (pid=4804) is multi-threaded, use of fork() may lead to deadlocks in the child.
  pid = os.fork()

[2025-05-31T14:13:19.420-0600] {standard_task_runner.py:72} INFO - Started process 4806 to run task
[2025-05-31T14:13:19.421-0600] {standard_task_runner.py:104} INFO - Running: ['***', 'tasks', 'run', 'libertyPr_health_score_1', 'map_nodes', 'scheduled__2025-05-30T10:00:00+00:00', '--job-id', '222', '--raw', '--subdir', 'DAGS_FOLDER/health_score_lpr.py', '--cfg-path', '/tmp/tmpmzh5zhi9']
[2025-05-31T14:13:19.425-0600] {standard_task_runner.py:105} INFO - Job 222: Subtask map_nodes
[2025-05-31T14:13:19.524-0600] {task_command.py:467} INFO - Running <TaskInstance: libertyPr_health_score_1.map_nodes scheduled__2025-05-30T10:00:00+00:00 [running]> on host 439130e6349d
[2025-05-31T14:13:19.662-0600] {taskinstance.py:3134} INFO - Exporting env vars: AIRFLOW_CTX_DAG_OWNER='***' AIRFLOW_CTX_DAG_ID='libertyPr_health_score_1' AIRFLOW_CTX_TASK_ID='map_nodes' AIRFLOW_CTX_EXECUTION_DATE='2025-05-30T10:00:00+00:00' AIRFLOW_CTX_TRY_NUMBER='1' AIRFLOW_CTX_DAG_RUN_ID='scheduled__2025-05-30T10:00:00+00:00'
[2025-05-31T14:13:19.664-0600] {taskinstance.py:732} INFO - ::endgroup::
[2025-05-31T14:13:19.690-0600] {logging_mixin.py:190} INFO - 📍 Loading classified modems and node map...
[2025-05-31T14:13:22.052-0600] {logging_mixin.py:190} INFO - 📦 Modems before mapping: 476488
[2025-05-31T14:13:22.539-0600] {logging_mixin.py:190} INFO - ⚠️ Modems without node mapping: 22
[2025-05-31T14:13:27.244-0600] {logging_mixin.py:190} INFO - ✅ Saved mapped modem data with node assignment to cm_mapped.csv (477832 rows)
[2025-05-31T14:13:27.305-0600] {python.py:240} INFO - Done. Returned value was: None
[2025-05-31T14:13:27.325-0600] {taskinstance.py:341} INFO - ::group::Post task execution logs
[2025-05-31T14:13:27.326-0600] {taskinstance.py:353} INFO - Marking task as SUCCESS. dag_id=libertyPr_health_score_1, task_id=map_nodes, run_id=scheduled__2025-05-30T10:00:00+00:00, execution_date=20250530T100000, start_date=20250531T201319, end_date=20250531T201327
[2025-05-31T14:13:27.412-0600] {local_task_job_runner.py:266} INFO - Task exited with return code 0
[2025-05-31T14:13:27.463-0600] {taskinstance.py:3901} INFO - 1 downstream tasks scheduled from follow-on schedule check
[2025-05-31T14:13:27.466-0600] {local_task_job_runner.py:245} INFO - ::endgroup::
[2025-05-31T14:46:46.067-0600] {local_task_job_runner.py:123} INFO - ::group::Pre task execution logs
[2025-05-31T14:46:46.109-0600] {taskinstance.py:2614} INFO - Dependencies all met for dep_context=non-requeueable deps ti=<TaskInstance: libertyPr_health_score_1.map_nodes scheduled__2025-05-30T10:00:00+00:00 [queued]>
[2025-05-31T14:46:46.126-0600] {taskinstance.py:2614} INFO - Dependencies all met for dep_context=requeueable deps ti=<TaskInstance: libertyPr_health_score_1.map_nodes scheduled__2025-05-30T10:00:00+00:00 [queued]>
[2025-05-31T14:46:46.127-0600] {taskinstance.py:2867} INFO - Starting attempt 1 of 2
[2025-05-31T14:46:46.149-0600] {taskinstance.py:2890} INFO - Executing <Task(PythonOperator): map_nodes> on 2025-05-30 10:00:00+00:00
[2025-05-31T14:46:46.161-0600] {warnings.py:112} WARNING - /home/***/.local/lib/python3.12/site-packages/***/task/task_runner/standard_task_runner.py:70: DeprecationWarning: This process (pid=5234) is multi-threaded, use of fork() may lead to deadlocks in the child.
  pid = os.fork()

[2025-05-31T14:46:46.165-0600] {standard_task_runner.py:72} INFO - Started process 5236 to run task
[2025-05-31T14:46:46.166-0600] {standard_task_runner.py:104} INFO - Running: ['***', 'tasks', 'run', 'libertyPr_health_score_1', 'map_nodes', 'scheduled__2025-05-30T10:00:00+00:00', '--job-id', '229', '--raw', '--subdir', 'DAGS_FOLDER/health_score_lpr.py', '--cfg-path', '/tmp/tmp86zam6cd']
[2025-05-31T14:46:46.170-0600] {standard_task_runner.py:105} INFO - Job 229: Subtask map_nodes
[2025-05-31T14:46:46.270-0600] {task_command.py:467} INFO - Running <TaskInstance: libertyPr_health_score_1.map_nodes scheduled__2025-05-30T10:00:00+00:00 [running]> on host 439130e6349d
[2025-05-31T14:46:46.434-0600] {taskinstance.py:3134} INFO - Exporting env vars: AIRFLOW_CTX_DAG_OWNER='***' AIRFLOW_CTX_DAG_ID='libertyPr_health_score_1' AIRFLOW_CTX_TASK_ID='map_nodes' AIRFLOW_CTX_EXECUTION_DATE='2025-05-30T10:00:00+00:00' AIRFLOW_CTX_TRY_NUMBER='1' AIRFLOW_CTX_DAG_RUN_ID='scheduled__2025-05-30T10:00:00+00:00'
[2025-05-31T14:46:46.436-0600] {taskinstance.py:732} INFO - ::endgroup::
[2025-05-31T14:46:46.466-0600] {logging_mixin.py:190} INFO - 📍 Loading classified modems and node map...
[2025-05-31T14:46:48.712-0600] {logging_mixin.py:190} INFO - 📦 Modems before mapping: 476363
[2025-05-31T14:46:49.163-0600] {logging_mixin.py:190} INFO - ⚠️ Modems without node mapping: 26
[2025-05-31T14:46:53.484-0600] {logging_mixin.py:190} INFO - ✅ Saved mapped modem data with node assignment to cm_mapped.csv (477707 rows)
[2025-05-31T14:46:53.545-0600] {python.py:240} INFO - Done. Returned value was: None
[2025-05-31T14:46:53.566-0600] {taskinstance.py:341} INFO - ::group::Post task execution logs
[2025-05-31T14:46:53.566-0600] {taskinstance.py:353} INFO - Marking task as SUCCESS. dag_id=libertyPr_health_score_1, task_id=map_nodes, run_id=scheduled__2025-05-30T10:00:00+00:00, execution_date=20250530T100000, start_date=20250531T204646, end_date=20250531T204653
[2025-05-31T14:46:53.658-0600] {local_task_job_runner.py:266} INFO - Task exited with return code 0
[2025-05-31T14:46:53.722-0600] {taskinstance.py:3901} INFO - 1 downstream tasks scheduled from follow-on schedule check
[2025-05-31T14:46:53.724-0600] {local_task_job_runner.py:245} INFO - ::endgroup::
[2025-05-31T15:30:43.155-0600] {local_task_job_runner.py:123} INFO - ::group::Pre task execution logs
[2025-05-31T15:30:43.202-0600] {taskinstance.py:2614} INFO - Dependencies all met for dep_context=non-requeueable deps ti=<TaskInstance: libertyPr_health_score_1.map_nodes scheduled__2025-05-30T10:00:00+00:00 [queued]>
[2025-05-31T15:30:43.221-0600] {taskinstance.py:2614} INFO - Dependencies all met for dep_context=requeueable deps ti=<TaskInstance: libertyPr_health_score_1.map_nodes scheduled__2025-05-30T10:00:00+00:00 [queued]>
[2025-05-31T15:30:43.221-0600] {taskinstance.py:2867} INFO - Starting attempt 1 of 2
[2025-05-31T15:30:43.242-0600] {taskinstance.py:2890} INFO - Executing <Task(PythonOperator): map_nodes> on 2025-05-30 10:00:00+00:00
[2025-05-31T15:30:43.254-0600] {warnings.py:112} WARNING - /home/***/.local/lib/python3.12/site-packages/***/task/task_runner/standard_task_runner.py:70: DeprecationWarning: This process (pid=5819) is multi-threaded, use of fork() may lead to deadlocks in the child.
  pid = os.fork()

[2025-05-31T15:30:43.257-0600] {standard_task_runner.py:72} INFO - Started process 5821 to run task
[2025-05-31T15:30:43.258-0600] {standard_task_runner.py:104} INFO - Running: ['***', 'tasks', 'run', 'libertyPr_health_score_1', 'map_nodes', 'scheduled__2025-05-30T10:00:00+00:00', '--job-id', '243', '--raw', '--subdir', 'DAGS_FOLDER/health_score_lpr.py', '--cfg-path', '/tmp/tmpa6m98u8o']
[2025-05-31T15:30:43.264-0600] {standard_task_runner.py:105} INFO - Job 243: Subtask map_nodes
[2025-05-31T15:30:43.351-0600] {task_command.py:467} INFO - Running <TaskInstance: libertyPr_health_score_1.map_nodes scheduled__2025-05-30T10:00:00+00:00 [running]> on host 439130e6349d
[2025-05-31T15:30:43.514-0600] {taskinstance.py:3134} INFO - Exporting env vars: AIRFLOW_CTX_DAG_OWNER='***' AIRFLOW_CTX_DAG_ID='libertyPr_health_score_1' AIRFLOW_CTX_TASK_ID='map_nodes' AIRFLOW_CTX_EXECUTION_DATE='2025-05-30T10:00:00+00:00' AIRFLOW_CTX_TRY_NUMBER='1' AIRFLOW_CTX_DAG_RUN_ID='scheduled__2025-05-30T10:00:00+00:00'
[2025-05-31T15:30:43.516-0600] {taskinstance.py:732} INFO - ::endgroup::
[2025-05-31T15:30:43.548-0600] {logging_mixin.py:190} INFO - 📍 Loading classified modems and node map...
[2025-05-31T15:30:46.270-0600] {logging_mixin.py:190} INFO - 📦 Modems before mapping: 476363
[2025-05-31T15:30:46.861-0600] {logging_mixin.py:190} INFO - ⚠️ Modems without node mapping: 26
[2025-05-31T15:30:51.425-0600] {logging_mixin.py:190} INFO - ✅ Saved mapped modem data with node assignment to cm_mapped.csv (477707 rows)
[2025-05-31T15:30:51.490-0600] {python.py:240} INFO - Done. Returned value was: None
[2025-05-31T15:30:51.510-0600] {taskinstance.py:341} INFO - ::group::Post task execution logs
[2025-05-31T15:30:51.511-0600] {taskinstance.py:353} INFO - Marking task as SUCCESS. dag_id=libertyPr_health_score_1, task_id=map_nodes, run_id=scheduled__2025-05-30T10:00:00+00:00, execution_date=20250530T100000, start_date=20250531T213043, end_date=20250531T213051
[2025-05-31T15:30:51.608-0600] {local_task_job_runner.py:266} INFO - Task exited with return code 0
[2025-05-31T15:30:51.654-0600] {taskinstance.py:3901} INFO - 1 downstream tasks scheduled from follow-on schedule check
[2025-05-31T15:30:51.656-0600] {local_task_job_runner.py:245} INFO - ::endgroup::
[2025-05-31T17:26:46.575-0600] {local_task_job_runner.py:123} INFO - ::group::Pre task execution logs
[2025-05-31T17:26:46.615-0600] {taskinstance.py:2614} INFO - Dependencies all met for dep_context=non-requeueable deps ti=<TaskInstance: libertyPr_health_score_1.map_nodes scheduled__2025-05-30T10:00:00+00:00 [queued]>
[2025-05-31T17:26:46.633-0600] {taskinstance.py:2614} INFO - Dependencies all met for dep_context=requeueable deps ti=<TaskInstance: libertyPr_health_score_1.map_nodes scheduled__2025-05-30T10:00:00+00:00 [queued]>
[2025-05-31T17:26:46.633-0600] {taskinstance.py:2867} INFO - Starting attempt 1 of 2
[2025-05-31T17:26:46.656-0600] {taskinstance.py:2890} INFO - Executing <Task(PythonOperator): map_nodes> on 2025-05-30 10:00:00+00:00
[2025-05-31T17:26:46.671-0600] {warnings.py:112} WARNING - /home/***/.local/lib/python3.12/site-packages/***/task/task_runner/standard_task_runner.py:70: DeprecationWarning: This process (pid=7292) is multi-threaded, use of fork() may lead to deadlocks in the child.
  pid = os.fork()

[2025-05-31T17:26:46.674-0600] {standard_task_runner.py:72} INFO - Started process 7294 to run task
[2025-05-31T17:26:46.675-0600] {standard_task_runner.py:104} INFO - Running: ['***', 'tasks', 'run', 'libertyPr_health_score_1', 'map_nodes', 'scheduled__2025-05-30T10:00:00+00:00', '--job-id', '272', '--raw', '--subdir', 'DAGS_FOLDER/health_score_lpr.py', '--cfg-path', '/tmp/tmpr_q587ge']
[2025-05-31T17:26:46.679-0600] {standard_task_runner.py:105} INFO - Job 272: Subtask map_nodes
[2025-05-31T17:26:46.767-0600] {task_command.py:467} INFO - Running <TaskInstance: libertyPr_health_score_1.map_nodes scheduled__2025-05-30T10:00:00+00:00 [running]> on host 439130e6349d
[2025-05-31T17:26:46.954-0600] {taskinstance.py:3134} INFO - Exporting env vars: AIRFLOW_CTX_DAG_OWNER='***' AIRFLOW_CTX_DAG_ID='libertyPr_health_score_1' AIRFLOW_CTX_TASK_ID='map_nodes' AIRFLOW_CTX_EXECUTION_DATE='2025-05-30T10:00:00+00:00' AIRFLOW_CTX_TRY_NUMBER='1' AIRFLOW_CTX_DAG_RUN_ID='scheduled__2025-05-30T10:00:00+00:00'
[2025-05-31T17:26:46.957-0600] {taskinstance.py:732} INFO - ::endgroup::
[2025-05-31T17:26:46.961-0600] {logging_mixin.py:190} INFO - 📍 Loading classified modems and node map...
[2025-05-31T17:26:49.385-0600] {logging_mixin.py:190} INFO - 📦 Modems before mapping: 476363
[2025-05-31T17:26:49.879-0600] {logging_mixin.py:190} INFO - ⚠️ Modems without node mapping: 26
[2025-05-31T17:26:54.757-0600] {logging_mixin.py:190} INFO - ✅ Saved mapped modem data with node assignment to cm_mapped.csv (477707 rows)
[2025-05-31T17:26:54.817-0600] {python.py:240} INFO - Done. Returned value was: None
[2025-05-31T17:26:54.836-0600] {taskinstance.py:341} INFO - ::group::Post task execution logs
[2025-05-31T17:26:54.837-0600] {taskinstance.py:353} INFO - Marking task as SUCCESS. dag_id=libertyPr_health_score_1, task_id=map_nodes, run_id=scheduled__2025-05-30T10:00:00+00:00, execution_date=20250530T100000, start_date=20250531T232646, end_date=20250531T232654
[2025-05-31T17:26:54.949-0600] {local_task_job_runner.py:266} INFO - Task exited with return code 0
[2025-05-31T17:26:54.996-0600] {taskinstance.py:3901} INFO - 1 downstream tasks scheduled from follow-on schedule check
[2025-05-31T17:26:55.000-0600] {local_task_job_runner.py:245} INFO - ::endgroup::
[2025-05-31T18:50:40.434-0600] {local_task_job_runner.py:123} INFO - ::group::Pre task execution logs
[2025-05-31T18:50:40.480-0600] {taskinstance.py:2614} INFO - Dependencies all met for dep_context=non-requeueable deps ti=<TaskInstance: libertyPr_health_score_1.map_nodes scheduled__2025-05-30T10:00:00+00:00 [queued]>
[2025-05-31T18:50:40.493-0600] {taskinstance.py:2614} INFO - Dependencies all met for dep_context=requeueable deps ti=<TaskInstance: libertyPr_health_score_1.map_nodes scheduled__2025-05-30T10:00:00+00:00 [queued]>
[2025-05-31T18:50:40.493-0600] {taskinstance.py:2867} INFO - Starting attempt 1 of 2
[2025-05-31T18:50:40.518-0600] {taskinstance.py:2890} INFO - Executing <Task(PythonOperator): map_nodes> on 2025-05-30 10:00:00+00:00
[2025-05-31T18:50:40.532-0600] {warnings.py:112} WARNING - /home/***/.local/lib/python3.12/site-packages/***/task/task_runner/standard_task_runner.py:70: DeprecationWarning: This process (pid=8355) is multi-threaded, use of fork() may lead to deadlocks in the child.
  pid = os.fork()

[2025-05-31T18:50:40.536-0600] {standard_task_runner.py:72} INFO - Started process 8357 to run task
[2025-05-31T18:50:40.537-0600] {standard_task_runner.py:104} INFO - Running: ['***', 'tasks', 'run', 'libertyPr_health_score_1', 'map_nodes', 'scheduled__2025-05-30T10:00:00+00:00', '--job-id', '288', '--raw', '--subdir', 'DAGS_FOLDER/health_score_lpr.py', '--cfg-path', '/tmp/tmpn6rz__h1']
[2025-05-31T18:50:40.543-0600] {standard_task_runner.py:105} INFO - Job 288: Subtask map_nodes
[2025-05-31T18:50:40.653-0600] {task_command.py:467} INFO - Running <TaskInstance: libertyPr_health_score_1.map_nodes scheduled__2025-05-30T10:00:00+00:00 [running]> on host 439130e6349d
[2025-05-31T18:50:40.875-0600] {taskinstance.py:3134} INFO - Exporting env vars: AIRFLOW_CTX_DAG_OWNER='***' AIRFLOW_CTX_DAG_ID='libertyPr_health_score_1' AIRFLOW_CTX_TASK_ID='map_nodes' AIRFLOW_CTX_EXECUTION_DATE='2025-05-30T10:00:00+00:00' AIRFLOW_CTX_TRY_NUMBER='1' AIRFLOW_CTX_DAG_RUN_ID='scheduled__2025-05-30T10:00:00+00:00'
[2025-05-31T18:50:40.878-0600] {taskinstance.py:732} INFO - ::endgroup::
[2025-05-31T18:50:40.883-0600] {logging_mixin.py:190} INFO - 📍 Loading classified modems and node map...
[2025-05-31T18:50:43.283-0600] {logging_mixin.py:190} INFO - 📦 Modems before mapping: 476363
[2025-05-31T18:50:43.767-0600] {logging_mixin.py:190} INFO - ⚠️ Modems without node mapping: 26
[2025-05-31T18:50:48.536-0600] {logging_mixin.py:190} INFO - ✅ Saved mapped modem data with node assignment to cm_mapped.csv (477707 rows)
[2025-05-31T18:50:48.605-0600] {python.py:240} INFO - Done. Returned value was: None
[2025-05-31T18:50:48.627-0600] {taskinstance.py:341} INFO - ::group::Post task execution logs
[2025-05-31T18:50:48.628-0600] {taskinstance.py:353} INFO - Marking task as SUCCESS. dag_id=libertyPr_health_score_1, task_id=map_nodes, run_id=scheduled__2025-05-30T10:00:00+00:00, execution_date=20250530T100000, start_date=20250601T005040, end_date=20250601T005048
[2025-05-31T18:50:48.727-0600] {local_task_job_runner.py:266} INFO - Task exited with return code 0
[2025-05-31T18:50:48.782-0600] {taskinstance.py:3901} INFO - 1 downstream tasks scheduled from follow-on schedule check
[2025-05-31T18:50:48.784-0600] {local_task_job_runner.py:245} INFO - ::endgroup::
[2025-05-31T23:28:12.825-0600] {local_task_job_runner.py:123} INFO - ::group::Pre task execution logs
[2025-05-31T23:28:12.866-0600] {taskinstance.py:2614} INFO - Dependencies all met for dep_context=non-requeueable deps ti=<TaskInstance: libertyPr_health_score_1.map_nodes scheduled__2025-05-30T10:00:00+00:00 [queued]>
[2025-05-31T23:28:12.880-0600] {taskinstance.py:2614} INFO - Dependencies all met for dep_context=requeueable deps ti=<TaskInstance: libertyPr_health_score_1.map_nodes scheduled__2025-05-30T10:00:00+00:00 [queued]>
[2025-05-31T23:28:12.882-0600] {taskinstance.py:2867} INFO - Starting attempt 1 of 2
[2025-05-31T23:28:12.905-0600] {taskinstance.py:2890} INFO - Executing <Task(PythonOperator): map_nodes> on 2025-05-30 10:00:00+00:00
[2025-05-31T23:28:12.917-0600] {warnings.py:112} WARNING - /home/***/.local/lib/python3.12/site-packages/***/task/task_runner/standard_task_runner.py:70: DeprecationWarning: This process (pid=12048) is multi-threaded, use of fork() may lead to deadlocks in the child.
  pid = os.fork()

[2025-05-31T23:28:12.920-0600] {standard_task_runner.py:72} INFO - Started process 12050 to run task
[2025-05-31T23:28:12.921-0600] {standard_task_runner.py:104} INFO - Running: ['***', 'tasks', 'run', 'libertyPr_health_score_1', 'map_nodes', 'scheduled__2025-05-30T10:00:00+00:00', '--job-id', '392', '--raw', '--subdir', 'DAGS_FOLDER/health_score_lpr.py', '--cfg-path', '/tmp/tmpm8xsptcg']
[2025-05-31T23:28:12.925-0600] {standard_task_runner.py:105} INFO - Job 392: Subtask map_nodes
[2025-05-31T23:28:13.012-0600] {task_command.py:467} INFO - Running <TaskInstance: libertyPr_health_score_1.map_nodes scheduled__2025-05-30T10:00:00+00:00 [running]> on host 439130e6349d
[2025-05-31T23:28:13.170-0600] {taskinstance.py:3134} INFO - Exporting env vars: AIRFLOW_CTX_DAG_OWNER='***' AIRFLOW_CTX_DAG_ID='libertyPr_health_score_1' AIRFLOW_CTX_TASK_ID='map_nodes' AIRFLOW_CTX_EXECUTION_DATE='2025-05-30T10:00:00+00:00' AIRFLOW_CTX_TRY_NUMBER='1' AIRFLOW_CTX_DAG_RUN_ID='scheduled__2025-05-30T10:00:00+00:00'
[2025-05-31T23:28:13.172-0600] {taskinstance.py:732} INFO - ::endgroup::
[2025-05-31T23:28:13.177-0600] {logging_mixin.py:190} INFO - 📍 Loading classified modems and node map...
[2025-05-31T23:28:15.511-0600] {logging_mixin.py:190} INFO - 📦 Modems before mapping: 476363
[2025-05-31T23:28:15.984-0600] {logging_mixin.py:190} INFO - ⚠️ Modems without node mapping: 26
[2025-05-31T23:28:20.318-0600] {logging_mixin.py:190} INFO - ✅ Saved mapped modem data with node assignment to cm_mapped.csv (477707 rows)
[2025-05-31T23:28:20.382-0600] {python.py:240} INFO - Done. Returned value was: None
[2025-05-31T23:28:20.400-0600] {taskinstance.py:341} INFO - ::group::Post task execution logs
[2025-05-31T23:28:20.401-0600] {taskinstance.py:353} INFO - Marking task as SUCCESS. dag_id=libertyPr_health_score_1, task_id=map_nodes, run_id=scheduled__2025-05-30T10:00:00+00:00, execution_date=20250530T100000, start_date=20250601T052812, end_date=20250601T052820
[2025-05-31T23:28:20.505-0600] {local_task_job_runner.py:266} INFO - Task exited with return code 0
[2025-05-31T23:28:20.557-0600] {taskinstance.py:3901} INFO - 1 downstream tasks scheduled from follow-on schedule check
[2025-05-31T23:28:20.560-0600] {local_task_job_runner.py:245} INFO - ::endgroup::
