[2025-05-23T13:37:22.014-0600] {local_task_job_runner.py:123} INFO - ::group::Pre task execution logs
[2025-05-23T13:37:22.052-0600] {taskinstance.py:2614} INFO - Dependencies all met for dep_context=non-requeueable deps ti=<TaskInstance: libertyPr_health_score.rank_nodes manual__2025-05-23T16:50:26.676685+00:00 [queued]>
[2025-05-23T13:37:22.066-0600] {taskinstance.py:2614} INFO - Dependencies all met for dep_context=requeueable deps ti=<TaskInstance: libertyPr_health_score.rank_nodes manual__2025-05-23T16:50:26.676685+00:00 [queued]>
[2025-05-23T13:37:22.066-0600] {taskinstance.py:2867} INFO - Starting attempt 2 of 3
[2025-05-23T13:37:22.083-0600] {taskinstance.py:2890} INFO - Executing <Task(PythonOperator): rank_nodes> on 2025-05-23 16:50:26.676685+00:00
[2025-05-23T13:37:22.094-0600] {warnings.py:112} WARNING - /home/***/.local/lib/python3.12/site-packages/***/task/task_runner/standard_task_runner.py:70: DeprecationWarning: This process (pid=2405) is multi-threaded, use of fork() may lead to deadlocks in the child.
  pid = os.fork()

[2025-05-23T13:37:22.096-0600] {standard_task_runner.py:72} INFO - Started process 2407 to run task
[2025-05-23T13:37:22.098-0600] {standard_task_runner.py:104} INFO - Running: ['***', 'tasks', 'run', 'libertyPr_health_score', 'rank_nodes', 'manual__2025-05-23T16:50:26.676685+00:00', '--job-id', '41', '--raw', '--subdir', 'DAGS_FOLDER/health_score_lpr.py', '--cfg-path', '/tmp/tmp9sflngll']
[2025-05-23T13:37:22.103-0600] {standard_task_runner.py:105} INFO - Job 41: Subtask rank_nodes
[2025-05-23T13:37:22.183-0600] {task_command.py:467} INFO - Running <TaskInstance: libertyPr_health_score.rank_nodes manual__2025-05-23T16:50:26.676685+00:00 [running]> on host 439130e6349d
[2025-05-23T13:37:22.326-0600] {taskinstance.py:3134} INFO - Exporting env vars: AIRFLOW_CTX_DAG_OWNER='***' AIRFLOW_CTX_DAG_ID='libertyPr_health_score' AIRFLOW_CTX_TASK_ID='rank_nodes' AIRFLOW_CTX_EXECUTION_DATE='2025-05-23T16:50:26.676685+00:00' AIRFLOW_CTX_TRY_NUMBER='2' AIRFLOW_CTX_DAG_RUN_ID='manual__2025-05-23T16:50:26.676685+00:00'
[2025-05-23T13:37:22.328-0600] {taskinstance.py:732} INFO - ::endgroup::
[2025-05-23T13:38:20.547-0600] {logging_mixin.py:190} INFO - 📊 Ranked 3607 nodes and saved results to node_ranking_results.csv.
[2025-05-23T13:38:20.616-0600] {python.py:240} INFO - Done. Returned value was: None
[2025-05-23T13:38:20.650-0600] {taskinstance.py:341} INFO - ::group::Post task execution logs
[2025-05-23T13:38:20.651-0600] {taskinstance.py:353} INFO - Marking task as SUCCESS. dag_id=libertyPr_health_score, task_id=rank_nodes, run_id=manual__2025-05-23T16:50:26.676685+00:00, execution_date=20250523T165026, start_date=20250523T193722, end_date=20250523T193820
[2025-05-23T13:38:20.794-0600] {local_task_job_runner.py:266} INFO - Task exited with return code 0
[2025-05-23T13:38:20.860-0600] {taskinstance.py:3901} INFO - 1 downstream tasks scheduled from follow-on schedule check
[2025-05-23T13:38:20.863-0600] {local_task_job_runner.py:245} INFO - ::endgroup::
