[2025-05-31T09:53:13.452-0600] {local_task_job_runner.py:123} INFO - ::group::Pre task execution logs
[2025-05-31T09:53:13.521-0600] {taskinstance.py:2614} INFO - Dependencies all met for dep_context=non-requeueable deps ti=<TaskInstance: libertyPr_health_score_1.map_nodes scheduled__2025-05-23T10:00:00+00:00 [queued]>
[2025-05-31T09:53:13.545-0600] {taskinstance.py:2614} INFO - Dependencies all met for dep_context=requeueable deps ti=<TaskInstance: libertyPr_health_score_1.map_nodes scheduled__2025-05-23T10:00:00+00:00 [queued]>
[2025-05-31T09:53:13.546-0600] {taskinstance.py:2867} INFO - Starting attempt 1 of 2
[2025-05-31T09:53:13.570-0600] {taskinstance.py:2890} INFO - Executing <Task(PythonOperator): map_nodes> on 2025-05-23 10:00:00+00:00
[2025-05-31T09:53:13.583-0600] {warnings.py:112} WARNING - /home/***/.local/lib/python3.12/site-packages/***/task/task_runner/standard_task_runner.py:70: DeprecationWarning: This process (pid=1441) is multi-threaded, use of fork() may lead to deadlocks in the child.
  pid = os.fork()

[2025-05-31T09:53:13.586-0600] {standard_task_runner.py:72} INFO - Started process 1443 to run task
[2025-05-31T09:53:13.587-0600] {standard_task_runner.py:104} INFO - Running: ['***', 'tasks', 'run', 'libertyPr_health_score_1', 'map_nodes', 'scheduled__2025-05-23T10:00:00+00:00', '--job-id', '163', '--raw', '--subdir', 'DAGS_FOLDER/health_score_lpr.py', '--cfg-path', '/tmp/tmpnodrs266']
[2025-05-31T09:53:13.591-0600] {standard_task_runner.py:105} INFO - Job 163: Subtask map_nodes
[2025-05-31T09:53:13.683-0600] {task_command.py:467} INFO - Running <TaskInstance: libertyPr_health_score_1.map_nodes scheduled__2025-05-23T10:00:00+00:00 [running]> on host 439130e6349d
[2025-05-31T09:53:13.847-0600] {taskinstance.py:3134} INFO - Exporting env vars: AIRFLOW_CTX_DAG_OWNER='***' AIRFLOW_CTX_DAG_ID='libertyPr_health_score_1' AIRFLOW_CTX_TASK_ID='map_nodes' AIRFLOW_CTX_EXECUTION_DATE='2025-05-23T10:00:00+00:00' AIRFLOW_CTX_TRY_NUMBER='1' AIRFLOW_CTX_DAG_RUN_ID='scheduled__2025-05-23T10:00:00+00:00'
[2025-05-31T09:53:13.849-0600] {taskinstance.py:732} INFO - ::endgroup::
[2025-05-31T09:53:13.876-0600] {logging_mixin.py:190} INFO - 📍 Loading classified modems and node map...
[2025-05-31T09:53:16.373-0600] {logging_mixin.py:190} INFO - 📦 Modems before mapping: 477613
[2025-05-31T09:53:16.880-0600] {logging_mixin.py:190} INFO - ⚠️ Modems without node mapping: 21
[2025-05-31T09:53:21.586-0600] {logging_mixin.py:190} INFO - ✅ Saved mapped modem data with node assignment to cm_mapped.csv (478781 rows)
[2025-05-31T09:53:21.647-0600] {python.py:240} INFO - Done. Returned value was: None
[2025-05-31T09:53:21.668-0600] {taskinstance.py:341} INFO - ::group::Post task execution logs
[2025-05-31T09:53:21.668-0600] {taskinstance.py:353} INFO - Marking task as SUCCESS. dag_id=libertyPr_health_score_1, task_id=map_nodes, run_id=scheduled__2025-05-23T10:00:00+00:00, execution_date=20250523T100000, start_date=20250531T155313, end_date=20250531T155321
[2025-05-31T09:53:21.777-0600] {local_task_job_runner.py:266} INFO - Task exited with return code 0
[2025-05-31T09:53:21.825-0600] {taskinstance.py:3901} INFO - 1 downstream tasks scheduled from follow-on schedule check
[2025-05-31T09:53:21.827-0600] {local_task_job_runner.py:245} INFO - ::endgroup::
[2025-05-31T21:41:39.419-0600] {local_task_job_runner.py:123} INFO - ::group::Pre task execution logs
[2025-05-31T21:41:39.458-0600] {taskinstance.py:2614} INFO - Dependencies all met for dep_context=non-requeueable deps ti=<TaskInstance: libertyPr_health_score_1.map_nodes scheduled__2025-05-23T10:00:00+00:00 [queued]>
[2025-05-31T21:41:39.471-0600] {taskinstance.py:2614} INFO - Dependencies all met for dep_context=requeueable deps ti=<TaskInstance: libertyPr_health_score_1.map_nodes scheduled__2025-05-23T10:00:00+00:00 [queued]>
[2025-05-31T21:41:39.471-0600] {taskinstance.py:2867} INFO - Starting attempt 1 of 2
[2025-05-31T21:41:39.490-0600] {taskinstance.py:2890} INFO - Executing <Task(PythonOperator): map_nodes> on 2025-05-23 10:00:00+00:00
[2025-05-31T21:41:39.501-0600] {warnings.py:112} WARNING - /home/***/.local/lib/python3.12/site-packages/***/task/task_runner/standard_task_runner.py:70: DeprecationWarning: This process (pid=10584) is multi-threaded, use of fork() may lead to deadlocks in the child.
  pid = os.fork()

[2025-05-31T21:41:39.504-0600] {standard_task_runner.py:72} INFO - Started process 10586 to run task
[2025-05-31T21:41:39.505-0600] {standard_task_runner.py:104} INFO - Running: ['***', 'tasks', 'run', 'libertyPr_health_score_1', 'map_nodes', 'scheduled__2025-05-23T10:00:00+00:00', '--job-id', '336', '--raw', '--subdir', 'DAGS_FOLDER/health_score_lpr.py', '--cfg-path', '/tmp/tmpiaotzw8b']
[2025-05-31T21:41:39.509-0600] {standard_task_runner.py:105} INFO - Job 336: Subtask map_nodes
[2025-05-31T21:41:39.589-0600] {task_command.py:467} INFO - Running <TaskInstance: libertyPr_health_score_1.map_nodes scheduled__2025-05-23T10:00:00+00:00 [running]> on host 439130e6349d
[2025-05-31T21:41:39.733-0600] {taskinstance.py:3134} INFO - Exporting env vars: AIRFLOW_CTX_DAG_OWNER='***' AIRFLOW_CTX_DAG_ID='libertyPr_health_score_1' AIRFLOW_CTX_TASK_ID='map_nodes' AIRFLOW_CTX_EXECUTION_DATE='2025-05-23T10:00:00+00:00' AIRFLOW_CTX_TRY_NUMBER='1' AIRFLOW_CTX_DAG_RUN_ID='scheduled__2025-05-23T10:00:00+00:00'
[2025-05-31T21:41:39.735-0600] {taskinstance.py:732} INFO - ::endgroup::
[2025-05-31T21:41:39.739-0600] {logging_mixin.py:190} INFO - 📍 Loading classified modems and node map...
[2025-05-31T21:41:42.252-0600] {logging_mixin.py:190} INFO - 📦 Modems before mapping: 477493
[2025-05-31T21:41:42.694-0600] {logging_mixin.py:190} INFO - ⚠️ Modems without node mapping: 16
[2025-05-31T21:41:48.475-0600] {logging_mixin.py:190} INFO - ✅ Saved mapped modem data with node assignment to cm_mapped.csv (478839 rows)
[2025-05-31T21:41:48.543-0600] {python.py:240} INFO - Done. Returned value was: None
[2025-05-31T21:41:48.576-0600] {taskinstance.py:341} INFO - ::group::Post task execution logs
[2025-05-31T21:41:48.576-0600] {taskinstance.py:353} INFO - Marking task as SUCCESS. dag_id=libertyPr_health_score_1, task_id=map_nodes, run_id=scheduled__2025-05-23T10:00:00+00:00, execution_date=20250523T100000, start_date=20250601T034139, end_date=20250601T034148
[2025-05-31T21:41:48.689-0600] {local_task_job_runner.py:266} INFO - Task exited with return code 0
[2025-05-31T21:41:48.734-0600] {taskinstance.py:3901} INFO - 1 downstream tasks scheduled from follow-on schedule check
[2025-05-31T21:41:48.736-0600] {local_task_job_runner.py:245} INFO - ::endgroup::
