[2025-05-31T08:27:35.757-0600] {local_task_job_runner.py:123} INFO - ::group::Pre task execution logs
[2025-05-31T08:27:35.804-0600] {taskinstance.py:2614} INFO - Dependencies all met for dep_context=non-requeueable deps ti=<TaskInstance: libertyPr_health_score_1.filter_duplicates scheduled__2025-05-24T10:00:00+00:00 [queued]>
[2025-05-31T08:27:35.816-0600] {taskinstance.py:2614} INFO - Dependencies all met for dep_context=requeueable deps ti=<TaskInstance: libertyPr_health_score_1.filter_duplicates scheduled__2025-05-24T10:00:00+00:00 [queued]>
[2025-05-31T08:27:35.817-0600] {taskinstance.py:2867} INFO - Starting attempt 1 of 2
[2025-05-31T08:27:35.835-0600] {taskinstance.py:2890} INFO - Executing <Task(PythonOperator): filter_duplicates> on 2025-05-24 10:00:00+00:00
[2025-05-31T08:27:35.845-0600] {warnings.py:112} WARNING - /home/***/.local/lib/python3.12/site-packages/***/task/task_runner/standard_task_runner.py:70: DeprecationWarning: This process (pid=336) is multi-threaded, use of fork() may lead to deadlocks in the child.
  pid = os.fork()

[2025-05-31T08:27:35.847-0600] {standard_task_runner.py:72} INFO - Started process 338 to run task
[2025-05-31T08:27:35.848-0600] {standard_task_runner.py:104} INFO - Running: ['***', 'tasks', 'run', 'libertyPr_health_score_1', 'filter_duplicates', 'scheduled__2025-05-24T10:00:00+00:00', '--job-id', '147', '--raw', '--subdir', 'DAGS_FOLDER/health_score_lpr.py', '--cfg-path', '/tmp/tmp0izsmzo_']
[2025-05-31T08:27:35.853-0600] {standard_task_runner.py:105} INFO - Job 147: Subtask filter_duplicates
[2025-05-31T08:27:35.935-0600] {task_command.py:467} INFO - Running <TaskInstance: libertyPr_health_score_1.filter_duplicates scheduled__2025-05-24T10:00:00+00:00 [running]> on host 439130e6349d
[2025-05-31T08:27:36.091-0600] {taskinstance.py:3134} INFO - Exporting env vars: AIRFLOW_CTX_DAG_OWNER='***' AIRFLOW_CTX_DAG_ID='libertyPr_health_score_1' AIRFLOW_CTX_TASK_ID='filter_duplicates' AIRFLOW_CTX_EXECUTION_DATE='2025-05-24T10:00:00+00:00' AIRFLOW_CTX_TRY_NUMBER='1' AIRFLOW_CTX_DAG_RUN_ID='scheduled__2025-05-24T10:00:00+00:00'
[2025-05-31T08:27:36.093-0600] {taskinstance.py:732} INFO - ::endgroup::
[2025-05-31T08:27:42.318-0600] {logging_mixin.py:190} INFO - 📊 Found 477431 unique cable modems after removing cloned.
[2025-05-31T08:27:55.985-0600] {logging_mixin.py:190} INFO - 🧹 Filtered out 195 CM_MACs that appeared more than 8 times.
[2025-05-31T08:27:55.986-0600] {logging_mixin.py:190} INFO - 📝 Remaining records: 1778526
[2025-05-31T08:27:56.117-0600] {python.py:240} INFO - Done. Returned value was: None
[2025-05-31T08:27:56.139-0600] {taskinstance.py:341} INFO - ::group::Post task execution logs
[2025-05-31T08:27:56.140-0600] {taskinstance.py:353} INFO - Marking task as SUCCESS. dag_id=libertyPr_health_score_1, task_id=filter_duplicates, run_id=scheduled__2025-05-24T10:00:00+00:00, execution_date=20250524T100000, start_date=20250531T142735, end_date=20250531T142756
[2025-05-31T08:27:56.230-0600] {local_task_job_runner.py:266} INFO - Task exited with return code 0
[2025-05-31T08:27:56.284-0600] {taskinstance.py:3901} INFO - 1 downstream tasks scheduled from follow-on schedule check
[2025-05-31T08:27:56.286-0600] {local_task_job_runner.py:245} INFO - ::endgroup::
[2025-05-31T09:56:50.282-0600] {local_task_job_runner.py:123} INFO - ::group::Pre task execution logs
[2025-05-31T09:56:50.325-0600] {taskinstance.py:2614} INFO - Dependencies all met for dep_context=non-requeueable deps ti=<TaskInstance: libertyPr_health_score_1.filter_duplicates scheduled__2025-05-24T10:00:00+00:00 [queued]>
[2025-05-31T09:56:50.341-0600] {taskinstance.py:2614} INFO - Dependencies all met for dep_context=requeueable deps ti=<TaskInstance: libertyPr_health_score_1.filter_duplicates scheduled__2025-05-24T10:00:00+00:00 [queued]>
[2025-05-31T09:56:50.342-0600] {taskinstance.py:2867} INFO - Starting attempt 1 of 2
[2025-05-31T09:56:50.363-0600] {taskinstance.py:2890} INFO - Executing <Task(PythonOperator): filter_duplicates> on 2025-05-24 10:00:00+00:00
[2025-05-31T09:56:50.376-0600] {warnings.py:112} WARNING - /home/***/.local/lib/python3.12/site-packages/***/task/task_runner/standard_task_runner.py:70: DeprecationWarning: This process (pid=1499) is multi-threaded, use of fork() may lead to deadlocks in the child.
  pid = os.fork()

[2025-05-31T09:56:50.380-0600] {standard_task_runner.py:72} INFO - Started process 1501 to run task
[2025-05-31T09:56:50.381-0600] {standard_task_runner.py:104} INFO - Running: ['***', 'tasks', 'run', 'libertyPr_health_score_1', 'filter_duplicates', 'scheduled__2025-05-24T10:00:00+00:00', '--job-id', '167', '--raw', '--subdir', 'DAGS_FOLDER/health_score_lpr.py', '--cfg-path', '/tmp/tmpzc1y_dku']
[2025-05-31T09:56:50.386-0600] {standard_task_runner.py:105} INFO - Job 167: Subtask filter_duplicates
[2025-05-31T09:56:50.480-0600] {task_command.py:467} INFO - Running <TaskInstance: libertyPr_health_score_1.filter_duplicates scheduled__2025-05-24T10:00:00+00:00 [running]> on host 439130e6349d
[2025-05-31T09:56:50.656-0600] {taskinstance.py:3134} INFO - Exporting env vars: AIRFLOW_CTX_DAG_OWNER='***' AIRFLOW_CTX_DAG_ID='libertyPr_health_score_1' AIRFLOW_CTX_TASK_ID='filter_duplicates' AIRFLOW_CTX_EXECUTION_DATE='2025-05-24T10:00:00+00:00' AIRFLOW_CTX_TRY_NUMBER='1' AIRFLOW_CTX_DAG_RUN_ID='scheduled__2025-05-24T10:00:00+00:00'
[2025-05-31T09:56:50.660-0600] {taskinstance.py:732} INFO - ::endgroup::
[2025-05-31T09:56:56.668-0600] {logging_mixin.py:190} INFO - 📊 Found 477431 unique cable modems after removing cloned.
[2025-05-31T09:57:10.611-0600] {logging_mixin.py:190} INFO - 🧹 Filtered out 195 CM_MACs that appeared more than 8 times.
[2025-05-31T09:57:10.611-0600] {logging_mixin.py:190} INFO - 📝 Remaining records: 1778526
[2025-05-31T09:57:10.739-0600] {python.py:240} INFO - Done. Returned value was: None
[2025-05-31T09:57:10.758-0600] {taskinstance.py:341} INFO - ::group::Post task execution logs
[2025-05-31T09:57:10.758-0600] {taskinstance.py:353} INFO - Marking task as SUCCESS. dag_id=libertyPr_health_score_1, task_id=filter_duplicates, run_id=scheduled__2025-05-24T10:00:00+00:00, execution_date=20250524T100000, start_date=20250531T155650, end_date=20250531T155710
[2025-05-31T09:57:10.863-0600] {local_task_job_runner.py:266} INFO - Task exited with return code 0
[2025-05-31T09:57:10.909-0600] {taskinstance.py:3901} INFO - 1 downstream tasks scheduled from follow-on schedule check
[2025-05-31T09:57:10.911-0600] {local_task_job_runner.py:245} INFO - ::endgroup::
[2025-05-31T21:45:17.394-0600] {local_task_job_runner.py:123} INFO - ::group::Pre task execution logs
[2025-05-31T21:45:17.431-0600] {taskinstance.py:2614} INFO - Dependencies all met for dep_context=non-requeueable deps ti=<TaskInstance: libertyPr_health_score_1.filter_duplicates scheduled__2025-05-24T10:00:00+00:00 [queued]>
[2025-05-31T21:45:17.443-0600] {taskinstance.py:2614} INFO - Dependencies all met for dep_context=requeueable deps ti=<TaskInstance: libertyPr_health_score_1.filter_duplicates scheduled__2025-05-24T10:00:00+00:00 [queued]>
[2025-05-31T21:45:17.444-0600] {taskinstance.py:2867} INFO - Starting attempt 1 of 2
[2025-05-31T21:45:17.461-0600] {taskinstance.py:2890} INFO - Executing <Task(PythonOperator): filter_duplicates> on 2025-05-24 10:00:00+00:00
[2025-05-31T21:45:17.472-0600] {warnings.py:112} WARNING - /home/***/.local/lib/python3.12/site-packages/***/task/task_runner/standard_task_runner.py:70: DeprecationWarning: This process (pid=10649) is multi-threaded, use of fork() may lead to deadlocks in the child.
  pid = os.fork()

[2025-05-31T21:45:17.474-0600] {standard_task_runner.py:72} INFO - Started process 10651 to run task
[2025-05-31T21:45:17.478-0600] {standard_task_runner.py:104} INFO - Running: ['***', 'tasks', 'run', 'libertyPr_health_score_1', 'filter_duplicates', 'scheduled__2025-05-24T10:00:00+00:00', '--job-id', '341', '--raw', '--subdir', 'DAGS_FOLDER/health_score_lpr.py', '--cfg-path', '/tmp/tmp0jx76yfx']
[2025-05-31T21:45:17.484-0600] {standard_task_runner.py:105} INFO - Job 341: Subtask filter_duplicates
[2025-05-31T21:45:17.572-0600] {task_command.py:467} INFO - Running <TaskInstance: libertyPr_health_score_1.filter_duplicates scheduled__2025-05-24T10:00:00+00:00 [running]> on host 439130e6349d
[2025-05-31T21:45:17.710-0600] {taskinstance.py:3134} INFO - Exporting env vars: AIRFLOW_CTX_DAG_OWNER='***' AIRFLOW_CTX_DAG_ID='libertyPr_health_score_1' AIRFLOW_CTX_TASK_ID='filter_duplicates' AIRFLOW_CTX_EXECUTION_DATE='2025-05-24T10:00:00+00:00' AIRFLOW_CTX_TRY_NUMBER='1' AIRFLOW_CTX_DAG_RUN_ID='scheduled__2025-05-24T10:00:00+00:00'
[2025-05-31T21:45:17.712-0600] {taskinstance.py:732} INFO - ::endgroup::
[2025-05-31T21:45:24.025-0600] {logging_mixin.py:190} INFO - 📊 Found 477335 unique cable modems after removing cloned.
[2025-05-31T21:45:37.755-0600] {logging_mixin.py:190} INFO - 🧹 Filtered out 201 CM_MACs that appeared more than 8 times.
[2025-05-31T21:45:37.755-0600] {logging_mixin.py:190} INFO - 📝 Remaining records: 1777267
[2025-05-31T21:45:37.909-0600] {python.py:240} INFO - Done. Returned value was: None
[2025-05-31T21:45:37.948-0600] {taskinstance.py:341} INFO - ::group::Post task execution logs
[2025-05-31T21:45:37.949-0600] {taskinstance.py:353} INFO - Marking task as SUCCESS. dag_id=libertyPr_health_score_1, task_id=filter_duplicates, run_id=scheduled__2025-05-24T10:00:00+00:00, execution_date=20250524T100000, start_date=20250601T034517, end_date=20250601T034537
[2025-05-31T21:45:38.063-0600] {local_task_job_runner.py:266} INFO - Task exited with return code 0
[2025-05-31T21:45:38.124-0600] {taskinstance.py:3901} INFO - 1 downstream tasks scheduled from follow-on schedule check
[2025-05-31T21:45:38.126-0600] {local_task_job_runner.py:245} INFO - ::endgroup::
