[2025-05-31T11:22:47.493-0600] {local_task_job_runner.py:123} INFO - ::group::Pre task execution logs
[2025-05-31T11:22:47.532-0600] {taskinstance.py:2614} INFO - Dependencies all met for dep_context=non-requeueable deps ti=<TaskInstance: libertyPr_health_score_1.rank_nodes scheduled__2025-05-29T10:00:00+00:00 [queued]>
[2025-05-31T11:22:47.544-0600] {taskinstance.py:2614} INFO - Dependencies all met for dep_context=requeueable deps ti=<TaskInstance: libertyPr_health_score_1.rank_nodes scheduled__2025-05-29T10:00:00+00:00 [queued]>
[2025-05-31T11:22:47.545-0600] {taskinstance.py:2867} INFO - Starting attempt 1 of 2
[2025-05-31T11:22:47.563-0600] {taskinstance.py:2890} INFO - Executing <Task(PythonOperator): rank_nodes> on 2025-05-29 10:00:00+00:00
[2025-05-31T11:22:47.574-0600] {warnings.py:112} WARNING - /home/***/.local/lib/python3.12/site-packages/***/task/task_runner/standard_task_runner.py:70: DeprecationWarning: This process (pid=2676) is multi-threaded, use of fork() may lead to deadlocks in the child.
  pid = os.fork()

[2025-05-31T11:22:47.577-0600] {standard_task_runner.py:72} INFO - Started process 2678 to run task
[2025-05-31T11:22:47.578-0600] {standard_task_runner.py:104} INFO - Running: ['***', 'tasks', 'run', 'libertyPr_health_score_1', 'rank_nodes', 'scheduled__2025-05-29T10:00:00+00:00', '--job-id', '206', '--raw', '--subdir', 'DAGS_FOLDER/health_score_lpr.py', '--cfg-path', '/tmp/tmp9jtgophy']
[2025-05-31T11:22:47.582-0600] {standard_task_runner.py:105} INFO - Job 206: Subtask rank_nodes
[2025-05-31T11:22:47.658-0600] {task_command.py:467} INFO - Running <TaskInstance: libertyPr_health_score_1.rank_nodes scheduled__2025-05-29T10:00:00+00:00 [running]> on host 439130e6349d
[2025-05-31T11:22:47.818-0600] {taskinstance.py:3134} INFO - Exporting env vars: AIRFLOW_CTX_DAG_OWNER='***' AIRFLOW_CTX_DAG_ID='libertyPr_health_score_1' AIRFLOW_CTX_TASK_ID='rank_nodes' AIRFLOW_CTX_EXECUTION_DATE='2025-05-29T10:00:00+00:00' AIRFLOW_CTX_TRY_NUMBER='1' AIRFLOW_CTX_DAG_RUN_ID='scheduled__2025-05-29T10:00:00+00:00'
[2025-05-31T11:22:47.819-0600] {taskinstance.py:732} INFO - ::endgroup::
[2025-05-31T11:23:49.211-0600] {logging_mixin.py:190} INFO - 📊 Ranked 3607 nodes and saved results to node_ranking_results.csv.
[2025-05-31T11:23:49.252-0600] {python.py:240} INFO - Done. Returned value was: None
[2025-05-31T11:23:49.271-0600] {taskinstance.py:341} INFO - ::group::Post task execution logs
[2025-05-31T11:23:49.271-0600] {taskinstance.py:353} INFO - Marking task as SUCCESS. dag_id=libertyPr_health_score_1, task_id=rank_nodes, run_id=scheduled__2025-05-29T10:00:00+00:00, execution_date=20250529T100000, start_date=20250531T172247, end_date=20250531T172349
[2025-05-31T11:23:49.375-0600] {local_task_job_runner.py:266} INFO - Task exited with return code 0
[2025-05-31T11:23:49.409-0600] {taskinstance.py:3901} INFO - 1 downstream tasks scheduled from follow-on schedule check
[2025-05-31T11:23:49.411-0600] {local_task_job_runner.py:245} INFO - ::endgroup::
[2025-05-31T15:15:58.459-0600] {local_task_job_runner.py:123} INFO - ::group::Pre task execution logs
[2025-05-31T15:15:58.499-0600] {taskinstance.py:2614} INFO - Dependencies all met for dep_context=non-requeueable deps ti=<TaskInstance: libertyPr_health_score_1.rank_nodes scheduled__2025-05-29T10:00:00+00:00 [queued]>
[2025-05-31T15:15:58.518-0600] {taskinstance.py:2614} INFO - Dependencies all met for dep_context=requeueable deps ti=<TaskInstance: libertyPr_health_score_1.rank_nodes scheduled__2025-05-29T10:00:00+00:00 [queued]>
[2025-05-31T15:15:58.519-0600] {taskinstance.py:2867} INFO - Starting attempt 1 of 2
[2025-05-31T15:15:58.543-0600] {taskinstance.py:2890} INFO - Executing <Task(PythonOperator): rank_nodes> on 2025-05-29 10:00:00+00:00
[2025-05-31T15:15:58.558-0600] {warnings.py:112} WARNING - /home/***/.local/lib/python3.12/site-packages/***/task/task_runner/standard_task_runner.py:70: DeprecationWarning: This process (pid=5612) is multi-threaded, use of fork() may lead to deadlocks in the child.
  pid = os.fork()

[2025-05-31T15:15:58.562-0600] {standard_task_runner.py:72} INFO - Started process 5614 to run task
[2025-05-31T15:15:58.564-0600] {standard_task_runner.py:104} INFO - Running: ['***', 'tasks', 'run', 'libertyPr_health_score_1', 'rank_nodes', 'scheduled__2025-05-29T10:00:00+00:00', '--job-id', '237', '--raw', '--subdir', 'DAGS_FOLDER/health_score_lpr.py', '--cfg-path', '/tmp/tmp8wz09_xy']
[2025-05-31T15:15:58.569-0600] {standard_task_runner.py:105} INFO - Job 237: Subtask rank_nodes
[2025-05-31T15:15:58.662-0600] {task_command.py:467} INFO - Running <TaskInstance: libertyPr_health_score_1.rank_nodes scheduled__2025-05-29T10:00:00+00:00 [running]> on host 439130e6349d
[2025-05-31T15:15:58.815-0600] {taskinstance.py:3134} INFO - Exporting env vars: AIRFLOW_CTX_DAG_OWNER='***' AIRFLOW_CTX_DAG_ID='libertyPr_health_score_1' AIRFLOW_CTX_TASK_ID='rank_nodes' AIRFLOW_CTX_EXECUTION_DATE='2025-05-29T10:00:00+00:00' AIRFLOW_CTX_TRY_NUMBER='1' AIRFLOW_CTX_DAG_RUN_ID='scheduled__2025-05-29T10:00:00+00:00'
[2025-05-31T15:15:58.817-0600] {taskinstance.py:732} INFO - ::endgroup::
[2025-05-31T15:17:01.084-0600] {logging_mixin.py:190} INFO - 📊 Ranked 3607 nodes and saved results to node_ranking_results.csv.
[2025-05-31T15:17:01.131-0600] {python.py:240} INFO - Done. Returned value was: None
[2025-05-31T15:17:01.160-0600] {taskinstance.py:341} INFO - ::group::Post task execution logs
[2025-05-31T15:17:01.161-0600] {taskinstance.py:353} INFO - Marking task as SUCCESS. dag_id=libertyPr_health_score_1, task_id=rank_nodes, run_id=scheduled__2025-05-29T10:00:00+00:00, execution_date=20250529T100000, start_date=20250531T211558, end_date=20250531T211701
[2025-05-31T15:17:01.294-0600] {local_task_job_runner.py:266} INFO - Task exited with return code 0
[2025-05-31T15:17:01.330-0600] {taskinstance.py:3901} INFO - 1 downstream tasks scheduled from follow-on schedule check
[2025-05-31T15:17:01.332-0600] {local_task_job_runner.py:245} INFO - ::endgroup::
[2025-05-31T16:40:34.381-0600] {local_task_job_runner.py:123} INFO - ::group::Pre task execution logs
[2025-05-31T16:40:34.434-0600] {taskinstance.py:2614} INFO - Dependencies all met for dep_context=non-requeueable deps ti=<TaskInstance: libertyPr_health_score_1.rank_nodes scheduled__2025-05-29T10:00:00+00:00 [queued]>
[2025-05-31T16:40:34.451-0600] {taskinstance.py:2614} INFO - Dependencies all met for dep_context=requeueable deps ti=<TaskInstance: libertyPr_health_score_1.rank_nodes scheduled__2025-05-29T10:00:00+00:00 [queued]>
[2025-05-31T16:40:34.452-0600] {taskinstance.py:2867} INFO - Starting attempt 1 of 2
[2025-05-31T16:40:34.478-0600] {taskinstance.py:2890} INFO - Executing <Task(PythonOperator): rank_nodes> on 2025-05-29 10:00:00+00:00
[2025-05-31T16:40:34.493-0600] {warnings.py:112} WARNING - /home/***/.local/lib/python3.12/site-packages/***/task/task_runner/standard_task_runner.py:70: DeprecationWarning: This process (pid=6700) is multi-threaded, use of fork() may lead to deadlocks in the child.
  pid = os.fork()

[2025-05-31T16:40:34.497-0600] {standard_task_runner.py:72} INFO - Started process 6702 to run task
[2025-05-31T16:40:34.497-0600] {standard_task_runner.py:104} INFO - Running: ['***', 'tasks', 'run', 'libertyPr_health_score_1', 'rank_nodes', 'scheduled__2025-05-29T10:00:00+00:00', '--job-id', '253', '--raw', '--subdir', 'DAGS_FOLDER/health_score_lpr.py', '--cfg-path', '/tmp/tmpxam1_xgp']
[2025-05-31T16:40:34.504-0600] {standard_task_runner.py:105} INFO - Job 253: Subtask rank_nodes
[2025-05-31T16:40:34.632-0600] {task_command.py:467} INFO - Running <TaskInstance: libertyPr_health_score_1.rank_nodes scheduled__2025-05-29T10:00:00+00:00 [running]> on host 439130e6349d
[2025-05-31T16:40:34.797-0600] {taskinstance.py:3134} INFO - Exporting env vars: AIRFLOW_CTX_DAG_OWNER='***' AIRFLOW_CTX_DAG_ID='libertyPr_health_score_1' AIRFLOW_CTX_TASK_ID='rank_nodes' AIRFLOW_CTX_EXECUTION_DATE='2025-05-29T10:00:00+00:00' AIRFLOW_CTX_TRY_NUMBER='1' AIRFLOW_CTX_DAG_RUN_ID='scheduled__2025-05-29T10:00:00+00:00'
[2025-05-31T16:40:34.799-0600] {taskinstance.py:732} INFO - ::endgroup::
[2025-05-31T16:41:45.177-0600] {logging_mixin.py:190} INFO - 📊 Ranked 3607 nodes and saved results to node_ranking_results.csv.
[2025-05-31T16:41:45.218-0600] {python.py:240} INFO - Done. Returned value was: None
[2025-05-31T16:41:45.239-0600] {taskinstance.py:341} INFO - ::group::Post task execution logs
[2025-05-31T16:41:45.239-0600] {taskinstance.py:353} INFO - Marking task as SUCCESS. dag_id=libertyPr_health_score_1, task_id=rank_nodes, run_id=scheduled__2025-05-29T10:00:00+00:00, execution_date=20250529T100000, start_date=20250531T224034, end_date=20250531T224145
[2025-05-31T16:41:45.377-0600] {local_task_job_runner.py:266} INFO - Task exited with return code 0
[2025-05-31T16:41:45.416-0600] {taskinstance.py:3901} INFO - 1 downstream tasks scheduled from follow-on schedule check
[2025-05-31T16:41:45.418-0600] {local_task_job_runner.py:245} INFO - ::endgroup::
[2025-05-31T17:11:10.641-0600] {local_task_job_runner.py:123} INFO - ::group::Pre task execution logs
[2025-05-31T17:11:10.689-0600] {taskinstance.py:2614} INFO - Dependencies all met for dep_context=non-requeueable deps ti=<TaskInstance: libertyPr_health_score_1.rank_nodes scheduled__2025-05-29T10:00:00+00:00 [queued]>
[2025-05-31T17:11:10.707-0600] {taskinstance.py:2614} INFO - Dependencies all met for dep_context=requeueable deps ti=<TaskInstance: libertyPr_health_score_1.rank_nodes scheduled__2025-05-29T10:00:00+00:00 [queued]>
[2025-05-31T17:11:10.707-0600] {taskinstance.py:2867} INFO - Starting attempt 1 of 2
[2025-05-31T17:11:10.729-0600] {taskinstance.py:2890} INFO - Executing <Task(PythonOperator): rank_nodes> on 2025-05-29 10:00:00+00:00
[2025-05-31T17:11:10.743-0600] {warnings.py:112} WARNING - /home/***/.local/lib/python3.12/site-packages/***/task/task_runner/standard_task_runner.py:70: DeprecationWarning: This process (pid=7083) is multi-threaded, use of fork() may lead to deadlocks in the child.
  pid = os.fork()

[2025-05-31T17:11:10.746-0600] {standard_task_runner.py:72} INFO - Started process 7085 to run task
[2025-05-31T17:11:10.746-0600] {standard_task_runner.py:104} INFO - Running: ['***', 'tasks', 'run', 'libertyPr_health_score_1', 'rank_nodes', 'scheduled__2025-05-29T10:00:00+00:00', '--job-id', '265', '--raw', '--subdir', 'DAGS_FOLDER/health_score_lpr.py', '--cfg-path', '/tmp/tmp5bfimji3']
[2025-05-31T17:11:10.751-0600] {standard_task_runner.py:105} INFO - Job 265: Subtask rank_nodes
[2025-05-31T17:11:10.845-0600] {task_command.py:467} INFO - Running <TaskInstance: libertyPr_health_score_1.rank_nodes scheduled__2025-05-29T10:00:00+00:00 [running]> on host 439130e6349d
[2025-05-31T17:11:11.012-0600] {taskinstance.py:3134} INFO - Exporting env vars: AIRFLOW_CTX_DAG_OWNER='***' AIRFLOW_CTX_DAG_ID='libertyPr_health_score_1' AIRFLOW_CTX_TASK_ID='rank_nodes' AIRFLOW_CTX_EXECUTION_DATE='2025-05-29T10:00:00+00:00' AIRFLOW_CTX_TRY_NUMBER='1' AIRFLOW_CTX_DAG_RUN_ID='scheduled__2025-05-29T10:00:00+00:00'
[2025-05-31T17:11:11.016-0600] {taskinstance.py:732} INFO - ::endgroup::
[2025-05-31T17:12:15.093-0600] {logging_mixin.py:190} INFO - 📊 Ranked 3607 nodes and saved results to node_ranking_results.csv.
[2025-05-31T17:12:15.142-0600] {python.py:240} INFO - Done. Returned value was: None
[2025-05-31T17:12:15.166-0600] {taskinstance.py:341} INFO - ::group::Post task execution logs
[2025-05-31T17:12:15.167-0600] {taskinstance.py:353} INFO - Marking task as SUCCESS. dag_id=libertyPr_health_score_1, task_id=rank_nodes, run_id=scheduled__2025-05-29T10:00:00+00:00, execution_date=20250529T100000, start_date=20250531T231110, end_date=20250531T231215
[2025-05-31T17:12:15.273-0600] {local_task_job_runner.py:266} INFO - Task exited with return code 0
[2025-05-31T17:12:15.310-0600] {taskinstance.py:3901} INFO - 1 downstream tasks scheduled from follow-on schedule check
[2025-05-31T17:12:15.312-0600] {local_task_job_runner.py:245} INFO - ::endgroup::
[2025-05-31T18:34:55.678-0600] {local_task_job_runner.py:123} INFO - ::group::Pre task execution logs
[2025-05-31T18:34:55.721-0600] {taskinstance.py:2614} INFO - Dependencies all met for dep_context=non-requeueable deps ti=<TaskInstance: libertyPr_health_score_1.rank_nodes scheduled__2025-05-29T10:00:00+00:00 [queued]>
[2025-05-31T18:34:55.737-0600] {taskinstance.py:2614} INFO - Dependencies all met for dep_context=requeueable deps ti=<TaskInstance: libertyPr_health_score_1.rank_nodes scheduled__2025-05-29T10:00:00+00:00 [queued]>
[2025-05-31T18:34:55.738-0600] {taskinstance.py:2867} INFO - Starting attempt 1 of 2
[2025-05-31T18:34:55.761-0600] {taskinstance.py:2890} INFO - Executing <Task(PythonOperator): rank_nodes> on 2025-05-29 10:00:00+00:00
[2025-05-31T18:34:55.772-0600] {warnings.py:112} WARNING - /home/***/.local/lib/python3.12/site-packages/***/task/task_runner/standard_task_runner.py:70: DeprecationWarning: This process (pid=8141) is multi-threaded, use of fork() may lead to deadlocks in the child.
  pid = os.fork()

[2025-05-31T18:34:55.775-0600] {standard_task_runner.py:72} INFO - Started process 8143 to run task
[2025-05-31T18:34:55.777-0600] {standard_task_runner.py:104} INFO - Running: ['***', 'tasks', 'run', 'libertyPr_health_score_1', 'rank_nodes', 'scheduled__2025-05-29T10:00:00+00:00', '--job-id', '281', '--raw', '--subdir', 'DAGS_FOLDER/health_score_lpr.py', '--cfg-path', '/tmp/tmp5p43_00u']
[2025-05-31T18:34:55.782-0600] {standard_task_runner.py:105} INFO - Job 281: Subtask rank_nodes
[2025-05-31T18:34:55.882-0600] {task_command.py:467} INFO - Running <TaskInstance: libertyPr_health_score_1.rank_nodes scheduled__2025-05-29T10:00:00+00:00 [running]> on host 439130e6349d
[2025-05-31T18:34:56.029-0600] {taskinstance.py:3134} INFO - Exporting env vars: AIRFLOW_CTX_DAG_OWNER='***' AIRFLOW_CTX_DAG_ID='libertyPr_health_score_1' AIRFLOW_CTX_TASK_ID='rank_nodes' AIRFLOW_CTX_EXECUTION_DATE='2025-05-29T10:00:00+00:00' AIRFLOW_CTX_TRY_NUMBER='1' AIRFLOW_CTX_DAG_RUN_ID='scheduled__2025-05-29T10:00:00+00:00'
[2025-05-31T18:34:56.031-0600] {taskinstance.py:732} INFO - ::endgroup::
[2025-05-31T18:36:01.448-0600] {logging_mixin.py:190} INFO - 📊 Ranked 3607 nodes and saved results to node_ranking_results.csv.
[2025-05-31T18:36:01.493-0600] {python.py:240} INFO - Done. Returned value was: None
[2025-05-31T18:36:01.514-0600] {taskinstance.py:341} INFO - ::group::Post task execution logs
[2025-05-31T18:36:01.514-0600] {taskinstance.py:353} INFO - Marking task as SUCCESS. dag_id=libertyPr_health_score_1, task_id=rank_nodes, run_id=scheduled__2025-05-29T10:00:00+00:00, execution_date=20250529T100000, start_date=20250601T003455, end_date=20250601T003601
[2025-05-31T18:36:01.618-0600] {local_task_job_runner.py:266} INFO - Task exited with return code 0
[2025-05-31T18:36:01.669-0600] {taskinstance.py:3901} INFO - 1 downstream tasks scheduled from follow-on schedule check
[2025-05-31T18:36:01.672-0600] {local_task_job_runner.py:245} INFO - ::endgroup::
[2025-05-31T23:13:17.083-0600] {local_task_job_runner.py:123} INFO - ::group::Pre task execution logs
[2025-05-31T23:13:17.141-0600] {taskinstance.py:2614} INFO - Dependencies all met for dep_context=non-requeueable deps ti=<TaskInstance: libertyPr_health_score_1.rank_nodes scheduled__2025-05-29T10:00:00+00:00 [queued]>
[2025-05-31T23:13:17.168-0600] {taskinstance.py:2614} INFO - Dependencies all met for dep_context=requeueable deps ti=<TaskInstance: libertyPr_health_score_1.rank_nodes scheduled__2025-05-29T10:00:00+00:00 [queued]>
[2025-05-31T23:13:17.169-0600] {taskinstance.py:2867} INFO - Starting attempt 1 of 2
[2025-05-31T23:13:17.209-0600] {taskinstance.py:2890} INFO - Executing <Task(PythonOperator): rank_nodes> on 2025-05-29 10:00:00+00:00
[2025-05-31T23:13:17.220-0600] {warnings.py:112} WARNING - /home/***/.local/lib/python3.12/site-packages/***/task/task_runner/standard_task_runner.py:70: DeprecationWarning: This process (pid=11849) is multi-threaded, use of fork() may lead to deadlocks in the child.
  pid = os.fork()

[2025-05-31T23:13:17.223-0600] {standard_task_runner.py:72} INFO - Started process 11851 to run task
[2025-05-31T23:13:17.224-0600] {standard_task_runner.py:104} INFO - Running: ['***', 'tasks', 'run', 'libertyPr_health_score_1', 'rank_nodes', 'scheduled__2025-05-29T10:00:00+00:00', '--job-id', '385', '--raw', '--subdir', 'DAGS_FOLDER/health_score_lpr.py', '--cfg-path', '/tmp/tmpbgjxg317']
[2025-05-31T23:13:17.229-0600] {standard_task_runner.py:105} INFO - Job 385: Subtask rank_nodes
[2025-05-31T23:13:17.329-0600] {task_command.py:467} INFO - Running <TaskInstance: libertyPr_health_score_1.rank_nodes scheduled__2025-05-29T10:00:00+00:00 [running]> on host 439130e6349d
[2025-05-31T23:13:17.482-0600] {taskinstance.py:3134} INFO - Exporting env vars: AIRFLOW_CTX_DAG_OWNER='***' AIRFLOW_CTX_DAG_ID='libertyPr_health_score_1' AIRFLOW_CTX_TASK_ID='rank_nodes' AIRFLOW_CTX_EXECUTION_DATE='2025-05-29T10:00:00+00:00' AIRFLOW_CTX_TRY_NUMBER='1' AIRFLOW_CTX_DAG_RUN_ID='scheduled__2025-05-29T10:00:00+00:00'
[2025-05-31T23:13:17.484-0600] {taskinstance.py:732} INFO - ::endgroup::
[2025-05-31T23:14:19.955-0600] {logging_mixin.py:190} INFO - 📊 Ranked 3607 nodes and saved results to node_ranking_results.csv.
[2025-05-31T23:14:19.997-0600] {python.py:240} INFO - Done. Returned value was: None
[2025-05-31T23:14:20.015-0600] {taskinstance.py:341} INFO - ::group::Post task execution logs
[2025-05-31T23:14:20.015-0600] {taskinstance.py:353} INFO - Marking task as SUCCESS. dag_id=libertyPr_health_score_1, task_id=rank_nodes, run_id=scheduled__2025-05-29T10:00:00+00:00, execution_date=20250529T100000, start_date=20250601T051317, end_date=20250601T051420
[2025-05-31T23:14:20.105-0600] {local_task_job_runner.py:266} INFO - Task exited with return code 0
[2025-05-31T23:14:20.139-0600] {taskinstance.py:3901} INFO - 1 downstream tasks scheduled from follow-on schedule check
[2025-05-31T23:14:20.141-0600] {local_task_job_runner.py:245} INFO - ::endgroup::
