[2025-05-23T13:26:09.209-0600] {local_task_job_runner.py:123} INFO - ::group::Pre task execution logs
[2025-05-23T13:26:09.254-0600] {taskinstance.py:2614} INFO - Dependencies all met for dep_context=non-requeueable deps ti=<TaskInstance: libertyPr_health_score.filter_duplicates manual__2025-05-23T16:50:26.676685+00:00 [queued]>
[2025-05-23T13:26:09.268-0600] {taskinstance.py:2614} INFO - Dependencies all met for dep_context=requeueable deps ti=<TaskInstance: libertyPr_health_score.filter_duplicates manual__2025-05-23T16:50:26.676685+00:00 [queued]>
[2025-05-23T13:26:09.269-0600] {taskinstance.py:2867} INFO - Starting attempt 2 of 3
[2025-05-23T13:26:09.289-0600] {taskinstance.py:2890} INFO - Executing <Task(PythonOperator): filter_duplicates> on 2025-05-23 16:50:26.676685+00:00
[2025-05-23T13:26:09.301-0600] {warnings.py:112} WARNING - /home/***/.local/lib/python3.12/site-packages/***/task/task_runner/standard_task_runner.py:70: DeprecationWarning: This process (pid=2251) is multi-threaded, use of fork() may lead to deadlocks in the child.
  pid = os.fork()

[2025-05-23T13:26:09.304-0600] {standard_task_runner.py:72} INFO - Started process 2253 to run task
[2025-05-23T13:26:09.305-0600] {standard_task_runner.py:104} INFO - Running: ['***', 'tasks', 'run', 'libertyPr_health_score', 'filter_duplicates', 'manual__2025-05-23T16:50:26.676685+00:00', '--job-id', '37', '--raw', '--subdir', 'DAGS_FOLDER/health_score_lpr.py', '--cfg-path', '/tmp/tmpvsabss4i']
[2025-05-23T13:26:09.309-0600] {standard_task_runner.py:105} INFO - Job 37: Subtask filter_duplicates
[2025-05-23T13:26:09.389-0600] {task_command.py:467} INFO - Running <TaskInstance: libertyPr_health_score.filter_duplicates manual__2025-05-23T16:50:26.676685+00:00 [running]> on host 439130e6349d
[2025-05-23T13:26:09.574-0600] {taskinstance.py:3134} INFO - Exporting env vars: AIRFLOW_CTX_DAG_OWNER='***' AIRFLOW_CTX_DAG_ID='libertyPr_health_score' AIRFLOW_CTX_TASK_ID='filter_duplicates' AIRFLOW_CTX_EXECUTION_DATE='2025-05-23T16:50:26.676685+00:00' AIRFLOW_CTX_TRY_NUMBER='2' AIRFLOW_CTX_DAG_RUN_ID='manual__2025-05-23T16:50:26.676685+00:00'
[2025-05-23T13:26:09.576-0600] {taskinstance.py:732} INFO - ::endgroup::
[2025-05-23T13:26:15.587-0600] {logging_mixin.py:190} INFO - 📊 Found 477553 unique cable modems after removing cloned.
[2025-05-23T13:26:28.405-0600] {logging_mixin.py:190} INFO - 🧹 Filtered out 191 CM_MACs that appeared more than 8 times.
[2025-05-23T13:26:28.406-0600] {logging_mixin.py:190} INFO - 📝 Remaining records: 1781557
[2025-05-23T13:26:28.530-0600] {python.py:240} INFO - Done. Returned value was: None
[2025-05-23T13:26:28.555-0600] {taskinstance.py:341} INFO - ::group::Post task execution logs
[2025-05-23T13:26:28.556-0600] {taskinstance.py:353} INFO - Marking task as SUCCESS. dag_id=libertyPr_health_score, task_id=filter_duplicates, run_id=manual__2025-05-23T16:50:26.676685+00:00, execution_date=20250523T165026, start_date=20250523T192609, end_date=20250523T192628
[2025-05-23T13:26:28.644-0600] {local_task_job_runner.py:266} INFO - Task exited with return code 0
[2025-05-23T13:26:28.680-0600] {taskinstance.py:3901} INFO - 0 downstream tasks scheduled from follow-on schedule check
[2025-05-23T13:26:28.686-0600] {local_task_job_runner.py:245} INFO - ::endgroup::
