[2025-05-31T09:42:06.298-0600] {local_task_job_runner.py:123} INFO - ::group::Pre task execution logs
[2025-05-31T09:42:06.333-0600] {taskinstance.py:2614} INFO - Dependencies all met for dep_context=non-requeueable deps ti=<TaskInstance: libertyPr_health_score_1.filter_duplicates scheduled__2025-05-23T10:00:00+00:00 [queued]>
[2025-05-31T09:42:06.348-0600] {taskinstance.py:2614} INFO - Dependencies all met for dep_context=requeueable deps ti=<TaskInstance: libertyPr_health_score_1.filter_duplicates scheduled__2025-05-23T10:00:00+00:00 [queued]>
[2025-05-31T09:42:06.348-0600] {taskinstance.py:2867} INFO - Starting attempt 1 of 2
[2025-05-31T09:42:06.365-0600] {taskinstance.py:2890} INFO - Executing <Task(PythonOperator): filter_duplicates> on 2025-05-23 10:00:00+00:00
[2025-05-31T09:42:06.377-0600] {warnings.py:112} WARNING - /home/***/.local/lib/python3.12/site-packages/***/task/task_runner/standard_task_runner.py:70: DeprecationWarning: This process (pid=1290) is multi-threaded, use of fork() may lead to deadlocks in the child.
  pid = os.fork()

[2025-05-31T09:42:06.379-0600] {standard_task_runner.py:72} INFO - Started process 1292 to run task
[2025-05-31T09:42:06.381-0600] {standard_task_runner.py:104} INFO - Running: ['***', 'tasks', 'run', 'libertyPr_health_score_1', 'filter_duplicates', 'scheduled__2025-05-23T10:00:00+00:00', '--job-id', '160', '--raw', '--subdir', 'DAGS_FOLDER/health_score_lpr.py', '--cfg-path', '/tmp/tmpe33l17b_']
[2025-05-31T09:42:06.385-0600] {standard_task_runner.py:105} INFO - Job 160: Subtask filter_duplicates
[2025-05-31T09:42:06.463-0600] {task_command.py:467} INFO - Running <TaskInstance: libertyPr_health_score_1.filter_duplicates scheduled__2025-05-23T10:00:00+00:00 [running]> on host 439130e6349d
[2025-05-31T09:42:06.608-0600] {taskinstance.py:3134} INFO - Exporting env vars: AIRFLOW_CTX_DAG_OWNER='***' AIRFLOW_CTX_DAG_ID='libertyPr_health_score_1' AIRFLOW_CTX_TASK_ID='filter_duplicates' AIRFLOW_CTX_EXECUTION_DATE='2025-05-23T10:00:00+00:00' AIRFLOW_CTX_TRY_NUMBER='1' AIRFLOW_CTX_DAG_RUN_ID='scheduled__2025-05-23T10:00:00+00:00'
[2025-05-31T09:42:06.610-0600] {taskinstance.py:732} INFO - ::endgroup::
[2025-05-31T09:42:12.776-0600] {logging_mixin.py:190} INFO - 📊 Found 477553 unique cable modems after removing cloned.
[2025-05-31T09:42:26.206-0600] {logging_mixin.py:190} INFO - 🧹 Filtered out 191 CM_MACs that appeared more than 8 times.
[2025-05-31T09:42:26.207-0600] {logging_mixin.py:190} INFO - 📝 Remaining records: 1781557
[2025-05-31T09:42:26.339-0600] {python.py:240} INFO - Done. Returned value was: None
[2025-05-31T09:42:26.359-0600] {taskinstance.py:341} INFO - ::group::Post task execution logs
[2025-05-31T09:42:26.360-0600] {taskinstance.py:353} INFO - Marking task as SUCCESS. dag_id=libertyPr_health_score_1, task_id=filter_duplicates, run_id=scheduled__2025-05-23T10:00:00+00:00, execution_date=20250523T100000, start_date=20250531T154206, end_date=20250531T154226
[2025-05-31T09:42:26.437-0600] {local_task_job_runner.py:266} INFO - Task exited with return code 0
[2025-05-31T09:42:26.481-0600] {taskinstance.py:3901} INFO - 1 downstream tasks scheduled from follow-on schedule check
[2025-05-31T09:42:26.485-0600] {local_task_job_runner.py:245} INFO - ::endgroup::
[2025-05-31T21:30:27.806-0600] {local_task_job_runner.py:123} INFO - ::group::Pre task execution logs
[2025-05-31T21:30:27.846-0600] {taskinstance.py:2614} INFO - Dependencies all met for dep_context=non-requeueable deps ti=<TaskInstance: libertyPr_health_score_1.filter_duplicates scheduled__2025-05-23T10:00:00+00:00 [queued]>
[2025-05-31T21:30:27.861-0600] {taskinstance.py:2614} INFO - Dependencies all met for dep_context=requeueable deps ti=<TaskInstance: libertyPr_health_score_1.filter_duplicates scheduled__2025-05-23T10:00:00+00:00 [queued]>
[2025-05-31T21:30:27.862-0600] {taskinstance.py:2867} INFO - Starting attempt 1 of 2
[2025-05-31T21:30:27.880-0600] {taskinstance.py:2890} INFO - Executing <Task(PythonOperator): filter_duplicates> on 2025-05-23 10:00:00+00:00
[2025-05-31T21:30:27.892-0600] {warnings.py:112} WARNING - /home/***/.local/lib/python3.12/site-packages/***/task/task_runner/standard_task_runner.py:70: DeprecationWarning: This process (pid=10432) is multi-threaded, use of fork() may lead to deadlocks in the child.
  pid = os.fork()

[2025-05-31T21:30:27.895-0600] {standard_task_runner.py:72} INFO - Started process 10434 to run task
[2025-05-31T21:30:27.897-0600] {standard_task_runner.py:104} INFO - Running: ['***', 'tasks', 'run', 'libertyPr_health_score_1', 'filter_duplicates', 'scheduled__2025-05-23T10:00:00+00:00', '--job-id', '333', '--raw', '--subdir', 'DAGS_FOLDER/health_score_lpr.py', '--cfg-path', '/tmp/tmp1p59pejj']
[2025-05-31T21:30:27.904-0600] {standard_task_runner.py:105} INFO - Job 333: Subtask filter_duplicates
[2025-05-31T21:30:28.012-0600] {task_command.py:467} INFO - Running <TaskInstance: libertyPr_health_score_1.filter_duplicates scheduled__2025-05-23T10:00:00+00:00 [running]> on host 439130e6349d
[2025-05-31T21:30:28.165-0600] {taskinstance.py:3134} INFO - Exporting env vars: AIRFLOW_CTX_DAG_OWNER='***' AIRFLOW_CTX_DAG_ID='libertyPr_health_score_1' AIRFLOW_CTX_TASK_ID='filter_duplicates' AIRFLOW_CTX_EXECUTION_DATE='2025-05-23T10:00:00+00:00' AIRFLOW_CTX_TRY_NUMBER='1' AIRFLOW_CTX_DAG_RUN_ID='scheduled__2025-05-23T10:00:00+00:00'
[2025-05-31T21:30:28.168-0600] {taskinstance.py:732} INFO - ::endgroup::
[2025-05-31T21:30:34.267-0600] {logging_mixin.py:190} INFO - 📊 Found 477431 unique cable modems after removing cloned.
[2025-05-31T21:30:47.846-0600] {logging_mixin.py:190} INFO - 🧹 Filtered out 195 CM_MACs that appeared more than 8 times.
[2025-05-31T21:30:47.847-0600] {logging_mixin.py:190} INFO - 📝 Remaining records: 1778526
[2025-05-31T21:30:47.994-0600] {python.py:240} INFO - Done. Returned value was: None
[2025-05-31T21:30:48.020-0600] {taskinstance.py:341} INFO - ::group::Post task execution logs
[2025-05-31T21:30:48.021-0600] {taskinstance.py:353} INFO - Marking task as SUCCESS. dag_id=libertyPr_health_score_1, task_id=filter_duplicates, run_id=scheduled__2025-05-23T10:00:00+00:00, execution_date=20250523T100000, start_date=20250601T033027, end_date=20250601T033048
[2025-05-31T21:30:48.131-0600] {local_task_job_runner.py:266} INFO - Task exited with return code 0
[2025-05-31T21:30:48.182-0600] {taskinstance.py:3901} INFO - 1 downstream tasks scheduled from follow-on schedule check
[2025-05-31T21:30:48.185-0600] {local_task_job_runner.py:245} INFO - ::endgroup::
