[2025-05-31T10:52:36.236-0600] {local_task_job_runner.py:123} INFO - ::group::Pre task execution logs
[2025-05-31T10:52:36.283-0600] {taskinstance.py:2614} INFO - Dependencies all met for dep_context=non-requeueable deps ti=<TaskInstance: libertyPr_health_score_1.verify_node_consistency scheduled__2025-05-27T10:00:00+00:00 [queued]>
[2025-05-31T10:52:36.298-0600] {taskinstance.py:2614} INFO - Dependencies all met for dep_context=requeueable deps ti=<TaskInstance: libertyPr_health_score_1.verify_node_consistency scheduled__2025-05-27T10:00:00+00:00 [queued]>
[2025-05-31T10:52:36.298-0600] {taskinstance.py:2867} INFO - Starting attempt 1 of 2
[2025-05-31T10:52:36.319-0600] {taskinstance.py:2890} INFO - Executing <Task(PythonOperator): verify_node_consistency> on 2025-05-27 10:00:00+00:00
[2025-05-31T10:52:36.331-0600] {warnings.py:112} WARNING - /home/***/.local/lib/python3.12/site-packages/***/task/task_runner/standard_task_runner.py:70: DeprecationWarning: This process (pid=2254) is multi-threaded, use of fork() may lead to deadlocks in the child.
  pid = os.fork()

[2025-05-31T10:52:36.333-0600] {standard_task_runner.py:72} INFO - Started process 2256 to run task
[2025-05-31T10:52:36.335-0600] {standard_task_runner.py:104} INFO - Running: ['***', 'tasks', 'run', 'libertyPr_health_score_1', 'verify_node_consistency', 'scheduled__2025-05-27T10:00:00+00:00', '--job-id', '190', '--raw', '--subdir', 'DAGS_FOLDER/health_score_lpr.py', '--cfg-path', '/tmp/tmpbvzy7i4f']
[2025-05-31T10:52:36.341-0600] {standard_task_runner.py:105} INFO - Job 190: Subtask verify_node_consistency
[2025-05-31T10:52:36.445-0600] {task_command.py:467} INFO - Running <TaskInstance: libertyPr_health_score_1.verify_node_consistency scheduled__2025-05-27T10:00:00+00:00 [running]> on host 439130e6349d
[2025-05-31T10:52:36.598-0600] {taskinstance.py:3134} INFO - Exporting env vars: AIRFLOW_CTX_DAG_OWNER='***' AIRFLOW_CTX_DAG_ID='libertyPr_health_score_1' AIRFLOW_CTX_TASK_ID='verify_node_consistency' AIRFLOW_CTX_EXECUTION_DATE='2025-05-27T10:00:00+00:00' AIRFLOW_CTX_TRY_NUMBER='1' AIRFLOW_CTX_DAG_RUN_ID='scheduled__2025-05-27T10:00:00+00:00'
[2025-05-31T10:52:36.602-0600] {taskinstance.py:732} INFO - ::endgroup::
[2025-05-31T10:52:37.938-0600] {logging_mixin.py:190} INFO - data set cleaned
[2025-05-31T10:52:38.580-0600] {logging_mixin.py:190} INFO - ❌ Found inconsistent FIBER_NODEs.
[2025-05-31T10:52:38.595-0600] {logging_mixin.py:190} INFO -      FIBER_NODE  Unique_CMTS_IDs  Unique_Channel_Sets
1442     HG3506                2                    2
1446     HG3510                2                    2
2456    LL7002A                2                    2
2457    LL7002B                2                    2
[2025-05-31T10:52:38.621-0600] {python.py:240} INFO - Done. Returned value was: None
[2025-05-31T10:52:38.650-0600] {taskinstance.py:341} INFO - ::group::Post task execution logs
[2025-05-31T10:52:38.651-0600] {taskinstance.py:353} INFO - Marking task as SUCCESS. dag_id=libertyPr_health_score_1, task_id=verify_node_consistency, run_id=scheduled__2025-05-27T10:00:00+00:00, execution_date=20250527T100000, start_date=20250531T165236, end_date=20250531T165238
[2025-05-31T10:52:38.760-0600] {local_task_job_runner.py:266} INFO - Task exited with return code 0
[2025-05-31T10:52:38.805-0600] {taskinstance.py:3901} INFO - 1 downstream tasks scheduled from follow-on schedule check
[2025-05-31T10:52:38.808-0600] {local_task_job_runner.py:245} INFO - ::endgroup::
[2025-05-31T22:42:08.211-0600] {local_task_job_runner.py:123} INFO - ::group::Pre task execution logs
[2025-05-31T22:42:08.264-0600] {taskinstance.py:2614} INFO - Dependencies all met for dep_context=non-requeueable deps ti=<TaskInstance: libertyPr_health_score_1.verify_node_consistency scheduled__2025-05-27T10:00:00+00:00 [queued]>
[2025-05-31T22:42:08.278-0600] {taskinstance.py:2614} INFO - Dependencies all met for dep_context=requeueable deps ti=<TaskInstance: libertyPr_health_score_1.verify_node_consistency scheduled__2025-05-27T10:00:00+00:00 [queued]>
[2025-05-31T22:42:08.279-0600] {taskinstance.py:2867} INFO - Starting attempt 1 of 2
[2025-05-31T22:42:08.302-0600] {taskinstance.py:2890} INFO - Executing <Task(PythonOperator): verify_node_consistency> on 2025-05-27 10:00:00+00:00
[2025-05-31T22:42:08.314-0600] {warnings.py:112} WARNING - /home/***/.local/lib/python3.12/site-packages/***/task/task_runner/standard_task_runner.py:70: DeprecationWarning: This process (pid=11419) is multi-threaded, use of fork() may lead to deadlocks in the child.
  pid = os.fork()

[2025-05-31T22:42:08.317-0600] {standard_task_runner.py:72} INFO - Started process 11421 to run task
[2025-05-31T22:42:08.319-0600] {standard_task_runner.py:104} INFO - Running: ['***', 'tasks', 'run', 'libertyPr_health_score_1', 'verify_node_consistency', 'scheduled__2025-05-27T10:00:00+00:00', '--job-id', '367', '--raw', '--subdir', 'DAGS_FOLDER/health_score_lpr.py', '--cfg-path', '/tmp/tmpw4c5lleg']
[2025-05-31T22:42:08.323-0600] {standard_task_runner.py:105} INFO - Job 367: Subtask verify_node_consistency
[2025-05-31T22:42:08.408-0600] {task_command.py:467} INFO - Running <TaskInstance: libertyPr_health_score_1.verify_node_consistency scheduled__2025-05-27T10:00:00+00:00 [running]> on host 439130e6349d
[2025-05-31T22:42:08.576-0600] {taskinstance.py:3134} INFO - Exporting env vars: AIRFLOW_CTX_DAG_OWNER='***' AIRFLOW_CTX_DAG_ID='libertyPr_health_score_1' AIRFLOW_CTX_TASK_ID='verify_node_consistency' AIRFLOW_CTX_EXECUTION_DATE='2025-05-27T10:00:00+00:00' AIRFLOW_CTX_TRY_NUMBER='1' AIRFLOW_CTX_DAG_RUN_ID='scheduled__2025-05-27T10:00:00+00:00'
[2025-05-31T22:42:08.578-0600] {taskinstance.py:732} INFO - ::endgroup::
[2025-05-31T22:42:09.826-0600] {logging_mixin.py:190} INFO - data set cleaned
[2025-05-31T22:42:10.352-0600] {logging_mixin.py:190} INFO - ❌ Found inconsistent FIBER_NODEs.
[2025-05-31T22:42:10.367-0600] {logging_mixin.py:190} INFO -      FIBER_NODE  Unique_CMTS_IDs  Unique_Channel_Sets
1442     HG3506                2                    2
1446     HG3510                2                    2
2456    LL7002A                2                    2
2457    LL7002B                2                    2
[2025-05-31T22:42:10.386-0600] {python.py:240} INFO - Done. Returned value was: None
[2025-05-31T22:42:10.420-0600] {taskinstance.py:341} INFO - ::group::Post task execution logs
[2025-05-31T22:42:10.421-0600] {taskinstance.py:353} INFO - Marking task as SUCCESS. dag_id=libertyPr_health_score_1, task_id=verify_node_consistency, run_id=scheduled__2025-05-27T10:00:00+00:00, execution_date=20250527T100000, start_date=20250601T044208, end_date=20250601T044210
[2025-05-31T22:42:10.546-0600] {local_task_job_runner.py:266} INFO - Task exited with return code 0
[2025-05-31T22:42:10.647-0600] {taskinstance.py:3901} INFO - 1 downstream tasks scheduled from follow-on schedule check
[2025-05-31T22:42:10.651-0600] {local_task_job_runner.py:245} INFO - ::endgroup::
