[2025-05-31T10:37:36.249-0600] {local_task_job_runner.py:123} INFO - ::group::Pre task execution logs
[2025-05-31T10:37:36.297-0600] {taskinstance.py:2614} INFO - Dependencies all met for dep_context=non-requeueable deps ti=<TaskInstance: libertyPr_health_score_1.verify_node_consistency scheduled__2025-05-26T10:00:00+00:00 [queued]>
[2025-05-31T10:37:36.314-0600] {taskinstance.py:2614} INFO - Dependencies all met for dep_context=requeueable deps ti=<TaskInstance: libertyPr_health_score_1.verify_node_consistency scheduled__2025-05-26T10:00:00+00:00 [queued]>
[2025-05-31T10:37:36.315-0600] {taskinstance.py:2867} INFO - Starting attempt 1 of 2
[2025-05-31T10:37:36.338-0600] {taskinstance.py:2890} INFO - Executing <Task(PythonOperator): verify_node_consistency> on 2025-05-26 10:00:00+00:00
[2025-05-31T10:37:36.352-0600] {warnings.py:112} WARNING - /home/***/.local/lib/python3.12/site-packages/***/task/task_runner/standard_task_runner.py:70: DeprecationWarning: This process (pid=2052) is multi-threaded, use of fork() may lead to deadlocks in the child.
  pid = os.fork()

[2025-05-31T10:37:36.355-0600] {standard_task_runner.py:72} INFO - Started process 2054 to run task
[2025-05-31T10:37:36.357-0600] {standard_task_runner.py:104} INFO - Running: ['***', 'tasks', 'run', 'libertyPr_health_score_1', 'verify_node_consistency', 'scheduled__2025-05-26T10:00:00+00:00', '--job-id', '183', '--raw', '--subdir', 'DAGS_FOLDER/health_score_lpr.py', '--cfg-path', '/tmp/tmpkh4dwiio']
[2025-05-31T10:37:36.363-0600] {standard_task_runner.py:105} INFO - Job 183: Subtask verify_node_consistency
[2025-05-31T10:37:36.466-0600] {task_command.py:467} INFO - Running <TaskInstance: libertyPr_health_score_1.verify_node_consistency scheduled__2025-05-26T10:00:00+00:00 [running]> on host 439130e6349d
[2025-05-31T10:37:36.655-0600] {taskinstance.py:3134} INFO - Exporting env vars: AIRFLOW_CTX_DAG_OWNER='***' AIRFLOW_CTX_DAG_ID='libertyPr_health_score_1' AIRFLOW_CTX_TASK_ID='verify_node_consistency' AIRFLOW_CTX_EXECUTION_DATE='2025-05-26T10:00:00+00:00' AIRFLOW_CTX_TRY_NUMBER='1' AIRFLOW_CTX_DAG_RUN_ID='scheduled__2025-05-26T10:00:00+00:00'
[2025-05-31T10:37:36.656-0600] {taskinstance.py:732} INFO - ::endgroup::
[2025-05-31T10:37:38.102-0600] {logging_mixin.py:190} INFO - data set cleaned
[2025-05-31T10:37:38.546-0600] {logging_mixin.py:190} INFO - ❌ Found inconsistent FIBER_NODEs.
[2025-05-31T10:37:38.557-0600] {logging_mixin.py:190} INFO -      FIBER_NODE  Unique_CMTS_IDs  Unique_Channel_Sets
1442     HG3506                2                    2
1446     HG3510                2                    2
2456    LL7002A                2                    2
2457    LL7002B                2                    2
[2025-05-31T10:37:38.574-0600] {python.py:240} INFO - Done. Returned value was: None
[2025-05-31T10:37:38.596-0600] {taskinstance.py:341} INFO - ::group::Post task execution logs
[2025-05-31T10:37:38.596-0600] {taskinstance.py:353} INFO - Marking task as SUCCESS. dag_id=libertyPr_health_score_1, task_id=verify_node_consistency, run_id=scheduled__2025-05-26T10:00:00+00:00, execution_date=20250526T100000, start_date=20250531T163736, end_date=20250531T163738
[2025-05-31T10:37:38.703-0600] {local_task_job_runner.py:266} INFO - Task exited with return code 0
[2025-05-31T10:37:38.756-0600] {taskinstance.py:3901} INFO - 1 downstream tasks scheduled from follow-on schedule check
[2025-05-31T10:37:38.758-0600] {local_task_job_runner.py:245} INFO - ::endgroup::
[2025-05-31T22:26:30.520-0600] {local_task_job_runner.py:123} INFO - ::group::Pre task execution logs
[2025-05-31T22:26:30.572-0600] {taskinstance.py:2614} INFO - Dependencies all met for dep_context=non-requeueable deps ti=<TaskInstance: libertyPr_health_score_1.verify_node_consistency scheduled__2025-05-26T10:00:00+00:00 [queued]>
[2025-05-31T22:26:30.628-0600] {taskinstance.py:2614} INFO - Dependencies all met for dep_context=requeueable deps ti=<TaskInstance: libertyPr_health_score_1.verify_node_consistency scheduled__2025-05-26T10:00:00+00:00 [queued]>
[2025-05-31T22:26:30.629-0600] {taskinstance.py:2867} INFO - Starting attempt 1 of 2
[2025-05-31T22:26:30.711-0600] {taskinstance.py:2890} INFO - Executing <Task(PythonOperator): verify_node_consistency> on 2025-05-26 10:00:00+00:00
[2025-05-31T22:26:30.753-0600] {warnings.py:112} WARNING - /home/***/.local/lib/python3.12/site-packages/***/task/task_runner/standard_task_runner.py:70: DeprecationWarning: This process (pid=11209) is multi-threaded, use of fork() may lead to deadlocks in the child.
  pid = os.fork()

[2025-05-31T22:26:30.762-0600] {standard_task_runner.py:72} INFO - Started process 11218 to run task
[2025-05-31T22:26:30.761-0600] {standard_task_runner.py:104} INFO - Running: ['***', 'tasks', 'run', 'libertyPr_health_score_1', 'verify_node_consistency', 'scheduled__2025-05-26T10:00:00+00:00', '--job-id', '359', '--raw', '--subdir', 'DAGS_FOLDER/health_score_lpr.py', '--cfg-path', '/tmp/tmplj8_bo7s']
[2025-05-31T22:26:30.773-0600] {standard_task_runner.py:105} INFO - Job 359: Subtask verify_node_consistency
[2025-05-31T22:26:30.915-0600] {task_command.py:467} INFO - Running <TaskInstance: libertyPr_health_score_1.verify_node_consistency scheduled__2025-05-26T10:00:00+00:00 [running]> on host 439130e6349d
[2025-05-31T22:26:31.249-0600] {taskinstance.py:3134} INFO - Exporting env vars: AIRFLOW_CTX_DAG_OWNER='***' AIRFLOW_CTX_DAG_ID='libertyPr_health_score_1' AIRFLOW_CTX_TASK_ID='verify_node_consistency' AIRFLOW_CTX_EXECUTION_DATE='2025-05-26T10:00:00+00:00' AIRFLOW_CTX_TRY_NUMBER='1' AIRFLOW_CTX_DAG_RUN_ID='scheduled__2025-05-26T10:00:00+00:00'
[2025-05-31T22:26:31.252-0600] {taskinstance.py:732} INFO - ::endgroup::
[2025-05-31T22:26:33.377-0600] {logging_mixin.py:190} INFO - data set cleaned
[2025-05-31T22:26:34.075-0600] {logging_mixin.py:190} INFO - ❌ Found inconsistent FIBER_NODEs.
[2025-05-31T22:26:34.087-0600] {logging_mixin.py:190} INFO -      FIBER_NODE  Unique_CMTS_IDs  Unique_Channel_Sets
1442     HG3506                2                    2
1446     HG3510                2                    2
2456    LL7002A                2                    2
2457    LL7002B                2                    2
[2025-05-31T22:26:34.103-0600] {python.py:240} INFO - Done. Returned value was: None
[2025-05-31T22:26:34.120-0600] {taskinstance.py:341} INFO - ::group::Post task execution logs
[2025-05-31T22:26:34.120-0600] {taskinstance.py:353} INFO - Marking task as SUCCESS. dag_id=libertyPr_health_score_1, task_id=verify_node_consistency, run_id=scheduled__2025-05-26T10:00:00+00:00, execution_date=20250526T100000, start_date=20250601T042630, end_date=20250601T042634
[2025-05-31T22:26:34.223-0600] {local_task_job_runner.py:266} INFO - Task exited with return code 0
[2025-05-31T22:26:34.385-0600] {taskinstance.py:3901} INFO - 1 downstream tasks scheduled from follow-on schedule check
[2025-05-31T22:26:34.393-0600] {local_task_job_runner.py:245} INFO - ::endgroup::
