[2025-05-26T09:51:44.685-0600] {local_task_job_runner.py:123} INFO - ::group::Pre task execution logs
[2025-05-26T09:51:44.724-0600] {taskinstance.py:2614} INFO - Dependencies all met for dep_context=non-requeueable deps ti=<TaskInstance: libertyPr_health_score_1.filter_duplicates scheduled__2025-05-25T06:00:00+00:00 [queued]>
[2025-05-26T09:51:44.744-0600] {taskinstance.py:2614} INFO - Dependencies all met for dep_context=requeueable deps ti=<TaskInstance: libertyPr_health_score_1.filter_duplicates scheduled__2025-05-25T06:00:00+00:00 [queued]>
[2025-05-26T09:51:44.745-0600] {taskinstance.py:2867} INFO - Starting attempt 1 of 2
[2025-05-26T09:51:44.769-0600] {taskinstance.py:2890} INFO - Executing <Task(PythonOperator): filter_duplicates> on 2025-05-25 06:00:00+00:00
[2025-05-26T09:51:44.781-0600] {warnings.py:112} WARNING - /home/***/.local/lib/python3.12/site-packages/***/task/task_runner/standard_task_runner.py:70: DeprecationWarning: This process (pid=51998) is multi-threaded, use of fork() may lead to deadlocks in the child.
  pid = os.fork()

[2025-05-26T09:51:44.784-0600] {standard_task_runner.py:72} INFO - Started process 52000 to run task
[2025-05-26T09:51:44.786-0600] {standard_task_runner.py:104} INFO - Running: ['***', 'tasks', 'run', 'libertyPr_health_score_1', 'filter_duplicates', 'scheduled__2025-05-25T06:00:00+00:00', '--job-id', '87', '--raw', '--subdir', 'DAGS_FOLDER/health_score_lpr.py', '--cfg-path', '/tmp/tmpy85re5it']
[2025-05-26T09:51:44.792-0600] {standard_task_runner.py:105} INFO - Job 87: Subtask filter_duplicates
[2025-05-26T09:51:44.883-0600] {task_command.py:467} INFO - Running <TaskInstance: libertyPr_health_score_1.filter_duplicates scheduled__2025-05-25T06:00:00+00:00 [running]> on host 439130e6349d
[2025-05-26T09:51:45.048-0600] {taskinstance.py:3134} INFO - Exporting env vars: AIRFLOW_CTX_DAG_OWNER='***' AIRFLOW_CTX_DAG_ID='libertyPr_health_score_1' AIRFLOW_CTX_TASK_ID='filter_duplicates' AIRFLOW_CTX_EXECUTION_DATE='2025-05-25T06:00:00+00:00' AIRFLOW_CTX_TRY_NUMBER='1' AIRFLOW_CTX_DAG_RUN_ID='scheduled__2025-05-25T06:00:00+00:00'
[2025-05-26T09:51:45.050-0600] {taskinstance.py:732} INFO - ::endgroup::
[2025-05-26T09:51:50.364-0600] {logging_mixin.py:190} INFO - 📊 Found 477335 unique cable modems after removing cloned.
[2025-05-26T09:52:04.055-0600] {logging_mixin.py:190} INFO - 🧹 Filtered out 201 CM_MACs that appeared more than 8 times.
[2025-05-26T09:52:04.056-0600] {logging_mixin.py:190} INFO - 📝 Remaining records: 1777267
[2025-05-26T09:52:04.195-0600] {python.py:240} INFO - Done. Returned value was: None
[2025-05-26T09:52:04.218-0600] {taskinstance.py:341} INFO - ::group::Post task execution logs
[2025-05-26T09:52:04.219-0600] {taskinstance.py:353} INFO - Marking task as SUCCESS. dag_id=libertyPr_health_score_1, task_id=filter_duplicates, run_id=scheduled__2025-05-25T06:00:00+00:00, execution_date=20250525T060000, start_date=20250526T155144, end_date=20250526T155204
[2025-05-26T09:52:04.323-0600] {local_task_job_runner.py:266} INFO - Task exited with return code 0
[2025-05-26T09:52:04.371-0600] {taskinstance.py:3901} INFO - 1 downstream tasks scheduled from follow-on schedule check
[2025-05-26T09:52:04.373-0600] {local_task_job_runner.py:245} INFO - ::endgroup::
