[2025-05-31T08:13:15.900-0600] {local_task_job_runner.py:123} INFO - ::group::Pre task execution logs
[2025-05-31T08:13:15.941-0600] {taskinstance.py:2614} INFO - Dependencies all met for dep_context=non-requeueable deps ti=<TaskInstance: libertyPr_health_score_1.classify_modems scheduled__2025-05-23T10:00:00+00:00 [queued]>
[2025-05-31T08:13:15.965-0600] {taskinstance.py:2614} INFO - Dependencies all met for dep_context=requeueable deps ti=<TaskInstance: libertyPr_health_score_1.classify_modems scheduled__2025-05-23T10:00:00+00:00 [queued]>
[2025-05-31T08:13:15.966-0600] {taskinstance.py:2867} INFO - Starting attempt 1 of 2
[2025-05-31T08:13:15.996-0600] {taskinstance.py:2890} INFO - Executing <Task(PythonOperator): classify_modems> on 2025-05-23 10:00:00+00:00
[2025-05-31T08:13:16.009-0600] {warnings.py:112} WARNING - /home/***/.local/lib/python3.12/site-packages/***/task/task_runner/standard_task_runner.py:70: DeprecationWarning: This process (pid=148) is multi-threaded, use of fork() may lead to deadlocks in the child.
  pid = os.fork()

[2025-05-31T08:13:16.012-0600] {standard_task_runner.py:72} INFO - Started process 150 to run task
[2025-05-31T08:13:16.014-0600] {standard_task_runner.py:104} INFO - Running: ['***', 'tasks', 'run', 'libertyPr_health_score_1', 'classify_modems', 'scheduled__2025-05-23T10:00:00+00:00', '--job-id', '141', '--raw', '--subdir', 'DAGS_FOLDER/health_score_lpr.py', '--cfg-path', '/tmp/tmpwemjc1yk']
[2025-05-31T08:13:16.018-0600] {standard_task_runner.py:105} INFO - Job 141: Subtask classify_modems
[2025-05-31T08:13:16.134-0600] {task_command.py:467} INFO - Running <TaskInstance: libertyPr_health_score_1.classify_modems scheduled__2025-05-23T10:00:00+00:00 [running]> on host 439130e6349d
[2025-05-31T08:13:16.266-0600] {taskinstance.py:3134} INFO - Exporting env vars: AIRFLOW_CTX_DAG_OWNER='***' AIRFLOW_CTX_DAG_ID='libertyPr_health_score_1' AIRFLOW_CTX_TASK_ID='classify_modems' AIRFLOW_CTX_EXECUTION_DATE='2025-05-23T10:00:00+00:00' AIRFLOW_CTX_TRY_NUMBER='1' AIRFLOW_CTX_DAG_RUN_ID='scheduled__2025-05-23T10:00:00+00:00'
[2025-05-31T08:13:16.268-0600] {taskinstance.py:732} INFO - ::endgroup::
[2025-05-31T08:13:16.295-0600] {logging_mixin.py:190} INFO - 📥 Loading modem and status data...
[2025-05-31T08:13:21.522-0600] {logging_mixin.py:190} INFO - ✅ Loaded modem data: 1781557 rows from /tmp/modem_data.csv
[2025-05-31T08:13:21.523-0600] {logging_mixin.py:190} INFO - ✅ Loaded status data: 478334 rows from /tmp/modem_status.csv
[2025-05-31T08:13:22.033-0600] {logging_mixin.py:190} INFO - 📊 Unique CM_MACs in modem_df: 477553
[2025-05-31T08:13:22.168-0600] {logging_mixin.py:190} INFO - 📊 Unique CM_MACs in status_df: 477757
[2025-05-31T08:13:22.168-0600] {logging_mixin.py:190} INFO - 🧮 Classifying each channel...
[2025-05-31T08:14:05.338-0600] {logging_mixin.py:190} INFO - ✅ Channel classification complete.
[2025-05-31T08:14:05.419-0600] {logging_mixin.py:190} INFO -          CM_MAC       PTIME Channel_Status
0  ACF8CC4C8C76  2025-05-22           Good
1  E4F75B7169CA  2025-05-22           Good
2  E4F75B713982  2025-05-22           Good
3  E4F75B713982  2025-05-22           Good
4  E4F75B7169CA  2025-05-22           Good
[2025-05-31T08:14:05.442-0600] {logging_mixin.py:190} INFO - 📊 Grouping and summarizing modem data...
