[2025-05-23T18:14:37.374-0600] {local_task_job_runner.py:123} INFO - ::group::Pre task execution logs
[2025-05-23T18:14:37.415-0600] {taskinstance.py:2614} INFO - Dependencies all met for dep_context=non-requeueable deps ti=<TaskInstance: libertyPr_health_score.rank_nodes scheduled__2025-05-23T00:00:00+00:00 [queued]>
[2025-05-23T18:14:37.429-0600] {taskinstance.py:2614} INFO - Dependencies all met for dep_context=requeueable deps ti=<TaskInstance: libertyPr_health_score.rank_nodes scheduled__2025-05-23T00:00:00+00:00 [queued]>
[2025-05-23T18:14:37.429-0600] {taskinstance.py:2867} INFO - Starting attempt 1 of 2
[2025-05-23T18:14:37.453-0600] {taskinstance.py:2890} INFO - Executing <Task(PythonOperator): rank_nodes> on 2025-05-23 00:00:00+00:00
[2025-05-23T18:14:37.465-0600] {warnings.py:112} WARNING - /home/***/.local/lib/python3.12/site-packages/***/task/task_runner/standard_task_runner.py:70: DeprecationWarning: This process (pid=5776) is multi-threaded, use of fork() may lead to deadlocks in the child.
  pid = os.fork()

[2025-05-23T18:14:37.467-0600] {standard_task_runner.py:72} INFO - Started process 5778 to run task
[2025-05-23T18:14:37.470-0600] {standard_task_runner.py:104} INFO - Running: ['***', 'tasks', 'run', 'libertyPr_health_score', 'rank_nodes', 'scheduled__2025-05-23T00:00:00+00:00', '--job-id', '55', '--raw', '--subdir', 'DAGS_FOLDER/health_score_lpr.py', '--cfg-path', '/tmp/tmpx0x9q2dz']
[2025-05-23T18:14:37.476-0600] {standard_task_runner.py:105} INFO - Job 55: Subtask rank_nodes
[2025-05-23T18:14:37.601-0600] {task_command.py:467} INFO - Running <TaskInstance: libertyPr_health_score.rank_nodes scheduled__2025-05-23T00:00:00+00:00 [running]> on host 439130e6349d
[2025-05-23T18:14:37.761-0600] {taskinstance.py:3134} INFO - Exporting env vars: AIRFLOW_CTX_DAG_OWNER='***' AIRFLOW_CTX_DAG_ID='libertyPr_health_score' AIRFLOW_CTX_TASK_ID='rank_nodes' AIRFLOW_CTX_EXECUTION_DATE='2025-05-23T00:00:00+00:00' AIRFLOW_CTX_TRY_NUMBER='1' AIRFLOW_CTX_DAG_RUN_ID='scheduled__2025-05-23T00:00:00+00:00'
[2025-05-23T18:14:37.763-0600] {taskinstance.py:732} INFO - ::endgroup::
[2025-05-23T18:15:41.799-0600] {logging_mixin.py:190} INFO - 📊 Ranked 3607 nodes and saved results to node_ranking_results.csv.
[2025-05-23T18:15:41.842-0600] {python.py:240} INFO - Done. Returned value was: None
[2025-05-23T18:15:41.862-0600] {taskinstance.py:341} INFO - ::group::Post task execution logs
[2025-05-23T18:15:41.863-0600] {taskinstance.py:353} INFO - Marking task as SUCCESS. dag_id=libertyPr_health_score, task_id=rank_nodes, run_id=scheduled__2025-05-23T00:00:00+00:00, execution_date=20250523T000000, start_date=20250524T001437, end_date=20250524T001541
[2025-05-23T18:15:41.970-0600] {local_task_job_runner.py:266} INFO - Task exited with return code 0
[2025-05-23T18:15:42.005-0600] {taskinstance.py:3901} INFO - 0 downstream tasks scheduled from follow-on schedule check
[2025-05-23T18:15:42.009-0600] {local_task_job_runner.py:245} INFO - ::endgroup::
