[2025-05-31T11:07:33.719-0600] {local_task_job_runner.py:123} INFO - ::group::Pre task execution logs
[2025-05-31T11:07:33.753-0600] {taskinstance.py:2614} INFO - Dependencies all met for dep_context=non-requeueable deps ti=<TaskInstance: libertyPr_health_score_1.map_nodes scheduled__2025-05-28T10:00:00+00:00 [queued]>
[2025-05-31T11:07:33.766-0600] {taskinstance.py:2614} INFO - Dependencies all met for dep_context=requeueable deps ti=<TaskInstance: libertyPr_health_score_1.map_nodes scheduled__2025-05-28T10:00:00+00:00 [queued]>
[2025-05-31T11:07:33.766-0600] {taskinstance.py:2867} INFO - Starting attempt 1 of 2
[2025-05-31T11:07:33.783-0600] {taskinstance.py:2890} INFO - Executing <Task(PythonOperator): map_nodes> on 2025-05-28 10:00:00+00:00
[2025-05-31T11:07:33.794-0600] {warnings.py:112} WARNING - /home/***/.local/lib/python3.12/site-packages/***/task/task_runner/standard_task_runner.py:70: DeprecationWarning: This process (pid=2470) is multi-threaded, use of fork() may lead to deadlocks in the child.
  pid = os.fork()

[2025-05-31T11:07:33.797-0600] {standard_task_runner.py:72} INFO - Started process 2472 to run task
[2025-05-31T11:07:33.798-0600] {standard_task_runner.py:104} INFO - Running: ['***', 'tasks', 'run', 'libertyPr_health_score_1', 'map_nodes', 'scheduled__2025-05-28T10:00:00+00:00', '--job-id', '198', '--raw', '--subdir', 'DAGS_FOLDER/health_score_lpr.py', '--cfg-path', '/tmp/tmpzs717ewx']
[2025-05-31T11:07:33.802-0600] {standard_task_runner.py:105} INFO - Job 198: Subtask map_nodes
[2025-05-31T11:07:33.888-0600] {task_command.py:467} INFO - Running <TaskInstance: libertyPr_health_score_1.map_nodes scheduled__2025-05-28T10:00:00+00:00 [running]> on host 439130e6349d
[2025-05-31T11:07:34.053-0600] {taskinstance.py:3134} INFO - Exporting env vars: AIRFLOW_CTX_DAG_OWNER='***' AIRFLOW_CTX_DAG_ID='libertyPr_health_score_1' AIRFLOW_CTX_TASK_ID='map_nodes' AIRFLOW_CTX_EXECUTION_DATE='2025-05-28T10:00:00+00:00' AIRFLOW_CTX_TRY_NUMBER='1' AIRFLOW_CTX_DAG_RUN_ID='scheduled__2025-05-28T10:00:00+00:00'
[2025-05-31T11:07:34.055-0600] {taskinstance.py:732} INFO - ::endgroup::
[2025-05-31T11:07:34.080-0600] {logging_mixin.py:190} INFO - 📍 Loading classified modems and node map...
[2025-05-31T11:07:36.399-0600] {logging_mixin.py:190} INFO - 📦 Modems before mapping: 476765
[2025-05-31T11:07:36.820-0600] {logging_mixin.py:190} INFO - ⚠️ Modems without node mapping: 19
[2025-05-31T11:07:42.449-0600] {logging_mixin.py:190} INFO - ✅ Saved mapped modem data with node assignment to cm_mapped.csv (478110 rows)
[2025-05-31T11:07:42.513-0600] {python.py:240} INFO - Done. Returned value was: None
[2025-05-31T11:07:42.536-0600] {taskinstance.py:341} INFO - ::group::Post task execution logs
[2025-05-31T11:07:42.537-0600] {taskinstance.py:353} INFO - Marking task as SUCCESS. dag_id=libertyPr_health_score_1, task_id=map_nodes, run_id=scheduled__2025-05-28T10:00:00+00:00, execution_date=20250528T100000, start_date=20250531T170733, end_date=20250531T170742
[2025-05-31T11:07:42.616-0600] {local_task_job_runner.py:266} INFO - Task exited with return code 0
[2025-05-31T11:07:42.667-0600] {taskinstance.py:3901} INFO - 1 downstream tasks scheduled from follow-on schedule check
[2025-05-31T11:07:42.670-0600] {local_task_job_runner.py:245} INFO - ::endgroup::
[2025-05-31T22:57:43.689-0600] {local_task_job_runner.py:123} INFO - ::group::Pre task execution logs
[2025-05-31T22:57:43.764-0600] {taskinstance.py:2614} INFO - Dependencies all met for dep_context=non-requeueable deps ti=<TaskInstance: libertyPr_health_score_1.map_nodes scheduled__2025-05-28T10:00:00+00:00 [queued]>
[2025-05-31T22:57:43.790-0600] {taskinstance.py:2614} INFO - Dependencies all met for dep_context=requeueable deps ti=<TaskInstance: libertyPr_health_score_1.map_nodes scheduled__2025-05-28T10:00:00+00:00 [queued]>
[2025-05-31T22:57:43.791-0600] {taskinstance.py:2867} INFO - Starting attempt 1 of 2
[2025-05-31T22:57:43.825-0600] {taskinstance.py:2890} INFO - Executing <Task(PythonOperator): map_nodes> on 2025-05-28 10:00:00+00:00
[2025-05-31T22:57:43.840-0600] {warnings.py:112} WARNING - /home/***/.local/lib/python3.12/site-packages/***/task/task_runner/standard_task_runner.py:70: DeprecationWarning: This process (pid=11638) is multi-threaded, use of fork() may lead to deadlocks in the child.
  pid = os.fork()

[2025-05-31T22:57:43.844-0600] {standard_task_runner.py:72} INFO - Started process 11640 to run task
[2025-05-31T22:57:43.846-0600] {standard_task_runner.py:104} INFO - Running: ['***', 'tasks', 'run', 'libertyPr_health_score_1', 'map_nodes', 'scheduled__2025-05-28T10:00:00+00:00', '--job-id', '376', '--raw', '--subdir', 'DAGS_FOLDER/health_score_lpr.py', '--cfg-path', '/tmp/tmp4y2acwio']
[2025-05-31T22:57:43.854-0600] {standard_task_runner.py:105} INFO - Job 376: Subtask map_nodes
[2025-05-31T22:57:44.003-0600] {task_command.py:467} INFO - Running <TaskInstance: libertyPr_health_score_1.map_nodes scheduled__2025-05-28T10:00:00+00:00 [running]> on host 439130e6349d
[2025-05-31T22:57:44.307-0600] {taskinstance.py:3134} INFO - Exporting env vars: AIRFLOW_CTX_DAG_OWNER='***' AIRFLOW_CTX_DAG_ID='libertyPr_health_score_1' AIRFLOW_CTX_TASK_ID='map_nodes' AIRFLOW_CTX_EXECUTION_DATE='2025-05-28T10:00:00+00:00' AIRFLOW_CTX_TRY_NUMBER='1' AIRFLOW_CTX_DAG_RUN_ID='scheduled__2025-05-28T10:00:00+00:00'
[2025-05-31T22:57:44.311-0600] {taskinstance.py:732} INFO - ::endgroup::
[2025-05-31T22:57:44.318-0600] {logging_mixin.py:190} INFO - 📍 Loading classified modems and node map...
[2025-05-31T22:57:47.235-0600] {logging_mixin.py:190} INFO - 📦 Modems before mapping: 476651
[2025-05-31T22:57:47.721-0600] {logging_mixin.py:190} INFO - ⚠️ Modems without node mapping: 37
[2025-05-31T22:57:53.258-0600] {logging_mixin.py:190} INFO - ✅ Saved mapped modem data with node assignment to cm_mapped.csv (477997 rows)
[2025-05-31T22:57:53.322-0600] {python.py:240} INFO - Done. Returned value was: None
[2025-05-31T22:57:53.340-0600] {taskinstance.py:341} INFO - ::group::Post task execution logs
[2025-05-31T22:57:53.341-0600] {taskinstance.py:353} INFO - Marking task as SUCCESS. dag_id=libertyPr_health_score_1, task_id=map_nodes, run_id=scheduled__2025-05-28T10:00:00+00:00, execution_date=20250528T100000, start_date=20250601T045743, end_date=20250601T045753
[2025-05-31T22:57:53.409-0600] {local_task_job_runner.py:266} INFO - Task exited with return code 0
[2025-05-31T22:57:53.469-0600] {taskinstance.py:3901} INFO - 1 downstream tasks scheduled from follow-on schedule check
[2025-05-31T22:57:53.471-0600] {local_task_job_runner.py:245} INFO - ::endgroup::
