[2025-05-26T09:48:18.063-0600] {local_task_job_runner.py:123} INFO - ::group::Pre task execution logs
[2025-05-26T09:48:18.106-0600] {taskinstance.py:2614} INFO - Dependencies all met for dep_context=non-requeueable deps ti=<TaskInstance: libertyPr_health_score_1.rank_nodes scheduled__2025-05-24T06:00:00+00:00 [queued]>
[2025-05-26T09:48:18.121-0600] {taskinstance.py:2614} INFO - Dependencies all met for dep_context=requeueable deps ti=<TaskInstance: libertyPr_health_score_1.rank_nodes scheduled__2025-05-24T06:00:00+00:00 [queued]>
[2025-05-26T09:48:18.122-0600] {taskinstance.py:2867} INFO - Starting attempt 1 of 2
[2025-05-26T09:48:18.144-0600] {taskinstance.py:2890} INFO - Executing <Task(PythonOperator): rank_nodes> on 2025-05-24 06:00:00+00:00
[2025-05-26T09:48:18.156-0600] {warnings.py:112} WARNING - /home/***/.local/lib/python3.12/site-packages/***/task/task_runner/standard_task_runner.py:70: DeprecationWarning: This process (pid=51942) is multi-threaded, use of fork() may lead to deadlocks in the child.
  pid = os.fork()

[2025-05-26T09:48:18.158-0600] {standard_task_runner.py:72} INFO - Started process 51944 to run task
[2025-05-26T09:48:18.160-0600] {standard_task_runner.py:104} INFO - Running: ['***', 'tasks', 'run', 'libertyPr_health_score_1', 'rank_nodes', 'scheduled__2025-05-24T06:00:00+00:00', '--job-id', '84', '--raw', '--subdir', 'DAGS_FOLDER/health_score_lpr.py', '--cfg-path', '/tmp/tmpbdp1z2rt']
[2025-05-26T09:48:18.164-0600] {standard_task_runner.py:105} INFO - Job 84: Subtask rank_nodes
[2025-05-26T09:48:18.258-0600] {task_command.py:467} INFO - Running <TaskInstance: libertyPr_health_score_1.rank_nodes scheduled__2025-05-24T06:00:00+00:00 [running]> on host 439130e6349d
[2025-05-26T09:48:18.420-0600] {taskinstance.py:3134} INFO - Exporting env vars: AIRFLOW_CTX_DAG_OWNER='***' AIRFLOW_CTX_DAG_ID='libertyPr_health_score_1' AIRFLOW_CTX_TASK_ID='rank_nodes' AIRFLOW_CTX_EXECUTION_DATE='2025-05-24T06:00:00+00:00' AIRFLOW_CTX_TRY_NUMBER='1' AIRFLOW_CTX_DAG_RUN_ID='scheduled__2025-05-24T06:00:00+00:00'
[2025-05-26T09:48:18.422-0600] {taskinstance.py:732} INFO - ::endgroup::
[2025-05-26T09:49:18.693-0600] {logging_mixin.py:190} INFO - 📊 Ranked 3608 nodes and saved results to node_ranking_results.csv.
[2025-05-26T09:49:18.735-0600] {python.py:240} INFO - Done. Returned value was: None
[2025-05-26T09:49:18.757-0600] {taskinstance.py:341} INFO - ::group::Post task execution logs
[2025-05-26T09:49:18.758-0600] {taskinstance.py:353} INFO - Marking task as SUCCESS. dag_id=libertyPr_health_score_1, task_id=rank_nodes, run_id=scheduled__2025-05-24T06:00:00+00:00, execution_date=20250524T060000, start_date=20250526T154818, end_date=20250526T154918
[2025-05-26T09:49:18.883-0600] {local_task_job_runner.py:266} INFO - Task exited with return code 0
[2025-05-26T09:49:18.925-0600] {taskinstance.py:3901} INFO - 1 downstream tasks scheduled from follow-on schedule check
[2025-05-26T09:49:18.928-0600] {local_task_job_runner.py:245} INFO - ::endgroup::
