[2025-05-31T08:27:58.707-0600] {local_task_job_runner.py:123} INFO - ::group::Pre task execution logs
[2025-05-31T08:27:58.750-0600] {taskinstance.py:2614} INFO - Dependencies all met for dep_context=non-requeueable deps ti=<TaskInstance: libertyPr_health_score_1.classify_modems scheduled__2025-05-24T10:00:00+00:00 [queued]>
[2025-05-31T08:27:58.771-0600] {taskinstance.py:2614} INFO - Dependencies all met for dep_context=requeueable deps ti=<TaskInstance: libertyPr_health_score_1.classify_modems scheduled__2025-05-24T10:00:00+00:00 [queued]>
[2025-05-31T08:27:58.772-0600] {taskinstance.py:2867} INFO - Starting attempt 1 of 2
[2025-05-31T08:27:58.793-0600] {taskinstance.py:2890} INFO - Executing <Task(PythonOperator): classify_modems> on 2025-05-24 10:00:00+00:00
[2025-05-31T08:27:58.807-0600] {warnings.py:112} WARNING - /home/***/.local/lib/python3.12/site-packages/***/task/task_runner/standard_task_runner.py:70: DeprecationWarning: This process (pid=340) is multi-threaded, use of fork() may lead to deadlocks in the child.
  pid = os.fork()

[2025-05-31T08:27:58.809-0600] {standard_task_runner.py:72} INFO - Started process 342 to run task
[2025-05-31T08:27:58.816-0600] {standard_task_runner.py:104} INFO - Running: ['***', 'tasks', 'run', 'libertyPr_health_score_1', 'classify_modems', 'scheduled__2025-05-24T10:00:00+00:00', '--job-id', '148', '--raw', '--subdir', 'DAGS_FOLDER/health_score_lpr.py', '--cfg-path', '/tmp/tmpfjdusuop']
[2025-05-31T08:27:58.821-0600] {standard_task_runner.py:105} INFO - Job 148: Subtask classify_modems
[2025-05-31T08:27:58.935-0600] {task_command.py:467} INFO - Running <TaskInstance: libertyPr_health_score_1.classify_modems scheduled__2025-05-24T10:00:00+00:00 [running]> on host 439130e6349d
[2025-05-31T08:27:59.153-0600] {taskinstance.py:3134} INFO - Exporting env vars: AIRFLOW_CTX_DAG_OWNER='***' AIRFLOW_CTX_DAG_ID='libertyPr_health_score_1' AIRFLOW_CTX_TASK_ID='classify_modems' AIRFLOW_CTX_EXECUTION_DATE='2025-05-24T10:00:00+00:00' AIRFLOW_CTX_TRY_NUMBER='1' AIRFLOW_CTX_DAG_RUN_ID='scheduled__2025-05-24T10:00:00+00:00'
[2025-05-31T08:27:59.160-0600] {taskinstance.py:732} INFO - ::endgroup::
[2025-05-31T08:27:59.207-0600] {logging_mixin.py:190} INFO - 📥 Loading modem and status data...
[2025-05-31T08:28:05.543-0600] {logging_mixin.py:190} INFO - ✅ Loaded modem data: 1778526 rows from /tmp/modem_data.csv
[2025-05-31T08:28:05.544-0600] {logging_mixin.py:190} INFO - ✅ Loaded status data: 478205 rows from /tmp/modem_status.csv
[2025-05-31T08:28:06.023-0600] {logging_mixin.py:190} INFO - 📊 Unique CM_MACs in modem_df: 477431
[2025-05-31T08:28:06.182-0600] {logging_mixin.py:190} INFO - 📊 Unique CM_MACs in status_df: 477637
[2025-05-31T08:28:06.182-0600] {logging_mixin.py:190} INFO - 🧮 Classifying each channel...
[2025-05-31T08:28:49.119-0600] {logging_mixin.py:190} INFO - ✅ Channel classification complete.
[2025-05-31T08:28:49.199-0600] {logging_mixin.py:190} INFO -          CM_MAC       PTIME Channel_Status
0  ACF8CC3A2FEC  2025-05-23           Good
1  ACF8CC459849  2025-05-23           Good
2  ACF8CC3A2FEC  2025-05-23           Good
3  ACF8CC3A2FEC  2025-05-23           Good
4  B05DD4445892  2025-05-23           Good
[2025-05-31T08:28:49.221-0600] {logging_mixin.py:190} INFO - 📊 Grouping and summarizing modem data...
[2025-05-31T08:38:29.900-0600] {logging_mixin.py:190} INFO - ✅ Grouped modem data shape: (477431, 4)
[2025-05-31T08:38:29.985-0600] {logging_mixin.py:190} INFO - ✅ Summarized modem data (head):
[2025-05-31T08:38:30.004-0600] {logging_mixin.py:190} INFO -          CM_MAC       PTIME  ...              CHANNEL_NAME TX_MAX
0  00015C6CD846  2025-05-23  ...  cable-upstream 3/10/12.0    NaN
1  000711146ABC  2025-05-23  ...    cable-upstream 4/8/1.0    NaN
2  00071117A32B  2025-05-23  ...  cable-upstream 2/11/15.0    NaN
3  00071117BB9A  2025-05-23  ...   cable-upstream 1/5/13.0    NaN
4  00071117BBAE  2025-05-23  ...    cable-upstream 2/9/2.0    NaN

[5 rows x 6 columns]
[2025-05-31T08:38:30.004-0600] {logging_mixin.py:190} INFO - 🔗 Merging modem-level data with status (LEFT join)...
[2025-05-31T08:38:31.207-0600] {logging_mixin.py:190} INFO - ✅ Merged dataset shape: (477493, 19)
[2025-05-31T08:38:31.209-0600] {logging_mixin.py:190} INFO - 📊 Rows with no ONLINE_COUNT after merge: 1
[2025-05-31T08:38:31.210-0600] {logging_mixin.py:190} INFO - 🛠 Applying final classification rules...
[2025-05-31T08:38:31.261-0600] {logging_mixin.py:190} INFO - 📊 Classification summary after status logic:
[2025-05-31T08:38:31.269-0600] {logging_mixin.py:190} INFO - Category
Good        232636
Warning     138502
Critical    100256
Offline       6099
Name: count, dtype: int64
[2025-05-31T08:38:36.631-0600] {logging_mixin.py:190} INFO - 💾 Saved classified modems to /tmp/classified_modems.csv
[2025-05-31T08:38:36.632-0600] {logging_mixin.py:190} INFO - 🔍 Final modem count: 477493 rows
[2025-05-31T08:38:36.910-0600] {python.py:240} INFO - Done. Returned value was: None
[2025-05-31T08:38:36.929-0600] {taskinstance.py:341} INFO - ::group::Post task execution logs
[2025-05-31T08:38:36.930-0600] {taskinstance.py:353} INFO - Marking task as SUCCESS. dag_id=libertyPr_health_score_1, task_id=classify_modems, run_id=scheduled__2025-05-24T10:00:00+00:00, execution_date=20250524T100000, start_date=20250531T142758, end_date=20250531T143836
[2025-05-31T08:38:37.047-0600] {local_task_job_runner.py:266} INFO - Task exited with return code 0
[2025-05-31T08:38:37.089-0600] {taskinstance.py:3901} INFO - 1 downstream tasks scheduled from follow-on schedule check
[2025-05-31T08:38:37.091-0600] {local_task_job_runner.py:245} INFO - ::endgroup::
[2025-05-31T09:57:13.659-0600] {local_task_job_runner.py:123} INFO - ::group::Pre task execution logs
[2025-05-31T09:57:13.696-0600] {taskinstance.py:2614} INFO - Dependencies all met for dep_context=non-requeueable deps ti=<TaskInstance: libertyPr_health_score_1.classify_modems scheduled__2025-05-24T10:00:00+00:00 [queued]>
[2025-05-31T09:57:13.707-0600] {taskinstance.py:2614} INFO - Dependencies all met for dep_context=requeueable deps ti=<TaskInstance: libertyPr_health_score_1.classify_modems scheduled__2025-05-24T10:00:00+00:00 [queued]>
[2025-05-31T09:57:13.708-0600] {taskinstance.py:2867} INFO - Starting attempt 1 of 2
[2025-05-31T09:57:13.724-0600] {taskinstance.py:2890} INFO - Executing <Task(PythonOperator): classify_modems> on 2025-05-24 10:00:00+00:00
[2025-05-31T09:57:13.734-0600] {warnings.py:112} WARNING - /home/***/.local/lib/python3.12/site-packages/***/task/task_runner/standard_task_runner.py:70: DeprecationWarning: This process (pid=1510) is multi-threaded, use of fork() may lead to deadlocks in the child.
  pid = os.fork()

[2025-05-31T09:57:13.736-0600] {standard_task_runner.py:72} INFO - Started process 1512 to run task
[2025-05-31T09:57:13.738-0600] {standard_task_runner.py:104} INFO - Running: ['***', 'tasks', 'run', 'libertyPr_health_score_1', 'classify_modems', 'scheduled__2025-05-24T10:00:00+00:00', '--job-id', '168', '--raw', '--subdir', 'DAGS_FOLDER/health_score_lpr.py', '--cfg-path', '/tmp/tmp97qff2pz']
[2025-05-31T09:57:13.742-0600] {standard_task_runner.py:105} INFO - Job 168: Subtask classify_modems
[2025-05-31T09:57:13.822-0600] {task_command.py:467} INFO - Running <TaskInstance: libertyPr_health_score_1.classify_modems scheduled__2025-05-24T10:00:00+00:00 [running]> on host 439130e6349d
[2025-05-31T09:57:13.968-0600] {taskinstance.py:3134} INFO - Exporting env vars: AIRFLOW_CTX_DAG_OWNER='***' AIRFLOW_CTX_DAG_ID='libertyPr_health_score_1' AIRFLOW_CTX_TASK_ID='classify_modems' AIRFLOW_CTX_EXECUTION_DATE='2025-05-24T10:00:00+00:00' AIRFLOW_CTX_TRY_NUMBER='1' AIRFLOW_CTX_DAG_RUN_ID='scheduled__2025-05-24T10:00:00+00:00'
[2025-05-31T09:57:13.969-0600] {taskinstance.py:732} INFO - ::endgroup::
[2025-05-31T09:57:13.996-0600] {logging_mixin.py:190} INFO - 📥 Loading modem and status data...
[2025-05-31T09:57:19.279-0600] {logging_mixin.py:190} INFO - ✅ Loaded modem data: 1778526 rows from /tmp/modem_data.csv
[2025-05-31T09:57:19.280-0600] {logging_mixin.py:190} INFO - ✅ Loaded status data: 478205 rows from /tmp/modem_status.csv
[2025-05-31T09:57:19.955-0600] {logging_mixin.py:190} INFO - 📊 Unique CM_MACs in modem_df: 477431
[2025-05-31T09:57:20.098-0600] {logging_mixin.py:190} INFO - 📊 Unique CM_MACs in status_df: 477637
[2025-05-31T09:57:20.099-0600] {logging_mixin.py:190} INFO - 🧮 Classifying each channel...
[2025-05-31T09:58:02.951-0600] {logging_mixin.py:190} INFO - ✅ Channel classification complete.
[2025-05-31T09:58:03.030-0600] {logging_mixin.py:190} INFO -          CM_MAC       PTIME Channel_Status
0  DCA633F37BBA  2025-05-23           Good
1  400D1005D13B  2025-05-23           Good
2  50A5DC6B8CBB  2025-05-23           Good
3  400D1005D13B  2025-05-23           Good
4  DCA633F37BBA  2025-05-23           Good
[2025-05-31T09:58:03.052-0600] {logging_mixin.py:190} INFO - 📊 Grouping and summarizing modem data...
[2025-05-31T10:07:38.317-0600] {logging_mixin.py:190} INFO - ✅ Grouped modem data shape: (477431, 4)
[2025-05-31T10:07:38.405-0600] {logging_mixin.py:190} INFO - ✅ Summarized modem data (head):
[2025-05-31T10:07:38.427-0600] {logging_mixin.py:190} INFO -          CM_MAC       PTIME  ...              CHANNEL_NAME TX_MAX
0  00015C6CD846  2025-05-23  ...  cable-upstream 3/10/12.0    NaN
1  000711146ABC  2025-05-23  ...    cable-upstream 4/8/1.0    NaN
2  00071117A32B  2025-05-23  ...  cable-upstream 2/11/15.0    NaN
3  00071117BB9A  2025-05-23  ...   cable-upstream 1/5/13.0    NaN
4  00071117BBAE  2025-05-23  ...    cable-upstream 2/9/2.0    NaN

[5 rows x 6 columns]
[2025-05-31T10:07:38.428-0600] {logging_mixin.py:190} INFO - 🔗 Merging modem-level data with status (LEFT join)...
[2025-05-31T10:07:39.664-0600] {logging_mixin.py:190} INFO - ✅ Merged dataset shape: (477493, 19)
[2025-05-31T10:07:39.666-0600] {logging_mixin.py:190} INFO - 📊 Rows with no ONLINE_COUNT after merge: 1
[2025-05-31T10:07:39.667-0600] {logging_mixin.py:190} INFO - 🛠 Applying final classification rules...
[2025-05-31T10:07:39.719-0600] {logging_mixin.py:190} INFO - 📊 Classification summary after status logic:
[2025-05-31T10:07:39.727-0600] {logging_mixin.py:190} INFO - Category
Good        232636
Warning     138502
Critical    100256
Offline       6099
Name: count, dtype: int64
[2025-05-31T10:07:45.565-0600] {logging_mixin.py:190} INFO - 💾 Saved classified modems to /tmp/classified_modems.csv
[2025-05-31T10:07:45.566-0600] {logging_mixin.py:190} INFO - 🔍 Final modem count: 477493 rows
[2025-05-31T10:07:45.857-0600] {python.py:240} INFO - Done. Returned value was: None
[2025-05-31T10:07:45.875-0600] {taskinstance.py:341} INFO - ::group::Post task execution logs
[2025-05-31T10:07:45.876-0600] {taskinstance.py:353} INFO - Marking task as SUCCESS. dag_id=libertyPr_health_score_1, task_id=classify_modems, run_id=scheduled__2025-05-24T10:00:00+00:00, execution_date=20250524T100000, start_date=20250531T155713, end_date=20250531T160745
[2025-05-31T10:07:46.012-0600] {local_task_job_runner.py:266} INFO - Task exited with return code 0
[2025-05-31T10:07:46.053-0600] {taskinstance.py:3901} INFO - 1 downstream tasks scheduled from follow-on schedule check
[2025-05-31T10:07:46.055-0600] {local_task_job_runner.py:245} INFO - ::endgroup::
[2025-05-31T21:45:41.410-0600] {local_task_job_runner.py:123} INFO - ::group::Pre task execution logs
[2025-05-31T21:45:41.458-0600] {taskinstance.py:2614} INFO - Dependencies all met for dep_context=non-requeueable deps ti=<TaskInstance: libertyPr_health_score_1.classify_modems scheduled__2025-05-24T10:00:00+00:00 [queued]>
[2025-05-31T21:45:41.472-0600] {taskinstance.py:2614} INFO - Dependencies all met for dep_context=requeueable deps ti=<TaskInstance: libertyPr_health_score_1.classify_modems scheduled__2025-05-24T10:00:00+00:00 [queued]>
[2025-05-31T21:45:41.473-0600] {taskinstance.py:2867} INFO - Starting attempt 1 of 2
[2025-05-31T21:45:41.496-0600] {taskinstance.py:2890} INFO - Executing <Task(PythonOperator): classify_modems> on 2025-05-24 10:00:00+00:00
[2025-05-31T21:45:41.512-0600] {warnings.py:112} WARNING - /home/***/.local/lib/python3.12/site-packages/***/task/task_runner/standard_task_runner.py:70: DeprecationWarning: This process (pid=10660) is multi-threaded, use of fork() may lead to deadlocks in the child.
  pid = os.fork()

[2025-05-31T21:45:41.515-0600] {standard_task_runner.py:72} INFO - Started process 10662 to run task
[2025-05-31T21:45:41.517-0600] {standard_task_runner.py:104} INFO - Running: ['***', 'tasks', 'run', 'libertyPr_health_score_1', 'classify_modems', 'scheduled__2025-05-24T10:00:00+00:00', '--job-id', '342', '--raw', '--subdir', 'DAGS_FOLDER/health_score_lpr.py', '--cfg-path', '/tmp/tmpdi549i1b']
[2025-05-31T21:45:41.523-0600] {standard_task_runner.py:105} INFO - Job 342: Subtask classify_modems
[2025-05-31T21:45:41.629-0600] {task_command.py:467} INFO - Running <TaskInstance: libertyPr_health_score_1.classify_modems scheduled__2025-05-24T10:00:00+00:00 [running]> on host 439130e6349d
[2025-05-31T21:45:41.792-0600] {taskinstance.py:3134} INFO - Exporting env vars: AIRFLOW_CTX_DAG_OWNER='***' AIRFLOW_CTX_DAG_ID='libertyPr_health_score_1' AIRFLOW_CTX_TASK_ID='classify_modems' AIRFLOW_CTX_EXECUTION_DATE='2025-05-24T10:00:00+00:00' AIRFLOW_CTX_TRY_NUMBER='1' AIRFLOW_CTX_DAG_RUN_ID='scheduled__2025-05-24T10:00:00+00:00'
[2025-05-31T21:45:41.795-0600] {taskinstance.py:732} INFO - ::endgroup::
[2025-05-31T21:45:41.799-0600] {logging_mixin.py:190} INFO - 📥 Loading modem and status data...
[2025-05-31T21:45:47.305-0600] {logging_mixin.py:190} INFO - ✅ Loaded modem data: 1777267 rows from /tmp/modem_data.csv
[2025-05-31T21:45:47.306-0600] {logging_mixin.py:190} INFO - ✅ Loaded status data: 478135 rows from /tmp/modem_status.csv
[2025-05-31T21:45:47.837-0600] {logging_mixin.py:190} INFO - 📊 Unique CM_MACs in modem_df: 477335
[2025-05-31T21:45:47.972-0600] {logging_mixin.py:190} INFO - 📊 Unique CM_MACs in status_df: 477551
[2025-05-31T21:45:47.973-0600] {logging_mixin.py:190} INFO - 🧮 Classifying each channel...
[2025-05-31T21:46:32.569-0600] {logging_mixin.py:190} INFO - ✅ Channel classification complete.
[2025-05-31T21:46:32.648-0600] {logging_mixin.py:190} INFO -          CM_MAC       PTIME Channel_Status
0  ACF8CC2D20EA  2025-05-24           Good
1  ACF8CC132663  2025-05-24           Good
2  ACF8CC132663  2025-05-24        Warning
3  ACF8CC132663  2025-05-24           Good
4  50A5DC220861  2025-05-24           Good
[2025-05-31T21:46:32.671-0600] {logging_mixin.py:190} INFO - 📊 Grouping and summarizing modem data...
[2025-05-31T21:56:09.826-0600] {logging_mixin.py:190} INFO - ✅ Grouped modem data shape: (477335, 4)
[2025-05-31T21:56:09.918-0600] {logging_mixin.py:190} INFO - ✅ Summarized modem data (head):
[2025-05-31T21:56:09.939-0600] {logging_mixin.py:190} INFO -          CM_MAC       PTIME  ...              CHANNEL_NAME TX_MAX
0  00015C6CD846  2025-05-24  ...  cable-upstream 3/10/12.0    NaN
1  000711146ABC  2025-05-24  ...  cable-upstream 3/11/12.0    NaN
2  00071117A32B  2025-05-24  ...   cable-upstream 3/6/15.0    NaN
3  00071117BB9A  2025-05-24  ...   cable-upstream 2/11/0.0    NaN
4  00071117BBAE  2025-05-24  ...    cable-upstream 2/9/2.0    NaN

[5 rows x 6 columns]
[2025-05-31T21:56:09.939-0600] {logging_mixin.py:190} INFO - 🔗 Merging modem-level data with status (LEFT join)...
[2025-05-31T21:56:11.204-0600] {logging_mixin.py:190} INFO - ✅ Merged dataset shape: (477402, 19)
[2025-05-31T21:56:11.206-0600] {logging_mixin.py:190} INFO - 📊 Rows with no ONLINE_COUNT after merge: 0
[2025-05-31T21:56:11.207-0600] {logging_mixin.py:190} INFO - 🛠 Applying final classification rules...
[2025-05-31T21:56:11.264-0600] {logging_mixin.py:190} INFO - 📊 Classification summary after status logic:
[2025-05-31T21:56:11.273-0600] {logging_mixin.py:190} INFO - Category
Good        229979
Warning     142797
Critical     98067
Offline       6559
Name: count, dtype: int64
[2025-05-31T21:56:16.107-0600] {logging_mixin.py:190} INFO - 💾 Saved classified modems to /tmp/classified_modems.csv
[2025-05-31T21:56:16.108-0600] {logging_mixin.py:190} INFO - 🔍 Final modem count: 477402 rows
[2025-05-31T21:56:16.418-0600] {python.py:240} INFO - Done. Returned value was: None
[2025-05-31T21:56:16.436-0600] {taskinstance.py:341} INFO - ::group::Post task execution logs
[2025-05-31T21:56:16.437-0600] {taskinstance.py:353} INFO - Marking task as SUCCESS. dag_id=libertyPr_health_score_1, task_id=classify_modems, run_id=scheduled__2025-05-24T10:00:00+00:00, execution_date=20250524T100000, start_date=20250601T034541, end_date=20250601T035616
[2025-05-31T21:56:16.570-0600] {local_task_job_runner.py:266} INFO - Task exited with return code 0
[2025-05-31T21:56:16.606-0600] {standard_task_runner.py:217} INFO - Process not found (most likely exited), stop collecting metrics
[2025-05-31T21:56:16.616-0600] {taskinstance.py:3901} INFO - 1 downstream tasks scheduled from follow-on schedule check
[2025-05-31T21:56:16.619-0600] {local_task_job_runner.py:245} INFO - ::endgroup::
