[2025-05-23T17:25:06.402-0600] {local_task_job_runner.py:123} INFO - ::group::Pre task execution logs
[2025-05-23T17:25:06.443-0600] {taskinstance.py:2614} INFO - Dependencies all met for dep_context=non-requeueable deps ti=<TaskInstance: libertyPr_health_score.filter_duplicates scheduled__2025-05-22T00:00:00+00:00 [queued]>
[2025-05-23T17:25:06.459-0600] {taskinstance.py:2614} INFO - Dependencies all met for dep_context=requeueable deps ti=<TaskInstance: libertyPr_health_score.filter_duplicates scheduled__2025-05-22T00:00:00+00:00 [queued]>
[2025-05-23T17:25:06.459-0600] {taskinstance.py:2867} INFO - Starting attempt 4 of 5
[2025-05-23T17:25:06.480-0600] {taskinstance.py:2890} INFO - Executing <Task(PythonOperator): filter_duplicates> on 2025-05-22 00:00:00+00:00
[2025-05-23T17:25:06.492-0600] {warnings.py:112} WARNING - /home/***/.local/lib/python3.12/site-packages/***/task/task_runner/standard_task_runner.py:70: DeprecationWarning: This process (pid=5160) is multi-threaded, use of fork() may lead to deadlocks in the child.
  pid = os.fork()

[2025-05-23T17:25:06.495-0600] {standard_task_runner.py:72} INFO - Started process 5162 to run task
[2025-05-23T17:25:06.497-0600] {standard_task_runner.py:104} INFO - Running: ['***', 'tasks', 'run', 'libertyPr_health_score', 'filter_duplicates', 'scheduled__2025-05-22T00:00:00+00:00', '--job-id', '44', '--raw', '--subdir', 'DAGS_FOLDER/health_score_lpr.py', '--cfg-path', '/tmp/tmpt0ve4f1y']
[2025-05-23T17:25:06.502-0600] {standard_task_runner.py:105} INFO - Job 44: Subtask filter_duplicates
[2025-05-23T17:25:06.594-0600] {task_command.py:467} INFO - Running <TaskInstance: libertyPr_health_score.filter_duplicates scheduled__2025-05-22T00:00:00+00:00 [running]> on host 439130e6349d
[2025-05-23T17:25:06.720-0600] {taskinstance.py:3134} INFO - Exporting env vars: AIRFLOW_CTX_DAG_OWNER='***' AIRFLOW_CTX_DAG_ID='libertyPr_health_score' AIRFLOW_CTX_TASK_ID='filter_duplicates' AIRFLOW_CTX_EXECUTION_DATE='2025-05-22T00:00:00+00:00' AIRFLOW_CTX_TRY_NUMBER='4' AIRFLOW_CTX_DAG_RUN_ID='scheduled__2025-05-22T00:00:00+00:00'
[2025-05-23T17:25:06.721-0600] {taskinstance.py:732} INFO - ::endgroup::
[2025-05-23T17:25:13.044-0600] {logging_mixin.py:190} INFO - 📊 Found 477605 unique cable modems after removing cloned.
[2025-05-23T17:25:27.387-0600] {logging_mixin.py:190} INFO - 🧹 Filtered out 197 CM_MACs that appeared more than 8 times.
[2025-05-23T17:25:27.388-0600] {logging_mixin.py:190} INFO - 📝 Remaining records: 1781813
[2025-05-23T17:25:27.546-0600] {python.py:240} INFO - Done. Returned value was: None
[2025-05-23T17:25:27.569-0600] {taskinstance.py:341} INFO - ::group::Post task execution logs
[2025-05-23T17:25:27.570-0600] {taskinstance.py:353} INFO - Marking task as SUCCESS. dag_id=libertyPr_health_score, task_id=filter_duplicates, run_id=scheduled__2025-05-22T00:00:00+00:00, execution_date=20250522T000000, start_date=20250523T232506, end_date=20250523T232527
[2025-05-23T17:25:27.653-0600] {local_task_job_runner.py:266} INFO - Task exited with return code 0
[2025-05-23T17:25:27.703-0600] {taskinstance.py:3901} INFO - 1 downstream tasks scheduled from follow-on schedule check
[2025-05-23T17:25:27.706-0600] {local_task_job_runner.py:245} INFO - ::endgroup::
