[2025-05-23T10:52:49.654-0600] {local_task_job_runner.py:123} INFO - ::group::Pre task execution logs
[2025-05-23T10:52:49.707-0600] {taskinstance.py:2614} INFO - Dependencies all met for dep_context=non-requeueable deps ti=<TaskInstance: libertyPr_health_score.filter_duplicates scheduled__2025-05-22T00:00:00+00:00 [queued]>
[2025-05-23T10:52:49.725-0600] {taskinstance.py:2614} INFO - Dependencies all met for dep_context=requeueable deps ti=<TaskInstance: libertyPr_health_score.filter_duplicates scheduled__2025-05-22T00:00:00+00:00 [queued]>
[2025-05-23T10:52:49.726-0600] {taskinstance.py:2867} INFO - Starting attempt 1 of 2
[2025-05-23T10:52:49.751-0600] {taskinstance.py:2890} INFO - Executing <Task(PythonOperator): filter_duplicates> on 2025-05-22 00:00:00+00:00
[2025-05-23T10:52:49.764-0600] {warnings.py:112} WARNING - /home/***/.local/lib/python3.12/site-packages/***/task/task_runner/standard_task_runner.py:70: DeprecationWarning: This process (pid=251) is multi-threaded, use of fork() may lead to deadlocks in the child.
  pid = os.fork()

[2025-05-23T10:52:49.767-0600] {standard_task_runner.py:72} INFO - Started process 253 to run task
[2025-05-23T10:52:49.770-0600] {standard_task_runner.py:104} INFO - Running: ['***', 'tasks', 'run', 'libertyPr_health_score', 'filter_duplicates', 'scheduled__2025-05-22T00:00:00+00:00', '--job-id', '6', '--raw', '--subdir', 'DAGS_FOLDER/health_score_lpr.py', '--cfg-path', '/tmp/tmp87mofuhl']
[2025-05-23T10:52:49.776-0600] {standard_task_runner.py:105} INFO - Job 6: Subtask filter_duplicates
[2025-05-23T10:52:49.886-0600] {task_command.py:467} INFO - Running <TaskInstance: libertyPr_health_score.filter_duplicates scheduled__2025-05-22T00:00:00+00:00 [running]> on host 439130e6349d
[2025-05-23T10:52:50.077-0600] {taskinstance.py:3134} INFO - Exporting env vars: AIRFLOW_CTX_DAG_OWNER='***' AIRFLOW_CTX_DAG_ID='libertyPr_health_score' AIRFLOW_CTX_TASK_ID='filter_duplicates' AIRFLOW_CTX_EXECUTION_DATE='2025-05-22T00:00:00+00:00' AIRFLOW_CTX_TRY_NUMBER='1' AIRFLOW_CTX_DAG_RUN_ID='scheduled__2025-05-22T00:00:00+00:00'
[2025-05-23T10:52:50.081-0600] {taskinstance.py:732} INFO - ::endgroup::
[2025-05-23T10:53:09.601-0600] {python.py:240} INFO - Done. Returned value was: None
[2025-05-23T10:53:09.625-0600] {taskinstance.py:341} INFO - ::group::Post task execution logs
[2025-05-23T10:53:09.626-0600] {taskinstance.py:353} INFO - Marking task as SUCCESS. dag_id=libertyPr_health_score, task_id=filter_duplicates, run_id=scheduled__2025-05-22T00:00:00+00:00, execution_date=20250522T000000, start_date=20250523T165249, end_date=20250523T165309
[2025-05-23T10:53:09.728-0600] {local_task_job_runner.py:266} INFO - Task exited with return code 0
[2025-05-23T10:53:09.778-0600] {standard_task_runner.py:217} INFO - Process not found (most likely exited), stop collecting metrics
[2025-05-23T10:53:09.789-0600] {taskinstance.py:3901} INFO - 0 downstream tasks scheduled from follow-on schedule check
[2025-05-23T10:53:09.791-0600] {local_task_job_runner.py:245} INFO - ::endgroup::
