[2025-05-31T11:24:00.307-0600] {local_task_job_runner.py:123} INFO - ::group::Pre task execution logs
[2025-05-31T11:24:00.340-0600] {taskinstance.py:2614} INFO - Dependencies all met for dep_context=non-requeueable deps ti=<TaskInstance: libertyPr_health_score_1.load_data scheduled__2025-05-30T10:00:00+00:00 [queued]>
[2025-05-31T11:24:00.352-0600] {taskinstance.py:2614} INFO - Dependencies all met for dep_context=requeueable deps ti=<TaskInstance: libertyPr_health_score_1.load_data scheduled__2025-05-30T10:00:00+00:00 [queued]>
[2025-05-31T11:24:00.353-0600] {taskinstance.py:2867} INFO - Starting attempt 1 of 2
[2025-05-31T11:24:00.376-0600] {taskinstance.py:2890} INFO - Executing <Task(PythonOperator): load_data> on 2025-05-30 10:00:00+00:00
[2025-05-31T11:24:00.393-0600] {warnings.py:112} WARNING - /home/***/.local/lib/python3.12/site-packages/***/task/task_runner/standard_task_runner.py:70: DeprecationWarning: This process (pid=2697) is multi-threaded, use of fork() may lead to deadlocks in the child.
  pid = os.fork()

[2025-05-31T11:24:00.396-0600] {standard_task_runner.py:72} INFO - Started process 2699 to run task
[2025-05-31T11:24:00.398-0600] {standard_task_runner.py:104} INFO - Running: ['***', 'tasks', 'run', 'libertyPr_health_score_1', 'load_data', 'scheduled__2025-05-30T10:00:00+00:00', '--job-id', '208', '--raw', '--subdir', 'DAGS_FOLDER/health_score_lpr.py', '--cfg-path', '/tmp/tmpntcf8ph3']
[2025-05-31T11:24:00.403-0600] {standard_task_runner.py:105} INFO - Job 208: Subtask load_data
[2025-05-31T11:24:00.536-0600] {task_command.py:467} INFO - Running <TaskInstance: libertyPr_health_score_1.load_data scheduled__2025-05-30T10:00:00+00:00 [running]> on host 439130e6349d
[2025-05-31T11:24:00.722-0600] {taskinstance.py:3134} INFO - Exporting env vars: AIRFLOW_CTX_DAG_OWNER='***' AIRFLOW_CTX_DAG_ID='libertyPr_health_score_1' AIRFLOW_CTX_TASK_ID='load_data' AIRFLOW_CTX_EXECUTION_DATE='2025-05-30T10:00:00+00:00' AIRFLOW_CTX_TRY_NUMBER='1' AIRFLOW_CTX_DAG_RUN_ID='scheduled__2025-05-30T10:00:00+00:00'
[2025-05-31T11:24:00.724-0600] {taskinstance.py:732} INFO - ::endgroup::
[2025-05-31T11:26:09.382-0600] {python.py:240} INFO - Done. Returned value was: None
[2025-05-31T11:26:09.400-0600] {taskinstance.py:341} INFO - ::group::Post task execution logs
[2025-05-31T11:26:09.401-0600] {taskinstance.py:353} INFO - Marking task as SUCCESS. dag_id=libertyPr_health_score_1, task_id=load_data, run_id=scheduled__2025-05-30T10:00:00+00:00, execution_date=20250530T100000, start_date=20250531T172400, end_date=20250531T172609
[2025-05-31T11:26:09.514-0600] {local_task_job_runner.py:266} INFO - Task exited with return code 0
[2025-05-31T11:26:09.558-0600] {taskinstance.py:3901} INFO - 1 downstream tasks scheduled from follow-on schedule check
[2025-05-31T11:26:09.560-0600] {local_task_job_runner.py:245} INFO - ::endgroup::
[2025-05-31T13:59:45.629-0600] {local_task_job_runner.py:123} INFO - ::group::Pre task execution logs
[2025-05-31T13:59:45.669-0600] {taskinstance.py:2614} INFO - Dependencies all met for dep_context=non-requeueable deps ti=<TaskInstance: libertyPr_health_score_1.load_data scheduled__2025-05-30T10:00:00+00:00 [queued]>
[2025-05-31T13:59:45.683-0600] {taskinstance.py:2614} INFO - Dependencies all met for dep_context=requeueable deps ti=<TaskInstance: libertyPr_health_score_1.load_data scheduled__2025-05-30T10:00:00+00:00 [queued]>
[2025-05-31T13:59:45.683-0600] {taskinstance.py:2867} INFO - Starting attempt 1 of 2
[2025-05-31T13:59:45.708-0600] {taskinstance.py:2890} INFO - Executing <Task(PythonOperator): load_data> on 2025-05-30 10:00:00+00:00
[2025-05-31T13:59:45.728-0600] {warnings.py:112} WARNING - /home/***/.local/lib/python3.12/site-packages/***/task/task_runner/standard_task_runner.py:70: DeprecationWarning: This process (pid=4628) is multi-threaded, use of fork() may lead to deadlocks in the child.
  pid = os.fork()

[2025-05-31T13:59:45.732-0600] {standard_task_runner.py:72} INFO - Started process 4630 to run task
[2025-05-31T13:59:45.741-0600] {standard_task_runner.py:104} INFO - Running: ['***', 'tasks', 'run', 'libertyPr_health_score_1', 'load_data', 'scheduled__2025-05-30T10:00:00+00:00', '--job-id', '218', '--raw', '--subdir', 'DAGS_FOLDER/health_score_lpr.py', '--cfg-path', '/tmp/tmppuv53el5']
[2025-05-31T13:59:45.751-0600] {standard_task_runner.py:105} INFO - Job 218: Subtask load_data
[2025-05-31T13:59:45.856-0600] {task_command.py:467} INFO - Running <TaskInstance: libertyPr_health_score_1.load_data scheduled__2025-05-30T10:00:00+00:00 [running]> on host 439130e6349d
[2025-05-31T13:59:46.037-0600] {taskinstance.py:3134} INFO - Exporting env vars: AIRFLOW_CTX_DAG_OWNER='***' AIRFLOW_CTX_DAG_ID='libertyPr_health_score_1' AIRFLOW_CTX_TASK_ID='load_data' AIRFLOW_CTX_EXECUTION_DATE='2025-05-30T10:00:00+00:00' AIRFLOW_CTX_TRY_NUMBER='1' AIRFLOW_CTX_DAG_RUN_ID='scheduled__2025-05-30T10:00:00+00:00'
[2025-05-31T13:59:46.041-0600] {taskinstance.py:732} INFO - ::endgroup::
[2025-05-31T13:59:46.107-0600] {logging_mixin.py:190} INFO - target date
[2025-05-31T13:59:46.107-0600] {logging_mixin.py:190} INFO - 2025-05-29
[2025-05-31T14:01:58.679-0600] {python.py:240} INFO - Done. Returned value was: None
[2025-05-31T14:01:58.699-0600] {taskinstance.py:341} INFO - ::group::Post task execution logs
[2025-05-31T14:01:58.699-0600] {taskinstance.py:353} INFO - Marking task as SUCCESS. dag_id=libertyPr_health_score_1, task_id=load_data, run_id=scheduled__2025-05-30T10:00:00+00:00, execution_date=20250530T100000, start_date=20250531T195945, end_date=20250531T200158
[2025-05-31T14:01:58.826-0600] {local_task_job_runner.py:266} INFO - Task exited with return code 0
[2025-05-31T14:01:58.887-0600] {taskinstance.py:3901} INFO - 1 downstream tasks scheduled from follow-on schedule check
[2025-05-31T14:01:58.889-0600] {local_task_job_runner.py:245} INFO - ::endgroup::
[2025-05-31T14:33:29.616-0600] {local_task_job_runner.py:123} INFO - ::group::Pre task execution logs
[2025-05-31T14:33:29.645-0600] {taskinstance.py:2614} INFO - Dependencies all met for dep_context=non-requeueable deps ti=<TaskInstance: libertyPr_health_score_1.load_data scheduled__2025-05-30T10:00:00+00:00 [queued]>
[2025-05-31T14:33:29.655-0600] {taskinstance.py:2614} INFO - Dependencies all met for dep_context=requeueable deps ti=<TaskInstance: libertyPr_health_score_1.load_data scheduled__2025-05-30T10:00:00+00:00 [queued]>
[2025-05-31T14:33:29.656-0600] {taskinstance.py:2867} INFO - Starting attempt 1 of 2
[2025-05-31T14:33:29.680-0600] {taskinstance.py:2890} INFO - Executing <Task(PythonOperator): load_data> on 2025-05-30 10:00:00+00:00
[2025-05-31T14:33:29.691-0600] {warnings.py:112} WARNING - /home/***/.local/lib/python3.12/site-packages/***/task/task_runner/standard_task_runner.py:70: DeprecationWarning: This process (pid=5062) is multi-threaded, use of fork() may lead to deadlocks in the child.
  pid = os.fork()

[2025-05-31T14:33:29.694-0600] {standard_task_runner.py:72} INFO - Started process 5064 to run task
[2025-05-31T14:33:29.695-0600] {standard_task_runner.py:104} INFO - Running: ['***', 'tasks', 'run', 'libertyPr_health_score_1', 'load_data', 'scheduled__2025-05-30T10:00:00+00:00', '--job-id', '225', '--raw', '--subdir', 'DAGS_FOLDER/health_score_lpr.py', '--cfg-path', '/tmp/tmpedn2g8br']
[2025-05-31T14:33:29.699-0600] {standard_task_runner.py:105} INFO - Job 225: Subtask load_data
[2025-05-31T14:33:29.798-0600] {task_command.py:467} INFO - Running <TaskInstance: libertyPr_health_score_1.load_data scheduled__2025-05-30T10:00:00+00:00 [running]> on host 439130e6349d
[2025-05-31T14:33:29.938-0600] {taskinstance.py:3134} INFO - Exporting env vars: AIRFLOW_CTX_DAG_OWNER='***' AIRFLOW_CTX_DAG_ID='libertyPr_health_score_1' AIRFLOW_CTX_TASK_ID='load_data' AIRFLOW_CTX_EXECUTION_DATE='2025-05-30T10:00:00+00:00' AIRFLOW_CTX_TRY_NUMBER='1' AIRFLOW_CTX_DAG_RUN_ID='scheduled__2025-05-30T10:00:00+00:00'
[2025-05-31T14:33:29.939-0600] {taskinstance.py:732} INFO - ::endgroup::
[2025-05-31T14:33:29.985-0600] {logging_mixin.py:190} INFO - target date
[2025-05-31T14:33:29.986-0600] {logging_mixin.py:190} INFO - 2025-05-30
[2025-05-31T14:35:40.225-0600] {python.py:240} INFO - Done. Returned value was: None
[2025-05-31T14:35:40.245-0600] {taskinstance.py:341} INFO - ::group::Post task execution logs
[2025-05-31T14:35:40.246-0600] {taskinstance.py:353} INFO - Marking task as SUCCESS. dag_id=libertyPr_health_score_1, task_id=load_data, run_id=scheduled__2025-05-30T10:00:00+00:00, execution_date=20250530T100000, start_date=20250531T203329, end_date=20250531T203540
[2025-05-31T14:35:40.406-0600] {local_task_job_runner.py:266} INFO - Task exited with return code 0
[2025-05-31T14:35:40.484-0600] {taskinstance.py:3901} INFO - 1 downstream tasks scheduled from follow-on schedule check
[2025-05-31T14:35:40.486-0600] {local_task_job_runner.py:245} INFO - ::endgroup::
[2025-05-31T15:17:11.922-0600] {local_task_job_runner.py:123} INFO - ::group::Pre task execution logs
[2025-05-31T15:17:11.951-0600] {taskinstance.py:2614} INFO - Dependencies all met for dep_context=non-requeueable deps ti=<TaskInstance: libertyPr_health_score_1.load_data scheduled__2025-05-30T10:00:00+00:00 [queued]>
[2025-05-31T15:17:11.965-0600] {taskinstance.py:2614} INFO - Dependencies all met for dep_context=requeueable deps ti=<TaskInstance: libertyPr_health_score_1.load_data scheduled__2025-05-30T10:00:00+00:00 [queued]>
[2025-05-31T15:17:11.965-0600] {taskinstance.py:2867} INFO - Starting attempt 1 of 2
[2025-05-31T15:17:11.998-0600] {taskinstance.py:2890} INFO - Executing <Task(PythonOperator): load_data> on 2025-05-30 10:00:00+00:00
[2025-05-31T15:17:12.027-0600] {warnings.py:112} WARNING - /home/***/.local/lib/python3.12/site-packages/***/task/task_runner/standard_task_runner.py:70: DeprecationWarning: This process (pid=5634) is multi-threaded, use of fork() may lead to deadlocks in the child.
  pid = os.fork()

[2025-05-31T15:17:12.030-0600] {standard_task_runner.py:72} INFO - Started process 5643 to run task
[2025-05-31T15:17:12.031-0600] {standard_task_runner.py:104} INFO - Running: ['***', 'tasks', 'run', 'libertyPr_health_score_1', 'load_data', 'scheduled__2025-05-30T10:00:00+00:00', '--job-id', '239', '--raw', '--subdir', 'DAGS_FOLDER/health_score_lpr.py', '--cfg-path', '/tmp/tmpqnfu0lyn']
[2025-05-31T15:17:12.036-0600] {standard_task_runner.py:105} INFO - Job 239: Subtask load_data
[2025-05-31T15:17:12.187-0600] {task_command.py:467} INFO - Running <TaskInstance: libertyPr_health_score_1.load_data scheduled__2025-05-30T10:00:00+00:00 [running]> on host 439130e6349d
[2025-05-31T15:17:12.346-0600] {taskinstance.py:3134} INFO - Exporting env vars: AIRFLOW_CTX_DAG_OWNER='***' AIRFLOW_CTX_DAG_ID='libertyPr_health_score_1' AIRFLOW_CTX_TASK_ID='load_data' AIRFLOW_CTX_EXECUTION_DATE='2025-05-30T10:00:00+00:00' AIRFLOW_CTX_TRY_NUMBER='1' AIRFLOW_CTX_DAG_RUN_ID='scheduled__2025-05-30T10:00:00+00:00'
[2025-05-31T15:17:12.347-0600] {taskinstance.py:732} INFO - ::endgroup::
[2025-05-31T15:17:12.401-0600] {logging_mixin.py:190} INFO - target date
[2025-05-31T15:17:12.403-0600] {logging_mixin.py:190} INFO - 2025-05-30
[2025-05-31T15:19:24.181-0600] {python.py:240} INFO - Done. Returned value was: None
[2025-05-31T15:19:24.205-0600] {taskinstance.py:341} INFO - ::group::Post task execution logs
[2025-05-31T15:19:24.206-0600] {taskinstance.py:353} INFO - Marking task as SUCCESS. dag_id=libertyPr_health_score_1, task_id=load_data, run_id=scheduled__2025-05-30T10:00:00+00:00, execution_date=20250530T100000, start_date=20250531T211711, end_date=20250531T211924
[2025-05-31T15:19:24.354-0600] {local_task_job_runner.py:266} INFO - Task exited with return code 0
[2025-05-31T15:19:24.421-0600] {taskinstance.py:3901} INFO - 1 downstream tasks scheduled from follow-on schedule check
[2025-05-31T15:19:24.425-0600] {local_task_job_runner.py:245} INFO - ::endgroup::
[2025-05-31T16:41:56.867-0600] {local_task_job_runner.py:123} INFO - ::group::Pre task execution logs
[2025-05-31T16:41:56.902-0600] {taskinstance.py:2614} INFO - Dependencies all met for dep_context=non-requeueable deps ti=<TaskInstance: libertyPr_health_score_1.load_data scheduled__2025-05-30T10:00:00+00:00 [queued]>
[2025-05-31T16:41:56.913-0600] {taskinstance.py:2614} INFO - Dependencies all met for dep_context=requeueable deps ti=<TaskInstance: libertyPr_health_score_1.load_data scheduled__2025-05-30T10:00:00+00:00 [queued]>
[2025-05-31T16:41:56.913-0600] {taskinstance.py:2867} INFO - Starting attempt 1 of 2
[2025-05-31T16:41:56.948-0600] {taskinstance.py:2890} INFO - Executing <Task(PythonOperator): load_data> on 2025-05-30 10:00:00+00:00
[2025-05-31T16:41:56.961-0600] {warnings.py:112} WARNING - /home/***/.local/lib/python3.12/site-packages/***/task/task_runner/standard_task_runner.py:70: DeprecationWarning: This process (pid=6721) is multi-threaded, use of fork() may lead to deadlocks in the child.
  pid = os.fork()

[2025-05-31T16:41:56.964-0600] {standard_task_runner.py:72} INFO - Started process 6723 to run task
[2025-05-31T16:41:56.965-0600] {standard_task_runner.py:104} INFO - Running: ['***', 'tasks', 'run', 'libertyPr_health_score_1', 'load_data', 'scheduled__2025-05-30T10:00:00+00:00', '--job-id', '255', '--raw', '--subdir', 'DAGS_FOLDER/health_score_lpr.py', '--cfg-path', '/tmp/tmpssvv6sp8']
[2025-05-31T16:41:56.969-0600] {standard_task_runner.py:105} INFO - Job 255: Subtask load_data
[2025-05-31T16:41:57.061-0600] {task_command.py:467} INFO - Running <TaskInstance: libertyPr_health_score_1.load_data scheduled__2025-05-30T10:00:00+00:00 [running]> on host 439130e6349d
[2025-05-31T16:41:57.222-0600] {taskinstance.py:3134} INFO - Exporting env vars: AIRFLOW_CTX_DAG_OWNER='***' AIRFLOW_CTX_DAG_ID='libertyPr_health_score_1' AIRFLOW_CTX_TASK_ID='load_data' AIRFLOW_CTX_EXECUTION_DATE='2025-05-30T10:00:00+00:00' AIRFLOW_CTX_TRY_NUMBER='1' AIRFLOW_CTX_DAG_RUN_ID='scheduled__2025-05-30T10:00:00+00:00'
[2025-05-31T16:41:57.224-0600] {taskinstance.py:732} INFO - ::endgroup::
[2025-05-31T16:41:57.249-0600] {logging_mixin.py:190} INFO - target date
[2025-05-31T16:41:57.250-0600] {logging_mixin.py:190} INFO - 2025-05-30
[2025-05-31T16:44:12.097-0600] {python.py:240} INFO - Done. Returned value was: None
[2025-05-31T16:44:12.119-0600] {taskinstance.py:341} INFO - ::group::Post task execution logs
[2025-05-31T16:44:12.120-0600] {taskinstance.py:353} INFO - Marking task as SUCCESS. dag_id=libertyPr_health_score_1, task_id=load_data, run_id=scheduled__2025-05-30T10:00:00+00:00, execution_date=20250530T100000, start_date=20250531T224156, end_date=20250531T224412
[2025-05-31T16:44:12.281-0600] {local_task_job_runner.py:266} INFO - Task exited with return code 0
[2025-05-31T16:44:12.344-0600] {taskinstance.py:3901} INFO - 1 downstream tasks scheduled from follow-on schedule check
[2025-05-31T16:44:12.346-0600] {local_task_job_runner.py:245} INFO - ::endgroup::
[2025-05-31T17:12:30.169-0600] {local_task_job_runner.py:123} INFO - ::group::Pre task execution logs
[2025-05-31T17:12:30.204-0600] {taskinstance.py:2614} INFO - Dependencies all met for dep_context=non-requeueable deps ti=<TaskInstance: libertyPr_health_score_1.load_data scheduled__2025-05-30T10:00:00+00:00 [queued]>
[2025-05-31T17:12:30.214-0600] {taskinstance.py:2614} INFO - Dependencies all met for dep_context=requeueable deps ti=<TaskInstance: libertyPr_health_score_1.load_data scheduled__2025-05-30T10:00:00+00:00 [queued]>
[2025-05-31T17:12:30.215-0600] {taskinstance.py:2867} INFO - Starting attempt 1 of 2
[2025-05-31T17:12:30.235-0600] {taskinstance.py:2890} INFO - Executing <Task(PythonOperator): load_data> on 2025-05-30 10:00:00+00:00
[2025-05-31T17:12:30.247-0600] {warnings.py:112} WARNING - /home/***/.local/lib/python3.12/site-packages/***/task/task_runner/standard_task_runner.py:70: DeprecationWarning: This process (pid=7105) is multi-threaded, use of fork() may lead to deadlocks in the child.
  pid = os.fork()

[2025-05-31T17:12:30.249-0600] {standard_task_runner.py:72} INFO - Started process 7107 to run task
[2025-05-31T17:12:30.251-0600] {standard_task_runner.py:104} INFO - Running: ['***', 'tasks', 'run', 'libertyPr_health_score_1', 'load_data', 'scheduled__2025-05-30T10:00:00+00:00', '--job-id', '267', '--raw', '--subdir', 'DAGS_FOLDER/health_score_lpr.py', '--cfg-path', '/tmp/tmpmlxolpo9']
[2025-05-31T17:12:30.255-0600] {standard_task_runner.py:105} INFO - Job 267: Subtask load_data
[2025-05-31T17:12:30.342-0600] {task_command.py:467} INFO - Running <TaskInstance: libertyPr_health_score_1.load_data scheduled__2025-05-30T10:00:00+00:00 [running]> on host 439130e6349d
[2025-05-31T17:12:30.524-0600] {taskinstance.py:3134} INFO - Exporting env vars: AIRFLOW_CTX_DAG_OWNER='***' AIRFLOW_CTX_DAG_ID='libertyPr_health_score_1' AIRFLOW_CTX_TASK_ID='load_data' AIRFLOW_CTX_EXECUTION_DATE='2025-05-30T10:00:00+00:00' AIRFLOW_CTX_TRY_NUMBER='1' AIRFLOW_CTX_DAG_RUN_ID='scheduled__2025-05-30T10:00:00+00:00'
[2025-05-31T17:12:30.526-0600] {taskinstance.py:732} INFO - ::endgroup::
[2025-05-31T17:12:30.553-0600] {logging_mixin.py:190} INFO - target date
[2025-05-31T17:12:30.554-0600] {logging_mixin.py:190} INFO - 2025-05-30
[2025-05-31T17:14:52.004-0600] {python.py:240} INFO - Done. Returned value was: None
[2025-05-31T17:14:52.028-0600] {taskinstance.py:341} INFO - ::group::Post task execution logs
[2025-05-31T17:14:52.028-0600] {taskinstance.py:353} INFO - Marking task as SUCCESS. dag_id=libertyPr_health_score_1, task_id=load_data, run_id=scheduled__2025-05-30T10:00:00+00:00, execution_date=20250530T100000, start_date=20250531T231230, end_date=20250531T231452
[2025-05-31T17:14:52.184-0600] {local_task_job_runner.py:266} INFO - Task exited with return code 0
[2025-05-31T17:14:52.251-0600] {taskinstance.py:3901} INFO - 1 downstream tasks scheduled from follow-on schedule check
[2025-05-31T17:14:52.253-0600] {local_task_job_runner.py:245} INFO - ::endgroup::
[2025-05-31T18:36:17.902-0600] {local_task_job_runner.py:123} INFO - ::group::Pre task execution logs
[2025-05-31T18:36:17.930-0600] {taskinstance.py:2614} INFO - Dependencies all met for dep_context=non-requeueable deps ti=<TaskInstance: libertyPr_health_score_1.load_data scheduled__2025-05-30T10:00:00+00:00 [queued]>
[2025-05-31T18:36:17.941-0600] {taskinstance.py:2614} INFO - Dependencies all met for dep_context=requeueable deps ti=<TaskInstance: libertyPr_health_score_1.load_data scheduled__2025-05-30T10:00:00+00:00 [queued]>
[2025-05-31T18:36:17.941-0600] {taskinstance.py:2867} INFO - Starting attempt 1 of 2
[2025-05-31T18:36:17.960-0600] {taskinstance.py:2890} INFO - Executing <Task(PythonOperator): load_data> on 2025-05-30 10:00:00+00:00
[2025-05-31T18:36:17.971-0600] {warnings.py:112} WARNING - /home/***/.local/lib/python3.12/site-packages/***/task/task_runner/standard_task_runner.py:70: DeprecationWarning: This process (pid=8163) is multi-threaded, use of fork() may lead to deadlocks in the child.
  pid = os.fork()

[2025-05-31T18:36:17.974-0600] {standard_task_runner.py:72} INFO - Started process 8165 to run task
[2025-05-31T18:36:17.974-0600] {standard_task_runner.py:104} INFO - Running: ['***', 'tasks', 'run', 'libertyPr_health_score_1', 'load_data', 'scheduled__2025-05-30T10:00:00+00:00', '--job-id', '283', '--raw', '--subdir', 'DAGS_FOLDER/health_score_lpr.py', '--cfg-path', '/tmp/tmp_zetpp1p']
[2025-05-31T18:36:17.978-0600] {standard_task_runner.py:105} INFO - Job 283: Subtask load_data
[2025-05-31T18:36:18.059-0600] {task_command.py:467} INFO - Running <TaskInstance: libertyPr_health_score_1.load_data scheduled__2025-05-30T10:00:00+00:00 [running]> on host 439130e6349d
[2025-05-31T18:36:18.204-0600] {taskinstance.py:3134} INFO - Exporting env vars: AIRFLOW_CTX_DAG_OWNER='***' AIRFLOW_CTX_DAG_ID='libertyPr_health_score_1' AIRFLOW_CTX_TASK_ID='load_data' AIRFLOW_CTX_EXECUTION_DATE='2025-05-30T10:00:00+00:00' AIRFLOW_CTX_TRY_NUMBER='1' AIRFLOW_CTX_DAG_RUN_ID='scheduled__2025-05-30T10:00:00+00:00'
[2025-05-31T18:36:18.206-0600] {taskinstance.py:732} INFO - ::endgroup::
[2025-05-31T18:36:18.231-0600] {logging_mixin.py:190} INFO - target date
[2025-05-31T18:36:18.232-0600] {logging_mixin.py:190} INFO - 2025-05-30
[2025-05-31T18:38:37.986-0600] {python.py:240} INFO - Done. Returned value was: None
[2025-05-31T18:38:38.015-0600] {taskinstance.py:341} INFO - ::group::Post task execution logs
[2025-05-31T18:38:38.016-0600] {taskinstance.py:353} INFO - Marking task as SUCCESS. dag_id=libertyPr_health_score_1, task_id=load_data, run_id=scheduled__2025-05-30T10:00:00+00:00, execution_date=20250530T100000, start_date=20250601T003617, end_date=20250601T003838
[2025-05-31T18:38:38.255-0600] {local_task_job_runner.py:266} INFO - Task exited with return code 0
[2025-05-31T18:38:38.329-0600] {taskinstance.py:3901} INFO - 1 downstream tasks scheduled from follow-on schedule check
[2025-05-31T18:38:38.332-0600] {local_task_job_runner.py:245} INFO - ::endgroup::
[2025-05-31T23:14:35.151-0600] {local_task_job_runner.py:123} INFO - ::group::Pre task execution logs
[2025-05-31T23:14:35.179-0600] {taskinstance.py:2614} INFO - Dependencies all met for dep_context=non-requeueable deps ti=<TaskInstance: libertyPr_health_score_1.load_data scheduled__2025-05-30T10:00:00+00:00 [queued]>
[2025-05-31T23:14:35.190-0600] {taskinstance.py:2614} INFO - Dependencies all met for dep_context=requeueable deps ti=<TaskInstance: libertyPr_health_score_1.load_data scheduled__2025-05-30T10:00:00+00:00 [queued]>
[2025-05-31T23:14:35.190-0600] {taskinstance.py:2867} INFO - Starting attempt 1 of 2
[2025-05-31T23:14:35.209-0600] {taskinstance.py:2890} INFO - Executing <Task(PythonOperator): load_data> on 2025-05-30 10:00:00+00:00
[2025-05-31T23:14:35.220-0600] {warnings.py:112} WARNING - /home/***/.local/lib/python3.12/site-packages/***/task/task_runner/standard_task_runner.py:70: DeprecationWarning: This process (pid=11871) is multi-threaded, use of fork() may lead to deadlocks in the child.
  pid = os.fork()

[2025-05-31T23:14:35.223-0600] {standard_task_runner.py:72} INFO - Started process 11873 to run task
[2025-05-31T23:14:35.223-0600] {standard_task_runner.py:104} INFO - Running: ['***', 'tasks', 'run', 'libertyPr_health_score_1', 'load_data', 'scheduled__2025-05-30T10:00:00+00:00', '--job-id', '387', '--raw', '--subdir', 'DAGS_FOLDER/health_score_lpr.py', '--cfg-path', '/tmp/tmp6wexmca0']
[2025-05-31T23:14:35.228-0600] {standard_task_runner.py:105} INFO - Job 387: Subtask load_data
[2025-05-31T23:14:35.307-0600] {task_command.py:467} INFO - Running <TaskInstance: libertyPr_health_score_1.load_data scheduled__2025-05-30T10:00:00+00:00 [running]> on host 439130e6349d
[2025-05-31T23:14:35.458-0600] {taskinstance.py:3134} INFO - Exporting env vars: AIRFLOW_CTX_DAG_OWNER='***' AIRFLOW_CTX_DAG_ID='libertyPr_health_score_1' AIRFLOW_CTX_TASK_ID='load_data' AIRFLOW_CTX_EXECUTION_DATE='2025-05-30T10:00:00+00:00' AIRFLOW_CTX_TRY_NUMBER='1' AIRFLOW_CTX_DAG_RUN_ID='scheduled__2025-05-30T10:00:00+00:00'
[2025-05-31T23:14:35.460-0600] {taskinstance.py:732} INFO - ::endgroup::
[2025-05-31T23:14:35.483-0600] {logging_mixin.py:190} INFO - target date
[2025-05-31T23:14:35.483-0600] {logging_mixin.py:190} INFO - 2025-05-30
[2025-05-31T23:16:48.575-0600] {python.py:240} INFO - Done. Returned value was: None
[2025-05-31T23:16:48.609-0600] {taskinstance.py:341} INFO - ::group::Post task execution logs
[2025-05-31T23:16:48.610-0600] {taskinstance.py:353} INFO - Marking task as SUCCESS. dag_id=libertyPr_health_score_1, task_id=load_data, run_id=scheduled__2025-05-30T10:00:00+00:00, execution_date=20250530T100000, start_date=20250601T051435, end_date=20250601T051648
[2025-05-31T23:16:48.793-0600] {local_task_job_runner.py:266} INFO - Task exited with return code 0
[2025-05-31T23:16:48.859-0600] {taskinstance.py:3901} INFO - 1 downstream tasks scheduled from follow-on schedule check
[2025-05-31T23:16:48.870-0600] {local_task_job_runner.py:245} INFO - ::endgroup::
