[2025-05-28T15:38:57.640-0600] {local_task_job_runner.py:123} INFO - ::group::Pre task execution logs
[2025-05-28T15:38:57.681-0600] {taskinstance.py:2614} INFO - Dependencies all met for dep_context=non-requeueable deps ti=<TaskInstance: libertyPr_health_score_1.classify_modems scheduled__2025-05-27T12:00:00+00:00 [queued]>
[2025-05-28T15:38:57.695-0600] {taskinstance.py:2614} INFO - Dependencies all met for dep_context=requeueable deps ti=<TaskInstance: libertyPr_health_score_1.classify_modems scheduled__2025-05-27T12:00:00+00:00 [queued]>
[2025-05-28T15:38:57.695-0600] {taskinstance.py:2867} INFO - Starting attempt 1 of 2
[2025-05-28T15:38:57.714-0600] {taskinstance.py:2890} INFO - Executing <Task(PythonOperator): classify_modems> on 2025-05-27 12:00:00+00:00
[2025-05-28T15:38:57.725-0600] {warnings.py:112} WARNING - /home/***/.local/lib/python3.12/site-packages/***/task/task_runner/standard_task_runner.py:70: DeprecationWarning: This process (pid=91082) is multi-threaded, use of fork() may lead to deadlocks in the child.
  pid = os.fork()

[2025-05-28T15:38:57.728-0600] {standard_task_runner.py:72} INFO - Started process 91084 to run task
[2025-05-28T15:38:57.729-0600] {standard_task_runner.py:104} INFO - Running: ['***', 'tasks', 'run', 'libertyPr_health_score_1', 'classify_modems', 'scheduled__2025-05-27T12:00:00+00:00', '--job-id', '112', '--raw', '--subdir', 'DAGS_FOLDER/health_score_lpr.py', '--cfg-path', '/tmp/tmp0ayue4c2']
[2025-05-28T15:38:57.734-0600] {standard_task_runner.py:105} INFO - Job 112: Subtask classify_modems
[2025-05-28T15:38:57.814-0600] {task_command.py:467} INFO - Running <TaskInstance: libertyPr_health_score_1.classify_modems scheduled__2025-05-27T12:00:00+00:00 [running]> on host 439130e6349d
[2025-05-28T15:38:57.960-0600] {taskinstance.py:3134} INFO - Exporting env vars: AIRFLOW_CTX_DAG_OWNER='***' AIRFLOW_CTX_DAG_ID='libertyPr_health_score_1' AIRFLOW_CTX_TASK_ID='classify_modems' AIRFLOW_CTX_EXECUTION_DATE='2025-05-27T12:00:00+00:00' AIRFLOW_CTX_TRY_NUMBER='1' AIRFLOW_CTX_DAG_RUN_ID='scheduled__2025-05-27T12:00:00+00:00'
[2025-05-28T15:38:57.963-0600] {taskinstance.py:732} INFO - ::endgroup::
[2025-05-28T15:38:57.986-0600] {logging_mixin.py:190} INFO - 📥 Loading modem and status data...
[2025-05-28T15:39:02.986-0600] {logging_mixin.py:190} INFO - ✅ Loaded modem data: 1773111 rows from /tmp/modem_data.csv
[2025-05-28T15:39:02.986-0600] {logging_mixin.py:190} INFO - ✅ Loaded status data: 477519 rows from /tmp/modem_status.csv
[2025-05-28T15:39:03.523-0600] {logging_mixin.py:190} INFO - 📊 Unique CM_MACs in modem_df: 476768
[2025-05-28T15:39:03.672-0600] {logging_mixin.py:190} INFO - 📊 Unique CM_MACs in status_df: 476970
[2025-05-28T15:39:03.673-0600] {logging_mixin.py:190} INFO - 🧮 Classifying each channel...
[2025-05-28T15:39:47.671-0600] {logging_mixin.py:190} INFO - ✅ Channel classification complete.
[2025-05-28T15:39:47.751-0600] {logging_mixin.py:190} INFO -          CM_MAC       PTIME Channel_Status
0  48D343C2BEA3  2025-05-26           Good
1  48D343C2BEA3  2025-05-26           Good
2  0090EA0BB0E2  2025-05-26           Good
3  48D343C2BEA3  2025-05-26        Warning
4  E48399A1EFE3  2025-05-26           Good
[2025-05-28T15:39:47.773-0600] {logging_mixin.py:190} INFO - 📊 Grouping and summarizing modem data...
[2025-05-28T15:49:31.463-0600] {logging_mixin.py:190} INFO - ✅ Grouped modem data shape: (476768, 4)
[2025-05-28T15:49:31.549-0600] {logging_mixin.py:190} INFO - ✅ Summarized modem data (head):
[2025-05-28T15:49:31.570-0600] {logging_mixin.py:190} INFO -          CM_MAC       PTIME  ...              CHANNEL_NAME TX_MAX
0  00015C6CD846  2025-05-26  ...  cable-upstream 3/10/12.0    NaN
1  000711146ABC  2025-05-26  ...  cable-upstream 3/11/12.0    NaN
2  00071117BB95  2025-05-26  ...   cable-upstream 1/2/14.0    NaN
3  00071117BB9A  2025-05-26  ...   cable-upstream 2/11/0.0    NaN
4  00071117BB9F  2025-05-26  ...   cable-upstream 2/1/13.0    NaN

[5 rows x 6 columns]
[2025-05-28T15:49:31.571-0600] {logging_mixin.py:190} INFO - 🔗 Merging modem-level data with status (LEFT join)...
[2025-05-28T15:49:32.974-0600] {logging_mixin.py:190} INFO - ✅ Merged dataset shape: (476836, 19)
[2025-05-28T15:49:32.977-0600] {logging_mixin.py:190} INFO - 📊 Rows with no ONLINE_COUNT after merge: 0
[2025-05-28T15:49:32.978-0600] {logging_mixin.py:190} INFO - 🛠 Applying final classification rules...
[2025-05-28T15:49:33.059-0600] {logging_mixin.py:190} INFO - 📊 Classification summary after status logic:
[2025-05-28T15:49:33.073-0600] {logging_mixin.py:190} INFO - Category
Good        242260
Warning     135440
Critical     93112
Offline       6024
Name: count, dtype: int64
[2025-05-28T15:49:37.670-0600] {logging_mixin.py:190} INFO - 💾 Saved classified modems to /tmp/classified_modems.csv
[2025-05-28T15:49:37.671-0600] {logging_mixin.py:190} INFO - 🔍 Final modem count: 476836 rows
[2025-05-28T15:49:37.976-0600] {python.py:240} INFO - Done. Returned value was: None
[2025-05-28T15:49:38.009-0600] {taskinstance.py:341} INFO - ::group::Post task execution logs
[2025-05-28T15:49:38.010-0600] {taskinstance.py:353} INFO - Marking task as SUCCESS. dag_id=libertyPr_health_score_1, task_id=classify_modems, run_id=scheduled__2025-05-27T12:00:00+00:00, execution_date=20250527T120000, start_date=20250528T213857, end_date=20250528T214938
[2025-05-28T15:49:38.146-0600] {local_task_job_runner.py:266} INFO - Task exited with return code 0
[2025-05-28T15:49:38.208-0600] {taskinstance.py:3901} INFO - 1 downstream tasks scheduled from follow-on schedule check
[2025-05-28T15:49:38.247-0600] {local_task_job_runner.py:245} INFO - ::endgroup::
