[2025-05-29T06:02:37.938-0600] {local_task_job_runner.py:123} INFO - ::group::Pre task execution logs
[2025-05-29T06:02:37.985-0600] {taskinstance.py:2614} INFO - Dependencies all met for dep_context=non-requeueable deps ti=<TaskInstance: libertyPr_health_score_1.classify_modems scheduled__2025-05-28T12:00:00+00:00 [queued]>
[2025-05-29T06:02:38.000-0600] {taskinstance.py:2614} INFO - Dependencies all met for dep_context=requeueable deps ti=<TaskInstance: libertyPr_health_score_1.classify_modems scheduled__2025-05-28T12:00:00+00:00 [queued]>
[2025-05-29T06:02:38.000-0600] {taskinstance.py:2867} INFO - Starting attempt 1 of 2
[2025-05-29T06:02:38.021-0600] {taskinstance.py:2890} INFO - Executing <Task(PythonOperator): classify_modems> on 2025-05-28 12:00:00+00:00
[2025-05-29T06:02:38.035-0600] {warnings.py:112} WARNING - /home/***/.local/lib/python3.12/site-packages/***/task/task_runner/standard_task_runner.py:70: DeprecationWarning: This process (pid=101552) is multi-threaded, use of fork() may lead to deadlocks in the child.
  pid = os.fork()

[2025-05-29T06:02:38.038-0600] {standard_task_runner.py:72} INFO - Started process 101554 to run task
[2025-05-29T06:02:38.040-0600] {standard_task_runner.py:104} INFO - Running: ['***', 'tasks', 'run', 'libertyPr_health_score_1', 'classify_modems', 'scheduled__2025-05-28T12:00:00+00:00', '--job-id', '119', '--raw', '--subdir', 'DAGS_FOLDER/health_score_lpr.py', '--cfg-path', '/tmp/tmpccgx1com']
[2025-05-29T06:02:38.046-0600] {standard_task_runner.py:105} INFO - Job 119: Subtask classify_modems
[2025-05-29T06:02:38.143-0600] {task_command.py:467} INFO - Running <TaskInstance: libertyPr_health_score_1.classify_modems scheduled__2025-05-28T12:00:00+00:00 [running]> on host 439130e6349d
[2025-05-29T06:02:38.309-0600] {taskinstance.py:3134} INFO - Exporting env vars: AIRFLOW_CTX_DAG_OWNER='***' AIRFLOW_CTX_DAG_ID='libertyPr_health_score_1' AIRFLOW_CTX_TASK_ID='classify_modems' AIRFLOW_CTX_EXECUTION_DATE='2025-05-28T12:00:00+00:00' AIRFLOW_CTX_TRY_NUMBER='1' AIRFLOW_CTX_DAG_RUN_ID='scheduled__2025-05-28T12:00:00+00:00'
[2025-05-29T06:02:38.313-0600] {taskinstance.py:732} INFO - ::endgroup::
[2025-05-29T06:02:38.341-0600] {logging_mixin.py:190} INFO - 📥 Loading modem and status data...
[2025-05-29T06:02:43.243-0600] {logging_mixin.py:190} INFO - ✅ Loaded modem data: 1773760 rows from /tmp/modem_data.csv
[2025-05-29T06:02:43.244-0600] {logging_mixin.py:190} INFO - ✅ Loaded status data: 477466 rows from /tmp/modem_status.csv
[2025-05-29T06:02:43.668-0600] {logging_mixin.py:190} INFO - 📊 Unique CM_MACs in modem_df: 476695
[2025-05-29T06:02:43.787-0600] {logging_mixin.py:190} INFO - 📊 Unique CM_MACs in status_df: 476898
[2025-05-29T06:02:43.787-0600] {logging_mixin.py:190} INFO - 🧮 Classifying each channel...
[2025-05-29T06:03:27.690-0600] {logging_mixin.py:190} INFO - ✅ Channel classification complete.
[2025-05-29T06:03:27.771-0600] {logging_mixin.py:190} INFO -          CM_MAC       PTIME Channel_Status
0  E45740415EB0  2025-05-27           Good
1  9C247262B54A  2025-05-27           Good
2  E45740415EB0  2025-05-27           Good
3  9C247262B54A  2025-05-27           Good
4  9C247262B54A  2025-05-27           Good
[2025-05-29T06:03:27.795-0600] {logging_mixin.py:190} INFO - 📊 Grouping and summarizing modem data...
[2025-05-29T06:13:05.332-0600] {logging_mixin.py:190} INFO - ✅ Grouped modem data shape: (476695, 4)
[2025-05-29T06:13:05.421-0600] {logging_mixin.py:190} INFO - ✅ Summarized modem data (head):
[2025-05-29T06:13:05.441-0600] {logging_mixin.py:190} INFO -          CM_MAC       PTIME  ...              CHANNEL_NAME TX_MAX
0  00015C6CD846  2025-05-27  ...  cable-upstream 3/10/12.0    NaN
1  00071100F727  2025-05-27  ...    cable-upstream 2/6/6.0    NaN
2  00071117BBAE  2025-05-27  ...    cable-upstream 2/9/2.0    NaN
3  00071117BC0D  2025-05-27  ...  cable-upstream 1/11/13.0    NaN
4  00071117CA62  2025-05-27  ...    cable-upstream 3/6/2.0    NaN

[5 rows x 6 columns]
[2025-05-29T06:13:05.442-0600] {logging_mixin.py:190} INFO - 🔗 Merging modem-level data with status (LEFT join)...
[2025-05-29T06:13:06.718-0600] {logging_mixin.py:190} INFO - ✅ Merged dataset shape: (476765, 19)
[2025-05-29T06:13:06.720-0600] {logging_mixin.py:190} INFO - 📊 Rows with no ONLINE_COUNT after merge: 4
[2025-05-29T06:13:06.720-0600] {logging_mixin.py:190} INFO - 🛠 Applying final classification rules...
[2025-05-29T06:13:06.768-0600] {logging_mixin.py:190} INFO - 📊 Classification summary after status logic:
[2025-05-29T06:13:06.776-0600] {logging_mixin.py:190} INFO - Category
Good        239194
Warning     139115
Critical     92704
Offline       5752
Name: count, dtype: int64
[2025-05-29T06:13:12.058-0600] {logging_mixin.py:190} INFO - 💾 Saved classified modems to /tmp/classified_modems.csv
[2025-05-29T06:13:12.059-0600] {logging_mixin.py:190} INFO - 🔍 Final modem count: 476765 rows
[2025-05-29T06:13:12.334-0600] {python.py:240} INFO - Done. Returned value was: None
[2025-05-29T06:13:12.354-0600] {taskinstance.py:341} INFO - ::group::Post task execution logs
[2025-05-29T06:13:12.354-0600] {taskinstance.py:353} INFO - Marking task as SUCCESS. dag_id=libertyPr_health_score_1, task_id=classify_modems, run_id=scheduled__2025-05-28T12:00:00+00:00, execution_date=20250528T120000, start_date=20250529T120237, end_date=20250529T121312
[2025-05-29T06:13:12.456-0600] {local_task_job_runner.py:266} INFO - Task exited with return code 0
[2025-05-29T06:13:12.497-0600] {taskinstance.py:3901} INFO - 1 downstream tasks scheduled from follow-on schedule check
[2025-05-29T06:13:12.499-0600] {local_task_job_runner.py:245} INFO - ::endgroup::
