[2025-05-25T18:03:04.235-0600] {local_task_job_runner.py:123} INFO - ::group::Pre task execution logs
[2025-05-25T18:03:04.302-0600] {taskinstance.py:2614} INFO - Dependencies all met for dep_context=non-requeueable deps ti=<TaskInstance: libertyPr_health_score.classify_modems scheduled__2025-05-25T00:00:00+00:00 [queued]>
[2025-05-25T18:03:04.328-0600] {taskinstance.py:2614} INFO - Dependencies all met for dep_context=requeueable deps ti=<TaskInstance: libertyPr_health_score.classify_modems scheduled__2025-05-25T00:00:00+00:00 [queued]>
[2025-05-25T18:03:04.329-0600] {taskinstance.py:2867} INFO - Starting attempt 1 of 2
[2025-05-25T18:03:04.365-0600] {taskinstance.py:2890} INFO - Executing <Task(PythonOperator): classify_modems> on 2025-05-25 00:00:00+00:00
[2025-05-25T18:03:04.384-0600] {warnings.py:112} WARNING - /home/***/.local/lib/python3.12/site-packages/***/task/task_runner/standard_task_runner.py:70: DeprecationWarning: This process (pid=40486) is multi-threaded, use of fork() may lead to deadlocks in the child.
  pid = os.fork()

[2025-05-25T18:03:04.388-0600] {standard_task_runner.py:72} INFO - Started process 40488 to run task
[2025-05-25T18:03:04.391-0600] {standard_task_runner.py:104} INFO - Running: ['***', 'tasks', 'run', 'libertyPr_health_score', 'classify_modems', 'scheduled__2025-05-25T00:00:00+00:00', '--job-id', '66', '--raw', '--subdir', 'DAGS_FOLDER/health_score_lpr.py', '--cfg-path', '/tmp/tmphde487cx']
[2025-05-25T18:03:04.398-0600] {standard_task_runner.py:105} INFO - Job 66: Subtask classify_modems
[2025-05-25T18:03:04.540-0600] {task_command.py:467} INFO - Running <TaskInstance: libertyPr_health_score.classify_modems scheduled__2025-05-25T00:00:00+00:00 [running]> on host 439130e6349d
[2025-05-25T18:03:04.793-0600] {taskinstance.py:3134} INFO - Exporting env vars: AIRFLOW_CTX_DAG_OWNER='***' AIRFLOW_CTX_DAG_ID='libertyPr_health_score' AIRFLOW_CTX_TASK_ID='classify_modems' AIRFLOW_CTX_EXECUTION_DATE='2025-05-25T00:00:00+00:00' AIRFLOW_CTX_TRY_NUMBER='1' AIRFLOW_CTX_DAG_RUN_ID='scheduled__2025-05-25T00:00:00+00:00'
[2025-05-25T18:03:04.799-0600] {taskinstance.py:732} INFO - ::endgroup::
[2025-05-25T18:03:04.846-0600] {logging_mixin.py:190} INFO - 📥 Loading modem and status data...
[2025-05-25T18:03:10.657-0600] {logging_mixin.py:190} INFO - ✅ Loaded modem data: 1777267 rows from /tmp/modem_data.csv
[2025-05-25T18:03:10.658-0600] {logging_mixin.py:190} INFO - ✅ Loaded status data: 478135 rows from /tmp/modem_status.csv
[2025-05-25T18:03:11.332-0600] {logging_mixin.py:190} INFO - 📊 Unique CM_MACs in modem_df: 477335
[2025-05-25T18:03:11.504-0600] {logging_mixin.py:190} INFO - 📊 Unique CM_MACs in status_df: 477551
[2025-05-25T18:03:11.505-0600] {logging_mixin.py:190} INFO - 🧮 Classifying each channel...
[2025-05-25T18:04:02.148-0600] {logging_mixin.py:190} INFO - ✅ Channel classification complete.
[2025-05-25T18:04:02.245-0600] {logging_mixin.py:190} INFO -          CM_MAC       PTIME Channel_Status
0  180C7A38DE4A  2025-05-24           Good
1  F0F2499FD288  2025-05-24           Good
2  ACF8CC162386  2025-05-24           Good
3  F0F2499FD288  2025-05-24           Good
4  F0F2499FD288  2025-05-24           Good
[2025-05-25T18:04:02.273-0600] {logging_mixin.py:190} INFO - 📊 Grouping and summarizing modem data...
[2025-05-25T18:14:50.917-0600] {logging_mixin.py:190} INFO - ✅ Grouped modem data shape: (477335, 4)
[2025-05-25T18:14:51.021-0600] {logging_mixin.py:190} INFO - ✅ Summarized modem data (head):
[2025-05-25T18:14:51.044-0600] {logging_mixin.py:190} INFO -          CM_MAC       PTIME  ...              CHANNEL_NAME TX_MAX
0  00015C6CD846  2025-05-24  ...  cable-upstream 3/10/12.0    NaN
1  000711146ABC  2025-05-24  ...  cable-upstream 3/11/12.0    NaN
2  00071117A32B  2025-05-24  ...   cable-upstream 3/6/15.0    NaN
3  00071117BB9A  2025-05-24  ...   cable-upstream 2/11/0.0    NaN
4  00071117BBAE  2025-05-24  ...    cable-upstream 2/9/2.0    NaN

[5 rows x 6 columns]
[2025-05-25T18:14:51.045-0600] {logging_mixin.py:190} INFO - 🔗 Merging modem-level data with status (LEFT join)...
[2025-05-25T18:14:52.672-0600] {logging_mixin.py:190} INFO - ✅ Merged dataset shape: (477402, 19)
[2025-05-25T18:14:52.674-0600] {logging_mixin.py:190} INFO - 📊 Rows with no ONLINE_COUNT after merge: 0
[2025-05-25T18:14:52.674-0600] {logging_mixin.py:190} INFO - 🛠 Applying final classification rules...
[2025-05-25T18:14:52.730-0600] {logging_mixin.py:190} INFO - 📊 Classification summary after status logic:
[2025-05-25T18:14:52.740-0600] {logging_mixin.py:190} INFO - Category
Good        229979
Warning     142797
Critical     98067
Offline       6559
Name: count, dtype: int64
[2025-05-25T18:14:57.463-0600] {logging_mixin.py:190} INFO - 💾 Saved classified modems to /tmp/classified_modems.csv
[2025-05-25T18:14:57.464-0600] {logging_mixin.py:190} INFO - 🔍 Final modem count: 477402 rows
[2025-05-25T18:14:57.784-0600] {python.py:240} INFO - Done. Returned value was: None
[2025-05-25T18:14:57.803-0600] {taskinstance.py:341} INFO - ::group::Post task execution logs
[2025-05-25T18:14:57.804-0600] {taskinstance.py:353} INFO - Marking task as SUCCESS. dag_id=libertyPr_health_score, task_id=classify_modems, run_id=scheduled__2025-05-25T00:00:00+00:00, execution_date=20250525T000000, start_date=20250526T000304, end_date=20250526T001457
[2025-05-25T18:14:57.960-0600] {local_task_job_runner.py:266} INFO - Task exited with return code 0
[2025-05-25T18:14:58.009-0600] {taskinstance.py:3901} INFO - 1 downstream tasks scheduled from follow-on schedule check
[2025-05-25T18:14:58.012-0600] {local_task_job_runner.py:245} INFO - ::endgroup::
