[2025-05-23T10:54:36.701-0600] {local_task_job_runner.py:123} INFO - ::group::Pre task execution logs
[2025-05-23T10:54:36.738-0600] {taskinstance.py:2614} INFO - Dependencies all met for dep_context=non-requeueable deps ti=<TaskInstance: libertyPr_health_score.send_to_elasticsearch scheduled__2025-05-22T00:00:00+00:00 [queued]>
[2025-05-23T10:54:36.753-0600] {taskinstance.py:2614} INFO - Dependencies all met for dep_context=requeueable deps ti=<TaskInstance: libertyPr_health_score.send_to_elasticsearch scheduled__2025-05-22T00:00:00+00:00 [queued]>
[2025-05-23T10:54:36.754-0600] {taskinstance.py:2867} INFO - Starting attempt 1 of 2
[2025-05-23T10:54:36.773-0600] {taskinstance.py:2890} INFO - Executing <Task(PythonOperator): send_to_elasticsearch> on 2025-05-22 00:00:00+00:00
[2025-05-23T10:54:36.784-0600] {warnings.py:112} WARNING - /home/***/.local/lib/python3.12/site-packages/***/task/task_runner/standard_task_runner.py:70: DeprecationWarning: This process (pid=293) is multi-threaded, use of fork() may lead to deadlocks in the child.
  pid = os.fork()

[2025-05-23T10:54:36.787-0600] {standard_task_runner.py:72} INFO - Started process 295 to run task
[2025-05-23T10:54:36.789-0600] {standard_task_runner.py:104} INFO - Running: ['***', 'tasks', 'run', 'libertyPr_health_score', 'send_to_elasticsearch', 'scheduled__2025-05-22T00:00:00+00:00', '--job-id', '11', '--raw', '--subdir', 'DAGS_FOLDER/health_score_lpr.py', '--cfg-path', '/tmp/tmpai2hq2k5']
[2025-05-23T10:54:36.793-0600] {standard_task_runner.py:105} INFO - Job 11: Subtask send_to_elasticsearch
[2025-05-23T10:54:36.886-0600] {task_command.py:467} INFO - Running <TaskInstance: libertyPr_health_score.send_to_elasticsearch scheduled__2025-05-22T00:00:00+00:00 [running]> on host 439130e6349d
[2025-05-23T10:54:37.038-0600] {taskinstance.py:3134} INFO - Exporting env vars: AIRFLOW_CTX_DAG_OWNER='***' AIRFLOW_CTX_DAG_ID='libertyPr_health_score' AIRFLOW_CTX_TASK_ID='send_to_elasticsearch' AIRFLOW_CTX_EXECUTION_DATE='2025-05-22T00:00:00+00:00' AIRFLOW_CTX_TRY_NUMBER='1' AIRFLOW_CTX_DAG_RUN_ID='scheduled__2025-05-22T00:00:00+00:00'
[2025-05-23T10:54:37.041-0600] {taskinstance.py:732} INFO - ::endgroup::
[2025-05-23T10:54:37.080-0600] {logging_mixin.py:190} INFO - [Elasticsearch MOCK] Would send 3603 records for 2025-05-22 00:00:00+00:00
[2025-05-23T10:54:37.081-0600] {python.py:240} INFO - Done. Returned value was: None
[2025-05-23T10:54:37.101-0600] {taskinstance.py:341} INFO - ::group::Post task execution logs
[2025-05-23T10:54:37.102-0600] {taskinstance.py:353} INFO - Marking task as SUCCESS. dag_id=libertyPr_health_score, task_id=send_to_elasticsearch, run_id=scheduled__2025-05-22T00:00:00+00:00, execution_date=20250522T000000, start_date=20250523T165436, end_date=20250523T165437
[2025-05-23T10:54:37.164-0600] {local_task_job_runner.py:266} INFO - Task exited with return code 0
[2025-05-23T10:54:37.209-0600] {taskinstance.py:3901} INFO - 0 downstream tasks scheduled from follow-on schedule check
[2025-05-23T10:54:37.212-0600] {local_task_job_runner.py:245} INFO - ::endgroup::
