[2025-05-27T00:13:05.844-0600] {local_task_job_runner.py:123} INFO - ::group::Pre task execution logs
[2025-05-27T00:13:05.905-0600] {taskinstance.py:2614} INFO - Dependencies all met for dep_context=non-requeueable deps ti=<TaskInstance: libertyPr_health_score_1.verify_node_consistency scheduled__2025-05-26T06:00:00+00:00 [queued]>
[2025-05-27T00:13:05.923-0600] {taskinstance.py:2614} INFO - Dependencies all met for dep_context=requeueable deps ti=<TaskInstance: libertyPr_health_score_1.verify_node_consistency scheduled__2025-05-26T06:00:00+00:00 [queued]>
[2025-05-27T00:13:05.923-0600] {taskinstance.py:2867} INFO - Starting attempt 1 of 2
[2025-05-27T00:13:05.950-0600] {taskinstance.py:2890} INFO - Executing <Task(PythonOperator): verify_node_consistency> on 2025-05-26 06:00:00+00:00
[2025-05-27T00:13:05.966-0600] {warnings.py:112} WARNING - /home/***/.local/lib/python3.12/site-packages/***/task/task_runner/standard_task_runner.py:70: DeprecationWarning: This process (pid=62430) is multi-threaded, use of fork() may lead to deadlocks in the child.
  pid = os.fork()

[2025-05-27T00:13:05.969-0600] {standard_task_runner.py:72} INFO - Started process 62432 to run task
[2025-05-27T00:13:05.971-0600] {standard_task_runner.py:104} INFO - Running: ['***', 'tasks', 'run', 'libertyPr_health_score_1', 'verify_node_consistency', 'scheduled__2025-05-26T06:00:00+00:00', '--job-id', '99', '--raw', '--subdir', 'DAGS_FOLDER/health_score_lpr.py', '--cfg-path', '/tmp/tmpojfzswxb']
[2025-05-27T00:13:05.975-0600] {standard_task_runner.py:105} INFO - Job 99: Subtask verify_node_consistency
[2025-05-27T00:13:06.054-0600] {task_command.py:467} INFO - Running <TaskInstance: libertyPr_health_score_1.verify_node_consistency scheduled__2025-05-26T06:00:00+00:00 [running]> on host 439130e6349d
[2025-05-27T00:13:06.196-0600] {taskinstance.py:3134} INFO - Exporting env vars: AIRFLOW_CTX_DAG_OWNER='***' AIRFLOW_CTX_DAG_ID='libertyPr_health_score_1' AIRFLOW_CTX_TASK_ID='verify_node_consistency' AIRFLOW_CTX_EXECUTION_DATE='2025-05-26T06:00:00+00:00' AIRFLOW_CTX_TRY_NUMBER='1' AIRFLOW_CTX_DAG_RUN_ID='scheduled__2025-05-26T06:00:00+00:00'
[2025-05-27T00:13:06.198-0600] {taskinstance.py:732} INFO - ::endgroup::
[2025-05-27T00:13:07.736-0600] {logging_mixin.py:190} INFO - data set cleaned
[2025-05-27T00:13:08.134-0600] {logging_mixin.py:190} INFO - ❌ Found inconsistent FIBER_NODEs.
[2025-05-27T00:13:08.144-0600] {logging_mixin.py:190} INFO -      FIBER_NODE  Unique_CMTS_IDs  Unique_Channel_Sets
1442     HG3506                2                    2
1446     HG3510                2                    2
2454    LL7002A                2                    2
2455    LL7002B                2                    2
[2025-05-27T00:13:08.161-0600] {python.py:240} INFO - Done. Returned value was: None
[2025-05-27T00:13:08.183-0600] {taskinstance.py:341} INFO - ::group::Post task execution logs
[2025-05-27T00:13:08.184-0600] {taskinstance.py:353} INFO - Marking task as SUCCESS. dag_id=libertyPr_health_score_1, task_id=verify_node_consistency, run_id=scheduled__2025-05-26T06:00:00+00:00, execution_date=20250526T060000, start_date=20250527T061305, end_date=20250527T061308
[2025-05-27T00:13:08.277-0600] {local_task_job_runner.py:266} INFO - Task exited with return code 0
[2025-05-27T00:13:08.331-0600] {taskinstance.py:3901} INFO - 1 downstream tasks scheduled from follow-on schedule check
[2025-05-27T00:13:08.334-0600] {local_task_job_runner.py:245} INFO - ::endgroup::
