[2025-05-31T10:39:06.853-0600] {local_task_job_runner.py:123} INFO - ::group::Pre task execution logs
[2025-05-31T10:39:06.882-0600] {taskinstance.py:2614} INFO - Dependencies all met for dep_context=non-requeueable deps ti=<TaskInstance: libertyPr_health_score_1.load_data scheduled__2025-05-27T10:00:00+00:00 [queued]>
[2025-05-31T10:39:06.895-0600] {taskinstance.py:2614} INFO - Dependencies all met for dep_context=requeueable deps ti=<TaskInstance: libertyPr_health_score_1.load_data scheduled__2025-05-27T10:00:00+00:00 [queued]>
[2025-05-31T10:39:06.896-0600] {taskinstance.py:2867} INFO - Starting attempt 1 of 2
[2025-05-31T10:39:06.916-0600] {taskinstance.py:2890} INFO - Executing <Task(PythonOperator): load_data> on 2025-05-27 10:00:00+00:00
[2025-05-31T10:39:06.929-0600] {warnings.py:112} WARNING - /home/***/.local/lib/python3.12/site-packages/***/task/task_runner/standard_task_runner.py:70: DeprecationWarning: This process (pid=2089) is multi-threaded, use of fork() may lead to deadlocks in the child.
  pid = os.fork()

[2025-05-31T10:39:06.932-0600] {standard_task_runner.py:72} INFO - Started process 2091 to run task
[2025-05-31T10:39:06.934-0600] {standard_task_runner.py:104} INFO - Running: ['***', 'tasks', 'run', 'libertyPr_health_score_1', 'load_data', 'scheduled__2025-05-27T10:00:00+00:00', '--job-id', '187', '--raw', '--subdir', 'DAGS_FOLDER/health_score_lpr.py', '--cfg-path', '/tmp/tmp7xd1odl7']
[2025-05-31T10:39:06.939-0600] {standard_task_runner.py:105} INFO - Job 187: Subtask load_data
[2025-05-31T10:39:07.016-0600] {task_command.py:467} INFO - Running <TaskInstance: libertyPr_health_score_1.load_data scheduled__2025-05-27T10:00:00+00:00 [running]> on host 439130e6349d
[2025-05-31T10:39:07.175-0600] {taskinstance.py:3134} INFO - Exporting env vars: AIRFLOW_CTX_DAG_OWNER='***' AIRFLOW_CTX_DAG_ID='libertyPr_health_score_1' AIRFLOW_CTX_TASK_ID='load_data' AIRFLOW_CTX_EXECUTION_DATE='2025-05-27T10:00:00+00:00' AIRFLOW_CTX_TRY_NUMBER='1' AIRFLOW_CTX_DAG_RUN_ID='scheduled__2025-05-27T10:00:00+00:00'
[2025-05-31T10:39:07.176-0600] {taskinstance.py:732} INFO - ::endgroup::
[2025-05-31T10:41:19.736-0600] {python.py:240} INFO - Done. Returned value was: None
[2025-05-31T10:41:19.757-0600] {taskinstance.py:341} INFO - ::group::Post task execution logs
[2025-05-31T10:41:19.758-0600] {taskinstance.py:353} INFO - Marking task as SUCCESS. dag_id=libertyPr_health_score_1, task_id=load_data, run_id=scheduled__2025-05-27T10:00:00+00:00, execution_date=20250527T100000, start_date=20250531T163906, end_date=20250531T164119
[2025-05-31T10:41:19.893-0600] {local_task_job_runner.py:266} INFO - Task exited with return code 0
[2025-05-31T10:41:19.956-0600] {taskinstance.py:3901} INFO - 1 downstream tasks scheduled from follow-on schedule check
[2025-05-31T10:41:19.958-0600] {local_task_job_runner.py:245} INFO - ::endgroup::
[2025-05-31T22:28:08.708-0600] {local_task_job_runner.py:123} INFO - ::group::Pre task execution logs
[2025-05-31T22:28:08.740-0600] {taskinstance.py:2614} INFO - Dependencies all met for dep_context=non-requeueable deps ti=<TaskInstance: libertyPr_health_score_1.load_data scheduled__2025-05-27T10:00:00+00:00 [queued]>
[2025-05-31T22:28:08.752-0600] {taskinstance.py:2614} INFO - Dependencies all met for dep_context=requeueable deps ti=<TaskInstance: libertyPr_health_score_1.load_data scheduled__2025-05-27T10:00:00+00:00 [queued]>
[2025-05-31T22:28:08.753-0600] {taskinstance.py:2867} INFO - Starting attempt 1 of 2
[2025-05-31T22:28:08.772-0600] {taskinstance.py:2890} INFO - Executing <Task(PythonOperator): load_data> on 2025-05-27 10:00:00+00:00
[2025-05-31T22:28:08.787-0600] {warnings.py:112} WARNING - /home/***/.local/lib/python3.12/site-packages/***/task/task_runner/standard_task_runner.py:70: DeprecationWarning: This process (pid=11245) is multi-threaded, use of fork() may lead to deadlocks in the child.
  pid = os.fork()

[2025-05-31T22:28:08.789-0600] {standard_task_runner.py:72} INFO - Started process 11247 to run task
[2025-05-31T22:28:08.790-0600] {standard_task_runner.py:104} INFO - Running: ['***', 'tasks', 'run', 'libertyPr_health_score_1', 'load_data', 'scheduled__2025-05-27T10:00:00+00:00', '--job-id', '363', '--raw', '--subdir', 'DAGS_FOLDER/health_score_lpr.py', '--cfg-path', '/tmp/tmpkl386xjp']
[2025-05-31T22:28:08.795-0600] {standard_task_runner.py:105} INFO - Job 363: Subtask load_data
[2025-05-31T22:28:08.887-0600] {task_command.py:467} INFO - Running <TaskInstance: libertyPr_health_score_1.load_data scheduled__2025-05-27T10:00:00+00:00 [running]> on host 439130e6349d
[2025-05-31T22:28:09.047-0600] {taskinstance.py:3134} INFO - Exporting env vars: AIRFLOW_CTX_DAG_OWNER='***' AIRFLOW_CTX_DAG_ID='libertyPr_health_score_1' AIRFLOW_CTX_TASK_ID='load_data' AIRFLOW_CTX_EXECUTION_DATE='2025-05-27T10:00:00+00:00' AIRFLOW_CTX_TRY_NUMBER='1' AIRFLOW_CTX_DAG_RUN_ID='scheduled__2025-05-27T10:00:00+00:00'
[2025-05-31T22:28:09.049-0600] {taskinstance.py:732} INFO - ::endgroup::
[2025-05-31T22:28:09.077-0600] {logging_mixin.py:190} INFO - target date
[2025-05-31T22:28:09.078-0600] {logging_mixin.py:190} INFO - 2025-05-27
[2025-05-31T22:30:25.956-0600] {python.py:240} INFO - Done. Returned value was: None
[2025-05-31T22:30:25.978-0600] {taskinstance.py:341} INFO - ::group::Post task execution logs
[2025-05-31T22:30:25.978-0600] {taskinstance.py:353} INFO - Marking task as SUCCESS. dag_id=libertyPr_health_score_1, task_id=load_data, run_id=scheduled__2025-05-27T10:00:00+00:00, execution_date=20250527T100000, start_date=20250601T042808, end_date=20250601T043025
[2025-05-31T22:30:26.113-0600] {local_task_job_runner.py:266} INFO - Task exited with return code 0
[2025-05-31T22:30:26.162-0600] {taskinstance.py:3901} INFO - 1 downstream tasks scheduled from follow-on schedule check
[2025-05-31T22:30:26.164-0600] {local_task_job_runner.py:245} INFO - ::endgroup::
