[2025-05-31T10:56:13.161-0600] {local_task_job_runner.py:123} INFO - ::group::Pre task execution logs
[2025-05-31T10:56:13.195-0600] {taskinstance.py:2614} INFO - Dependencies all met for dep_context=non-requeueable deps ti=<TaskInstance: libertyPr_health_score_1.filter_duplicates scheduled__2025-05-28T10:00:00+00:00 [queued]>
[2025-05-31T10:56:13.208-0600] {taskinstance.py:2614} INFO - Dependencies all met for dep_context=requeueable deps ti=<TaskInstance: libertyPr_health_score_1.filter_duplicates scheduled__2025-05-28T10:00:00+00:00 [queued]>
[2025-05-31T10:56:13.208-0600] {taskinstance.py:2867} INFO - Starting attempt 1 of 2
[2025-05-31T10:56:13.225-0600] {taskinstance.py:2890} INFO - Executing <Task(PythonOperator): filter_duplicates> on 2025-05-28 10:00:00+00:00
[2025-05-31T10:56:13.236-0600] {warnings.py:112} WARNING - /home/***/.local/lib/python3.12/site-packages/***/task/task_runner/standard_task_runner.py:70: DeprecationWarning: This process (pid=2316) is multi-threaded, use of fork() may lead to deadlocks in the child.
  pid = os.fork()

[2025-05-31T10:56:13.238-0600] {standard_task_runner.py:72} INFO - Started process 2318 to run task
[2025-05-31T10:56:13.239-0600] {standard_task_runner.py:104} INFO - Running: ['***', 'tasks', 'run', 'libertyPr_health_score_1', 'filter_duplicates', 'scheduled__2025-05-28T10:00:00+00:00', '--job-id', '195', '--raw', '--subdir', 'DAGS_FOLDER/health_score_lpr.py', '--cfg-path', '/tmp/tmpvjrvshi2']
[2025-05-31T10:56:13.243-0600] {standard_task_runner.py:105} INFO - Job 195: Subtask filter_duplicates
[2025-05-31T10:56:13.323-0600] {task_command.py:467} INFO - Running <TaskInstance: libertyPr_health_score_1.filter_duplicates scheduled__2025-05-28T10:00:00+00:00 [running]> on host 439130e6349d
[2025-05-31T10:56:13.475-0600] {taskinstance.py:3134} INFO - Exporting env vars: AIRFLOW_CTX_DAG_OWNER='***' AIRFLOW_CTX_DAG_ID='libertyPr_health_score_1' AIRFLOW_CTX_TASK_ID='filter_duplicates' AIRFLOW_CTX_EXECUTION_DATE='2025-05-28T10:00:00+00:00' AIRFLOW_CTX_TRY_NUMBER='1' AIRFLOW_CTX_DAG_RUN_ID='scheduled__2025-05-28T10:00:00+00:00'
[2025-05-31T10:56:13.477-0600] {taskinstance.py:732} INFO - ::endgroup::
[2025-05-31T10:56:19.458-0600] {logging_mixin.py:190} INFO - 📊 Found 476695 unique cable modems after removing cloned.
[2025-05-31T10:56:33.988-0600] {logging_mixin.py:190} INFO - 🧹 Filtered out 195 CM_MACs that appeared more than 8 times.
[2025-05-31T10:56:33.989-0600] {logging_mixin.py:190} INFO - 📝 Remaining records: 1773760
[2025-05-31T10:56:34.162-0600] {python.py:240} INFO - Done. Returned value was: None
[2025-05-31T10:56:34.186-0600] {taskinstance.py:341} INFO - ::group::Post task execution logs
[2025-05-31T10:56:34.187-0600] {taskinstance.py:353} INFO - Marking task as SUCCESS. dag_id=libertyPr_health_score_1, task_id=filter_duplicates, run_id=scheduled__2025-05-28T10:00:00+00:00, execution_date=20250528T100000, start_date=20250531T165613, end_date=20250531T165634
[2025-05-31T10:56:34.314-0600] {local_task_job_runner.py:266} INFO - Task exited with return code 0
[2025-05-31T10:56:34.367-0600] {taskinstance.py:3901} INFO - 0 downstream tasks scheduled from follow-on schedule check
[2025-05-31T10:56:34.370-0600] {local_task_job_runner.py:245} INFO - ::endgroup::
[2025-05-31T22:46:01.895-0600] {local_task_job_runner.py:123} INFO - ::group::Pre task execution logs
[2025-05-31T22:46:01.950-0600] {taskinstance.py:2614} INFO - Dependencies all met for dep_context=non-requeueable deps ti=<TaskInstance: libertyPr_health_score_1.filter_duplicates scheduled__2025-05-28T10:00:00+00:00 [queued]>
[2025-05-31T22:46:01.974-0600] {taskinstance.py:2614} INFO - Dependencies all met for dep_context=requeueable deps ti=<TaskInstance: libertyPr_health_score_1.filter_duplicates scheduled__2025-05-28T10:00:00+00:00 [queued]>
[2025-05-31T22:46:01.975-0600] {taskinstance.py:2867} INFO - Starting attempt 1 of 2
[2025-05-31T22:46:02.033-0600] {taskinstance.py:2890} INFO - Executing <Task(PythonOperator): filter_duplicates> on 2025-05-28 10:00:00+00:00
[2025-05-31T22:46:02.053-0600] {standard_task_runner.py:104} INFO - Running: ['***', 'tasks', 'run', 'libertyPr_health_score_1', 'filter_duplicates', 'scheduled__2025-05-28T10:00:00+00:00', '--job-id', '373', '--raw', '--subdir', 'DAGS_FOLDER/health_score_lpr.py', '--cfg-path', '/tmp/tmp07zcznw5']
[2025-05-31T22:46:02.066-0600] {standard_task_runner.py:105} INFO - Job 373: Subtask filter_duplicates
[2025-05-31T22:46:02.053-0600] {warnings.py:112} WARNING - /home/***/.local/lib/python3.12/site-packages/***/task/task_runner/standard_task_runner.py:70: DeprecationWarning: This process (pid=11486) is multi-threaded, use of fork() may lead to deadlocks in the child.
  pid = os.fork()

[2025-05-31T22:46:02.070-0600] {standard_task_runner.py:72} INFO - Started process 11495 to run task
[2025-05-31T22:46:02.195-0600] {task_command.py:467} INFO - Running <TaskInstance: libertyPr_health_score_1.filter_duplicates scheduled__2025-05-28T10:00:00+00:00 [running]> on host 439130e6349d
[2025-05-31T22:46:02.366-0600] {taskinstance.py:3134} INFO - Exporting env vars: AIRFLOW_CTX_DAG_OWNER='***' AIRFLOW_CTX_DAG_ID='libertyPr_health_score_1' AIRFLOW_CTX_TASK_ID='filter_duplicates' AIRFLOW_CTX_EXECUTION_DATE='2025-05-28T10:00:00+00:00' AIRFLOW_CTX_TRY_NUMBER='1' AIRFLOW_CTX_DAG_RUN_ID='scheduled__2025-05-28T10:00:00+00:00'
[2025-05-31T22:46:02.369-0600] {taskinstance.py:732} INFO - ::endgroup::
[2025-05-31T22:46:08.812-0600] {logging_mixin.py:190} INFO - 📊 Found 476576 unique cable modems after removing cloned.
[2025-05-31T22:46:23.428-0600] {logging_mixin.py:190} INFO - 🧹 Filtered out 200 CM_MACs that appeared more than 8 times.
[2025-05-31T22:46:23.429-0600] {logging_mixin.py:190} INFO - 📝 Remaining records: 1771895
[2025-05-31T22:46:23.562-0600] {python.py:240} INFO - Done. Returned value was: None
[2025-05-31T22:46:23.582-0600] {taskinstance.py:341} INFO - ::group::Post task execution logs
[2025-05-31T22:46:23.583-0600] {taskinstance.py:353} INFO - Marking task as SUCCESS. dag_id=libertyPr_health_score_1, task_id=filter_duplicates, run_id=scheduled__2025-05-28T10:00:00+00:00, execution_date=20250528T100000, start_date=20250601T044601, end_date=20250601T044623
[2025-05-31T22:46:23.679-0600] {local_task_job_runner.py:266} INFO - Task exited with return code 0
[2025-05-31T22:46:23.723-0600] {taskinstance.py:3901} INFO - 1 downstream tasks scheduled from follow-on schedule check
[2025-05-31T22:46:23.725-0600] {local_task_job_runner.py:245} INFO - ::endgroup::
