[2025-05-31T08:06:32.238-0600] {manager.py:483} INFO - Processing files using up to 2 processes at a time 
[2025-05-31T08:06:32.239-0600] {manager.py:484} INFO - Process each file at most once every 30 seconds
[2025-05-31T08:06:32.239-0600] {manager.py:485} INFO - Checking for new files in /opt/airflow/dags every 300 seconds
[2025-05-31T08:06:32.240-0600] {manager.py:821} INFO - Searching for files in /opt/airflow/dags
[2025-05-31T08:06:32.242-0600] {manager.py:824} INFO - There are 1 files in /opt/airflow/dags
[2025-05-31T08:06:32.361-0600] {manager.py:997} INFO - 
================================================================================
DAG File Processing Stats

File Path                                PID  Runtime      # DAGs    # Errors  Last Runtime    Last Run      Last # of DB Queries
-------------------------------------  -----  ---------  --------  ----------  --------------  ----------  ----------------------
/opt/airflow/dags/health_score_lpr.py     64  0.03s             0           0                                                   0
================================================================================
[2025-05-31T08:07:02.546-0600] {manager.py:997} INFO - 
================================================================================
DAG File Processing Stats

File Path                              PID    Runtime      # DAGs    # Errors  Last Runtime    Last Run               Last # of DB Queries
-------------------------------------  -----  ---------  --------  ----------  --------------  -------------------  ----------------------
/opt/airflow/dags/health_score_lpr.py                           1           0  1.55s           2025-05-31T14:06:33                      12
================================================================================
[2025-05-31T08:07:32.774-0600] {manager.py:997} INFO - 
================================================================================
DAG File Processing Stats

File Path                              PID    Runtime      # DAGs    # Errors  Last Runtime    Last Run               Last # of DB Queries
-------------------------------------  -----  ---------  --------  ----------  --------------  -------------------  ----------------------
/opt/airflow/dags/health_score_lpr.py                           1           0  1.56s           2025-05-31T14:07:05                      12
================================================================================
[2025-05-31T08:08:03.001-0600] {manager.py:997} INFO - 
================================================================================
DAG File Processing Stats

File Path                              PID    Runtime      # DAGs    # Errors  Last Runtime    Last Run               Last # of DB Queries
-------------------------------------  -----  ---------  --------  ----------  --------------  -------------------  ----------------------
/opt/airflow/dags/health_score_lpr.py                           1           0  1.28s           2025-05-31T14:07:37                      12
================================================================================
[2025-05-31T08:08:33.104-0600] {manager.py:997} INFO - 
================================================================================
DAG File Processing Stats

File Path                              PID    Runtime      # DAGs    # Errors  Last Runtime    Last Run               Last # of DB Queries
-------------------------------------  -----  ---------  --------  ----------  --------------  -------------------  ----------------------
/opt/airflow/dags/health_score_lpr.py                           1           0  1.67s           2025-05-31T14:08:08                      33
================================================================================
[2025-05-31T08:09:03.635-0600] {manager.py:997} INFO - 
================================================================================
DAG File Processing Stats

File Path                              PID    Runtime      # DAGs    # Errors  Last Runtime    Last Run               Last # of DB Queries
-------------------------------------  -----  ---------  --------  ----------  --------------  -------------------  ----------------------
/opt/airflow/dags/health_score_lpr.py                           1           0  1.46s           2025-05-31T14:08:40                      12
================================================================================
[2025-05-31T08:09:33.966-0600] {manager.py:997} INFO - 
================================================================================
DAG File Processing Stats

File Path                              PID    Runtime      # DAGs    # Errors  Last Runtime    Last Run               Last # of DB Queries
-------------------------------------  -----  ---------  --------  ----------  --------------  -------------------  ----------------------
/opt/airflow/dags/health_score_lpr.py                           1           0  1.45s           2025-05-31T14:09:12                      12
================================================================================
[2025-05-31T08:10:04.496-0600] {manager.py:997} INFO - 
================================================================================
DAG File Processing Stats

File Path                              PID    Runtime      # DAGs    # Errors  Last Runtime    Last Run               Last # of DB Queries
-------------------------------------  -----  ---------  --------  ----------  --------------  -------------------  ----------------------
/opt/airflow/dags/health_score_lpr.py                           1           0  1.41s           2025-05-31T14:09:43                      12
================================================================================
[2025-05-31T08:10:34.639-0600] {manager.py:997} INFO - 
================================================================================
DAG File Processing Stats

File Path                              PID    Runtime      # DAGs    # Errors  Last Runtime    Last Run               Last # of DB Queries
-------------------------------------  -----  ---------  --------  ----------  --------------  -------------------  ----------------------
/opt/airflow/dags/health_score_lpr.py                           1           0  1.56s           2025-05-31T14:10:15                      12
================================================================================
[2025-05-31T08:11:04.860-0600] {manager.py:997} INFO - 
================================================================================
DAG File Processing Stats

File Path                              PID    Runtime      # DAGs    # Errors  Last Runtime    Last Run               Last # of DB Queries
-------------------------------------  -----  ---------  --------  ----------  --------------  -------------------  ----------------------
/opt/airflow/dags/health_score_lpr.py                           1           0  1.56s           2025-05-31T14:10:56                      12
================================================================================
[2025-05-31T08:11:32.671-0600] {manager.py:821} INFO - Searching for files in /opt/airflow/dags
[2025-05-31T08:11:32.675-0600] {manager.py:824} INFO - There are 1 files in /opt/airflow/dags
[2025-05-31T08:11:35.077-0600] {manager.py:997} INFO - 
================================================================================
DAG File Processing Stats

File Path                              PID    Runtime      # DAGs    # Errors  Last Runtime    Last Run               Last # of DB Queries
-------------------------------------  -----  ---------  --------  ----------  --------------  -------------------  ----------------------
/opt/airflow/dags/health_score_lpr.py                           1           0  1.62s           2025-05-31T14:11:28                      12
================================================================================
[2025-05-31T08:12:05.274-0600] {manager.py:997} INFO - 
================================================================================
DAG File Processing Stats

File Path                              PID    Runtime      # DAGs    # Errors  Last Runtime    Last Run               Last # of DB Queries
-------------------------------------  -----  ---------  --------  ----------  --------------  -------------------  ----------------------
/opt/airflow/dags/health_score_lpr.py                           1           0  1.61s           2025-05-31T14:12:00                      12
================================================================================
[2025-05-31T08:12:35.772-0600] {manager.py:997} INFO - 
================================================================================
DAG File Processing Stats

File Path                              PID    Runtime      # DAGs    # Errors  Last Runtime    Last Run               Last # of DB Queries
-------------------------------------  -----  ---------  --------  ----------  --------------  -------------------  ----------------------
/opt/airflow/dags/health_score_lpr.py                           1           0  1.51s           2025-05-31T14:12:32                      12
================================================================================
[2025-05-31T08:13:05.916-0600] {manager.py:997} INFO - 
================================================================================
DAG File Processing Stats

File Path                              PID    Runtime      # DAGs    # Errors  Last Runtime    Last Run               Last # of DB Queries
-------------------------------------  -----  ---------  --------  ----------  --------------  -------------------  ----------------------
/opt/airflow/dags/health_score_lpr.py                           1           0  1.42s           2025-05-31T14:13:03                      12
================================================================================
[2025-05-31T08:13:36.121-0600] {manager.py:997} INFO - 
================================================================================
DAG File Processing Stats

File Path                              PID    Runtime      # DAGs    # Errors  Last Runtime    Last Run               Last # of DB Queries
-------------------------------------  -----  ---------  --------  ----------  --------------  -------------------  ----------------------
/opt/airflow/dags/health_score_lpr.py                           1           0  1.51s           2025-05-31T14:13:35                      12
================================================================================
[2025-05-31T08:14:06.311-0600] {manager.py:997} INFO - 
================================================================================
DAG File Processing Stats

File Path                                PID  Runtime      # DAGs    # Errors  Last Runtime    Last Run               Last # of DB Queries
-------------------------------------  -----  ---------  --------  ----------  --------------  -------------------  ----------------------
/opt/airflow/dags/health_score_lpr.py    184  0.52s             1           0  1.51s           2025-05-31T14:13:35                      12
================================================================================
[2025-05-31T08:14:36.507-0600] {manager.py:997} INFO - 
================================================================================
DAG File Processing Stats

File Path                              PID    Runtime      # DAGs    # Errors  Last Runtime    Last Run               Last # of DB Queries
-------------------------------------  -----  ---------  --------  ----------  --------------  -------------------  ----------------------
/opt/airflow/dags/health_score_lpr.py                           1           0  1.55s           2025-05-31T14:14:07                      12
================================================================================
[2025-05-31T08:15:06.711-0600] {manager.py:997} INFO - 
================================================================================
DAG File Processing Stats

File Path                              PID    Runtime      # DAGs    # Errors  Last Runtime    Last Run               Last # of DB Queries
-------------------------------------  -----  ---------  --------  ----------  --------------  -------------------  ----------------------
/opt/airflow/dags/health_score_lpr.py                           1           0  1.58s           2025-05-31T14:14:39                      12
================================================================================
[2025-05-31T08:15:36.901-0600] {manager.py:997} INFO - 
================================================================================
DAG File Processing Stats

File Path                              PID    Runtime      # DAGs    # Errors  Last Runtime    Last Run               Last # of DB Queries
-------------------------------------  -----  ---------  --------  ----------  --------------  -------------------  ----------------------
/opt/airflow/dags/health_score_lpr.py                           1           0  1.48s           2025-05-31T14:15:10                      12
================================================================================
[2025-05-31T08:16:07.137-0600] {manager.py:997} INFO - 
================================================================================
DAG File Processing Stats

File Path                              PID    Runtime      # DAGs    # Errors  Last Runtime    Last Run               Last # of DB Queries
-------------------------------------  -----  ---------  --------  ----------  --------------  -------------------  ----------------------
/opt/airflow/dags/health_score_lpr.py                           1           0  1.61s           2025-05-31T14:15:42                      12
================================================================================
[2025-05-31T08:16:32.833-0600] {manager.py:821} INFO - Searching for files in /opt/airflow/dags
[2025-05-31T08:16:32.836-0600] {manager.py:824} INFO - There are 1 files in /opt/airflow/dags
[2025-05-31T08:16:37.341-0600] {manager.py:997} INFO - 
================================================================================
DAG File Processing Stats

File Path                              PID    Runtime      # DAGs    # Errors  Last Runtime    Last Run               Last # of DB Queries
-------------------------------------  -----  ---------  --------  ----------  --------------  -------------------  ----------------------
/opt/airflow/dags/health_score_lpr.py                           1           0  1.93s           2025-05-31T14:16:14                      12
================================================================================
[2025-05-31T08:17:07.536-0600] {manager.py:997} INFO - 
================================================================================
DAG File Processing Stats

File Path                              PID    Runtime      # DAGs    # Errors  Last Runtime    Last Run               Last # of DB Queries
-------------------------------------  -----  ---------  --------  ----------  --------------  -------------------  ----------------------
/opt/airflow/dags/health_score_lpr.py                           1           0  1.82s           2025-05-31T14:16:46                      12
================================================================================
[2025-05-31T08:17:37.713-0600] {manager.py:997} INFO - 
================================================================================
DAG File Processing Stats

File Path                              PID    Runtime      # DAGs    # Errors  Last Runtime    Last Run               Last # of DB Queries
-------------------------------------  -----  ---------  --------  ----------  --------------  -------------------  ----------------------
/opt/airflow/dags/health_score_lpr.py                           1           0  1.33s           2025-05-31T14:17:18                      12
================================================================================
[2025-05-31T08:18:07.812-0600] {manager.py:997} INFO - 
================================================================================
DAG File Processing Stats

File Path                              PID    Runtime      # DAGs    # Errors  Last Runtime    Last Run               Last # of DB Queries
-------------------------------------  -----  ---------  --------  ----------  --------------  -------------------  ----------------------
/opt/airflow/dags/health_score_lpr.py                           1           0  1.91s           2025-05-31T14:17:50                      12
================================================================================
[2025-05-31T08:18:38.034-0600] {manager.py:997} INFO - 
================================================================================
DAG File Processing Stats

File Path                              PID    Runtime      # DAGs    # Errors  Last Runtime    Last Run               Last # of DB Queries
-------------------------------------  -----  ---------  --------  ----------  --------------  -------------------  ----------------------
/opt/airflow/dags/health_score_lpr.py                           1           0  1.47s           2025-05-31T14:18:22                      12
================================================================================
[2025-05-31T08:19:08.096-0600] {manager.py:997} INFO - 
================================================================================
DAG File Processing Stats

File Path                              PID    Runtime      # DAGs    # Errors  Last Runtime    Last Run               Last # of DB Queries
-------------------------------------  -----  ---------  --------  ----------  --------------  -------------------  ----------------------
/opt/airflow/dags/health_score_lpr.py                           1           0  1.42s           2025-05-31T14:18:54                      12
================================================================================
[2025-05-31T08:19:38.291-0600] {manager.py:997} INFO - 
================================================================================
DAG File Processing Stats

File Path                              PID    Runtime      # DAGs    # Errors  Last Runtime    Last Run               Last # of DB Queries
-------------------------------------  -----  ---------  --------  ----------  --------------  -------------------  ----------------------
/opt/airflow/dags/health_score_lpr.py                           1           0  1.48s           2025-05-31T14:19:25                      12
================================================================================
[2025-05-31T08:20:08.967-0600] {manager.py:997} INFO - 
================================================================================
DAG File Processing Stats

File Path                              PID    Runtime      # DAGs    # Errors  Last Runtime    Last Run               Last # of DB Queries
-------------------------------------  -----  ---------  --------  ----------  --------------  -------------------  ----------------------
/opt/airflow/dags/health_score_lpr.py                           1           0  1.22s           2025-05-31T14:19:57                      12
================================================================================
[2025-05-31T08:20:39.357-0600] {manager.py:997} INFO - 
================================================================================
DAG File Processing Stats

File Path                              PID    Runtime      # DAGs    # Errors  Last Runtime    Last Run               Last # of DB Queries
-------------------------------------  -----  ---------  --------  ----------  --------------  -------------------  ----------------------
/opt/airflow/dags/health_score_lpr.py                           1           0  1.40s           2025-05-31T14:20:28                      12
================================================================================
[2025-05-31T08:21:09.941-0600] {manager.py:997} INFO - 
================================================================================
DAG File Processing Stats

File Path                              PID    Runtime      # DAGs    # Errors  Last Runtime    Last Run               Last # of DB Queries
-------------------------------------  -----  ---------  --------  ----------  --------------  -------------------  ----------------------
/opt/airflow/dags/health_score_lpr.py                           1           0  1.41s           2025-05-31T14:21:00                      12
================================================================================
[2025-05-31T08:21:33.080-0600] {manager.py:821} INFO - Searching for files in /opt/airflow/dags
[2025-05-31T08:21:33.084-0600] {manager.py:824} INFO - There are 1 files in /opt/airflow/dags
[2025-05-31T08:21:40.176-0600] {manager.py:997} INFO - 
================================================================================
DAG File Processing Stats

File Path                              PID    Runtime      # DAGs    # Errors  Last Runtime    Last Run               Last # of DB Queries
-------------------------------------  -----  ---------  --------  ----------  --------------  -------------------  ----------------------
/opt/airflow/dags/health_score_lpr.py                           1           0  1.62s           2025-05-31T14:21:32                      12
================================================================================
[2025-05-31T08:22:10.396-0600] {manager.py:997} INFO - 
================================================================================
DAG File Processing Stats

File Path                              PID    Runtime      # DAGs    # Errors  Last Runtime    Last Run               Last # of DB Queries
-------------------------------------  -----  ---------  --------  ----------  --------------  -------------------  ----------------------
/opt/airflow/dags/health_score_lpr.py                           1           0  1.56s           2025-05-31T14:22:03                      12
================================================================================
[2025-05-31T08:22:40.438-0600] {manager.py:997} INFO - 
================================================================================
DAG File Processing Stats

File Path                              PID    Runtime      # DAGs    # Errors  Last Runtime    Last Run               Last # of DB Queries
-------------------------------------  -----  ---------  --------  ----------  --------------  -------------------  ----------------------
/opt/airflow/dags/health_score_lpr.py                           1           0  2.31s           2025-05-31T14:22:36                      12
================================================================================
