[2025-05-31T16:28:32.673-0600] {local_task_job_runner.py:123} INFO - ::group::Pre task execution logs
[2025-05-31T16:28:32.715-0600] {taskinstance.py:2614} INFO - Dependencies all met for dep_context=non-requeueable deps ti=<TaskInstance: libertyPr_health_score_1.log_dates scheduled__2025-05-29T10:00:00+00:00 [queued]>
[2025-05-31T16:28:32.727-0600] {taskinstance.py:2614} INFO - Dependencies all met for dep_context=requeueable deps ti=<TaskInstance: libertyPr_health_score_1.log_dates scheduled__2025-05-29T10:00:00+00:00 [queued]>
[2025-05-31T16:28:32.728-0600] {taskinstance.py:2867} INFO - Starting attempt 1 of 2
[2025-05-31T16:28:32.747-0600] {taskinstance.py:2890} INFO - Executing <Task(PythonOperator): log_dates> on 2025-05-29 10:00:00+00:00
[2025-05-31T16:28:32.760-0600] {warnings.py:112} WARNING - /home/***/.local/lib/python3.12/site-packages/***/task/task_runner/standard_task_runner.py:70: DeprecationWarning: This process (pid=6540) is multi-threaded, use of fork() may lead to deadlocks in the child.
  pid = os.fork()

[2025-05-31T16:28:32.762-0600] {standard_task_runner.py:72} INFO - Started process 6542 to run task
[2025-05-31T16:28:32.763-0600] {standard_task_runner.py:104} INFO - Running: ['***', 'tasks', 'run', 'libertyPr_health_score_1', 'log_dates', 'scheduled__2025-05-29T10:00:00+00:00', '--job-id', '248', '--raw', '--subdir', 'DAGS_FOLDER/health_score_lpr.py', '--cfg-path', '/tmp/tmpcrtvbm7n']
[2025-05-31T16:28:32.767-0600] {standard_task_runner.py:105} INFO - Job 248: Subtask log_dates
[2025-05-31T16:28:32.859-0600] {task_command.py:467} INFO - Running <TaskInstance: libertyPr_health_score_1.log_dates scheduled__2025-05-29T10:00:00+00:00 [running]> on host 439130e6349d
[2025-05-31T16:28:33.023-0600] {taskinstance.py:3134} INFO - Exporting env vars: AIRFLOW_CTX_DAG_OWNER='***' AIRFLOW_CTX_DAG_ID='libertyPr_health_score_1' AIRFLOW_CTX_TASK_ID='log_dates' AIRFLOW_CTX_EXECUTION_DATE='2025-05-29T10:00:00+00:00' AIRFLOW_CTX_TRY_NUMBER='1' AIRFLOW_CTX_DAG_RUN_ID='scheduled__2025-05-29T10:00:00+00:00'
[2025-05-31T16:28:33.025-0600] {taskinstance.py:732} INFO - ::endgroup::
[2025-05-31T16:28:33.029-0600] {logging_mixin.py:190} INFO - 🧠 --- Airflow DAG Execution Context ---
[2025-05-31T16:28:33.030-0600] {logging_mixin.py:190} INFO - 🕒 execution_date:      2025-05-29 10:00:00+00:00 (Airflow 'logical' date)
[2025-05-31T16:28:33.030-0600] {logging_mixin.py:190} INFO - 📆 data_interval_start: 2025-05-29 10:00:00+00:00
[2025-05-31T16:28:33.031-0600] {logging_mixin.py:190} INFO - 📆 data_interval_end:   2025-05-30 10:00:00+00:00
[2025-05-31T16:28:33.031-0600] {logging_mixin.py:190} INFO - 🔁 logical_date:        2025-05-29 10:00:00+00:00
[2025-05-31T16:28:33.031-0600] {logging_mixin.py:190} INFO - ⏱  current_time:        2025-05-31 16:28:33.029539
[2025-05-31T16:28:33.032-0600] {logging_mixin.py:190} INFO - 📌 PTIME (used in SQL): 2025-05-29
[2025-05-31T16:28:33.032-0600] {logging_mixin.py:190} INFO - ✅ -------------------------------------
[2025-05-31T16:28:33.033-0600] {python.py:240} INFO - Done. Returned value was: None
[2025-05-31T16:28:33.058-0600] {taskinstance.py:341} INFO - ::group::Post task execution logs
[2025-05-31T16:28:33.059-0600] {taskinstance.py:353} INFO - Marking task as SUCCESS. dag_id=libertyPr_health_score_1, task_id=log_dates, run_id=scheduled__2025-05-29T10:00:00+00:00, execution_date=20250529T100000, start_date=20250531T222832, end_date=20250531T222833
[2025-05-31T16:28:33.140-0600] {local_task_job_runner.py:266} INFO - Task exited with return code 0
[2025-05-31T16:28:33.195-0600] {taskinstance.py:3901} INFO - 1 downstream tasks scheduled from follow-on schedule check
[2025-05-31T16:28:33.198-0600] {local_task_job_runner.py:245} INFO - ::endgroup::
[2025-05-31T16:59:04.956-0600] {local_task_job_runner.py:123} INFO - ::group::Pre task execution logs
[2025-05-31T16:59:05.012-0600] {taskinstance.py:2614} INFO - Dependencies all met for dep_context=non-requeueable deps ti=<TaskInstance: libertyPr_health_score_1.log_dates scheduled__2025-05-29T10:00:00+00:00 [queued]>
[2025-05-31T16:59:05.036-0600] {taskinstance.py:2614} INFO - Dependencies all met for dep_context=requeueable deps ti=<TaskInstance: libertyPr_health_score_1.log_dates scheduled__2025-05-29T10:00:00+00:00 [queued]>
[2025-05-31T16:59:05.037-0600] {taskinstance.py:2867} INFO - Starting attempt 1 of 2
[2025-05-31T16:59:05.063-0600] {taskinstance.py:2890} INFO - Executing <Task(PythonOperator): log_dates> on 2025-05-29 10:00:00+00:00
[2025-05-31T16:59:05.083-0600] {warnings.py:112} WARNING - /home/***/.local/lib/python3.12/site-packages/***/task/task_runner/standard_task_runner.py:70: DeprecationWarning: This process (pid=6929) is multi-threaded, use of fork() may lead to deadlocks in the child.
  pid = os.fork()

[2025-05-31T16:59:05.086-0600] {standard_task_runner.py:72} INFO - Started process 6931 to run task
[2025-05-31T16:59:05.090-0600] {standard_task_runner.py:104} INFO - Running: ['***', 'tasks', 'run', 'libertyPr_health_score_1', 'log_dates', 'scheduled__2025-05-29T10:00:00+00:00', '--job-id', '260', '--raw', '--subdir', 'DAGS_FOLDER/health_score_lpr.py', '--cfg-path', '/tmp/tmp9kmnxnd1']
[2025-05-31T16:59:05.097-0600] {standard_task_runner.py:105} INFO - Job 260: Subtask log_dates
[2025-05-31T16:59:05.236-0600] {task_command.py:467} INFO - Running <TaskInstance: libertyPr_health_score_1.log_dates scheduled__2025-05-29T10:00:00+00:00 [running]> on host 439130e6349d
[2025-05-31T16:59:05.445-0600] {taskinstance.py:3134} INFO - Exporting env vars: AIRFLOW_CTX_DAG_OWNER='***' AIRFLOW_CTX_DAG_ID='libertyPr_health_score_1' AIRFLOW_CTX_TASK_ID='log_dates' AIRFLOW_CTX_EXECUTION_DATE='2025-05-29T10:00:00+00:00' AIRFLOW_CTX_TRY_NUMBER='1' AIRFLOW_CTX_DAG_RUN_ID='scheduled__2025-05-29T10:00:00+00:00'
[2025-05-31T16:59:05.447-0600] {taskinstance.py:732} INFO - ::endgroup::
[2025-05-31T16:59:05.453-0600] {logging_mixin.py:190} INFO - 🧠 --- Airflow DAG Execution Context ---
[2025-05-31T16:59:05.454-0600] {logging_mixin.py:190} INFO - 🕒 execution_date:      2025-05-29 10:00:00+00:00 (Airflow 'logical' date)
[2025-05-31T16:59:05.455-0600] {logging_mixin.py:190} INFO - 📆 data_interval_start: 2025-05-29 10:00:00+00:00
[2025-05-31T16:59:05.455-0600] {logging_mixin.py:190} INFO - 📆 data_interval_end:   2025-05-30 10:00:00+00:00
[2025-05-31T16:59:05.455-0600] {logging_mixin.py:190} INFO - 🔁 logical_date:        2025-05-29 10:00:00+00:00
[2025-05-31T16:59:05.456-0600] {logging_mixin.py:190} INFO - ⏱  current_time:        2025-05-31 16:59:05.453033
[2025-05-31T16:59:05.456-0600] {logging_mixin.py:190} INFO - 📌 PTIME (used in SQL): 2025-05-29
[2025-05-31T16:59:05.457-0600] {logging_mixin.py:190} INFO - ✅ -------------------------------------
[2025-05-31T16:59:05.457-0600] {python.py:240} INFO - Done. Returned value was: None
[2025-05-31T16:59:05.480-0600] {taskinstance.py:341} INFO - ::group::Post task execution logs
[2025-05-31T16:59:05.480-0600] {taskinstance.py:353} INFO - Marking task as SUCCESS. dag_id=libertyPr_health_score_1, task_id=log_dates, run_id=scheduled__2025-05-29T10:00:00+00:00, execution_date=20250529T100000, start_date=20250531T225905, end_date=20250531T225905
[2025-05-31T16:59:05.589-0600] {local_task_job_runner.py:266} INFO - Task exited with return code 0
[2025-05-31T16:59:05.662-0600] {taskinstance.py:3901} INFO - 1 downstream tasks scheduled from follow-on schedule check
[2025-05-31T16:59:05.665-0600] {local_task_job_runner.py:245} INFO - ::endgroup::
[2025-05-31T18:22:55.977-0600] {local_task_job_runner.py:123} INFO - ::group::Pre task execution logs
[2025-05-31T18:22:56.021-0600] {taskinstance.py:2614} INFO - Dependencies all met for dep_context=non-requeueable deps ti=<TaskInstance: libertyPr_health_score_1.log_dates scheduled__2025-05-29T10:00:00+00:00 [queued]>
[2025-05-31T18:22:56.035-0600] {taskinstance.py:2614} INFO - Dependencies all met for dep_context=requeueable deps ti=<TaskInstance: libertyPr_health_score_1.log_dates scheduled__2025-05-29T10:00:00+00:00 [queued]>
[2025-05-31T18:22:56.035-0600] {taskinstance.py:2867} INFO - Starting attempt 1 of 2
[2025-05-31T18:22:56.056-0600] {taskinstance.py:2890} INFO - Executing <Task(PythonOperator): log_dates> on 2025-05-29 10:00:00+00:00
[2025-05-31T18:22:56.068-0600] {warnings.py:112} WARNING - /home/***/.local/lib/python3.12/site-packages/***/task/task_runner/standard_task_runner.py:70: DeprecationWarning: This process (pid=7974) is multi-threaded, use of fork() may lead to deadlocks in the child.
  pid = os.fork()

[2025-05-31T18:22:56.071-0600] {standard_task_runner.py:72} INFO - Started process 7976 to run task
[2025-05-31T18:22:56.072-0600] {standard_task_runner.py:104} INFO - Running: ['***', 'tasks', 'run', 'libertyPr_health_score_1', 'log_dates', 'scheduled__2025-05-29T10:00:00+00:00', '--job-id', '276', '--raw', '--subdir', 'DAGS_FOLDER/health_score_lpr.py', '--cfg-path', '/tmp/tmpgk4y3xt6']
[2025-05-31T18:22:56.076-0600] {standard_task_runner.py:105} INFO - Job 276: Subtask log_dates
[2025-05-31T18:22:56.167-0600] {task_command.py:467} INFO - Running <TaskInstance: libertyPr_health_score_1.log_dates scheduled__2025-05-29T10:00:00+00:00 [running]> on host 439130e6349d
[2025-05-31T18:22:56.305-0600] {taskinstance.py:3134} INFO - Exporting env vars: AIRFLOW_CTX_DAG_OWNER='***' AIRFLOW_CTX_DAG_ID='libertyPr_health_score_1' AIRFLOW_CTX_TASK_ID='log_dates' AIRFLOW_CTX_EXECUTION_DATE='2025-05-29T10:00:00+00:00' AIRFLOW_CTX_TRY_NUMBER='1' AIRFLOW_CTX_DAG_RUN_ID='scheduled__2025-05-29T10:00:00+00:00'
[2025-05-31T18:22:56.307-0600] {taskinstance.py:732} INFO - ::endgroup::
[2025-05-31T18:22:56.312-0600] {logging_mixin.py:190} INFO - 🧠 --- Airflow DAG Execution Context ---
[2025-05-31T18:22:56.313-0600] {logging_mixin.py:190} INFO - 🕒 execution_date:      2025-05-29 10:00:00+00:00 (Airflow 'logical' date)
[2025-05-31T18:22:56.314-0600] {logging_mixin.py:190} INFO - 📆 data_interval_start: 2025-05-29 10:00:00+00:00
[2025-05-31T18:22:56.314-0600] {logging_mixin.py:190} INFO - 📆 data_interval_end:   2025-05-30 10:00:00+00:00
[2025-05-31T18:22:56.314-0600] {logging_mixin.py:190} INFO - 🔁 logical_date:        2025-05-29 10:00:00+00:00
[2025-05-31T18:22:56.315-0600] {logging_mixin.py:190} INFO - ⏱  current_time:        2025-05-31 18:22:56.312662
[2025-05-31T18:22:56.315-0600] {logging_mixin.py:190} INFO - 📌 PTIME (used in SQL): 2025-05-29
[2025-05-31T18:22:56.315-0600] {logging_mixin.py:190} INFO - ✅ -------------------------------------
[2025-05-31T18:22:56.316-0600] {python.py:240} INFO - Done. Returned value was: None
[2025-05-31T18:22:56.337-0600] {taskinstance.py:341} INFO - ::group::Post task execution logs
[2025-05-31T18:22:56.338-0600] {taskinstance.py:353} INFO - Marking task as SUCCESS. dag_id=libertyPr_health_score_1, task_id=log_dates, run_id=scheduled__2025-05-29T10:00:00+00:00, execution_date=20250529T100000, start_date=20250601T002256, end_date=20250601T002256
[2025-05-31T18:22:56.409-0600] {local_task_job_runner.py:266} INFO - Task exited with return code 0
[2025-05-31T18:22:56.455-0600] {taskinstance.py:3901} INFO - 1 downstream tasks scheduled from follow-on schedule check
[2025-05-31T18:22:56.457-0600] {local_task_job_runner.py:245} INFO - ::endgroup::
[2025-05-31T23:01:38.519-0600] {local_task_job_runner.py:123} INFO - ::group::Pre task execution logs
[2025-05-31T23:01:38.557-0600] {taskinstance.py:2614} INFO - Dependencies all met for dep_context=non-requeueable deps ti=<TaskInstance: libertyPr_health_score_1.log_dates scheduled__2025-05-29T10:00:00+00:00 [queued]>
[2025-05-31T23:01:38.569-0600] {taskinstance.py:2614} INFO - Dependencies all met for dep_context=requeueable deps ti=<TaskInstance: libertyPr_health_score_1.log_dates scheduled__2025-05-29T10:00:00+00:00 [queued]>
[2025-05-31T23:01:38.569-0600] {taskinstance.py:2867} INFO - Starting attempt 1 of 2
[2025-05-31T23:01:38.586-0600] {taskinstance.py:2890} INFO - Executing <Task(PythonOperator): log_dates> on 2025-05-29 10:00:00+00:00
[2025-05-31T23:01:38.603-0600] {warnings.py:112} WARNING - /home/***/.local/lib/python3.12/site-packages/***/task/task_runner/standard_task_runner.py:70: DeprecationWarning: This process (pid=11698) is multi-threaded, use of fork() may lead to deadlocks in the child.
  pid = os.fork()

[2025-05-31T23:01:38.607-0600] {standard_task_runner.py:72} INFO - Started process 11700 to run task
[2025-05-31T23:01:38.606-0600] {standard_task_runner.py:104} INFO - Running: ['***', 'tasks', 'run', 'libertyPr_health_score_1', 'log_dates', 'scheduled__2025-05-29T10:00:00+00:00', '--job-id', '380', '--raw', '--subdir', 'DAGS_FOLDER/health_score_lpr.py', '--cfg-path', '/tmp/tmpqli3e8_u']
[2025-05-31T23:01:38.610-0600] {standard_task_runner.py:105} INFO - Job 380: Subtask log_dates
[2025-05-31T23:01:38.691-0600] {task_command.py:467} INFO - Running <TaskInstance: libertyPr_health_score_1.log_dates scheduled__2025-05-29T10:00:00+00:00 [running]> on host 439130e6349d
[2025-05-31T23:01:38.843-0600] {taskinstance.py:3134} INFO - Exporting env vars: AIRFLOW_CTX_DAG_OWNER='***' AIRFLOW_CTX_DAG_ID='libertyPr_health_score_1' AIRFLOW_CTX_TASK_ID='log_dates' AIRFLOW_CTX_EXECUTION_DATE='2025-05-29T10:00:00+00:00' AIRFLOW_CTX_TRY_NUMBER='1' AIRFLOW_CTX_DAG_RUN_ID='scheduled__2025-05-29T10:00:00+00:00'
[2025-05-31T23:01:38.845-0600] {taskinstance.py:732} INFO - ::endgroup::
[2025-05-31T23:01:38.850-0600] {logging_mixin.py:190} INFO - 🧠 --- Airflow DAG Execution Context ---
[2025-05-31T23:01:38.850-0600] {logging_mixin.py:190} INFO - 🕒 execution_date:      2025-05-29 10:00:00+00:00 (Airflow 'logical' date)
[2025-05-31T23:01:38.851-0600] {logging_mixin.py:190} INFO - 📆 data_interval_start: 2025-05-29 10:00:00+00:00
[2025-05-31T23:01:38.851-0600] {logging_mixin.py:190} INFO - 📆 data_interval_end:   2025-05-30 10:00:00+00:00
[2025-05-31T23:01:38.851-0600] {logging_mixin.py:190} INFO - 🔁 logical_date:        2025-05-29 10:00:00+00:00
[2025-05-31T23:01:38.852-0600] {logging_mixin.py:190} INFO - ⏱  current_time:        2025-05-31 23:01:38.849883
[2025-05-31T23:01:38.852-0600] {logging_mixin.py:190} INFO - 📌 PTIME (used in SQL): 2025-05-29
[2025-05-31T23:01:38.852-0600] {logging_mixin.py:190} INFO - ✅ -------------------------------------
[2025-05-31T23:01:38.853-0600] {python.py:240} INFO - Done. Returned value was: None
[2025-05-31T23:01:38.874-0600] {taskinstance.py:341} INFO - ::group::Post task execution logs
[2025-05-31T23:01:38.875-0600] {taskinstance.py:353} INFO - Marking task as SUCCESS. dag_id=libertyPr_health_score_1, task_id=log_dates, run_id=scheduled__2025-05-29T10:00:00+00:00, execution_date=20250529T100000, start_date=20250601T050138, end_date=20250601T050138
[2025-05-31T23:01:38.944-0600] {local_task_job_runner.py:266} INFO - Task exited with return code 0
[2025-05-31T23:01:38.985-0600] {taskinstance.py:3901} INFO - 1 downstream tasks scheduled from follow-on schedule check
[2025-05-31T23:01:38.987-0600] {local_task_job_runner.py:245} INFO - ::endgroup::
