[2025-05-31T10:26:55.139-0600] {local_task_job_runner.py:123} INFO - ::group::Pre task execution logs
[2025-05-31T10:26:55.184-0600] {taskinstance.py:2614} INFO - Dependencies all met for dep_context=non-requeueable deps ti=<TaskInstance: libertyPr_health_score_1.classify_modems scheduled__2025-05-26T10:00:00+00:00 [queued]>
[2025-05-31T10:26:55.199-0600] {taskinstance.py:2614} INFO - Dependencies all met for dep_context=requeueable deps ti=<TaskInstance: libertyPr_health_score_1.classify_modems scheduled__2025-05-26T10:00:00+00:00 [queued]>
[2025-05-31T10:26:55.200-0600] {taskinstance.py:2867} INFO - Starting attempt 1 of 2
[2025-05-31T10:26:55.221-0600] {taskinstance.py:2890} INFO - Executing <Task(PythonOperator): classify_modems> on 2025-05-26 10:00:00+00:00
[2025-05-31T10:26:55.234-0600] {warnings.py:112} WARNING - /home/***/.local/lib/python3.12/site-packages/***/task/task_runner/standard_task_runner.py:70: DeprecationWarning: This process (pid=1926) is multi-threaded, use of fork() may lead to deadlocks in the child.
  pid = os.fork()

[2025-05-31T10:26:55.236-0600] {standard_task_runner.py:72} INFO - Started process 1928 to run task
[2025-05-31T10:26:55.238-0600] {standard_task_runner.py:104} INFO - Running: ['***', 'tasks', 'run', 'libertyPr_health_score_1', 'classify_modems', 'scheduled__2025-05-26T10:00:00+00:00', '--job-id', '182', '--raw', '--subdir', 'DAGS_FOLDER/health_score_lpr.py', '--cfg-path', '/tmp/tmpjeq2uxj0']
[2025-05-31T10:26:55.243-0600] {standard_task_runner.py:105} INFO - Job 182: Subtask classify_modems
[2025-05-31T10:26:55.358-0600] {task_command.py:467} INFO - Running <TaskInstance: libertyPr_health_score_1.classify_modems scheduled__2025-05-26T10:00:00+00:00 [running]> on host 439130e6349d
[2025-05-31T10:26:55.537-0600] {taskinstance.py:3134} INFO - Exporting env vars: AIRFLOW_CTX_DAG_OWNER='***' AIRFLOW_CTX_DAG_ID='libertyPr_health_score_1' AIRFLOW_CTX_TASK_ID='classify_modems' AIRFLOW_CTX_EXECUTION_DATE='2025-05-26T10:00:00+00:00' AIRFLOW_CTX_TRY_NUMBER='1' AIRFLOW_CTX_DAG_RUN_ID='scheduled__2025-05-26T10:00:00+00:00'
[2025-05-31T10:26:55.542-0600] {taskinstance.py:732} INFO - ::endgroup::
[2025-05-31T10:26:55.573-0600] {logging_mixin.py:190} INFO - 📥 Loading modem and status data...
[2025-05-31T10:27:00.795-0600] {logging_mixin.py:190} INFO - ✅ Loaded modem data: 1773892 rows from /tmp/modem_data.csv
[2025-05-31T10:27:00.796-0600] {logging_mixin.py:190} INFO - ✅ Loaded status data: 477683 rows from /tmp/modem_status.csv
[2025-05-31T10:27:01.307-0600] {logging_mixin.py:190} INFO - 📊 Unique CM_MACs in modem_df: 476929
[2025-05-31T10:27:01.438-0600] {logging_mixin.py:190} INFO - 📊 Unique CM_MACs in status_df: 477124
[2025-05-31T10:27:01.438-0600] {logging_mixin.py:190} INFO - 🧮 Classifying each channel...
[2025-05-31T10:27:45.733-0600] {logging_mixin.py:190} INFO - ✅ Channel classification complete.
[2025-05-31T10:27:45.824-0600] {logging_mixin.py:190} INFO -          CM_MAC       PTIME Channel_Status
0  1835D1E0D1DB  2025-05-25           Good
1  400D102D2F3B  2025-05-25           Good
2  E45740B62F28  2025-05-25           Good
3  DCA633AC51E8  2025-05-25           Good
4  B05DD447DBCF  2025-05-25           Good
[2025-05-31T10:27:45.847-0600] {logging_mixin.py:190} INFO - 📊 Grouping and summarizing modem data...
[2025-05-31T10:37:26.677-0600] {logging_mixin.py:190} INFO - ✅ Grouped modem data shape: (476929, 4)
[2025-05-31T10:37:26.759-0600] {logging_mixin.py:190} INFO - ✅ Summarized modem data (head):
[2025-05-31T10:37:26.777-0600] {logging_mixin.py:190} INFO -          CM_MAC       PTIME  ...              CHANNEL_NAME TX_MAX
0  00015C6CD846  2025-05-25  ...  cable-upstream 3/10/12.0    NaN
1  000711146ABC  2025-05-25  ...  cable-upstream 3/11/15.0    NaN
2  00071117BB9A  2025-05-25  ...   cable-upstream 2/11/0.0    NaN
3  00071117BBAE  2025-05-25  ...    cable-upstream 2/9/2.0    NaN
4  00071117BC0D  2025-05-25  ...  cable-upstream 1/11/13.0    NaN

[5 rows x 6 columns]
[2025-05-31T10:37:26.778-0600] {logging_mixin.py:190} INFO - 🔗 Merging modem-level data with status (LEFT join)...
[2025-05-31T10:37:27.949-0600] {logging_mixin.py:190} INFO - ✅ Merged dataset shape: (477004, 19)
[2025-05-31T10:37:27.951-0600] {logging_mixin.py:190} INFO - 📊 Rows with no ONLINE_COUNT after merge: 0
[2025-05-31T10:37:27.952-0600] {logging_mixin.py:190} INFO - 🛠 Applying final classification rules...
[2025-05-31T10:37:28.038-0600] {logging_mixin.py:190} INFO - 📊 Classification summary after status logic:
[2025-05-31T10:37:28.050-0600] {logging_mixin.py:190} INFO - Category
Good        224962
Warning     142992
Critical    102381
Offline       6669
Name: count, dtype: int64
[2025-05-31T10:37:32.818-0600] {logging_mixin.py:190} INFO - 💾 Saved classified modems to /tmp/classified_modems.csv
[2025-05-31T10:37:32.819-0600] {logging_mixin.py:190} INFO - 🔍 Final modem count: 477004 rows
[2025-05-31T10:37:33.134-0600] {python.py:240} INFO - Done. Returned value was: None
[2025-05-31T10:37:33.160-0600] {taskinstance.py:341} INFO - ::group::Post task execution logs
[2025-05-31T10:37:33.161-0600] {taskinstance.py:353} INFO - Marking task as SUCCESS. dag_id=libertyPr_health_score_1, task_id=classify_modems, run_id=scheduled__2025-05-26T10:00:00+00:00, execution_date=20250526T100000, start_date=20250531T162655, end_date=20250531T163733
[2025-05-31T10:37:33.315-0600] {local_task_job_runner.py:266} INFO - Task exited with return code 0
[2025-05-31T10:37:33.371-0600] {taskinstance.py:3901} INFO - 1 downstream tasks scheduled from follow-on schedule check
[2025-05-31T10:37:33.373-0600] {local_task_job_runner.py:245} INFO - ::endgroup::
[2025-05-31T22:15:23.724-0600] {local_task_job_runner.py:123} INFO - ::group::Pre task execution logs
[2025-05-31T22:15:23.760-0600] {taskinstance.py:2614} INFO - Dependencies all met for dep_context=non-requeueable deps ti=<TaskInstance: libertyPr_health_score_1.classify_modems scheduled__2025-05-26T10:00:00+00:00 [queued]>
[2025-05-31T22:15:23.772-0600] {taskinstance.py:2614} INFO - Dependencies all met for dep_context=requeueable deps ti=<TaskInstance: libertyPr_health_score_1.classify_modems scheduled__2025-05-26T10:00:00+00:00 [queued]>
[2025-05-31T22:15:23.772-0600] {taskinstance.py:2867} INFO - Starting attempt 1 of 2
[2025-05-31T22:15:23.791-0600] {taskinstance.py:2890} INFO - Executing <Task(PythonOperator): classify_modems> on 2025-05-26 10:00:00+00:00
[2025-05-31T22:15:23.802-0600] {warnings.py:112} WARNING - /home/***/.local/lib/python3.12/site-packages/***/task/task_runner/standard_task_runner.py:70: DeprecationWarning: This process (pid=11080) is multi-threaded, use of fork() may lead to deadlocks in the child.
  pid = os.fork()

[2025-05-31T22:15:23.805-0600] {standard_task_runner.py:72} INFO - Started process 11082 to run task
[2025-05-31T22:15:23.806-0600] {standard_task_runner.py:104} INFO - Running: ['***', 'tasks', 'run', 'libertyPr_health_score_1', 'classify_modems', 'scheduled__2025-05-26T10:00:00+00:00', '--job-id', '358', '--raw', '--subdir', 'DAGS_FOLDER/health_score_lpr.py', '--cfg-path', '/tmp/tmpr2qwbkpc']
[2025-05-31T22:15:23.810-0600] {standard_task_runner.py:105} INFO - Job 358: Subtask classify_modems
[2025-05-31T22:15:23.893-0600] {task_command.py:467} INFO - Running <TaskInstance: libertyPr_health_score_1.classify_modems scheduled__2025-05-26T10:00:00+00:00 [running]> on host 439130e6349d
[2025-05-31T22:15:24.064-0600] {taskinstance.py:3134} INFO - Exporting env vars: AIRFLOW_CTX_DAG_OWNER='***' AIRFLOW_CTX_DAG_ID='libertyPr_health_score_1' AIRFLOW_CTX_TASK_ID='classify_modems' AIRFLOW_CTX_EXECUTION_DATE='2025-05-26T10:00:00+00:00' AIRFLOW_CTX_TRY_NUMBER='1' AIRFLOW_CTX_DAG_RUN_ID='scheduled__2025-05-26T10:00:00+00:00'
[2025-05-31T22:15:24.067-0600] {taskinstance.py:732} INFO - ::endgroup::
[2025-05-31T22:15:24.071-0600] {logging_mixin.py:190} INFO - 📥 Loading modem and status data...
[2025-05-31T22:15:29.765-0600] {logging_mixin.py:190} INFO - ✅ Loaded modem data: 1773111 rows from /tmp/modem_data.csv
[2025-05-31T22:15:29.766-0600] {logging_mixin.py:190} INFO - ✅ Loaded status data: 477519 rows from /tmp/modem_status.csv
[2025-05-31T22:15:30.279-0600] {logging_mixin.py:190} INFO - 📊 Unique CM_MACs in modem_df: 476768
[2025-05-31T22:15:30.416-0600] {logging_mixin.py:190} INFO - 📊 Unique CM_MACs in status_df: 476970
[2025-05-31T22:15:30.416-0600] {logging_mixin.py:190} INFO - 🧮 Classifying each channel...
[2025-05-31T22:16:15.940-0600] {logging_mixin.py:190} INFO - ✅ Channel classification complete.
[2025-05-31T22:16:16.024-0600] {logging_mixin.py:190} INFO -          CM_MAC       PTIME Channel_Status
0  1835D1E57FD3  2025-05-26           Good
1  1835D1B67F7B  2025-05-26           Good
2  ACF8CC14DE77  2025-05-26           Good
3  1835D1B67F7B  2025-05-26           Good
4  ACF8CC14DE77  2025-05-26           Good
[2025-05-31T22:16:16.048-0600] {logging_mixin.py:190} INFO - 📊 Grouping and summarizing modem data...
[2025-05-31T22:26:20.203-0600] {logging_mixin.py:190} INFO - ✅ Grouped modem data shape: (476768, 4)
[2025-05-31T22:26:20.286-0600] {logging_mixin.py:190} INFO - ✅ Summarized modem data (head):
[2025-05-31T22:26:20.306-0600] {logging_mixin.py:190} INFO -          CM_MAC       PTIME  ...              CHANNEL_NAME TX_MAX
0  00015C6CD846  2025-05-26  ...  cable-upstream 3/10/12.0    NaN
1  000711146ABC  2025-05-26  ...  cable-upstream 3/11/12.0    NaN
2  00071117BB95  2025-05-26  ...   cable-upstream 1/2/14.0    NaN
3  00071117BB9A  2025-05-26  ...   cable-upstream 2/11/0.0    NaN
4  00071117BB9F  2025-05-26  ...   cable-upstream 2/1/13.0    NaN

[5 rows x 6 columns]
[2025-05-31T22:26:20.307-0600] {logging_mixin.py:190} INFO - 🔗 Merging modem-level data with status (LEFT join)...
[2025-05-31T22:26:21.448-0600] {logging_mixin.py:190} INFO - ✅ Merged dataset shape: (476836, 19)
[2025-05-31T22:26:21.449-0600] {logging_mixin.py:190} INFO - 📊 Rows with no ONLINE_COUNT after merge: 0
[2025-05-31T22:26:21.450-0600] {logging_mixin.py:190} INFO - 🛠 Applying final classification rules...
[2025-05-31T22:26:21.500-0600] {logging_mixin.py:190} INFO - 📊 Classification summary after status logic:
[2025-05-31T22:26:21.508-0600] {logging_mixin.py:190} INFO - Category
Good        242260
Warning     135440
Critical     93112
Offline       6024
Name: count, dtype: int64
[2025-05-31T22:26:26.818-0600] {logging_mixin.py:190} INFO - 💾 Saved classified modems to /tmp/classified_modems.csv
[2025-05-31T22:26:26.819-0600] {logging_mixin.py:190} INFO - 🔍 Final modem count: 476836 rows
[2025-05-31T22:26:27.110-0600] {python.py:240} INFO - Done. Returned value was: None
[2025-05-31T22:26:27.141-0600] {taskinstance.py:341} INFO - ::group::Post task execution logs
[2025-05-31T22:26:27.142-0600] {taskinstance.py:353} INFO - Marking task as SUCCESS. dag_id=libertyPr_health_score_1, task_id=classify_modems, run_id=scheduled__2025-05-26T10:00:00+00:00, execution_date=20250526T100000, start_date=20250601T041523, end_date=20250601T042627
[2025-05-31T22:26:27.271-0600] {local_task_job_runner.py:266} INFO - Task exited with return code 0
[2025-05-31T22:26:27.329-0600] {taskinstance.py:3901} INFO - 1 downstream tasks scheduled from follow-on schedule check
[2025-05-31T22:26:27.335-0600] {local_task_job_runner.py:245} INFO - ::endgroup::
