[2025-05-31T20:56:21.438-0600] {local_task_job_runner.py:123} INFO - ::group::Pre task execution logs
[2025-05-31T20:56:21.474-0600] {taskinstance.py:2614} INFO - Dependencies all met for dep_context=non-requeueable deps ti=<TaskInstance: libertyPr_health_score_1.map_nodes scheduled__2025-05-20T10:00:00+00:00 [queued]>
[2025-05-31T20:56:21.486-0600] {taskinstance.py:2614} INFO - Dependencies all met for dep_context=requeueable deps ti=<TaskInstance: libertyPr_health_score_1.map_nodes scheduled__2025-05-20T10:00:00+00:00 [queued]>
[2025-05-31T20:56:21.487-0600] {taskinstance.py:2867} INFO - Starting attempt 1 of 2
[2025-05-31T20:56:21.504-0600] {taskinstance.py:2890} INFO - Executing <Task(PythonOperator): map_nodes> on 2025-05-20 10:00:00+00:00
[2025-05-31T20:56:21.514-0600] {warnings.py:112} WARNING - /home/***/.local/lib/python3.12/site-packages/***/task/task_runner/standard_task_runner.py:70: DeprecationWarning: This process (pid=9944) is multi-threaded, use of fork() may lead to deadlocks in the child.
  pid = os.fork()

[2025-05-31T20:56:21.517-0600] {standard_task_runner.py:72} INFO - Started process 9946 to run task
[2025-05-31T20:56:21.518-0600] {standard_task_runner.py:104} INFO - Running: ['***', 'tasks', 'run', 'libertyPr_health_score_1', 'map_nodes', 'scheduled__2025-05-20T10:00:00+00:00', '--job-id', '312', '--raw', '--subdir', 'DAGS_FOLDER/health_score_lpr.py', '--cfg-path', '/tmp/tmp23z96ixm']
[2025-05-31T20:56:21.522-0600] {standard_task_runner.py:105} INFO - Job 312: Subtask map_nodes
[2025-05-31T20:56:21.613-0600] {task_command.py:467} INFO - Running <TaskInstance: libertyPr_health_score_1.map_nodes scheduled__2025-05-20T10:00:00+00:00 [running]> on host 439130e6349d
[2025-05-31T20:56:21.770-0600] {taskinstance.py:3134} INFO - Exporting env vars: AIRFLOW_CTX_DAG_OWNER='***' AIRFLOW_CTX_DAG_ID='libertyPr_health_score_1' AIRFLOW_CTX_TASK_ID='map_nodes' AIRFLOW_CTX_EXECUTION_DATE='2025-05-20T10:00:00+00:00' AIRFLOW_CTX_TRY_NUMBER='1' AIRFLOW_CTX_DAG_RUN_ID='scheduled__2025-05-20T10:00:00+00:00'
[2025-05-31T20:56:21.772-0600] {taskinstance.py:732} INFO - ::endgroup::
[2025-05-31T20:56:21.776-0600] {logging_mixin.py:190} INFO - 📍 Loading classified modems and node map...
[2025-05-31T20:56:24.491-0600] {logging_mixin.py:190} INFO - 📦 Modems before mapping: 477643
[2025-05-31T20:56:24.927-0600] {logging_mixin.py:190} INFO - ⚠️ Modems without node mapping: 20
[2025-05-31T20:56:30.215-0600] {logging_mixin.py:190} INFO - ✅ Saved mapped modem data with node assignment to cm_mapped.csv (478811 rows)
[2025-05-31T20:56:30.278-0600] {python.py:240} INFO - Done. Returned value was: None
[2025-05-31T20:56:30.307-0600] {taskinstance.py:341} INFO - ::group::Post task execution logs
[2025-05-31T20:56:30.308-0600] {taskinstance.py:353} INFO - Marking task as SUCCESS. dag_id=libertyPr_health_score_1, task_id=map_nodes, run_id=scheduled__2025-05-20T10:00:00+00:00, execution_date=20250520T100000, start_date=20250601T025621, end_date=20250601T025630
[2025-05-31T20:56:30.384-0600] {local_task_job_runner.py:266} INFO - Task exited with return code 0
[2025-05-31T20:56:30.422-0600] {taskinstance.py:3901} INFO - 1 downstream tasks scheduled from follow-on schedule check
[2025-05-31T20:56:30.424-0600] {local_task_job_runner.py:245} INFO - ::endgroup::
