[2025-05-31T10:37:41.058-0600] {local_task_job_runner.py:123} INFO - ::group::Pre task execution logs
[2025-05-31T10:37:41.112-0600] {taskinstance.py:2614} INFO - Dependencies all met for dep_context=non-requeueable deps ti=<TaskInstance: libertyPr_health_score_1.map_nodes scheduled__2025-05-26T10:00:00+00:00 [queued]>
[2025-05-31T10:37:41.133-0600] {taskinstance.py:2614} INFO - Dependencies all met for dep_context=requeueable deps ti=<TaskInstance: libertyPr_health_score_1.map_nodes scheduled__2025-05-26T10:00:00+00:00 [queued]>
[2025-05-31T10:37:41.134-0600] {taskinstance.py:2867} INFO - Starting attempt 1 of 2
[2025-05-31T10:37:41.170-0600] {taskinstance.py:2890} INFO - Executing <Task(PythonOperator): map_nodes> on 2025-05-26 10:00:00+00:00
[2025-05-31T10:37:41.186-0600] {warnings.py:112} WARNING - /home/***/.local/lib/python3.12/site-packages/***/task/task_runner/standard_task_runner.py:70: DeprecationWarning: This process (pid=2056) is multi-threaded, use of fork() may lead to deadlocks in the child.
  pid = os.fork()

[2025-05-31T10:37:41.189-0600] {standard_task_runner.py:72} INFO - Started process 2058 to run task
[2025-05-31T10:37:41.190-0600] {standard_task_runner.py:104} INFO - Running: ['***', 'tasks', 'run', 'libertyPr_health_score_1', 'map_nodes', 'scheduled__2025-05-26T10:00:00+00:00', '--job-id', '184', '--raw', '--subdir', 'DAGS_FOLDER/health_score_lpr.py', '--cfg-path', '/tmp/tmpcyvl0j11']
[2025-05-31T10:37:41.195-0600] {standard_task_runner.py:105} INFO - Job 184: Subtask map_nodes
[2025-05-31T10:37:41.306-0600] {task_command.py:467} INFO - Running <TaskInstance: libertyPr_health_score_1.map_nodes scheduled__2025-05-26T10:00:00+00:00 [running]> on host 439130e6349d
[2025-05-31T10:37:41.490-0600] {taskinstance.py:3134} INFO - Exporting env vars: AIRFLOW_CTX_DAG_OWNER='***' AIRFLOW_CTX_DAG_ID='libertyPr_health_score_1' AIRFLOW_CTX_TASK_ID='map_nodes' AIRFLOW_CTX_EXECUTION_DATE='2025-05-26T10:00:00+00:00' AIRFLOW_CTX_TRY_NUMBER='1' AIRFLOW_CTX_DAG_RUN_ID='scheduled__2025-05-26T10:00:00+00:00'
[2025-05-31T10:37:41.493-0600] {taskinstance.py:732} INFO - ::endgroup::
[2025-05-31T10:37:41.535-0600] {logging_mixin.py:190} INFO - 📍 Loading classified modems and node map...
[2025-05-31T10:37:44.473-0600] {logging_mixin.py:190} INFO - 📦 Modems before mapping: 477004
[2025-05-31T10:37:45.628-0600] {logging_mixin.py:190} INFO - ⚠️ Modems without node mapping: 17
[2025-05-31T10:37:50.865-0600] {logging_mixin.py:190} INFO - ✅ Saved mapped modem data with node assignment to cm_mapped.csv (478351 rows)
[2025-05-31T10:37:50.921-0600] {python.py:240} INFO - Done. Returned value was: None
[2025-05-31T10:37:50.940-0600] {taskinstance.py:341} INFO - ::group::Post task execution logs
[2025-05-31T10:37:50.940-0600] {taskinstance.py:353} INFO - Marking task as SUCCESS. dag_id=libertyPr_health_score_1, task_id=map_nodes, run_id=scheduled__2025-05-26T10:00:00+00:00, execution_date=20250526T100000, start_date=20250531T163741, end_date=20250531T163750
[2025-05-31T10:37:51.050-0600] {local_task_job_runner.py:266} INFO - Task exited with return code 0
[2025-05-31T10:37:51.091-0600] {taskinstance.py:3901} INFO - 1 downstream tasks scheduled from follow-on schedule check
[2025-05-31T10:37:51.093-0600] {local_task_job_runner.py:245} INFO - ::endgroup::
[2025-05-31T22:26:37.699-0600] {local_task_job_runner.py:123} INFO - ::group::Pre task execution logs
[2025-05-31T22:26:37.736-0600] {taskinstance.py:2614} INFO - Dependencies all met for dep_context=non-requeueable deps ti=<TaskInstance: libertyPr_health_score_1.map_nodes scheduled__2025-05-26T10:00:00+00:00 [queued]>
[2025-05-31T22:26:37.750-0600] {taskinstance.py:2614} INFO - Dependencies all met for dep_context=requeueable deps ti=<TaskInstance: libertyPr_health_score_1.map_nodes scheduled__2025-05-26T10:00:00+00:00 [queued]>
[2025-05-31T22:26:37.751-0600] {taskinstance.py:2867} INFO - Starting attempt 1 of 2
[2025-05-31T22:26:37.770-0600] {taskinstance.py:2890} INFO - Executing <Task(PythonOperator): map_nodes> on 2025-05-26 10:00:00+00:00
[2025-05-31T22:26:37.782-0600] {warnings.py:112} WARNING - /home/***/.local/lib/python3.12/site-packages/***/task/task_runner/standard_task_runner.py:70: DeprecationWarning: This process (pid=11220) is multi-threaded, use of fork() may lead to deadlocks in the child.
  pid = os.fork()

[2025-05-31T22:26:37.785-0600] {standard_task_runner.py:72} INFO - Started process 11222 to run task
[2025-05-31T22:26:37.786-0600] {standard_task_runner.py:104} INFO - Running: ['***', 'tasks', 'run', 'libertyPr_health_score_1', 'map_nodes', 'scheduled__2025-05-26T10:00:00+00:00', '--job-id', '360', '--raw', '--subdir', 'DAGS_FOLDER/health_score_lpr.py', '--cfg-path', '/tmp/tmpz2dtc7f_']
[2025-05-31T22:26:37.790-0600] {standard_task_runner.py:105} INFO - Job 360: Subtask map_nodes
[2025-05-31T22:26:37.874-0600] {task_command.py:467} INFO - Running <TaskInstance: libertyPr_health_score_1.map_nodes scheduled__2025-05-26T10:00:00+00:00 [running]> on host 439130e6349d
[2025-05-31T22:26:38.046-0600] {taskinstance.py:3134} INFO - Exporting env vars: AIRFLOW_CTX_DAG_OWNER='***' AIRFLOW_CTX_DAG_ID='libertyPr_health_score_1' AIRFLOW_CTX_TASK_ID='map_nodes' AIRFLOW_CTX_EXECUTION_DATE='2025-05-26T10:00:00+00:00' AIRFLOW_CTX_TRY_NUMBER='1' AIRFLOW_CTX_DAG_RUN_ID='scheduled__2025-05-26T10:00:00+00:00'
[2025-05-31T22:26:38.048-0600] {taskinstance.py:732} INFO - ::endgroup::
[2025-05-31T22:26:38.052-0600] {logging_mixin.py:190} INFO - 📍 Loading classified modems and node map...
[2025-05-31T22:26:40.485-0600] {logging_mixin.py:190} INFO - 📦 Modems before mapping: 476836
[2025-05-31T22:26:41.015-0600] {logging_mixin.py:190} INFO - ⚠️ Modems without node mapping: 18
[2025-05-31T22:26:45.928-0600] {logging_mixin.py:190} INFO - ✅ Saved mapped modem data with node assignment to cm_mapped.csv (478182 rows)
[2025-05-31T22:26:45.993-0600] {python.py:240} INFO - Done. Returned value was: None
[2025-05-31T22:26:46.020-0600] {taskinstance.py:341} INFO - ::group::Post task execution logs
[2025-05-31T22:26:46.021-0600] {taskinstance.py:353} INFO - Marking task as SUCCESS. dag_id=libertyPr_health_score_1, task_id=map_nodes, run_id=scheduled__2025-05-26T10:00:00+00:00, execution_date=20250526T100000, start_date=20250601T042637, end_date=20250601T042646
[2025-05-31T22:26:46.141-0600] {local_task_job_runner.py:266} INFO - Task exited with return code 0
[2025-05-31T22:26:46.190-0600] {taskinstance.py:3901} INFO - 1 downstream tasks scheduled from follow-on schedule check
[2025-05-31T22:26:46.194-0600] {local_task_job_runner.py:245} INFO - ::endgroup::
