[2025-05-31T21:00:37.657-0600] {local_task_job_runner.py:123} INFO - ::group::Pre task execution logs
[2025-05-31T21:00:37.704-0600] {taskinstance.py:2614} INFO - Dependencies all met for dep_context=non-requeueable deps ti=<TaskInstance: libertyPr_health_score_1.classify_modems scheduled__2025-05-21T10:00:00+00:00 [queued]>
[2025-05-31T21:00:37.720-0600] {taskinstance.py:2614} INFO - Dependencies all met for dep_context=requeueable deps ti=<TaskInstance: libertyPr_health_score_1.classify_modems scheduled__2025-05-21T10:00:00+00:00 [queued]>
[2025-05-31T21:00:37.721-0600] {taskinstance.py:2867} INFO - Starting attempt 1 of 2
[2025-05-31T21:00:37.745-0600] {taskinstance.py:2890} INFO - Executing <Task(PythonOperator): classify_modems> on 2025-05-21 10:00:00+00:00
[2025-05-31T21:00:37.763-0600] {warnings.py:112} WARNING - /home/***/.local/lib/python3.12/site-packages/***/task/task_runner/standard_task_runner.py:70: DeprecationWarning: This process (pid=10018) is multi-threaded, use of fork() may lead to deadlocks in the child.
  pid = os.fork()

[2025-05-31T21:00:37.766-0600] {standard_task_runner.py:72} INFO - Started process 10020 to run task
[2025-05-31T21:00:37.767-0600] {standard_task_runner.py:104} INFO - Running: ['***', 'tasks', 'run', 'libertyPr_health_score_1', 'classify_modems', 'scheduled__2025-05-21T10:00:00+00:00', '--job-id', '318', '--raw', '--subdir', 'DAGS_FOLDER/health_score_lpr.py', '--cfg-path', '/tmp/tmpgvlyz7u6']
[2025-05-31T21:00:37.774-0600] {standard_task_runner.py:105} INFO - Job 318: Subtask classify_modems
[2025-05-31T21:00:37.886-0600] {task_command.py:467} INFO - Running <TaskInstance: libertyPr_health_score_1.classify_modems scheduled__2025-05-21T10:00:00+00:00 [running]> on host 439130e6349d
[2025-05-31T21:00:38.113-0600] {taskinstance.py:3134} INFO - Exporting env vars: AIRFLOW_CTX_DAG_OWNER='***' AIRFLOW_CTX_DAG_ID='libertyPr_health_score_1' AIRFLOW_CTX_TASK_ID='classify_modems' AIRFLOW_CTX_EXECUTION_DATE='2025-05-21T10:00:00+00:00' AIRFLOW_CTX_TRY_NUMBER='1' AIRFLOW_CTX_DAG_RUN_ID='scheduled__2025-05-21T10:00:00+00:00'
[2025-05-31T21:00:38.115-0600] {taskinstance.py:732} INFO - ::endgroup::
[2025-05-31T21:00:38.120-0600] {logging_mixin.py:190} INFO - 📥 Loading modem and status data...
[2025-05-31T21:00:45.727-0600] {logging_mixin.py:190} INFO - ✅ Loaded modem data: 1781813 rows from /tmp/modem_data.csv
[2025-05-31T21:00:45.728-0600] {logging_mixin.py:190} INFO - ✅ Loaded status data: 478402 rows from /tmp/modem_status.csv
[2025-05-31T21:00:46.608-0600] {logging_mixin.py:190} INFO - 📊 Unique CM_MACs in modem_df: 477605
[2025-05-31T21:00:46.836-0600] {logging_mixin.py:190} INFO - 📊 Unique CM_MACs in status_df: 477804
[2025-05-31T21:00:46.837-0600] {logging_mixin.py:190} INFO - 🧮 Classifying each channel...
[2025-05-31T21:01:35.031-0600] {logging_mixin.py:190} INFO - ✅ Channel classification complete.
[2025-05-31T21:01:35.142-0600] {logging_mixin.py:190} INFO -          CM_MAC       PTIME Channel_Status
0  A41588AA35A2  2025-05-21           Good
1  ACF8CC5B88FB  2025-05-21           Good
2  A41588AA35A2  2025-05-21           Good
3  A41588AA35A2  2025-05-21           Good
4  ACF8CC5B88FB  2025-05-21           Good
[2025-05-31T21:01:35.178-0600] {logging_mixin.py:190} INFO - 📊 Grouping and summarizing modem data...
[2025-05-31T21:11:37.071-0600] {logging_mixin.py:190} INFO - ✅ Grouped modem data shape: (477605, 4)
[2025-05-31T21:11:37.153-0600] {logging_mixin.py:190} INFO - ✅ Summarized modem data (head):
[2025-05-31T21:11:37.175-0600] {logging_mixin.py:190} INFO -          CM_MAC       PTIME  ...              CHANNEL_NAME TX_MAX
0  00015C6CD846  2025-05-21  ...  cable-upstream 3/10/12.0    NaN
1  000711146ABC  2025-05-21  ...    cable-upstream 4/8/3.0    NaN
2  00071117BBAE  2025-05-21  ...    cable-upstream 2/9/2.0    NaN
3  00071117BBBD  2025-05-21  ...    cable-upstream 4/8/1.0    NaN
4  00071117BBD1  2025-05-21  ...    cable-upstream 3/3/2.0    NaN

[5 rows x 6 columns]
[2025-05-31T21:11:37.176-0600] {logging_mixin.py:190} INFO - 🔗 Merging modem-level data with status (LEFT join)...
[2025-05-31T21:11:38.385-0600] {logging_mixin.py:190} INFO - ✅ Merged dataset shape: (477668, 19)
[2025-05-31T21:11:38.387-0600] {logging_mixin.py:190} INFO - 📊 Rows with no ONLINE_COUNT after merge: 6
[2025-05-31T21:11:38.388-0600] {logging_mixin.py:190} INFO - 🛠 Applying final classification rules...
[2025-05-31T21:11:38.438-0600] {logging_mixin.py:190} INFO - 📊 Classification summary after status logic:
[2025-05-31T21:11:38.447-0600] {logging_mixin.py:190} INFO - Category
Good        255695
Warning     126777
Critical     89228
Offline       5968
Name: count, dtype: int64
[2025-05-31T21:11:45.455-0600] {logging_mixin.py:190} INFO - 💾 Saved classified modems to /tmp/classified_modems.csv
[2025-05-31T21:11:45.456-0600] {logging_mixin.py:190} INFO - 🔍 Final modem count: 477668 rows
[2025-05-31T21:11:45.755-0600] {python.py:240} INFO - Done. Returned value was: None
[2025-05-31T21:11:45.773-0600] {taskinstance.py:341} INFO - ::group::Post task execution logs
[2025-05-31T21:11:45.773-0600] {taskinstance.py:353} INFO - Marking task as SUCCESS. dag_id=libertyPr_health_score_1, task_id=classify_modems, run_id=scheduled__2025-05-21T10:00:00+00:00, execution_date=20250521T100000, start_date=20250601T030037, end_date=20250601T031145
[2025-05-31T21:11:45.931-0600] {local_task_job_runner.py:266} INFO - Task exited with return code 0
[2025-05-31T21:11:45.974-0600] {taskinstance.py:3901} INFO - 1 downstream tasks scheduled from follow-on schedule check
[2025-05-31T21:11:45.976-0600] {local_task_job_runner.py:245} INFO - ::endgroup::
