[2025-05-31T11:07:29.758-0600] {local_task_job_runner.py:123} INFO - ::group::Pre task execution logs
[2025-05-31T11:07:29.797-0600] {taskinstance.py:2614} INFO - Dependencies all met for dep_context=non-requeueable deps ti=<TaskInstance: libertyPr_health_score_1.verify_node_consistency scheduled__2025-05-28T10:00:00+00:00 [queued]>
[2025-05-31T11:07:29.810-0600] {taskinstance.py:2614} INFO - Dependencies all met for dep_context=requeueable deps ti=<TaskInstance: libertyPr_health_score_1.verify_node_consistency scheduled__2025-05-28T10:00:00+00:00 [queued]>
[2025-05-31T11:07:29.811-0600] {taskinstance.py:2867} INFO - Starting attempt 1 of 2
[2025-05-31T11:07:29.831-0600] {taskinstance.py:2890} INFO - Executing <Task(PythonOperator): verify_node_consistency> on 2025-05-28 10:00:00+00:00
[2025-05-31T11:07:29.848-0600] {warnings.py:112} WARNING - /home/***/.local/lib/python3.12/site-packages/***/task/task_runner/standard_task_runner.py:70: DeprecationWarning: This process (pid=2466) is multi-threaded, use of fork() may lead to deadlocks in the child.
  pid = os.fork()

[2025-05-31T11:07:29.851-0600] {standard_task_runner.py:72} INFO - Started process 2468 to run task
[2025-05-31T11:07:29.851-0600] {standard_task_runner.py:104} INFO - Running: ['***', 'tasks', 'run', 'libertyPr_health_score_1', 'verify_node_consistency', 'scheduled__2025-05-28T10:00:00+00:00', '--job-id', '197', '--raw', '--subdir', 'DAGS_FOLDER/health_score_lpr.py', '--cfg-path', '/tmp/tmpq0d6x7v3']
[2025-05-31T11:07:29.855-0600] {standard_task_runner.py:105} INFO - Job 197: Subtask verify_node_consistency
[2025-05-31T11:07:29.936-0600] {task_command.py:467} INFO - Running <TaskInstance: libertyPr_health_score_1.verify_node_consistency scheduled__2025-05-28T10:00:00+00:00 [running]> on host 439130e6349d
[2025-05-31T11:07:30.080-0600] {taskinstance.py:3134} INFO - Exporting env vars: AIRFLOW_CTX_DAG_OWNER='***' AIRFLOW_CTX_DAG_ID='libertyPr_health_score_1' AIRFLOW_CTX_TASK_ID='verify_node_consistency' AIRFLOW_CTX_EXECUTION_DATE='2025-05-28T10:00:00+00:00' AIRFLOW_CTX_TRY_NUMBER='1' AIRFLOW_CTX_DAG_RUN_ID='scheduled__2025-05-28T10:00:00+00:00'
[2025-05-31T11:07:30.085-0600] {taskinstance.py:732} INFO - ::endgroup::
[2025-05-31T11:07:31.217-0600] {logging_mixin.py:190} INFO - data set cleaned
[2025-05-31T11:07:31.602-0600] {logging_mixin.py:190} INFO - ❌ Found inconsistent FIBER_NODEs.
[2025-05-31T11:07:31.611-0600] {logging_mixin.py:190} INFO -      FIBER_NODE  Unique_CMTS_IDs  Unique_Channel_Sets
1442     HG3506                2                    2
1446     HG3510                2                    2
2456    LL7002A                2                    2
2457    LL7002B                2                    2
[2025-05-31T11:07:31.630-0600] {python.py:240} INFO - Done. Returned value was: None
[2025-05-31T11:07:31.651-0600] {taskinstance.py:341} INFO - ::group::Post task execution logs
[2025-05-31T11:07:31.652-0600] {taskinstance.py:353} INFO - Marking task as SUCCESS. dag_id=libertyPr_health_score_1, task_id=verify_node_consistency, run_id=scheduled__2025-05-28T10:00:00+00:00, execution_date=20250528T100000, start_date=20250531T170729, end_date=20250531T170731
[2025-05-31T11:07:31.755-0600] {local_task_job_runner.py:266} INFO - Task exited with return code 0
[2025-05-31T11:07:31.809-0600] {taskinstance.py:3901} INFO - 1 downstream tasks scheduled from follow-on schedule check
[2025-05-31T11:07:31.811-0600] {local_task_job_runner.py:245} INFO - ::endgroup::
[2025-05-31T22:57:37.214-0600] {local_task_job_runner.py:123} INFO - ::group::Pre task execution logs
[2025-05-31T22:57:37.284-0600] {taskinstance.py:2614} INFO - Dependencies all met for dep_context=non-requeueable deps ti=<TaskInstance: libertyPr_health_score_1.verify_node_consistency scheduled__2025-05-28T10:00:00+00:00 [queued]>
[2025-05-31T22:57:37.302-0600] {taskinstance.py:2614} INFO - Dependencies all met for dep_context=requeueable deps ti=<TaskInstance: libertyPr_health_score_1.verify_node_consistency scheduled__2025-05-28T10:00:00+00:00 [queued]>
[2025-05-31T22:57:37.302-0600] {taskinstance.py:2867} INFO - Starting attempt 1 of 2
[2025-05-31T22:57:37.351-0600] {taskinstance.py:2890} INFO - Executing <Task(PythonOperator): verify_node_consistency> on 2025-05-28 10:00:00+00:00
[2025-05-31T22:57:37.389-0600] {warnings.py:112} WARNING - /home/***/.local/lib/python3.12/site-packages/***/task/task_runner/standard_task_runner.py:70: DeprecationWarning: This process (pid=11634) is multi-threaded, use of fork() may lead to deadlocks in the child.
  pid = os.fork()

[2025-05-31T22:57:37.396-0600] {standard_task_runner.py:72} INFO - Started process 11636 to run task
[2025-05-31T22:57:37.396-0600] {standard_task_runner.py:104} INFO - Running: ['***', 'tasks', 'run', 'libertyPr_health_score_1', 'verify_node_consistency', 'scheduled__2025-05-28T10:00:00+00:00', '--job-id', '375', '--raw', '--subdir', 'DAGS_FOLDER/health_score_lpr.py', '--cfg-path', '/tmp/tmpzvonj_24']
[2025-05-31T22:57:37.408-0600] {standard_task_runner.py:105} INFO - Job 375: Subtask verify_node_consistency
[2025-05-31T22:57:37.573-0600] {task_command.py:467} INFO - Running <TaskInstance: libertyPr_health_score_1.verify_node_consistency scheduled__2025-05-28T10:00:00+00:00 [running]> on host 439130e6349d
[2025-05-31T22:57:37.804-0600] {taskinstance.py:3134} INFO - Exporting env vars: AIRFLOW_CTX_DAG_OWNER='***' AIRFLOW_CTX_DAG_ID='libertyPr_health_score_1' AIRFLOW_CTX_TASK_ID='verify_node_consistency' AIRFLOW_CTX_EXECUTION_DATE='2025-05-28T10:00:00+00:00' AIRFLOW_CTX_TRY_NUMBER='1' AIRFLOW_CTX_DAG_RUN_ID='scheduled__2025-05-28T10:00:00+00:00'
[2025-05-31T22:57:37.807-0600] {taskinstance.py:732} INFO - ::endgroup::
[2025-05-31T22:57:39.829-0600] {logging_mixin.py:190} INFO - data set cleaned
[2025-05-31T22:57:40.380-0600] {logging_mixin.py:190} INFO - ❌ Found inconsistent FIBER_NODEs.
[2025-05-31T22:57:40.395-0600] {logging_mixin.py:190} INFO -      FIBER_NODE  Unique_CMTS_IDs  Unique_Channel_Sets
1442     HG3506                2                    2
1446     HG3510                2                    2
2456    LL7002A                2                    2
2457    LL7002B                2                    2
[2025-05-31T22:57:40.418-0600] {python.py:240} INFO - Done. Returned value was: None
[2025-05-31T22:57:40.459-0600] {taskinstance.py:341} INFO - ::group::Post task execution logs
[2025-05-31T22:57:40.460-0600] {taskinstance.py:353} INFO - Marking task as SUCCESS. dag_id=libertyPr_health_score_1, task_id=verify_node_consistency, run_id=scheduled__2025-05-28T10:00:00+00:00, execution_date=20250528T100000, start_date=20250601T045737, end_date=20250601T045740
[2025-05-31T22:57:40.601-0600] {local_task_job_runner.py:266} INFO - Task exited with return code 0
[2025-05-31T22:57:40.729-0600] {taskinstance.py:3901} INFO - 1 downstream tasks scheduled from follow-on schedule check
[2025-05-31T22:57:40.733-0600] {local_task_job_runner.py:245} INFO - ::endgroup::
