[2025-05-31T10:54:04.019-0600] {local_task_job_runner.py:123} INFO - ::group::Pre task execution logs
[2025-05-31T10:54:04.061-0600] {taskinstance.py:2614} INFO - Dependencies all met for dep_context=non-requeueable deps ti=<TaskInstance: libertyPr_health_score_1.load_data scheduled__2025-05-28T10:00:00+00:00 [queued]>
[2025-05-31T10:54:04.100-0600] {taskinstance.py:2614} INFO - Dependencies all met for dep_context=requeueable deps ti=<TaskInstance: libertyPr_health_score_1.load_data scheduled__2025-05-28T10:00:00+00:00 [queued]>
[2025-05-31T10:54:04.101-0600] {taskinstance.py:2867} INFO - Starting attempt 1 of 2
[2025-05-31T10:54:04.136-0600] {taskinstance.py:2890} INFO - Executing <Task(PythonOperator): load_data> on 2025-05-28 10:00:00+00:00
[2025-05-31T10:54:04.151-0600] {warnings.py:112} WARNING - /home/***/.local/lib/python3.12/site-packages/***/task/task_runner/standard_task_runner.py:70: DeprecationWarning: This process (pid=2291) is multi-threaded, use of fork() may lead to deadlocks in the child.
  pid = os.fork()

[2025-05-31T10:54:04.155-0600] {standard_task_runner.py:72} INFO - Started process 2293 to run task
[2025-05-31T10:54:04.156-0600] {standard_task_runner.py:104} INFO - Running: ['***', 'tasks', 'run', 'libertyPr_health_score_1', 'load_data', 'scheduled__2025-05-28T10:00:00+00:00', '--job-id', '194', '--raw', '--subdir', 'DAGS_FOLDER/health_score_lpr.py', '--cfg-path', '/tmp/tmpyml7gzih']
[2025-05-31T10:54:04.161-0600] {standard_task_runner.py:105} INFO - Job 194: Subtask load_data
[2025-05-31T10:54:04.283-0600] {task_command.py:467} INFO - Running <TaskInstance: libertyPr_health_score_1.load_data scheduled__2025-05-28T10:00:00+00:00 [running]> on host 439130e6349d
[2025-05-31T10:54:04.494-0600] {taskinstance.py:3134} INFO - Exporting env vars: AIRFLOW_CTX_DAG_OWNER='***' AIRFLOW_CTX_DAG_ID='libertyPr_health_score_1' AIRFLOW_CTX_TASK_ID='load_data' AIRFLOW_CTX_EXECUTION_DATE='2025-05-28T10:00:00+00:00' AIRFLOW_CTX_TRY_NUMBER='1' AIRFLOW_CTX_DAG_RUN_ID='scheduled__2025-05-28T10:00:00+00:00'
[2025-05-31T10:54:04.496-0600] {taskinstance.py:732} INFO - ::endgroup::
[2025-05-31T10:56:10.783-0600] {python.py:240} INFO - Done. Returned value was: None
[2025-05-31T10:56:10.802-0600] {taskinstance.py:341} INFO - ::group::Post task execution logs
[2025-05-31T10:56:10.803-0600] {taskinstance.py:353} INFO - Marking task as SUCCESS. dag_id=libertyPr_health_score_1, task_id=load_data, run_id=scheduled__2025-05-28T10:00:00+00:00, execution_date=20250528T100000, start_date=20250531T165404, end_date=20250531T165610
[2025-05-31T10:56:10.931-0600] {local_task_job_runner.py:266} INFO - Task exited with return code 0
[2025-05-31T10:56:10.999-0600] {taskinstance.py:3901} INFO - 1 downstream tasks scheduled from follow-on schedule check
[2025-05-31T10:56:11.002-0600] {local_task_job_runner.py:245} INFO - ::endgroup::
[2025-05-31T22:43:44.149-0600] {local_task_job_runner.py:123} INFO - ::group::Pre task execution logs
[2025-05-31T22:43:44.183-0600] {taskinstance.py:2614} INFO - Dependencies all met for dep_context=non-requeueable deps ti=<TaskInstance: libertyPr_health_score_1.load_data scheduled__2025-05-28T10:00:00+00:00 [queued]>
[2025-05-31T22:43:44.207-0600] {taskinstance.py:2614} INFO - Dependencies all met for dep_context=requeueable deps ti=<TaskInstance: libertyPr_health_score_1.load_data scheduled__2025-05-28T10:00:00+00:00 [queued]>
[2025-05-31T22:43:44.208-0600] {taskinstance.py:2867} INFO - Starting attempt 1 of 2
[2025-05-31T22:43:44.231-0600] {taskinstance.py:2890} INFO - Executing <Task(PythonOperator): load_data> on 2025-05-28 10:00:00+00:00
[2025-05-31T22:43:44.243-0600] {warnings.py:112} WARNING - /home/***/.local/lib/python3.12/site-packages/***/task/task_runner/standard_task_runner.py:70: DeprecationWarning: This process (pid=11456) is multi-threaded, use of fork() may lead to deadlocks in the child.
  pid = os.fork()

[2025-05-31T22:43:44.245-0600] {standard_task_runner.py:72} INFO - Started process 11458 to run task
[2025-05-31T22:43:44.248-0600] {standard_task_runner.py:104} INFO - Running: ['***', 'tasks', 'run', 'libertyPr_health_score_1', 'load_data', 'scheduled__2025-05-28T10:00:00+00:00', '--job-id', '371', '--raw', '--subdir', 'DAGS_FOLDER/health_score_lpr.py', '--cfg-path', '/tmp/tmp2q97vi0q']
[2025-05-31T22:43:44.254-0600] {standard_task_runner.py:105} INFO - Job 371: Subtask load_data
[2025-05-31T22:43:44.361-0600] {task_command.py:467} INFO - Running <TaskInstance: libertyPr_health_score_1.load_data scheduled__2025-05-28T10:00:00+00:00 [running]> on host 439130e6349d
[2025-05-31T22:43:44.541-0600] {taskinstance.py:3134} INFO - Exporting env vars: AIRFLOW_CTX_DAG_OWNER='***' AIRFLOW_CTX_DAG_ID='libertyPr_health_score_1' AIRFLOW_CTX_TASK_ID='load_data' AIRFLOW_CTX_EXECUTION_DATE='2025-05-28T10:00:00+00:00' AIRFLOW_CTX_TRY_NUMBER='1' AIRFLOW_CTX_DAG_RUN_ID='scheduled__2025-05-28T10:00:00+00:00'
[2025-05-31T22:43:44.543-0600] {taskinstance.py:732} INFO - ::endgroup::
[2025-05-31T22:43:44.565-0600] {logging_mixin.py:190} INFO - target date
[2025-05-31T22:43:44.566-0600] {logging_mixin.py:190} INFO - 2025-05-28
[2025-05-31T22:45:56.856-0600] {python.py:240} INFO - Done. Returned value was: None
[2025-05-31T22:45:56.876-0600] {taskinstance.py:341} INFO - ::group::Post task execution logs
[2025-05-31T22:45:56.876-0600] {taskinstance.py:353} INFO - Marking task as SUCCESS. dag_id=libertyPr_health_score_1, task_id=load_data, run_id=scheduled__2025-05-28T10:00:00+00:00, execution_date=20250528T100000, start_date=20250601T044344, end_date=20250601T044556
[2025-05-31T22:45:57.026-0600] {local_task_job_runner.py:266} INFO - Task exited with return code 0
[2025-05-31T22:45:57.044-0600] {local_task_job_runner.py:245} INFO - ::endgroup::
