[2025-05-31T21:15:40.510-0600] {local_task_job_runner.py:123} INFO - ::group::Pre task execution logs
[2025-05-31T21:15:40.550-0600] {taskinstance.py:2614} INFO - Dependencies all met for dep_context=non-requeueable deps ti=<TaskInstance: libertyPr_health_score_1.filter_duplicates scheduled__2025-05-22T10:00:00+00:00 [queued]>
[2025-05-31T21:15:40.565-0600] {taskinstance.py:2614} INFO - Dependencies all met for dep_context=requeueable deps ti=<TaskInstance: libertyPr_health_score_1.filter_duplicates scheduled__2025-05-22T10:00:00+00:00 [queued]>
[2025-05-31T21:15:40.566-0600] {taskinstance.py:2867} INFO - Starting attempt 1 of 2
[2025-05-31T21:15:40.591-0600] {taskinstance.py:2890} INFO - Executing <Task(PythonOperator): filter_duplicates> on 2025-05-22 10:00:00+00:00
[2025-05-31T21:15:40.604-0600] {warnings.py:112} WARNING - /home/***/.local/lib/python3.12/site-packages/***/task/task_runner/standard_task_runner.py:70: DeprecationWarning: This process (pid=10221) is multi-threaded, use of fork() may lead to deadlocks in the child.
  pid = os.fork()

[2025-05-31T21:15:40.607-0600] {standard_task_runner.py:72} INFO - Started process 10223 to run task
[2025-05-31T21:15:40.609-0600] {standard_task_runner.py:104} INFO - Running: ['***', 'tasks', 'run', 'libertyPr_health_score_1', 'filter_duplicates', 'scheduled__2025-05-22T10:00:00+00:00', '--job-id', '325', '--raw', '--subdir', 'DAGS_FOLDER/health_score_lpr.py', '--cfg-path', '/tmp/tmpki5j7lvb']
[2025-05-31T21:15:40.613-0600] {standard_task_runner.py:105} INFO - Job 325: Subtask filter_duplicates
[2025-05-31T21:15:40.699-0600] {task_command.py:467} INFO - Running <TaskInstance: libertyPr_health_score_1.filter_duplicates scheduled__2025-05-22T10:00:00+00:00 [running]> on host 439130e6349d
[2025-05-31T21:15:40.847-0600] {taskinstance.py:3134} INFO - Exporting env vars: AIRFLOW_CTX_DAG_OWNER='***' AIRFLOW_CTX_DAG_ID='libertyPr_health_score_1' AIRFLOW_CTX_TASK_ID='filter_duplicates' AIRFLOW_CTX_EXECUTION_DATE='2025-05-22T10:00:00+00:00' AIRFLOW_CTX_TRY_NUMBER='1' AIRFLOW_CTX_DAG_RUN_ID='scheduled__2025-05-22T10:00:00+00:00'
[2025-05-31T21:15:40.849-0600] {taskinstance.py:732} INFO - ::endgroup::
[2025-05-31T21:15:47.659-0600] {logging_mixin.py:190} INFO - 📊 Found 477553 unique cable modems after removing cloned.
[2025-05-31T21:16:02.092-0600] {logging_mixin.py:190} INFO - 🧹 Filtered out 191 CM_MACs that appeared more than 8 times.
[2025-05-31T21:16:02.093-0600] {logging_mixin.py:190} INFO - 📝 Remaining records: 1781557
[2025-05-31T21:16:02.235-0600] {python.py:240} INFO - Done. Returned value was: None
[2025-05-31T21:16:02.254-0600] {taskinstance.py:341} INFO - ::group::Post task execution logs
[2025-05-31T21:16:02.255-0600] {taskinstance.py:353} INFO - Marking task as SUCCESS. dag_id=libertyPr_health_score_1, task_id=filter_duplicates, run_id=scheduled__2025-05-22T10:00:00+00:00, execution_date=20250522T100000, start_date=20250601T031540, end_date=20250601T031602
[2025-05-31T21:16:02.366-0600] {local_task_job_runner.py:266} INFO - Task exited with return code 0
[2025-05-31T21:16:02.421-0600] {taskinstance.py:3901} INFO - 0 downstream tasks scheduled from follow-on schedule check
[2025-05-31T21:16:02.433-0600] {local_task_job_runner.py:245} INFO - ::endgroup::
