[2025-05-31T16:44:15.376-0600] {local_task_job_runner.py:123} INFO - ::group::Pre task execution logs
[2025-05-31T16:44:15.419-0600] {taskinstance.py:2614} INFO - Dependencies all met for dep_context=non-requeueable deps ti=<TaskInstance: libertyPr_health_score_1.log_dates scheduled__2025-05-30T10:00:00+00:00 [queued]>
[2025-05-31T16:44:15.436-0600] {taskinstance.py:2614} INFO - Dependencies all met for dep_context=requeueable deps ti=<TaskInstance: libertyPr_health_score_1.log_dates scheduled__2025-05-30T10:00:00+00:00 [queued]>
[2025-05-31T16:44:15.437-0600] {taskinstance.py:2867} INFO - Starting attempt 1 of 2
[2025-05-31T16:44:15.459-0600] {taskinstance.py:2890} INFO - Executing <Task(PythonOperator): log_dates> on 2025-05-30 10:00:00+00:00
[2025-05-31T16:44:15.472-0600] {warnings.py:112} WARNING - /home/***/.local/lib/python3.12/site-packages/***/task/task_runner/standard_task_runner.py:70: DeprecationWarning: This process (pid=6751) is multi-threaded, use of fork() may lead to deadlocks in the child.
  pid = os.fork()

[2025-05-31T16:44:15.475-0600] {standard_task_runner.py:72} INFO - Started process 6753 to run task
[2025-05-31T16:44:15.477-0600] {standard_task_runner.py:104} INFO - Running: ['***', 'tasks', 'run', 'libertyPr_health_score_1', 'log_dates', 'scheduled__2025-05-30T10:00:00+00:00', '--job-id', '256', '--raw', '--subdir', 'DAGS_FOLDER/health_score_lpr.py', '--cfg-path', '/tmp/tmp7yzewk8w']
[2025-05-31T16:44:15.482-0600] {standard_task_runner.py:105} INFO - Job 256: Subtask log_dates
[2025-05-31T16:44:15.574-0600] {task_command.py:467} INFO - Running <TaskInstance: libertyPr_health_score_1.log_dates scheduled__2025-05-30T10:00:00+00:00 [running]> on host 439130e6349d
[2025-05-31T16:44:15.746-0600] {taskinstance.py:3134} INFO - Exporting env vars: AIRFLOW_CTX_DAG_OWNER='***' AIRFLOW_CTX_DAG_ID='libertyPr_health_score_1' AIRFLOW_CTX_TASK_ID='log_dates' AIRFLOW_CTX_EXECUTION_DATE='2025-05-30T10:00:00+00:00' AIRFLOW_CTX_TRY_NUMBER='1' AIRFLOW_CTX_DAG_RUN_ID='scheduled__2025-05-30T10:00:00+00:00'
[2025-05-31T16:44:15.748-0600] {taskinstance.py:732} INFO - ::endgroup::
[2025-05-31T16:44:15.753-0600] {logging_mixin.py:190} INFO - 🧠 --- Airflow DAG Execution Context ---
[2025-05-31T16:44:15.754-0600] {logging_mixin.py:190} INFO - 🕒 execution_date:      2025-05-30 10:00:00+00:00 (Airflow 'logical' date)
[2025-05-31T16:44:15.754-0600] {logging_mixin.py:190} INFO - 📆 data_interval_start: 2025-05-30 10:00:00+00:00
[2025-05-31T16:44:15.755-0600] {logging_mixin.py:190} INFO - 📆 data_interval_end:   2025-05-31 10:00:00+00:00
[2025-05-31T16:44:15.755-0600] {logging_mixin.py:190} INFO - 🔁 logical_date:        2025-05-30 10:00:00+00:00
[2025-05-31T16:44:15.755-0600] {logging_mixin.py:190} INFO - ⏱  current_time:        2025-05-31 16:44:15.753336
[2025-05-31T16:44:15.756-0600] {logging_mixin.py:190} INFO - 📌 PTIME (used in SQL): 2025-05-30
[2025-05-31T16:44:15.756-0600] {logging_mixin.py:190} INFO - ✅ -------------------------------------
[2025-05-31T16:44:15.757-0600] {python.py:240} INFO - Done. Returned value was: None
[2025-05-31T16:44:15.775-0600] {taskinstance.py:341} INFO - ::group::Post task execution logs
[2025-05-31T16:44:15.776-0600] {taskinstance.py:353} INFO - Marking task as SUCCESS. dag_id=libertyPr_health_score_1, task_id=log_dates, run_id=scheduled__2025-05-30T10:00:00+00:00, execution_date=20250530T100000, start_date=20250531T224415, end_date=20250531T224415
[2025-05-31T16:44:15.855-0600] {local_task_job_runner.py:266} INFO - Task exited with return code 0
[2025-05-31T16:44:15.920-0600] {taskinstance.py:3901} INFO - 1 downstream tasks scheduled from follow-on schedule check
[2025-05-31T16:44:15.922-0600] {local_task_job_runner.py:245} INFO - ::endgroup::
[2025-05-31T17:14:54.677-0600] {local_task_job_runner.py:123} INFO - ::group::Pre task execution logs
[2025-05-31T17:14:54.723-0600] {taskinstance.py:2614} INFO - Dependencies all met for dep_context=non-requeueable deps ti=<TaskInstance: libertyPr_health_score_1.log_dates scheduled__2025-05-30T10:00:00+00:00 [queued]>
[2025-05-31T17:14:54.739-0600] {taskinstance.py:2614} INFO - Dependencies all met for dep_context=requeueable deps ti=<TaskInstance: libertyPr_health_score_1.log_dates scheduled__2025-05-30T10:00:00+00:00 [queued]>
[2025-05-31T17:14:54.740-0600] {taskinstance.py:2867} INFO - Starting attempt 1 of 2
[2025-05-31T17:14:54.760-0600] {taskinstance.py:2890} INFO - Executing <Task(PythonOperator): log_dates> on 2025-05-30 10:00:00+00:00
[2025-05-31T17:14:54.772-0600] {warnings.py:112} WARNING - /home/***/.local/lib/python3.12/site-packages/***/task/task_runner/standard_task_runner.py:70: DeprecationWarning: This process (pid=7138) is multi-threaded, use of fork() may lead to deadlocks in the child.
  pid = os.fork()

[2025-05-31T17:14:54.775-0600] {standard_task_runner.py:72} INFO - Started process 7140 to run task
[2025-05-31T17:14:54.776-0600] {standard_task_runner.py:104} INFO - Running: ['***', 'tasks', 'run', 'libertyPr_health_score_1', 'log_dates', 'scheduled__2025-05-30T10:00:00+00:00', '--job-id', '268', '--raw', '--subdir', 'DAGS_FOLDER/health_score_lpr.py', '--cfg-path', '/tmp/tmpm8o4qioj']
[2025-05-31T17:14:54.781-0600] {standard_task_runner.py:105} INFO - Job 268: Subtask log_dates
[2025-05-31T17:14:54.869-0600] {task_command.py:467} INFO - Running <TaskInstance: libertyPr_health_score_1.log_dates scheduled__2025-05-30T10:00:00+00:00 [running]> on host 439130e6349d
[2025-05-31T17:14:55.037-0600] {taskinstance.py:3134} INFO - Exporting env vars: AIRFLOW_CTX_DAG_OWNER='***' AIRFLOW_CTX_DAG_ID='libertyPr_health_score_1' AIRFLOW_CTX_TASK_ID='log_dates' AIRFLOW_CTX_EXECUTION_DATE='2025-05-30T10:00:00+00:00' AIRFLOW_CTX_TRY_NUMBER='1' AIRFLOW_CTX_DAG_RUN_ID='scheduled__2025-05-30T10:00:00+00:00'
[2025-05-31T17:14:55.040-0600] {taskinstance.py:732} INFO - ::endgroup::
[2025-05-31T17:14:55.044-0600] {logging_mixin.py:190} INFO - 🧠 --- Airflow DAG Execution Context ---
[2025-05-31T17:14:55.045-0600] {logging_mixin.py:190} INFO - 🕒 execution_date:      2025-05-30 10:00:00+00:00 (Airflow 'logical' date)
[2025-05-31T17:14:55.045-0600] {logging_mixin.py:190} INFO - 📆 data_interval_start: 2025-05-30 10:00:00+00:00
[2025-05-31T17:14:55.046-0600] {logging_mixin.py:190} INFO - 📆 data_interval_end:   2025-05-31 10:00:00+00:00
[2025-05-31T17:14:55.046-0600] {logging_mixin.py:190} INFO - 🔁 logical_date:        2025-05-30 10:00:00+00:00
[2025-05-31T17:14:55.047-0600] {logging_mixin.py:190} INFO - ⏱  current_time:        2025-05-31 17:14:55.044573
[2025-05-31T17:14:55.047-0600] {logging_mixin.py:190} INFO - 📌 PTIME (used in SQL): 2025-05-30
[2025-05-31T17:14:55.047-0600] {logging_mixin.py:190} INFO - ✅ -------------------------------------
[2025-05-31T17:14:55.048-0600] {python.py:240} INFO - Done. Returned value was: None
[2025-05-31T17:14:55.071-0600] {taskinstance.py:341} INFO - ::group::Post task execution logs
[2025-05-31T17:14:55.072-0600] {taskinstance.py:353} INFO - Marking task as SUCCESS. dag_id=libertyPr_health_score_1, task_id=log_dates, run_id=scheduled__2025-05-30T10:00:00+00:00, execution_date=20250530T100000, start_date=20250531T231454, end_date=20250531T231455
[2025-05-31T17:14:55.152-0600] {local_task_job_runner.py:266} INFO - Task exited with return code 0
[2025-05-31T17:14:55.205-0600] {taskinstance.py:3901} INFO - 1 downstream tasks scheduled from follow-on schedule check
[2025-05-31T17:14:55.207-0600] {local_task_job_runner.py:245} INFO - ::endgroup::
[2025-05-31T18:38:40.847-0600] {local_task_job_runner.py:123} INFO - ::group::Pre task execution logs
[2025-05-31T18:38:40.894-0600] {taskinstance.py:2614} INFO - Dependencies all met for dep_context=non-requeueable deps ti=<TaskInstance: libertyPr_health_score_1.log_dates scheduled__2025-05-30T10:00:00+00:00 [queued]>
[2025-05-31T18:38:40.910-0600] {taskinstance.py:2614} INFO - Dependencies all met for dep_context=requeueable deps ti=<TaskInstance: libertyPr_health_score_1.log_dates scheduled__2025-05-30T10:00:00+00:00 [queued]>
[2025-05-31T18:38:40.910-0600] {taskinstance.py:2867} INFO - Starting attempt 1 of 2
[2025-05-31T18:38:40.931-0600] {taskinstance.py:2890} INFO - Executing <Task(PythonOperator): log_dates> on 2025-05-30 10:00:00+00:00
[2025-05-31T18:38:40.943-0600] {warnings.py:112} WARNING - /home/***/.local/lib/python3.12/site-packages/***/task/task_runner/standard_task_runner.py:70: DeprecationWarning: This process (pid=8197) is multi-threaded, use of fork() may lead to deadlocks in the child.
  pid = os.fork()

[2025-05-31T18:38:40.946-0600] {standard_task_runner.py:72} INFO - Started process 8199 to run task
[2025-05-31T18:38:40.948-0600] {standard_task_runner.py:104} INFO - Running: ['***', 'tasks', 'run', 'libertyPr_health_score_1', 'log_dates', 'scheduled__2025-05-30T10:00:00+00:00', '--job-id', '284', '--raw', '--subdir', 'DAGS_FOLDER/health_score_lpr.py', '--cfg-path', '/tmp/tmph26ggj56']
[2025-05-31T18:38:40.953-0600] {standard_task_runner.py:105} INFO - Job 284: Subtask log_dates
[2025-05-31T18:38:41.049-0600] {task_command.py:467} INFO - Running <TaskInstance: libertyPr_health_score_1.log_dates scheduled__2025-05-30T10:00:00+00:00 [running]> on host 439130e6349d
[2025-05-31T18:38:41.250-0600] {taskinstance.py:3134} INFO - Exporting env vars: AIRFLOW_CTX_DAG_OWNER='***' AIRFLOW_CTX_DAG_ID='libertyPr_health_score_1' AIRFLOW_CTX_TASK_ID='log_dates' AIRFLOW_CTX_EXECUTION_DATE='2025-05-30T10:00:00+00:00' AIRFLOW_CTX_TRY_NUMBER='1' AIRFLOW_CTX_DAG_RUN_ID='scheduled__2025-05-30T10:00:00+00:00'
[2025-05-31T18:38:41.252-0600] {taskinstance.py:732} INFO - ::endgroup::
[2025-05-31T18:38:41.257-0600] {logging_mixin.py:190} INFO - 🧠 --- Airflow DAG Execution Context ---
[2025-05-31T18:38:41.257-0600] {logging_mixin.py:190} INFO - 🕒 execution_date:      2025-05-30 10:00:00+00:00 (Airflow 'logical' date)
[2025-05-31T18:38:41.258-0600] {logging_mixin.py:190} INFO - 📆 data_interval_start: 2025-05-30 10:00:00+00:00
[2025-05-31T18:38:41.258-0600] {logging_mixin.py:190} INFO - 📆 data_interval_end:   2025-05-31 10:00:00+00:00
[2025-05-31T18:38:41.259-0600] {logging_mixin.py:190} INFO - 🔁 logical_date:        2025-05-30 10:00:00+00:00
[2025-05-31T18:38:41.259-0600] {logging_mixin.py:190} INFO - ⏱  current_time:        2025-05-31 18:38:41.256949
[2025-05-31T18:38:41.259-0600] {logging_mixin.py:190} INFO - 📌 PTIME (used in SQL): 2025-05-30
[2025-05-31T18:38:41.260-0600] {logging_mixin.py:190} INFO - ✅ -------------------------------------
[2025-05-31T18:38:41.260-0600] {python.py:240} INFO - Done. Returned value was: None
[2025-05-31T18:38:41.279-0600] {taskinstance.py:341} INFO - ::group::Post task execution logs
[2025-05-31T18:38:41.280-0600] {taskinstance.py:353} INFO - Marking task as SUCCESS. dag_id=libertyPr_health_score_1, task_id=log_dates, run_id=scheduled__2025-05-30T10:00:00+00:00, execution_date=20250530T100000, start_date=20250601T003840, end_date=20250601T003841
[2025-05-31T18:38:41.363-0600] {local_task_job_runner.py:266} INFO - Task exited with return code 0
[2025-05-31T18:38:41.412-0600] {taskinstance.py:3901} INFO - 1 downstream tasks scheduled from follow-on schedule check
[2025-05-31T18:38:41.414-0600] {local_task_job_runner.py:245} INFO - ::endgroup::
[2025-05-31T23:16:51.124-0600] {local_task_job_runner.py:123} INFO - ::group::Pre task execution logs
[2025-05-31T23:16:51.159-0600] {taskinstance.py:2614} INFO - Dependencies all met for dep_context=non-requeueable deps ti=<TaskInstance: libertyPr_health_score_1.log_dates scheduled__2025-05-30T10:00:00+00:00 [queued]>
[2025-05-31T23:16:51.170-0600] {taskinstance.py:2614} INFO - Dependencies all met for dep_context=requeueable deps ti=<TaskInstance: libertyPr_health_score_1.log_dates scheduled__2025-05-30T10:00:00+00:00 [queued]>
[2025-05-31T23:16:51.171-0600] {taskinstance.py:2867} INFO - Starting attempt 1 of 2
[2025-05-31T23:16:51.187-0600] {taskinstance.py:2890} INFO - Executing <Task(PythonOperator): log_dates> on 2025-05-30 10:00:00+00:00
[2025-05-31T23:16:51.198-0600] {warnings.py:112} WARNING - /home/***/.local/lib/python3.12/site-packages/***/task/task_runner/standard_task_runner.py:70: DeprecationWarning: This process (pid=11902) is multi-threaded, use of fork() may lead to deadlocks in the child.
  pid = os.fork()

[2025-05-31T23:16:51.200-0600] {standard_task_runner.py:72} INFO - Started process 11904 to run task
[2025-05-31T23:16:51.202-0600] {standard_task_runner.py:104} INFO - Running: ['***', 'tasks', 'run', 'libertyPr_health_score_1', 'log_dates', 'scheduled__2025-05-30T10:00:00+00:00', '--job-id', '388', '--raw', '--subdir', 'DAGS_FOLDER/health_score_lpr.py', '--cfg-path', '/tmp/tmpp3d8fw3g']
[2025-05-31T23:16:51.207-0600] {standard_task_runner.py:105} INFO - Job 388: Subtask log_dates
[2025-05-31T23:16:51.285-0600] {task_command.py:467} INFO - Running <TaskInstance: libertyPr_health_score_1.log_dates scheduled__2025-05-30T10:00:00+00:00 [running]> on host 439130e6349d
[2025-05-31T23:16:51.446-0600] {taskinstance.py:3134} INFO - Exporting env vars: AIRFLOW_CTX_DAG_OWNER='***' AIRFLOW_CTX_DAG_ID='libertyPr_health_score_1' AIRFLOW_CTX_TASK_ID='log_dates' AIRFLOW_CTX_EXECUTION_DATE='2025-05-30T10:00:00+00:00' AIRFLOW_CTX_TRY_NUMBER='1' AIRFLOW_CTX_DAG_RUN_ID='scheduled__2025-05-30T10:00:00+00:00'
[2025-05-31T23:16:51.449-0600] {taskinstance.py:732} INFO - ::endgroup::
[2025-05-31T23:16:51.453-0600] {logging_mixin.py:190} INFO - 🧠 --- Airflow DAG Execution Context ---
[2025-05-31T23:16:51.453-0600] {logging_mixin.py:190} INFO - 🕒 execution_date:      2025-05-30 10:00:00+00:00 (Airflow 'logical' date)
[2025-05-31T23:16:51.454-0600] {logging_mixin.py:190} INFO - 📆 data_interval_start: 2025-05-30 10:00:00+00:00
[2025-05-31T23:16:51.454-0600] {logging_mixin.py:190} INFO - 📆 data_interval_end:   2025-05-31 10:00:00+00:00
[2025-05-31T23:16:51.454-0600] {logging_mixin.py:190} INFO - 🔁 logical_date:        2025-05-30 10:00:00+00:00
[2025-05-31T23:16:51.455-0600] {logging_mixin.py:190} INFO - ⏱  current_time:        2025-05-31 23:16:51.453003
[2025-05-31T23:16:51.455-0600] {logging_mixin.py:190} INFO - 📌 PTIME (used in SQL): 2025-05-30
[2025-05-31T23:16:51.455-0600] {logging_mixin.py:190} INFO - ✅ -------------------------------------
[2025-05-31T23:16:51.456-0600] {python.py:240} INFO - Done. Returned value was: None
[2025-05-31T23:16:51.476-0600] {taskinstance.py:341} INFO - ::group::Post task execution logs
[2025-05-31T23:16:51.476-0600] {taskinstance.py:353} INFO - Marking task as SUCCESS. dag_id=libertyPr_health_score_1, task_id=log_dates, run_id=scheduled__2025-05-30T10:00:00+00:00, execution_date=20250530T100000, start_date=20250601T051651, end_date=20250601T051651
[2025-05-31T23:16:51.536-0600] {local_task_job_runner.py:266} INFO - Task exited with return code 0
[2025-05-31T23:16:51.590-0600] {taskinstance.py:3901} INFO - 1 downstream tasks scheduled from follow-on schedule check
[2025-05-31T23:16:51.592-0600] {local_task_job_runner.py:245} INFO - ::endgroup::
