[2025-05-31T21:00:10.724-0600] {local_task_job_runner.py:123} INFO - ::group::Pre task execution logs
[2025-05-31T21:00:10.772-0600] {taskinstance.py:2614} INFO - Dependencies all met for dep_context=non-requeueable deps ti=<TaskInstance: libertyPr_health_score_1.filter_duplicates scheduled__2025-05-21T10:00:00+00:00 [queued]>
[2025-05-31T21:00:10.788-0600] {taskinstance.py:2614} INFO - Dependencies all met for dep_context=requeueable deps ti=<TaskInstance: libertyPr_health_score_1.filter_duplicates scheduled__2025-05-21T10:00:00+00:00 [queued]>
[2025-05-31T21:00:10.789-0600] {taskinstance.py:2867} INFO - Starting attempt 1 of 2
[2025-05-31T21:00:10.812-0600] {taskinstance.py:2890} INFO - Executing <Task(PythonOperator): filter_duplicates> on 2025-05-21 10:00:00+00:00
[2025-05-31T21:00:10.830-0600] {warnings.py:112} WARNING - /home/***/.local/lib/python3.12/site-packages/***/task/task_runner/standard_task_runner.py:70: DeprecationWarning: This process (pid=10014) is multi-threaded, use of fork() may lead to deadlocks in the child.
  pid = os.fork()

[2025-05-31T21:00:10.833-0600] {standard_task_runner.py:72} INFO - Started process 10016 to run task
[2025-05-31T21:00:10.835-0600] {standard_task_runner.py:104} INFO - Running: ['***', 'tasks', 'run', 'libertyPr_health_score_1', 'filter_duplicates', 'scheduled__2025-05-21T10:00:00+00:00', '--job-id', '317', '--raw', '--subdir', 'DAGS_FOLDER/health_score_lpr.py', '--cfg-path', '/tmp/tmpf_pdixcm']
[2025-05-31T21:00:10.842-0600] {standard_task_runner.py:105} INFO - Job 317: Subtask filter_duplicates
[2025-05-31T21:00:10.943-0600] {task_command.py:467} INFO - Running <TaskInstance: libertyPr_health_score_1.filter_duplicates scheduled__2025-05-21T10:00:00+00:00 [running]> on host 439130e6349d
[2025-05-31T21:00:11.139-0600] {taskinstance.py:3134} INFO - Exporting env vars: AIRFLOW_CTX_DAG_OWNER='***' AIRFLOW_CTX_DAG_ID='libertyPr_health_score_1' AIRFLOW_CTX_TASK_ID='filter_duplicates' AIRFLOW_CTX_EXECUTION_DATE='2025-05-21T10:00:00+00:00' AIRFLOW_CTX_TRY_NUMBER='1' AIRFLOW_CTX_DAG_RUN_ID='scheduled__2025-05-21T10:00:00+00:00'
[2025-05-31T21:00:11.141-0600] {taskinstance.py:732} INFO - ::endgroup::
[2025-05-31T21:00:19.224-0600] {logging_mixin.py:190} INFO - 📊 Found 477605 unique cable modems after removing cloned.
[2025-05-31T21:00:34.698-0600] {logging_mixin.py:190} INFO - 🧹 Filtered out 197 CM_MACs that appeared more than 8 times.
[2025-05-31T21:00:34.699-0600] {logging_mixin.py:190} INFO - 📝 Remaining records: 1781813
[2025-05-31T21:00:34.915-0600] {python.py:240} INFO - Done. Returned value was: None
[2025-05-31T21:00:34.947-0600] {taskinstance.py:341} INFO - ::group::Post task execution logs
[2025-05-31T21:00:34.948-0600] {taskinstance.py:353} INFO - Marking task as SUCCESS. dag_id=libertyPr_health_score_1, task_id=filter_duplicates, run_id=scheduled__2025-05-21T10:00:00+00:00, execution_date=20250521T100000, start_date=20250601T030010, end_date=20250601T030034
[2025-05-31T21:00:35.061-0600] {local_task_job_runner.py:266} INFO - Task exited with return code 0
[2025-05-31T21:00:35.082-0600] {local_task_job_runner.py:245} INFO - ::endgroup::
