[2025-05-31T08:38:55.833-0600] {local_task_job_runner.py:123} INFO - ::group::Pre task execution logs
[2025-05-31T08:38:55.872-0600] {taskinstance.py:2614} INFO - Dependencies all met for dep_context=non-requeueable deps ti=<TaskInstance: libertyPr_health_score_1.rank_nodes scheduled__2025-05-24T10:00:00+00:00 [queued]>
[2025-05-31T08:38:55.886-0600] {taskinstance.py:2614} INFO - Dependencies all met for dep_context=requeueable deps ti=<TaskInstance: libertyPr_health_score_1.rank_nodes scheduled__2025-05-24T10:00:00+00:00 [queued]>
[2025-05-31T08:38:55.887-0600] {taskinstance.py:2867} INFO - Starting attempt 1 of 2
[2025-05-31T08:38:55.906-0600] {taskinstance.py:2890} INFO - Executing <Task(PythonOperator): rank_nodes> on 2025-05-24 10:00:00+00:00
[2025-05-31T08:38:55.919-0600] {warnings.py:112} WARNING - /home/***/.local/lib/python3.12/site-packages/***/task/task_runner/standard_task_runner.py:70: DeprecationWarning: This process (pid=489) is multi-threaded, use of fork() may lead to deadlocks in the child.
  pid = os.fork()

[2025-05-31T08:38:55.922-0600] {standard_task_runner.py:72} INFO - Started process 491 to run task
[2025-05-31T08:38:55.925-0600] {standard_task_runner.py:104} INFO - Running: ['***', 'tasks', 'run', 'libertyPr_health_score_1', 'rank_nodes', 'scheduled__2025-05-24T10:00:00+00:00', '--job-id', '151', '--raw', '--subdir', 'DAGS_FOLDER/health_score_lpr.py', '--cfg-path', '/tmp/tmpz3h21uop']
[2025-05-31T08:38:55.931-0600] {standard_task_runner.py:105} INFO - Job 151: Subtask rank_nodes
[2025-05-31T08:38:56.041-0600] {task_command.py:467} INFO - Running <TaskInstance: libertyPr_health_score_1.rank_nodes scheduled__2025-05-24T10:00:00+00:00 [running]> on host 439130e6349d
[2025-05-31T08:38:56.254-0600] {taskinstance.py:3134} INFO - Exporting env vars: AIRFLOW_CTX_DAG_OWNER='***' AIRFLOW_CTX_DAG_ID='libertyPr_health_score_1' AIRFLOW_CTX_TASK_ID='rank_nodes' AIRFLOW_CTX_EXECUTION_DATE='2025-05-24T10:00:00+00:00' AIRFLOW_CTX_TRY_NUMBER='1' AIRFLOW_CTX_DAG_RUN_ID='scheduled__2025-05-24T10:00:00+00:00'
[2025-05-31T08:38:56.255-0600] {taskinstance.py:732} INFO - ::endgroup::
[2025-05-31T08:39:57.478-0600] {logging_mixin.py:190} INFO - 📊 Ranked 3608 nodes and saved results to node_ranking_results.csv.
[2025-05-31T08:39:57.517-0600] {python.py:240} INFO - Done. Returned value was: None
[2025-05-31T08:39:57.535-0600] {taskinstance.py:341} INFO - ::group::Post task execution logs
[2025-05-31T08:39:57.535-0600] {taskinstance.py:353} INFO - Marking task as SUCCESS. dag_id=libertyPr_health_score_1, task_id=rank_nodes, run_id=scheduled__2025-05-24T10:00:00+00:00, execution_date=20250524T100000, start_date=20250531T143855, end_date=20250531T143957
[2025-05-31T08:39:57.642-0600] {local_task_job_runner.py:266} INFO - Task exited with return code 0
[2025-05-31T08:39:57.681-0600] {taskinstance.py:3901} INFO - 1 downstream tasks scheduled from follow-on schedule check
[2025-05-31T08:39:57.683-0600] {local_task_job_runner.py:245} INFO - ::endgroup::
[2025-05-31T10:08:04.181-0600] {local_task_job_runner.py:123} INFO - ::group::Pre task execution logs
[2025-05-31T10:08:04.219-0600] {taskinstance.py:2614} INFO - Dependencies all met for dep_context=non-requeueable deps ti=<TaskInstance: libertyPr_health_score_1.rank_nodes scheduled__2025-05-24T10:00:00+00:00 [queued]>
[2025-05-31T10:08:04.232-0600] {taskinstance.py:2614} INFO - Dependencies all met for dep_context=requeueable deps ti=<TaskInstance: libertyPr_health_score_1.rank_nodes scheduled__2025-05-24T10:00:00+00:00 [queued]>
[2025-05-31T10:08:04.233-0600] {taskinstance.py:2867} INFO - Starting attempt 1 of 2
[2025-05-31T10:08:04.255-0600] {taskinstance.py:2890} INFO - Executing <Task(PythonOperator): rank_nodes> on 2025-05-24 10:00:00+00:00
[2025-05-31T10:08:04.267-0600] {warnings.py:112} WARNING - /home/***/.local/lib/python3.12/site-packages/***/task/task_runner/standard_task_runner.py:70: DeprecationWarning: This process (pid=1656) is multi-threaded, use of fork() may lead to deadlocks in the child.
  pid = os.fork()

[2025-05-31T10:08:04.270-0600] {standard_task_runner.py:72} INFO - Started process 1658 to run task
[2025-05-31T10:08:04.271-0600] {standard_task_runner.py:104} INFO - Running: ['***', 'tasks', 'run', 'libertyPr_health_score_1', 'rank_nodes', 'scheduled__2025-05-24T10:00:00+00:00', '--job-id', '171', '--raw', '--subdir', 'DAGS_FOLDER/health_score_lpr.py', '--cfg-path', '/tmp/tmp0knkko9g']
[2025-05-31T10:08:04.275-0600] {standard_task_runner.py:105} INFO - Job 171: Subtask rank_nodes
[2025-05-31T10:08:04.357-0600] {task_command.py:467} INFO - Running <TaskInstance: libertyPr_health_score_1.rank_nodes scheduled__2025-05-24T10:00:00+00:00 [running]> on host 439130e6349d
[2025-05-31T10:08:04.503-0600] {taskinstance.py:3134} INFO - Exporting env vars: AIRFLOW_CTX_DAG_OWNER='***' AIRFLOW_CTX_DAG_ID='libertyPr_health_score_1' AIRFLOW_CTX_TASK_ID='rank_nodes' AIRFLOW_CTX_EXECUTION_DATE='2025-05-24T10:00:00+00:00' AIRFLOW_CTX_TRY_NUMBER='1' AIRFLOW_CTX_DAG_RUN_ID='scheduled__2025-05-24T10:00:00+00:00'
[2025-05-31T10:08:04.508-0600] {taskinstance.py:732} INFO - ::endgroup::
[2025-05-31T10:09:07.364-0600] {logging_mixin.py:190} INFO - 📊 Ranked 3608 nodes and saved results to node_ranking_results.csv.
[2025-05-31T10:09:07.409-0600] {python.py:240} INFO - Done. Returned value was: None
[2025-05-31T10:09:07.427-0600] {taskinstance.py:341} INFO - ::group::Post task execution logs
[2025-05-31T10:09:07.427-0600] {taskinstance.py:353} INFO - Marking task as SUCCESS. dag_id=libertyPr_health_score_1, task_id=rank_nodes, run_id=scheduled__2025-05-24T10:00:00+00:00, execution_date=20250524T100000, start_date=20250531T160804, end_date=20250531T160907
[2025-05-31T10:09:07.534-0600] {local_task_job_runner.py:266} INFO - Task exited with return code 0
[2025-05-31T10:09:07.567-0600] {taskinstance.py:3901} INFO - 1 downstream tasks scheduled from follow-on schedule check
[2025-05-31T10:09:07.569-0600] {local_task_job_runner.py:245} INFO - ::endgroup::
[2025-05-31T21:56:34.442-0600] {local_task_job_runner.py:123} INFO - ::group::Pre task execution logs
[2025-05-31T21:56:34.488-0600] {taskinstance.py:2614} INFO - Dependencies all met for dep_context=non-requeueable deps ti=<TaskInstance: libertyPr_health_score_1.rank_nodes scheduled__2025-05-24T10:00:00+00:00 [queued]>
[2025-05-31T21:56:34.502-0600] {taskinstance.py:2614} INFO - Dependencies all met for dep_context=requeueable deps ti=<TaskInstance: libertyPr_health_score_1.rank_nodes scheduled__2025-05-24T10:00:00+00:00 [queued]>
[2025-05-31T21:56:34.503-0600] {taskinstance.py:2867} INFO - Starting attempt 1 of 2
[2025-05-31T21:56:34.522-0600] {taskinstance.py:2890} INFO - Executing <Task(PythonOperator): rank_nodes> on 2025-05-24 10:00:00+00:00
[2025-05-31T21:56:34.534-0600] {warnings.py:112} WARNING - /home/***/.local/lib/python3.12/site-packages/***/task/task_runner/standard_task_runner.py:70: DeprecationWarning: This process (pid=10807) is multi-threaded, use of fork() may lead to deadlocks in the child.
  pid = os.fork()

[2025-05-31T21:56:34.536-0600] {standard_task_runner.py:72} INFO - Started process 10809 to run task
[2025-05-31T21:56:34.537-0600] {standard_task_runner.py:104} INFO - Running: ['***', 'tasks', 'run', 'libertyPr_health_score_1', 'rank_nodes', 'scheduled__2025-05-24T10:00:00+00:00', '--job-id', '345', '--raw', '--subdir', 'DAGS_FOLDER/health_score_lpr.py', '--cfg-path', '/tmp/tmpbnlbop2w']
[2025-05-31T21:56:34.544-0600] {standard_task_runner.py:105} INFO - Job 345: Subtask rank_nodes
[2025-05-31T21:56:34.653-0600] {task_command.py:467} INFO - Running <TaskInstance: libertyPr_health_score_1.rank_nodes scheduled__2025-05-24T10:00:00+00:00 [running]> on host 439130e6349d
[2025-05-31T21:56:34.867-0600] {taskinstance.py:3134} INFO - Exporting env vars: AIRFLOW_CTX_DAG_OWNER='***' AIRFLOW_CTX_DAG_ID='libertyPr_health_score_1' AIRFLOW_CTX_TASK_ID='rank_nodes' AIRFLOW_CTX_EXECUTION_DATE='2025-05-24T10:00:00+00:00' AIRFLOW_CTX_TRY_NUMBER='1' AIRFLOW_CTX_DAG_RUN_ID='scheduled__2025-05-24T10:00:00+00:00'
[2025-05-31T21:56:34.869-0600] {taskinstance.py:732} INFO - ::endgroup::
[2025-05-31T21:57:36.626-0600] {logging_mixin.py:190} INFO - 📊 Ranked 3608 nodes and saved results to node_ranking_results.csv.
[2025-05-31T21:57:36.676-0600] {python.py:240} INFO - Done. Returned value was: None
[2025-05-31T21:57:36.699-0600] {taskinstance.py:341} INFO - ::group::Post task execution logs
[2025-05-31T21:57:36.699-0600] {taskinstance.py:353} INFO - Marking task as SUCCESS. dag_id=libertyPr_health_score_1, task_id=rank_nodes, run_id=scheduled__2025-05-24T10:00:00+00:00, execution_date=20250524T100000, start_date=20250601T035634, end_date=20250601T035736
[2025-05-31T21:57:36.811-0600] {local_task_job_runner.py:266} INFO - Task exited with return code 0
[2025-05-31T21:57:36.849-0600] {taskinstance.py:3901} INFO - 1 downstream tasks scheduled from follow-on schedule check
[2025-05-31T21:57:36.851-0600] {local_task_job_runner.py:245} INFO - ::endgroup::
