[2025-06-01T04:00:03.139-0600] {local_task_job_runner.py:123} INFO - ::group::Pre task execution logs
[2025-06-01T04:00:03.182-0600] {taskinstance.py:2614} INFO - Dependencies all met for dep_context=non-requeueable deps ti=<TaskInstance: libertyPr_health_score_1.load_data scheduled__2025-05-31T10:00:00+00:00 [queued]>
[2025-06-01T04:00:03.222-0600] {taskinstance.py:2614} INFO - Dependencies all met for dep_context=requeueable deps ti=<TaskInstance: libertyPr_health_score_1.load_data scheduled__2025-05-31T10:00:00+00:00 [queued]>
[2025-06-01T04:00:03.222-0600] {taskinstance.py:2867} INFO - Starting attempt 1 of 2
[2025-06-01T04:00:03.250-0600] {taskinstance.py:2890} INFO - Executing <Task(PythonOperator): load_data> on 2025-05-31 10:00:00+00:00
[2025-06-01T04:00:03.263-0600] {warnings.py:112} WARNING - /home/***/.local/lib/python3.12/site-packages/***/task/task_runner/standard_task_runner.py:70: DeprecationWarning: This process (pid=15334) is multi-threaded, use of fork() may lead to deadlocks in the child.
  pid = os.fork()

[2025-06-01T04:00:03.271-0600] {standard_task_runner.py:72} INFO - Started process 15336 to run task
[2025-06-01T04:00:03.267-0600] {standard_task_runner.py:104} INFO - Running: ['***', 'tasks', 'run', 'libertyPr_health_score_1', 'load_data', 'scheduled__2025-05-31T10:00:00+00:00', '--job-id', '395', '--raw', '--subdir', 'DAGS_FOLDER/health_score_lpr.py', '--cfg-path', '/tmp/tmpg4ugfh_w']
[2025-06-01T04:00:03.272-0600] {standard_task_runner.py:105} INFO - Job 395: Subtask load_data
[2025-06-01T04:00:03.438-0600] {task_command.py:467} INFO - Running <TaskInstance: libertyPr_health_score_1.load_data scheduled__2025-05-31T10:00:00+00:00 [running]> on host 439130e6349d
[2025-06-01T04:00:03.624-0600] {taskinstance.py:3134} INFO - Exporting env vars: AIRFLOW_CTX_DAG_OWNER='***' AIRFLOW_CTX_DAG_ID='libertyPr_health_score_1' AIRFLOW_CTX_TASK_ID='load_data' AIRFLOW_CTX_EXECUTION_DATE='2025-05-31T10:00:00+00:00' AIRFLOW_CTX_TRY_NUMBER='1' AIRFLOW_CTX_DAG_RUN_ID='scheduled__2025-05-31T10:00:00+00:00'
[2025-06-01T04:00:03.626-0600] {taskinstance.py:732} INFO - ::endgroup::
[2025-06-01T04:00:03.652-0600] {logging_mixin.py:190} INFO - target date
[2025-06-01T04:00:03.652-0600] {logging_mixin.py:190} INFO - 2025-05-31
[2025-06-01T04:02:23.573-0600] {python.py:240} INFO - Done. Returned value was: None
[2025-06-01T04:02:23.605-0600] {taskinstance.py:341} INFO - ::group::Post task execution logs
[2025-06-01T04:02:23.606-0600] {taskinstance.py:353} INFO - Marking task as SUCCESS. dag_id=libertyPr_health_score_1, task_id=load_data, run_id=scheduled__2025-05-31T10:00:00+00:00, execution_date=20250531T100000, start_date=20250601T100003, end_date=20250601T100223
[2025-06-01T04:02:23.744-0600] {local_task_job_runner.py:266} INFO - Task exited with return code 0
[2025-06-01T04:02:23.816-0600] {taskinstance.py:3901} INFO - 1 downstream tasks scheduled from follow-on schedule check
[2025-06-01T04:02:23.818-0600] {local_task_job_runner.py:245} INFO - ::endgroup::
