[2025-06-01T04:14:01.683-0600] {local_task_job_runner.py:123} INFO - ::group::Pre task execution logs
[2025-06-01T04:14:01.728-0600] {taskinstance.py:2614} INFO - Dependencies all met for dep_context=non-requeueable deps ti=<TaskInstance: libertyPr_health_score_1.map_nodes scheduled__2025-05-31T10:00:00+00:00 [queued]>
[2025-06-01T04:14:01.741-0600] {taskinstance.py:2614} INFO - Dependencies all met for dep_context=requeueable deps ti=<TaskInstance: libertyPr_health_score_1.map_nodes scheduled__2025-05-31T10:00:00+00:00 [queued]>
[2025-06-01T04:14:01.741-0600] {taskinstance.py:2867} INFO - Starting attempt 1 of 2
[2025-06-01T04:14:01.760-0600] {taskinstance.py:2890} INFO - Executing <Task(PythonOperator): map_nodes> on 2025-05-31 10:00:00+00:00
[2025-06-01T04:14:01.772-0600] {warnings.py:112} WARNING - /home/***/.local/lib/python3.12/site-packages/***/task/task_runner/standard_task_runner.py:70: DeprecationWarning: This process (pid=15510) is multi-threaded, use of fork() may lead to deadlocks in the child.
  pid = os.fork()

[2025-06-01T04:14:01.774-0600] {standard_task_runner.py:72} INFO - Started process 15512 to run task
[2025-06-01T04:14:01.775-0600] {standard_task_runner.py:104} INFO - Running: ['***', 'tasks', 'run', 'libertyPr_health_score_1', 'map_nodes', 'scheduled__2025-05-31T10:00:00+00:00', '--job-id', '400', '--raw', '--subdir', 'DAGS_FOLDER/health_score_lpr.py', '--cfg-path', '/tmp/tmpm4gshlpw']
[2025-06-01T04:14:01.779-0600] {standard_task_runner.py:105} INFO - Job 400: Subtask map_nodes
[2025-06-01T04:14:01.869-0600] {task_command.py:467} INFO - Running <TaskInstance: libertyPr_health_score_1.map_nodes scheduled__2025-05-31T10:00:00+00:00 [running]> on host 439130e6349d
[2025-06-01T04:14:02.013-0600] {taskinstance.py:3134} INFO - Exporting env vars: AIRFLOW_CTX_DAG_OWNER='***' AIRFLOW_CTX_DAG_ID='libertyPr_health_score_1' AIRFLOW_CTX_TASK_ID='map_nodes' AIRFLOW_CTX_EXECUTION_DATE='2025-05-31T10:00:00+00:00' AIRFLOW_CTX_TRY_NUMBER='1' AIRFLOW_CTX_DAG_RUN_ID='scheduled__2025-05-31T10:00:00+00:00'
[2025-06-01T04:14:02.015-0600] {taskinstance.py:732} INFO - ::endgroup::
[2025-06-01T04:14:02.019-0600] {logging_mixin.py:190} INFO - 📍 Loading classified modems and node map...
[2025-06-01T04:14:04.369-0600] {logging_mixin.py:190} INFO - 📦 Modems before mapping: 476204
[2025-06-01T04:14:04.857-0600] {logging_mixin.py:190} INFO - ⚠️ Modems without node mapping: 26
[2025-06-01T04:14:09.748-0600] {logging_mixin.py:190} INFO - ✅ Saved mapped modem data with node assignment to cm_mapped.csv (477546 rows)
[2025-06-01T04:14:09.815-0600] {python.py:240} INFO - Done. Returned value was: None
[2025-06-01T04:14:09.838-0600] {taskinstance.py:341} INFO - ::group::Post task execution logs
[2025-06-01T04:14:09.839-0600] {taskinstance.py:353} INFO - Marking task as SUCCESS. dag_id=libertyPr_health_score_1, task_id=map_nodes, run_id=scheduled__2025-05-31T10:00:00+00:00, execution_date=20250531T100000, start_date=20250601T101401, end_date=20250601T101409
[2025-06-01T04:14:09.937-0600] {local_task_job_runner.py:266} INFO - Task exited with return code 0
[2025-06-01T04:14:09.986-0600] {taskinstance.py:3901} INFO - 1 downstream tasks scheduled from follow-on schedule check
[2025-06-01T04:14:09.988-0600] {local_task_job_runner.py:245} INFO - ::endgroup::
