[2025-05-31T11:37:28.872-0600] {local_task_job_runner.py:123} INFO - ::group::Pre task execution logs
[2025-05-31T11:37:28.909-0600] {taskinstance.py:2614} INFO - Dependencies all met for dep_context=non-requeueable deps ti=<TaskInstance: libertyPr_health_score_1.rank_nodes scheduled__2025-05-30T10:00:00+00:00 [queued]>
[2025-05-31T11:37:28.927-0600] {taskinstance.py:2614} INFO - Dependencies all met for dep_context=requeueable deps ti=<TaskInstance: libertyPr_health_score_1.rank_nodes scheduled__2025-05-30T10:00:00+00:00 [queued]>
[2025-05-31T11:37:28.928-0600] {taskinstance.py:2867} INFO - Starting attempt 1 of 2
[2025-05-31T11:37:28.950-0600] {taskinstance.py:2890} INFO - Executing <Task(PythonOperator): rank_nodes> on 2025-05-30 10:00:00+00:00
[2025-05-31T11:37:28.962-0600] {warnings.py:112} WARNING - /home/***/.local/lib/python3.12/site-packages/***/task/task_runner/standard_task_runner.py:70: DeprecationWarning: This process (pid=2887) is multi-threaded, use of fork() may lead to deadlocks in the child.
  pid = os.fork()

[2025-05-31T11:37:28.965-0600] {standard_task_runner.py:72} INFO - Started process 2889 to run task
[2025-05-31T11:37:28.966-0600] {standard_task_runner.py:104} INFO - Running: ['***', 'tasks', 'run', 'libertyPr_health_score_1', 'rank_nodes', 'scheduled__2025-05-30T10:00:00+00:00', '--job-id', '213', '--raw', '--subdir', 'DAGS_FOLDER/health_score_lpr.py', '--cfg-path', '/tmp/tmpswlch0tb']
[2025-05-31T11:37:28.970-0600] {standard_task_runner.py:105} INFO - Job 213: Subtask rank_nodes
[2025-05-31T11:37:29.056-0600] {task_command.py:467} INFO - Running <TaskInstance: libertyPr_health_score_1.rank_nodes scheduled__2025-05-30T10:00:00+00:00 [running]> on host 439130e6349d
[2025-05-31T11:37:29.224-0600] {taskinstance.py:3134} INFO - Exporting env vars: AIRFLOW_CTX_DAG_OWNER='***' AIRFLOW_CTX_DAG_ID='libertyPr_health_score_1' AIRFLOW_CTX_TASK_ID='rank_nodes' AIRFLOW_CTX_EXECUTION_DATE='2025-05-30T10:00:00+00:00' AIRFLOW_CTX_TRY_NUMBER='1' AIRFLOW_CTX_DAG_RUN_ID='scheduled__2025-05-30T10:00:00+00:00'
[2025-05-31T11:37:29.226-0600] {taskinstance.py:732} INFO - ::endgroup::
[2025-05-31T11:38:32.417-0600] {logging_mixin.py:190} INFO - 📊 Ranked 3607 nodes and saved results to node_ranking_results.csv.
[2025-05-31T11:38:32.460-0600] {python.py:240} INFO - Done. Returned value was: None
[2025-05-31T11:38:32.485-0600] {taskinstance.py:341} INFO - ::group::Post task execution logs
[2025-05-31T11:38:32.486-0600] {taskinstance.py:353} INFO - Marking task as SUCCESS. dag_id=libertyPr_health_score_1, task_id=rank_nodes, run_id=scheduled__2025-05-30T10:00:00+00:00, execution_date=20250530T100000, start_date=20250531T173728, end_date=20250531T173832
[2025-05-31T11:38:32.615-0600] {local_task_job_runner.py:266} INFO - Task exited with return code 0
[2025-05-31T11:38:32.656-0600] {taskinstance.py:3901} INFO - 1 downstream tasks scheduled from follow-on schedule check
[2025-05-31T11:38:32.661-0600] {local_task_job_runner.py:245} INFO - ::endgroup::
[2025-05-31T14:13:29.455-0600] {local_task_job_runner.py:123} INFO - ::group::Pre task execution logs
[2025-05-31T14:13:29.496-0600] {taskinstance.py:2614} INFO - Dependencies all met for dep_context=non-requeueable deps ti=<TaskInstance: libertyPr_health_score_1.rank_nodes scheduled__2025-05-30T10:00:00+00:00 [queued]>
[2025-05-31T14:13:29.520-0600] {taskinstance.py:2614} INFO - Dependencies all met for dep_context=requeueable deps ti=<TaskInstance: libertyPr_health_score_1.rank_nodes scheduled__2025-05-30T10:00:00+00:00 [queued]>
[2025-05-31T14:13:29.521-0600] {taskinstance.py:2867} INFO - Starting attempt 1 of 2
[2025-05-31T14:13:29.543-0600] {taskinstance.py:2890} INFO - Executing <Task(PythonOperator): rank_nodes> on 2025-05-30 10:00:00+00:00
[2025-05-31T14:13:29.555-0600] {warnings.py:112} WARNING - /home/***/.local/lib/python3.12/site-packages/***/task/task_runner/standard_task_runner.py:70: DeprecationWarning: This process (pid=4808) is multi-threaded, use of fork() may lead to deadlocks in the child.
  pid = os.fork()

[2025-05-31T14:13:29.558-0600] {standard_task_runner.py:72} INFO - Started process 4810 to run task
[2025-05-31T14:13:29.561-0600] {standard_task_runner.py:104} INFO - Running: ['***', 'tasks', 'run', 'libertyPr_health_score_1', 'rank_nodes', 'scheduled__2025-05-30T10:00:00+00:00', '--job-id', '223', '--raw', '--subdir', 'DAGS_FOLDER/health_score_lpr.py', '--cfg-path', '/tmp/tmpea7j3x1a']
[2025-05-31T14:13:29.565-0600] {standard_task_runner.py:105} INFO - Job 223: Subtask rank_nodes
[2025-05-31T14:13:29.664-0600] {task_command.py:467} INFO - Running <TaskInstance: libertyPr_health_score_1.rank_nodes scheduled__2025-05-30T10:00:00+00:00 [running]> on host 439130e6349d
[2025-05-31T14:13:29.801-0600] {taskinstance.py:3134} INFO - Exporting env vars: AIRFLOW_CTX_DAG_OWNER='***' AIRFLOW_CTX_DAG_ID='libertyPr_health_score_1' AIRFLOW_CTX_TASK_ID='rank_nodes' AIRFLOW_CTX_EXECUTION_DATE='2025-05-30T10:00:00+00:00' AIRFLOW_CTX_TRY_NUMBER='1' AIRFLOW_CTX_DAG_RUN_ID='scheduled__2025-05-30T10:00:00+00:00'
[2025-05-31T14:13:29.802-0600] {taskinstance.py:732} INFO - ::endgroup::
[2025-05-31T14:14:31.976-0600] {logging_mixin.py:190} INFO - 📊 Ranked 3607 nodes and saved results to node_ranking_results.csv.
[2025-05-31T14:14:32.022-0600] {python.py:240} INFO - Done. Returned value was: None
[2025-05-31T14:14:32.042-0600] {taskinstance.py:341} INFO - ::group::Post task execution logs
[2025-05-31T14:14:32.042-0600] {taskinstance.py:353} INFO - Marking task as SUCCESS. dag_id=libertyPr_health_score_1, task_id=rank_nodes, run_id=scheduled__2025-05-30T10:00:00+00:00, execution_date=20250530T100000, start_date=20250531T201329, end_date=20250531T201432
[2025-05-31T14:14:32.138-0600] {local_task_job_runner.py:266} INFO - Task exited with return code 0
[2025-05-31T14:14:32.176-0600] {taskinstance.py:3901} INFO - 1 downstream tasks scheduled from follow-on schedule check
[2025-05-31T14:14:32.178-0600] {local_task_job_runner.py:245} INFO - ::endgroup::
[2025-05-31T14:46:55.743-0600] {local_task_job_runner.py:123} INFO - ::group::Pre task execution logs
[2025-05-31T14:46:55.781-0600] {taskinstance.py:2614} INFO - Dependencies all met for dep_context=non-requeueable deps ti=<TaskInstance: libertyPr_health_score_1.rank_nodes scheduled__2025-05-30T10:00:00+00:00 [queued]>
[2025-05-31T14:46:55.796-0600] {taskinstance.py:2614} INFO - Dependencies all met for dep_context=requeueable deps ti=<TaskInstance: libertyPr_health_score_1.rank_nodes scheduled__2025-05-30T10:00:00+00:00 [queued]>
[2025-05-31T14:46:55.796-0600] {taskinstance.py:2867} INFO - Starting attempt 1 of 2
[2025-05-31T14:46:55.814-0600] {taskinstance.py:2890} INFO - Executing <Task(PythonOperator): rank_nodes> on 2025-05-30 10:00:00+00:00
[2025-05-31T14:46:55.825-0600] {warnings.py:112} WARNING - /home/***/.local/lib/python3.12/site-packages/***/task/task_runner/standard_task_runner.py:70: DeprecationWarning: This process (pid=5245) is multi-threaded, use of fork() may lead to deadlocks in the child.
  pid = os.fork()

[2025-05-31T14:46:55.828-0600] {standard_task_runner.py:72} INFO - Started process 5247 to run task
[2025-05-31T14:46:55.829-0600] {standard_task_runner.py:104} INFO - Running: ['***', 'tasks', 'run', 'libertyPr_health_score_1', 'rank_nodes', 'scheduled__2025-05-30T10:00:00+00:00', '--job-id', '230', '--raw', '--subdir', 'DAGS_FOLDER/health_score_lpr.py', '--cfg-path', '/tmp/tmpun_yqfl3']
[2025-05-31T14:46:55.833-0600] {standard_task_runner.py:105} INFO - Job 230: Subtask rank_nodes
[2025-05-31T14:46:55.923-0600] {task_command.py:467} INFO - Running <TaskInstance: libertyPr_health_score_1.rank_nodes scheduled__2025-05-30T10:00:00+00:00 [running]> on host 439130e6349d
[2025-05-31T14:46:56.068-0600] {taskinstance.py:3134} INFO - Exporting env vars: AIRFLOW_CTX_DAG_OWNER='***' AIRFLOW_CTX_DAG_ID='libertyPr_health_score_1' AIRFLOW_CTX_TASK_ID='rank_nodes' AIRFLOW_CTX_EXECUTION_DATE='2025-05-30T10:00:00+00:00' AIRFLOW_CTX_TRY_NUMBER='1' AIRFLOW_CTX_DAG_RUN_ID='scheduled__2025-05-30T10:00:00+00:00'
[2025-05-31T14:46:56.070-0600] {taskinstance.py:732} INFO - ::endgroup::
[2025-05-31T14:47:57.778-0600] {logging_mixin.py:190} INFO - 📊 Ranked 3608 nodes and saved results to node_ranking_results.csv.
[2025-05-31T14:47:57.823-0600] {python.py:240} INFO - Done. Returned value was: None
[2025-05-31T14:47:57.846-0600] {taskinstance.py:341} INFO - ::group::Post task execution logs
[2025-05-31T14:47:57.846-0600] {taskinstance.py:353} INFO - Marking task as SUCCESS. dag_id=libertyPr_health_score_1, task_id=rank_nodes, run_id=scheduled__2025-05-30T10:00:00+00:00, execution_date=20250530T100000, start_date=20250531T204655, end_date=20250531T204757
[2025-05-31T14:47:57.965-0600] {local_task_job_runner.py:266} INFO - Task exited with return code 0
[2025-05-31T14:47:58.016-0600] {taskinstance.py:3901} INFO - 1 downstream tasks scheduled from follow-on schedule check
[2025-05-31T14:47:58.018-0600] {local_task_job_runner.py:245} INFO - ::endgroup::
[2025-05-31T15:30:54.077-0600] {local_task_job_runner.py:123} INFO - ::group::Pre task execution logs
[2025-05-31T15:30:54.116-0600] {taskinstance.py:2614} INFO - Dependencies all met for dep_context=non-requeueable deps ti=<TaskInstance: libertyPr_health_score_1.rank_nodes scheduled__2025-05-30T10:00:00+00:00 [queued]>
[2025-05-31T15:30:54.133-0600] {taskinstance.py:2614} INFO - Dependencies all met for dep_context=requeueable deps ti=<TaskInstance: libertyPr_health_score_1.rank_nodes scheduled__2025-05-30T10:00:00+00:00 [queued]>
[2025-05-31T15:30:54.134-0600] {taskinstance.py:2867} INFO - Starting attempt 1 of 2
[2025-05-31T15:30:54.170-0600] {taskinstance.py:2890} INFO - Executing <Task(PythonOperator): rank_nodes> on 2025-05-30 10:00:00+00:00
[2025-05-31T15:30:54.182-0600] {warnings.py:112} WARNING - /home/***/.local/lib/python3.12/site-packages/***/task/task_runner/standard_task_runner.py:70: DeprecationWarning: This process (pid=5823) is multi-threaded, use of fork() may lead to deadlocks in the child.
  pid = os.fork()

[2025-05-31T15:30:54.184-0600] {standard_task_runner.py:72} INFO - Started process 5825 to run task
[2025-05-31T15:30:54.188-0600] {standard_task_runner.py:104} INFO - Running: ['***', 'tasks', 'run', 'libertyPr_health_score_1', 'rank_nodes', 'scheduled__2025-05-30T10:00:00+00:00', '--job-id', '244', '--raw', '--subdir', 'DAGS_FOLDER/health_score_lpr.py', '--cfg-path', '/tmp/tmpddwsl1yr']
[2025-05-31T15:30:54.194-0600] {standard_task_runner.py:105} INFO - Job 244: Subtask rank_nodes
[2025-05-31T15:30:54.288-0600] {task_command.py:467} INFO - Running <TaskInstance: libertyPr_health_score_1.rank_nodes scheduled__2025-05-30T10:00:00+00:00 [running]> on host 439130e6349d
[2025-05-31T15:30:54.455-0600] {taskinstance.py:3134} INFO - Exporting env vars: AIRFLOW_CTX_DAG_OWNER='***' AIRFLOW_CTX_DAG_ID='libertyPr_health_score_1' AIRFLOW_CTX_TASK_ID='rank_nodes' AIRFLOW_CTX_EXECUTION_DATE='2025-05-30T10:00:00+00:00' AIRFLOW_CTX_TRY_NUMBER='1' AIRFLOW_CTX_DAG_RUN_ID='scheduled__2025-05-30T10:00:00+00:00'
[2025-05-31T15:30:54.456-0600] {taskinstance.py:732} INFO - ::endgroup::
[2025-05-31T15:31:58.503-0600] {logging_mixin.py:190} INFO - 📊 Ranked 3608 nodes and saved results to node_ranking_results.csv.
[2025-05-31T15:31:58.545-0600] {python.py:240} INFO - Done. Returned value was: None
[2025-05-31T15:31:58.564-0600] {taskinstance.py:341} INFO - ::group::Post task execution logs
[2025-05-31T15:31:58.565-0600] {taskinstance.py:353} INFO - Marking task as SUCCESS. dag_id=libertyPr_health_score_1, task_id=rank_nodes, run_id=scheduled__2025-05-30T10:00:00+00:00, execution_date=20250530T100000, start_date=20250531T213054, end_date=20250531T213158
[2025-05-31T15:31:58.682-0600] {local_task_job_runner.py:266} INFO - Task exited with return code 0
[2025-05-31T15:31:58.719-0600] {taskinstance.py:3901} INFO - 1 downstream tasks scheduled from follow-on schedule check
[2025-05-31T15:31:58.722-0600] {local_task_job_runner.py:245} INFO - ::endgroup::
[2025-05-31T17:26:58.037-0600] {local_task_job_runner.py:123} INFO - ::group::Pre task execution logs
[2025-05-31T17:26:58.098-0600] {taskinstance.py:2614} INFO - Dependencies all met for dep_context=non-requeueable deps ti=<TaskInstance: libertyPr_health_score_1.rank_nodes scheduled__2025-05-30T10:00:00+00:00 [queued]>
[2025-05-31T17:26:58.119-0600] {taskinstance.py:2614} INFO - Dependencies all met for dep_context=requeueable deps ti=<TaskInstance: libertyPr_health_score_1.rank_nodes scheduled__2025-05-30T10:00:00+00:00 [queued]>
[2025-05-31T17:26:58.120-0600] {taskinstance.py:2867} INFO - Starting attempt 1 of 2
[2025-05-31T17:26:58.152-0600] {taskinstance.py:2890} INFO - Executing <Task(PythonOperator): rank_nodes> on 2025-05-30 10:00:00+00:00
[2025-05-31T17:26:58.173-0600] {warnings.py:112} WARNING - /home/***/.local/lib/python3.12/site-packages/***/task/task_runner/standard_task_runner.py:70: DeprecationWarning: This process (pid=7296) is multi-threaded, use of fork() may lead to deadlocks in the child.
  pid = os.fork()

[2025-05-31T17:26:58.177-0600] {standard_task_runner.py:72} INFO - Started process 7298 to run task
[2025-05-31T17:26:58.179-0600] {standard_task_runner.py:104} INFO - Running: ['***', 'tasks', 'run', 'libertyPr_health_score_1', 'rank_nodes', 'scheduled__2025-05-30T10:00:00+00:00', '--job-id', '273', '--raw', '--subdir', 'DAGS_FOLDER/health_score_lpr.py', '--cfg-path', '/tmp/tmp5ckfb47z']
[2025-05-31T17:26:58.186-0600] {standard_task_runner.py:105} INFO - Job 273: Subtask rank_nodes
[2025-05-31T17:26:58.363-0600] {task_command.py:467} INFO - Running <TaskInstance: libertyPr_health_score_1.rank_nodes scheduled__2025-05-30T10:00:00+00:00 [running]> on host 439130e6349d
[2025-05-31T17:26:58.542-0600] {taskinstance.py:3134} INFO - Exporting env vars: AIRFLOW_CTX_DAG_OWNER='***' AIRFLOW_CTX_DAG_ID='libertyPr_health_score_1' AIRFLOW_CTX_TASK_ID='rank_nodes' AIRFLOW_CTX_EXECUTION_DATE='2025-05-30T10:00:00+00:00' AIRFLOW_CTX_TRY_NUMBER='1' AIRFLOW_CTX_DAG_RUN_ID='scheduled__2025-05-30T10:00:00+00:00'
[2025-05-31T17:26:58.544-0600] {taskinstance.py:732} INFO - ::endgroup::
[2025-05-31T17:28:03.164-0600] {logging_mixin.py:190} INFO - 📊 Ranked 3608 nodes and saved results to node_ranking_results.csv.
[2025-05-31T17:28:03.213-0600] {python.py:240} INFO - Done. Returned value was: None
[2025-05-31T17:28:03.240-0600] {taskinstance.py:341} INFO - ::group::Post task execution logs
[2025-05-31T17:28:03.241-0600] {taskinstance.py:353} INFO - Marking task as SUCCESS. dag_id=libertyPr_health_score_1, task_id=rank_nodes, run_id=scheduled__2025-05-30T10:00:00+00:00, execution_date=20250530T100000, start_date=20250531T232658, end_date=20250531T232803
[2025-05-31T17:28:03.327-0600] {local_task_job_runner.py:266} INFO - Task exited with return code 0
[2025-05-31T17:28:03.368-0600] {taskinstance.py:3901} INFO - 1 downstream tasks scheduled from follow-on schedule check
[2025-05-31T17:28:03.370-0600] {local_task_job_runner.py:245} INFO - ::endgroup::
[2025-05-31T18:50:52.898-0600] {local_task_job_runner.py:123} INFO - ::group::Pre task execution logs
[2025-05-31T18:50:52.944-0600] {taskinstance.py:2614} INFO - Dependencies all met for dep_context=non-requeueable deps ti=<TaskInstance: libertyPr_health_score_1.rank_nodes scheduled__2025-05-30T10:00:00+00:00 [queued]>
[2025-05-31T18:50:52.980-0600] {taskinstance.py:2614} INFO - Dependencies all met for dep_context=requeueable deps ti=<TaskInstance: libertyPr_health_score_1.rank_nodes scheduled__2025-05-30T10:00:00+00:00 [queued]>
[2025-05-31T18:50:52.981-0600] {taskinstance.py:2867} INFO - Starting attempt 1 of 2
[2025-05-31T18:50:53.013-0600] {taskinstance.py:2890} INFO - Executing <Task(PythonOperator): rank_nodes> on 2025-05-30 10:00:00+00:00
[2025-05-31T18:50:53.027-0600] {warnings.py:112} WARNING - /home/***/.local/lib/python3.12/site-packages/***/task/task_runner/standard_task_runner.py:70: DeprecationWarning: This process (pid=8359) is multi-threaded, use of fork() may lead to deadlocks in the child.
  pid = os.fork()

[2025-05-31T18:50:53.031-0600] {standard_task_runner.py:72} INFO - Started process 8368 to run task
[2025-05-31T18:50:53.034-0600] {standard_task_runner.py:104} INFO - Running: ['***', 'tasks', 'run', 'libertyPr_health_score_1', 'rank_nodes', 'scheduled__2025-05-30T10:00:00+00:00', '--job-id', '289', '--raw', '--subdir', 'DAGS_FOLDER/health_score_lpr.py', '--cfg-path', '/tmp/tmp3rdu1n76']
[2025-05-31T18:50:53.040-0600] {standard_task_runner.py:105} INFO - Job 289: Subtask rank_nodes
[2025-05-31T18:50:53.152-0600] {task_command.py:467} INFO - Running <TaskInstance: libertyPr_health_score_1.rank_nodes scheduled__2025-05-30T10:00:00+00:00 [running]> on host 439130e6349d
[2025-05-31T18:50:53.368-0600] {taskinstance.py:3134} INFO - Exporting env vars: AIRFLOW_CTX_DAG_OWNER='***' AIRFLOW_CTX_DAG_ID='libertyPr_health_score_1' AIRFLOW_CTX_TASK_ID='rank_nodes' AIRFLOW_CTX_EXECUTION_DATE='2025-05-30T10:00:00+00:00' AIRFLOW_CTX_TRY_NUMBER='1' AIRFLOW_CTX_DAG_RUN_ID='scheduled__2025-05-30T10:00:00+00:00'
[2025-05-31T18:50:53.371-0600] {taskinstance.py:732} INFO - ::endgroup::
[2025-05-31T18:51:57.433-0600] {logging_mixin.py:190} INFO - 📊 Ranked 3608 nodes and saved results to node_ranking_results.csv.
[2025-05-31T18:51:57.475-0600] {python.py:240} INFO - Done. Returned value was: None
[2025-05-31T18:51:57.498-0600] {taskinstance.py:341} INFO - ::group::Post task execution logs
[2025-05-31T18:51:57.498-0600] {taskinstance.py:353} INFO - Marking task as SUCCESS. dag_id=libertyPr_health_score_1, task_id=rank_nodes, run_id=scheduled__2025-05-30T10:00:00+00:00, execution_date=20250530T100000, start_date=20250601T005052, end_date=20250601T005157
[2025-05-31T18:51:57.626-0600] {local_task_job_runner.py:266} INFO - Task exited with return code 0
[2025-05-31T18:51:57.663-0600] {taskinstance.py:3901} INFO - 1 downstream tasks scheduled from follow-on schedule check
[2025-05-31T18:51:57.665-0600] {local_task_job_runner.py:245} INFO - ::endgroup::
[2025-05-31T23:28:23.036-0600] {local_task_job_runner.py:123} INFO - ::group::Pre task execution logs
[2025-05-31T23:28:23.078-0600] {taskinstance.py:2614} INFO - Dependencies all met for dep_context=non-requeueable deps ti=<TaskInstance: libertyPr_health_score_1.rank_nodes scheduled__2025-05-30T10:00:00+00:00 [queued]>
[2025-05-31T23:28:23.091-0600] {taskinstance.py:2614} INFO - Dependencies all met for dep_context=requeueable deps ti=<TaskInstance: libertyPr_health_score_1.rank_nodes scheduled__2025-05-30T10:00:00+00:00 [queued]>
[2025-05-31T23:28:23.092-0600] {taskinstance.py:2867} INFO - Starting attempt 1 of 2
[2025-05-31T23:28:23.111-0600] {taskinstance.py:2890} INFO - Executing <Task(PythonOperator): rank_nodes> on 2025-05-30 10:00:00+00:00
[2025-05-31T23:28:23.124-0600] {warnings.py:112} WARNING - /home/***/.local/lib/python3.12/site-packages/***/task/task_runner/standard_task_runner.py:70: DeprecationWarning: This process (pid=12052) is multi-threaded, use of fork() may lead to deadlocks in the child.
  pid = os.fork()

[2025-05-31T23:28:23.127-0600] {standard_task_runner.py:72} INFO - Started process 12054 to run task
[2025-05-31T23:28:23.132-0600] {standard_task_runner.py:104} INFO - Running: ['***', 'tasks', 'run', 'libertyPr_health_score_1', 'rank_nodes', 'scheduled__2025-05-30T10:00:00+00:00', '--job-id', '393', '--raw', '--subdir', 'DAGS_FOLDER/health_score_lpr.py', '--cfg-path', '/tmp/tmpx4lid4gn']
[2025-05-31T23:28:23.136-0600] {standard_task_runner.py:105} INFO - Job 393: Subtask rank_nodes
[2025-05-31T23:28:23.239-0600] {task_command.py:467} INFO - Running <TaskInstance: libertyPr_health_score_1.rank_nodes scheduled__2025-05-30T10:00:00+00:00 [running]> on host 439130e6349d
[2025-05-31T23:28:23.387-0600] {taskinstance.py:3134} INFO - Exporting env vars: AIRFLOW_CTX_DAG_OWNER='***' AIRFLOW_CTX_DAG_ID='libertyPr_health_score_1' AIRFLOW_CTX_TASK_ID='rank_nodes' AIRFLOW_CTX_EXECUTION_DATE='2025-05-30T10:00:00+00:00' AIRFLOW_CTX_TRY_NUMBER='1' AIRFLOW_CTX_DAG_RUN_ID='scheduled__2025-05-30T10:00:00+00:00'
[2025-05-31T23:28:23.389-0600] {taskinstance.py:732} INFO - ::endgroup::
[2025-05-31T23:29:26.566-0600] {logging_mixin.py:190} INFO - 📊 Ranked 3608 nodes and saved results to node_ranking_results.csv.
[2025-05-31T23:29:26.615-0600] {python.py:240} INFO - Done. Returned value was: None
[2025-05-31T23:29:26.636-0600] {taskinstance.py:341} INFO - ::group::Post task execution logs
[2025-05-31T23:29:26.637-0600] {taskinstance.py:353} INFO - Marking task as SUCCESS. dag_id=libertyPr_health_score_1, task_id=rank_nodes, run_id=scheduled__2025-05-30T10:00:00+00:00, execution_date=20250530T100000, start_date=20250601T052823, end_date=20250601T052926
[2025-05-31T23:29:26.754-0600] {local_task_job_runner.py:266} INFO - Task exited with return code 0
[2025-05-31T23:29:26.793-0600] {taskinstance.py:3901} INFO - 1 downstream tasks scheduled from follow-on schedule check
[2025-05-31T23:29:26.795-0600] {local_task_job_runner.py:245} INFO - ::endgroup::
