[2025-05-31T21:11:48.396-0600] {local_task_job_runner.py:123} INFO - ::group::Pre task execution logs
[2025-05-31T21:11:48.436-0600] {taskinstance.py:2614} INFO - Dependencies all met for dep_context=non-requeueable deps ti=<TaskInstance: libertyPr_health_score_1.verify_node_consistency scheduled__2025-05-21T10:00:00+00:00 [queued]>
[2025-05-31T21:11:48.449-0600] {taskinstance.py:2614} INFO - Dependencies all met for dep_context=requeueable deps ti=<TaskInstance: libertyPr_health_score_1.verify_node_consistency scheduled__2025-05-21T10:00:00+00:00 [queued]>
[2025-05-31T21:11:48.449-0600] {taskinstance.py:2867} INFO - Starting attempt 1 of 2
[2025-05-31T21:11:48.470-0600] {taskinstance.py:2890} INFO - Executing <Task(PythonOperator): verify_node_consistency> on 2025-05-21 10:00:00+00:00
[2025-05-31T21:11:48.482-0600] {warnings.py:112} WARNING - /home/***/.local/lib/python3.12/site-packages/***/task/task_runner/standard_task_runner.py:70: DeprecationWarning: This process (pid=10155) is multi-threaded, use of fork() may lead to deadlocks in the child.
  pid = os.fork()

[2025-05-31T21:11:48.484-0600] {standard_task_runner.py:72} INFO - Started process 10157 to run task
[2025-05-31T21:11:48.486-0600] {standard_task_runner.py:104} INFO - Running: ['***', 'tasks', 'run', 'libertyPr_health_score_1', 'verify_node_consistency', 'scheduled__2025-05-21T10:00:00+00:00', '--job-id', '319', '--raw', '--subdir', 'DAGS_FOLDER/health_score_lpr.py', '--cfg-path', '/tmp/tmp9c3hpj8p']
[2025-05-31T21:11:48.491-0600] {standard_task_runner.py:105} INFO - Job 319: Subtask verify_node_consistency
[2025-05-31T21:11:48.586-0600] {task_command.py:467} INFO - Running <TaskInstance: libertyPr_health_score_1.verify_node_consistency scheduled__2025-05-21T10:00:00+00:00 [running]> on host 439130e6349d
[2025-05-31T21:11:48.739-0600] {taskinstance.py:3134} INFO - Exporting env vars: AIRFLOW_CTX_DAG_OWNER='***' AIRFLOW_CTX_DAG_ID='libertyPr_health_score_1' AIRFLOW_CTX_TASK_ID='verify_node_consistency' AIRFLOW_CTX_EXECUTION_DATE='2025-05-21T10:00:00+00:00' AIRFLOW_CTX_TRY_NUMBER='1' AIRFLOW_CTX_DAG_RUN_ID='scheduled__2025-05-21T10:00:00+00:00'
[2025-05-31T21:11:48.741-0600] {taskinstance.py:732} INFO - ::endgroup::
[2025-05-31T21:11:49.962-0600] {logging_mixin.py:190} INFO - data set cleaned
[2025-05-31T21:11:50.347-0600] {logging_mixin.py:190} INFO - ❌ Found inconsistent FIBER_NODEs.
[2025-05-31T21:11:50.358-0600] {logging_mixin.py:190} INFO -      FIBER_NODE  Unique_CMTS_IDs  Unique_Channel_Sets
1442     HG3506                2                    2
1446     HG3510                2                    2
2456    LL7002A                2                    2
2457    LL7002B                2                    2
[2025-05-31T21:11:50.376-0600] {python.py:240} INFO - Done. Returned value was: None
[2025-05-31T21:11:50.395-0600] {taskinstance.py:341} INFO - ::group::Post task execution logs
[2025-05-31T21:11:50.396-0600] {taskinstance.py:353} INFO - Marking task as SUCCESS. dag_id=libertyPr_health_score_1, task_id=verify_node_consistency, run_id=scheduled__2025-05-21T10:00:00+00:00, execution_date=20250521T100000, start_date=20250601T031148, end_date=20250601T031150
[2025-05-31T21:11:50.469-0600] {local_task_job_runner.py:266} INFO - Task exited with return code 0
[2025-05-31T21:11:50.485-0600] {local_task_job_runner.py:245} INFO - ::endgroup::
