[2025-05-23T13:26:30.622-0600] {local_task_job_runner.py:123} INFO - ::group::Pre task execution logs
[2025-05-23T13:26:30.658-0600] {taskinstance.py:2614} INFO - Dependencies all met for dep_context=non-requeueable deps ti=<TaskInstance: libertyPr_health_score.classify_modems manual__2025-05-23T16:50:26.676685+00:00 [queued]>
[2025-05-23T13:26:30.675-0600] {taskinstance.py:2614} INFO - Dependencies all met for dep_context=requeueable deps ti=<TaskInstance: libertyPr_health_score.classify_modems manual__2025-05-23T16:50:26.676685+00:00 [queued]>
[2025-05-23T13:26:30.675-0600] {taskinstance.py:2867} INFO - Starting attempt 2 of 3
[2025-05-23T13:26:30.695-0600] {taskinstance.py:2890} INFO - Executing <Task(PythonOperator): classify_modems> on 2025-05-23 16:50:26.676685+00:00
[2025-05-23T13:26:30.707-0600] {warnings.py:112} WARNING - /home/***/.local/lib/python3.12/site-packages/***/task/task_runner/standard_task_runner.py:70: DeprecationWarning: This process (pid=2255) is multi-threaded, use of fork() may lead to deadlocks in the child.
  pid = os.fork()

[2025-05-23T13:26:30.710-0600] {standard_task_runner.py:72} INFO - Started process 2257 to run task
[2025-05-23T13:26:30.711-0600] {standard_task_runner.py:104} INFO - Running: ['***', 'tasks', 'run', 'libertyPr_health_score', 'classify_modems', 'manual__2025-05-23T16:50:26.676685+00:00', '--job-id', '38', '--raw', '--subdir', 'DAGS_FOLDER/health_score_lpr.py', '--cfg-path', '/tmp/tmpiy316j7p']
[2025-05-23T13:26:30.717-0600] {standard_task_runner.py:105} INFO - Job 38: Subtask classify_modems
[2025-05-23T13:26:30.794-0600] {task_command.py:467} INFO - Running <TaskInstance: libertyPr_health_score.classify_modems manual__2025-05-23T16:50:26.676685+00:00 [running]> on host 439130e6349d
[2025-05-23T13:26:30.936-0600] {taskinstance.py:3134} INFO - Exporting env vars: AIRFLOW_CTX_DAG_OWNER='***' AIRFLOW_CTX_DAG_ID='libertyPr_health_score' AIRFLOW_CTX_TASK_ID='classify_modems' AIRFLOW_CTX_EXECUTION_DATE='2025-05-23T16:50:26.676685+00:00' AIRFLOW_CTX_TRY_NUMBER='2' AIRFLOW_CTX_DAG_RUN_ID='manual__2025-05-23T16:50:26.676685+00:00'
[2025-05-23T13:26:30.938-0600] {taskinstance.py:732} INFO - ::endgroup::
[2025-05-23T13:26:30.966-0600] {logging_mixin.py:190} INFO - 📥 Loading modem and status data...
[2025-05-23T13:26:36.721-0600] {logging_mixin.py:190} INFO - ✅ Loaded modem data: 1781557 rows from /tmp/modem_data.csv
[2025-05-23T13:26:36.721-0600] {logging_mixin.py:190} INFO - ✅ Loaded status data: 478334 rows from /tmp/modem_status.csv
[2025-05-23T13:26:37.212-0600] {logging_mixin.py:190} INFO - 📊 Unique CM_MACs in modem_df: 477553
[2025-05-23T13:26:37.346-0600] {logging_mixin.py:190} INFO - 📊 Unique CM_MACs in status_df: 477757
[2025-05-23T13:26:37.346-0600] {logging_mixin.py:190} INFO - 🧮 Classifying each channel...
[2025-05-23T13:27:20.369-0600] {logging_mixin.py:190} INFO - ✅ Channel classification complete.
[2025-05-23T13:27:20.448-0600] {logging_mixin.py:190} INFO -          CM_MAC       PTIME Channel_Status
0  AC202E166138  2025-05-22           Good
1  E4F75B7085A5  2025-05-22           Good
2  ACF8CC461319  2025-05-22           Good
3  E4F75B7085A5  2025-05-22           Good
4  E4F75B7085A5  2025-05-22           Good
[2025-05-23T13:27:20.472-0600] {logging_mixin.py:190} INFO - 📊 Grouping and summarizing modem data...
[2025-05-23T13:36:57.762-0600] {logging_mixin.py:190} INFO - ✅ Grouped modem data shape: (477553, 4)
[2025-05-23T13:36:57.849-0600] {logging_mixin.py:190} INFO - ✅ Summarized modem data (head):
[2025-05-23T13:36:57.871-0600] {logging_mixin.py:190} INFO -          CM_MAC       PTIME  ...              CHANNEL_NAME TX_MAX
0  00015C6CD846  2025-05-22  ...  cable-upstream 3/10/12.0    NaN
1  000711146ABC  2025-05-22  ...    cable-upstream 4/8/1.0    NaN
2  00071117BB95  2025-05-22  ...   cable-upstream 2/6/14.0    NaN
3  00071117BBAE  2025-05-22  ...    cable-upstream 2/9/0.0    NaN
4  00071117BBD1  2025-05-22  ...    cable-upstream 3/3/2.0    NaN

[5 rows x 6 columns]
[2025-05-23T13:36:57.871-0600] {logging_mixin.py:190} INFO - 🔗 Merging modem-level data with status (LEFT join)...
[2025-05-23T13:36:59.147-0600] {logging_mixin.py:190} INFO - ✅ Merged dataset shape: (477613, 19)
[2025-05-23T13:36:59.149-0600] {logging_mixin.py:190} INFO - 📊 Rows with no ONLINE_COUNT after merge: 0
[2025-05-23T13:36:59.150-0600] {logging_mixin.py:190} INFO - 🛠 Applying final classification rules...
[2025-05-23T13:36:59.204-0600] {logging_mixin.py:190} INFO - 📊 Classification summary after status logic:
[2025-05-23T13:36:59.213-0600] {logging_mixin.py:190} INFO - Category
Good        231843
Warning     139063
Critical    100721
Offline       5986
Name: count, dtype: int64
[2025-05-23T13:37:04.078-0600] {logging_mixin.py:190} INFO - 💾 Saved classified modems to /tmp/classified_modems.csv
[2025-05-23T13:37:04.079-0600] {logging_mixin.py:190} INFO - 🔍 Final modem count: 477613 rows
[2025-05-23T13:37:04.393-0600] {python.py:240} INFO - Done. Returned value was: None
[2025-05-23T13:37:04.415-0600] {taskinstance.py:341} INFO - ::group::Post task execution logs
[2025-05-23T13:37:04.416-0600] {taskinstance.py:353} INFO - Marking task as SUCCESS. dag_id=libertyPr_health_score, task_id=classify_modems, run_id=manual__2025-05-23T16:50:26.676685+00:00, execution_date=20250523T165026, start_date=20250523T192630, end_date=20250523T193704
[2025-05-23T13:37:04.590-0600] {local_task_job_runner.py:266} INFO - Task exited with return code 0
[2025-05-23T13:37:04.642-0600] {taskinstance.py:3901} INFO - 1 downstream tasks scheduled from follow-on schedule check
[2025-05-23T13:37:04.646-0600] {local_task_job_runner.py:245} INFO - ::endgroup::
