[2025-05-24T18:02:30.606-0600] {local_task_job_runner.py:123} INFO - ::group::Pre task execution logs
[2025-05-24T18:02:30.656-0600] {taskinstance.py:2614} INFO - Dependencies all met for dep_context=non-requeueable deps ti=<TaskInstance: libertyPr_health_score.filter_duplicates scheduled__2025-05-24T00:00:00+00:00 [queued]>
[2025-05-24T18:02:30.682-0600] {taskinstance.py:2614} INFO - Dependencies all met for dep_context=requeueable deps ti=<TaskInstance: libertyPr_health_score.filter_duplicates scheduled__2025-05-24T00:00:00+00:00 [queued]>
[2025-05-24T18:02:30.682-0600] {taskinstance.py:2867} INFO - Starting attempt 1 of 2
[2025-05-24T18:02:30.712-0600] {taskinstance.py:2890} INFO - Executing <Task(PythonOperator): filter_duplicates> on 2025-05-24 00:00:00+00:00
[2025-05-24T18:02:30.729-0600] {warnings.py:112} WARNING - /home/***/.local/lib/python3.12/site-packages/***/task/task_runner/standard_task_runner.py:70: DeprecationWarning: This process (pid=23068) is multi-threaded, use of fork() may lead to deadlocks in the child.
  pid = os.fork()

[2025-05-24T18:02:30.733-0600] {standard_task_runner.py:72} INFO - Started process 23070 to run task
[2025-05-24T18:02:30.735-0600] {standard_task_runner.py:104} INFO - Running: ['***', 'tasks', 'run', 'libertyPr_health_score', 'filter_duplicates', 'scheduled__2025-05-24T00:00:00+00:00', '--job-id', '58', '--raw', '--subdir', 'DAGS_FOLDER/health_score_lpr.py', '--cfg-path', '/tmp/tmpq5xo__j0']
[2025-05-24T18:02:30.739-0600] {standard_task_runner.py:105} INFO - Job 58: Subtask filter_duplicates
[2025-05-24T18:02:30.850-0600] {task_command.py:467} INFO - Running <TaskInstance: libertyPr_health_score.filter_duplicates scheduled__2025-05-24T00:00:00+00:00 [running]> on host 439130e6349d
[2025-05-24T18:02:31.011-0600] {taskinstance.py:3134} INFO - Exporting env vars: AIRFLOW_CTX_DAG_OWNER='***' AIRFLOW_CTX_DAG_ID='libertyPr_health_score' AIRFLOW_CTX_TASK_ID='filter_duplicates' AIRFLOW_CTX_EXECUTION_DATE='2025-05-24T00:00:00+00:00' AIRFLOW_CTX_TRY_NUMBER='1' AIRFLOW_CTX_DAG_RUN_ID='scheduled__2025-05-24T00:00:00+00:00'
[2025-05-24T18:02:31.015-0600] {taskinstance.py:732} INFO - ::endgroup::
[2025-05-24T18:02:37.711-0600] {logging_mixin.py:190} INFO - 📊 Found 477431 unique cable modems after removing cloned.
[2025-05-24T18:02:53.722-0600] {logging_mixin.py:190} INFO - 🧹 Filtered out 195 CM_MACs that appeared more than 8 times.
[2025-05-24T18:02:53.722-0600] {logging_mixin.py:190} INFO - 📝 Remaining records: 1778526
[2025-05-24T18:02:53.867-0600] {python.py:240} INFO - Done. Returned value was: None
[2025-05-24T18:02:53.888-0600] {taskinstance.py:341} INFO - ::group::Post task execution logs
[2025-05-24T18:02:53.889-0600] {taskinstance.py:353} INFO - Marking task as SUCCESS. dag_id=libertyPr_health_score, task_id=filter_duplicates, run_id=scheduled__2025-05-24T00:00:00+00:00, execution_date=20250524T000000, start_date=20250525T000230, end_date=20250525T000253
[2025-05-24T18:02:53.987-0600] {local_task_job_runner.py:266} INFO - Task exited with return code 0
[2025-05-24T18:02:54.033-0600] {taskinstance.py:3901} INFO - 1 downstream tasks scheduled from follow-on schedule check
[2025-05-24T18:02:54.037-0600] {local_task_job_runner.py:245} INFO - ::endgroup::
